[0.674s] Invoking command in '/home/dmpasgal/Clothy/build/turtlebot3_gazebo': CMAKE_PREFIX_PATH=${CMAKE_PREFIX_PATH}:/home/dmpasgal/Clothy/install/show_msg:/home/dmpasgal/Clothy/install/provide_map:/home/dmpasgal/Clothy/install/my_slam:/home/dmpasgal/turtlebot3_ws/install/show_msg:/home/dmpasgal/turtlebot3_ws/install/my_first_subscriber:/home/dmpasgal/turtlebot3_ws/install/my_first_publisher:/home/dmpasgal/turtlebot3_ws/install/my_first_node:/home/dmpasgal/turtlebot3_ws/src/install/show_msg:/opt/ros/galactic /usr/bin/cmake --build /home/dmpasgal/Clothy/build/turtlebot3_gazebo -- -j4 -l4
[0.853s] [ 25%] Built target obstacles
[0.898s] [ 37%] [32mBuilding CXX object CMakeFiles/obstacle1.dir/models/turtlebot3_dqn_world/obstacle_plugin/obstacle1.cc.o[0m
[8.483s] [ 50%] [32m[1mLinking CXX shared library libobstacle1.so[0m
[8.663s] [ 50%] Built target obstacle1
[8.699s] [ 75%] Built target turtlebot3_drive
[8.731s] [100%] Built target obstacle2
[8.740s] Invoked command in '/home/dmpasgal/Clothy/build/turtlebot3_gazebo' returned '0': CMAKE_PREFIX_PATH=${CMAKE_PREFIX_PATH}:/home/dmpasgal/Clothy/install/show_msg:/home/dmpasgal/Clothy/install/provide_map:/home/dmpasgal/Clothy/install/my_slam:/home/dmpasgal/turtlebot3_ws/install/show_msg:/home/dmpasgal/turtlebot3_ws/install/my_first_subscriber:/home/dmpasgal/turtlebot3_ws/install/my_first_publisher:/home/dmpasgal/turtlebot3_ws/install/my_first_node:/home/dmpasgal/turtlebot3_ws/src/install/show_msg:/opt/ros/galactic /usr/bin/cmake --build /home/dmpasgal/Clothy/build/turtlebot3_gazebo -- -j4 -l4
[8.781s] Invoking command in '/home/dmpasgal/Clothy/build/turtlebot3_gazebo': CMAKE_PREFIX_PATH=${CMAKE_PREFIX_PATH}:/home/dmpasgal/Clothy/install/show_msg:/home/dmpasgal/Clothy/install/provide_map:/home/dmpasgal/Clothy/install/my_slam:/home/dmpasgal/turtlebot3_ws/install/show_msg:/home/dmpasgal/turtlebot3_ws/install/my_first_subscriber:/home/dmpasgal/turtlebot3_ws/install/my_first_publisher:/home/dmpasgal/turtlebot3_ws/install/my_first_node:/home/dmpasgal/turtlebot3_ws/src/install/show_msg:/opt/ros/galactic /usr/bin/cmake --install /home/dmpasgal/Clothy/build/turtlebot3_gazebo
[8.795s] -- Install configuration: ""
[8.795s] -- Installing: /home/dmpasgal/Clothy/install/turtlebot3_gazebo/lib/turtlebot3_gazebo/turtlebot3_drive
[8.809s] -- Set runtime path of "/home/dmpasgal/Clothy/install/turtlebot3_gazebo/lib/turtlebot3_gazebo/turtlebot3_drive" to ""
[8.809s] -- Installing: /home/dmpasgal/Clothy/install/turtlebot3_gazebo/share/turtlebot3_gazebo//launch
[8.809s] -- Installing: /home/dmpasgal/Clothy/install/turtlebot3_gazebo/share/turtlebot3_gazebo//launch/empty_world.launch.py
[8.810s] -- Installing: /home/dmpasgal/Clothy/install/turtlebot3_gazebo/share/turtlebot3_gazebo//launch/spawn_turtlebot3.launch.py
[8.810s] -- Installing: /home/dmpasgal/Clothy/install/turtlebot3_gazebo/share/turtlebot3_gazebo//launch/turtlebot3_house.launch.py
[8.811s] -- Installing: /home/dmpasgal/Clothy/install/turtlebot3_gazebo/share/turtlebot3_gazebo//launch/turtlebot3_dqn_stage1.launch.py
[8.811s] -- Installing: /home/dmpasgal/Clothy/install/turtlebot3_gazebo/share/turtlebot3_gazebo//launch/turtlebot3_dqn_stage2.launch.py
[8.812s] -- Installing: /home/dmpasgal/Clothy/install/turtlebot3_gazebo/share/turtlebot3_gazebo//launch/turtlebot3_dqn_stage3.launch.py
[8.812s] -- Installing: /home/dmpasgal/Clothy/install/turtlebot3_gazebo/share/turtlebot3_gazebo//launch/turtlebot3_dqn_stage4.launch.py
[8.813s] -- Installing: /home/dmpasgal/Clothy/install/turtlebot3_gazebo/share/turtlebot3_gazebo//launch/turtlebot3_world.launch.py
[8.813s] -- Installing: /home/dmpasgal/Clothy/install/turtlebot3_gazebo/share/turtlebot3_gazebo//launch/robot_state_publisher.launch.py
[8.813s] -- Installing: /home/dmpasgal/Clothy/install/turtlebot3_gazebo/share/turtlebot3_gazebo//models
[8.813s] -- Installing: /home/dmpasgal/Clothy/install/turtlebot3_gazebo/share/turtlebot3_gazebo//models/turtlebot3_dqn_world
[8.814s] -- Installing: /home/dmpasgal/Clothy/install/turtlebot3_gazebo/share/turtlebot3_gazebo//models/turtlebot3_dqn_world/obstacle2
[8.814s] -- Installing: /home/dmpasgal/Clothy/install/turtlebot3_gazebo/share/turtlebot3_gazebo//models/turtlebot3_dqn_world/obstacle2/model.sdf
[8.814s] -- Installing: /home/dmpasgal/Clothy/install/turtlebot3_gazebo/share/turtlebot3_gazebo//models/turtlebot3_dqn_world/obstacle2/model.config
[8.815s] -- Installing: /home/dmpasgal/Clothy/install/turtlebot3_gazebo/share/turtlebot3_gazebo//models/turtlebot3_dqn_world/inner_walls
[8.815s] -- Installing: /home/dmpasgal/Clothy/install/turtlebot3_gazebo/share/turtlebot3_gazebo//models/turtlebot3_dqn_world/inner_walls/model.sdf
[8.816s] -- Installing: /home/dmpasgal/Clothy/install/turtlebot3_gazebo/share/turtlebot3_gazebo//models/turtlebot3_dqn_world/inner_walls/model.config
[8.816s] -- Installing: /home/dmpasgal/Clothy/install/turtlebot3_gazebo/share/turtlebot3_gazebo//models/turtlebot3_dqn_world/obstacles
[8.816s] -- Installing: /home/dmpasgal/Clothy/install/turtlebot3_gazebo/share/turtlebot3_gazebo//models/turtlebot3_dqn_world/obstacles/model.sdf
[8.817s] -- Installing: /home/dmpasgal/Clothy/install/turtlebot3_gazebo/share/turtlebot3_gazebo//models/turtlebot3_dqn_world/obstacles/model.config
[8.817s] -- Installing: /home/dmpasgal/Clothy/install/turtlebot3_gazebo/share/turtlebot3_gazebo//models/turtlebot3_dqn_world/goal_box
[8.818s] -- Installing: /home/dmpasgal/Clothy/install/turtlebot3_gazebo/share/turtlebot3_gazebo//models/turtlebot3_dqn_world/goal_box/model.sdf
[8.818s] -- Installing: /home/dmpasgal/Clothy/install/turtlebot3_gazebo/share/turtlebot3_gazebo//models/turtlebot3_dqn_world/goal_box/model.config
[8.819s] -- Installing: /home/dmpasgal/Clothy/install/turtlebot3_gazebo/share/turtlebot3_gazebo//models/turtlebot3_dqn_world/obstacle_plugin
[8.819s] -- Installing: /home/dmpasgal/Clothy/install/turtlebot3_gazebo/share/turtlebot3_gazebo//models/turtlebot3_dqn_world/obstacle_plugin/obstacle1.cc
[8.819s] -- Installing: /home/dmpasgal/Clothy/install/turtlebot3_gazebo/share/turtlebot3_gazebo//models/turtlebot3_dqn_world/obstacle_plugin/CMakeLists.txt
[8.819s] -- Installing: /home/dmpasgal/Clothy/install/turtlebot3_gazebo/share/turtlebot3_gazebo//models/turtlebot3_dqn_world/obstacle_plugin/obstacle2.cc
[8.819s] -- Installing: /home/dmpasgal/Clothy/install/turtlebot3_gazebo/share/turtlebot3_gazebo//models/turtlebot3_dqn_world/obstacle_plugin/obstacles.cc
[8.820s] -- Installing: /home/dmpasgal/Clothy/install/turtlebot3_gazebo/share/turtlebot3_gazebo//models/turtlebot3_dqn_world/model.sdf
[8.821s] -- Installing: /home/dmpasgal/Clothy/install/turtlebot3_gazebo/share/turtlebot3_gazebo//models/turtlebot3_dqn_world/model.config
[8.821s] -- Installing: /home/dmpasgal/Clothy/install/turtlebot3_gazebo/share/turtlebot3_gazebo//models/turtlebot3_dqn_world/obstacle1
[8.821s] -- Installing: /home/dmpasgal/Clothy/install/turtlebot3_gazebo/share/turtlebot3_gazebo//models/turtlebot3_dqn_world/obstacle1/model.sdf
[8.822s] -- Installing: /home/dmpasgal/Clothy/install/turtlebot3_gazebo/share/turtlebot3_gazebo//models/turtlebot3_dqn_world/obstacle1/model.config
[8.822s] -- Installing: /home/dmpasgal/Clothy/install/turtlebot3_gazebo/share/turtlebot3_gazebo//models/turtlebot3_world
[8.822s] -- Installing: /home/dmpasgal/Clothy/install/turtlebot3_gazebo/share/turtlebot3_gazebo//models/turtlebot3_world/meshes
[8.823s] -- Installing: /home/dmpasgal/Clothy/install/turtlebot3_gazebo/share/turtlebot3_gazebo//models/turtlebot3_world/meshes/hexagon.dae
[8.823s] -- Installing: /home/dmpasgal/Clothy/install/turtlebot3_gazebo/share/turtlebot3_gazebo//models/turtlebot3_world/meshes/wall.dae
[8.823s] -- Installing: /home/dmpasgal/Clothy/install/turtlebot3_gazebo/share/turtlebot3_gazebo//models/turtlebot3_world/model.sdf
[8.824s] -- Installing: /home/dmpasgal/Clothy/install/turtlebot3_gazebo/share/turtlebot3_gazebo//models/turtlebot3_world/model.config
[8.824s] -- Installing: /home/dmpasgal/Clothy/install/turtlebot3_gazebo/share/turtlebot3_gazebo//models/turtlebot3_world/model-1_4.sdf
[8.825s] -- Installing: /home/dmpasgal/Clothy/install/turtlebot3_gazebo/share/turtlebot3_gazebo//models/turtlebot3_house
[8.825s] -- Installing: /home/dmpasgal/Clothy/install/turtlebot3_gazebo/share/turtlebot3_gazebo//models/turtlebot3_house/model.sdf
[8.827s] -- Installing: /home/dmpasgal/Clothy/install/turtlebot3_gazebo/share/turtlebot3_gazebo//models/turtlebot3_house/model.config
[8.827s] -- Installing: /home/dmpasgal/Clothy/install/turtlebot3_gazebo/share/turtlebot3_gazebo//models/turtlebot3_waffle
[8.828s] -- Installing: /home/dmpasgal/Clothy/install/turtlebot3_gazebo/share/turtlebot3_gazebo//models/turtlebot3_waffle/model.sdf
[8.828s] -- Installing: /home/dmpasgal/Clothy/install/turtlebot3_gazebo/share/turtlebot3_gazebo//models/turtlebot3_waffle/model.config
[8.829s] -- Installing: /home/dmpasgal/Clothy/install/turtlebot3_gazebo/share/turtlebot3_gazebo//models/turtlebot3_waffle/model-1_4.sdf
[8.829s] -- Installing: /home/dmpasgal/Clothy/install/turtlebot3_gazebo/share/turtlebot3_gazebo//models/turtlebot3_waffle_pi
[8.829s] -- Installing: /home/dmpasgal/Clothy/install/turtlebot3_gazebo/share/turtlebot3_gazebo//models/turtlebot3_waffle_pi/model.sdf
[8.830s] -- Installing: /home/dmpasgal/Clothy/install/turtlebot3_gazebo/share/turtlebot3_gazebo//models/turtlebot3_waffle_pi/model.config
[8.830s] -- Installing: /home/dmpasgal/Clothy/install/turtlebot3_gazebo/share/turtlebot3_gazebo//models/turtlebot3_waffle_pi/model-1_4_.sdf
[8.831s] -- Installing: /home/dmpasgal/Clothy/install/turtlebot3_gazebo/share/turtlebot3_gazebo//models/turtlebot3_common
[8.831s] -- Installing: /home/dmpasgal/Clothy/install/turtlebot3_gazebo/share/turtlebot3_gazebo//models/turtlebot3_common/meshes
[8.832s] -- Installing: /home/dmpasgal/Clothy/install/turtlebot3_gazebo/share/turtlebot3_gazebo//models/turtlebot3_common/meshes/waffle_base.dae
[8.832s] -- Installing: /home/dmpasgal/Clothy/install/turtlebot3_gazebo/share/turtlebot3_gazebo//models/turtlebot3_common/meshes/lds.dae
[8.833s] -- Installing: /home/dmpasgal/Clothy/install/turtlebot3_gazebo/share/turtlebot3_gazebo//models/turtlebot3_common/meshes/r200.dae
[8.835s] -- Installing: /home/dmpasgal/Clothy/install/turtlebot3_gazebo/share/turtlebot3_gazebo//models/turtlebot3_common/meshes/tire.dae
[8.835s] -- Installing: /home/dmpasgal/Clothy/install/turtlebot3_gazebo/share/turtlebot3_gazebo//models/turtlebot3_common/meshes/burger_base.dae
[8.836s] -- Installing: /home/dmpasgal/Clothy/install/turtlebot3_gazebo/share/turtlebot3_gazebo//models/turtlebot3_common/meshes/waffle_pi_base.dae
[8.836s] -- Installing: /home/dmpasgal/Clothy/install/turtlebot3_gazebo/share/turtlebot3_gazebo//models/turtlebot3_common/model.config
[8.837s] -- Installing: /home/dmpasgal/Clothy/install/turtlebot3_gazebo/share/turtlebot3_gazebo//models/turtlebot3_burger
[8.837s] -- Installing: /home/dmpasgal/Clothy/install/turtlebot3_gazebo/share/turtlebot3_gazebo//models/turtlebot3_burger/model.sdf
[8.838s] -- Installing: /home/dmpasgal/Clothy/install/turtlebot3_gazebo/share/turtlebot3_gazebo//models/turtlebot3_burger/model.config
[8.838s] -- Installing: /home/dmpasgal/Clothy/install/turtlebot3_gazebo/share/turtlebot3_gazebo//models/turtlebot3_burger/model-1_4.sdf
[8.838s] -- Installing: /home/dmpasgal/Clothy/install/turtlebot3_gazebo/share/turtlebot3_gazebo//rviz
[8.839s] -- Installing: /home/dmpasgal/Clothy/install/turtlebot3_gazebo/share/turtlebot3_gazebo//rviz/tb3_gazebo.rviz
[8.839s] -- Installing: /home/dmpasgal/Clothy/install/turtlebot3_gazebo/share/turtlebot3_gazebo//urdf
[8.840s] -- Installing: /home/dmpasgal/Clothy/install/turtlebot3_gazebo/share/turtlebot3_gazebo//urdf/common_properties.urdf
[8.840s] -- Installing: /home/dmpasgal/Clothy/install/turtlebot3_gazebo/share/turtlebot3_gazebo//urdf/turtlebot3_waffle_pi.urdf
[8.841s] -- Installing: /home/dmpasgal/Clothy/install/turtlebot3_gazebo/share/turtlebot3_gazebo//urdf/turtlebot3_burger.urdf
[8.841s] -- Installing: /home/dmpasgal/Clothy/install/turtlebot3_gazebo/share/turtlebot3_gazebo//urdf/turtlebot3_waffle.urdf
[8.842s] -- Installing: /home/dmpasgal/Clothy/install/turtlebot3_gazebo/share/turtlebot3_gazebo//worlds
[8.842s] -- Installing: /home/dmpasgal/Clothy/install/turtlebot3_gazebo/share/turtlebot3_gazebo//worlds/empty_world.world
[8.843s] -- Installing: /home/dmpasgal/Clothy/install/turtlebot3_gazebo/share/turtlebot3_gazebo//worlds/turtlebot3_world.world
[8.843s] -- Installing: /home/dmpasgal/Clothy/install/turtlebot3_gazebo/share/turtlebot3_gazebo//worlds/turtlebot3_house.world
[8.844s] -- Installing: /home/dmpasgal/Clothy/install/turtlebot3_gazebo/share/turtlebot3_gazebo//worlds/turtlebot3_dqn_stage4.world
[8.844s] -- Installing: /home/dmpasgal/Clothy/install/turtlebot3_gazebo/share/turtlebot3_gazebo//worlds/turtlebot3_dqn_stage3.world
[8.845s] -- Installing: /home/dmpasgal/Clothy/install/turtlebot3_gazebo/share/turtlebot3_gazebo//worlds/turtlebot3_dqn_stage2.world
[8.845s] -- Installing: /home/dmpasgal/Clothy/install/turtlebot3_gazebo/share/turtlebot3_gazebo//worlds/turtlebot3_dqn_stage1.world
[8.846s] -- Installing: /home/dmpasgal/Clothy/install/turtlebot3_gazebo/include/
[8.846s] -- Installing: /home/dmpasgal/Clothy/install/turtlebot3_gazebo/include//turtlebot3_gazebo
[8.846s] -- Installing: /home/dmpasgal/Clothy/install/turtlebot3_gazebo/include//turtlebot3_gazebo/turtlebot3_drive.hpp
[8.846s] -- Installing: /home/dmpasgal/Clothy/install/turtlebot3_gazebo/share/ament_index/resource_index/package_run_dependencies/turtlebot3_gazebo
[8.847s] -- Installing: /home/dmpasgal/Clothy/install/turtlebot3_gazebo/share/ament_index/resource_index/parent_prefix_path/turtlebot3_gazebo
[8.848s] -- Installing: /home/dmpasgal/Clothy/install/turtlebot3_gazebo/share/turtlebot3_gazebo/environment/ament_prefix_path.sh
[8.848s] -- Installing: /home/dmpasgal/Clothy/install/turtlebot3_gazebo/share/turtlebot3_gazebo/environment/ament_prefix_path.dsv
[8.849s] -- Installing: /home/dmpasgal/Clothy/install/turtlebot3_gazebo/share/turtlebot3_gazebo/environment/path.sh
[8.850s] -- Installing: /home/dmpasgal/Clothy/install/turtlebot3_gazebo/share/turtlebot3_gazebo/environment/path.dsv
[8.850s] -- Installing: /home/dmpasgal/Clothy/install/turtlebot3_gazebo/share/turtlebot3_gazebo/local_setup.bash
[8.851s] -- Installing: /home/dmpasgal/Clothy/install/turtlebot3_gazebo/share/turtlebot3_gazebo/local_setup.sh
[8.851s] -- Installing: /home/dmpasgal/Clothy/install/turtlebot3_gazebo/share/turtlebot3_gazebo/local_setup.zsh
[8.851s] -- Installing: /home/dmpasgal/Clothy/install/turtlebot3_gazebo/share/turtlebot3_gazebo/local_setup.dsv
[8.852s] -- Installing: /home/dmpasgal/Clothy/install/turtlebot3_gazebo/share/turtlebot3_gazebo/package.dsv
[8.853s] -- Installing: /home/dmpasgal/Clothy/install/turtlebot3_gazebo/share/ament_index/resource_index/packages/turtlebot3_gazebo
[8.853s] -- Installing: /home/dmpasgal/Clothy/install/turtlebot3_gazebo/share/turtlebot3_gazebo/cmake/ament_cmake_export_include_directories-extras.cmake
[8.853s] -- Installing: /home/dmpasgal/Clothy/install/turtlebot3_gazebo/share/turtlebot3_gazebo/cmake/ament_cmake_export_dependencies-extras.cmake
[8.854s] -- Installing: /home/dmpasgal/Clothy/install/turtlebot3_gazebo/share/turtlebot3_gazebo/cmake/turtlebot3_gazeboConfig.cmake
[8.854s] -- Installing: /home/dmpasgal/Clothy/install/turtlebot3_gazebo/share/turtlebot3_gazebo/cmake/turtlebot3_gazeboConfig-version.cmake
[8.855s] -- Installing: /home/dmpasgal/Clothy/install/turtlebot3_gazebo/share/turtlebot3_gazebo/package.xml
[8.857s] Invoked command in '/home/dmpasgal/Clothy/build/turtlebot3_gazebo' returned '0': CMAKE_PREFIX_PATH=${CMAKE_PREFIX_PATH}:/home/dmpasgal/Clothy/install/show_msg:/home/dmpasgal/Clothy/install/provide_map:/home/dmpasgal/Clothy/install/my_slam:/home/dmpasgal/turtlebot3_ws/install/show_msg:/home/dmpasgal/turtlebot3_ws/install/my_first_subscriber:/home/dmpasgal/turtlebot3_ws/install/my_first_publisher:/home/dmpasgal/turtlebot3_ws/install/my_first_node:/home/dmpasgal/turtlebot3_ws/src/install/show_msg:/opt/ros/galactic /usr/bin/cmake --install /home/dmpasgal/Clothy/build/turtlebot3_gazebo
