[0.802s] Invoking command in '/home/cmarrod3/turtlebot3_ws/src/my_first_node': PS1=(rosenv) \[\e]0;\u@\h: \w\a\]${debian_chroot:+($debian_chroot)}\[\033[01;32m\]\u@\h\[\033[00m\]:\[\033[01;34m\]\w\[\033[00m\]\$ PYTHONPATH=/home/cmarrod3/turtlebot3_ws/build/my_first_node/prefix_override:/home/cmarrod3/turtlebot3_ws/install/my_first_node/lib/python3.8/site-packages:${PYTHONPATH} /usr/bin/python3 setup.py egg_info --egg-base ../../build/my_first_node build --build-base /home/cmarrod3/turtlebot3_ws/build/my_first_node/build install --record /home/cmarrod3/turtlebot3_ws/build/my_first_node/install.log --single-version-externally-managed
[0.951s] running egg_info
[0.952s] writing ../../build/my_first_node/my_first_node.egg-info/PKG-INFO
[0.952s] writing dependency_links to ../../build/my_first_node/my_first_node.egg-info/dependency_links.txt
[0.952s] writing entry points to ../../build/my_first_node/my_first_node.egg-info/entry_points.txt
[0.952s] writing requirements to ../../build/my_first_node/my_first_node.egg-info/requires.txt
[0.952s] writing top-level names to ../../build/my_first_node/my_first_node.egg-info/top_level.txt
[0.978s] reading manifest file '../../build/my_first_node/my_first_node.egg-info/SOURCES.txt'
[0.979s] writing manifest file '../../build/my_first_node/my_first_node.egg-info/SOURCES.txt'
[0.979s] running build
[0.979s] running build_py
[0.979s] running install
[0.979s] running install_lib
[0.980s] running install_data
[0.981s] running install_egg_info
[0.982s] removing '/home/cmarrod3/turtlebot3_ws/install/my_first_node/lib/python3.8/site-packages/my_first_node-0.0.0-py3.8.egg-info' (and everything under it)
[0.983s] Copying ../../build/my_first_node/my_first_node.egg-info to /home/cmarrod3/turtlebot3_ws/install/my_first_node/lib/python3.8/site-packages/my_first_node-0.0.0-py3.8.egg-info
[0.983s] running install_scripts
[0.995s] Installing simple_node script to /home/cmarrod3/turtlebot3_ws/install/my_first_node/lib/my_first_node
[0.995s] writing list of installed files to '/home/cmarrod3/turtlebot3_ws/build/my_first_node/install.log'
[1.010s] Invoked command in '/home/cmarrod3/turtlebot3_ws/src/my_first_node' returned '0': PS1=(rosenv) \[\e]0;\u@\h: \w\a\]${debian_chroot:+($debian_chroot)}\[\033[01;32m\]\u@\h\[\033[00m\]:\[\033[01;34m\]\w\[\033[00m\]\$ PYTHONPATH=/home/cmarrod3/turtlebot3_ws/build/my_first_node/prefix_override:/home/cmarrod3/turtlebot3_ws/install/my_first_node/lib/python3.8/site-packages:${PYTHONPATH} /usr/bin/python3 setup.py egg_info --egg-base ../../build/my_first_node build --build-base /home/cmarrod3/turtlebot3_ws/build/my_first_node/build install --record /home/cmarrod3/turtlebot3_ws/build/my_first_node/install.log --single-version-externally-managed
