[1.856s] Invoking command in '/home/dmpasgal/Clothy/ROS/turtlebot3_ws/src/my_slam': PYTHONPATH=/home/dmpasgal/Clothy/ROS/turtlebot3_ws/src/build/my_slam/prefix_override:/home/dmpasgal/Clothy/ROS/turtlebot3_ws/src/install/my_slam/lib/python3.8/site-packages:${PYTHONPATH} /usr/bin/python3 setup.py egg_info --egg-base ../build/my_slam build --build-base /home/dmpasgal/Clothy/ROS/turtlebot3_ws/src/build/my_slam/build install --record /home/dmpasgal/Clothy/ROS/turtlebot3_ws/src/build/my_slam/install.log --single-version-externally-managed
[2.766s] running egg_info
[2.766s] writing ../build/my_slam/my_slam.egg-info/PKG-INFO
[2.766s] writing dependency_links to ../build/my_slam/my_slam.egg-info/dependency_links.txt
[2.766s] writing entry points to ../build/my_slam/my_slam.egg-info/entry_points.txt
[2.766s] writing requirements to ../build/my_slam/my_slam.egg-info/requires.txt
[2.766s] writing top-level names to ../build/my_slam/my_slam.egg-info/top_level.txt
[2.847s] reading manifest file '../build/my_slam/my_slam.egg-info/SOURCES.txt'
[2.857s] writing manifest file '../build/my_slam/my_slam.egg-info/SOURCES.txt'
[2.857s] running build
[2.857s] running build_py
[2.864s] running install
[2.866s] running install_lib
[2.870s] running install_data
[2.881s] running install_egg_info
[2.887s] removing '/home/dmpasgal/Clothy/ROS/turtlebot3_ws/src/install/my_slam/lib/python3.8/site-packages/my_slam-0.0.0-py3.8.egg-info' (and everything under it)
[2.887s] Copying ../build/my_slam/my_slam.egg-info to /home/dmpasgal/Clothy/ROS/turtlebot3_ws/src/install/my_slam/lib/python3.8/site-packages/my_slam-0.0.0-py3.8.egg-info
[2.889s] running install_scripts
[2.947s] writing list of installed files to '/home/dmpasgal/Clothy/ROS/turtlebot3_ws/src/build/my_slam/install.log'
[2.980s] Invoked command in '/home/dmpasgal/Clothy/ROS/turtlebot3_ws/src/my_slam' returned '0': PYTHONPATH=/home/dmpasgal/Clothy/ROS/turtlebot3_ws/src/build/my_slam/prefix_override:/home/dmpasgal/Clothy/ROS/turtlebot3_ws/src/install/my_slam/lib/python3.8/site-packages:${PYTHONPATH} /usr/bin/python3 setup.py egg_info --egg-base ../build/my_slam build --build-base /home/dmpasgal/Clothy/ROS/turtlebot3_ws/src/build/my_slam/build install --record /home/dmpasgal/Clothy/ROS/turtlebot3_ws/src/build/my_slam/install.log --single-version-externally-managed
