[0.105s] Invoking command in '/home/cmarrod3/turtlebot3_ws/build/custom_interface': CMAKE_PREFIX_PATH=${CMAKE_PREFIX_PATH}:/home/cmarrod3/turtlebot3_ws/install/show_msg:/home/cmarrod3/turtlebot3_ws/install/my_first_subscriber:/home/cmarrod3/turtlebot3_ws/install/my_first_publisher:/home/cmarrod3/turtlebot3_ws/install/my_first_node:/opt/ros/galactic /usr/bin/cmake --build /home/cmarrod3/turtlebot3_ws/build/custom_interface -- -j2 -l2
[0.176s] -- Found ament_cmake: 1.1.6 (/opt/ros/galactic/share/ament_cmake/cmake)
[0.197s] -- Found PythonInterp: /usr/bin/python3 (found suitable version "3.8.10", minimum required is "3") 
[0.197s] -- Using PYTHON_EXECUTABLE: /usr/bin/python3
[0.258s] -- Found rclcpp: 9.2.2 (/opt/ros/galactic/share/rclcpp/cmake)
[0.312s] -- Using all available rosidl_typesupport_c: rosidl_typesupport_fastrtps_c;rosidl_typesupport_introspection_c
[0.316s] -- Found rosidl_adapter: 2.2.3 (/opt/ros/galactic/share/rosidl_adapter/cmake)
[0.438s] -- Using all available rosidl_typesupport_cpp: rosidl_typesupport_fastrtps_cpp;rosidl_typesupport_introspection_cpp
[0.492s] -- Found rmw_implementation_cmake: 3.3.1 (/opt/ros/galactic/share/rmw_implementation_cmake/cmake)
[0.494s] -- Found rmw_cyclonedds_cpp: 0.22.6 (/opt/ros/galactic/share/rmw_cyclonedds_cpp/cmake)
[0.511s] -- Using RMW implementation 'rmw_cyclonedds_cpp' as default
[0.626s] -- Found rosidl_default_generators: 1.1.1 (/opt/ros/galactic/share/rosidl_default_generators/cmake)
[0.636s] -- Found ament_lint_auto: 0.10.7 (/opt/ros/galactic/share/ament_lint_auto/cmake)
[0.715s] -- Found PythonInterp: /usr/bin/python3 (found version "3.8.10") 
[0.774s] -- Found ament_cmake_ros: 0.9.2 (/opt/ros/galactic/share/ament_cmake_ros/cmake)
[0.860s] -- Using all available rosidl_typesupport_c: rosidl_typesupport_fastrtps_c;rosidl_typesupport_introspection_c
[0.868s] -- Using all available rosidl_typesupport_cpp: rosidl_typesupport_fastrtps_cpp;rosidl_typesupport_introspection_cpp
[0.893s] -- Found PythonInterp: /usr/bin/python3 (found suitable version "3.8.10", minimum required is "3.5") 
[0.894s] -- Found python_cmake_module: 0.8.1 (/opt/ros/galactic/share/python_cmake_module/cmake)
[0.913s] -- Using PYTHON_EXECUTABLE: /usr/bin/python3
[0.913s] -- Using PYTHON_INCLUDE_DIRS: /usr/include/python3.8
[0.913s] -- Using PYTHON_LIBRARIES: /usr/lib/x86_64-linux-gnu/libpython3.8.so
[0.931s] -- Added test 'copyright' to check source files copyright and LICENSE
[0.934s] -- Added test 'lint_cmake' to check CMake code style
[0.935s] -- Added test 'xmllint' to check XML markup files
[0.945s] -- Configuring done
[0.993s] -- Generating done
[0.995s] -- Build files have been written to: /home/cmarrod3/turtlebot3_ws/build/custom_interface
[1.017s] [  2%] [34m[1mGenerating C code for ROS interfaces[0m
[1.017s] [35m[1mScanning dependencies of target custom_interface__cpp[0m
[1.028s] [  5%] [34m[1mGenerating C++ code for ROS interfaces[0m
[1.300s] [  5%] Built target custom_interface__cpp
[1.315s] [  7%] [34m[1mGenerating C++ introspection for ROS interfaces[0m
[1.336s] [35m[1mScanning dependencies of target custom_interface__rosidl_generator_c[0m
[1.366s] [ 10%] [32mBuilding C object CMakeFiles/custom_interface__rosidl_generator_c.dir/rosidl_generator_c/custom_interface/msg/detail/distvel__functions.c.o[0m
[1.527s] [ 12%] [32mBuilding C object CMakeFiles/custom_interface__rosidl_generator_c.dir/rosidl_generator_c/custom_interface/srv/detail/my_move_msg__functions.c.o[0m
[1.579s] [ 15%] [32m[1mLinking C shared library libcustom_interface__rosidl_generator_c.so[0m
[1.622s] [ 15%] Built target custom_interface__rosidl_generator_c
[1.632s] [ 17%] [34m[1mGenerating C++ type support dispatch for ROS interfaces[0m
[1.634s] [35m[1mScanning dependencies of target custom_interface__rosidl_typesupport_introspection_cpp[0m
[1.648s] [ 20%] [32mBuilding CXX object CMakeFiles/custom_interface__rosidl_typesupport_introspection_cpp.dir/rosidl_typesupport_introspection_cpp/custom_interface/msg/detail/distvel__type_support.cpp.o[0m
[1.867s] [35m[1mScanning dependencies of target custom_interface__rosidl_typesupport_cpp[0m
[1.876s] [ 23%] [32mBuilding CXX object CMakeFiles/custom_interface__rosidl_typesupport_cpp.dir/rosidl_typesupport_cpp/custom_interface/msg/distvel__type_support.cpp.o[0m
[1.976s] [ 25%] [32mBuilding CXX object CMakeFiles/custom_interface__rosidl_typesupport_introspection_cpp.dir/rosidl_typesupport_introspection_cpp/custom_interface/srv/detail/my_move_msg__type_support.cpp.o[0m
[2.053s] [ 28%] [32mBuilding CXX object CMakeFiles/custom_interface__rosidl_typesupport_cpp.dir/rosidl_typesupport_cpp/custom_interface/srv/my_move_msg__type_support.cpp.o[0m
[2.161s] [ 30%] [32m[1mLinking CXX shared library libcustom_interface__rosidl_typesupport_introspection_cpp.so[0m
[2.220s] [ 30%] Built target custom_interface__rosidl_typesupport_introspection_cpp
[2.230s] [ 33%] [34m[1mGenerating C++ type support for eProsima Fast-RTPS[0m
[2.238s] [ 35%] [32m[1mLinking CXX shared library libcustom_interface__rosidl_typesupport_cpp.so[0m
[2.274s] [ 35%] Built target custom_interface__rosidl_typesupport_cpp
[2.283s] [ 38%] [34m[1mGenerating C introspection for ROS interfaces[0m
[2.542s] [35m[1mScanning dependencies of target custom_interface__rosidl_typesupport_fastrtps_cpp[0m
[2.575s] [ 41%] [32mBuilding CXX object CMakeFiles/custom_interface__rosidl_typesupport_fastrtps_cpp.dir/rosidl_typesupport_fastrtps_cpp/custom_interface/msg/detail/dds_fastrtps/distvel__type_support.cpp.o[0m
[2.601s] [35m[1mScanning dependencies of target custom_interface__rosidl_typesupport_introspection_c[0m
[2.628s] [ 43%] [32mBuilding C object CMakeFiles/custom_interface__rosidl_typesupport_introspection_c.dir/rosidl_typesupport_introspection_c/custom_interface/msg/detail/distvel__type_support.c.o[0m
[2.655s] [ 46%] [32mBuilding C object CMakeFiles/custom_interface__rosidl_typesupport_introspection_c.dir/rosidl_typesupport_introspection_c/custom_interface/srv/detail/my_move_msg__type_support.c.o[0m
[2.690s] [ 48%] [32m[1mLinking C shared library libcustom_interface__rosidl_typesupport_introspection_c.so[0m
[2.715s] [ 48%] Built target custom_interface__rosidl_typesupport_introspection_c
[2.730s] [ 51%] [34m[1mGenerating C type support dispatch for ROS interfaces[0m
[2.860s] [ 53%] [32mBuilding CXX object CMakeFiles/custom_interface__rosidl_typesupport_fastrtps_cpp.dir/rosidl_typesupport_fastrtps_cpp/custom_interface/srv/detail/dds_fastrtps/my_move_msg__type_support.cpp.o[0m
[2.943s] [35m[1mScanning dependencies of target custom_interface__rosidl_typesupport_c[0m
[2.954s] [ 56%] [32mBuilding CXX object CMakeFiles/custom_interface__rosidl_typesupport_c.dir/rosidl_typesupport_c/custom_interface/msg/distvel__type_support.cpp.o[0m
[2.982s] [ 58%] [32mBuilding CXX object CMakeFiles/custom_interface__rosidl_typesupport_c.dir/rosidl_typesupport_c/custom_interface/srv/my_move_msg__type_support.cpp.o[0m
[3.011s] [ 61%] [32m[1mLinking CXX shared library libcustom_interface__rosidl_typesupport_c.so[0m
[3.049s] [ 61%] Built target custom_interface__rosidl_typesupport_c
[3.115s] [ 64%] [32m[1mLinking CXX shared library libcustom_interface__rosidl_typesupport_fastrtps_cpp.so[0m
[3.174s] [ 64%] Built target custom_interface__rosidl_typesupport_fastrtps_cpp
[3.182s] [ 66%] [34m[1mGenerating C type support for eProsima Fast-RTPS[0m
[3.393s] [35m[1mScanning dependencies of target custom_interface__rosidl_typesupport_fastrtps_c[0m
[3.407s] [ 69%] [32mBuilding CXX object CMakeFiles/custom_interface__rosidl_typesupport_fastrtps_c.dir/rosidl_typesupport_fastrtps_c/custom_interface/msg/detail/distvel__type_support_c.cpp.o[0m
[3.411s] [ 71%] [32mBuilding CXX object CMakeFiles/custom_interface__rosidl_typesupport_fastrtps_c.dir/rosidl_typesupport_fastrtps_c/custom_interface/srv/detail/my_move_msg__type_support_c.cpp.o[0m
[3.662s] [ 74%] [32m[1mLinking CXX shared library libcustom_interface__rosidl_typesupport_fastrtps_c.so[0m
[3.734s] [ 74%] Built target custom_interface__rosidl_typesupport_fastrtps_c
[3.751s] [ 74%] Built target custom_interface
[3.769s] [35m[1mScanning dependencies of target custom_interface__py[0m
[3.779s] [ 76%] [34m[1mGenerating Python code for ROS interfaces[0m
[4.289s] [ 76%] Built target custom_interface__py
[4.301s] [35m[1mScanning dependencies of target custom_interface__python[0m
[4.317s] [ 79%] [32mBuilding C object CMakeFiles/custom_interface__python.dir/rosidl_generator_py/custom_interface/srv/_my_move_msg_s.c.o[0m
[4.325s] [ 82%] [32mBuilding C object CMakeFiles/custom_interface__python.dir/rosidl_generator_py/custom_interface/msg/_distvel_s.c.o[0m
[4.440s] [ 84%] [32m[1mLinking C shared library rosidl_generator_py/custom_interface/libcustom_interface__python.so[0m
[4.482s] [ 84%] Built target custom_interface__python
[4.491s] [35m[1mScanning dependencies of target custom_interface__rosidl_typesupport_introspection_c__pyext[0m
[4.491s] [35m[1mScanning dependencies of target custom_interface__rosidl_typesupport_c__pyext[0m
[4.508s] [ 87%] [32mBuilding C object CMakeFiles/custom_interface__rosidl_typesupport_introspection_c__pyext.dir/rosidl_generator_py/custom_interface/_custom_interface_s.ep.rosidl_typesupport_introspection_c.c.o[0m
[4.508s] [ 89%] [32mBuilding C object CMakeFiles/custom_interface__rosidl_typesupport_c__pyext.dir/rosidl_generator_py/custom_interface/_custom_interface_s.ep.rosidl_typesupport_c.c.o[0m
[4.567s] [ 92%] [32m[1mLinking C shared library rosidl_generator_py/custom_interface/custom_interface_s__rosidl_typesupport_c.cpython-38-x86_64-linux-gnu.so[0m
[4.572s] [ 94%] [32m[1mLinking C shared library rosidl_generator_py/custom_interface/custom_interface_s__rosidl_typesupport_introspection_c.cpython-38-x86_64-linux-gnu.so[0m
[4.598s] [ 94%] Built target custom_interface__rosidl_typesupport_c__pyext
[4.606s] [ 94%] Built target custom_interface__rosidl_typesupport_introspection_c__pyext
[4.612s] [35m[1mScanning dependencies of target custom_interface__rosidl_typesupport_fastrtps_c__pyext[0m
[4.628s] [ 97%] [32mBuilding C object CMakeFiles/custom_interface__rosidl_typesupport_fastrtps_c__pyext.dir/rosidl_generator_py/custom_interface/_custom_interface_s.ep.rosidl_typesupport_fastrtps_c.c.o[0m
[4.701s] [100%] [32m[1mLinking CXX shared library rosidl_generator_py/custom_interface/custom_interface_s__rosidl_typesupport_fastrtps_c.cpython-38-x86_64-linux-gnu.so[0m
[4.747s] [100%] Built target custom_interface__rosidl_typesupport_fastrtps_c__pyext
[4.768s] Invoked command in '/home/cmarrod3/turtlebot3_ws/build/custom_interface' returned '0': CMAKE_PREFIX_PATH=${CMAKE_PREFIX_PATH}:/home/cmarrod3/turtlebot3_ws/install/show_msg:/home/cmarrod3/turtlebot3_ws/install/my_first_subscriber:/home/cmarrod3/turtlebot3_ws/install/my_first_publisher:/home/cmarrod3/turtlebot3_ws/install/my_first_node:/opt/ros/galactic /usr/bin/cmake --build /home/cmarrod3/turtlebot3_ws/build/custom_interface -- -j2 -l2
[4.849s] Invoking command in '/home/cmarrod3/turtlebot3_ws/build/custom_interface': CMAKE_PREFIX_PATH=${CMAKE_PREFIX_PATH}:/home/cmarrod3/turtlebot3_ws/install/show_msg:/home/cmarrod3/turtlebot3_ws/install/my_first_subscriber:/home/cmarrod3/turtlebot3_ws/install/my_first_publisher:/home/cmarrod3/turtlebot3_ws/install/my_first_node:/opt/ros/galactic /usr/bin/cmake --install /home/cmarrod3/turtlebot3_ws/build/custom_interface
[4.864s] -- Install configuration: ""
[4.864s] -- Installing: /home/cmarrod3/turtlebot3_ws/install/custom_interface/share/ament_index/resource_index/rosidl_interfaces/custom_interface
[4.865s] -- Up-to-date: /home/cmarrod3/turtlebot3_ws/install/custom_interface/include/custom_interface
[4.865s] -- Up-to-date: /home/cmarrod3/turtlebot3_ws/install/custom_interface/include/custom_interface/msg
[4.865s] -- Up-to-date: /home/cmarrod3/turtlebot3_ws/install/custom_interface/include/custom_interface/msg/detail
[4.865s] -- Installing: /home/cmarrod3/turtlebot3_ws/install/custom_interface/include/custom_interface/msg/detail/distvel__type_support.h
[4.866s] -- Installing: /home/cmarrod3/turtlebot3_ws/install/custom_interface/include/custom_interface/msg/detail/distvel__functions.h
[4.866s] -- Installing: /home/cmarrod3/turtlebot3_ws/install/custom_interface/include/custom_interface/msg/detail/distvel__struct.h
[4.866s] -- Installing: /home/cmarrod3/turtlebot3_ws/install/custom_interface/include/custom_interface/msg/detail/distvel__functions.c
[4.866s] -- Installing: /home/cmarrod3/turtlebot3_ws/install/custom_interface/include/custom_interface/msg/distvel.h
[4.866s] -- Up-to-date: /home/cmarrod3/turtlebot3_ws/install/custom_interface/include/custom_interface/msg/rosidl_generator_c__visibility_control.h
[4.866s] -- Installing: /home/cmarrod3/turtlebot3_ws/install/custom_interface/include/custom_interface/srv
[4.866s] -- Installing: /home/cmarrod3/turtlebot3_ws/install/custom_interface/include/custom_interface/srv/detail
[4.867s] -- Installing: /home/cmarrod3/turtlebot3_ws/install/custom_interface/include/custom_interface/srv/detail/my_move_msg__struct.h
[4.867s] -- Installing: /home/cmarrod3/turtlebot3_ws/install/custom_interface/include/custom_interface/srv/detail/my_move_msg__functions.c
[4.867s] -- Installing: /home/cmarrod3/turtlebot3_ws/install/custom_interface/include/custom_interface/srv/detail/my_move_msg__type_support.h
[4.867s] -- Installing: /home/cmarrod3/turtlebot3_ws/install/custom_interface/include/custom_interface/srv/detail/my_move_msg__functions.h
[4.867s] -- Installing: /home/cmarrod3/turtlebot3_ws/install/custom_interface/include/custom_interface/srv/my_move_msg.h
[4.867s] -- Up-to-date: /home/cmarrod3/turtlebot3_ws/install/custom_interface/share/custom_interface/environment/library_path.sh
[4.867s] -- Installing: /home/cmarrod3/turtlebot3_ws/install/custom_interface/share/custom_interface/environment/library_path.dsv
[4.868s] -- Installing: /home/cmarrod3/turtlebot3_ws/install/custom_interface/lib/libcustom_interface__rosidl_generator_c.so
[4.869s] -- Set runtime path of "/home/cmarrod3/turtlebot3_ws/install/custom_interface/lib/libcustom_interface__rosidl_generator_c.so" to ""
[4.872s] -- Up-to-date: /home/cmarrod3/turtlebot3_ws/install/custom_interface/include/custom_interface
[4.872s] -- Up-to-date: /home/cmarrod3/turtlebot3_ws/install/custom_interface/include/custom_interface/msg
[4.872s] -- Up-to-date: /home/cmarrod3/turtlebot3_ws/install/custom_interface/include/custom_interface/msg/detail
[4.872s] -- Installing: /home/cmarrod3/turtlebot3_ws/install/custom_interface/include/custom_interface/msg/detail/distvel__rosidl_typesupport_fastrtps_c.h
[4.872s] -- Up-to-date: /home/cmarrod3/turtlebot3_ws/install/custom_interface/include/custom_interface/msg/rosidl_typesupport_fastrtps_c__visibility_control.h
[4.872s] -- Up-to-date: /home/cmarrod3/turtlebot3_ws/install/custom_interface/include/custom_interface/srv
[4.872s] -- Up-to-date: /home/cmarrod3/turtlebot3_ws/install/custom_interface/include/custom_interface/srv/detail
[4.872s] -- Installing: /home/cmarrod3/turtlebot3_ws/install/custom_interface/include/custom_interface/srv/detail/my_move_msg__rosidl_typesupport_fastrtps_c.h
[4.872s] -- Installing: /home/cmarrod3/turtlebot3_ws/install/custom_interface/lib/libcustom_interface__rosidl_typesupport_fastrtps_c.so
[4.872s] -- Set runtime path of "/home/cmarrod3/turtlebot3_ws/install/custom_interface/lib/libcustom_interface__rosidl_typesupport_fastrtps_c.so" to ""
[4.872s] -- Up-to-date: /home/cmarrod3/turtlebot3_ws/install/custom_interface/include/custom_interface
[4.872s] -- Up-to-date: /home/cmarrod3/turtlebot3_ws/install/custom_interface/include/custom_interface/msg
[4.872s] -- Up-to-date: /home/cmarrod3/turtlebot3_ws/install/custom_interface/include/custom_interface/msg/detail
[4.872s] -- Installing: /home/cmarrod3/turtlebot3_ws/install/custom_interface/include/custom_interface/msg/detail/distvel__rosidl_typesupport_fastrtps_cpp.hpp
[4.872s] -- Up-to-date: /home/cmarrod3/turtlebot3_ws/install/custom_interface/include/custom_interface/msg/detail/dds_fastrtps
[4.873s] -- Up-to-date: /home/cmarrod3/turtlebot3_ws/install/custom_interface/include/custom_interface/msg/rosidl_typesupport_fastrtps_cpp__visibility_control.h
[4.873s] -- Up-to-date: /home/cmarrod3/turtlebot3_ws/install/custom_interface/include/custom_interface/srv
[4.873s] -- Up-to-date: /home/cmarrod3/turtlebot3_ws/install/custom_interface/include/custom_interface/srv/detail
[4.873s] -- Installing: /home/cmarrod3/turtlebot3_ws/install/custom_interface/include/custom_interface/srv/detail/dds_fastrtps
[4.873s] -- Installing: /home/cmarrod3/turtlebot3_ws/install/custom_interface/include/custom_interface/srv/detail/my_move_msg__rosidl_typesupport_fastrtps_cpp.hpp
[4.873s] -- Installing: /home/cmarrod3/turtlebot3_ws/install/custom_interface/lib/libcustom_interface__rosidl_typesupport_fastrtps_cpp.so
[4.873s] -- Set runtime path of "/home/cmarrod3/turtlebot3_ws/install/custom_interface/lib/libcustom_interface__rosidl_typesupport_fastrtps_cpp.so" to ""
[4.873s] -- Up-to-date: /home/cmarrod3/turtlebot3_ws/install/custom_interface/include/custom_interface
[4.873s] -- Up-to-date: /home/cmarrod3/turtlebot3_ws/install/custom_interface/include/custom_interface/msg
[4.873s] -- Up-to-date: /home/cmarrod3/turtlebot3_ws/install/custom_interface/include/custom_interface/msg/detail
[4.873s] -- Installing: /home/cmarrod3/turtlebot3_ws/install/custom_interface/include/custom_interface/msg/detail/distvel__type_support.c
[4.873s] -- Installing: /home/cmarrod3/turtlebot3_ws/install/custom_interface/include/custom_interface/msg/detail/distvel__rosidl_typesupport_introspection_c.h
[4.873s] -- Up-to-date: /home/cmarrod3/turtlebot3_ws/install/custom_interface/include/custom_interface/msg/rosidl_typesupport_introspection_c__visibility_control.h
[4.873s] -- Up-to-date: /home/cmarrod3/turtlebot3_ws/install/custom_interface/include/custom_interface/srv
[4.873s] -- Up-to-date: /home/cmarrod3/turtlebot3_ws/install/custom_interface/include/custom_interface/srv/detail
[4.873s] -- Installing: /home/cmarrod3/turtlebot3_ws/install/custom_interface/include/custom_interface/srv/detail/my_move_msg__rosidl_typesupport_introspection_c.h
[4.873s] -- Installing: /home/cmarrod3/turtlebot3_ws/install/custom_interface/include/custom_interface/srv/detail/my_move_msg__type_support.c
[4.874s] -- Installing: /home/cmarrod3/turtlebot3_ws/install/custom_interface/lib/libcustom_interface__rosidl_typesupport_introspection_c.so
[4.874s] -- Set runtime path of "/home/cmarrod3/turtlebot3_ws/install/custom_interface/lib/libcustom_interface__rosidl_typesupport_introspection_c.so" to ""
[4.875s] -- Installing: /home/cmarrod3/turtlebot3_ws/install/custom_interface/lib/libcustom_interface__rosidl_typesupport_c.so
[4.875s] -- Set runtime path of "/home/cmarrod3/turtlebot3_ws/install/custom_interface/lib/libcustom_interface__rosidl_typesupport_c.so" to ""
[4.875s] -- Up-to-date: /home/cmarrod3/turtlebot3_ws/install/custom_interface/include/custom_interface
[4.875s] -- Up-to-date: /home/cmarrod3/turtlebot3_ws/install/custom_interface/include/custom_interface/msg
[4.875s] -- Installing: /home/cmarrod3/turtlebot3_ws/install/custom_interface/include/custom_interface/msg/distvel.hpp
[4.875s] -- Up-to-date: /home/cmarrod3/turtlebot3_ws/install/custom_interface/include/custom_interface/msg/detail
[4.876s] -- Installing: /home/cmarrod3/turtlebot3_ws/install/custom_interface/include/custom_interface/msg/detail/distvel__struct.hpp
[4.876s] -- Installing: /home/cmarrod3/turtlebot3_ws/install/custom_interface/include/custom_interface/msg/detail/distvel__traits.hpp
[4.876s] -- Installing: /home/cmarrod3/turtlebot3_ws/install/custom_interface/include/custom_interface/msg/detail/distvel__builder.hpp
[4.876s] -- Up-to-date: /home/cmarrod3/turtlebot3_ws/install/custom_interface/include/custom_interface/srv
[4.876s] -- Up-to-date: /home/cmarrod3/turtlebot3_ws/install/custom_interface/include/custom_interface/srv/detail
[4.876s] -- Installing: /home/cmarrod3/turtlebot3_ws/install/custom_interface/include/custom_interface/srv/detail/my_move_msg__builder.hpp
[4.876s] -- Installing: /home/cmarrod3/turtlebot3_ws/install/custom_interface/include/custom_interface/srv/detail/my_move_msg__struct.hpp
[4.876s] -- Installing: /home/cmarrod3/turtlebot3_ws/install/custom_interface/include/custom_interface/srv/detail/my_move_msg__traits.hpp
[4.876s] -- Installing: /home/cmarrod3/turtlebot3_ws/install/custom_interface/include/custom_interface/srv/my_move_msg.hpp
[4.877s] -- Up-to-date: /home/cmarrod3/turtlebot3_ws/install/custom_interface/include/custom_interface
[4.877s] -- Up-to-date: /home/cmarrod3/turtlebot3_ws/install/custom_interface/include/custom_interface/msg
[4.877s] -- Up-to-date: /home/cmarrod3/turtlebot3_ws/install/custom_interface/include/custom_interface/msg/detail
[4.877s] -- Installing: /home/cmarrod3/turtlebot3_ws/install/custom_interface/include/custom_interface/msg/detail/distvel__rosidl_typesupport_introspection_cpp.hpp
[4.877s] -- Installing: /home/cmarrod3/turtlebot3_ws/install/custom_interface/include/custom_interface/msg/detail/distvel__type_support.cpp
[4.877s] -- Up-to-date: /home/cmarrod3/turtlebot3_ws/install/custom_interface/include/custom_interface/srv
[4.878s] -- Up-to-date: /home/cmarrod3/turtlebot3_ws/install/custom_interface/include/custom_interface/srv/detail
[4.878s] -- Installing: /home/cmarrod3/turtlebot3_ws/install/custom_interface/include/custom_interface/srv/detail/my_move_msg__rosidl_typesupport_introspection_cpp.hpp
[4.878s] -- Installing: /home/cmarrod3/turtlebot3_ws/install/custom_interface/include/custom_interface/srv/detail/my_move_msg__type_support.cpp
[4.879s] -- Installing: /home/cmarrod3/turtlebot3_ws/install/custom_interface/lib/libcustom_interface__rosidl_typesupport_introspection_cpp.so
[4.880s] -- Set runtime path of "/home/cmarrod3/turtlebot3_ws/install/custom_interface/lib/libcustom_interface__rosidl_typesupport_introspection_cpp.so" to ""
[4.881s] -- Installing: /home/cmarrod3/turtlebot3_ws/install/custom_interface/lib/libcustom_interface__rosidl_typesupport_cpp.so
[4.881s] -- Set runtime path of "/home/cmarrod3/turtlebot3_ws/install/custom_interface/lib/libcustom_interface__rosidl_typesupport_cpp.so" to ""
[4.881s] -- Up-to-date: /home/cmarrod3/turtlebot3_ws/install/custom_interface/share/custom_interface/environment/pythonpath.sh
[4.881s] -- Installing: /home/cmarrod3/turtlebot3_ws/install/custom_interface/share/custom_interface/environment/pythonpath.dsv
[4.882s] -- Installing: /home/cmarrod3/turtlebot3_ws/install/custom_interface/lib/python3.8/site-packages/custom_interface/__init__.py
[4.909s] Compiling '/home/cmarrod3/turtlebot3_ws/install/custom_interface/lib/python3.8/site-packages/custom_interface/__init__.py'...
[4.912s] -- Up-to-date: /home/cmarrod3/turtlebot3_ws/install/custom_interface/lib/python3.8/site-packages/custom_interface/msg
[4.913s] -- Installing: /home/cmarrod3/turtlebot3_ws/install/custom_interface/lib/python3.8/site-packages/custom_interface/msg/__init__.py
[4.913s] -- Installing: /home/cmarrod3/turtlebot3_ws/install/custom_interface/lib/python3.8/site-packages/custom_interface/msg/_distvel_s.c
[4.913s] -- Installing: /home/cmarrod3/turtlebot3_ws/install/custom_interface/lib/python3.8/site-packages/custom_interface/msg/_distvel.py
[4.913s] -- Installing: /home/cmarrod3/turtlebot3_ws/install/custom_interface/lib/python3.8/site-packages/custom_interface/srv
[4.913s] -- Installing: /home/cmarrod3/turtlebot3_ws/install/custom_interface/lib/python3.8/site-packages/custom_interface/srv/__init__.py
[4.914s] -- Installing: /home/cmarrod3/turtlebot3_ws/install/custom_interface/lib/python3.8/site-packages/custom_interface/srv/_my_move_msg.py
[4.914s] -- Installing: /home/cmarrod3/turtlebot3_ws/install/custom_interface/lib/python3.8/site-packages/custom_interface/srv/_my_move_msg_s.c
[4.915s] -- Installing: /home/cmarrod3/turtlebot3_ws/install/custom_interface/lib/python3.8/site-packages/custom_interface/custom_interface_s__rosidl_typesupport_fastrtps_c.cpython-38-x86_64-linux-gnu.so
[4.915s] -- Set runtime path of "/home/cmarrod3/turtlebot3_ws/install/custom_interface/lib/python3.8/site-packages/custom_interface/custom_interface_s__rosidl_typesupport_fastrtps_c.cpython-38-x86_64-linux-gnu.so" to ""
[4.916s] -- Installing: /home/cmarrod3/turtlebot3_ws/install/custom_interface/lib/python3.8/site-packages/custom_interface/custom_interface_s__rosidl_typesupport_introspection_c.cpython-38-x86_64-linux-gnu.so
[4.917s] -- Set runtime path of "/home/cmarrod3/turtlebot3_ws/install/custom_interface/lib/python3.8/site-packages/custom_interface/custom_interface_s__rosidl_typesupport_introspection_c.cpython-38-x86_64-linux-gnu.so" to ""
[4.917s] -- Installing: /home/cmarrod3/turtlebot3_ws/install/custom_interface/lib/python3.8/site-packages/custom_interface/custom_interface_s__rosidl_typesupport_c.cpython-38-x86_64-linux-gnu.so
[4.918s] -- Set runtime path of "/home/cmarrod3/turtlebot3_ws/install/custom_interface/lib/python3.8/site-packages/custom_interface/custom_interface_s__rosidl_typesupport_c.cpython-38-x86_64-linux-gnu.so" to ""
[4.918s] -- Installing: /home/cmarrod3/turtlebot3_ws/install/custom_interface/lib/libcustom_interface__python.so
[4.919s] -- Set runtime path of "/home/cmarrod3/turtlebot3_ws/install/custom_interface/lib/libcustom_interface__python.so" to ""
[4.919s] -- Up-to-date: /home/cmarrod3/turtlebot3_ws/install/custom_interface/share/custom_interface/msg/Distvel.idl
[4.920s] -- Installing: /home/cmarrod3/turtlebot3_ws/install/custom_interface/share/custom_interface/srv/MyMoveMsg.idl
[4.920s] -- Up-to-date: /home/cmarrod3/turtlebot3_ws/install/custom_interface/share/custom_interface/msg/Distvel.msg
[4.920s] -- Installing: /home/cmarrod3/turtlebot3_ws/install/custom_interface/share/custom_interface/srv/MyMoveMsg.srv
[4.920s] -- Installing: /home/cmarrod3/turtlebot3_ws/install/custom_interface/share/custom_interface/srv/MyMoveMsg_Request.msg
[4.920s] -- Installing: /home/cmarrod3/turtlebot3_ws/install/custom_interface/share/custom_interface/srv/MyMoveMsg_Response.msg
[4.921s] -- Up-to-date: /home/cmarrod3/turtlebot3_ws/install/custom_interface/share/ament_index/resource_index/package_run_dependencies/custom_interface
[4.921s] -- Installing: /home/cmarrod3/turtlebot3_ws/install/custom_interface/share/ament_index/resource_index/parent_prefix_path/custom_interface
[4.921s] -- Up-to-date: /home/cmarrod3/turtlebot3_ws/install/custom_interface/share/custom_interface/environment/ament_prefix_path.sh
[4.921s] -- Installing: /home/cmarrod3/turtlebot3_ws/install/custom_interface/share/custom_interface/environment/ament_prefix_path.dsv
[4.922s] -- Up-to-date: /home/cmarrod3/turtlebot3_ws/install/custom_interface/share/custom_interface/environment/path.sh
[4.922s] -- Installing: /home/cmarrod3/turtlebot3_ws/install/custom_interface/share/custom_interface/environment/path.dsv
[4.922s] -- Up-to-date: /home/cmarrod3/turtlebot3_ws/install/custom_interface/share/custom_interface/local_setup.bash
[4.922s] -- Up-to-date: /home/cmarrod3/turtlebot3_ws/install/custom_interface/share/custom_interface/local_setup.sh
[4.922s] -- Up-to-date: /home/cmarrod3/turtlebot3_ws/install/custom_interface/share/custom_interface/local_setup.zsh
[4.923s] -- Installing: /home/cmarrod3/turtlebot3_ws/install/custom_interface/share/custom_interface/local_setup.dsv
[4.923s] -- Installing: /home/cmarrod3/turtlebot3_ws/install/custom_interface/share/custom_interface/package.dsv
[4.923s] -- Up-to-date: /home/cmarrod3/turtlebot3_ws/install/custom_interface/share/ament_index/resource_index/packages/custom_interface
[4.924s] -- Up-to-date: /home/cmarrod3/turtlebot3_ws/install/custom_interface/share/custom_interface/cmake/custom_interface__rosidl_generator_cExport.cmake
[4.925s] -- Installing: /home/cmarrod3/turtlebot3_ws/install/custom_interface/share/custom_interface/cmake/custom_interface__rosidl_generator_cExport-noconfig.cmake
[4.926s] -- Up-to-date: /home/cmarrod3/turtlebot3_ws/install/custom_interface/share/custom_interface/cmake/custom_interface__rosidl_typesupport_introspection_cExport.cmake
[4.926s] -- Installing: /home/cmarrod3/turtlebot3_ws/install/custom_interface/share/custom_interface/cmake/custom_interface__rosidl_typesupport_introspection_cExport-noconfig.cmake
[4.926s] -- Up-to-date: /home/cmarrod3/turtlebot3_ws/install/custom_interface/share/custom_interface/cmake/custom_interface__rosidl_typesupport_cExport.cmake
[4.926s] -- Installing: /home/cmarrod3/turtlebot3_ws/install/custom_interface/share/custom_interface/cmake/custom_interface__rosidl_typesupport_cExport-noconfig.cmake
[4.927s] -- Up-to-date: /home/cmarrod3/turtlebot3_ws/install/custom_interface/share/custom_interface/cmake/custom_interface__rosidl_generator_cppExport.cmake
[4.928s] -- Up-to-date: /home/cmarrod3/turtlebot3_ws/install/custom_interface/share/custom_interface/cmake/custom_interface__rosidl_typesupport_introspection_cppExport.cmake
[4.928s] -- Installing: /home/cmarrod3/turtlebot3_ws/install/custom_interface/share/custom_interface/cmake/custom_interface__rosidl_typesupport_introspection_cppExport-noconfig.cmake
[4.928s] -- Up-to-date: /home/cmarrod3/turtlebot3_ws/install/custom_interface/share/custom_interface/cmake/custom_interface__rosidl_typesupport_cppExport.cmake
[4.928s] -- Installing: /home/cmarrod3/turtlebot3_ws/install/custom_interface/share/custom_interface/cmake/custom_interface__rosidl_typesupport_cppExport-noconfig.cmake
[4.928s] -- Installing: /home/cmarrod3/turtlebot3_ws/install/custom_interface/share/custom_interface/cmake/rosidl_cmake-extras.cmake
[4.929s] -- Up-to-date: /home/cmarrod3/turtlebot3_ws/install/custom_interface/share/custom_interface/cmake/ament_cmake_export_dependencies-extras.cmake
[4.929s] -- Up-to-date: /home/cmarrod3/turtlebot3_ws/install/custom_interface/share/custom_interface/cmake/ament_cmake_export_libraries-extras.cmake
[4.929s] -- Up-to-date: /home/cmarrod3/turtlebot3_ws/install/custom_interface/share/custom_interface/cmake/ament_cmake_export_targets-extras.cmake
[4.929s] -- Up-to-date: /home/cmarrod3/turtlebot3_ws/install/custom_interface/share/custom_interface/cmake/ament_cmake_export_include_directories-extras.cmake
[4.929s] -- Up-to-date: /home/cmarrod3/turtlebot3_ws/install/custom_interface/share/custom_interface/cmake/rosidl_cmake_export_typesupport_libraries-extras.cmake
[4.929s] -- Up-to-date: /home/cmarrod3/turtlebot3_ws/install/custom_interface/share/custom_interface/cmake/rosidl_cmake_export_typesupport_targets-extras.cmake
[4.929s] -- Up-to-date: /home/cmarrod3/turtlebot3_ws/install/custom_interface/share/custom_interface/cmake/custom_interfaceConfig.cmake
[4.929s] -- Up-to-date: /home/cmarrod3/turtlebot3_ws/install/custom_interface/share/custom_interface/cmake/custom_interfaceConfig-version.cmake
[4.930s] -- Up-to-date: /home/cmarrod3/turtlebot3_ws/install/custom_interface/share/custom_interface/package.xml
[4.933s] Invoked command in '/home/cmarrod3/turtlebot3_ws/build/custom_interface' returned '0': CMAKE_PREFIX_PATH=${CMAKE_PREFIX_PATH}:/home/cmarrod3/turtlebot3_ws/install/show_msg:/home/cmarrod3/turtlebot3_ws/install/my_first_subscriber:/home/cmarrod3/turtlebot3_ws/install/my_first_publisher:/home/cmarrod3/turtlebot3_ws/install/my_first_node:/opt/ros/galactic /usr/bin/cmake --install /home/cmarrod3/turtlebot3_ws/build/custom_interface
