[0.740s] Invoking command in '/home/cmarrod3/turtlebot3_ws/src/show_msg': PYTHONPATH=/home/cmarrod3/turtlebot3_ws/build/show_msg/prefix_override:/home/cmarrod3/turtlebot3_ws/install/show_msg/lib/python3.8/site-packages:${PYTHONPATH} /usr/bin/python3 setup.py egg_info --egg-base ../../build/show_msg build --build-base /home/cmarrod3/turtlebot3_ws/build/show_msg/build install --record /home/cmarrod3/turtlebot3_ws/build/show_msg/install.log --single-version-externally-managed
[0.935s] running egg_info
[0.936s] creating ../../build/show_msg/show_msg.egg-info
[0.936s] writing ../../build/show_msg/show_msg.egg-info/PKG-INFO
[0.936s] writing dependency_links to ../../build/show_msg/show_msg.egg-info/dependency_links.txt
[0.936s] writing entry points to ../../build/show_msg/show_msg.egg-info/entry_points.txt
[0.937s] writing requirements to ../../build/show_msg/show_msg.egg-info/requires.txt
[0.937s] writing top-level names to ../../build/show_msg/show_msg.egg-info/top_level.txt
[0.941s] writing manifest file '../../build/show_msg/show_msg.egg-info/SOURCES.txt'
[0.970s] reading manifest file '../../build/show_msg/show_msg.egg-info/SOURCES.txt'
[0.971s] writing manifest file '../../build/show_msg/show_msg.egg-info/SOURCES.txt'
[0.971s] running build
[0.971s] running build_py
[0.972s] creating /home/cmarrod3/turtlebot3_ws/build/show_msg/build
[0.972s] creating /home/cmarrod3/turtlebot3_ws/build/show_msg/build/lib
[0.972s] creating /home/cmarrod3/turtlebot3_ws/build/show_msg/build/lib/show_msg
[0.972s] copying show_msg/__init__.py -> /home/cmarrod3/turtlebot3_ws/build/show_msg/build/lib/show_msg
[0.972s] copying show_msg/show_msg.py -> /home/cmarrod3/turtlebot3_ws/build/show_msg/build/lib/show_msg
[0.972s] running install
[0.973s] running install_lib
[0.974s] creating /home/cmarrod3/turtlebot3_ws/install/show_msg/lib/python3.8/site-packages/show_msg
[0.974s] copying /home/cmarrod3/turtlebot3_ws/build/show_msg/build/lib/show_msg/__init__.py -> /home/cmarrod3/turtlebot3_ws/install/show_msg/lib/python3.8/site-packages/show_msg
[0.975s] copying /home/cmarrod3/turtlebot3_ws/build/show_msg/build/lib/show_msg/show_msg.py -> /home/cmarrod3/turtlebot3_ws/install/show_msg/lib/python3.8/site-packages/show_msg
[0.975s] byte-compiling /home/cmarrod3/turtlebot3_ws/install/show_msg/lib/python3.8/site-packages/show_msg/__init__.py to __init__.cpython-38.pyc
[0.976s] byte-compiling /home/cmarrod3/turtlebot3_ws/install/show_msg/lib/python3.8/site-packages/show_msg/show_msg.py to show_msg.cpython-38.pyc
[0.977s] running install_data
[0.977s] creating /home/cmarrod3/turtlebot3_ws/install/show_msg/share/ament_index
[0.977s] creating /home/cmarrod3/turtlebot3_ws/install/show_msg/share/ament_index/resource_index
[0.978s] creating /home/cmarrod3/turtlebot3_ws/install/show_msg/share/ament_index/resource_index/packages
[0.978s] copying resource/show_msg -> /home/cmarrod3/turtlebot3_ws/install/show_msg/share/ament_index/resource_index/packages
[0.978s] copying package.xml -> /home/cmarrod3/turtlebot3_ws/install/show_msg/share/show_msg
[0.978s] copying launch/show_msg.launch.py -> /home/cmarrod3/turtlebot3_ws/install/show_msg/share/show_msg
[0.978s] running install_egg_info
[0.980s] Copying ../../build/show_msg/show_msg.egg-info to /home/cmarrod3/turtlebot3_ws/install/show_msg/lib/python3.8/site-packages/show_msg-0.0.0-py3.8.egg-info
[0.980s] running install_scripts
[0.994s] Installing show_msg script to /home/cmarrod3/turtlebot3_ws/install/show_msg/lib/show_msg
[0.995s] writing list of installed files to '/home/cmarrod3/turtlebot3_ws/build/show_msg/install.log'
[1.010s] Invoked command in '/home/cmarrod3/turtlebot3_ws/src/show_msg' returned '0': PYTHONPATH=/home/cmarrod3/turtlebot3_ws/build/show_msg/prefix_override:/home/cmarrod3/turtlebot3_ws/install/show_msg/lib/python3.8/site-packages:${PYTHONPATH} /usr/bin/python3 setup.py egg_info --egg-base ../../build/show_msg build --build-base /home/cmarrod3/turtlebot3_ws/build/show_msg/build install --record /home/cmarrod3/turtlebot3_ws/build/show_msg/install.log --single-version-externally-managed
