[0.558s] Invoking command in '/home/dmpasgal/Clothy/ROS/turtlebot3_ws/src/build/custom_interface': CMAKE_PREFIX_PATH=${CMAKE_PREFIX_PATH}:/home/dmpasgal/turtlebot3_ws/install/show_msg:/home/dmpasgal/turtlebot3_ws/install/my_first_subscriber:/home/dmpasgal/turtlebot3_ws/install/my_first_publisher:/home/dmpasgal/turtlebot3_ws/install/my_first_node:/home/dmpasgal/turtlebot3_ws/src/install/show_msg:/opt/ros/galactic /usr/bin/cmake /home/dmpasgal/Clothy/ROS/turtlebot3_ws/src/custom_interface -DCMAKE_INSTALL_PREFIX=/home/dmpasgal/Clothy/ROS/turtlebot3_ws/src/install/custom_interface
[0.951s] -- The C compiler identification is GNU 9.4.0
[1.186s] -- The CXX compiler identification is GNU 9.4.0
[1.189s] -- Check for working C compiler: /usr/bin/cc
[1.276s] -- Check for working C compiler: /usr/bin/cc -- works
[1.280s] -- Detecting C compiler ABI info
[1.346s] -- Detecting C compiler ABI info - done
[1.357s] -- Detecting C compile features
[1.358s] -- Detecting C compile features - done
[1.362s] -- Check for working CXX compiler: /usr/bin/c++
[1.472s] -- Check for working CXX compiler: /usr/bin/c++ -- works
[1.473s] -- Detecting CXX compiler ABI info
[1.560s] -- Detecting CXX compiler ABI info - done
[1.567s] -- Detecting CXX compile features
[1.568s] -- Detecting CXX compile features - done
[1.587s] -- Found ament_cmake: 1.1.6 (/opt/ros/galactic/share/ament_cmake/cmake)
[1.622s] -- Found PythonInterp: /usr/bin/python3 (found suitable version "3.8.10", minimum required is "3") 
[1.622s] -- Using PYTHON_EXECUTABLE: /usr/bin/python3
[1.757s] -- Found rclcpp: 9.2.2 (/opt/ros/galactic/share/rclcpp/cmake)
[1.851s] -- Using all available rosidl_typesupport_c: rosidl_typesupport_fastrtps_c;rosidl_typesupport_introspection_c
[1.872s] -- Found rosidl_adapter: 2.2.3 (/opt/ros/galactic/share/rosidl_adapter/cmake)
[1.951s] -- Found OpenSSL: /usr/lib/x86_64-linux-gnu/libcrypto.so (found version "1.1.1f")  
[2.051s] -- Found FastRTPS: /opt/ros/galactic/include  
[2.136s] -- Using all available rosidl_typesupport_cpp: rosidl_typesupport_fastrtps_cpp;rosidl_typesupport_introspection_cpp
[2.254s] -- Found rmw_implementation_cmake: 3.3.1 (/opt/ros/galactic/share/rmw_implementation_cmake/cmake)
[2.276s] -- Found rmw_cyclonedds_cpp: 0.22.6 (/opt/ros/galactic/share/rmw_cyclonedds_cpp/cmake)
[2.301s] -- Using RMW implementation 'rmw_cyclonedds_cpp' as default
[2.306s] -- Looking for pthread.h
[2.394s] -- Looking for pthread.h - found
[2.395s] -- Performing Test CMAKE_HAVE_LIBC_PTHREAD
[2.464s] -- Performing Test CMAKE_HAVE_LIBC_PTHREAD - Failed
[2.464s] -- Looking for pthread_create in pthreads
[2.531s] -- Looking for pthread_create in pthreads - not found
[2.531s] -- Looking for pthread_create in pthread
[2.596s] -- Looking for pthread_create in pthread - found
[2.598s] -- Found Threads: TRUE  
[2.768s] -- Found rosidl_default_generators: 1.1.1 (/opt/ros/galactic/share/rosidl_default_generators/cmake)
[2.787s] -- Found ament_lint_auto: 0.10.7 (/opt/ros/galactic/share/ament_lint_auto/cmake)
[2.914s] -- Found PythonInterp: /usr/bin/python3 (found version "3.8.10") 
[3.006s] -- Found ament_cmake_ros: 0.9.2 (/opt/ros/galactic/share/ament_cmake_ros/cmake)
[3.122s] -- Using all available rosidl_typesupport_c: rosidl_typesupport_fastrtps_c;rosidl_typesupport_introspection_c
[3.135s] -- Using all available rosidl_typesupport_cpp: rosidl_typesupport_fastrtps_cpp;rosidl_typesupport_introspection_cpp
[3.163s] -- Found PythonInterp: /usr/bin/python3 (found suitable version "3.8.10", minimum required is "3.5") 
[3.167s] -- Found python_cmake_module: 0.8.1 (/opt/ros/galactic/share/python_cmake_module/cmake)
[3.196s] -- Found PythonLibs: /usr/lib/x86_64-linux-gnu/libpython3.8.so (found suitable version "3.8.10", minimum required is "3.5") 
[3.203s] -- Using PYTHON_EXECUTABLE: /usr/bin/python3
[3.203s] -- Using PYTHON_INCLUDE_DIRS: /usr/include/python3.8
[3.203s] -- Using PYTHON_LIBRARIES: /usr/lib/x86_64-linux-gnu/libpython3.8.so
[3.214s] -- Found PythonExtra: .so  
[3.262s] -- Added test 'copyright' to check source files copyright and LICENSE
[3.265s] -- Added test 'lint_cmake' to check CMake code style
[3.267s] -- Added test 'xmllint' to check XML markup files
[3.279s] -- Configuring done
[3.323s] -- Generating done
[3.324s] -- Build files have been written to: /home/dmpasgal/Clothy/ROS/turtlebot3_ws/src/build/custom_interface
[3.334s] Invoked command in '/home/dmpasgal/Clothy/ROS/turtlebot3_ws/src/build/custom_interface' returned '0': CMAKE_PREFIX_PATH=${CMAKE_PREFIX_PATH}:/home/dmpasgal/turtlebot3_ws/install/show_msg:/home/dmpasgal/turtlebot3_ws/install/my_first_subscriber:/home/dmpasgal/turtlebot3_ws/install/my_first_publisher:/home/dmpasgal/turtlebot3_ws/install/my_first_node:/home/dmpasgal/turtlebot3_ws/src/install/show_msg:/opt/ros/galactic /usr/bin/cmake /home/dmpasgal/Clothy/ROS/turtlebot3_ws/src/custom_interface -DCMAKE_INSTALL_PREFIX=/home/dmpasgal/Clothy/ROS/turtlebot3_ws/src/install/custom_interface
[3.335s] Invoking command in '/home/dmpasgal/Clothy/ROS/turtlebot3_ws/src/build/custom_interface': CMAKE_PREFIX_PATH=${CMAKE_PREFIX_PATH}:/home/dmpasgal/turtlebot3_ws/install/show_msg:/home/dmpasgal/turtlebot3_ws/install/my_first_subscriber:/home/dmpasgal/turtlebot3_ws/install/my_first_publisher:/home/dmpasgal/turtlebot3_ws/install/my_first_node:/home/dmpasgal/turtlebot3_ws/src/install/show_msg:/opt/ros/galactic /usr/bin/cmake --build /home/dmpasgal/Clothy/ROS/turtlebot3_ws/src/build/custom_interface -- -j4 -l4
[3.384s] [35m[1mScanning dependencies of target custom_interface__cpp[0m
[3.387s] [  2%] [34m[1mGenerating C code for ROS interfaces[0m
[3.401s] [  5%] [34m[1mGenerating C++ code for ROS interfaces[0m
[3.714s] [35m[1mScanning dependencies of target custom_interface__rosidl_generator_c[0m
[3.735s] [  7%] [32mBuilding C object CMakeFiles/custom_interface__rosidl_generator_c.dir/rosidl_generator_c/custom_interface/msg/detail/distvel__functions.c.o[0m
[3.755s] [ 10%] [32mBuilding C object CMakeFiles/custom_interface__rosidl_generator_c.dir/rosidl_generator_c/custom_interface/srv/detail/my_move_msg__functions.c.o[0m
[3.803s] [ 10%] Built target custom_interface__cpp
[3.810s] [ 12%] [32m[1mLinking C shared library libcustom_interface__rosidl_generator_c.so[0m
[3.819s] [ 15%] [34m[1mGenerating C++ type support dispatch for ROS interfaces[0m
[3.826s] [ 17%] [34m[1mGenerating C++ introspection for ROS interfaces[0m
[3.842s] [ 20%] [34m[1mGenerating C++ type support for eProsima Fast-RTPS[0m
[3.939s] [ 20%] Built target custom_interface__rosidl_generator_c
[3.995s] [ 23%] [34m[1mGenerating C introspection for ROS interfaces[0m
[4.074s] [35m[1mScanning dependencies of target custom_interface__rosidl_typesupport_cpp[0m
[4.120s] [ 25%] [32mBuilding CXX object CMakeFiles/custom_interface__rosidl_typesupport_cpp.dir/rosidl_typesupport_cpp/custom_interface/msg/distvel__type_support.cpp.o[0m
[4.177s] [35m[1mScanning dependencies of target custom_interface__rosidl_typesupport_fastrtps_cpp[0m
[4.222s] [ 28%] [32mBuilding CXX object CMakeFiles/custom_interface__rosidl_typesupport_fastrtps_cpp.dir/rosidl_typesupport_fastrtps_cpp/custom_interface/msg/detail/dds_fastrtps/distvel__type_support.cpp.o[0m
[4.258s] [35m[1mScanning dependencies of target custom_interface__rosidl_typesupport_introspection_cpp[0m
[4.282s] [35m[1mScanning dependencies of target custom_interface__rosidl_typesupport_introspection_c[0m
[4.301s] [ 30%] [32mBuilding CXX object CMakeFiles/custom_interface__rosidl_typesupport_introspection_cpp.dir/rosidl_typesupport_introspection_cpp/custom_interface/msg/detail/distvel__type_support.cpp.o[0m
[4.308s] [ 33%] [32mBuilding C object CMakeFiles/custom_interface__rosidl_typesupport_introspection_c.dir/rosidl_typesupport_introspection_c/custom_interface/msg/detail/distvel__type_support.c.o[0m
[4.385s] [ 35%] [32mBuilding CXX object CMakeFiles/custom_interface__rosidl_typesupport_cpp.dir/rosidl_typesupport_cpp/custom_interface/srv/my_move_msg__type_support.cpp.o[0m
[4.426s] [ 38%] [32mBuilding C object CMakeFiles/custom_interface__rosidl_typesupport_introspection_c.dir/rosidl_typesupport_introspection_c/custom_interface/srv/detail/my_move_msg__type_support.c.o[0m
[4.521s] [ 41%] [32m[1mLinking C shared library libcustom_interface__rosidl_typesupport_introspection_c.so[0m
[4.535s] [ 43%] [32mBuilding CXX object CMakeFiles/custom_interface__rosidl_typesupport_introspection_cpp.dir/rosidl_typesupport_introspection_cpp/custom_interface/srv/detail/my_move_msg__type_support.cpp.o[0m
[4.653s] [ 43%] Built target custom_interface__rosidl_typesupport_introspection_c
[4.658s] [ 46%] [32mBuilding CXX object CMakeFiles/custom_interface__rosidl_typesupport_fastrtps_cpp.dir/rosidl_typesupport_fastrtps_cpp/custom_interface/srv/detail/dds_fastrtps/my_move_msg__type_support.cpp.o[0m
[4.676s] [ 48%] [34m[1mGenerating C type support dispatch for ROS interfaces[0m
[4.687s] [ 51%] [32m[1mLinking CXX shared library libcustom_interface__rosidl_typesupport_cpp.so[0m
[4.745s] [ 51%] Built target custom_interface__rosidl_typesupport_cpp
[4.883s] [35m[1mScanning dependencies of target custom_interface__rosidl_typesupport_c[0m
[4.916s] [ 53%] [32mBuilding CXX object CMakeFiles/custom_interface__rosidl_typesupport_c.dir/rosidl_typesupport_c/custom_interface/msg/distvel__type_support.cpp.o[0m
[4.932s] [ 56%] [32mBuilding CXX object CMakeFiles/custom_interface__rosidl_typesupport_c.dir/rosidl_typesupport_c/custom_interface/srv/my_move_msg__type_support.cpp.o[0m
[4.932s] [ 58%] [32m[1mLinking CXX shared library libcustom_interface__rosidl_typesupport_introspection_cpp.so[0m
[5.037s] [ 61%] [32m[1mLinking CXX shared library libcustom_interface__rosidl_typesupport_c.so[0m
[5.102s] [ 64%] [32m[1mLinking CXX shared library libcustom_interface__rosidl_typesupport_fastrtps_cpp.so[0m
[5.104s] [ 64%] Built target custom_interface__rosidl_typesupport_c
[5.123s] [ 64%] Built target custom_interface__rosidl_typesupport_introspection_cpp
[5.234s] [ 64%] Built target custom_interface__rosidl_typesupport_fastrtps_cpp
[5.273s] [ 66%] [34m[1mGenerating C type support for eProsima Fast-RTPS[0m
[5.690s] [35m[1mScanning dependencies of target custom_interface__rosidl_typesupport_fastrtps_c[0m
[5.765s] [ 69%] [32mBuilding CXX object CMakeFiles/custom_interface__rosidl_typesupport_fastrtps_c.dir/rosidl_typesupport_fastrtps_c/custom_interface/msg/detail/distvel__type_support_c.cpp.o[0m
[5.898s] [ 71%] [32mBuilding CXX object CMakeFiles/custom_interface__rosidl_typesupport_fastrtps_c.dir/rosidl_typesupport_fastrtps_c/custom_interface/srv/detail/my_move_msg__type_support_c.cpp.o[0m
[7.449s] [ 74%] [32m[1mLinking CXX shared library libcustom_interface__rosidl_typesupport_fastrtps_c.so[0m
[7.894s] [ 74%] Built target custom_interface__rosidl_typesupport_fastrtps_c
[7.975s] [35m[1mScanning dependencies of target custom_interface[0m
[8.103s] [ 74%] Built target custom_interface
[8.171s] [35m[1mScanning dependencies of target custom_interface__py[0m
[8.231s] [ 76%] [34m[1mGenerating Python code for ROS interfaces[0m
