[0.139s] Invoking command in '/home/dmpasgal/Clothy/ROS/turtlebot3_ws/src/build/custom_interface': CMAKE_PREFIX_PATH=${CMAKE_PREFIX_PATH}:/home/dmpasgal/turtlebot3_ws/install/show_msg:/home/dmpasgal/turtlebot3_ws/install/my_first_subscriber:/home/dmpasgal/turtlebot3_ws/install/my_first_publisher:/home/dmpasgal/turtlebot3_ws/install/my_first_node:/home/dmpasgal/turtlebot3_ws/src/install/show_msg:/opt/ros/galactic /usr/bin/cmake --build /home/dmpasgal/Clothy/ROS/turtlebot3_ws/src/build/custom_interface -- -j4 -l4
[0.329s] [ 12%] Built target custom_interface__cpp
[0.330s] [ 12%] Built target custom_interface__rosidl_generator_c
[0.359s] [ 23%] Built target custom_interface__rosidl_typesupport_introspection_c
[0.359s] [ 33%] Built target custom_interface__rosidl_typesupport_introspection_cpp
[0.367s] [ 43%] Built target custom_interface__rosidl_typesupport_cpp
[0.371s] [ 53%] Built target custom_interface__rosidl_typesupport_fastrtps_cpp
[0.383s] [ 64%] Built target custom_interface__rosidl_typesupport_c
[0.401s] [ 74%] Built target custom_interface__rosidl_typesupport_fastrtps_c
[0.421s] [ 74%] Built target custom_interface
[0.444s] [ 76%] Built target custom_interface__py
[0.476s] [ 84%] Built target custom_interface__python
[0.503s] [ 92%] Built target custom_interface__rosidl_typesupport_introspection_c__pyext
[0.503s] [ 94%] Built target custom_interface__rosidl_typesupport_c__pyext
[0.504s] [100%] Built target custom_interface__rosidl_typesupport_fastrtps_c__pyext
[0.517s] Invoked command in '/home/dmpasgal/Clothy/ROS/turtlebot3_ws/src/build/custom_interface' returned '0': CMAKE_PREFIX_PATH=${CMAKE_PREFIX_PATH}:/home/dmpasgal/turtlebot3_ws/install/show_msg:/home/dmpasgal/turtlebot3_ws/install/my_first_subscriber:/home/dmpasgal/turtlebot3_ws/install/my_first_publisher:/home/dmpasgal/turtlebot3_ws/install/my_first_node:/home/dmpasgal/turtlebot3_ws/src/install/show_msg:/opt/ros/galactic /usr/bin/cmake --build /home/dmpasgal/Clothy/ROS/turtlebot3_ws/src/build/custom_interface -- -j4 -l4
[0.617s] Invoking command in '/home/dmpasgal/Clothy/ROS/turtlebot3_ws/src/build/custom_interface': CMAKE_PREFIX_PATH=${CMAKE_PREFIX_PATH}:/home/dmpasgal/turtlebot3_ws/install/show_msg:/home/dmpasgal/turtlebot3_ws/install/my_first_subscriber:/home/dmpasgal/turtlebot3_ws/install/my_first_publisher:/home/dmpasgal/turtlebot3_ws/install/my_first_node:/home/dmpasgal/turtlebot3_ws/src/install/show_msg:/opt/ros/galactic /usr/bin/cmake --install /home/dmpasgal/Clothy/ROS/turtlebot3_ws/src/build/custom_interface
[0.625s] -- Install configuration: ""
[0.625s] -- Up-to-date: /home/dmpasgal/Clothy/ROS/turtlebot3_ws/src/install/custom_interface/share/ament_index/resource_index/rosidl_interfaces/custom_interface
[0.625s] -- Up-to-date: /home/dmpasgal/Clothy/ROS/turtlebot3_ws/src/install/custom_interface/include/custom_interface
[0.625s] -- Up-to-date: /home/dmpasgal/Clothy/ROS/turtlebot3_ws/src/install/custom_interface/include/custom_interface/msg
[0.625s] -- Up-to-date: /home/dmpasgal/Clothy/ROS/turtlebot3_ws/src/install/custom_interface/include/custom_interface/msg/distvel.h
[0.625s] -- Up-to-date: /home/dmpasgal/Clothy/ROS/turtlebot3_ws/src/install/custom_interface/include/custom_interface/msg/detail
[0.625s] -- Up-to-date: /home/dmpasgal/Clothy/ROS/turtlebot3_ws/src/install/custom_interface/include/custom_interface/msg/detail/distvel__functions.h
[0.625s] -- Up-to-date: /home/dmpasgal/Clothy/ROS/turtlebot3_ws/src/install/custom_interface/include/custom_interface/msg/detail/distvel__type_support.h
[0.625s] -- Up-to-date: /home/dmpasgal/Clothy/ROS/turtlebot3_ws/src/install/custom_interface/include/custom_interface/msg/detail/distvel__struct.h
[0.625s] -- Up-to-date: /home/dmpasgal/Clothy/ROS/turtlebot3_ws/src/install/custom_interface/include/custom_interface/msg/detail/distvel__functions.c
[0.625s] -- Up-to-date: /home/dmpasgal/Clothy/ROS/turtlebot3_ws/src/install/custom_interface/include/custom_interface/msg/rosidl_generator_c__visibility_control.h
[0.626s] -- Up-to-date: /home/dmpasgal/Clothy/ROS/turtlebot3_ws/src/install/custom_interface/include/custom_interface/srv
[0.626s] -- Up-to-date: /home/dmpasgal/Clothy/ROS/turtlebot3_ws/src/install/custom_interface/include/custom_interface/srv/my_move_msg.h
[0.626s] -- Up-to-date: /home/dmpasgal/Clothy/ROS/turtlebot3_ws/src/install/custom_interface/include/custom_interface/srv/detail
[0.626s] -- Up-to-date: /home/dmpasgal/Clothy/ROS/turtlebot3_ws/src/install/custom_interface/include/custom_interface/srv/detail/my_move_msg__struct.h
[0.626s] -- Up-to-date: /home/dmpasgal/Clothy/ROS/turtlebot3_ws/src/install/custom_interface/include/custom_interface/srv/detail/my_move_msg__functions.c
[0.626s] -- Up-to-date: /home/dmpasgal/Clothy/ROS/turtlebot3_ws/src/install/custom_interface/include/custom_interface/srv/detail/my_move_msg__type_support.h
[0.626s] -- Up-to-date: /home/dmpasgal/Clothy/ROS/turtlebot3_ws/src/install/custom_interface/include/custom_interface/srv/detail/my_move_msg__functions.h
[0.626s] -- Up-to-date: /home/dmpasgal/Clothy/ROS/turtlebot3_ws/src/install/custom_interface/share/custom_interface/environment/library_path.sh
[0.626s] -- Up-to-date: /home/dmpasgal/Clothy/ROS/turtlebot3_ws/src/install/custom_interface/share/custom_interface/environment/library_path.dsv
[0.627s] -- Up-to-date: /home/dmpasgal/Clothy/ROS/turtlebot3_ws/src/install/custom_interface/lib/libcustom_interface__rosidl_generator_c.so
[0.628s] -- Up-to-date: /home/dmpasgal/Clothy/ROS/turtlebot3_ws/src/install/custom_interface/include/custom_interface
[0.628s] -- Up-to-date: /home/dmpasgal/Clothy/ROS/turtlebot3_ws/src/install/custom_interface/include/custom_interface/msg
[0.628s] -- Up-to-date: /home/dmpasgal/Clothy/ROS/turtlebot3_ws/src/install/custom_interface/include/custom_interface/msg/detail
[0.628s] -- Up-to-date: /home/dmpasgal/Clothy/ROS/turtlebot3_ws/src/install/custom_interface/include/custom_interface/msg/detail/distvel__rosidl_typesupport_fastrtps_c.h
[0.628s] -- Up-to-date: /home/dmpasgal/Clothy/ROS/turtlebot3_ws/src/install/custom_interface/include/custom_interface/msg/rosidl_typesupport_fastrtps_c__visibility_control.h
[0.628s] -- Up-to-date: /home/dmpasgal/Clothy/ROS/turtlebot3_ws/src/install/custom_interface/include/custom_interface/srv
[0.628s] -- Up-to-date: /home/dmpasgal/Clothy/ROS/turtlebot3_ws/src/install/custom_interface/include/custom_interface/srv/detail
[0.628s] -- Up-to-date: /home/dmpasgal/Clothy/ROS/turtlebot3_ws/src/install/custom_interface/include/custom_interface/srv/detail/my_move_msg__rosidl_typesupport_fastrtps_c.h
[0.630s] -- Up-to-date: /home/dmpasgal/Clothy/ROS/turtlebot3_ws/src/install/custom_interface/lib/libcustom_interface__rosidl_typesupport_fastrtps_c.so
[0.630s] -- Up-to-date: /home/dmpasgal/Clothy/ROS/turtlebot3_ws/src/install/custom_interface/include/custom_interface
[0.630s] -- Up-to-date: /home/dmpasgal/Clothy/ROS/turtlebot3_ws/src/install/custom_interface/include/custom_interface/msg
[0.630s] -- Up-to-date: /home/dmpasgal/Clothy/ROS/turtlebot3_ws/src/install/custom_interface/include/custom_interface/msg/rosidl_typesupport_fastrtps_cpp__visibility_control.h
[0.630s] -- Up-to-date: /home/dmpasgal/Clothy/ROS/turtlebot3_ws/src/install/custom_interface/include/custom_interface/msg/detail
[0.630s] -- Up-to-date: /home/dmpasgal/Clothy/ROS/turtlebot3_ws/src/install/custom_interface/include/custom_interface/msg/detail/dds_fastrtps
[0.630s] -- Up-to-date: /home/dmpasgal/Clothy/ROS/turtlebot3_ws/src/install/custom_interface/include/custom_interface/msg/detail/distvel__rosidl_typesupport_fastrtps_cpp.hpp
[0.630s] -- Up-to-date: /home/dmpasgal/Clothy/ROS/turtlebot3_ws/src/install/custom_interface/include/custom_interface/srv
[0.630s] -- Up-to-date: /home/dmpasgal/Clothy/ROS/turtlebot3_ws/src/install/custom_interface/include/custom_interface/srv/detail
[0.630s] -- Up-to-date: /home/dmpasgal/Clothy/ROS/turtlebot3_ws/src/install/custom_interface/include/custom_interface/srv/detail/my_move_msg__rosidl_typesupport_fastrtps_cpp.hpp
[0.630s] -- Up-to-date: /home/dmpasgal/Clothy/ROS/turtlebot3_ws/src/install/custom_interface/include/custom_interface/srv/detail/dds_fastrtps
[0.632s] -- Up-to-date: /home/dmpasgal/Clothy/ROS/turtlebot3_ws/src/install/custom_interface/lib/libcustom_interface__rosidl_typesupport_fastrtps_cpp.so
[0.632s] -- Up-to-date: /home/dmpasgal/Clothy/ROS/turtlebot3_ws/src/install/custom_interface/include/custom_interface
[0.632s] -- Up-to-date: /home/dmpasgal/Clothy/ROS/turtlebot3_ws/src/install/custom_interface/include/custom_interface/msg
[0.632s] -- Up-to-date: /home/dmpasgal/Clothy/ROS/turtlebot3_ws/src/install/custom_interface/include/custom_interface/msg/rosidl_typesupport_introspection_c__visibility_control.h
[0.632s] -- Up-to-date: /home/dmpasgal/Clothy/ROS/turtlebot3_ws/src/install/custom_interface/include/custom_interface/msg/detail
[0.632s] -- Up-to-date: /home/dmpasgal/Clothy/ROS/turtlebot3_ws/src/install/custom_interface/include/custom_interface/msg/detail/distvel__type_support.c
[0.632s] -- Up-to-date: /home/dmpasgal/Clothy/ROS/turtlebot3_ws/src/install/custom_interface/include/custom_interface/msg/detail/distvel__rosidl_typesupport_introspection_c.h
[0.633s] -- Up-to-date: /home/dmpasgal/Clothy/ROS/turtlebot3_ws/src/install/custom_interface/include/custom_interface/srv
[0.633s] -- Up-to-date: /home/dmpasgal/Clothy/ROS/turtlebot3_ws/src/install/custom_interface/include/custom_interface/srv/detail
[0.633s] -- Up-to-date: /home/dmpasgal/Clothy/ROS/turtlebot3_ws/src/install/custom_interface/include/custom_interface/srv/detail/my_move_msg__type_support.c
[0.633s] -- Up-to-date: /home/dmpasgal/Clothy/ROS/turtlebot3_ws/src/install/custom_interface/include/custom_interface/srv/detail/my_move_msg__rosidl_typesupport_introspection_c.h
[0.634s] -- Up-to-date: /home/dmpasgal/Clothy/ROS/turtlebot3_ws/src/install/custom_interface/lib/libcustom_interface__rosidl_typesupport_introspection_c.so
[0.636s] -- Up-to-date: /home/dmpasgal/Clothy/ROS/turtlebot3_ws/src/install/custom_interface/lib/libcustom_interface__rosidl_typesupport_c.so
[0.636s] -- Up-to-date: /home/dmpasgal/Clothy/ROS/turtlebot3_ws/src/install/custom_interface/include/custom_interface
[0.636s] -- Up-to-date: /home/dmpasgal/Clothy/ROS/turtlebot3_ws/src/install/custom_interface/include/custom_interface/msg
[0.636s] -- Up-to-date: /home/dmpasgal/Clothy/ROS/turtlebot3_ws/src/install/custom_interface/include/custom_interface/msg/detail
[0.636s] -- Up-to-date: /home/dmpasgal/Clothy/ROS/turtlebot3_ws/src/install/custom_interface/include/custom_interface/msg/detail/distvel__traits.hpp
[0.636s] -- Up-to-date: /home/dmpasgal/Clothy/ROS/turtlebot3_ws/src/install/custom_interface/include/custom_interface/msg/detail/distvel__struct.hpp
[0.636s] -- Up-to-date: /home/dmpasgal/Clothy/ROS/turtlebot3_ws/src/install/custom_interface/include/custom_interface/msg/detail/distvel__builder.hpp
[0.636s] -- Up-to-date: /home/dmpasgal/Clothy/ROS/turtlebot3_ws/src/install/custom_interface/include/custom_interface/msg/distvel.hpp
[0.636s] -- Up-to-date: /home/dmpasgal/Clothy/ROS/turtlebot3_ws/src/install/custom_interface/include/custom_interface/srv
[0.636s] -- Up-to-date: /home/dmpasgal/Clothy/ROS/turtlebot3_ws/src/install/custom_interface/include/custom_interface/srv/my_move_msg.hpp
[0.636s] -- Up-to-date: /home/dmpasgal/Clothy/ROS/turtlebot3_ws/src/install/custom_interface/include/custom_interface/srv/detail
[0.636s] -- Up-to-date: /home/dmpasgal/Clothy/ROS/turtlebot3_ws/src/install/custom_interface/include/custom_interface/srv/detail/my_move_msg__struct.hpp
[0.636s] -- Up-to-date: /home/dmpasgal/Clothy/ROS/turtlebot3_ws/src/install/custom_interface/include/custom_interface/srv/detail/my_move_msg__builder.hpp
[0.636s] -- Up-to-date: /home/dmpasgal/Clothy/ROS/turtlebot3_ws/src/install/custom_interface/include/custom_interface/srv/detail/my_move_msg__traits.hpp
[0.636s] -- Up-to-date: /home/dmpasgal/Clothy/ROS/turtlebot3_ws/src/install/custom_interface/include/custom_interface
[0.636s] -- Up-to-date: /home/dmpasgal/Clothy/ROS/turtlebot3_ws/src/install/custom_interface/include/custom_interface/msg
[0.636s] -- Up-to-date: /home/dmpasgal/Clothy/ROS/turtlebot3_ws/src/install/custom_interface/include/custom_interface/msg/detail
[0.636s] -- Up-to-date: /home/dmpasgal/Clothy/ROS/turtlebot3_ws/src/install/custom_interface/include/custom_interface/msg/detail/distvel__type_support.cpp
[0.636s] -- Up-to-date: /home/dmpasgal/Clothy/ROS/turtlebot3_ws/src/install/custom_interface/include/custom_interface/msg/detail/distvel__rosidl_typesupport_introspection_cpp.hpp
[0.636s] -- Up-to-date: /home/dmpasgal/Clothy/ROS/turtlebot3_ws/src/install/custom_interface/include/custom_interface/srv
[0.636s] -- Up-to-date: /home/dmpasgal/Clothy/ROS/turtlebot3_ws/src/install/custom_interface/include/custom_interface/srv/detail
[0.636s] -- Up-to-date: /home/dmpasgal/Clothy/ROS/turtlebot3_ws/src/install/custom_interface/include/custom_interface/srv/detail/my_move_msg__rosidl_typesupport_introspection_cpp.hpp
[0.636s] -- Up-to-date: /home/dmpasgal/Clothy/ROS/turtlebot3_ws/src/install/custom_interface/include/custom_interface/srv/detail/my_move_msg__type_support.cpp
[0.638s] -- Up-to-date: /home/dmpasgal/Clothy/ROS/turtlebot3_ws/src/install/custom_interface/lib/libcustom_interface__rosidl_typesupport_introspection_cpp.so
[0.639s] -- Up-to-date: /home/dmpasgal/Clothy/ROS/turtlebot3_ws/src/install/custom_interface/lib/libcustom_interface__rosidl_typesupport_cpp.so
[0.639s] -- Up-to-date: /home/dmpasgal/Clothy/ROS/turtlebot3_ws/src/install/custom_interface/share/custom_interface/environment/pythonpath.sh
[0.639s] -- Up-to-date: /home/dmpasgal/Clothy/ROS/turtlebot3_ws/src/install/custom_interface/share/custom_interface/environment/pythonpath.dsv
[0.639s] -- Up-to-date: /home/dmpasgal/Clothy/ROS/turtlebot3_ws/src/install/custom_interface/lib/python3.8/site-packages/custom_interface/__init__.py
[0.680s] -- Up-to-date: /home/dmpasgal/Clothy/ROS/turtlebot3_ws/src/install/custom_interface/lib/python3.8/site-packages/custom_interface/msg
[0.680s] -- Up-to-date: /home/dmpasgal/Clothy/ROS/turtlebot3_ws/src/install/custom_interface/lib/python3.8/site-packages/custom_interface/msg/_distvel_s.c
[0.681s] -- Up-to-date: /home/dmpasgal/Clothy/ROS/turtlebot3_ws/src/install/custom_interface/lib/python3.8/site-packages/custom_interface/msg/_distvel.py
[0.681s] -- Up-to-date: /home/dmpasgal/Clothy/ROS/turtlebot3_ws/src/install/custom_interface/lib/python3.8/site-packages/custom_interface/msg/__init__.py
[0.681s] -- Up-to-date: /home/dmpasgal/Clothy/ROS/turtlebot3_ws/src/install/custom_interface/lib/python3.8/site-packages/custom_interface/srv
[0.681s] -- Up-to-date: /home/dmpasgal/Clothy/ROS/turtlebot3_ws/src/install/custom_interface/lib/python3.8/site-packages/custom_interface/srv/_my_move_msg_s.c
[0.681s] -- Up-to-date: /home/dmpasgal/Clothy/ROS/turtlebot3_ws/src/install/custom_interface/lib/python3.8/site-packages/custom_interface/srv/__init__.py
[0.681s] -- Up-to-date: /home/dmpasgal/Clothy/ROS/turtlebot3_ws/src/install/custom_interface/lib/python3.8/site-packages/custom_interface/srv/_my_move_msg.py
[0.682s] -- Up-to-date: /home/dmpasgal/Clothy/ROS/turtlebot3_ws/src/install/custom_interface/lib/python3.8/site-packages/custom_interface/custom_interface_s__rosidl_typesupport_fastrtps_c.cpython-38-x86_64-linux-gnu.so
[0.684s] -- Up-to-date: /home/dmpasgal/Clothy/ROS/turtlebot3_ws/src/install/custom_interface/lib/python3.8/site-packages/custom_interface/custom_interface_s__rosidl_typesupport_introspection_c.cpython-38-x86_64-linux-gnu.so
[0.686s] -- Up-to-date: /home/dmpasgal/Clothy/ROS/turtlebot3_ws/src/install/custom_interface/lib/python3.8/site-packages/custom_interface/custom_interface_s__rosidl_typesupport_c.cpython-38-x86_64-linux-gnu.so
[0.688s] -- Up-to-date: /home/dmpasgal/Clothy/ROS/turtlebot3_ws/src/install/custom_interface/lib/libcustom_interface__python.so
[0.688s] -- Up-to-date: /home/dmpasgal/Clothy/ROS/turtlebot3_ws/src/install/custom_interface/share/custom_interface/msg/Distvel.idl
[0.688s] -- Up-to-date: /home/dmpasgal/Clothy/ROS/turtlebot3_ws/src/install/custom_interface/share/custom_interface/srv/MyMoveMsg.idl
[0.688s] -- Up-to-date: /home/dmpasgal/Clothy/ROS/turtlebot3_ws/src/install/custom_interface/share/custom_interface/msg/Distvel.msg
[0.689s] -- Up-to-date: /home/dmpasgal/Clothy/ROS/turtlebot3_ws/src/install/custom_interface/share/custom_interface/srv/MyMoveMsg.srv
[0.689s] -- Up-to-date: /home/dmpasgal/Clothy/ROS/turtlebot3_ws/src/install/custom_interface/share/custom_interface/srv/MyMoveMsg_Request.msg
[0.689s] -- Up-to-date: /home/dmpasgal/Clothy/ROS/turtlebot3_ws/src/install/custom_interface/share/custom_interface/srv/MyMoveMsg_Response.msg
[0.689s] -- Up-to-date: /home/dmpasgal/Clothy/ROS/turtlebot3_ws/src/install/custom_interface/share/ament_index/resource_index/package_run_dependencies/custom_interface
[0.689s] -- Up-to-date: /home/dmpasgal/Clothy/ROS/turtlebot3_ws/src/install/custom_interface/share/ament_index/resource_index/parent_prefix_path/custom_interface
[0.689s] -- Up-to-date: /home/dmpasgal/Clothy/ROS/turtlebot3_ws/src/install/custom_interface/share/custom_interface/environment/ament_prefix_path.sh
[0.689s] -- Up-to-date: /home/dmpasgal/Clothy/ROS/turtlebot3_ws/src/install/custom_interface/share/custom_interface/environment/ament_prefix_path.dsv
[0.689s] -- Up-to-date: /home/dmpasgal/Clothy/ROS/turtlebot3_ws/src/install/custom_interface/share/custom_interface/environment/path.sh
[0.689s] -- Up-to-date: /home/dmpasgal/Clothy/ROS/turtlebot3_ws/src/install/custom_interface/share/custom_interface/environment/path.dsv
[0.689s] -- Up-to-date: /home/dmpasgal/Clothy/ROS/turtlebot3_ws/src/install/custom_interface/share/custom_interface/local_setup.bash
[0.690s] -- Up-to-date: /home/dmpasgal/Clothy/ROS/turtlebot3_ws/src/install/custom_interface/share/custom_interface/local_setup.sh
[0.690s] -- Up-to-date: /home/dmpasgal/Clothy/ROS/turtlebot3_ws/src/install/custom_interface/share/custom_interface/local_setup.zsh
[0.690s] -- Up-to-date: /home/dmpasgal/Clothy/ROS/turtlebot3_ws/src/install/custom_interface/share/custom_interface/local_setup.dsv
[0.690s] -- Installing: /home/dmpasgal/Clothy/ROS/turtlebot3_ws/src/install/custom_interface/share/custom_interface/package.dsv
[0.691s] -- Up-to-date: /home/dmpasgal/Clothy/ROS/turtlebot3_ws/src/install/custom_interface/share/ament_index/resource_index/packages/custom_interface
[0.692s] -- Up-to-date: /home/dmpasgal/Clothy/ROS/turtlebot3_ws/src/install/custom_interface/share/custom_interface/cmake/custom_interface__rosidl_generator_cExport.cmake
[0.692s] -- Up-to-date: /home/dmpasgal/Clothy/ROS/turtlebot3_ws/src/install/custom_interface/share/custom_interface/cmake/custom_interface__rosidl_generator_cExport-noconfig.cmake
[0.694s] -- Up-to-date: /home/dmpasgal/Clothy/ROS/turtlebot3_ws/src/install/custom_interface/share/custom_interface/cmake/custom_interface__rosidl_typesupport_introspection_cExport.cmake
[0.694s] -- Up-to-date: /home/dmpasgal/Clothy/ROS/turtlebot3_ws/src/install/custom_interface/share/custom_interface/cmake/custom_interface__rosidl_typesupport_introspection_cExport-noconfig.cmake
[0.695s] -- Up-to-date: /home/dmpasgal/Clothy/ROS/turtlebot3_ws/src/install/custom_interface/share/custom_interface/cmake/custom_interface__rosidl_typesupport_cExport.cmake
[0.696s] -- Up-to-date: /home/dmpasgal/Clothy/ROS/turtlebot3_ws/src/install/custom_interface/share/custom_interface/cmake/custom_interface__rosidl_typesupport_cExport-noconfig.cmake
[0.697s] -- Up-to-date: /home/dmpasgal/Clothy/ROS/turtlebot3_ws/src/install/custom_interface/share/custom_interface/cmake/custom_interface__rosidl_generator_cppExport.cmake
[0.698s] -- Up-to-date: /home/dmpasgal/Clothy/ROS/turtlebot3_ws/src/install/custom_interface/share/custom_interface/cmake/custom_interface__rosidl_typesupport_introspection_cppExport.cmake
[0.698s] -- Up-to-date: /home/dmpasgal/Clothy/ROS/turtlebot3_ws/src/install/custom_interface/share/custom_interface/cmake/custom_interface__rosidl_typesupport_introspection_cppExport-noconfig.cmake
[0.700s] -- Up-to-date: /home/dmpasgal/Clothy/ROS/turtlebot3_ws/src/install/custom_interface/share/custom_interface/cmake/custom_interface__rosidl_typesupport_cppExport.cmake
[0.700s] -- Up-to-date: /home/dmpasgal/Clothy/ROS/turtlebot3_ws/src/install/custom_interface/share/custom_interface/cmake/custom_interface__rosidl_typesupport_cppExport-noconfig.cmake
[0.700s] -- Up-to-date: /home/dmpasgal/Clothy/ROS/turtlebot3_ws/src/install/custom_interface/share/custom_interface/cmake/rosidl_cmake-extras.cmake
[0.700s] -- Up-to-date: /home/dmpasgal/Clothy/ROS/turtlebot3_ws/src/install/custom_interface/share/custom_interface/cmake/ament_cmake_export_dependencies-extras.cmake
[0.700s] -- Up-to-date: /home/dmpasgal/Clothy/ROS/turtlebot3_ws/src/install/custom_interface/share/custom_interface/cmake/ament_cmake_export_libraries-extras.cmake
[0.700s] -- Up-to-date: /home/dmpasgal/Clothy/ROS/turtlebot3_ws/src/install/custom_interface/share/custom_interface/cmake/ament_cmake_export_targets-extras.cmake
[0.700s] -- Up-to-date: /home/dmpasgal/Clothy/ROS/turtlebot3_ws/src/install/custom_interface/share/custom_interface/cmake/ament_cmake_export_include_directories-extras.cmake
[0.700s] -- Up-to-date: /home/dmpasgal/Clothy/ROS/turtlebot3_ws/src/install/custom_interface/share/custom_interface/cmake/rosidl_cmake_export_typesupport_libraries-extras.cmake
[0.700s] -- Up-to-date: /home/dmpasgal/Clothy/ROS/turtlebot3_ws/src/install/custom_interface/share/custom_interface/cmake/rosidl_cmake_export_typesupport_targets-extras.cmake
[0.701s] -- Up-to-date: /home/dmpasgal/Clothy/ROS/turtlebot3_ws/src/install/custom_interface/share/custom_interface/cmake/custom_interfaceConfig.cmake
[0.701s] -- Up-to-date: /home/dmpasgal/Clothy/ROS/turtlebot3_ws/src/install/custom_interface/share/custom_interface/cmake/custom_interfaceConfig-version.cmake
[0.701s] -- Up-to-date: /home/dmpasgal/Clothy/ROS/turtlebot3_ws/src/install/custom_interface/share/custom_interface/package.xml
[0.704s] Invoked command in '/home/dmpasgal/Clothy/ROS/turtlebot3_ws/src/build/custom_interface' returned '0': CMAKE_PREFIX_PATH=${CMAKE_PREFIX_PATH}:/home/dmpasgal/turtlebot3_ws/install/show_msg:/home/dmpasgal/turtlebot3_ws/install/my_first_subscriber:/home/dmpasgal/turtlebot3_ws/install/my_first_publisher:/home/dmpasgal/turtlebot3_ws/install/my_first_node:/home/dmpasgal/turtlebot3_ws/src/install/show_msg:/opt/ros/galactic /usr/bin/cmake --install /home/dmpasgal/Clothy/ROS/turtlebot3_ws/src/build/custom_interface
