[1.290s] DEBUG:colcon:Command line arguments: ['/usr/bin/colcon', 'build', '--packages-select', 'ros']
[1.291s] DEBUG:colcon:Parsed command line arguments: Namespace(allow_overriding=[], ament_cmake_args=None, base_paths=['.'], build_base='build', catkin_cmake_args=None, catkin_skip_building_tests=False, cmake_args=None, cmake_clean_cache=False, cmake_clean_first=False, cmake_force_configure=False, cmake_target=None, cmake_target_skip_unavailable=False, continue_on_error=False, event_handlers=None, executor='parallel', ignore_user_meta=False, install_base='install', log_base=None, log_level=None, main=<bound method BuildVerb.main of <colcon_core.verb.build.BuildVerb object at 0x7f4119a36040>>, merge_install=False, metas=['./colcon.meta'], packages_above=None, packages_above_and_dependencies=None, packages_above_depth=None, packages_end=None, packages_ignore=None, packages_ignore_regex=None, packages_select=['ros'], packages_select_build_failed=False, packages_select_by_dep=None, packages_select_regex=None, packages_select_test_failures=False, packages_skip=None, packages_skip_build_finished=False, packages_skip_by_dep=None, packages_skip_regex=None, packages_skip_test_passed=False, packages_skip_up_to=None, packages_start=None, packages_up_to=None, packages_up_to_regex=None, parallel_workers=4, paths=None, symlink_install=False, test_result_base=None, verb_extension=<colcon_core.verb.build.BuildVerb object at 0x7f4119a36040>, verb_name='build', verb_parser=<colcon_defaults.argument_parser.defaults.DefaultArgumentsDecorator object at 0x7f4119a65e50>)
[1.355s] Level 1:colcon.colcon_core.package_discovery:discover_packages(colcon_meta) check parameters
[1.356s] Level 1:colcon.colcon_core.package_discovery:discover_packages(recursive) check parameters
[1.356s] Level 1:colcon.colcon_core.package_discovery:discover_packages(ignore) check parameters
[1.356s] Level 1:colcon.colcon_core.package_discovery:discover_packages(path) check parameters
[1.356s] Level 1:colcon.colcon_core.package_discovery:discover_packages(colcon_meta) discover
[1.356s] Level 1:colcon.colcon_core.package_discovery:discover_packages(recursive) discover
[1.356s] INFO:colcon.colcon_core.package_discovery:Crawling recursively for packages in '/home/dmpasgal/Clothy/ROS/turtlebot3_ws/src'
[1.356s] Level 1:colcon.colcon_core.package_identification:_identify(.) by extensions ['ignore', 'ignore_ament_install']
[1.357s] Level 1:colcon.colcon_core.package_identification:_identify(.) by extension 'ignore'
[1.357s] Level 1:colcon.colcon_core.package_identification:_identify(.) by extension 'ignore_ament_install'
[1.357s] Level 1:colcon.colcon_core.package_identification:_identify(.) by extensions ['colcon_pkg']
[1.357s] Level 1:colcon.colcon_core.package_identification:_identify(.) by extension 'colcon_pkg'
[1.358s] Level 1:colcon.colcon_core.package_identification:_identify(.) by extensions ['colcon_meta']
[1.358s] Level 1:colcon.colcon_core.package_identification:_identify(.) by extension 'colcon_meta'
[1.360s] Level 1:colcon.colcon_core.package_identification:_identify(.) by extensions ['ros']
[1.361s] Level 1:colcon.colcon_core.package_identification:_identify(.) by extension 'ros'
[1.370s] Level 1:colcon.colcon_core.package_identification:_identify(.) by extensions ['cmake', 'python']
[1.370s] Level 1:colcon.colcon_core.package_identification:_identify(.) by extension 'cmake'
[1.371s] Level 1:colcon.colcon_core.package_identification:_identify(.) by extension 'python'
[1.371s] Level 1:colcon.colcon_core.package_identification:_identify(.) by extensions ['python_setup_py']
[1.371s] Level 1:colcon.colcon_core.package_identification:_identify(.) by extension 'python_setup_py'
[1.371s] Level 1:colcon.colcon_core.package_identification:_identify(build) by extensions ['ignore', 'ignore_ament_install']
[1.371s] Level 1:colcon.colcon_core.package_identification:_identify(build) by extension 'ignore'
[1.371s] Level 1:colcon.colcon_core.package_identification:_identify(build) ignored
[1.371s] Level 1:colcon.colcon_core.package_identification:_identify(custom_interface) by extensions ['ignore', 'ignore_ament_install']
[1.371s] Level 1:colcon.colcon_core.package_identification:_identify(custom_interface) by extension 'ignore'
[1.371s] Level 1:colcon.colcon_core.package_identification:_identify(custom_interface) by extension 'ignore_ament_install'
[1.371s] Level 1:colcon.colcon_core.package_identification:_identify(custom_interface) by extensions ['colcon_pkg']
[1.372s] Level 1:colcon.colcon_core.package_identification:_identify(custom_interface) by extension 'colcon_pkg'
[1.372s] Level 1:colcon.colcon_core.package_identification:_identify(custom_interface) by extensions ['colcon_meta']
[1.372s] Level 1:colcon.colcon_core.package_identification:_identify(custom_interface) by extension 'colcon_meta'
[1.372s] Level 1:colcon.colcon_core.package_identification:_identify(custom_interface) by extensions ['ros']
[1.372s] Level 1:colcon.colcon_core.package_identification:_identify(custom_interface) by extension 'ros'
[1.374s] DEBUG:colcon.colcon_core.package_identification:Package 'custom_interface' with type 'ros.ament_cmake' and name 'custom_interface'
[1.374s] Level 1:colcon.colcon_core.package_identification:_identify(install) by extensions ['ignore', 'ignore_ament_install']
[1.374s] Level 1:colcon.colcon_core.package_identification:_identify(install) by extension 'ignore'
[1.374s] Level 1:colcon.colcon_core.package_identification:_identify(install) ignored
[1.374s] Level 1:colcon.colcon_core.package_identification:_identify(log) by extensions ['ignore', 'ignore_ament_install']
[1.374s] Level 1:colcon.colcon_core.package_identification:_identify(log) by extension 'ignore'
[1.375s] Level 1:colcon.colcon_core.package_identification:_identify(log) ignored
[1.375s] Level 1:colcon.colcon_core.package_identification:_identify(my_slam) by extensions ['ignore', 'ignore_ament_install']
[1.375s] Level 1:colcon.colcon_core.package_identification:_identify(my_slam) by extension 'ignore'
[1.375s] Level 1:colcon.colcon_core.package_identification:_identify(my_slam) by extension 'ignore_ament_install'
[1.375s] Level 1:colcon.colcon_core.package_identification:_identify(my_slam) by extensions ['colcon_pkg']
[1.375s] Level 1:colcon.colcon_core.package_identification:_identify(my_slam) by extension 'colcon_pkg'
[1.375s] Level 1:colcon.colcon_core.package_identification:_identify(my_slam) by extensions ['colcon_meta']
[1.375s] Level 1:colcon.colcon_core.package_identification:_identify(my_slam) by extension 'colcon_meta'
[1.375s] Level 1:colcon.colcon_core.package_identification:_identify(my_slam) by extensions ['ros']
[1.375s] Level 1:colcon.colcon_core.package_identification:_identify(my_slam) by extension 'ros'
[1.376s] DEBUG:colcon.colcon_core.package_identification:Package 'my_slam' with type 'ros.ament_python' and name 'my_slam'
[1.376s] Level 1:colcon.colcon_core.package_identification:_identify(my_world) by extensions ['ignore', 'ignore_ament_install']
[1.376s] Level 1:colcon.colcon_core.package_identification:_identify(my_world) by extension 'ignore'
[1.376s] Level 1:colcon.colcon_core.package_identification:_identify(my_world) by extension 'ignore_ament_install'
[1.376s] Level 1:colcon.colcon_core.package_identification:_identify(my_world) by extensions ['colcon_pkg']
[1.376s] Level 1:colcon.colcon_core.package_identification:_identify(my_world) by extension 'colcon_pkg'
[1.376s] Level 1:colcon.colcon_core.package_identification:_identify(my_world) by extensions ['colcon_meta']
[1.376s] Level 1:colcon.colcon_core.package_identification:_identify(my_world) by extension 'colcon_meta'
[1.376s] Level 1:colcon.colcon_core.package_identification:_identify(my_world) by extensions ['ros']
[1.376s] Level 1:colcon.colcon_core.package_identification:_identify(my_world) by extension 'ros'
[1.377s] DEBUG:colcon.colcon_core.package_identification:Package 'my_world' with type 'ros.ament_cmake' and name 'my_world'
[1.377s] Level 1:colcon.colcon_core.package_identification:_identify(provide_map) by extensions ['ignore', 'ignore_ament_install']
[1.377s] Level 1:colcon.colcon_core.package_identification:_identify(provide_map) by extension 'ignore'
[1.377s] Level 1:colcon.colcon_core.package_identification:_identify(provide_map) by extension 'ignore_ament_install'
[1.377s] Level 1:colcon.colcon_core.package_identification:_identify(provide_map) by extensions ['colcon_pkg']
[1.377s] Level 1:colcon.colcon_core.package_identification:_identify(provide_map) by extension 'colcon_pkg'
[1.378s] Level 1:colcon.colcon_core.package_identification:_identify(provide_map) by extensions ['colcon_meta']
[1.378s] Level 1:colcon.colcon_core.package_identification:_identify(provide_map) by extension 'colcon_meta'
[1.378s] Level 1:colcon.colcon_core.package_identification:_identify(provide_map) by extensions ['ros']
[1.378s] Level 1:colcon.colcon_core.package_identification:_identify(provide_map) by extension 'ros'
[1.378s] DEBUG:colcon.colcon_core.package_identification:Package 'provide_map' with type 'ros.ament_python' and name 'provide_map'
[1.378s] Level 1:colcon.colcon_core.package_identification:_identify(show_msg) by extensions ['ignore', 'ignore_ament_install']
[1.378s] Level 1:colcon.colcon_core.package_identification:_identify(show_msg) by extension 'ignore'
[1.378s] Level 1:colcon.colcon_core.package_identification:_identify(show_msg) by extension 'ignore_ament_install'
[1.378s] Level 1:colcon.colcon_core.package_identification:_identify(show_msg) by extensions ['colcon_pkg']
[1.379s] Level 1:colcon.colcon_core.package_identification:_identify(show_msg) by extension 'colcon_pkg'
[1.379s] Level 1:colcon.colcon_core.package_identification:_identify(show_msg) by extensions ['colcon_meta']
[1.379s] Level 1:colcon.colcon_core.package_identification:_identify(show_msg) by extension 'colcon_meta'
[1.379s] Level 1:colcon.colcon_core.package_identification:_identify(show_msg) by extensions ['ros']
[1.379s] Level 1:colcon.colcon_core.package_identification:_identify(show_msg) by extension 'ros'
[1.379s] DEBUG:colcon.colcon_core.package_identification:Package 'show_msg' with type 'ros.ament_python' and name 'show_msg'
[1.380s] Level 1:colcon.colcon_core.package_identification:_identify(turtlebot3_simulations) by extensions ['ignore', 'ignore_ament_install']
[1.380s] Level 1:colcon.colcon_core.package_identification:_identify(turtlebot3_simulations) by extension 'ignore'
[1.380s] Level 1:colcon.colcon_core.package_identification:_identify(turtlebot3_simulations) by extension 'ignore_ament_install'
[1.380s] Level 1:colcon.colcon_core.package_identification:_identify(turtlebot3_simulations) by extensions ['colcon_pkg']
[1.380s] Level 1:colcon.colcon_core.package_identification:_identify(turtlebot3_simulations) by extension 'colcon_pkg'
[1.380s] Level 1:colcon.colcon_core.package_identification:_identify(turtlebot3_simulations) by extensions ['colcon_meta']
[1.380s] Level 1:colcon.colcon_core.package_identification:_identify(turtlebot3_simulations) by extension 'colcon_meta'
[1.380s] Level 1:colcon.colcon_core.package_identification:_identify(turtlebot3_simulations) by extensions ['ros']
[1.380s] Level 1:colcon.colcon_core.package_identification:_identify(turtlebot3_simulations) by extension 'ros'
[1.380s] Level 1:colcon.colcon_core.package_identification:_identify(turtlebot3_simulations) by extensions ['cmake', 'python']
[1.380s] Level 1:colcon.colcon_core.package_identification:_identify(turtlebot3_simulations) by extension 'cmake'
[1.380s] Level 1:colcon.colcon_core.package_identification:_identify(turtlebot3_simulations) by extension 'python'
[1.381s] Level 1:colcon.colcon_core.package_identification:_identify(turtlebot3_simulations) by extensions ['python_setup_py']
[1.381s] Level 1:colcon.colcon_core.package_identification:_identify(turtlebot3_simulations) by extension 'python_setup_py'
[1.381s] Level 1:colcon.colcon_core.package_identification:_identify(turtlebot3_simulations/turtlebot3_fake_node) by extensions ['ignore', 'ignore_ament_install']
[1.381s] Level 1:colcon.colcon_core.package_identification:_identify(turtlebot3_simulations/turtlebot3_fake_node) by extension 'ignore'
[1.381s] Level 1:colcon.colcon_core.package_identification:_identify(turtlebot3_simulations/turtlebot3_fake_node) by extension 'ignore_ament_install'
[1.381s] Level 1:colcon.colcon_core.package_identification:_identify(turtlebot3_simulations/turtlebot3_fake_node) by extensions ['colcon_pkg']
[1.381s] Level 1:colcon.colcon_core.package_identification:_identify(turtlebot3_simulations/turtlebot3_fake_node) by extension 'colcon_pkg'
[1.381s] Level 1:colcon.colcon_core.package_identification:_identify(turtlebot3_simulations/turtlebot3_fake_node) by extensions ['colcon_meta']
[1.381s] Level 1:colcon.colcon_core.package_identification:_identify(turtlebot3_simulations/turtlebot3_fake_node) by extension 'colcon_meta'
[1.381s] Level 1:colcon.colcon_core.package_identification:_identify(turtlebot3_simulations/turtlebot3_fake_node) by extensions ['ros']
[1.381s] Level 1:colcon.colcon_core.package_identification:_identify(turtlebot3_simulations/turtlebot3_fake_node) by extension 'ros'
[1.382s] DEBUG:colcon.colcon_core.package_identification:Package 'turtlebot3_simulations/turtlebot3_fake_node' with type 'ros.ament_cmake' and name 'turtlebot3_fake_node'
[1.382s] Level 1:colcon.colcon_core.package_identification:_identify(turtlebot3_simulations/turtlebot3_gazebo) by extensions ['ignore', 'ignore_ament_install']
[1.382s] Level 1:colcon.colcon_core.package_identification:_identify(turtlebot3_simulations/turtlebot3_gazebo) by extension 'ignore'
[1.382s] Level 1:colcon.colcon_core.package_identification:_identify(turtlebot3_simulations/turtlebot3_gazebo) by extension 'ignore_ament_install'
[1.382s] Level 1:colcon.colcon_core.package_identification:_identify(turtlebot3_simulations/turtlebot3_gazebo) by extensions ['colcon_pkg']
[1.383s] Level 1:colcon.colcon_core.package_identification:_identify(turtlebot3_simulations/turtlebot3_gazebo) by extension 'colcon_pkg'
[1.383s] Level 1:colcon.colcon_core.package_identification:_identify(turtlebot3_simulations/turtlebot3_gazebo) by extensions ['colcon_meta']
[1.383s] Level 1:colcon.colcon_core.package_identification:_identify(turtlebot3_simulations/turtlebot3_gazebo) by extension 'colcon_meta'
[1.383s] Level 1:colcon.colcon_core.package_identification:_identify(turtlebot3_simulations/turtlebot3_gazebo) by extensions ['ros']
[1.383s] Level 1:colcon.colcon_core.package_identification:_identify(turtlebot3_simulations/turtlebot3_gazebo) by extension 'ros'
[1.383s] DEBUG:colcon.colcon_core.package_identification:Package 'turtlebot3_simulations/turtlebot3_gazebo' with type 'ros.ament_cmake' and name 'turtlebot3_gazebo'
[1.383s] Level 1:colcon.colcon_core.package_identification:_identify(turtlebot3_simulations/turtlebot3_simulations) by extensions ['ignore', 'ignore_ament_install']
[1.384s] Level 1:colcon.colcon_core.package_identification:_identify(turtlebot3_simulations/turtlebot3_simulations) by extension 'ignore'
[1.384s] Level 1:colcon.colcon_core.package_identification:_identify(turtlebot3_simulations/turtlebot3_simulations) by extension 'ignore_ament_install'
[1.384s] Level 1:colcon.colcon_core.package_identification:_identify(turtlebot3_simulations/turtlebot3_simulations) by extensions ['colcon_pkg']
[1.384s] Level 1:colcon.colcon_core.package_identification:_identify(turtlebot3_simulations/turtlebot3_simulations) by extension 'colcon_pkg'
[1.384s] Level 1:colcon.colcon_core.package_identification:_identify(turtlebot3_simulations/turtlebot3_simulations) by extensions ['colcon_meta']
[1.384s] Level 1:colcon.colcon_core.package_identification:_identify(turtlebot3_simulations/turtlebot3_simulations) by extension 'colcon_meta'
[1.384s] Level 1:colcon.colcon_core.package_identification:_identify(turtlebot3_simulations/turtlebot3_simulations) by extensions ['ros']
[1.384s] Level 1:colcon.colcon_core.package_identification:_identify(turtlebot3_simulations/turtlebot3_simulations) by extension 'ros'
[1.384s] DEBUG:colcon.colcon_core.package_identification:Package 'turtlebot3_simulations/turtlebot3_simulations' with type 'ros.ament_cmake' and name 'turtlebot3_simulations'
[1.384s] Level 1:colcon.colcon_core.package_discovery:discover_packages(recursive) using defaults
[1.385s] Level 1:colcon.colcon_core.package_discovery:discover_packages(ignore) discover
[1.385s] Level 1:colcon.colcon_core.package_discovery:discover_packages(ignore) using defaults
[1.385s] Level 1:colcon.colcon_core.package_discovery:discover_packages(path) discover
[1.385s] Level 1:colcon.colcon_core.package_discovery:discover_packages(path) using defaults
[1.407s] WARNING:colcon.colcon_core.package_selection:ignoring unknown package 'ros' in --packages-select
[1.461s] INFO:colcon.colcon_core.package_selection:Skipping not selected package 'custom_interface' in 'custom_interface'
[1.462s] INFO:colcon.colcon_core.package_selection:Skipping not selected package 'my_slam' in 'my_slam'
[1.463s] INFO:colcon.colcon_core.package_selection:Skipping not selected package 'provide_map' in 'provide_map'
[1.469s] INFO:colcon.colcon_core.package_selection:Skipping not selected package 'turtlebot3_fake_node' in 'turtlebot3_simulations/turtlebot3_fake_node'
[1.470s] INFO:colcon.colcon_core.package_selection:Skipping not selected package 'turtlebot3_gazebo' in 'turtlebot3_simulations/turtlebot3_gazebo'
[1.470s] INFO:colcon.colcon_core.package_selection:Skipping not selected package 'my_world' in 'my_world'
[1.471s] INFO:colcon.colcon_core.package_selection:Skipping not selected package 'show_msg' in 'show_msg'
[1.472s] INFO:colcon.colcon_core.package_selection:Skipping not selected package 'turtlebot3_simulations' in 'turtlebot3_simulations/turtlebot3_simulations'
[1.518s] Level 1:colcon.colcon_core.package_discovery:discover_packages(prefix_path) check parameters
[1.518s] Level 1:colcon.colcon_core.package_discovery:discover_packages(prefix_path) discover
[1.562s] DEBUG:colcon.colcon_installed_package_information.package_discovery:Found 4 installed packages in /home/dmpasgal/Clothy/ROS/turtlebot3_ws/src/install
[1.584s] DEBUG:colcon.colcon_installed_package_information.package_discovery:Found 9 installed packages in /home/dmpasgal/turtlebot3_ws/install
[1.606s] DEBUG:colcon.colcon_installed_package_information.package_discovery:Found 1 installed packages in /home/dmpasgal/turtlebot3_ws/src/install
[1.627s] DEBUG:colcon.colcon_installed_package_information.package_discovery:Found 336 installed packages in /opt/ros/galactic
[1.628s] Level 1:colcon.colcon_core.package_discovery:discover_packages(prefix_path) using defaults
[1.722s] INFO:colcon.colcon_core.executor:Executing jobs using 'parallel' executor
[1.759s] DEBUG:colcon.colcon_parallel_executor.executor.parallel:run_until_complete
[1.760s] DEBUG:colcon.colcon_parallel_executor.executor.parallel:closing loop
[1.760s] DEBUG:colcon.colcon_parallel_executor.executor.parallel:loop closed
[1.760s] DEBUG:colcon.colcon_parallel_executor.executor.parallel:run_until_complete finished with '0'
[1.761s] DEBUG:colcon.colcon_core.event_reactor:joining thread
[1.791s] INFO:colcon.colcon_core.plugin_system:Skipping extension 'colcon_notification.desktop_notification.terminal_notifier': Not used on non-Darwin systems
[1.792s] INFO:colcon.colcon_core.plugin_system:Skipping extension 'colcon_notification.desktop_notification.win32': Not used on non-Windows systems
[1.792s] INFO:colcon.colcon_notification.desktop_notification:Sending desktop notification using 'notify2'
[1.806s] DEBUG:colcon.colcon_core.event_reactor:joined thread
[1.831s] INFO:colcon.colcon_core.plugin_system:Skipping extension 'colcon_core.shell.bat': Not used on non-Windows systems
[1.831s] INFO:colcon.colcon_core.shell:Creating prefix script '/home/dmpasgal/Clothy/ROS/turtlebot3_ws/src/install/local_setup.ps1'
[1.832s] INFO:colcon.colcon_core.shell:Creating prefix util module '/home/dmpasgal/Clothy/ROS/turtlebot3_ws/src/install/_local_setup_util_ps1.py'
[1.833s] INFO:colcon.colcon_core.shell:Creating prefix chain script '/home/dmpasgal/Clothy/ROS/turtlebot3_ws/src/install/setup.ps1'
[1.864s] INFO:colcon.colcon_core.shell:Creating prefix script '/home/dmpasgal/Clothy/ROS/turtlebot3_ws/src/install/local_setup.sh'
[1.865s] INFO:colcon.colcon_core.shell:Creating prefix util module '/home/dmpasgal/Clothy/ROS/turtlebot3_ws/src/install/_local_setup_util_sh.py'
[1.865s] INFO:colcon.colcon_core.shell:Creating prefix chain script '/home/dmpasgal/Clothy/ROS/turtlebot3_ws/src/install/setup.sh'
[1.889s] INFO:colcon.colcon_core.shell:Creating prefix script '/home/dmpasgal/Clothy/ROS/turtlebot3_ws/src/install/local_setup.bash'
[1.890s] INFO:colcon.colcon_core.shell:Creating prefix chain script '/home/dmpasgal/Clothy/ROS/turtlebot3_ws/src/install/setup.bash'
[1.916s] INFO:colcon.colcon_core.shell:Creating prefix script '/home/dmpasgal/Clothy/ROS/turtlebot3_ws/src/install/local_setup.zsh'
[1.917s] INFO:colcon.colcon_core.shell:Creating prefix chain script '/home/dmpasgal/Clothy/ROS/turtlebot3_ws/src/install/setup.zsh'
