[0.488s] Invoking command in '/home/dmpasgal/Clothy/build/turtlebot3_simulations': AMENT_PREFIX_PATH=/home/dmpasgal/Clothy/install/turtlebot3_gazebo:/home/dmpasgal/Clothy/install/turtlebot3_fake_node:${AMENT_PREFIX_PATH} CMAKE_PREFIX_PATH=/home/dmpasgal/Clothy/install/turtlebot3_gazebo:/home/dmpasgal/Clothy/install/turtlebot3_fake_node:/home/dmpasgal/turtlebot3_ws/install/turtlebot3_simulations:/home/dmpasgal/turtlebot3_ws/install/turtlebot3_gazebo:/home/dmpasgal/turtlebot3_ws/install/turtlebot3_fake_node:/home/dmpasgal/turtlebot3_ws/install/package_name:/home/dmpasgal/turtlebot3_ws/install/custom_interface:/home/dmpasgal/turtlebot3_ws/install/show_msg:/home/dmpasgal/turtlebot3_ws/install/my_first_subscriber:/home/dmpasgal/turtlebot3_ws/install/my_first_publisher:/home/dmpasgal/turtlebot3_ws/install/my_first_node:/home/dmpasgal/turtlebot3_ws/src/install/show_msg:/opt/ros/galactic /usr/bin/cmake --build /home/dmpasgal/Clothy/build/turtlebot3_simulations -- -j4 -l4
[0.904s] Invoked command in '/home/dmpasgal/Clothy/build/turtlebot3_simulations' returned '0': AMENT_PREFIX_PATH=/home/dmpasgal/Clothy/install/turtlebot3_gazebo:/home/dmpasgal/Clothy/install/turtlebot3_fake_node:${AMENT_PREFIX_PATH} CMAKE_PREFIX_PATH=/home/dmpasgal/Clothy/install/turtlebot3_gazebo:/home/dmpasgal/Clothy/install/turtlebot3_fake_node:/home/dmpasgal/turtlebot3_ws/install/turtlebot3_simulations:/home/dmpasgal/turtlebot3_ws/install/turtlebot3_gazebo:/home/dmpasgal/turtlebot3_ws/install/turtlebot3_fake_node:/home/dmpasgal/turtlebot3_ws/install/package_name:/home/dmpasgal/turtlebot3_ws/install/custom_interface:/home/dmpasgal/turtlebot3_ws/install/show_msg:/home/dmpasgal/turtlebot3_ws/install/my_first_subscriber:/home/dmpasgal/turtlebot3_ws/install/my_first_publisher:/home/dmpasgal/turtlebot3_ws/install/my_first_node:/home/dmpasgal/turtlebot3_ws/src/install/show_msg:/opt/ros/galactic /usr/bin/cmake --build /home/dmpasgal/Clothy/build/turtlebot3_simulations -- -j4 -l4
[1.111s] Invoking command in '/home/dmpasgal/Clothy/build/turtlebot3_simulations': AMENT_PREFIX_PATH=/home/dmpasgal/Clothy/install/turtlebot3_gazebo:/home/dmpasgal/Clothy/install/turtlebot3_fake_node:${AMENT_PREFIX_PATH} CMAKE_PREFIX_PATH=/home/dmpasgal/Clothy/install/turtlebot3_gazebo:/home/dmpasgal/Clothy/install/turtlebot3_fake_node:/home/dmpasgal/turtlebot3_ws/install/turtlebot3_simulations:/home/dmpasgal/turtlebot3_ws/install/turtlebot3_gazebo:/home/dmpasgal/turtlebot3_ws/install/turtlebot3_fake_node:/home/dmpasgal/turtlebot3_ws/install/package_name:/home/dmpasgal/turtlebot3_ws/install/custom_interface:/home/dmpasgal/turtlebot3_ws/install/show_msg:/home/dmpasgal/turtlebot3_ws/install/my_first_subscriber:/home/dmpasgal/turtlebot3_ws/install/my_first_publisher:/home/dmpasgal/turtlebot3_ws/install/my_first_node:/home/dmpasgal/turtlebot3_ws/src/install/show_msg:/opt/ros/galactic /usr/bin/cmake --install /home/dmpasgal/Clothy/build/turtlebot3_simulations
[1.125s] -- Install configuration: ""
[1.127s] -- Up-to-date: /home/dmpasgal/Clothy/install/turtlebot3_simulations/share/ament_index/resource_index/package_run_dependencies/turtlebot3_simulations
[1.129s] -- Up-to-date: /home/dmpasgal/Clothy/install/turtlebot3_simulations/share/ament_index/resource_index/parent_prefix_path/turtlebot3_simulations
[1.129s] -- Up-to-date: /home/dmpasgal/Clothy/install/turtlebot3_simulations/share/turtlebot3_simulations/environment/ament_prefix_path.sh
[1.130s] -- Up-to-date: /home/dmpasgal/Clothy/install/turtlebot3_simulations/share/turtlebot3_simulations/environment/ament_prefix_path.dsv
[1.131s] -- Up-to-date: /home/dmpasgal/Clothy/install/turtlebot3_simulations/share/turtlebot3_simulations/environment/path.sh
[1.131s] -- Up-to-date: /home/dmpasgal/Clothy/install/turtlebot3_simulations/share/turtlebot3_simulations/environment/path.dsv
[1.132s] -- Up-to-date: /home/dmpasgal/Clothy/install/turtlebot3_simulations/share/turtlebot3_simulations/local_setup.bash
[1.133s] -- Up-to-date: /home/dmpasgal/Clothy/install/turtlebot3_simulations/share/turtlebot3_simulations/local_setup.sh
[1.134s] -- Up-to-date: /home/dmpasgal/Clothy/install/turtlebot3_simulations/share/turtlebot3_simulations/local_setup.zsh
[1.134s] -- Up-to-date: /home/dmpasgal/Clothy/install/turtlebot3_simulations/share/turtlebot3_simulations/local_setup.dsv
[1.134s] -- Installing: /home/dmpasgal/Clothy/install/turtlebot3_simulations/share/turtlebot3_simulations/package.dsv
[1.136s] -- Up-to-date: /home/dmpasgal/Clothy/install/turtlebot3_simulations/share/ament_index/resource_index/packages/turtlebot3_simulations
[1.137s] -- Up-to-date: /home/dmpasgal/Clothy/install/turtlebot3_simulations/share/turtlebot3_simulations/cmake/turtlebot3_simulationsConfig.cmake
[1.137s] -- Up-to-date: /home/dmpasgal/Clothy/install/turtlebot3_simulations/share/turtlebot3_simulations/cmake/turtlebot3_simulationsConfig-version.cmake
[1.138s] -- Up-to-date: /home/dmpasgal/Clothy/install/turtlebot3_simulations/share/turtlebot3_simulations/package.xml
[1.140s] Invoked command in '/home/dmpasgal/Clothy/build/turtlebot3_simulations' returned '0': AMENT_PREFIX_PATH=/home/dmpasgal/Clothy/install/turtlebot3_gazebo:/home/dmpasgal/Clothy/install/turtlebot3_fake_node:${AMENT_PREFIX_PATH} CMAKE_PREFIX_PATH=/home/dmpasgal/Clothy/install/turtlebot3_gazebo:/home/dmpasgal/Clothy/install/turtlebot3_fake_node:/home/dmpasgal/turtlebot3_ws/install/turtlebot3_simulations:/home/dmpasgal/turtlebot3_ws/install/turtlebot3_gazebo:/home/dmpasgal/turtlebot3_ws/install/turtlebot3_fake_node:/home/dmpasgal/turtlebot3_ws/install/package_name:/home/dmpasgal/turtlebot3_ws/install/custom_interface:/home/dmpasgal/turtlebot3_ws/install/show_msg:/home/dmpasgal/turtlebot3_ws/install/my_first_subscriber:/home/dmpasgal/turtlebot3_ws/install/my_first_publisher:/home/dmpasgal/turtlebot3_ws/install/my_first_node:/home/dmpasgal/turtlebot3_ws/src/install/show_msg:/opt/ros/galactic /usr/bin/cmake --install /home/dmpasgal/Clothy/build/turtlebot3_simulations
