running egg_info
writing ../../build/my_nav2_system/my_nav2_system.egg-info/PKG-INFO
writing dependency_links to ../../build/my_nav2_system/my_nav2_system.egg-info/dependency_links.txt
writing entry points to ../../build/my_nav2_system/my_nav2_system.egg-info/entry_points.txt
writing requirements to ../../build/my_nav2_system/my_nav2_system.egg-info/requires.txt
writing top-level names to ../../build/my_nav2_system/my_nav2_system.egg-info/top_level.txt
reading manifest file '../../build/my_nav2_system/my_nav2_system.egg-info/SOURCES.txt'
writing manifest file '../../build/my_nav2_system/my_nav2_system.egg-info/SOURCES.txt'
running build
running build_py
running install
running install_lib
running install_data
copying config/my_map.yaml -> /home/cmarrod3/turtlebot3_ws/install/my_nav2_system/share/my_nav2_system/config
copying config/my_map.pgm -> /home/cmarrod3/turtlebot3_ws/install/my_nav2_system/share/my_nav2_system/config
running install_egg_info
removing '/home/cmarrod3/turtlebot3_ws/install/my_nav2_system/lib/python3.8/site-packages/my_nav2_system-0.0.0-py3.8.egg-info' (and everything under it)
Copying ../../build/my_nav2_system/my_nav2_system.egg-info to /home/cmarrod3/turtlebot3_ws/install/my_nav2_system/lib/python3.8/site-packages/my_nav2_system-0.0.0-py3.8.egg-info
running install_scripts
writing list of installed files to '/home/cmarrod3/turtlebot3_ws/build/my_nav2_system/install.log'
