[0.516s] Invoking command in '/home/dmpasgal/Clothy/build/custom_interface': CMAKE_PREFIX_PATH=${CMAKE_PREFIX_PATH}:/home/dmpasgal/Clothy/install/show_msg:/home/dmpasgal/Clothy/install/provide_map:/home/dmpasgal/Clothy/install/my_slam:/home/dmpasgal/turtlebot3_ws/install/show_msg:/home/dmpasgal/turtlebot3_ws/install/my_first_subscriber:/home/dmpasgal/turtlebot3_ws/install/my_first_publisher:/home/dmpasgal/turtlebot3_ws/install/my_first_node:/home/dmpasgal/turtlebot3_ws/src/install/show_msg:/opt/ros/galactic /usr/bin/cmake --build /home/dmpasgal/Clothy/build/custom_interface -- -j4 -l4
[0.633s] [  2%] Built target custom_interface__cpp
[0.657s] [ 12%] Built target custom_interface__rosidl_generator_c
[0.695s] [ 23%] Built target custom_interface__rosidl_typesupport_introspection_c
[0.699s] [ 33%] Built target custom_interface__rosidl_typesupport_cpp
[0.714s] [ 43%] Built target custom_interface__rosidl_typesupport_introspection_cpp
[0.725s] [ 53%] Built target custom_interface__rosidl_typesupport_fastrtps_cpp
[0.750s] [ 64%] Built target custom_interface__rosidl_typesupport_c
[0.777s] [ 74%] Built target custom_interface__rosidl_typesupport_fastrtps_c
[0.816s] [ 74%] Built target custom_interface
[0.861s] [ 76%] Built target custom_interface__py
[0.938s] [ 84%] Built target custom_interface__python
[0.989s] [ 89%] Built target custom_interface__rosidl_typesupport_introspection_c__pyext
[1.014s] [ 94%] Built target custom_interface__rosidl_typesupport_c__pyext
[1.031s] [100%] Built target custom_interface__rosidl_typesupport_fastrtps_c__pyext
[1.107s] Invoked command in '/home/dmpasgal/Clothy/build/custom_interface' returned '0': CMAKE_PREFIX_PATH=${CMAKE_PREFIX_PATH}:/home/dmpasgal/Clothy/install/show_msg:/home/dmpasgal/Clothy/install/provide_map:/home/dmpasgal/Clothy/install/my_slam:/home/dmpasgal/turtlebot3_ws/install/show_msg:/home/dmpasgal/turtlebot3_ws/install/my_first_subscriber:/home/dmpasgal/turtlebot3_ws/install/my_first_publisher:/home/dmpasgal/turtlebot3_ws/install/my_first_node:/home/dmpasgal/turtlebot3_ws/src/install/show_msg:/opt/ros/galactic /usr/bin/cmake --build /home/dmpasgal/Clothy/build/custom_interface -- -j4 -l4
[1.335s] Invoking command in '/home/dmpasgal/Clothy/build/custom_interface': CMAKE_PREFIX_PATH=${CMAKE_PREFIX_PATH}:/home/dmpasgal/Clothy/install/show_msg:/home/dmpasgal/Clothy/install/provide_map:/home/dmpasgal/Clothy/install/my_slam:/home/dmpasgal/turtlebot3_ws/install/show_msg:/home/dmpasgal/turtlebot3_ws/install/my_first_subscriber:/home/dmpasgal/turtlebot3_ws/install/my_first_publisher:/home/dmpasgal/turtlebot3_ws/install/my_first_node:/home/dmpasgal/turtlebot3_ws/src/install/show_msg:/opt/ros/galactic /usr/bin/cmake --install /home/dmpasgal/Clothy/build/custom_interface
[1.348s] -- Install configuration: ""
[1.348s] -- Up-to-date: /home/dmpasgal/Clothy/install/custom_interface/share/ament_index/resource_index/rosidl_interfaces/custom_interface
[1.349s] -- Up-to-date: /home/dmpasgal/Clothy/install/custom_interface/include/custom_interface
[1.350s] -- Up-to-date: /home/dmpasgal/Clothy/install/custom_interface/include/custom_interface/msg
[1.350s] -- Up-to-date: /home/dmpasgal/Clothy/install/custom_interface/include/custom_interface/msg/distvel.h
[1.350s] -- Up-to-date: /home/dmpasgal/Clothy/install/custom_interface/include/custom_interface/msg/detail
[1.350s] -- Up-to-date: /home/dmpasgal/Clothy/install/custom_interface/include/custom_interface/msg/detail/distvel__functions.h
[1.351s] -- Up-to-date: /home/dmpasgal/Clothy/install/custom_interface/include/custom_interface/msg/detail/distvel__type_support.h
[1.351s] -- Up-to-date: /home/dmpasgal/Clothy/install/custom_interface/include/custom_interface/msg/detail/distvel__struct.h
[1.351s] -- Up-to-date: /home/dmpasgal/Clothy/install/custom_interface/include/custom_interface/msg/detail/distvel__functions.c
[1.351s] -- Up-to-date: /home/dmpasgal/Clothy/install/custom_interface/include/custom_interface/msg/rosidl_generator_c__visibility_control.h
[1.351s] -- Up-to-date: /home/dmpasgal/Clothy/install/custom_interface/include/custom_interface/srv
[1.351s] -- Up-to-date: /home/dmpasgal/Clothy/install/custom_interface/include/custom_interface/srv/my_move_msg.h
[1.351s] -- Up-to-date: /home/dmpasgal/Clothy/install/custom_interface/include/custom_interface/srv/detail
[1.352s] -- Up-to-date: /home/dmpasgal/Clothy/install/custom_interface/include/custom_interface/srv/detail/my_move_msg__struct.h
[1.352s] -- Up-to-date: /home/dmpasgal/Clothy/install/custom_interface/include/custom_interface/srv/detail/my_move_msg__functions.c
[1.352s] -- Up-to-date: /home/dmpasgal/Clothy/install/custom_interface/include/custom_interface/srv/detail/my_move_msg__type_support.h
[1.352s] -- Up-to-date: /home/dmpasgal/Clothy/install/custom_interface/include/custom_interface/srv/detail/my_move_msg__functions.h
[1.354s] -- Up-to-date: /home/dmpasgal/Clothy/install/custom_interface/share/custom_interface/environment/library_path.sh
[1.354s] -- Up-to-date: /home/dmpasgal/Clothy/install/custom_interface/share/custom_interface/environment/library_path.dsv
[1.355s] -- Up-to-date: /home/dmpasgal/Clothy/install/custom_interface/lib/libcustom_interface__rosidl_generator_c.so
[1.356s] -- Up-to-date: /home/dmpasgal/Clothy/install/custom_interface/include/custom_interface
[1.356s] -- Up-to-date: /home/dmpasgal/Clothy/install/custom_interface/include/custom_interface/msg
[1.356s] -- Up-to-date: /home/dmpasgal/Clothy/install/custom_interface/include/custom_interface/msg/detail
[1.356s] -- Up-to-date: /home/dmpasgal/Clothy/install/custom_interface/include/custom_interface/msg/detail/distvel__rosidl_typesupport_fastrtps_c.h
[1.357s] -- Up-to-date: /home/dmpasgal/Clothy/install/custom_interface/include/custom_interface/msg/rosidl_typesupport_fastrtps_c__visibility_control.h
[1.357s] -- Up-to-date: /home/dmpasgal/Clothy/install/custom_interface/include/custom_interface/srv
[1.357s] -- Up-to-date: /home/dmpasgal/Clothy/install/custom_interface/include/custom_interface/srv/detail
[1.357s] -- Up-to-date: /home/dmpasgal/Clothy/install/custom_interface/include/custom_interface/srv/detail/my_move_msg__rosidl_typesupport_fastrtps_c.h
[1.371s] -- Up-to-date: /home/dmpasgal/Clothy/install/custom_interface/lib/libcustom_interface__rosidl_typesupport_fastrtps_c.so
[1.372s] -- Up-to-date: /home/dmpasgal/Clothy/install/custom_interface/include/custom_interface
[1.372s] -- Up-to-date: /home/dmpasgal/Clothy/install/custom_interface/include/custom_interface/msg
[1.372s] -- Up-to-date: /home/dmpasgal/Clothy/install/custom_interface/include/custom_interface/msg/rosidl_typesupport_fastrtps_cpp__visibility_control.h
[1.373s] -- Up-to-date: /home/dmpasgal/Clothy/install/custom_interface/include/custom_interface/msg/detail
[1.373s] -- Up-to-date: /home/dmpasgal/Clothy/install/custom_interface/include/custom_interface/msg/detail/dds_fastrtps
[1.373s] -- Up-to-date: /home/dmpasgal/Clothy/install/custom_interface/include/custom_interface/msg/detail/distvel__rosidl_typesupport_fastrtps_cpp.hpp
[1.373s] -- Up-to-date: /home/dmpasgal/Clothy/install/custom_interface/include/custom_interface/srv
[1.373s] -- Up-to-date: /home/dmpasgal/Clothy/install/custom_interface/include/custom_interface/srv/detail
[1.373s] -- Up-to-date: /home/dmpasgal/Clothy/install/custom_interface/include/custom_interface/srv/detail/my_move_msg__rosidl_typesupport_fastrtps_cpp.hpp
[1.373s] -- Up-to-date: /home/dmpasgal/Clothy/install/custom_interface/include/custom_interface/srv/detail/dds_fastrtps
[1.376s] -- Up-to-date: /home/dmpasgal/Clothy/install/custom_interface/lib/libcustom_interface__rosidl_typesupport_fastrtps_cpp.so
[1.377s] -- Up-to-date: /home/dmpasgal/Clothy/install/custom_interface/include/custom_interface
[1.377s] -- Up-to-date: /home/dmpasgal/Clothy/install/custom_interface/include/custom_interface/msg
[1.377s] -- Up-to-date: /home/dmpasgal/Clothy/install/custom_interface/include/custom_interface/msg/rosidl_typesupport_introspection_c__visibility_control.h
[1.377s] -- Up-to-date: /home/dmpasgal/Clothy/install/custom_interface/include/custom_interface/msg/detail
[1.377s] -- Up-to-date: /home/dmpasgal/Clothy/install/custom_interface/include/custom_interface/msg/detail/distvel__type_support.c
[1.377s] -- Up-to-date: /home/dmpasgal/Clothy/install/custom_interface/include/custom_interface/msg/detail/distvel__rosidl_typesupport_introspection_c.h
[1.377s] -- Up-to-date: /home/dmpasgal/Clothy/install/custom_interface/include/custom_interface/srv
[1.377s] -- Up-to-date: /home/dmpasgal/Clothy/install/custom_interface/include/custom_interface/srv/detail
[1.377s] -- Up-to-date: /home/dmpasgal/Clothy/install/custom_interface/include/custom_interface/srv/detail/my_move_msg__type_support.c
[1.377s] -- Up-to-date: /home/dmpasgal/Clothy/install/custom_interface/include/custom_interface/srv/detail/my_move_msg__rosidl_typesupport_introspection_c.h
[1.385s] -- Up-to-date: /home/dmpasgal/Clothy/install/custom_interface/lib/libcustom_interface__rosidl_typesupport_introspection_c.so
[1.387s] -- Up-to-date: /home/dmpasgal/Clothy/install/custom_interface/lib/libcustom_interface__rosidl_typesupport_c.so
[1.388s] -- Up-to-date: /home/dmpasgal/Clothy/install/custom_interface/include/custom_interface
[1.388s] -- Up-to-date: /home/dmpasgal/Clothy/install/custom_interface/include/custom_interface/msg
[1.388s] -- Up-to-date: /home/dmpasgal/Clothy/install/custom_interface/include/custom_interface/msg/detail
[1.388s] -- Up-to-date: /home/dmpasgal/Clothy/install/custom_interface/include/custom_interface/msg/detail/distvel__traits.hpp
[1.388s] -- Up-to-date: /home/dmpasgal/Clothy/install/custom_interface/include/custom_interface/msg/detail/distvel__struct.hpp
[1.388s] -- Up-to-date: /home/dmpasgal/Clothy/install/custom_interface/include/custom_interface/msg/detail/distvel__builder.hpp
[1.388s] -- Up-to-date: /home/dmpasgal/Clothy/install/custom_interface/include/custom_interface/msg/distvel.hpp
[1.388s] -- Up-to-date: /home/dmpasgal/Clothy/install/custom_interface/include/custom_interface/srv
[1.389s] -- Up-to-date: /home/dmpasgal/Clothy/install/custom_interface/include/custom_interface/srv/my_move_msg.hpp
[1.389s] -- Up-to-date: /home/dmpasgal/Clothy/install/custom_interface/include/custom_interface/srv/detail
[1.389s] -- Up-to-date: /home/dmpasgal/Clothy/install/custom_interface/include/custom_interface/srv/detail/my_move_msg__struct.hpp
[1.389s] -- Up-to-date: /home/dmpasgal/Clothy/install/custom_interface/include/custom_interface/srv/detail/my_move_msg__builder.hpp
[1.389s] -- Up-to-date: /home/dmpasgal/Clothy/install/custom_interface/include/custom_interface/srv/detail/my_move_msg__traits.hpp
[1.391s] -- Up-to-date: /home/dmpasgal/Clothy/install/custom_interface/include/custom_interface
[1.391s] -- Up-to-date: /home/dmpasgal/Clothy/install/custom_interface/include/custom_interface/msg
[1.391s] -- Up-to-date: /home/dmpasgal/Clothy/install/custom_interface/include/custom_interface/msg/detail
[1.392s] -- Up-to-date: /home/dmpasgal/Clothy/install/custom_interface/include/custom_interface/msg/detail/distvel__type_support.cpp
[1.392s] -- Up-to-date: /home/dmpasgal/Clothy/install/custom_interface/include/custom_interface/msg/detail/distvel__rosidl_typesupport_introspection_cpp.hpp
[1.392s] -- Up-to-date: /home/dmpasgal/Clothy/install/custom_interface/include/custom_interface/srv
[1.392s] -- Up-to-date: /home/dmpasgal/Clothy/install/custom_interface/include/custom_interface/srv/detail
[1.395s] -- Up-to-date: /home/dmpasgal/Clothy/install/custom_interface/include/custom_interface/srv/detail/my_move_msg__rosidl_typesupport_introspection_cpp.hpp
[1.395s] -- Up-to-date: /home/dmpasgal/Clothy/install/custom_interface/include/custom_interface/srv/detail/my_move_msg__type_support.cpp
[1.398s] -- Up-to-date: /home/dmpasgal/Clothy/install/custom_interface/lib/libcustom_interface__rosidl_typesupport_introspection_cpp.so
[1.401s] -- Up-to-date: /home/dmpasgal/Clothy/install/custom_interface/lib/libcustom_interface__rosidl_typesupport_cpp.so
[1.401s] -- Up-to-date: /home/dmpasgal/Clothy/install/custom_interface/share/custom_interface/environment/pythonpath.sh
[1.401s] -- Up-to-date: /home/dmpasgal/Clothy/install/custom_interface/share/custom_interface/environment/pythonpath.dsv
[1.402s] -- Up-to-date: /home/dmpasgal/Clothy/install/custom_interface/lib/python3.8/site-packages/custom_interface/__init__.py
[1.477s] -- Up-to-date: /home/dmpasgal/Clothy/install/custom_interface/lib/python3.8/site-packages/custom_interface/msg
[1.478s] -- Up-to-date: /home/dmpasgal/Clothy/install/custom_interface/lib/python3.8/site-packages/custom_interface/msg/_distvel_s.c
[1.478s] -- Up-to-date: /home/dmpasgal/Clothy/install/custom_interface/lib/python3.8/site-packages/custom_interface/msg/_distvel.py
[1.479s] -- Up-to-date: /home/dmpasgal/Clothy/install/custom_interface/lib/python3.8/site-packages/custom_interface/msg/__init__.py
[1.480s] -- Up-to-date: /home/dmpasgal/Clothy/install/custom_interface/lib/python3.8/site-packages/custom_interface/srv
[1.481s] -- Up-to-date: /home/dmpasgal/Clothy/install/custom_interface/lib/python3.8/site-packages/custom_interface/srv/_my_move_msg_s.c
[1.481s] -- Up-to-date: /home/dmpasgal/Clothy/install/custom_interface/lib/python3.8/site-packages/custom_interface/srv/__init__.py
[1.482s] -- Up-to-date: /home/dmpasgal/Clothy/install/custom_interface/lib/python3.8/site-packages/custom_interface/srv/_my_move_msg.py
[1.482s] -- Up-to-date: /home/dmpasgal/Clothy/install/custom_interface/lib/python3.8/site-packages/custom_interface/custom_interface_s__rosidl_typesupport_fastrtps_c.cpython-38-x86_64-linux-gnu.so
[1.483s] -- Up-to-date: /home/dmpasgal/Clothy/install/custom_interface/lib/python3.8/site-packages/custom_interface/custom_interface_s__rosidl_typesupport_introspection_c.cpython-38-x86_64-linux-gnu.so
[1.483s] -- Up-to-date: /home/dmpasgal/Clothy/install/custom_interface/lib/python3.8/site-packages/custom_interface/custom_interface_s__rosidl_typesupport_c.cpython-38-x86_64-linux-gnu.so
[1.483s] -- Up-to-date: /home/dmpasgal/Clothy/install/custom_interface/lib/libcustom_interface__python.so
[1.483s] -- Up-to-date: /home/dmpasgal/Clothy/install/custom_interface/share/custom_interface/msg/Distvel.idl
[1.483s] -- Up-to-date: /home/dmpasgal/Clothy/install/custom_interface/share/custom_interface/srv/MyMoveMsg.idl
[1.483s] -- Up-to-date: /home/dmpasgal/Clothy/install/custom_interface/share/custom_interface/msg/Distvel.msg
[1.483s] -- Up-to-date: /home/dmpasgal/Clothy/install/custom_interface/share/custom_interface/srv/MyMoveMsg.srv
[1.484s] -- Up-to-date: /home/dmpasgal/Clothy/install/custom_interface/share/custom_interface/srv/MyMoveMsg_Request.msg
[1.484s] -- Up-to-date: /home/dmpasgal/Clothy/install/custom_interface/share/custom_interface/srv/MyMoveMsg_Response.msg
[1.484s] -- Up-to-date: /home/dmpasgal/Clothy/install/custom_interface/share/ament_index/resource_index/package_run_dependencies/custom_interface
[1.484s] -- Up-to-date: /home/dmpasgal/Clothy/install/custom_interface/share/ament_index/resource_index/parent_prefix_path/custom_interface
[1.484s] -- Up-to-date: /home/dmpasgal/Clothy/install/custom_interface/share/custom_interface/environment/ament_prefix_path.sh
[1.484s] -- Up-to-date: /home/dmpasgal/Clothy/install/custom_interface/share/custom_interface/environment/ament_prefix_path.dsv
[1.484s] -- Up-to-date: /home/dmpasgal/Clothy/install/custom_interface/share/custom_interface/environment/path.sh
[1.484s] -- Up-to-date: /home/dmpasgal/Clothy/install/custom_interface/share/custom_interface/environment/path.dsv
[1.484s] -- Up-to-date: /home/dmpasgal/Clothy/install/custom_interface/share/custom_interface/local_setup.bash
[1.484s] -- Up-to-date: /home/dmpasgal/Clothy/install/custom_interface/share/custom_interface/local_setup.sh
[1.484s] -- Up-to-date: /home/dmpasgal/Clothy/install/custom_interface/share/custom_interface/local_setup.zsh
[1.484s] -- Up-to-date: /home/dmpasgal/Clothy/install/custom_interface/share/custom_interface/local_setup.dsv
[1.484s] -- Installing: /home/dmpasgal/Clothy/install/custom_interface/share/custom_interface/package.dsv
[1.485s] -- Up-to-date: /home/dmpasgal/Clothy/install/custom_interface/share/ament_index/resource_index/packages/custom_interface
[1.485s] -- Up-to-date: /home/dmpasgal/Clothy/install/custom_interface/share/custom_interface/cmake/custom_interface__rosidl_generator_cExport.cmake
[1.485s] -- Up-to-date: /home/dmpasgal/Clothy/install/custom_interface/share/custom_interface/cmake/custom_interface__rosidl_generator_cExport-noconfig.cmake
[1.485s] -- Up-to-date: /home/dmpasgal/Clothy/install/custom_interface/share/custom_interface/cmake/custom_interface__rosidl_typesupport_introspection_cExport.cmake
[1.485s] -- Up-to-date: /home/dmpasgal/Clothy/install/custom_interface/share/custom_interface/cmake/custom_interface__rosidl_typesupport_introspection_cExport-noconfig.cmake
[1.485s] -- Up-to-date: /home/dmpasgal/Clothy/install/custom_interface/share/custom_interface/cmake/custom_interface__rosidl_typesupport_cExport.cmake
[1.485s] -- Up-to-date: /home/dmpasgal/Clothy/install/custom_interface/share/custom_interface/cmake/custom_interface__rosidl_typesupport_cExport-noconfig.cmake
[1.486s] -- Up-to-date: /home/dmpasgal/Clothy/install/custom_interface/share/custom_interface/cmake/custom_interface__rosidl_generator_cppExport.cmake
[1.486s] -- Up-to-date: /home/dmpasgal/Clothy/install/custom_interface/share/custom_interface/cmake/custom_interface__rosidl_typesupport_introspection_cppExport.cmake
[1.486s] -- Up-to-date: /home/dmpasgal/Clothy/install/custom_interface/share/custom_interface/cmake/custom_interface__rosidl_typesupport_introspection_cppExport-noconfig.cmake
[1.486s] -- Up-to-date: /home/dmpasgal/Clothy/install/custom_interface/share/custom_interface/cmake/custom_interface__rosidl_typesupport_cppExport.cmake
[1.486s] -- Up-to-date: /home/dmpasgal/Clothy/install/custom_interface/share/custom_interface/cmake/custom_interface__rosidl_typesupport_cppExport-noconfig.cmake
[1.486s] -- Up-to-date: /home/dmpasgal/Clothy/install/custom_interface/share/custom_interface/cmake/rosidl_cmake-extras.cmake
[1.486s] -- Up-to-date: /home/dmpasgal/Clothy/install/custom_interface/share/custom_interface/cmake/ament_cmake_export_dependencies-extras.cmake
[1.486s] -- Up-to-date: /home/dmpasgal/Clothy/install/custom_interface/share/custom_interface/cmake/ament_cmake_export_libraries-extras.cmake
[1.486s] -- Up-to-date: /home/dmpasgal/Clothy/install/custom_interface/share/custom_interface/cmake/ament_cmake_export_targets-extras.cmake
[1.486s] -- Up-to-date: /home/dmpasgal/Clothy/install/custom_interface/share/custom_interface/cmake/ament_cmake_export_include_directories-extras.cmake
[1.486s] -- Up-to-date: /home/dmpasgal/Clothy/install/custom_interface/share/custom_interface/cmake/rosidl_cmake_export_typesupport_libraries-extras.cmake
[1.486s] -- Up-to-date: /home/dmpasgal/Clothy/install/custom_interface/share/custom_interface/cmake/rosidl_cmake_export_typesupport_targets-extras.cmake
[1.486s] -- Up-to-date: /home/dmpasgal/Clothy/install/custom_interface/share/custom_interface/cmake/custom_interfaceConfig.cmake
[1.486s] -- Up-to-date: /home/dmpasgal/Clothy/install/custom_interface/share/custom_interface/cmake/custom_interfaceConfig-version.cmake
[1.486s] -- Up-to-date: /home/dmpasgal/Clothy/install/custom_interface/share/custom_interface/package.xml
[1.973s] Invoked command in '/home/dmpasgal/Clothy/build/custom_interface' returned '0': CMAKE_PREFIX_PATH=${CMAKE_PREFIX_PATH}:/home/dmpasgal/Clothy/install/show_msg:/home/dmpasgal/Clothy/install/provide_map:/home/dmpasgal/Clothy/install/my_slam:/home/dmpasgal/turtlebot3_ws/install/show_msg:/home/dmpasgal/turtlebot3_ws/install/my_first_subscriber:/home/dmpasgal/turtlebot3_ws/install/my_first_publisher:/home/dmpasgal/turtlebot3_ws/install/my_first_node:/home/dmpasgal/turtlebot3_ws/src/install/show_msg:/opt/ros/galactic /usr/bin/cmake --install /home/dmpasgal/Clothy/build/custom_interface
