[0.110s] Invoking command in '/home/cmarrod3/turtlebot3_ws/build/my_world': CMAKE_PREFIX_PATH=/home/cmarrod3/turtlebot3_ws/install/turtlebot3_gazebo:/home/cmarrod3/turtlebot3_ws/install/turtlebot3_simulations:/home/cmarrod3/turtlebot3_ws/install/my_world:/home/cmarrod3/turtlebot3_ws/install/turtlebot3_fake_node:/home/cmarrod3/turtlebot3_ws/install/custom_interface:/home/cmarrod3/turtlebot3_ws/install/show_msg:/home/cmarrod3/turtlebot3_ws/install/my_first_subscriber:/home/cmarrod3/turtlebot3_ws/install/my_first_service:/home/cmarrod3/turtlebot3_ws/install/my_first_publisher:/home/cmarrod3/turtlebot3_ws/install/my_first_node:/opt/ros/galactic /usr/bin/cmake --build /home/cmarrod3/turtlebot3_ws/build/my_world -- -j2 -l2
[0.163s] [100%] Built target turtlebot3_drive
[0.172s] Invoked command in '/home/cmarrod3/turtlebot3_ws/build/my_world' returned '0': CMAKE_PREFIX_PATH=/home/cmarrod3/turtlebot3_ws/install/turtlebot3_gazebo:/home/cmarrod3/turtlebot3_ws/install/turtlebot3_simulations:/home/cmarrod3/turtlebot3_ws/install/my_world:/home/cmarrod3/turtlebot3_ws/install/turtlebot3_fake_node:/home/cmarrod3/turtlebot3_ws/install/custom_interface:/home/cmarrod3/turtlebot3_ws/install/show_msg:/home/cmarrod3/turtlebot3_ws/install/my_first_subscriber:/home/cmarrod3/turtlebot3_ws/install/my_first_service:/home/cmarrod3/turtlebot3_ws/install/my_first_publisher:/home/cmarrod3/turtlebot3_ws/install/my_first_node:/opt/ros/galactic /usr/bin/cmake --build /home/cmarrod3/turtlebot3_ws/build/my_world -- -j2 -l2
[0.201s] Invoking command in '/home/cmarrod3/turtlebot3_ws/build/my_world': CMAKE_PREFIX_PATH=/home/cmarrod3/turtlebot3_ws/install/turtlebot3_gazebo:/home/cmarrod3/turtlebot3_ws/install/turtlebot3_simulations:/home/cmarrod3/turtlebot3_ws/install/my_world:/home/cmarrod3/turtlebot3_ws/install/turtlebot3_fake_node:/home/cmarrod3/turtlebot3_ws/install/custom_interface:/home/cmarrod3/turtlebot3_ws/install/show_msg:/home/cmarrod3/turtlebot3_ws/install/my_first_subscriber:/home/cmarrod3/turtlebot3_ws/install/my_first_service:/home/cmarrod3/turtlebot3_ws/install/my_first_publisher:/home/cmarrod3/turtlebot3_ws/install/my_first_node:/opt/ros/galactic /usr/bin/cmake --install /home/cmarrod3/turtlebot3_ws/build/my_world
[0.209s] -- Install configuration: ""
[0.209s] -- Up-to-date: /home/cmarrod3/turtlebot3_ws/install/my_world/lib/my_world/turtlebot3_drive
[0.210s] -- Up-to-date: /home/cmarrod3/turtlebot3_ws/install/my_world/share/my_world//launch
[0.210s] -- Installing: /home/cmarrod3/turtlebot3_ws/install/my_world/share/my_world//launch/turtlebot3_my_world.launch.py
[0.210s] -- Up-to-date: /home/cmarrod3/turtlebot3_ws/install/my_world/share/my_world//models
[0.210s] -- Up-to-date: /home/cmarrod3/turtlebot3_ws/install/my_world/share/my_world//models/my_world
[0.210s] -- Up-to-date: /home/cmarrod3/turtlebot3_ws/install/my_world/share/my_world//models/my_world/model.config
[0.210s] -- Up-to-date: /home/cmarrod3/turtlebot3_ws/install/my_world/share/my_world//models/my_world/model.sdf
[0.210s] -- Installing: /home/cmarrod3/turtlebot3_ws/install/my_world/share/my_world//models/workcell_bin
[0.211s] -- Installing: /home/cmarrod3/turtlebot3_ws/install/my_world/share/my_world//models/workcell_bin/meshes
[0.211s] -- Installing: /home/cmarrod3/turtlebot3_ws/install/my_world/share/my_world//models/workcell_bin/meshes/bin.dae
[0.211s] -- Installing: /home/cmarrod3/turtlebot3_ws/install/my_world/share/my_world//models/workcell_bin/materials
[0.211s] -- Installing: /home/cmarrod3/turtlebot3_ws/install/my_world/share/my_world//models/workcell_bin/materials/textures
[0.211s] -- Installing: /home/cmarrod3/turtlebot3_ws/install/my_world/share/my_world//models/workcell_bin/materials/textures/bin.png
[0.212s] -- Installing: /home/cmarrod3/turtlebot3_ws/install/my_world/share/my_world//models/workcell_bin/model.config
[0.212s] -- Installing: /home/cmarrod3/turtlebot3_ws/install/my_world/share/my_world//models/workcell_bin/model.sdf
[0.212s] -- Up-to-date: /home/cmarrod3/turtlebot3_ws/install/my_world/share/my_world//models/turtlebot3_burger
[0.212s] -- Up-to-date: /home/cmarrod3/turtlebot3_ws/install/my_world/share/my_world//models/turtlebot3_burger/model-1_4.sdf
[0.212s] -- Up-to-date: /home/cmarrod3/turtlebot3_ws/install/my_world/share/my_world//models/turtlebot3_burger/meshes
[0.212s] -- Up-to-date: /home/cmarrod3/turtlebot3_ws/install/my_world/share/my_world//models/turtlebot3_burger/meshes/lds.dae
[0.212s] -- Up-to-date: /home/cmarrod3/turtlebot3_ws/install/my_world/share/my_world//models/turtlebot3_burger/meshes/tire.dae
[0.212s] -- Up-to-date: /home/cmarrod3/turtlebot3_ws/install/my_world/share/my_world//models/turtlebot3_burger/meshes/burger_base.dae
[0.213s] -- Up-to-date: /home/cmarrod3/turtlebot3_ws/install/my_world/share/my_world//models/turtlebot3_burger/model.config
[0.213s] -- Up-to-date: /home/cmarrod3/turtlebot3_ws/install/my_world/share/my_world//models/turtlebot3_burger/model.sdf
[0.213s] -- Installing: /home/cmarrod3/turtlebot3_ws/install/my_world/share/my_world//models/workcell
[0.213s] -- Installing: /home/cmarrod3/turtlebot3_ws/install/my_world/share/my_world//models/workcell/meshes
[0.213s] -- Installing: /home/cmarrod3/turtlebot3_ws/install/my_world/share/my_world//models/workcell/meshes/mesh.dae
[0.215s] -- Installing: /home/cmarrod3/turtlebot3_ws/install/my_world/share/my_world//models/workcell/meshes/mesh_backup.dae
[0.217s] -- Installing: /home/cmarrod3/turtlebot3_ws/install/my_world/share/my_world//models/workcell/materials
[0.217s] -- Installing: /home/cmarrod3/turtlebot3_ws/install/my_world/share/my_world//models/workcell/materials/textures
[0.217s] -- Installing: /home/cmarrod3/turtlebot3_ws/install/my_world/share/my_world//models/workcell/materials/textures/Pallet.png
[0.218s] -- Installing: /home/cmarrod3/turtlebot3_ws/install/my_world/share/my_world//models/workcell/materials/textures/RubberMat.png
[0.218s] -- Installing: /home/cmarrod3/turtlebot3_ws/install/my_world/share/my_world//models/workcell/materials/textures/Plywood.png
[0.218s] -- Installing: /home/cmarrod3/turtlebot3_ws/install/my_world/share/my_world//models/workcell/materials/textures/Conveyor.png
[0.219s] -- Installing: /home/cmarrod3/turtlebot3_ws/install/my_world/share/my_world//models/workcell/materials/textures/RollupDoor.png
[0.220s] -- Installing: /home/cmarrod3/turtlebot3_ws/install/my_world/share/my_world//models/workcell/materials/textures/Wall_Corrugated.png
[0.220s] -- Installing: /home/cmarrod3/turtlebot3_ws/install/my_world/share/my_world//models/workcell/materials/textures/Stairs.png
[0.220s] -- Installing: /home/cmarrod3/turtlebot3_ws/install/my_world/share/my_world//models/workcell/materials/textures/Yellow.png
[0.220s] -- Installing: /home/cmarrod3/turtlebot3_ws/install/my_world/share/my_world//models/workcell/materials/textures/Pillar.png
[0.221s] -- Installing: /home/cmarrod3/turtlebot3_ws/install/my_world/share/my_world//models/workcell/materials/textures/CardboardBoxes.png
[0.222s] -- Installing: /home/cmarrod3/turtlebot3_ws/install/my_world/share/my_world//models/workcell/materials/textures/WorkCell_Render.png
[0.224s] -- Installing: /home/cmarrod3/turtlebot3_ws/install/my_world/share/my_world//models/workcell/materials/textures/Shelves.png
[0.224s] -- Installing: /home/cmarrod3/turtlebot3_ws/install/my_world/share/my_world//models/workcell/materials/textures/Wall_Concrete.png
[0.224s] -- Installing: /home/cmarrod3/turtlebot3_ws/install/my_world/share/my_world//models/workcell/materials/textures/ControlPanel.png
[0.225s] -- Installing: /home/cmarrod3/turtlebot3_ws/install/my_world/share/my_world//models/workcell/materials/textures/Door_Window.png
[0.225s] -- Installing: /home/cmarrod3/turtlebot3_ws/install/my_world/share/my_world//models/workcell/materials/textures/PalletWrap.png
[0.225s] -- Installing: /home/cmarrod3/turtlebot3_ws/install/my_world/share/my_world//models/workcell/materials/textures/Floor.png
[0.226s] -- Installing: /home/cmarrod3/turtlebot3_ws/install/my_world/share/my_world//models/workcell/materials/textures/Mesh.png
[0.226s] -- Installing: /home/cmarrod3/turtlebot3_ws/install/my_world/share/my_world//models/workcell/materials/textures/Bin.png
[0.226s] -- Installing: /home/cmarrod3/turtlebot3_ws/install/my_world/share/my_world//models/workcell/model.config
[0.226s] -- Installing: /home/cmarrod3/turtlebot3_ws/install/my_world/share/my_world//models/workcell/model.sdf
[0.226s] -- Up-to-date: /home/cmarrod3/turtlebot3_ws/install/my_world/share/my_world//world
[0.227s] -- Installing: /home/cmarrod3/turtlebot3_ws/install/my_world/share/my_world//world/warehouse.world
[0.227s] -- Up-to-date: /home/cmarrod3/turtlebot3_ws/install/my_world/share/my_world//world/burger_pi.model
[0.227s] -- Up-to-date: /home/cmarrod3/turtlebot3_ws/install/my_world/share/my_world//world/burger.model
[0.227s] -- Up-to-date: /home/cmarrod3/turtlebot3_ws/install/my_world/share/my_world//urdf
[0.227s] -- Up-to-date: /home/cmarrod3/turtlebot3_ws/install/my_world/share/my_world//urdf/turtlebot3_burger_pi.urdf
[0.227s] -- Up-to-date: /home/cmarrod3/turtlebot3_ws/install/my_world/share/my_world//urdf/turtlebot3_burger.urdf
[0.228s] -- Up-to-date: /home/cmarrod3/turtlebot3_ws/install/my_world/include/
[0.228s] -- Up-to-date: /home/cmarrod3/turtlebot3_ws/install/my_world/share/ament_index/resource_index/package_run_dependencies/my_world
[0.228s] -- Up-to-date: /home/cmarrod3/turtlebot3_ws/install/my_world/share/ament_index/resource_index/parent_prefix_path/my_world
[0.228s] -- Up-to-date: /home/cmarrod3/turtlebot3_ws/install/my_world/share/my_world/environment/ament_prefix_path.sh
[0.229s] -- Up-to-date: /home/cmarrod3/turtlebot3_ws/install/my_world/share/my_world/environment/ament_prefix_path.dsv
[0.229s] -- Up-to-date: /home/cmarrod3/turtlebot3_ws/install/my_world/share/my_world/environment/path.sh
[0.229s] -- Up-to-date: /home/cmarrod3/turtlebot3_ws/install/my_world/share/my_world/environment/path.dsv
[0.229s] -- Up-to-date: /home/cmarrod3/turtlebot3_ws/install/my_world/share/my_world/local_setup.bash
[0.229s] -- Up-to-date: /home/cmarrod3/turtlebot3_ws/install/my_world/share/my_world/local_setup.sh
[0.229s] -- Up-to-date: /home/cmarrod3/turtlebot3_ws/install/my_world/share/my_world/local_setup.zsh
[0.229s] -- Up-to-date: /home/cmarrod3/turtlebot3_ws/install/my_world/share/my_world/local_setup.dsv
[0.229s] -- Installing: /home/cmarrod3/turtlebot3_ws/install/my_world/share/my_world/package.dsv
[0.229s] -- Up-to-date: /home/cmarrod3/turtlebot3_ws/install/my_world/share/ament_index/resource_index/packages/my_world
[0.230s] -- Up-to-date: /home/cmarrod3/turtlebot3_ws/install/my_world/share/my_world/cmake/ament_cmake_export_include_directories-extras.cmake
[0.230s] -- Up-to-date: /home/cmarrod3/turtlebot3_ws/install/my_world/share/my_world/cmake/ament_cmake_export_dependencies-extras.cmake
[0.230s] -- Up-to-date: /home/cmarrod3/turtlebot3_ws/install/my_world/share/my_world/cmake/my_worldConfig.cmake
[0.230s] -- Up-to-date: /home/cmarrod3/turtlebot3_ws/install/my_world/share/my_world/cmake/my_worldConfig-version.cmake
[0.230s] -- Up-to-date: /home/cmarrod3/turtlebot3_ws/install/my_world/share/my_world/package.xml
[0.232s] Invoked command in '/home/cmarrod3/turtlebot3_ws/build/my_world' returned '0': CMAKE_PREFIX_PATH=/home/cmarrod3/turtlebot3_ws/install/turtlebot3_gazebo:/home/cmarrod3/turtlebot3_ws/install/turtlebot3_simulations:/home/cmarrod3/turtlebot3_ws/install/my_world:/home/cmarrod3/turtlebot3_ws/install/turtlebot3_fake_node:/home/cmarrod3/turtlebot3_ws/install/custom_interface:/home/cmarrod3/turtlebot3_ws/install/show_msg:/home/cmarrod3/turtlebot3_ws/install/my_first_subscriber:/home/cmarrod3/turtlebot3_ws/install/my_first_service:/home/cmarrod3/turtlebot3_ws/install/my_first_publisher:/home/cmarrod3/turtlebot3_ws/install/my_first_node:/opt/ros/galactic /usr/bin/cmake --install /home/cmarrod3/turtlebot3_ws/build/my_world
