[0.086s] Invoking command in '/home/cmarrod3/turtlebot3_ws/build/turtlebot3_simulations': AMENT_PREFIX_PATH=/home/cmarrod3/turtlebot3_ws/install/turtlebot3_gazebo:/home/cmarrod3/turtlebot3_ws/install/turtlebot3_fake_node:${AMENT_PREFIX_PATH} CMAKE_PREFIX_PATH=/home/cmarrod3/turtlebot3_ws/install/turtlebot3_gazebo:/home/cmarrod3/turtlebot3_ws/install/turtlebot3_fake_node:/opt/ros/galactic /usr/bin/cmake /home/cmarrod3/turtlebot3_ws/src/turtlebot3_simulations/turtlebot3_simulations -DAMENT_CMAKE_SYMLINK_INSTALL=1 -DCMAKE_INSTALL_PREFIX=/home/cmarrod3/turtlebot3_ws/install/turtlebot3_simulations
[0.122s] -- The C compiler identification is GNU 9.4.0
[0.152s] -- The CXX compiler identification is GNU 9.4.0
[0.155s] -- Check for working C compiler: /usr/bin/cc
[0.200s] -- Check for working C compiler: /usr/bin/cc -- works
[0.201s] -- Detecting C compiler ABI info
[0.245s] -- Detecting C compiler ABI info - done
[0.252s] -- Detecting C compile features
[0.252s] -- Detecting C compile features - done
[0.253s] -- Check for working CXX compiler: /usr/bin/c++
[0.304s] -- Check for working CXX compiler: /usr/bin/c++ -- works
[0.305s] -- Detecting CXX compiler ABI info
[0.356s] -- Detecting CXX compiler ABI info - done
[0.363s] -- Detecting CXX compile features
[0.363s] -- Detecting CXX compile features - done
[0.365s] -- Found ament_cmake: 1.1.6 (/opt/ros/galactic/share/ament_cmake/cmake)
[0.381s] -- Found PythonInterp: /usr/bin/python3 (found suitable version "3.8.10", minimum required is "3") 
[0.381s] -- Using PYTHON_EXECUTABLE: /usr/bin/python3
[0.414s] -- Override CMake install command with custom implementation using symlinks instead of copying resources
[0.467s] -- Configuring done
[0.468s] -- Generating done
[0.468s] -- Build files have been written to: /home/cmarrod3/turtlebot3_ws/build/turtlebot3_simulations
[0.471s] Invoked command in '/home/cmarrod3/turtlebot3_ws/build/turtlebot3_simulations' returned '0': AMENT_PREFIX_PATH=/home/cmarrod3/turtlebot3_ws/install/turtlebot3_gazebo:/home/cmarrod3/turtlebot3_ws/install/turtlebot3_fake_node:${AMENT_PREFIX_PATH} CMAKE_PREFIX_PATH=/home/cmarrod3/turtlebot3_ws/install/turtlebot3_gazebo:/home/cmarrod3/turtlebot3_ws/install/turtlebot3_fake_node:/opt/ros/galactic /usr/bin/cmake /home/cmarrod3/turtlebot3_ws/src/turtlebot3_simulations/turtlebot3_simulations -DAMENT_CMAKE_SYMLINK_INSTALL=1 -DCMAKE_INSTALL_PREFIX=/home/cmarrod3/turtlebot3_ws/install/turtlebot3_simulations
[0.473s] Invoking command in '/home/cmarrod3/turtlebot3_ws/build/turtlebot3_simulations': AMENT_PREFIX_PATH=/home/cmarrod3/turtlebot3_ws/install/turtlebot3_gazebo:/home/cmarrod3/turtlebot3_ws/install/turtlebot3_fake_node:${AMENT_PREFIX_PATH} CMAKE_PREFIX_PATH=/home/cmarrod3/turtlebot3_ws/install/turtlebot3_gazebo:/home/cmarrod3/turtlebot3_ws/install/turtlebot3_fake_node:/opt/ros/galactic /usr/bin/cmake --build /home/cmarrod3/turtlebot3_ws/build/turtlebot3_simulations -- -j2 -l2
[0.501s] Invoked command in '/home/cmarrod3/turtlebot3_ws/build/turtlebot3_simulations' returned '0': AMENT_PREFIX_PATH=/home/cmarrod3/turtlebot3_ws/install/turtlebot3_gazebo:/home/cmarrod3/turtlebot3_ws/install/turtlebot3_fake_node:${AMENT_PREFIX_PATH} CMAKE_PREFIX_PATH=/home/cmarrod3/turtlebot3_ws/install/turtlebot3_gazebo:/home/cmarrod3/turtlebot3_ws/install/turtlebot3_fake_node:/opt/ros/galactic /usr/bin/cmake --build /home/cmarrod3/turtlebot3_ws/build/turtlebot3_simulations -- -j2 -l2
[0.517s] Invoking command in '/home/cmarrod3/turtlebot3_ws/build/turtlebot3_simulations': AMENT_PREFIX_PATH=/home/cmarrod3/turtlebot3_ws/install/turtlebot3_gazebo:/home/cmarrod3/turtlebot3_ws/install/turtlebot3_fake_node:${AMENT_PREFIX_PATH} CMAKE_PREFIX_PATH=/home/cmarrod3/turtlebot3_ws/install/turtlebot3_gazebo:/home/cmarrod3/turtlebot3_ws/install/turtlebot3_fake_node:/opt/ros/galactic /usr/bin/cmake --install /home/cmarrod3/turtlebot3_ws/build/turtlebot3_simulations
[0.524s] -- Install configuration: ""
[0.524s] -- Execute custom install script
[0.525s] -- Symlinking: /home/cmarrod3/turtlebot3_ws/install/turtlebot3_simulations/share/ament_index/resource_index/package_run_dependencies/turtlebot3_simulations
[0.530s] -- Symlinking: /home/cmarrod3/turtlebot3_ws/install/turtlebot3_simulations/share/ament_index/resource_index/parent_prefix_path/turtlebot3_simulations
[0.536s] -- Symlinking: /home/cmarrod3/turtlebot3_ws/install/turtlebot3_simulations/share/turtlebot3_simulations/environment/ament_prefix_path.sh
[0.542s] -- Symlinking: /home/cmarrod3/turtlebot3_ws/install/turtlebot3_simulations/share/turtlebot3_simulations/environment/ament_prefix_path.dsv
[0.548s] -- Symlinking: /home/cmarrod3/turtlebot3_ws/install/turtlebot3_simulations/share/turtlebot3_simulations/environment/path.sh
[0.554s] -- Symlinking: /home/cmarrod3/turtlebot3_ws/install/turtlebot3_simulations/share/turtlebot3_simulations/environment/path.dsv
[0.559s] -- Symlinking: /home/cmarrod3/turtlebot3_ws/install/turtlebot3_simulations/share/turtlebot3_simulations/local_setup.bash
[0.565s] -- Symlinking: /home/cmarrod3/turtlebot3_ws/install/turtlebot3_simulations/share/turtlebot3_simulations/local_setup.sh
[0.570s] -- Symlinking: /home/cmarrod3/turtlebot3_ws/install/turtlebot3_simulations/share/turtlebot3_simulations/local_setup.zsh
[0.576s] -- Symlinking: /home/cmarrod3/turtlebot3_ws/install/turtlebot3_simulations/share/turtlebot3_simulations/local_setup.dsv
[0.582s] -- Symlinking: /home/cmarrod3/turtlebot3_ws/install/turtlebot3_simulations/share/turtlebot3_simulations/package.dsv
[0.589s] -- Symlinking: /home/cmarrod3/turtlebot3_ws/install/turtlebot3_simulations/share/ament_index/resource_index/packages/turtlebot3_simulations
[0.595s] -- Symlinking: /home/cmarrod3/turtlebot3_ws/install/turtlebot3_simulations/share/turtlebot3_simulations/cmake/turtlebot3_simulationsConfig.cmake
[0.601s] -- Symlinking: /home/cmarrod3/turtlebot3_ws/install/turtlebot3_simulations/share/turtlebot3_simulations/cmake/turtlebot3_simulationsConfig-version.cmake
[0.606s] -- Symlinking: /home/cmarrod3/turtlebot3_ws/install/turtlebot3_simulations/share/turtlebot3_simulations/package.xml
[0.614s] Invoked command in '/home/cmarrod3/turtlebot3_ws/build/turtlebot3_simulations' returned '0': AMENT_PREFIX_PATH=/home/cmarrod3/turtlebot3_ws/install/turtlebot3_gazebo:/home/cmarrod3/turtlebot3_ws/install/turtlebot3_fake_node:${AMENT_PREFIX_PATH} CMAKE_PREFIX_PATH=/home/cmarrod3/turtlebot3_ws/install/turtlebot3_gazebo:/home/cmarrod3/turtlebot3_ws/install/turtlebot3_fake_node:/opt/ros/galactic /usr/bin/cmake --install /home/cmarrod3/turtlebot3_ws/build/turtlebot3_simulations
