[1.246s] DEBUG:colcon:Command line arguments: ['/usr/bin/colcon', 'build']
[1.246s] DEBUG:colcon:Parsed command line arguments: Namespace(allow_overriding=[], ament_cmake_args=None, base_paths=['.'], build_base='build', catkin_cmake_args=None, catkin_skip_building_tests=False, cmake_args=None, cmake_clean_cache=False, cmake_clean_first=False, cmake_force_configure=False, cmake_target=None, cmake_target_skip_unavailable=False, continue_on_error=False, event_handlers=None, executor='parallel', ignore_user_meta=False, install_base='install', log_base=None, log_level=None, main=<bound method BuildVerb.main of <colcon_core.verb.build.BuildVerb object at 0x7f4e067a6e50>>, merge_install=False, metas=['./colcon.meta'], packages_above=None, packages_above_and_dependencies=None, packages_above_depth=None, packages_end=None, packages_ignore=None, packages_ignore_regex=None, packages_select=None, packages_select_build_failed=False, packages_select_by_dep=None, packages_select_regex=None, packages_select_test_failures=False, packages_skip=None, packages_skip_build_finished=False, packages_skip_by_dep=None, packages_skip_regex=None, packages_skip_test_passed=False, packages_skip_up_to=None, packages_start=None, packages_up_to=None, packages_up_to_regex=None, parallel_workers=2, paths=None, symlink_install=False, test_result_base=None, verb_extension=<colcon_core.verb.build.BuildVerb object at 0x7f4e067a6e50>, verb_name='build', verb_parser=<colcon_defaults.argument_parser.defaults.DefaultArgumentsDecorator object at 0x7f4e06f71f40>)
[1.308s] Level 1:colcon.colcon_core.package_discovery:discover_packages(colcon_meta) check parameters
[1.308s] Level 1:colcon.colcon_core.package_discovery:discover_packages(recursive) check parameters
[1.308s] Level 1:colcon.colcon_core.package_discovery:discover_packages(ignore) check parameters
[1.308s] Level 1:colcon.colcon_core.package_discovery:discover_packages(path) check parameters
[1.308s] Level 1:colcon.colcon_core.package_discovery:discover_packages(colcon_meta) discover
[1.308s] Level 1:colcon.colcon_core.package_discovery:discover_packages(recursive) discover
[1.308s] INFO:colcon.colcon_core.package_discovery:Crawling recursively for packages in '/home/cmarrod3/turtlebot3_ws'
[1.308s] Level 1:colcon.colcon_core.package_identification:_identify(.) by extensions ['ignore', 'ignore_ament_install']
[1.308s] Level 1:colcon.colcon_core.package_identification:_identify(.) by extension 'ignore'
[1.308s] Level 1:colcon.colcon_core.package_identification:_identify(.) by extension 'ignore_ament_install'
[1.308s] Level 1:colcon.colcon_core.package_identification:_identify(.) by extensions ['colcon_pkg']
[1.308s] Level 1:colcon.colcon_core.package_identification:_identify(.) by extension 'colcon_pkg'
[1.308s] Level 1:colcon.colcon_core.package_identification:_identify(.) by extensions ['colcon_meta']
[1.308s] Level 1:colcon.colcon_core.package_identification:_identify(.) by extension 'colcon_meta'
[1.309s] Level 1:colcon.colcon_core.package_identification:_identify(.) by extensions ['ros']
[1.309s] Level 1:colcon.colcon_core.package_identification:_identify(.) by extension 'ros'
[1.316s] Level 1:colcon.colcon_core.package_identification:_identify(.) by extensions ['cmake', 'python']
[1.316s] Level 1:colcon.colcon_core.package_identification:_identify(.) by extension 'cmake'
[1.316s] Level 1:colcon.colcon_core.package_identification:_identify(.) by extension 'python'
[1.316s] Level 1:colcon.colcon_core.package_identification:_identify(.) by extensions ['python_setup_py']
[1.316s] Level 1:colcon.colcon_core.package_identification:_identify(.) by extension 'python_setup_py'
[1.317s] Level 1:colcon.colcon_core.package_identification:_identify(build) by extensions ['ignore', 'ignore_ament_install']
[1.317s] Level 1:colcon.colcon_core.package_identification:_identify(build) by extension 'ignore'
[1.317s] Level 1:colcon.colcon_core.package_identification:_identify(build) ignored
[1.317s] Level 1:colcon.colcon_core.package_identification:_identify(install) by extensions ['ignore', 'ignore_ament_install']
[1.317s] Level 1:colcon.colcon_core.package_identification:_identify(install) by extension 'ignore'
[1.317s] Level 1:colcon.colcon_core.package_identification:_identify(install) ignored
[1.317s] Level 1:colcon.colcon_core.package_identification:_identify(log) by extensions ['ignore', 'ignore_ament_install']
[1.317s] Level 1:colcon.colcon_core.package_identification:_identify(log) by extension 'ignore'
[1.317s] Level 1:colcon.colcon_core.package_identification:_identify(log) ignored
[1.317s] Level 1:colcon.colcon_core.package_identification:_identify(src) by extensions ['ignore', 'ignore_ament_install']
[1.317s] Level 1:colcon.colcon_core.package_identification:_identify(src) by extension 'ignore'
[1.317s] Level 1:colcon.colcon_core.package_identification:_identify(src) by extension 'ignore_ament_install'
[1.317s] Level 1:colcon.colcon_core.package_identification:_identify(src) by extensions ['colcon_pkg']
[1.317s] Level 1:colcon.colcon_core.package_identification:_identify(src) by extension 'colcon_pkg'
[1.317s] Level 1:colcon.colcon_core.package_identification:_identify(src) by extensions ['colcon_meta']
[1.317s] Level 1:colcon.colcon_core.package_identification:_identify(src) by extension 'colcon_meta'
[1.317s] Level 1:colcon.colcon_core.package_identification:_identify(src) by extensions ['ros']
[1.317s] Level 1:colcon.colcon_core.package_identification:_identify(src) by extension 'ros'
[1.317s] Level 1:colcon.colcon_core.package_identification:_identify(src) by extensions ['cmake', 'python']
[1.317s] Level 1:colcon.colcon_core.package_identification:_identify(src) by extension 'cmake'
[1.317s] Level 1:colcon.colcon_core.package_identification:_identify(src) by extension 'python'
[1.317s] Level 1:colcon.colcon_core.package_identification:_identify(src) by extensions ['python_setup_py']
[1.317s] Level 1:colcon.colcon_core.package_identification:_identify(src) by extension 'python_setup_py'
[1.317s] Level 1:colcon.colcon_core.package_identification:_identify(src/my_first_node) by extensions ['ignore', 'ignore_ament_install']
[1.317s] Level 1:colcon.colcon_core.package_identification:_identify(src/my_first_node) by extension 'ignore'
[1.317s] Level 1:colcon.colcon_core.package_identification:_identify(src/my_first_node) by extension 'ignore_ament_install'
[1.317s] Level 1:colcon.colcon_core.package_identification:_identify(src/my_first_node) by extensions ['colcon_pkg']
[1.318s] Level 1:colcon.colcon_core.package_identification:_identify(src/my_first_node) by extension 'colcon_pkg'
[1.318s] Level 1:colcon.colcon_core.package_identification:_identify(src/my_first_node) by extensions ['colcon_meta']
[1.318s] Level 1:colcon.colcon_core.package_identification:_identify(src/my_first_node) by extension 'colcon_meta'
[1.318s] Level 1:colcon.colcon_core.package_identification:_identify(src/my_first_node) by extensions ['ros']
[1.318s] Level 1:colcon.colcon_core.package_identification:_identify(src/my_first_node) by extension 'ros'
[1.319s] DEBUG:colcon.colcon_core.package_identification:Package 'src/my_first_node' with type 'ros.ament_python' and name 'my_first_node'
[1.319s] Level 1:colcon.colcon_core.package_identification:_identify(src/my_first_publisher) by extensions ['ignore', 'ignore_ament_install']
[1.319s] Level 1:colcon.colcon_core.package_identification:_identify(src/my_first_publisher) by extension 'ignore'
[1.319s] Level 1:colcon.colcon_core.package_identification:_identify(src/my_first_publisher) by extension 'ignore_ament_install'
[1.319s] Level 1:colcon.colcon_core.package_identification:_identify(src/my_first_publisher) by extensions ['colcon_pkg']
[1.319s] Level 1:colcon.colcon_core.package_identification:_identify(src/my_first_publisher) by extension 'colcon_pkg'
[1.319s] Level 1:colcon.colcon_core.package_identification:_identify(src/my_first_publisher) by extensions ['colcon_meta']
[1.319s] Level 1:colcon.colcon_core.package_identification:_identify(src/my_first_publisher) by extension 'colcon_meta'
[1.319s] Level 1:colcon.colcon_core.package_identification:_identify(src/my_first_publisher) by extensions ['ros']
[1.319s] Level 1:colcon.colcon_core.package_identification:_identify(src/my_first_publisher) by extension 'ros'
[1.320s] DEBUG:colcon.colcon_core.package_identification:Package 'src/my_first_publisher' with type 'ros.ament_python' and name 'my_first_publisher'
[1.320s] Level 1:colcon.colcon_core.package_identification:_identify(src/turtlebot3_simulations) by extensions ['ignore', 'ignore_ament_install']
[1.320s] Level 1:colcon.colcon_core.package_identification:_identify(src/turtlebot3_simulations) by extension 'ignore'
[1.320s] Level 1:colcon.colcon_core.package_identification:_identify(src/turtlebot3_simulations) by extension 'ignore_ament_install'
[1.320s] Level 1:colcon.colcon_core.package_identification:_identify(src/turtlebot3_simulations) by extensions ['colcon_pkg']
[1.320s] Level 1:colcon.colcon_core.package_identification:_identify(src/turtlebot3_simulations) by extension 'colcon_pkg'
[1.320s] Level 1:colcon.colcon_core.package_identification:_identify(src/turtlebot3_simulations) by extensions ['colcon_meta']
[1.320s] Level 1:colcon.colcon_core.package_identification:_identify(src/turtlebot3_simulations) by extension 'colcon_meta'
[1.320s] Level 1:colcon.colcon_core.package_identification:_identify(src/turtlebot3_simulations) by extensions ['ros']
[1.320s] Level 1:colcon.colcon_core.package_identification:_identify(src/turtlebot3_simulations) by extension 'ros'
[1.320s] Level 1:colcon.colcon_core.package_identification:_identify(src/turtlebot3_simulations) by extensions ['cmake', 'python']
[1.320s] Level 1:colcon.colcon_core.package_identification:_identify(src/turtlebot3_simulations) by extension 'cmake'
[1.320s] Level 1:colcon.colcon_core.package_identification:_identify(src/turtlebot3_simulations) by extension 'python'
[1.320s] Level 1:colcon.colcon_core.package_identification:_identify(src/turtlebot3_simulations) by extensions ['python_setup_py']
[1.320s] Level 1:colcon.colcon_core.package_identification:_identify(src/turtlebot3_simulations) by extension 'python_setup_py'
[1.320s] Level 1:colcon.colcon_core.package_identification:_identify(src/turtlebot3_simulations/turtlebot3_fake_node) by extensions ['ignore', 'ignore_ament_install']
[1.320s] Level 1:colcon.colcon_core.package_identification:_identify(src/turtlebot3_simulations/turtlebot3_fake_node) by extension 'ignore'
[1.320s] Level 1:colcon.colcon_core.package_identification:_identify(src/turtlebot3_simulations/turtlebot3_fake_node) by extension 'ignore_ament_install'
[1.320s] Level 1:colcon.colcon_core.package_identification:_identify(src/turtlebot3_simulations/turtlebot3_fake_node) by extensions ['colcon_pkg']
[1.320s] Level 1:colcon.colcon_core.package_identification:_identify(src/turtlebot3_simulations/turtlebot3_fake_node) by extension 'colcon_pkg'
[1.320s] Level 1:colcon.colcon_core.package_identification:_identify(src/turtlebot3_simulations/turtlebot3_fake_node) by extensions ['colcon_meta']
[1.320s] Level 1:colcon.colcon_core.package_identification:_identify(src/turtlebot3_simulations/turtlebot3_fake_node) by extension 'colcon_meta'
[1.320s] Level 1:colcon.colcon_core.package_identification:_identify(src/turtlebot3_simulations/turtlebot3_fake_node) by extensions ['ros']
[1.320s] Level 1:colcon.colcon_core.package_identification:_identify(src/turtlebot3_simulations/turtlebot3_fake_node) by extension 'ros'
[1.321s] DEBUG:colcon.colcon_core.package_identification:Package 'src/turtlebot3_simulations/turtlebot3_fake_node' with type 'ros.ament_cmake' and name 'turtlebot3_fake_node'
[1.321s] Level 1:colcon.colcon_core.package_identification:_identify(src/turtlebot3_simulations/turtlebot3_gazebo) by extensions ['ignore', 'ignore_ament_install']
[1.321s] Level 1:colcon.colcon_core.package_identification:_identify(src/turtlebot3_simulations/turtlebot3_gazebo) by extension 'ignore'
[1.321s] Level 1:colcon.colcon_core.package_identification:_identify(src/turtlebot3_simulations/turtlebot3_gazebo) by extension 'ignore_ament_install'
[1.321s] Level 1:colcon.colcon_core.package_identification:_identify(src/turtlebot3_simulations/turtlebot3_gazebo) by extensions ['colcon_pkg']
[1.321s] Level 1:colcon.colcon_core.package_identification:_identify(src/turtlebot3_simulations/turtlebot3_gazebo) by extension 'colcon_pkg'
[1.321s] Level 1:colcon.colcon_core.package_identification:_identify(src/turtlebot3_simulations/turtlebot3_gazebo) by extensions ['colcon_meta']
[1.321s] Level 1:colcon.colcon_core.package_identification:_identify(src/turtlebot3_simulations/turtlebot3_gazebo) by extension 'colcon_meta'
[1.321s] Level 1:colcon.colcon_core.package_identification:_identify(src/turtlebot3_simulations/turtlebot3_gazebo) by extensions ['ros']
[1.321s] Level 1:colcon.colcon_core.package_identification:_identify(src/turtlebot3_simulations/turtlebot3_gazebo) by extension 'ros'
[1.322s] DEBUG:colcon.colcon_core.package_identification:Package 'src/turtlebot3_simulations/turtlebot3_gazebo' with type 'ros.ament_cmake' and name 'turtlebot3_gazebo'
[1.322s] Level 1:colcon.colcon_core.package_identification:_identify(src/turtlebot3_simulations/turtlebot3_simulations) by extensions ['ignore', 'ignore_ament_install']
[1.322s] Level 1:colcon.colcon_core.package_identification:_identify(src/turtlebot3_simulations/turtlebot3_simulations) by extension 'ignore'
[1.322s] Level 1:colcon.colcon_core.package_identification:_identify(src/turtlebot3_simulations/turtlebot3_simulations) by extension 'ignore_ament_install'
[1.322s] Level 1:colcon.colcon_core.package_identification:_identify(src/turtlebot3_simulations/turtlebot3_simulations) by extensions ['colcon_pkg']
[1.322s] Level 1:colcon.colcon_core.package_identification:_identify(src/turtlebot3_simulations/turtlebot3_simulations) by extension 'colcon_pkg'
[1.322s] Level 1:colcon.colcon_core.package_identification:_identify(src/turtlebot3_simulations/turtlebot3_simulations) by extensions ['colcon_meta']
[1.322s] Level 1:colcon.colcon_core.package_identification:_identify(src/turtlebot3_simulations/turtlebot3_simulations) by extension 'colcon_meta'
[1.322s] Level 1:colcon.colcon_core.package_identification:_identify(src/turtlebot3_simulations/turtlebot3_simulations) by extensions ['ros']
[1.322s] Level 1:colcon.colcon_core.package_identification:_identify(src/turtlebot3_simulations/turtlebot3_simulations) by extension 'ros'
[1.322s] DEBUG:colcon.colcon_core.package_identification:Package 'src/turtlebot3_simulations/turtlebot3_simulations' with type 'ros.ament_cmake' and name 'turtlebot3_simulations'
[1.322s] Level 1:colcon.colcon_core.package_discovery:discover_packages(recursive) using defaults
[1.322s] Level 1:colcon.colcon_core.package_discovery:discover_packages(ignore) discover
[1.322s] Level 1:colcon.colcon_core.package_discovery:discover_packages(ignore) using defaults
[1.322s] Level 1:colcon.colcon_core.package_discovery:discover_packages(path) discover
[1.322s] Level 1:colcon.colcon_core.package_discovery:discover_packages(path) using defaults
[1.446s] Level 1:colcon.colcon_core.package_discovery:discover_packages(prefix_path) check parameters
[1.446s] Level 1:colcon.colcon_core.package_discovery:discover_packages(prefix_path) discover
[1.493s] DEBUG:colcon.colcon_installed_package_information.package_discovery:Found 5 installed packages in /home/cmarrod3/turtlebot3_ws/install
[1.516s] DEBUG:colcon.colcon_installed_package_information.package_discovery:Found 336 installed packages in /opt/ros/galactic
[1.517s] Level 1:colcon.colcon_core.package_discovery:discover_packages(prefix_path) using defaults
[1.613s] Level 5:colcon.colcon_core.verb:set package 'my_first_node' build argument 'cmake_args' from command line to 'None'
[1.613s] Level 5:colcon.colcon_core.verb:set package 'my_first_node' build argument 'cmake_target' from command line to 'None'
[1.613s] Level 5:colcon.colcon_core.verb:set package 'my_first_node' build argument 'cmake_target_skip_unavailable' from command line to 'False'
[1.613s] Level 5:colcon.colcon_core.verb:set package 'my_first_node' build argument 'cmake_clean_cache' from command line to 'False'
[1.613s] Level 5:colcon.colcon_core.verb:set package 'my_first_node' build argument 'cmake_clean_first' from command line to 'False'
[1.613s] Level 5:colcon.colcon_core.verb:set package 'my_first_node' build argument 'cmake_force_configure' from command line to 'False'
[1.613s] Level 5:colcon.colcon_core.verb:set package 'my_first_node' build argument 'ament_cmake_args' from command line to 'None'
[1.613s] Level 5:colcon.colcon_core.verb:set package 'my_first_node' build argument 'catkin_cmake_args' from command line to 'None'
[1.613s] Level 5:colcon.colcon_core.verb:set package 'my_first_node' build argument 'catkin_skip_building_tests' from command line to 'False'
[1.613s] DEBUG:colcon.colcon_core.verb:Building package 'my_first_node' with the following arguments: {'ament_cmake_args': None, 'build_base': '/home/cmarrod3/turtlebot3_ws/build/my_first_node', 'catkin_cmake_args': None, 'catkin_skip_building_tests': False, 'cmake_args': None, 'cmake_clean_cache': False, 'cmake_clean_first': False, 'cmake_force_configure': False, 'cmake_target': None, 'cmake_target_skip_unavailable': False, 'install_base': '/home/cmarrod3/turtlebot3_ws/install/my_first_node', 'merge_install': False, 'path': '/home/cmarrod3/turtlebot3_ws/src/my_first_node', 'symlink_install': False, 'test_result_base': None}
[1.633s] Level 5:colcon.colcon_core.verb:set package 'my_first_publisher' build argument 'cmake_args' from command line to 'None'
[1.633s] Level 5:colcon.colcon_core.verb:set package 'my_first_publisher' build argument 'cmake_target' from command line to 'None'
[1.633s] Level 5:colcon.colcon_core.verb:set package 'my_first_publisher' build argument 'cmake_target_skip_unavailable' from command line to 'False'
[1.633s] Level 5:colcon.colcon_core.verb:set package 'my_first_publisher' build argument 'cmake_clean_cache' from command line to 'False'
[1.633s] Level 5:colcon.colcon_core.verb:set package 'my_first_publisher' build argument 'cmake_clean_first' from command line to 'False'
[1.633s] Level 5:colcon.colcon_core.verb:set package 'my_first_publisher' build argument 'cmake_force_configure' from command line to 'False'
[1.633s] Level 5:colcon.colcon_core.verb:set package 'my_first_publisher' build argument 'ament_cmake_args' from command line to 'None'
[1.633s] Level 5:colcon.colcon_core.verb:set package 'my_first_publisher' build argument 'catkin_cmake_args' from command line to 'None'
[1.633s] Level 5:colcon.colcon_core.verb:set package 'my_first_publisher' build argument 'catkin_skip_building_tests' from command line to 'False'
[1.633s] DEBUG:colcon.colcon_core.verb:Building package 'my_first_publisher' with the following arguments: {'ament_cmake_args': None, 'build_base': '/home/cmarrod3/turtlebot3_ws/build/my_first_publisher', 'catkin_cmake_args': None, 'catkin_skip_building_tests': False, 'cmake_args': None, 'cmake_clean_cache': False, 'cmake_clean_first': False, 'cmake_force_configure': False, 'cmake_target': None, 'cmake_target_skip_unavailable': False, 'install_base': '/home/cmarrod3/turtlebot3_ws/install/my_first_publisher', 'merge_install': False, 'path': '/home/cmarrod3/turtlebot3_ws/src/my_first_publisher', 'symlink_install': False, 'test_result_base': None}
[1.652s] Level 5:colcon.colcon_core.verb:set package 'turtlebot3_fake_node' build argument 'cmake_args' from command line to 'None'
[1.652s] Level 5:colcon.colcon_core.verb:set package 'turtlebot3_fake_node' build argument 'cmake_target' from command line to 'None'
[1.652s] Level 5:colcon.colcon_core.verb:set package 'turtlebot3_fake_node' build argument 'cmake_target_skip_unavailable' from command line to 'False'
[1.652s] Level 5:colcon.colcon_core.verb:set package 'turtlebot3_fake_node' build argument 'cmake_clean_cache' from command line to 'False'
[1.653s] Level 5:colcon.colcon_core.verb:set package 'turtlebot3_fake_node' build argument 'cmake_clean_first' from command line to 'False'
[1.653s] Level 5:colcon.colcon_core.verb:set package 'turtlebot3_fake_node' build argument 'cmake_force_configure' from command line to 'False'
[1.653s] Level 5:colcon.colcon_core.verb:set package 'turtlebot3_fake_node' build argument 'ament_cmake_args' from command line to 'None'
[1.653s] Level 5:colcon.colcon_core.verb:set package 'turtlebot3_fake_node' build argument 'catkin_cmake_args' from command line to 'None'
[1.653s] Level 5:colcon.colcon_core.verb:set package 'turtlebot3_fake_node' build argument 'catkin_skip_building_tests' from command line to 'False'
[1.653s] DEBUG:colcon.colcon_core.verb:Building package 'turtlebot3_fake_node' with the following arguments: {'ament_cmake_args': None, 'build_base': '/home/cmarrod3/turtlebot3_ws/build/turtlebot3_fake_node', 'catkin_cmake_args': None, 'catkin_skip_building_tests': False, 'cmake_args': None, 'cmake_clean_cache': False, 'cmake_clean_first': False, 'cmake_force_configure': False, 'cmake_target': None, 'cmake_target_skip_unavailable': False, 'install_base': '/home/cmarrod3/turtlebot3_ws/install/turtlebot3_fake_node', 'merge_install': False, 'path': '/home/cmarrod3/turtlebot3_ws/src/turtlebot3_simulations/turtlebot3_fake_node', 'symlink_install': False, 'test_result_base': None}
[1.672s] Level 5:colcon.colcon_core.verb:set package 'turtlebot3_gazebo' build argument 'cmake_args' from command line to 'None'
[1.672s] Level 5:colcon.colcon_core.verb:set package 'turtlebot3_gazebo' build argument 'cmake_target' from command line to 'None'
[1.672s] Level 5:colcon.colcon_core.verb:set package 'turtlebot3_gazebo' build argument 'cmake_target_skip_unavailable' from command line to 'False'
[1.672s] Level 5:colcon.colcon_core.verb:set package 'turtlebot3_gazebo' build argument 'cmake_clean_cache' from command line to 'False'
[1.672s] Level 5:colcon.colcon_core.verb:set package 'turtlebot3_gazebo' build argument 'cmake_clean_first' from command line to 'False'
[1.672s] Level 5:colcon.colcon_core.verb:set package 'turtlebot3_gazebo' build argument 'cmake_force_configure' from command line to 'False'
[1.672s] Level 5:colcon.colcon_core.verb:set package 'turtlebot3_gazebo' build argument 'ament_cmake_args' from command line to 'None'
[1.672s] Level 5:colcon.colcon_core.verb:set package 'turtlebot3_gazebo' build argument 'catkin_cmake_args' from command line to 'None'
[1.672s] Level 5:colcon.colcon_core.verb:set package 'turtlebot3_gazebo' build argument 'catkin_skip_building_tests' from command line to 'False'
[1.672s] DEBUG:colcon.colcon_core.verb:Building package 'turtlebot3_gazebo' with the following arguments: {'ament_cmake_args': None, 'build_base': '/home/cmarrod3/turtlebot3_ws/build/turtlebot3_gazebo', 'catkin_cmake_args': None, 'catkin_skip_building_tests': False, 'cmake_args': None, 'cmake_clean_cache': False, 'cmake_clean_first': False, 'cmake_force_configure': False, 'cmake_target': None, 'cmake_target_skip_unavailable': False, 'install_base': '/home/cmarrod3/turtlebot3_ws/install/turtlebot3_gazebo', 'merge_install': False, 'path': '/home/cmarrod3/turtlebot3_ws/src/turtlebot3_simulations/turtlebot3_gazebo', 'symlink_install': False, 'test_result_base': None}
[1.691s] Level 5:colcon.colcon_core.verb:set package 'turtlebot3_simulations' build argument 'cmake_args' from command line to 'None'
[1.691s] Level 5:colcon.colcon_core.verb:set package 'turtlebot3_simulations' build argument 'cmake_target' from command line to 'None'
[1.691s] Level 5:colcon.colcon_core.verb:set package 'turtlebot3_simulations' build argument 'cmake_target_skip_unavailable' from command line to 'False'
[1.691s] Level 5:colcon.colcon_core.verb:set package 'turtlebot3_simulations' build argument 'cmake_clean_cache' from command line to 'False'
[1.691s] Level 5:colcon.colcon_core.verb:set package 'turtlebot3_simulations' build argument 'cmake_clean_first' from command line to 'False'
[1.691s] Level 5:colcon.colcon_core.verb:set package 'turtlebot3_simulations' build argument 'cmake_force_configure' from command line to 'False'
[1.691s] Level 5:colcon.colcon_core.verb:set package 'turtlebot3_simulations' build argument 'ament_cmake_args' from command line to 'None'
[1.691s] Level 5:colcon.colcon_core.verb:set package 'turtlebot3_simulations' build argument 'catkin_cmake_args' from command line to 'None'
[1.691s] Level 5:colcon.colcon_core.verb:set package 'turtlebot3_simulations' build argument 'catkin_skip_building_tests' from command line to 'False'
[1.691s] DEBUG:colcon.colcon_core.verb:Building package 'turtlebot3_simulations' with the following arguments: {'ament_cmake_args': None, 'build_base': '/home/cmarrod3/turtlebot3_ws/build/turtlebot3_simulations', 'catkin_cmake_args': None, 'catkin_skip_building_tests': False, 'cmake_args': None, 'cmake_clean_cache': False, 'cmake_clean_first': False, 'cmake_force_configure': False, 'cmake_target': None, 'cmake_target_skip_unavailable': False, 'install_base': '/home/cmarrod3/turtlebot3_ws/install/turtlebot3_simulations', 'merge_install': False, 'path': '/home/cmarrod3/turtlebot3_ws/src/turtlebot3_simulations/turtlebot3_simulations', 'symlink_install': False, 'test_result_base': None}
[1.711s] INFO:colcon.colcon_core.executor:Executing jobs using 'parallel' executor
[1.731s] DEBUG:colcon.colcon_parallel_executor.executor.parallel:run_until_complete
[1.731s] INFO:colcon.colcon_ros.task.ament_cmake.build:Building ROS package in '/home/cmarrod3/turtlebot3_ws/src/turtlebot3_simulations/turtlebot3_fake_node' with build type 'ament_cmake'
[1.731s] INFO:colcon.colcon_cmake.task.cmake.build:Building CMake package in '/home/cmarrod3/turtlebot3_ws/src/turtlebot3_simulations/turtlebot3_fake_node'
[1.752s] INFO:colcon.colcon_core.plugin_system:Skipping extension 'colcon_core.shell.bat': Not used on non-Windows systems
[1.752s] INFO:colcon.colcon_core.shell:Skip shell extension 'powershell' for command environment: Not usable outside of PowerShell
[1.752s] DEBUG:colcon.colcon_core.shell:Skip shell extension 'dsv' for command environment
[1.818s] INFO:colcon.colcon_ros.task.ament_cmake.build:Building ROS package in '/home/cmarrod3/turtlebot3_ws/src/turtlebot3_simulations/turtlebot3_gazebo' with build type 'ament_cmake'
[1.818s] INFO:colcon.colcon_cmake.task.cmake.build:Building CMake package in '/home/cmarrod3/turtlebot3_ws/src/turtlebot3_simulations/turtlebot3_gazebo'
[1.840s] INFO:colcon.colcon_core.shell:Skip shell extension 'powershell' for command environment: Not usable outside of PowerShell
[1.840s] DEBUG:colcon.colcon_core.shell:Skip shell extension 'dsv' for command environment
[1.914s] DEBUG:colcon.colcon_core.event_handler.log_command:Invoking command in '/home/cmarrod3/turtlebot3_ws/build/turtlebot3_fake_node': CMAKE_PREFIX_PATH=${CMAKE_PREFIX_PATH}:/home/cmarrod3/turtlebot3_ws/install/my_first_publisher:/home/cmarrod3/turtlebot3_ws/install/my_first_node:/opt/ros/galactic /usr/bin/cmake --build /home/cmarrod3/turtlebot3_ws/build/turtlebot3_fake_node -- -j2 -l2
[1.927s] DEBUG:colcon.colcon_core.event_handler.log_command:Invoking command in '/home/cmarrod3/turtlebot3_ws/build/turtlebot3_gazebo': CMAKE_PREFIX_PATH=${CMAKE_PREFIX_PATH}:/home/cmarrod3/turtlebot3_ws/install/my_first_publisher:/home/cmarrod3/turtlebot3_ws/install/my_first_node:/opt/ros/galactic /usr/bin/cmake --build /home/cmarrod3/turtlebot3_ws/build/turtlebot3_gazebo -- -j2 -l2
[1.986s] DEBUG:colcon.colcon_core.event_handler.log_command:Invoked command in '/home/cmarrod3/turtlebot3_ws/build/turtlebot3_fake_node' returned '0': CMAKE_PREFIX_PATH=${CMAKE_PREFIX_PATH}:/home/cmarrod3/turtlebot3_ws/install/my_first_publisher:/home/cmarrod3/turtlebot3_ws/install/my_first_node:/opt/ros/galactic /usr/bin/cmake --build /home/cmarrod3/turtlebot3_ws/build/turtlebot3_fake_node -- -j2 -l2
[2.035s] DEBUG:colcon.colcon_core.event_handler.log_command:Invoking command in '/home/cmarrod3/turtlebot3_ws/build/turtlebot3_fake_node': CMAKE_PREFIX_PATH=${CMAKE_PREFIX_PATH}:/home/cmarrod3/turtlebot3_ws/install/my_first_publisher:/home/cmarrod3/turtlebot3_ws/install/my_first_node:/opt/ros/galactic /usr/bin/cmake --install /home/cmarrod3/turtlebot3_ws/build/turtlebot3_fake_node
[2.038s] DEBUG:colcon.colcon_core.event_handler.log_command:Invoked command in '/home/cmarrod3/turtlebot3_ws/build/turtlebot3_gazebo' returned '0': CMAKE_PREFIX_PATH=${CMAKE_PREFIX_PATH}:/home/cmarrod3/turtlebot3_ws/install/my_first_publisher:/home/cmarrod3/turtlebot3_ws/install/my_first_node:/opt/ros/galactic /usr/bin/cmake --build /home/cmarrod3/turtlebot3_ws/build/turtlebot3_gazebo -- -j2 -l2
[2.060s] Level 1:colcon.colcon_core.environment:create_environment_scripts_only(turtlebot3_fake_node)
[2.060s] DEBUG:colcon.colcon_core.event_handler.log_command:Invoked command in '/home/cmarrod3/turtlebot3_ws/build/turtlebot3_fake_node' returned '0': CMAKE_PREFIX_PATH=${CMAKE_PREFIX_PATH}:/home/cmarrod3/turtlebot3_ws/install/my_first_publisher:/home/cmarrod3/turtlebot3_ws/install/my_first_node:/opt/ros/galactic /usr/bin/cmake --install /home/cmarrod3/turtlebot3_ws/build/turtlebot3_fake_node
[2.087s] Level 1:colcon.colcon_core.environment:checking '/home/cmarrod3/turtlebot3_ws/install/turtlebot3_fake_node' for CMake module files
[2.087s] Level 1:colcon.colcon_core.environment:checking '/home/cmarrod3/turtlebot3_ws/install/turtlebot3_fake_node' for CMake config files
[2.087s] Level 1:colcon.colcon_core.shell:create_environment_hook('turtlebot3_fake_node', 'cmake_prefix_path')
[2.109s] INFO:colcon.colcon_core.shell:Creating environment hook '/home/cmarrod3/turtlebot3_ws/install/turtlebot3_fake_node/share/turtlebot3_fake_node/hook/cmake_prefix_path.ps1'
[2.109s] INFO:colcon.colcon_core.shell:Creating environment descriptor '/home/cmarrod3/turtlebot3_ws/install/turtlebot3_fake_node/share/turtlebot3_fake_node/hook/cmake_prefix_path.dsv'
[2.110s] INFO:colcon.colcon_core.shell:Creating environment hook '/home/cmarrod3/turtlebot3_ws/install/turtlebot3_fake_node/share/turtlebot3_fake_node/hook/cmake_prefix_path.sh'
[2.110s] Level 1:colcon.colcon_core.environment:checking '/home/cmarrod3/turtlebot3_ws/install/turtlebot3_fake_node/lib'
[2.111s] Level 1:colcon.colcon_core.environment:checking '/home/cmarrod3/turtlebot3_ws/install/turtlebot3_fake_node/bin'
[2.111s] Level 1:colcon.colcon_core.environment:checking '/home/cmarrod3/turtlebot3_ws/install/turtlebot3_fake_node/lib/pkgconfig/turtlebot3_fake_node.pc'
[2.111s] Level 1:colcon.colcon_core.environment:checking '/home/cmarrod3/turtlebot3_ws/install/turtlebot3_fake_node/lib/python3.8/site-packages'
[2.111s] Level 1:colcon.colcon_core.environment:checking '/home/cmarrod3/turtlebot3_ws/install/turtlebot3_fake_node/bin'
[2.133s] INFO:colcon.colcon_core.shell:Creating package script '/home/cmarrod3/turtlebot3_ws/install/turtlebot3_fake_node/share/turtlebot3_fake_node/package.ps1'
[2.133s] INFO:colcon.colcon_core.shell:Creating package descriptor '/home/cmarrod3/turtlebot3_ws/install/turtlebot3_fake_node/share/turtlebot3_fake_node/package.dsv'
[2.134s] INFO:colcon.colcon_core.shell:Creating package script '/home/cmarrod3/turtlebot3_ws/install/turtlebot3_fake_node/share/turtlebot3_fake_node/package.sh'
[2.134s] INFO:colcon.colcon_core.shell:Creating package script '/home/cmarrod3/turtlebot3_ws/install/turtlebot3_fake_node/share/turtlebot3_fake_node/package.bash'
[2.134s] INFO:colcon.colcon_core.shell:Creating package script '/home/cmarrod3/turtlebot3_ws/install/turtlebot3_fake_node/share/turtlebot3_fake_node/package.zsh'
[2.135s] Level 1:colcon.colcon_core.environment:create_file_with_runtime_dependencies(/home/cmarrod3/turtlebot3_ws/install/turtlebot3_fake_node/share/colcon-core/packages/turtlebot3_fake_node)
[2.141s] DEBUG:colcon.colcon_core.event_handler.log_command:Invoking command in '/home/cmarrod3/turtlebot3_ws/build/turtlebot3_gazebo': CMAKE_PREFIX_PATH=${CMAKE_PREFIX_PATH}:/home/cmarrod3/turtlebot3_ws/install/my_first_publisher:/home/cmarrod3/turtlebot3_ws/install/my_first_node:/opt/ros/galactic /usr/bin/cmake --install /home/cmarrod3/turtlebot3_ws/build/turtlebot3_gazebo
[2.188s] Level 1:colcon.colcon_core.environment:create_environment_scripts_only(turtlebot3_fake_node)
[2.208s] Level 1:colcon.colcon_core.environment:checking '/home/cmarrod3/turtlebot3_ws/install/turtlebot3_fake_node' for CMake module files
[2.208s] Level 1:colcon.colcon_core.environment:checking '/home/cmarrod3/turtlebot3_ws/install/turtlebot3_fake_node' for CMake config files
[2.209s] Level 1:colcon.colcon_core.shell:create_environment_hook('turtlebot3_fake_node', 'cmake_prefix_path')
[2.228s] INFO:colcon.colcon_core.shell:Creating environment hook '/home/cmarrod3/turtlebot3_ws/install/turtlebot3_fake_node/share/turtlebot3_fake_node/hook/cmake_prefix_path.ps1'
[2.229s] INFO:colcon.colcon_core.shell:Creating environment descriptor '/home/cmarrod3/turtlebot3_ws/install/turtlebot3_fake_node/share/turtlebot3_fake_node/hook/cmake_prefix_path.dsv'
[2.229s] INFO:colcon.colcon_core.shell:Creating environment hook '/home/cmarrod3/turtlebot3_ws/install/turtlebot3_fake_node/share/turtlebot3_fake_node/hook/cmake_prefix_path.sh'
[2.229s] Level 1:colcon.colcon_core.environment:checking '/home/cmarrod3/turtlebot3_ws/install/turtlebot3_fake_node/lib'
[2.230s] Level 1:colcon.colcon_core.environment:checking '/home/cmarrod3/turtlebot3_ws/install/turtlebot3_fake_node/bin'
[2.230s] Level 1:colcon.colcon_core.environment:checking '/home/cmarrod3/turtlebot3_ws/install/turtlebot3_fake_node/lib/pkgconfig/turtlebot3_fake_node.pc'
[2.230s] Level 1:colcon.colcon_core.environment:checking '/home/cmarrod3/turtlebot3_ws/install/turtlebot3_fake_node/lib/python3.8/site-packages'
[2.230s] Level 1:colcon.colcon_core.environment:checking '/home/cmarrod3/turtlebot3_ws/install/turtlebot3_fake_node/bin'
[2.250s] INFO:colcon.colcon_core.shell:Creating package script '/home/cmarrod3/turtlebot3_ws/install/turtlebot3_fake_node/share/turtlebot3_fake_node/package.ps1'
[2.251s] INFO:colcon.colcon_core.shell:Creating package descriptor '/home/cmarrod3/turtlebot3_ws/install/turtlebot3_fake_node/share/turtlebot3_fake_node/package.dsv'
[2.251s] INFO:colcon.colcon_core.shell:Creating package script '/home/cmarrod3/turtlebot3_ws/install/turtlebot3_fake_node/share/turtlebot3_fake_node/package.sh'
[2.252s] INFO:colcon.colcon_core.shell:Creating package script '/home/cmarrod3/turtlebot3_ws/install/turtlebot3_fake_node/share/turtlebot3_fake_node/package.bash'
[2.252s] INFO:colcon.colcon_core.shell:Creating package script '/home/cmarrod3/turtlebot3_ws/install/turtlebot3_fake_node/share/turtlebot3_fake_node/package.zsh'
[2.252s] Level 1:colcon.colcon_core.environment:create_file_with_runtime_dependencies(/home/cmarrod3/turtlebot3_ws/install/turtlebot3_fake_node/share/colcon-core/packages/turtlebot3_fake_node)
[2.253s] INFO:colcon.colcon_ros.task.ament_python.build:Building ROS package in '/home/cmarrod3/turtlebot3_ws/src/my_first_node' with build type 'ament_python'
[2.253s] Level 1:colcon.colcon_core.shell:create_environment_hook('my_first_node', 'ament_prefix_path')
[2.273s] INFO:colcon.colcon_core.shell:Creating environment hook '/home/cmarrod3/turtlebot3_ws/install/my_first_node/share/my_first_node/hook/ament_prefix_path.ps1'
[2.274s] INFO:colcon.colcon_core.shell:Creating environment descriptor '/home/cmarrod3/turtlebot3_ws/install/my_first_node/share/my_first_node/hook/ament_prefix_path.dsv'
[2.275s] INFO:colcon.colcon_core.shell:Creating environment hook '/home/cmarrod3/turtlebot3_ws/install/my_first_node/share/my_first_node/hook/ament_prefix_path.sh'
[2.295s] INFO:colcon.colcon_core.shell:Skip shell extension 'powershell' for command environment: Not usable outside of PowerShell
[2.295s] DEBUG:colcon.colcon_core.shell:Skip shell extension 'dsv' for command environment
[2.372s] Level 1:colcon.colcon_core.environment:create_environment_scripts_only(turtlebot3_gazebo)
[2.372s] DEBUG:colcon.colcon_core.event_handler.log_command:Invoked command in '/home/cmarrod3/turtlebot3_ws/build/turtlebot3_gazebo' returned '0': CMAKE_PREFIX_PATH=${CMAKE_PREFIX_PATH}:/home/cmarrod3/turtlebot3_ws/install/my_first_publisher:/home/cmarrod3/turtlebot3_ws/install/my_first_node:/opt/ros/galactic /usr/bin/cmake --install /home/cmarrod3/turtlebot3_ws/build/turtlebot3_gazebo
[2.393s] Level 1:colcon.colcon_core.environment:checking '/home/cmarrod3/turtlebot3_ws/install/turtlebot3_gazebo' for CMake module files
[2.394s] Level 1:colcon.colcon_core.environment:checking '/home/cmarrod3/turtlebot3_ws/install/turtlebot3_gazebo' for CMake config files
[2.394s] Level 1:colcon.colcon_core.shell:create_environment_hook('turtlebot3_gazebo', 'cmake_prefix_path')
[2.414s] INFO:colcon.colcon_core.shell:Creating environment hook '/home/cmarrod3/turtlebot3_ws/install/turtlebot3_gazebo/share/turtlebot3_gazebo/hook/cmake_prefix_path.ps1'
[2.415s] INFO:colcon.colcon_core.shell:Creating environment descriptor '/home/cmarrod3/turtlebot3_ws/install/turtlebot3_gazebo/share/turtlebot3_gazebo/hook/cmake_prefix_path.dsv'
[2.415s] INFO:colcon.colcon_core.shell:Creating environment hook '/home/cmarrod3/turtlebot3_ws/install/turtlebot3_gazebo/share/turtlebot3_gazebo/hook/cmake_prefix_path.sh'
[2.415s] Level 1:colcon.colcon_core.environment:checking '/home/cmarrod3/turtlebot3_ws/install/turtlebot3_gazebo/lib'
[2.416s] Level 1:colcon.colcon_core.environment:checking '/home/cmarrod3/turtlebot3_ws/install/turtlebot3_gazebo/bin'
[2.416s] Level 1:colcon.colcon_core.environment:checking '/home/cmarrod3/turtlebot3_ws/install/turtlebot3_gazebo/lib/pkgconfig/turtlebot3_gazebo.pc'
[2.416s] Level 1:colcon.colcon_core.environment:checking '/home/cmarrod3/turtlebot3_ws/install/turtlebot3_gazebo/lib/python3.8/site-packages'
[2.416s] Level 1:colcon.colcon_core.environment:checking '/home/cmarrod3/turtlebot3_ws/install/turtlebot3_gazebo/bin'
[2.435s] INFO:colcon.colcon_core.shell:Creating package script '/home/cmarrod3/turtlebot3_ws/install/turtlebot3_gazebo/share/turtlebot3_gazebo/package.ps1'
[2.436s] INFO:colcon.colcon_core.shell:Creating package descriptor '/home/cmarrod3/turtlebot3_ws/install/turtlebot3_gazebo/share/turtlebot3_gazebo/package.dsv'
[2.436s] INFO:colcon.colcon_core.shell:Creating package script '/home/cmarrod3/turtlebot3_ws/install/turtlebot3_gazebo/share/turtlebot3_gazebo/package.sh'
[2.436s] INFO:colcon.colcon_core.shell:Creating package script '/home/cmarrod3/turtlebot3_ws/install/turtlebot3_gazebo/share/turtlebot3_gazebo/package.bash'
[2.436s] INFO:colcon.colcon_core.shell:Creating package script '/home/cmarrod3/turtlebot3_ws/install/turtlebot3_gazebo/share/turtlebot3_gazebo/package.zsh'
[2.437s] Level 1:colcon.colcon_core.environment:create_file_with_runtime_dependencies(/home/cmarrod3/turtlebot3_ws/install/turtlebot3_gazebo/share/colcon-core/packages/turtlebot3_gazebo)
[2.572s] INFO:colcon.colcon_core.task.python.build:Building Python package in '/home/cmarrod3/turtlebot3_ws/src/my_first_node'
[2.592s] INFO:colcon.colcon_core.shell:Skip shell extension 'powershell' for command environment: Not usable outside of PowerShell
[2.593s] DEBUG:colcon.colcon_core.shell:Skip shell extension 'dsv' for command environment
[2.677s] Level 1:colcon.colcon_core.environment:create_environment_scripts_only(turtlebot3_gazebo)
[2.697s] Level 1:colcon.colcon_core.environment:checking '/home/cmarrod3/turtlebot3_ws/install/turtlebot3_gazebo' for CMake module files
[2.698s] Level 1:colcon.colcon_core.environment:checking '/home/cmarrod3/turtlebot3_ws/install/turtlebot3_gazebo' for CMake config files
[2.698s] Level 1:colcon.colcon_core.shell:create_environment_hook('turtlebot3_gazebo', 'cmake_prefix_path')
[2.717s] INFO:colcon.colcon_core.shell:Creating environment hook '/home/cmarrod3/turtlebot3_ws/install/turtlebot3_gazebo/share/turtlebot3_gazebo/hook/cmake_prefix_path.ps1'
[2.718s] INFO:colcon.colcon_core.shell:Creating environment descriptor '/home/cmarrod3/turtlebot3_ws/install/turtlebot3_gazebo/share/turtlebot3_gazebo/hook/cmake_prefix_path.dsv'
[2.718s] INFO:colcon.colcon_core.shell:Creating environment hook '/home/cmarrod3/turtlebot3_ws/install/turtlebot3_gazebo/share/turtlebot3_gazebo/hook/cmake_prefix_path.sh'
[2.719s] Level 1:colcon.colcon_core.environment:checking '/home/cmarrod3/turtlebot3_ws/install/turtlebot3_gazebo/lib'
[2.719s] Level 1:colcon.colcon_core.environment:checking '/home/cmarrod3/turtlebot3_ws/install/turtlebot3_gazebo/bin'
[2.719s] Level 1:colcon.colcon_core.environment:checking '/home/cmarrod3/turtlebot3_ws/install/turtlebot3_gazebo/lib/pkgconfig/turtlebot3_gazebo.pc'
[2.719s] Level 1:colcon.colcon_core.environment:checking '/home/cmarrod3/turtlebot3_ws/install/turtlebot3_gazebo/lib/python3.8/site-packages'
[2.719s] Level 1:colcon.colcon_core.environment:checking '/home/cmarrod3/turtlebot3_ws/install/turtlebot3_gazebo/bin'
[2.739s] INFO:colcon.colcon_core.shell:Creating package script '/home/cmarrod3/turtlebot3_ws/install/turtlebot3_gazebo/share/turtlebot3_gazebo/package.ps1'
[2.740s] INFO:colcon.colcon_core.shell:Creating package descriptor '/home/cmarrod3/turtlebot3_ws/install/turtlebot3_gazebo/share/turtlebot3_gazebo/package.dsv'
[2.740s] INFO:colcon.colcon_core.shell:Creating package script '/home/cmarrod3/turtlebot3_ws/install/turtlebot3_gazebo/share/turtlebot3_gazebo/package.sh'
[2.740s] INFO:colcon.colcon_core.shell:Creating package script '/home/cmarrod3/turtlebot3_ws/install/turtlebot3_gazebo/share/turtlebot3_gazebo/package.bash'
[2.741s] INFO:colcon.colcon_core.shell:Creating package script '/home/cmarrod3/turtlebot3_ws/install/turtlebot3_gazebo/share/turtlebot3_gazebo/package.zsh'
[2.741s] Level 1:colcon.colcon_core.environment:create_file_with_runtime_dependencies(/home/cmarrod3/turtlebot3_ws/install/turtlebot3_gazebo/share/colcon-core/packages/turtlebot3_gazebo)
[2.742s] INFO:colcon.colcon_ros.task.ament_python.build:Building ROS package in '/home/cmarrod3/turtlebot3_ws/src/my_first_publisher' with build type 'ament_python'
[2.742s] Level 1:colcon.colcon_core.shell:create_environment_hook('my_first_publisher', 'ament_prefix_path')
[2.764s] INFO:colcon.colcon_core.shell:Creating environment hook '/home/cmarrod3/turtlebot3_ws/install/my_first_publisher/share/my_first_publisher/hook/ament_prefix_path.ps1'
[2.764s] INFO:colcon.colcon_core.shell:Creating environment descriptor '/home/cmarrod3/turtlebot3_ws/install/my_first_publisher/share/my_first_publisher/hook/ament_prefix_path.dsv'
[2.765s] INFO:colcon.colcon_core.shell:Creating environment hook '/home/cmarrod3/turtlebot3_ws/install/my_first_publisher/share/my_first_publisher/hook/ament_prefix_path.sh'
[2.788s] INFO:colcon.colcon_core.shell:Skip shell extension 'powershell' for command environment: Not usable outside of PowerShell
[2.788s] DEBUG:colcon.colcon_core.shell:Skip shell extension 'dsv' for command environment
[2.982s] INFO:colcon.colcon_core.task.python.build:Building Python package in '/home/cmarrod3/turtlebot3_ws/src/my_first_publisher'
[3.005s] INFO:colcon.colcon_core.shell:Skip shell extension 'powershell' for command environment: Not usable outside of PowerShell
[3.005s] DEBUG:colcon.colcon_core.shell:Skip shell extension 'dsv' for command environment
[3.080s] DEBUG:colcon.colcon_core.event_handler.log_command:Invoking command in '/home/cmarrod3/turtlebot3_ws/src/my_first_node': PYTHONPATH=/home/cmarrod3/turtlebot3_ws/build/my_first_node/prefix_override:/home/cmarrod3/turtlebot3_ws/install/my_first_node/lib/python3.8/site-packages:${PYTHONPATH} /usr/bin/python3 setup.py egg_info --egg-base ../../build/my_first_node build --build-base /home/cmarrod3/turtlebot3_ws/build/my_first_node/build install --record /home/cmarrod3/turtlebot3_ws/build/my_first_node/install.log --single-version-externally-managed
[3.264s] DEBUG:colcon.colcon_core.event_handler.log_command:Invoked command in '/home/cmarrod3/turtlebot3_ws/src/my_first_node' returned '0': PYTHONPATH=/home/cmarrod3/turtlebot3_ws/build/my_first_node/prefix_override:/home/cmarrod3/turtlebot3_ws/install/my_first_node/lib/python3.8/site-packages:${PYTHONPATH} /usr/bin/python3 setup.py egg_info --egg-base ../../build/my_first_node build --build-base /home/cmarrod3/turtlebot3_ws/build/my_first_node/build install --record /home/cmarrod3/turtlebot3_ws/build/my_first_node/install.log --single-version-externally-managed
[3.287s] Level 1:colcon.colcon_core.environment:checking '/home/cmarrod3/turtlebot3_ws/install/my_first_node' for CMake module files
[3.288s] Level 1:colcon.colcon_core.environment:checking '/home/cmarrod3/turtlebot3_ws/install/my_first_node' for CMake config files
[3.288s] Level 1:colcon.colcon_core.environment:checking '/home/cmarrod3/turtlebot3_ws/install/my_first_node/lib'
[3.288s] Level 1:colcon.colcon_core.environment:checking '/home/cmarrod3/turtlebot3_ws/install/my_first_node/bin'
[3.288s] Level 1:colcon.colcon_core.environment:checking '/home/cmarrod3/turtlebot3_ws/install/my_first_node/lib/pkgconfig/my_first_node.pc'
[3.288s] Level 1:colcon.colcon_core.environment:checking '/home/cmarrod3/turtlebot3_ws/install/my_first_node/lib/python3.8/site-packages'
[3.288s] Level 1:colcon.colcon_core.shell:create_environment_hook('my_first_node', 'pythonpath')
[3.311s] INFO:colcon.colcon_core.shell:Creating environment hook '/home/cmarrod3/turtlebot3_ws/install/my_first_node/share/my_first_node/hook/pythonpath.ps1'
[3.311s] INFO:colcon.colcon_core.shell:Creating environment descriptor '/home/cmarrod3/turtlebot3_ws/install/my_first_node/share/my_first_node/hook/pythonpath.dsv'
[3.311s] INFO:colcon.colcon_core.shell:Creating environment hook '/home/cmarrod3/turtlebot3_ws/install/my_first_node/share/my_first_node/hook/pythonpath.sh'
[3.312s] Level 1:colcon.colcon_core.environment:checking '/home/cmarrod3/turtlebot3_ws/install/my_first_node/bin'
[3.312s] Level 1:colcon.colcon_core.environment:create_environment_scripts_only(my_first_node)
[3.333s] INFO:colcon.colcon_core.shell:Creating package script '/home/cmarrod3/turtlebot3_ws/install/my_first_node/share/my_first_node/package.ps1'
[3.334s] INFO:colcon.colcon_core.shell:Creating package descriptor '/home/cmarrod3/turtlebot3_ws/install/my_first_node/share/my_first_node/package.dsv'
[3.334s] INFO:colcon.colcon_core.shell:Creating package script '/home/cmarrod3/turtlebot3_ws/install/my_first_node/share/my_first_node/package.sh'
[3.334s] INFO:colcon.colcon_core.shell:Creating package script '/home/cmarrod3/turtlebot3_ws/install/my_first_node/share/my_first_node/package.bash'
[3.335s] INFO:colcon.colcon_core.shell:Creating package script '/home/cmarrod3/turtlebot3_ws/install/my_first_node/share/my_first_node/package.zsh'
[3.335s] Level 1:colcon.colcon_core.environment:create_file_with_runtime_dependencies(/home/cmarrod3/turtlebot3_ws/install/my_first_node/share/colcon-core/packages/my_first_node)
[3.336s] INFO:colcon.colcon_ros.task.ament_cmake.build:Building ROS package in '/home/cmarrod3/turtlebot3_ws/src/turtlebot3_simulations/turtlebot3_simulations' with build type 'ament_cmake'
[3.336s] INFO:colcon.colcon_cmake.task.cmake.build:Building CMake package in '/home/cmarrod3/turtlebot3_ws/src/turtlebot3_simulations/turtlebot3_simulations'
[3.358s] INFO:colcon.colcon_core.shell:Skip shell extension 'powershell' for command environment: Not usable outside of PowerShell
[3.358s] DEBUG:colcon.colcon_core.shell:Skip shell extension 'dsv' for command environment
[3.443s] DEBUG:colcon.colcon_core.event_handler.log_command:Invoking command in '/home/cmarrod3/turtlebot3_ws/src/my_first_publisher': PYTHONPATH=/home/cmarrod3/turtlebot3_ws/build/my_first_publisher/prefix_override:/home/cmarrod3/turtlebot3_ws/install/my_first_publisher/lib/python3.8/site-packages:${PYTHONPATH} /usr/bin/python3 setup.py egg_info --egg-base ../../build/my_first_publisher build --build-base /home/cmarrod3/turtlebot3_ws/build/my_first_publisher/build install --record /home/cmarrod3/turtlebot3_ws/build/my_first_publisher/install.log --single-version-externally-managed
[3.449s] DEBUG:colcon.colcon_core.event_handler.log_command:Invoking command in '/home/cmarrod3/turtlebot3_ws/build/turtlebot3_simulations': CMAKE_PREFIX_PATH=/home/cmarrod3/turtlebot3_ws/install/turtlebot3_gazebo:/home/cmarrod3/turtlebot3_ws/install/turtlebot3_fake_node:/home/cmarrod3/turtlebot3_ws/install/turtlebot3_simulations:/home/cmarrod3/turtlebot3_ws/install/my_first_publisher:/home/cmarrod3/turtlebot3_ws/install/my_first_node:/opt/ros/galactic /usr/bin/cmake --build /home/cmarrod3/turtlebot3_ws/build/turtlebot3_simulations -- -j2 -l2
[3.494s] DEBUG:colcon.colcon_core.event_handler.log_command:Invoked command in '/home/cmarrod3/turtlebot3_ws/build/turtlebot3_simulations' returned '0': CMAKE_PREFIX_PATH=/home/cmarrod3/turtlebot3_ws/install/turtlebot3_gazebo:/home/cmarrod3/turtlebot3_ws/install/turtlebot3_fake_node:/home/cmarrod3/turtlebot3_ws/install/turtlebot3_simulations:/home/cmarrod3/turtlebot3_ws/install/my_first_publisher:/home/cmarrod3/turtlebot3_ws/install/my_first_node:/opt/ros/galactic /usr/bin/cmake --build /home/cmarrod3/turtlebot3_ws/build/turtlebot3_simulations -- -j2 -l2
[3.533s] DEBUG:colcon.colcon_core.event_handler.log_command:Invoking command in '/home/cmarrod3/turtlebot3_ws/build/turtlebot3_simulations': CMAKE_PREFIX_PATH=/home/cmarrod3/turtlebot3_ws/install/turtlebot3_gazebo:/home/cmarrod3/turtlebot3_ws/install/turtlebot3_fake_node:/home/cmarrod3/turtlebot3_ws/install/turtlebot3_simulations:/home/cmarrod3/turtlebot3_ws/install/my_first_publisher:/home/cmarrod3/turtlebot3_ws/install/my_first_node:/opt/ros/galactic /usr/bin/cmake --install /home/cmarrod3/turtlebot3_ws/build/turtlebot3_simulations
[3.551s] Level 1:colcon.colcon_core.environment:create_environment_scripts_only(turtlebot3_simulations)
[3.560s] DEBUG:colcon.colcon_core.event_handler.log_command:Invoked command in '/home/cmarrod3/turtlebot3_ws/build/turtlebot3_simulations' returned '0': CMAKE_PREFIX_PATH=/home/cmarrod3/turtlebot3_ws/install/turtlebot3_gazebo:/home/cmarrod3/turtlebot3_ws/install/turtlebot3_fake_node:/home/cmarrod3/turtlebot3_ws/install/turtlebot3_simulations:/home/cmarrod3/turtlebot3_ws/install/my_first_publisher:/home/cmarrod3/turtlebot3_ws/install/my_first_node:/opt/ros/galactic /usr/bin/cmake --install /home/cmarrod3/turtlebot3_ws/build/turtlebot3_simulations
[3.576s] Level 1:colcon.colcon_core.environment:checking '/home/cmarrod3/turtlebot3_ws/install/turtlebot3_simulations' for CMake module files
[3.576s] Level 1:colcon.colcon_core.environment:checking '/home/cmarrod3/turtlebot3_ws/install/turtlebot3_simulations' for CMake config files
[3.577s] Level 1:colcon.colcon_core.shell:create_environment_hook('turtlebot3_simulations', 'cmake_prefix_path')
[3.600s] INFO:colcon.colcon_core.shell:Creating environment hook '/home/cmarrod3/turtlebot3_ws/install/turtlebot3_simulations/share/turtlebot3_simulations/hook/cmake_prefix_path.ps1'
[3.600s] INFO:colcon.colcon_core.shell:Creating environment descriptor '/home/cmarrod3/turtlebot3_ws/install/turtlebot3_simulations/share/turtlebot3_simulations/hook/cmake_prefix_path.dsv'
[3.601s] INFO:colcon.colcon_core.shell:Creating environment hook '/home/cmarrod3/turtlebot3_ws/install/turtlebot3_simulations/share/turtlebot3_simulations/hook/cmake_prefix_path.sh'
[3.602s] Level 1:colcon.colcon_core.environment:checking '/home/cmarrod3/turtlebot3_ws/install/turtlebot3_simulations/bin'
[3.602s] Level 1:colcon.colcon_core.environment:checking '/home/cmarrod3/turtlebot3_ws/install/turtlebot3_simulations/lib/pkgconfig/turtlebot3_simulations.pc'
[3.602s] Level 1:colcon.colcon_core.environment:checking '/home/cmarrod3/turtlebot3_ws/install/turtlebot3_simulations/lib/python3.8/site-packages'
[3.602s] Level 1:colcon.colcon_core.environment:checking '/home/cmarrod3/turtlebot3_ws/install/turtlebot3_simulations/bin'
[3.624s] INFO:colcon.colcon_core.shell:Creating package script '/home/cmarrod3/turtlebot3_ws/install/turtlebot3_simulations/share/turtlebot3_simulations/package.ps1'
[3.625s] INFO:colcon.colcon_core.shell:Creating package descriptor '/home/cmarrod3/turtlebot3_ws/install/turtlebot3_simulations/share/turtlebot3_simulations/package.dsv'
[3.625s] INFO:colcon.colcon_core.shell:Creating package script '/home/cmarrod3/turtlebot3_ws/install/turtlebot3_simulations/share/turtlebot3_simulations/package.sh'
[3.625s] INFO:colcon.colcon_core.shell:Creating package script '/home/cmarrod3/turtlebot3_ws/install/turtlebot3_simulations/share/turtlebot3_simulations/package.bash'
[3.625s] INFO:colcon.colcon_core.shell:Creating package script '/home/cmarrod3/turtlebot3_ws/install/turtlebot3_simulations/share/turtlebot3_simulations/package.zsh'
[3.626s] Level 1:colcon.colcon_core.environment:create_file_with_runtime_dependencies(/home/cmarrod3/turtlebot3_ws/install/turtlebot3_simulations/share/colcon-core/packages/turtlebot3_simulations)
[3.629s] DEBUG:colcon.colcon_core.event_handler.log_command:Invoked command in '/home/cmarrod3/turtlebot3_ws/src/my_first_publisher' returned '0': PYTHONPATH=/home/cmarrod3/turtlebot3_ws/build/my_first_publisher/prefix_override:/home/cmarrod3/turtlebot3_ws/install/my_first_publisher/lib/python3.8/site-packages:${PYTHONPATH} /usr/bin/python3 setup.py egg_info --egg-base ../../build/my_first_publisher build --build-base /home/cmarrod3/turtlebot3_ws/build/my_first_publisher/build install --record /home/cmarrod3/turtlebot3_ws/build/my_first_publisher/install.log --single-version-externally-managed
[3.651s] Level 1:colcon.colcon_core.environment:checking '/home/cmarrod3/turtlebot3_ws/install/my_first_publisher' for CMake module files
[3.651s] Level 1:colcon.colcon_core.environment:checking '/home/cmarrod3/turtlebot3_ws/install/my_first_publisher' for CMake config files
[3.651s] Level 1:colcon.colcon_core.environment:checking '/home/cmarrod3/turtlebot3_ws/install/my_first_publisher/lib'
[3.651s] Level 1:colcon.colcon_core.environment:checking '/home/cmarrod3/turtlebot3_ws/install/my_first_publisher/bin'
[3.651s] Level 1:colcon.colcon_core.environment:checking '/home/cmarrod3/turtlebot3_ws/install/my_first_publisher/lib/pkgconfig/my_first_publisher.pc'
[3.651s] Level 1:colcon.colcon_core.environment:checking '/home/cmarrod3/turtlebot3_ws/install/my_first_publisher/lib/python3.8/site-packages'
[3.651s] Level 1:colcon.colcon_core.shell:create_environment_hook('my_first_publisher', 'pythonpath')
[3.672s] INFO:colcon.colcon_core.shell:Creating environment hook '/home/cmarrod3/turtlebot3_ws/install/my_first_publisher/share/my_first_publisher/hook/pythonpath.ps1'
[3.672s] INFO:colcon.colcon_core.shell:Creating environment descriptor '/home/cmarrod3/turtlebot3_ws/install/my_first_publisher/share/my_first_publisher/hook/pythonpath.dsv'
[3.672s] INFO:colcon.colcon_core.shell:Creating environment hook '/home/cmarrod3/turtlebot3_ws/install/my_first_publisher/share/my_first_publisher/hook/pythonpath.sh'
[3.673s] Level 1:colcon.colcon_core.environment:checking '/home/cmarrod3/turtlebot3_ws/install/my_first_publisher/bin'
[3.673s] Level 1:colcon.colcon_core.environment:create_environment_scripts_only(my_first_publisher)
[3.693s] INFO:colcon.colcon_core.shell:Creating package script '/home/cmarrod3/turtlebot3_ws/install/my_first_publisher/share/my_first_publisher/package.ps1'
[3.693s] INFO:colcon.colcon_core.shell:Creating package descriptor '/home/cmarrod3/turtlebot3_ws/install/my_first_publisher/share/my_first_publisher/package.dsv'
[3.694s] INFO:colcon.colcon_core.shell:Creating package script '/home/cmarrod3/turtlebot3_ws/install/my_first_publisher/share/my_first_publisher/package.sh'
[3.694s] INFO:colcon.colcon_core.shell:Creating package script '/home/cmarrod3/turtlebot3_ws/install/my_first_publisher/share/my_first_publisher/package.bash'
[3.694s] INFO:colcon.colcon_core.shell:Creating package script '/home/cmarrod3/turtlebot3_ws/install/my_first_publisher/share/my_first_publisher/package.zsh'
[3.694s] Level 1:colcon.colcon_core.environment:create_file_with_runtime_dependencies(/home/cmarrod3/turtlebot3_ws/install/my_first_publisher/share/colcon-core/packages/my_first_publisher)
[3.717s] Level 1:colcon.colcon_core.environment:create_environment_scripts_only(turtlebot3_simulations)
[3.738s] Level 1:colcon.colcon_core.environment:checking '/home/cmarrod3/turtlebot3_ws/install/turtlebot3_simulations' for CMake module files
[3.738s] Level 1:colcon.colcon_core.environment:checking '/home/cmarrod3/turtlebot3_ws/install/turtlebot3_simulations' for CMake config files
[3.738s] Level 1:colcon.colcon_core.shell:create_environment_hook('turtlebot3_simulations', 'cmake_prefix_path')
[3.759s] INFO:colcon.colcon_core.shell:Creating environment hook '/home/cmarrod3/turtlebot3_ws/install/turtlebot3_simulations/share/turtlebot3_simulations/hook/cmake_prefix_path.ps1'
[3.759s] INFO:colcon.colcon_core.shell:Creating environment descriptor '/home/cmarrod3/turtlebot3_ws/install/turtlebot3_simulations/share/turtlebot3_simulations/hook/cmake_prefix_path.dsv'
[3.759s] INFO:colcon.colcon_core.shell:Creating environment hook '/home/cmarrod3/turtlebot3_ws/install/turtlebot3_simulations/share/turtlebot3_simulations/hook/cmake_prefix_path.sh'
[3.760s] Level 1:colcon.colcon_core.environment:checking '/home/cmarrod3/turtlebot3_ws/install/turtlebot3_simulations/bin'
[3.760s] Level 1:colcon.colcon_core.environment:checking '/home/cmarrod3/turtlebot3_ws/install/turtlebot3_simulations/lib/pkgconfig/turtlebot3_simulations.pc'
[3.760s] Level 1:colcon.colcon_core.environment:checking '/home/cmarrod3/turtlebot3_ws/install/turtlebot3_simulations/lib/python3.8/site-packages'
[3.760s] Level 1:colcon.colcon_core.environment:checking '/home/cmarrod3/turtlebot3_ws/install/turtlebot3_simulations/bin'
[3.780s] INFO:colcon.colcon_core.shell:Creating package script '/home/cmarrod3/turtlebot3_ws/install/turtlebot3_simulations/share/turtlebot3_simulations/package.ps1'
[3.781s] INFO:colcon.colcon_core.shell:Creating package descriptor '/home/cmarrod3/turtlebot3_ws/install/turtlebot3_simulations/share/turtlebot3_simulations/package.dsv'
[3.781s] INFO:colcon.colcon_core.shell:Creating package script '/home/cmarrod3/turtlebot3_ws/install/turtlebot3_simulations/share/turtlebot3_simulations/package.sh'
[3.781s] INFO:colcon.colcon_core.shell:Creating package script '/home/cmarrod3/turtlebot3_ws/install/turtlebot3_simulations/share/turtlebot3_simulations/package.bash'
[3.782s] INFO:colcon.colcon_core.shell:Creating package script '/home/cmarrod3/turtlebot3_ws/install/turtlebot3_simulations/share/turtlebot3_simulations/package.zsh'
[3.782s] Level 1:colcon.colcon_core.environment:create_file_with_runtime_dependencies(/home/cmarrod3/turtlebot3_ws/install/turtlebot3_simulations/share/colcon-core/packages/turtlebot3_simulations)
[3.783s] DEBUG:colcon.colcon_parallel_executor.executor.parallel:closing loop
[3.784s] DEBUG:colcon.colcon_parallel_executor.executor.parallel:loop closed
[3.784s] DEBUG:colcon.colcon_parallel_executor.executor.parallel:run_until_complete finished with '0'
[3.784s] DEBUG:colcon.colcon_core.event_reactor:joining thread
[3.812s] INFO:colcon.colcon_core.plugin_system:Skipping extension 'colcon_notification.desktop_notification.terminal_notifier': Not used on non-Darwin systems
[3.812s] INFO:colcon.colcon_core.plugin_system:Skipping extension 'colcon_notification.desktop_notification.win32': Not used on non-Windows systems
[3.812s] INFO:colcon.colcon_notification.desktop_notification:Sending desktop notification using 'notify2'
[3.822s] DEBUG:colcon.colcon_core.event_reactor:joined thread
[3.845s] INFO:colcon.colcon_core.shell:Creating prefix script '/home/cmarrod3/turtlebot3_ws/install/local_setup.ps1'
[3.846s] INFO:colcon.colcon_core.shell:Creating prefix util module '/home/cmarrod3/turtlebot3_ws/install/_local_setup_util_ps1.py'
[3.847s] INFO:colcon.colcon_core.shell:Creating prefix chain script '/home/cmarrod3/turtlebot3_ws/install/setup.ps1'
[3.869s] INFO:colcon.colcon_core.shell:Creating prefix script '/home/cmarrod3/turtlebot3_ws/install/local_setup.sh'
[3.870s] INFO:colcon.colcon_core.shell:Creating prefix util module '/home/cmarrod3/turtlebot3_ws/install/_local_setup_util_sh.py'
[3.870s] INFO:colcon.colcon_core.shell:Creating prefix chain script '/home/cmarrod3/turtlebot3_ws/install/setup.sh'
[3.892s] INFO:colcon.colcon_core.shell:Creating prefix script '/home/cmarrod3/turtlebot3_ws/install/local_setup.bash'
[3.893s] INFO:colcon.colcon_core.shell:Creating prefix chain script '/home/cmarrod3/turtlebot3_ws/install/setup.bash'
[3.915s] INFO:colcon.colcon_core.shell:Creating prefix script '/home/cmarrod3/turtlebot3_ws/install/local_setup.zsh'
[3.916s] INFO:colcon.colcon_core.shell:Creating prefix chain script '/home/cmarrod3/turtlebot3_ws/install/setup.zsh'
