[0.183s] Invoking command in '/home/cmarrod3/turtlebot3_ws/build/turtlebot3_fake_node': CMAKE_PREFIX_PATH=${CMAKE_PREFIX_PATH}:/home/cmarrod3/turtlebot3_ws/install/my_first_publisher:/home/cmarrod3/turtlebot3_ws/install/my_first_node:/opt/ros/galactic /usr/bin/cmake --build /home/cmarrod3/turtlebot3_ws/build/turtlebot3_fake_node -- -j2 -l2
[0.244s] [100%] Built target turtlebot3_fake_node
[0.255s] Invoked command in '/home/cmarrod3/turtlebot3_ws/build/turtlebot3_fake_node' returned '0': CMAKE_PREFIX_PATH=${CMAKE_PREFIX_PATH}:/home/cmarrod3/turtlebot3_ws/install/my_first_publisher:/home/cmarrod3/turtlebot3_ws/install/my_first_node:/opt/ros/galactic /usr/bin/cmake --build /home/cmarrod3/turtlebot3_ws/build/turtlebot3_fake_node -- -j2 -l2
[0.304s] Invoking command in '/home/cmarrod3/turtlebot3_ws/build/turtlebot3_fake_node': CMAKE_PREFIX_PATH=${CMAKE_PREFIX_PATH}:/home/cmarrod3/turtlebot3_ws/install/my_first_publisher:/home/cmarrod3/turtlebot3_ws/install/my_first_node:/opt/ros/galactic /usr/bin/cmake --install /home/cmarrod3/turtlebot3_ws/build/turtlebot3_fake_node
[0.312s] -- Install configuration: ""
[0.313s] -- Execute custom install script
[0.313s] -- Up-to-date symlink: /home/cmarrod3/turtlebot3_ws/install/turtlebot3_fake_node/lib/turtlebot3_fake_node/turtlebot3_fake_node
[0.314s] -- Up-to-date symlink: /home/cmarrod3/turtlebot3_ws/install/turtlebot3_fake_node/share/turtlebot3_fake_node/launch/rviz2.launch.py
[0.314s] -- Up-to-date symlink: /home/cmarrod3/turtlebot3_ws/install/turtlebot3_fake_node/share/turtlebot3_fake_node/launch/turtlebot3_fake_node.launch.py
[0.315s] -- Up-to-date symlink: /home/cmarrod3/turtlebot3_ws/install/turtlebot3_fake_node/share/turtlebot3_fake_node/param/burger.yaml
[0.315s] -- Up-to-date symlink: /home/cmarrod3/turtlebot3_ws/install/turtlebot3_fake_node/share/turtlebot3_fake_node/param/waffle.yaml
[0.315s] -- Up-to-date symlink: /home/cmarrod3/turtlebot3_ws/install/turtlebot3_fake_node/share/turtlebot3_fake_node/param/waffle_pi.yaml
[0.315s] -- Up-to-date symlink: /home/cmarrod3/turtlebot3_ws/install/turtlebot3_fake_node/include//turtlebot3_fake_node/turtlebot3_fake_node.hpp
[0.316s] -- Up-to-date symlink: /home/cmarrod3/turtlebot3_ws/install/turtlebot3_fake_node/share/ament_index/resource_index/package_run_dependencies/turtlebot3_fake_node
[0.316s] -- Up-to-date symlink: /home/cmarrod3/turtlebot3_ws/install/turtlebot3_fake_node/share/ament_index/resource_index/parent_prefix_path/turtlebot3_fake_node
[0.316s] -- Up-to-date symlink: /home/cmarrod3/turtlebot3_ws/install/turtlebot3_fake_node/share/turtlebot3_fake_node/environment/ament_prefix_path.sh
[0.316s] -- Up-to-date symlink: /home/cmarrod3/turtlebot3_ws/install/turtlebot3_fake_node/share/turtlebot3_fake_node/environment/ament_prefix_path.dsv
[0.317s] -- Up-to-date symlink: /home/cmarrod3/turtlebot3_ws/install/turtlebot3_fake_node/share/turtlebot3_fake_node/environment/path.sh
[0.317s] -- Up-to-date symlink: /home/cmarrod3/turtlebot3_ws/install/turtlebot3_fake_node/share/turtlebot3_fake_node/environment/path.dsv
[0.317s] -- Up-to-date symlink: /home/cmarrod3/turtlebot3_ws/install/turtlebot3_fake_node/share/turtlebot3_fake_node/local_setup.bash
[0.318s] -- Up-to-date symlink: /home/cmarrod3/turtlebot3_ws/install/turtlebot3_fake_node/share/turtlebot3_fake_node/local_setup.sh
[0.318s] -- Up-to-date symlink: /home/cmarrod3/turtlebot3_ws/install/turtlebot3_fake_node/share/turtlebot3_fake_node/local_setup.zsh
[0.318s] -- Up-to-date symlink: /home/cmarrod3/turtlebot3_ws/install/turtlebot3_fake_node/share/turtlebot3_fake_node/local_setup.dsv
[0.318s] -- Symlinking: /home/cmarrod3/turtlebot3_ws/install/turtlebot3_fake_node/share/turtlebot3_fake_node/package.dsv
[0.325s] -- Up-to-date symlink: /home/cmarrod3/turtlebot3_ws/install/turtlebot3_fake_node/share/ament_index/resource_index/packages/turtlebot3_fake_node
[0.325s] -- Up-to-date symlink: /home/cmarrod3/turtlebot3_ws/install/turtlebot3_fake_node/share/turtlebot3_fake_node/cmake/ament_cmake_export_include_directories-extras.cmake
[0.326s] -- Up-to-date symlink: /home/cmarrod3/turtlebot3_ws/install/turtlebot3_fake_node/share/turtlebot3_fake_node/cmake/ament_cmake_export_dependencies-extras.cmake
[0.326s] -- Up-to-date symlink: /home/cmarrod3/turtlebot3_ws/install/turtlebot3_fake_node/share/turtlebot3_fake_node/cmake/turtlebot3_fake_nodeConfig.cmake
[0.327s] -- Up-to-date symlink: /home/cmarrod3/turtlebot3_ws/install/turtlebot3_fake_node/share/turtlebot3_fake_node/cmake/turtlebot3_fake_nodeConfig-version.cmake
[0.327s] -- Up-to-date symlink: /home/cmarrod3/turtlebot3_ws/install/turtlebot3_fake_node/share/turtlebot3_fake_node/package.xml
[0.329s] Invoked command in '/home/cmarrod3/turtlebot3_ws/build/turtlebot3_fake_node' returned '0': CMAKE_PREFIX_PATH=${CMAKE_PREFIX_PATH}:/home/cmarrod3/turtlebot3_ws/install/my_first_publisher:/home/cmarrod3/turtlebot3_ws/install/my_first_node:/opt/ros/galactic /usr/bin/cmake --install /home/cmarrod3/turtlebot3_ws/build/turtlebot3_fake_node
