[0.810s] Invoking command in '/home/cmarrod3/turtlebot3_ws/src/my_nav2_system': PYTHONPATH=/home/cmarrod3/turtlebot3_ws/build/my_nav2_system/prefix_override:/home/cmarrod3/turtlebot3_ws/install/my_nav2_system/lib/python3.8/site-packages:${PYTHONPATH} /usr/bin/python3 setup.py egg_info --egg-base ../../build/my_nav2_system build --build-base /home/cmarrod3/turtlebot3_ws/build/my_nav2_system/build install --record /home/cmarrod3/turtlebot3_ws/build/my_nav2_system/install.log --single-version-externally-managed
[0.976s] running egg_info
[0.976s] writing ../../build/my_nav2_system/my_nav2_system.egg-info/PKG-INFO
[0.976s] writing dependency_links to ../../build/my_nav2_system/my_nav2_system.egg-info/dependency_links.txt
[0.977s] writing entry points to ../../build/my_nav2_system/my_nav2_system.egg-info/entry_points.txt
[0.977s] writing requirements to ../../build/my_nav2_system/my_nav2_system.egg-info/requires.txt
[0.977s] writing top-level names to ../../build/my_nav2_system/my_nav2_system.egg-info/top_level.txt
[1.000s] reading manifest file '../../build/my_nav2_system/my_nav2_system.egg-info/SOURCES.txt'
[1.001s] writing manifest file '../../build/my_nav2_system/my_nav2_system.egg-info/SOURCES.txt'
[1.001s] running build
[1.001s] running build_py
[1.001s] running install
[1.002s] running install_lib
[1.003s] running install_data
[1.004s] copying config/my_map.yaml -> /home/cmarrod3/turtlebot3_ws/install/my_nav2_system/share/my_nav2_system/config
[1.004s] copying config/my_map.pgm -> /home/cmarrod3/turtlebot3_ws/install/my_nav2_system/share/my_nav2_system/config
[1.004s] running install_egg_info
[1.005s] removing '/home/cmarrod3/turtlebot3_ws/install/my_nav2_system/lib/python3.8/site-packages/my_nav2_system-0.0.0-py3.8.egg-info' (and everything under it)
[1.005s] Copying ../../build/my_nav2_system/my_nav2_system.egg-info to /home/cmarrod3/turtlebot3_ws/install/my_nav2_system/lib/python3.8/site-packages/my_nav2_system-0.0.0-py3.8.egg-info
[1.006s] running install_scripts
[1.019s] writing list of installed files to '/home/cmarrod3/turtlebot3_ws/build/my_nav2_system/install.log'
[1.034s] Invoked command in '/home/cmarrod3/turtlebot3_ws/src/my_nav2_system' returned '0': PYTHONPATH=/home/cmarrod3/turtlebot3_ws/build/my_nav2_system/prefix_override:/home/cmarrod3/turtlebot3_ws/install/my_nav2_system/lib/python3.8/site-packages:${PYTHONPATH} /usr/bin/python3 setup.py egg_info --egg-base ../../build/my_nav2_system build --build-base /home/cmarrod3/turtlebot3_ws/build/my_nav2_system/build install --record /home/cmarrod3/turtlebot3_ws/build/my_nav2_system/install.log --single-version-externally-managed
