[0.609s] Invoking command in '/home/cmarrod3/turtlebot3_ws/src/my_first_service': PYTHONPATH=/home/cmarrod3/turtlebot3_ws/build/my_first_service/prefix_override:/home/cmarrod3/turtlebot3_ws/install/my_first_service/lib/python3.8/site-packages:${PYTHONPATH} /usr/bin/python3 setup.py egg_info --egg-base ../../build/my_first_service build --build-base /home/cmarrod3/turtlebot3_ws/build/my_first_service/build install --record /home/cmarrod3/turtlebot3_ws/build/my_first_service/install.log --single-version-externally-managed
[0.730s] running egg_info
[0.730s] creating ../../build/my_first_service/my_first_service.egg-info
[0.730s] writing ../../build/my_first_service/my_first_service.egg-info/PKG-INFO
[0.730s] writing dependency_links to ../../build/my_first_service/my_first_service.egg-info/dependency_links.txt
[0.730s] writing entry points to ../../build/my_first_service/my_first_service.egg-info/entry_points.txt
[0.730s] writing requirements to ../../build/my_first_service/my_first_service.egg-info/requires.txt
[0.730s] writing top-level names to ../../build/my_first_service/my_first_service.egg-info/top_level.txt
[0.735s] writing manifest file '../../build/my_first_service/my_first_service.egg-info/SOURCES.txt'
[0.753s] reading manifest file '../../build/my_first_service/my_first_service.egg-info/SOURCES.txt'
[0.754s] writing manifest file '../../build/my_first_service/my_first_service.egg-info/SOURCES.txt'
[0.754s] running build
[0.754s] running build_py
[0.754s] creating /home/cmarrod3/turtlebot3_ws/build/my_first_service/build
[0.754s] creating /home/cmarrod3/turtlebot3_ws/build/my_first_service/build/lib
[0.754s] creating /home/cmarrod3/turtlebot3_ws/build/my_first_service/build/lib/my_first_service
[0.754s] copying my_first_service/__init__.py -> /home/cmarrod3/turtlebot3_ws/build/my_first_service/build/lib/my_first_service
[0.754s] copying my_first_service/movement_server.py -> /home/cmarrod3/turtlebot3_ws/build/my_first_service/build/lib/my_first_service
[0.754s] running install
[0.755s] running install_lib
[0.755s] creating /home/cmarrod3/turtlebot3_ws/install/my_first_service/lib/python3.8/site-packages/my_first_service
[0.755s] copying /home/cmarrod3/turtlebot3_ws/build/my_first_service/build/lib/my_first_service/__init__.py -> /home/cmarrod3/turtlebot3_ws/install/my_first_service/lib/python3.8/site-packages/my_first_service
[0.756s] copying /home/cmarrod3/turtlebot3_ws/build/my_first_service/build/lib/my_first_service/movement_server.py -> /home/cmarrod3/turtlebot3_ws/install/my_first_service/lib/python3.8/site-packages/my_first_service
[0.757s] byte-compiling /home/cmarrod3/turtlebot3_ws/install/my_first_service/lib/python3.8/site-packages/my_first_service/__init__.py to __init__.cpython-38.pyc
[0.757s] byte-compiling /home/cmarrod3/turtlebot3_ws/install/my_first_service/lib/python3.8/site-packages/my_first_service/movement_server.py to movement_server.cpython-38.pyc
[0.758s] running install_data
[0.758s] creating /home/cmarrod3/turtlebot3_ws/install/my_first_service/share/ament_index
[0.758s] creating /home/cmarrod3/turtlebot3_ws/install/my_first_service/share/ament_index/resource_index
[0.758s] creating /home/cmarrod3/turtlebot3_ws/install/my_first_service/share/ament_index/resource_index/packages
[0.758s] copying resource/my_first_service -> /home/cmarrod3/turtlebot3_ws/install/my_first_service/share/ament_index/resource_index/packages
[0.758s] copying package.xml -> /home/cmarrod3/turtlebot3_ws/install/my_first_service/share/my_first_service
[0.758s] copying launch/movement_server_launch.launch.py -> /home/cmarrod3/turtlebot3_ws/install/my_first_service/share/my_first_service
[0.758s] running install_egg_info
[0.759s] Copying ../../build/my_first_service/my_first_service.egg-info to /home/cmarrod3/turtlebot3_ws/install/my_first_service/lib/python3.8/site-packages/my_first_service-0.0.0-py3.8.egg-info
[0.760s] running install_scripts
[0.770s] Installing movement_server script to /home/cmarrod3/turtlebot3_ws/install/my_first_service/lib/my_first_service
[0.770s] writing list of installed files to '/home/cmarrod3/turtlebot3_ws/build/my_first_service/install.log'
[0.782s] Invoked command in '/home/cmarrod3/turtlebot3_ws/src/my_first_service' returned '0': PYTHONPATH=/home/cmarrod3/turtlebot3_ws/build/my_first_service/prefix_override:/home/cmarrod3/turtlebot3_ws/install/my_first_service/lib/python3.8/site-packages:${PYTHONPATH} /usr/bin/python3 setup.py egg_info --egg-base ../../build/my_first_service build --build-base /home/cmarrod3/turtlebot3_ws/build/my_first_service/build install --record /home/cmarrod3/turtlebot3_ws/build/my_first_service/install.log --single-version-externally-managed
