[0.567s] Invoking command in '/home/cmarrod3/turtlebot3_ws/src/my_first_service': CMAKE_PREFIX_PATH=/home/cmarrod3/turtlebot3_ws/install/custom_interface:/home/cmarrod3/turtlebot3_ws/install/turtlebot3_simulations:/home/cmarrod3/turtlebot3_ws/install/turtlebot3_gazebo:/home/cmarrod3/turtlebot3_ws/install/turtlebot3_fake_node PYTHONPATH=/home/cmarrod3/turtlebot3_ws/build/my_first_service/prefix_override:/home/cmarrod3/turtlebot3_ws/install/my_first_service/lib/python3.8/site-packages:/home/cmarrod3/turtlebot3_ws/install/custom_interface/lib/python3.8/site-packages:/home/cmarrod3/turtlebot3_ws/install/show_msg/lib/python3.8/site-packages:/home/cmarrod3/turtlebot3_ws/install/my_first_subscriber/lib/python3.8/site-packages:/home/cmarrod3/turtlebot3_ws/install/my_first_service/lib/python3.8/site-packages:/home/cmarrod3/turtlebot3_ws/install/my_first_publisher/lib/python3.8/site-packages:/home/cmarrod3/turtlebot3_ws/install/my_first_node/lib/python3.8/site-packages:/opt/ros/galactic/lib/python3.8/site-packages /usr/bin/python3 setup.py egg_info --egg-base ../../build/my_first_service build --build-base /home/cmarrod3/turtlebot3_ws/build/my_first_service/build install --record /home/cmarrod3/turtlebot3_ws/build/my_first_service/install.log --single-version-externally-managed
[0.688s] running egg_info
[0.688s] writing ../../build/my_first_service/my_first_service.egg-info/PKG-INFO
[0.689s] writing dependency_links to ../../build/my_first_service/my_first_service.egg-info/dependency_links.txt
[0.689s] writing entry points to ../../build/my_first_service/my_first_service.egg-info/entry_points.txt
[0.689s] writing requirements to ../../build/my_first_service/my_first_service.egg-info/requires.txt
[0.689s] writing top-level names to ../../build/my_first_service/my_first_service.egg-info/top_level.txt
[0.709s] reading manifest file '../../build/my_first_service/my_first_service.egg-info/SOURCES.txt'
[0.709s] writing manifest file '../../build/my_first_service/my_first_service.egg-info/SOURCES.txt'
[0.710s] running build
[0.710s] running build_py
[0.710s] running install
[0.711s] running install_lib
[0.712s] running install_data
[0.712s] running install_egg_info
[0.713s] removing '/home/cmarrod3/turtlebot3_ws/install/my_first_service/lib/python3.8/site-packages/my_first_service-0.0.0-py3.8.egg-info' (and everything under it)
[0.713s] Copying ../../build/my_first_service/my_first_service.egg-info to /home/cmarrod3/turtlebot3_ws/install/my_first_service/lib/python3.8/site-packages/my_first_service-0.0.0-py3.8.egg-info
[0.714s] running install_scripts
[0.724s] Installing movement_client script to /home/cmarrod3/turtlebot3_ws/install/my_first_service/lib/my_first_service
[0.724s] Installing movement_server script to /home/cmarrod3/turtlebot3_ws/install/my_first_service/lib/my_first_service
[0.724s] writing list of installed files to '/home/cmarrod3/turtlebot3_ws/build/my_first_service/install.log'
[0.737s] Invoked command in '/home/cmarrod3/turtlebot3_ws/src/my_first_service' returned '0': CMAKE_PREFIX_PATH=/home/cmarrod3/turtlebot3_ws/install/custom_interface:/home/cmarrod3/turtlebot3_ws/install/turtlebot3_simulations:/home/cmarrod3/turtlebot3_ws/install/turtlebot3_gazebo:/home/cmarrod3/turtlebot3_ws/install/turtlebot3_fake_node PYTHONPATH=/home/cmarrod3/turtlebot3_ws/build/my_first_service/prefix_override:/home/cmarrod3/turtlebot3_ws/install/my_first_service/lib/python3.8/site-packages:/home/cmarrod3/turtlebot3_ws/install/custom_interface/lib/python3.8/site-packages:/home/cmarrod3/turtlebot3_ws/install/show_msg/lib/python3.8/site-packages:/home/cmarrod3/turtlebot3_ws/install/my_first_subscriber/lib/python3.8/site-packages:/home/cmarrod3/turtlebot3_ws/install/my_first_service/lib/python3.8/site-packages:/home/cmarrod3/turtlebot3_ws/install/my_first_publisher/lib/python3.8/site-packages:/home/cmarrod3/turtlebot3_ws/install/my_first_node/lib/python3.8/site-packages:/opt/ros/galactic/lib/python3.8/site-packages /usr/bin/python3 setup.py egg_info --egg-base ../../build/my_first_service build --build-base /home/cmarrod3/turtlebot3_ws/build/my_first_service/build install --record /home/cmarrod3/turtlebot3_ws/build/my_first_service/install.log --single-version-externally-managed
