[0.837s] Invoking command in '/home/cmarrod3/turtlebot3_ws/src/provide_map': PYTHONPATH=/home/cmarrod3/turtlebot3_ws/build/provide_map/prefix_override:/home/cmarrod3/turtlebot3_ws/install/provide_map/lib/python3.8/site-packages:${PYTHONPATH} /usr/bin/python3 setup.py egg_info --egg-base ../../build/provide_map build --build-base /home/cmarrod3/turtlebot3_ws/build/provide_map/build install --record /home/cmarrod3/turtlebot3_ws/build/provide_map/install.log --single-version-externally-managed
[0.972s] running egg_info
[0.972s] creating ../../build/provide_map/provide_map.egg-info
[0.973s] writing ../../build/provide_map/provide_map.egg-info/PKG-INFO
[0.973s] writing dependency_links to ../../build/provide_map/provide_map.egg-info/dependency_links.txt
[0.973s] writing entry points to ../../build/provide_map/provide_map.egg-info/entry_points.txt
[0.973s] writing requirements to ../../build/provide_map/provide_map.egg-info/requires.txt
[0.973s] writing top-level names to ../../build/provide_map/provide_map.egg-info/top_level.txt
[0.978s] writing manifest file '../../build/provide_map/provide_map.egg-info/SOURCES.txt'
[0.998s] reading manifest file '../../build/provide_map/provide_map.egg-info/SOURCES.txt'
[0.999s] writing manifest file '../../build/provide_map/provide_map.egg-info/SOURCES.txt'
[0.999s] running build
[0.999s] running build_py
[0.999s] creating /home/cmarrod3/turtlebot3_ws/build/provide_map/build
[0.999s] creating /home/cmarrod3/turtlebot3_ws/build/provide_map/build/lib
[0.999s] creating /home/cmarrod3/turtlebot3_ws/build/provide_map/build/lib/provide_map
[1.000s] copying provide_map/__init__.py -> /home/cmarrod3/turtlebot3_ws/build/provide_map/build/lib/provide_map
[1.000s] running install
[1.001s] running install_lib
[1.002s] creating /home/cmarrod3/turtlebot3_ws/install/provide_map/lib/python3.8/site-packages/provide_map
[1.002s] copying /home/cmarrod3/turtlebot3_ws/build/provide_map/build/lib/provide_map/__init__.py -> /home/cmarrod3/turtlebot3_ws/install/provide_map/lib/python3.8/site-packages/provide_map
[1.002s] byte-compiling /home/cmarrod3/turtlebot3_ws/install/provide_map/lib/python3.8/site-packages/provide_map/__init__.py to __init__.cpython-38.pyc
[1.004s] running install_data
[1.004s] creating /home/cmarrod3/turtlebot3_ws/install/provide_map/share/ament_index
[1.005s] creating /home/cmarrod3/turtlebot3_ws/install/provide_map/share/ament_index/resource_index
[1.005s] creating /home/cmarrod3/turtlebot3_ws/install/provide_map/share/ament_index/resource_index/packages
[1.005s] copying resource/provide_map -> /home/cmarrod3/turtlebot3_ws/install/provide_map/share/ament_index/resource_index/packages
[1.005s] copying package.xml -> /home/cmarrod3/turtlebot3_ws/install/provide_map/share/provide_map
[1.005s] creating /home/cmarrod3/turtlebot3_ws/install/provide_map/share/provide_map/map
[1.005s] copying map/my_map.pgm -> /home/cmarrod3/turtlebot3_ws/install/provide_map/share/provide_map/map
[1.006s] copying map/my_map.yaml -> /home/cmarrod3/turtlebot3_ws/install/provide_map/share/provide_map/map
[1.006s] creating /home/cmarrod3/turtlebot3_ws/install/provide_map/share/provide_map/rviz
[1.006s] copying rviz/my_slam_rviz.rviz -> /home/cmarrod3/turtlebot3_ws/install/provide_map/share/provide_map/rviz
[1.007s] creating /home/cmarrod3/turtlebot3_ws/install/provide_map/share/provide_map/launch
[1.007s] copying launch/provide_map.launch.py -> /home/cmarrod3/turtlebot3_ws/install/provide_map/share/provide_map/launch
[1.007s] running install_egg_info
[1.008s] Copying ../../build/provide_map/provide_map.egg-info to /home/cmarrod3/turtlebot3_ws/install/provide_map/lib/python3.8/site-packages/provide_map-0.0.0-py3.8.egg-info
[1.009s] running install_scripts
[1.019s] writing list of installed files to '/home/cmarrod3/turtlebot3_ws/build/provide_map/install.log'
[1.033s] Invoked command in '/home/cmarrod3/turtlebot3_ws/src/provide_map' returned '0': PYTHONPATH=/home/cmarrod3/turtlebot3_ws/build/provide_map/prefix_override:/home/cmarrod3/turtlebot3_ws/install/provide_map/lib/python3.8/site-packages:${PYTHONPATH} /usr/bin/python3 setup.py egg_info --egg-base ../../build/provide_map build --build-base /home/cmarrod3/turtlebot3_ws/build/provide_map/build install --record /home/cmarrod3/turtlebot3_ws/build/provide_map/install.log --single-version-externally-managed
