[1.414s] DEBUG:colcon:Command line arguments: ['/usr/bin/colcon', 'build', '--packages-select', 'turtlebot3_gacebo']
[1.414s] DEBUG:colcon:Parsed command line arguments: Namespace(allow_overriding=[], ament_cmake_args=None, base_paths=['.'], build_base='build', catkin_cmake_args=None, catkin_skip_building_tests=False, cmake_args=None, cmake_clean_cache=False, cmake_clean_first=False, cmake_force_configure=False, cmake_target=None, cmake_target_skip_unavailable=False, continue_on_error=False, event_handlers=None, executor='parallel', ignore_user_meta=False, install_base='install', log_base=None, log_level=None, main=<bound method BuildVerb.main of <colcon_core.verb.build.BuildVerb object at 0x7f063c95a700>>, merge_install=False, metas=['./colcon.meta'], packages_above=None, packages_above_and_dependencies=None, packages_above_depth=None, packages_end=None, packages_ignore=None, packages_ignore_regex=None, packages_select=['turtlebot3_gacebo'], packages_select_build_failed=False, packages_select_by_dep=None, packages_select_regex=None, packages_select_test_failures=False, packages_skip=None, packages_skip_build_finished=False, packages_skip_by_dep=None, packages_skip_regex=None, packages_skip_test_passed=False, packages_skip_up_to=None, packages_start=None, packages_up_to=None, packages_up_to_regex=None, parallel_workers=4, paths=None, symlink_install=False, test_result_base=None, verb_extension=<colcon_core.verb.build.BuildVerb object at 0x7f063c95a700>, verb_name='build', verb_parser=<colcon_defaults.argument_parser.defaults.DefaultArgumentsDecorator object at 0x7f063c928940>)
[1.479s] Level 1:colcon.colcon_core.package_discovery:discover_packages(colcon_meta) check parameters
[1.479s] Level 1:colcon.colcon_core.package_discovery:discover_packages(recursive) check parameters
[1.479s] Level 1:colcon.colcon_core.package_discovery:discover_packages(ignore) check parameters
[1.479s] Level 1:colcon.colcon_core.package_discovery:discover_packages(path) check parameters
[1.479s] Level 1:colcon.colcon_core.package_discovery:discover_packages(colcon_meta) discover
[1.480s] Level 1:colcon.colcon_core.package_discovery:discover_packages(recursive) discover
[1.480s] INFO:colcon.colcon_core.package_discovery:Crawling recursively for packages in '/home/dmpasgal/Clothy'
[1.480s] Level 1:colcon.colcon_core.package_identification:_identify(.) by extensions ['ignore', 'ignore_ament_install']
[1.480s] Level 1:colcon.colcon_core.package_identification:_identify(.) by extension 'ignore'
[1.480s] Level 1:colcon.colcon_core.package_identification:_identify(.) by extension 'ignore_ament_install'
[1.480s] Level 1:colcon.colcon_core.package_identification:_identify(.) by extensions ['colcon_pkg']
[1.480s] Level 1:colcon.colcon_core.package_identification:_identify(.) by extension 'colcon_pkg'
[1.480s] Level 1:colcon.colcon_core.package_identification:_identify(.) by extensions ['colcon_meta']
[1.480s] Level 1:colcon.colcon_core.package_identification:_identify(.) by extension 'colcon_meta'
[1.480s] Level 1:colcon.colcon_core.package_identification:_identify(.) by extensions ['ros']
[1.480s] Level 1:colcon.colcon_core.package_identification:_identify(.) by extension 'ros'
[1.487s] Level 1:colcon.colcon_core.package_identification:_identify(.) by extensions ['cmake', 'python']
[1.487s] Level 1:colcon.colcon_core.package_identification:_identify(.) by extension 'cmake'
[1.487s] Level 1:colcon.colcon_core.package_identification:_identify(.) by extension 'python'
[1.487s] Level 1:colcon.colcon_core.package_identification:_identify(.) by extensions ['python_setup_py']
[1.487s] Level 1:colcon.colcon_core.package_identification:_identify(.) by extension 'python_setup_py'
[1.487s] Level 1:colcon.colcon_core.package_identification:_identify(ROS) by extensions ['ignore', 'ignore_ament_install']
[1.487s] Level 1:colcon.colcon_core.package_identification:_identify(ROS) by extension 'ignore'
[1.487s] Level 1:colcon.colcon_core.package_identification:_identify(ROS) by extension 'ignore_ament_install'
[1.487s] Level 1:colcon.colcon_core.package_identification:_identify(ROS) by extensions ['colcon_pkg']
[1.487s] Level 1:colcon.colcon_core.package_identification:_identify(ROS) by extension 'colcon_pkg'
[1.487s] Level 1:colcon.colcon_core.package_identification:_identify(ROS) by extensions ['colcon_meta']
[1.487s] Level 1:colcon.colcon_core.package_identification:_identify(ROS) by extension 'colcon_meta'
[1.487s] Level 1:colcon.colcon_core.package_identification:_identify(ROS) by extensions ['ros']
[1.487s] Level 1:colcon.colcon_core.package_identification:_identify(ROS) by extension 'ros'
[1.487s] Level 1:colcon.colcon_core.package_identification:_identify(ROS) by extensions ['cmake', 'python']
[1.487s] Level 1:colcon.colcon_core.package_identification:_identify(ROS) by extension 'cmake'
[1.487s] Level 1:colcon.colcon_core.package_identification:_identify(ROS) by extension 'python'
[1.487s] Level 1:colcon.colcon_core.package_identification:_identify(ROS) by extensions ['python_setup_py']
[1.487s] Level 1:colcon.colcon_core.package_identification:_identify(ROS) by extension 'python_setup_py'
[1.487s] Level 1:colcon.colcon_core.package_identification:_identify(ROS/turtlebot3_ws) by extensions ['ignore', 'ignore_ament_install']
[1.487s] Level 1:colcon.colcon_core.package_identification:_identify(ROS/turtlebot3_ws) by extension 'ignore'
[1.487s] Level 1:colcon.colcon_core.package_identification:_identify(ROS/turtlebot3_ws) by extension 'ignore_ament_install'
[1.487s] Level 1:colcon.colcon_core.package_identification:_identify(ROS/turtlebot3_ws) by extensions ['colcon_pkg']
[1.487s] Level 1:colcon.colcon_core.package_identification:_identify(ROS/turtlebot3_ws) by extension 'colcon_pkg'
[1.487s] Level 1:colcon.colcon_core.package_identification:_identify(ROS/turtlebot3_ws) by extensions ['colcon_meta']
[1.487s] Level 1:colcon.colcon_core.package_identification:_identify(ROS/turtlebot3_ws) by extension 'colcon_meta'
[1.487s] Level 1:colcon.colcon_core.package_identification:_identify(ROS/turtlebot3_ws) by extensions ['ros']
[1.487s] Level 1:colcon.colcon_core.package_identification:_identify(ROS/turtlebot3_ws) by extension 'ros'
[1.487s] Level 1:colcon.colcon_core.package_identification:_identify(ROS/turtlebot3_ws) by extensions ['cmake', 'python']
[1.487s] Level 1:colcon.colcon_core.package_identification:_identify(ROS/turtlebot3_ws) by extension 'cmake'
[1.487s] Level 1:colcon.colcon_core.package_identification:_identify(ROS/turtlebot3_ws) by extension 'python'
[1.487s] Level 1:colcon.colcon_core.package_identification:_identify(ROS/turtlebot3_ws) by extensions ['python_setup_py']
[1.487s] Level 1:colcon.colcon_core.package_identification:_identify(ROS/turtlebot3_ws) by extension 'python_setup_py'
[1.488s] Level 1:colcon.colcon_core.package_identification:_identify(ROS/turtlebot3_ws/build) by extensions ['ignore', 'ignore_ament_install']
[1.488s] Level 1:colcon.colcon_core.package_identification:_identify(ROS/turtlebot3_ws/build) by extension 'ignore'
[1.488s] Level 1:colcon.colcon_core.package_identification:_identify(ROS/turtlebot3_ws/build) ignored
[1.488s] Level 1:colcon.colcon_core.package_identification:_identify(ROS/turtlebot3_ws/install) by extensions ['ignore', 'ignore_ament_install']
[1.488s] Level 1:colcon.colcon_core.package_identification:_identify(ROS/turtlebot3_ws/install) by extension 'ignore'
[1.488s] Level 1:colcon.colcon_core.package_identification:_identify(ROS/turtlebot3_ws/install) ignored
[1.488s] Level 1:colcon.colcon_core.package_identification:_identify(ROS/turtlebot3_ws/log) by extensions ['ignore', 'ignore_ament_install']
[1.488s] Level 1:colcon.colcon_core.package_identification:_identify(ROS/turtlebot3_ws/log) by extension 'ignore'
[1.488s] Level 1:colcon.colcon_core.package_identification:_identify(ROS/turtlebot3_ws/log) ignored
[1.488s] Level 1:colcon.colcon_core.package_identification:_identify(ROS/turtlebot3_ws/src) by extensions ['ignore', 'ignore_ament_install']
[1.488s] Level 1:colcon.colcon_core.package_identification:_identify(ROS/turtlebot3_ws/src) by extension 'ignore'
[1.488s] Level 1:colcon.colcon_core.package_identification:_identify(ROS/turtlebot3_ws/src) by extension 'ignore_ament_install'
[1.488s] Level 1:colcon.colcon_core.package_identification:_identify(ROS/turtlebot3_ws/src) by extensions ['colcon_pkg']
[1.488s] Level 1:colcon.colcon_core.package_identification:_identify(ROS/turtlebot3_ws/src) by extension 'colcon_pkg'
[1.488s] Level 1:colcon.colcon_core.package_identification:_identify(ROS/turtlebot3_ws/src) by extensions ['colcon_meta']
[1.488s] Level 1:colcon.colcon_core.package_identification:_identify(ROS/turtlebot3_ws/src) by extension 'colcon_meta'
[1.488s] Level 1:colcon.colcon_core.package_identification:_identify(ROS/turtlebot3_ws/src) by extensions ['ros']
[1.488s] Level 1:colcon.colcon_core.package_identification:_identify(ROS/turtlebot3_ws/src) by extension 'ros'
[1.488s] Level 1:colcon.colcon_core.package_identification:_identify(ROS/turtlebot3_ws/src) by extensions ['cmake', 'python']
[1.488s] Level 1:colcon.colcon_core.package_identification:_identify(ROS/turtlebot3_ws/src) by extension 'cmake'
[1.488s] Level 1:colcon.colcon_core.package_identification:_identify(ROS/turtlebot3_ws/src) by extension 'python'
[1.488s] Level 1:colcon.colcon_core.package_identification:_identify(ROS/turtlebot3_ws/src) by extensions ['python_setup_py']
[1.488s] Level 1:colcon.colcon_core.package_identification:_identify(ROS/turtlebot3_ws/src) by extension 'python_setup_py'
[1.488s] Level 1:colcon.colcon_core.package_identification:_identify(ROS/turtlebot3_ws/src/build) by extensions ['ignore', 'ignore_ament_install']
[1.489s] Level 1:colcon.colcon_core.package_identification:_identify(ROS/turtlebot3_ws/src/build) by extension 'ignore'
[1.489s] Level 1:colcon.colcon_core.package_identification:_identify(ROS/turtlebot3_ws/src/build) ignored
[1.489s] Level 1:colcon.colcon_core.package_identification:_identify(ROS/turtlebot3_ws/src/custom_interface) by extensions ['ignore', 'ignore_ament_install']
[1.489s] Level 1:colcon.colcon_core.package_identification:_identify(ROS/turtlebot3_ws/src/custom_interface) by extension 'ignore'
[1.489s] Level 1:colcon.colcon_core.package_identification:_identify(ROS/turtlebot3_ws/src/custom_interface) by extension 'ignore_ament_install'
[1.489s] Level 1:colcon.colcon_core.package_identification:_identify(ROS/turtlebot3_ws/src/custom_interface) by extensions ['colcon_pkg']
[1.489s] Level 1:colcon.colcon_core.package_identification:_identify(ROS/turtlebot3_ws/src/custom_interface) by extension 'colcon_pkg'
[1.489s] Level 1:colcon.colcon_core.package_identification:_identify(ROS/turtlebot3_ws/src/custom_interface) by extensions ['colcon_meta']
[1.489s] Level 1:colcon.colcon_core.package_identification:_identify(ROS/turtlebot3_ws/src/custom_interface) by extension 'colcon_meta'
[1.489s] Level 1:colcon.colcon_core.package_identification:_identify(ROS/turtlebot3_ws/src/custom_interface) by extensions ['ros']
[1.489s] Level 1:colcon.colcon_core.package_identification:_identify(ROS/turtlebot3_ws/src/custom_interface) by extension 'ros'
[1.490s] DEBUG:colcon.colcon_core.package_identification:Package 'ROS/turtlebot3_ws/src/custom_interface' with type 'ros.ament_cmake' and name 'custom_interface'
[1.490s] Level 1:colcon.colcon_core.package_identification:_identify(ROS/turtlebot3_ws/src/install) by extensions ['ignore', 'ignore_ament_install']
[1.490s] Level 1:colcon.colcon_core.package_identification:_identify(ROS/turtlebot3_ws/src/install) by extension 'ignore'
[1.490s] Level 1:colcon.colcon_core.package_identification:_identify(ROS/turtlebot3_ws/src/install) ignored
[1.491s] Level 1:colcon.colcon_core.package_identification:_identify(ROS/turtlebot3_ws/src/log) by extensions ['ignore', 'ignore_ament_install']
[1.491s] Level 1:colcon.colcon_core.package_identification:_identify(ROS/turtlebot3_ws/src/log) by extension 'ignore'
[1.491s] Level 1:colcon.colcon_core.package_identification:_identify(ROS/turtlebot3_ws/src/log) ignored
[1.491s] Level 1:colcon.colcon_core.package_identification:_identify(ROS/turtlebot3_ws/src/my_slam) by extensions ['ignore', 'ignore_ament_install']
[1.491s] Level 1:colcon.colcon_core.package_identification:_identify(ROS/turtlebot3_ws/src/my_slam) by extension 'ignore'
[1.491s] Level 1:colcon.colcon_core.package_identification:_identify(ROS/turtlebot3_ws/src/my_slam) by extension 'ignore_ament_install'
[1.491s] Level 1:colcon.colcon_core.package_identification:_identify(ROS/turtlebot3_ws/src/my_slam) by extensions ['colcon_pkg']
[1.491s] Level 1:colcon.colcon_core.package_identification:_identify(ROS/turtlebot3_ws/src/my_slam) by extension 'colcon_pkg'
[1.491s] Level 1:colcon.colcon_core.package_identification:_identify(ROS/turtlebot3_ws/src/my_slam) by extensions ['colcon_meta']
[1.491s] Level 1:colcon.colcon_core.package_identification:_identify(ROS/turtlebot3_ws/src/my_slam) by extension 'colcon_meta'
[1.491s] Level 1:colcon.colcon_core.package_identification:_identify(ROS/turtlebot3_ws/src/my_slam) by extensions ['ros']
[1.491s] Level 1:colcon.colcon_core.package_identification:_identify(ROS/turtlebot3_ws/src/my_slam) by extension 'ros'
[1.491s] DEBUG:colcon.colcon_core.package_identification:Package 'ROS/turtlebot3_ws/src/my_slam' with type 'ros.ament_python' and name 'my_slam'
[1.491s] Level 1:colcon.colcon_core.package_identification:_identify(ROS/turtlebot3_ws/src/my_world) by extensions ['ignore', 'ignore_ament_install']
[1.491s] Level 1:colcon.colcon_core.package_identification:_identify(ROS/turtlebot3_ws/src/my_world) by extension 'ignore'
[1.491s] Level 1:colcon.colcon_core.package_identification:_identify(ROS/turtlebot3_ws/src/my_world) by extension 'ignore_ament_install'
[1.491s] Level 1:colcon.colcon_core.package_identification:_identify(ROS/turtlebot3_ws/src/my_world) by extensions ['colcon_pkg']
[1.491s] Level 1:colcon.colcon_core.package_identification:_identify(ROS/turtlebot3_ws/src/my_world) by extension 'colcon_pkg'
[1.491s] Level 1:colcon.colcon_core.package_identification:_identify(ROS/turtlebot3_ws/src/my_world) by extensions ['colcon_meta']
[1.491s] Level 1:colcon.colcon_core.package_identification:_identify(ROS/turtlebot3_ws/src/my_world) by extension 'colcon_meta'
[1.491s] Level 1:colcon.colcon_core.package_identification:_identify(ROS/turtlebot3_ws/src/my_world) by extensions ['ros']
[1.491s] Level 1:colcon.colcon_core.package_identification:_identify(ROS/turtlebot3_ws/src/my_world) by extension 'ros'
[1.492s] DEBUG:colcon.colcon_core.package_identification:Package 'ROS/turtlebot3_ws/src/my_world' with type 'ros.ament_cmake' and name 'my_world'
[1.492s] Level 1:colcon.colcon_core.package_identification:_identify(ROS/turtlebot3_ws/src/provide_map) by extensions ['ignore', 'ignore_ament_install']
[1.492s] Level 1:colcon.colcon_core.package_identification:_identify(ROS/turtlebot3_ws/src/provide_map) by extension 'ignore'
[1.492s] Level 1:colcon.colcon_core.package_identification:_identify(ROS/turtlebot3_ws/src/provide_map) by extension 'ignore_ament_install'
[1.492s] Level 1:colcon.colcon_core.package_identification:_identify(ROS/turtlebot3_ws/src/provide_map) by extensions ['colcon_pkg']
[1.492s] Level 1:colcon.colcon_core.package_identification:_identify(ROS/turtlebot3_ws/src/provide_map) by extension 'colcon_pkg'
[1.492s] Level 1:colcon.colcon_core.package_identification:_identify(ROS/turtlebot3_ws/src/provide_map) by extensions ['colcon_meta']
[1.492s] Level 1:colcon.colcon_core.package_identification:_identify(ROS/turtlebot3_ws/src/provide_map) by extension 'colcon_meta'
[1.492s] Level 1:colcon.colcon_core.package_identification:_identify(ROS/turtlebot3_ws/src/provide_map) by extensions ['ros']
[1.492s] Level 1:colcon.colcon_core.package_identification:_identify(ROS/turtlebot3_ws/src/provide_map) by extension 'ros'
[1.493s] DEBUG:colcon.colcon_core.package_identification:Package 'ROS/turtlebot3_ws/src/provide_map' with type 'ros.ament_python' and name 'provide_map'
[1.493s] Level 1:colcon.colcon_core.package_identification:_identify(ROS/turtlebot3_ws/src/show_msg) by extensions ['ignore', 'ignore_ament_install']
[1.493s] Level 1:colcon.colcon_core.package_identification:_identify(ROS/turtlebot3_ws/src/show_msg) by extension 'ignore'
[1.493s] Level 1:colcon.colcon_core.package_identification:_identify(ROS/turtlebot3_ws/src/show_msg) by extension 'ignore_ament_install'
[1.493s] Level 1:colcon.colcon_core.package_identification:_identify(ROS/turtlebot3_ws/src/show_msg) by extensions ['colcon_pkg']
[1.493s] Level 1:colcon.colcon_core.package_identification:_identify(ROS/turtlebot3_ws/src/show_msg) by extension 'colcon_pkg'
[1.493s] Level 1:colcon.colcon_core.package_identification:_identify(ROS/turtlebot3_ws/src/show_msg) by extensions ['colcon_meta']
[1.493s] Level 1:colcon.colcon_core.package_identification:_identify(ROS/turtlebot3_ws/src/show_msg) by extension 'colcon_meta'
[1.493s] Level 1:colcon.colcon_core.package_identification:_identify(ROS/turtlebot3_ws/src/show_msg) by extensions ['ros']
[1.493s] Level 1:colcon.colcon_core.package_identification:_identify(ROS/turtlebot3_ws/src/show_msg) by extension 'ros'
[1.493s] DEBUG:colcon.colcon_core.package_identification:Package 'ROS/turtlebot3_ws/src/show_msg' with type 'ros.ament_python' and name 'show_msg'
[1.493s] Level 1:colcon.colcon_core.package_identification:_identify(ROS/turtlebot3_ws/src/turtlebot3_simulations) by extensions ['ignore', 'ignore_ament_install']
[1.493s] Level 1:colcon.colcon_core.package_identification:_identify(ROS/turtlebot3_ws/src/turtlebot3_simulations) by extension 'ignore'
[1.493s] Level 1:colcon.colcon_core.package_identification:_identify(ROS/turtlebot3_ws/src/turtlebot3_simulations) by extension 'ignore_ament_install'
[1.493s] Level 1:colcon.colcon_core.package_identification:_identify(ROS/turtlebot3_ws/src/turtlebot3_simulations) by extensions ['colcon_pkg']
[1.493s] Level 1:colcon.colcon_core.package_identification:_identify(ROS/turtlebot3_ws/src/turtlebot3_simulations) by extension 'colcon_pkg'
[1.493s] Level 1:colcon.colcon_core.package_identification:_identify(ROS/turtlebot3_ws/src/turtlebot3_simulations) by extensions ['colcon_meta']
[1.493s] Level 1:colcon.colcon_core.package_identification:_identify(ROS/turtlebot3_ws/src/turtlebot3_simulations) by extension 'colcon_meta'
[1.494s] Level 1:colcon.colcon_core.package_identification:_identify(ROS/turtlebot3_ws/src/turtlebot3_simulations) by extensions ['ros']
[1.494s] Level 1:colcon.colcon_core.package_identification:_identify(ROS/turtlebot3_ws/src/turtlebot3_simulations) by extension 'ros'
[1.494s] Level 1:colcon.colcon_core.package_identification:_identify(ROS/turtlebot3_ws/src/turtlebot3_simulations) by extensions ['cmake', 'python']
[1.494s] Level 1:colcon.colcon_core.package_identification:_identify(ROS/turtlebot3_ws/src/turtlebot3_simulations) by extension 'cmake'
[1.494s] Level 1:colcon.colcon_core.package_identification:_identify(ROS/turtlebot3_ws/src/turtlebot3_simulations) by extension 'python'
[1.494s] Level 1:colcon.colcon_core.package_identification:_identify(ROS/turtlebot3_ws/src/turtlebot3_simulations) by extensions ['python_setup_py']
[1.494s] Level 1:colcon.colcon_core.package_identification:_identify(ROS/turtlebot3_ws/src/turtlebot3_simulations) by extension 'python_setup_py'
[1.494s] Level 1:colcon.colcon_core.package_identification:_identify(ROS/turtlebot3_ws/src/turtlebot3_simulations/turtlebot3_fake_node) by extensions ['ignore', 'ignore_ament_install']
[1.494s] Level 1:colcon.colcon_core.package_identification:_identify(ROS/turtlebot3_ws/src/turtlebot3_simulations/turtlebot3_fake_node) by extension 'ignore'
[1.494s] Level 1:colcon.colcon_core.package_identification:_identify(ROS/turtlebot3_ws/src/turtlebot3_simulations/turtlebot3_fake_node) by extension 'ignore_ament_install'
[1.494s] Level 1:colcon.colcon_core.package_identification:_identify(ROS/turtlebot3_ws/src/turtlebot3_simulations/turtlebot3_fake_node) by extensions ['colcon_pkg']
[1.494s] Level 1:colcon.colcon_core.package_identification:_identify(ROS/turtlebot3_ws/src/turtlebot3_simulations/turtlebot3_fake_node) by extension 'colcon_pkg'
[1.494s] Level 1:colcon.colcon_core.package_identification:_identify(ROS/turtlebot3_ws/src/turtlebot3_simulations/turtlebot3_fake_node) by extensions ['colcon_meta']
[1.494s] Level 1:colcon.colcon_core.package_identification:_identify(ROS/turtlebot3_ws/src/turtlebot3_simulations/turtlebot3_fake_node) by extension 'colcon_meta'
[1.494s] Level 1:colcon.colcon_core.package_identification:_identify(ROS/turtlebot3_ws/src/turtlebot3_simulations/turtlebot3_fake_node) by extensions ['ros']
[1.494s] Level 1:colcon.colcon_core.package_identification:_identify(ROS/turtlebot3_ws/src/turtlebot3_simulations/turtlebot3_fake_node) by extension 'ros'
[1.495s] DEBUG:colcon.colcon_core.package_identification:Package 'ROS/turtlebot3_ws/src/turtlebot3_simulations/turtlebot3_fake_node' with type 'ros.ament_cmake' and name 'turtlebot3_fake_node'
[1.495s] Level 1:colcon.colcon_core.package_identification:_identify(ROS/turtlebot3_ws/src/turtlebot3_simulations/turtlebot3_gazebo) by extensions ['ignore', 'ignore_ament_install']
[1.495s] Level 1:colcon.colcon_core.package_identification:_identify(ROS/turtlebot3_ws/src/turtlebot3_simulations/turtlebot3_gazebo) by extension 'ignore'
[1.495s] Level 1:colcon.colcon_core.package_identification:_identify(ROS/turtlebot3_ws/src/turtlebot3_simulations/turtlebot3_gazebo) by extension 'ignore_ament_install'
[1.495s] Level 1:colcon.colcon_core.package_identification:_identify(ROS/turtlebot3_ws/src/turtlebot3_simulations/turtlebot3_gazebo) by extensions ['colcon_pkg']
[1.495s] Level 1:colcon.colcon_core.package_identification:_identify(ROS/turtlebot3_ws/src/turtlebot3_simulations/turtlebot3_gazebo) by extension 'colcon_pkg'
[1.495s] Level 1:colcon.colcon_core.package_identification:_identify(ROS/turtlebot3_ws/src/turtlebot3_simulations/turtlebot3_gazebo) by extensions ['colcon_meta']
[1.495s] Level 1:colcon.colcon_core.package_identification:_identify(ROS/turtlebot3_ws/src/turtlebot3_simulations/turtlebot3_gazebo) by extension 'colcon_meta'
[1.495s] Level 1:colcon.colcon_core.package_identification:_identify(ROS/turtlebot3_ws/src/turtlebot3_simulations/turtlebot3_gazebo) by extensions ['ros']
[1.495s] Level 1:colcon.colcon_core.package_identification:_identify(ROS/turtlebot3_ws/src/turtlebot3_simulations/turtlebot3_gazebo) by extension 'ros'
[1.496s] DEBUG:colcon.colcon_core.package_identification:Package 'ROS/turtlebot3_ws/src/turtlebot3_simulations/turtlebot3_gazebo' with type 'ros.ament_cmake' and name 'turtlebot3_gazebo'
[1.496s] Level 1:colcon.colcon_core.package_identification:_identify(ROS/turtlebot3_ws/src/turtlebot3_simulations/turtlebot3_simulations) by extensions ['ignore', 'ignore_ament_install']
[1.496s] Level 1:colcon.colcon_core.package_identification:_identify(ROS/turtlebot3_ws/src/turtlebot3_simulations/turtlebot3_simulations) by extension 'ignore'
[1.496s] Level 1:colcon.colcon_core.package_identification:_identify(ROS/turtlebot3_ws/src/turtlebot3_simulations/turtlebot3_simulations) by extension 'ignore_ament_install'
[1.496s] Level 1:colcon.colcon_core.package_identification:_identify(ROS/turtlebot3_ws/src/turtlebot3_simulations/turtlebot3_simulations) by extensions ['colcon_pkg']
[1.496s] Level 1:colcon.colcon_core.package_identification:_identify(ROS/turtlebot3_ws/src/turtlebot3_simulations/turtlebot3_simulations) by extension 'colcon_pkg'
[1.496s] Level 1:colcon.colcon_core.package_identification:_identify(ROS/turtlebot3_ws/src/turtlebot3_simulations/turtlebot3_simulations) by extensions ['colcon_meta']
[1.496s] Level 1:colcon.colcon_core.package_identification:_identify(ROS/turtlebot3_ws/src/turtlebot3_simulations/turtlebot3_simulations) by extension 'colcon_meta'
[1.496s] Level 1:colcon.colcon_core.package_identification:_identify(ROS/turtlebot3_ws/src/turtlebot3_simulations/turtlebot3_simulations) by extensions ['ros']
[1.496s] Level 1:colcon.colcon_core.package_identification:_identify(ROS/turtlebot3_ws/src/turtlebot3_simulations/turtlebot3_simulations) by extension 'ros'
[1.496s] DEBUG:colcon.colcon_core.package_identification:Package 'ROS/turtlebot3_ws/src/turtlebot3_simulations/turtlebot3_simulations' with type 'ros.ament_cmake' and name 'turtlebot3_simulations'
[1.496s] Level 1:colcon.colcon_core.package_identification:_identify(WEB) by extensions ['ignore', 'ignore_ament_install']
[1.496s] Level 1:colcon.colcon_core.package_identification:_identify(WEB) by extension 'ignore'
[1.496s] Level 1:colcon.colcon_core.package_identification:_identify(WEB) by extension 'ignore_ament_install'
[1.496s] Level 1:colcon.colcon_core.package_identification:_identify(WEB) by extensions ['colcon_pkg']
[1.496s] Level 1:colcon.colcon_core.package_identification:_identify(WEB) by extension 'colcon_pkg'
[1.496s] Level 1:colcon.colcon_core.package_identification:_identify(WEB) by extensions ['colcon_meta']
[1.496s] Level 1:colcon.colcon_core.package_identification:_identify(WEB) by extension 'colcon_meta'
[1.496s] Level 1:colcon.colcon_core.package_identification:_identify(WEB) by extensions ['ros']
[1.496s] Level 1:colcon.colcon_core.package_identification:_identify(WEB) by extension 'ros'
[1.497s] Level 1:colcon.colcon_core.package_identification:_identify(WEB) by extensions ['cmake', 'python']
[1.497s] Level 1:colcon.colcon_core.package_identification:_identify(WEB) by extension 'cmake'
[1.497s] Level 1:colcon.colcon_core.package_identification:_identify(WEB) by extension 'python'
[1.497s] Level 1:colcon.colcon_core.package_identification:_identify(WEB) by extensions ['python_setup_py']
[1.497s] Level 1:colcon.colcon_core.package_identification:_identify(WEB) by extension 'python_setup_py'
[1.497s] Level 1:colcon.colcon_core.package_identification:_identify(WEB/src) by extensions ['ignore', 'ignore_ament_install']
[1.497s] Level 1:colcon.colcon_core.package_identification:_identify(WEB/src) by extension 'ignore'
[1.497s] Level 1:colcon.colcon_core.package_identification:_identify(WEB/src) by extension 'ignore_ament_install'
[1.497s] Level 1:colcon.colcon_core.package_identification:_identify(WEB/src) by extensions ['colcon_pkg']
[1.497s] Level 1:colcon.colcon_core.package_identification:_identify(WEB/src) by extension 'colcon_pkg'
[1.497s] Level 1:colcon.colcon_core.package_identification:_identify(WEB/src) by extensions ['colcon_meta']
[1.497s] Level 1:colcon.colcon_core.package_identification:_identify(WEB/src) by extension 'colcon_meta'
[1.497s] Level 1:colcon.colcon_core.package_identification:_identify(WEB/src) by extensions ['ros']
[1.497s] Level 1:colcon.colcon_core.package_identification:_identify(WEB/src) by extension 'ros'
[1.497s] Level 1:colcon.colcon_core.package_identification:_identify(WEB/src) by extensions ['cmake', 'python']
[1.497s] Level 1:colcon.colcon_core.package_identification:_identify(WEB/src) by extension 'cmake'
[1.497s] Level 1:colcon.colcon_core.package_identification:_identify(WEB/src) by extension 'python'
[1.497s] Level 1:colcon.colcon_core.package_identification:_identify(WEB/src) by extensions ['python_setup_py']
[1.497s] Level 1:colcon.colcon_core.package_identification:_identify(WEB/src) by extension 'python_setup_py'
[1.497s] Level 1:colcon.colcon_core.package_identification:_identify(WEB/src/assets) by extensions ['ignore', 'ignore_ament_install']
[1.497s] Level 1:colcon.colcon_core.package_identification:_identify(WEB/src/assets) by extension 'ignore'
[1.497s] Level 1:colcon.colcon_core.package_identification:_identify(WEB/src/assets) by extension 'ignore_ament_install'
[1.497s] Level 1:colcon.colcon_core.package_identification:_identify(WEB/src/assets) by extensions ['colcon_pkg']
[1.497s] Level 1:colcon.colcon_core.package_identification:_identify(WEB/src/assets) by extension 'colcon_pkg'
[1.497s] Level 1:colcon.colcon_core.package_identification:_identify(WEB/src/assets) by extensions ['colcon_meta']
[1.497s] Level 1:colcon.colcon_core.package_identification:_identify(WEB/src/assets) by extension 'colcon_meta'
[1.497s] Level 1:colcon.colcon_core.package_identification:_identify(WEB/src/assets) by extensions ['ros']
[1.497s] Level 1:colcon.colcon_core.package_identification:_identify(WEB/src/assets) by extension 'ros'
[1.497s] Level 1:colcon.colcon_core.package_identification:_identify(WEB/src/assets) by extensions ['cmake', 'python']
[1.497s] Level 1:colcon.colcon_core.package_identification:_identify(WEB/src/assets) by extension 'cmake'
[1.497s] Level 1:colcon.colcon_core.package_identification:_identify(WEB/src/assets) by extension 'python'
[1.497s] Level 1:colcon.colcon_core.package_identification:_identify(WEB/src/assets) by extensions ['python_setup_py']
[1.497s] Level 1:colcon.colcon_core.package_identification:_identify(WEB/src/assets) by extension 'python_setup_py'
[1.497s] Level 1:colcon.colcon_core.package_identification:_identify(WEB/src/assets/fondos) by extensions ['ignore', 'ignore_ament_install']
[1.497s] Level 1:colcon.colcon_core.package_identification:_identify(WEB/src/assets/fondos) by extension 'ignore'
[1.497s] Level 1:colcon.colcon_core.package_identification:_identify(WEB/src/assets/fondos) by extension 'ignore_ament_install'
[1.497s] Level 1:colcon.colcon_core.package_identification:_identify(WEB/src/assets/fondos) by extensions ['colcon_pkg']
[1.497s] Level 1:colcon.colcon_core.package_identification:_identify(WEB/src/assets/fondos) by extension 'colcon_pkg'
[1.497s] Level 1:colcon.colcon_core.package_identification:_identify(WEB/src/assets/fondos) by extensions ['colcon_meta']
[1.497s] Level 1:colcon.colcon_core.package_identification:_identify(WEB/src/assets/fondos) by extension 'colcon_meta'
[1.498s] Level 1:colcon.colcon_core.package_identification:_identify(WEB/src/assets/fondos) by extensions ['ros']
[1.498s] Level 1:colcon.colcon_core.package_identification:_identify(WEB/src/assets/fondos) by extension 'ros'
[1.498s] Level 1:colcon.colcon_core.package_identification:_identify(WEB/src/assets/fondos) by extensions ['cmake', 'python']
[1.498s] Level 1:colcon.colcon_core.package_identification:_identify(WEB/src/assets/fondos) by extension 'cmake'
[1.498s] Level 1:colcon.colcon_core.package_identification:_identify(WEB/src/assets/fondos) by extension 'python'
[1.498s] Level 1:colcon.colcon_core.package_identification:_identify(WEB/src/assets/fondos) by extensions ['python_setup_py']
[1.498s] Level 1:colcon.colcon_core.package_identification:_identify(WEB/src/assets/fondos) by extension 'python_setup_py'
[1.498s] Level 1:colcon.colcon_core.package_identification:_identify(WEB/src/assets/ropa) by extensions ['ignore', 'ignore_ament_install']
[1.498s] Level 1:colcon.colcon_core.package_identification:_identify(WEB/src/assets/ropa) by extension 'ignore'
[1.498s] Level 1:colcon.colcon_core.package_identification:_identify(WEB/src/assets/ropa) by extension 'ignore_ament_install'
[1.498s] Level 1:colcon.colcon_core.package_identification:_identify(WEB/src/assets/ropa) by extensions ['colcon_pkg']
[1.498s] Level 1:colcon.colcon_core.package_identification:_identify(WEB/src/assets/ropa) by extension 'colcon_pkg'
[1.498s] Level 1:colcon.colcon_core.package_identification:_identify(WEB/src/assets/ropa) by extensions ['colcon_meta']
[1.498s] Level 1:colcon.colcon_core.package_identification:_identify(WEB/src/assets/ropa) by extension 'colcon_meta'
[1.498s] Level 1:colcon.colcon_core.package_identification:_identify(WEB/src/assets/ropa) by extensions ['ros']
[1.498s] Level 1:colcon.colcon_core.package_identification:_identify(WEB/src/assets/ropa) by extension 'ros'
[1.498s] Level 1:colcon.colcon_core.package_identification:_identify(WEB/src/assets/ropa) by extensions ['cmake', 'python']
[1.498s] Level 1:colcon.colcon_core.package_identification:_identify(WEB/src/assets/ropa) by extension 'cmake'
[1.498s] Level 1:colcon.colcon_core.package_identification:_identify(WEB/src/assets/ropa) by extension 'python'
[1.498s] Level 1:colcon.colcon_core.package_identification:_identify(WEB/src/assets/ropa) by extensions ['python_setup_py']
[1.498s] Level 1:colcon.colcon_core.package_identification:_identify(WEB/src/assets/ropa) by extension 'python_setup_py'
[1.498s] Level 1:colcon.colcon_core.package_identification:_identify(WEB/src/assets/ropa/pantalones) by extensions ['ignore', 'ignore_ament_install']
[1.498s] Level 1:colcon.colcon_core.package_identification:_identify(WEB/src/assets/ropa/pantalones) by extension 'ignore'
[1.498s] Level 1:colcon.colcon_core.package_identification:_identify(WEB/src/assets/ropa/pantalones) by extension 'ignore_ament_install'
[1.498s] Level 1:colcon.colcon_core.package_identification:_identify(WEB/src/assets/ropa/pantalones) by extensions ['colcon_pkg']
[1.498s] Level 1:colcon.colcon_core.package_identification:_identify(WEB/src/assets/ropa/pantalones) by extension 'colcon_pkg'
[1.498s] Level 1:colcon.colcon_core.package_identification:_identify(WEB/src/assets/ropa/pantalones) by extensions ['colcon_meta']
[1.498s] Level 1:colcon.colcon_core.package_identification:_identify(WEB/src/assets/ropa/pantalones) by extension 'colcon_meta'
[1.498s] Level 1:colcon.colcon_core.package_identification:_identify(WEB/src/assets/ropa/pantalones) by extensions ['ros']
[1.498s] Level 1:colcon.colcon_core.package_identification:_identify(WEB/src/assets/ropa/pantalones) by extension 'ros'
[1.498s] Level 1:colcon.colcon_core.package_identification:_identify(WEB/src/assets/ropa/pantalones) by extensions ['cmake', 'python']
[1.498s] Level 1:colcon.colcon_core.package_identification:_identify(WEB/src/assets/ropa/pantalones) by extension 'cmake'
[1.498s] Level 1:colcon.colcon_core.package_identification:_identify(WEB/src/assets/ropa/pantalones) by extension 'python'
[1.498s] Level 1:colcon.colcon_core.package_identification:_identify(WEB/src/assets/ropa/pantalones) by extensions ['python_setup_py']
[1.498s] Level 1:colcon.colcon_core.package_identification:_identify(WEB/src/assets/ropa/pantalones) by extension 'python_setup_py'
[1.498s] Level 1:colcon.colcon_core.package_identification:_identify(WEB/src/assets/ropa/sudaderas) by extensions ['ignore', 'ignore_ament_install']
[1.498s] Level 1:colcon.colcon_core.package_identification:_identify(WEB/src/assets/ropa/sudaderas) by extension 'ignore'
[1.498s] Level 1:colcon.colcon_core.package_identification:_identify(WEB/src/assets/ropa/sudaderas) by extension 'ignore_ament_install'
[1.498s] Level 1:colcon.colcon_core.package_identification:_identify(WEB/src/assets/ropa/sudaderas) by extensions ['colcon_pkg']
[1.498s] Level 1:colcon.colcon_core.package_identification:_identify(WEB/src/assets/ropa/sudaderas) by extension 'colcon_pkg'
[1.498s] Level 1:colcon.colcon_core.package_identification:_identify(WEB/src/assets/ropa/sudaderas) by extensions ['colcon_meta']
[1.498s] Level 1:colcon.colcon_core.package_identification:_identify(WEB/src/assets/ropa/sudaderas) by extension 'colcon_meta'
[1.498s] Level 1:colcon.colcon_core.package_identification:_identify(WEB/src/assets/ropa/sudaderas) by extensions ['ros']
[1.498s] Level 1:colcon.colcon_core.package_identification:_identify(WEB/src/assets/ropa/sudaderas) by extension 'ros'
[1.498s] Level 1:colcon.colcon_core.package_identification:_identify(WEB/src/assets/ropa/sudaderas) by extensions ['cmake', 'python']
[1.499s] Level 1:colcon.colcon_core.package_identification:_identify(WEB/src/assets/ropa/sudaderas) by extension 'cmake'
[1.499s] Level 1:colcon.colcon_core.package_identification:_identify(WEB/src/assets/ropa/sudaderas) by extension 'python'
[1.499s] Level 1:colcon.colcon_core.package_identification:_identify(WEB/src/assets/ropa/sudaderas) by extensions ['python_setup_py']
[1.499s] Level 1:colcon.colcon_core.package_identification:_identify(WEB/src/assets/ropa/sudaderas) by extension 'python_setup_py'
[1.499s] Level 1:colcon.colcon_core.package_identification:_identify(WEB/src/css) by extensions ['ignore', 'ignore_ament_install']
[1.499s] Level 1:colcon.colcon_core.package_identification:_identify(WEB/src/css) by extension 'ignore'
[1.499s] Level 1:colcon.colcon_core.package_identification:_identify(WEB/src/css) by extension 'ignore_ament_install'
[1.499s] Level 1:colcon.colcon_core.package_identification:_identify(WEB/src/css) by extensions ['colcon_pkg']
[1.499s] Level 1:colcon.colcon_core.package_identification:_identify(WEB/src/css) by extension 'colcon_pkg'
[1.499s] Level 1:colcon.colcon_core.package_identification:_identify(WEB/src/css) by extensions ['colcon_meta']
[1.499s] Level 1:colcon.colcon_core.package_identification:_identify(WEB/src/css) by extension 'colcon_meta'
[1.499s] Level 1:colcon.colcon_core.package_identification:_identify(WEB/src/css) by extensions ['ros']
[1.499s] Level 1:colcon.colcon_core.package_identification:_identify(WEB/src/css) by extension 'ros'
[1.499s] Level 1:colcon.colcon_core.package_identification:_identify(WEB/src/css) by extensions ['cmake', 'python']
[1.499s] Level 1:colcon.colcon_core.package_identification:_identify(WEB/src/css) by extension 'cmake'
[1.499s] Level 1:colcon.colcon_core.package_identification:_identify(WEB/src/css) by extension 'python'
[1.499s] Level 1:colcon.colcon_core.package_identification:_identify(WEB/src/css) by extensions ['python_setup_py']
[1.499s] Level 1:colcon.colcon_core.package_identification:_identify(WEB/src/css) by extension 'python_setup_py'
[1.499s] Level 1:colcon.colcon_core.package_identification:_identify(WEB/src/html) by extensions ['ignore', 'ignore_ament_install']
[1.499s] Level 1:colcon.colcon_core.package_identification:_identify(WEB/src/html) by extension 'ignore'
[1.499s] Level 1:colcon.colcon_core.package_identification:_identify(WEB/src/html) by extension 'ignore_ament_install'
[1.499s] Level 1:colcon.colcon_core.package_identification:_identify(WEB/src/html) by extensions ['colcon_pkg']
[1.499s] Level 1:colcon.colcon_core.package_identification:_identify(WEB/src/html) by extension 'colcon_pkg'
[1.499s] Level 1:colcon.colcon_core.package_identification:_identify(WEB/src/html) by extensions ['colcon_meta']
[1.499s] Level 1:colcon.colcon_core.package_identification:_identify(WEB/src/html) by extension 'colcon_meta'
[1.499s] Level 1:colcon.colcon_core.package_identification:_identify(WEB/src/html) by extensions ['ros']
[1.499s] Level 1:colcon.colcon_core.package_identification:_identify(WEB/src/html) by extension 'ros'
[1.499s] Level 1:colcon.colcon_core.package_identification:_identify(WEB/src/html) by extensions ['cmake', 'python']
[1.499s] Level 1:colcon.colcon_core.package_identification:_identify(WEB/src/html) by extension 'cmake'
[1.499s] Level 1:colcon.colcon_core.package_identification:_identify(WEB/src/html) by extension 'python'
[1.499s] Level 1:colcon.colcon_core.package_identification:_identify(WEB/src/html) by extensions ['python_setup_py']
[1.499s] Level 1:colcon.colcon_core.package_identification:_identify(WEB/src/html) by extension 'python_setup_py'
[1.499s] Level 1:colcon.colcon_core.package_identification:_identify(WEB/src/js) by extensions ['ignore', 'ignore_ament_install']
[1.499s] Level 1:colcon.colcon_core.package_identification:_identify(WEB/src/js) by extension 'ignore'
[1.499s] Level 1:colcon.colcon_core.package_identification:_identify(WEB/src/js) by extension 'ignore_ament_install'
[1.499s] Level 1:colcon.colcon_core.package_identification:_identify(WEB/src/js) by extensions ['colcon_pkg']
[1.499s] Level 1:colcon.colcon_core.package_identification:_identify(WEB/src/js) by extension 'colcon_pkg'
[1.499s] Level 1:colcon.colcon_core.package_identification:_identify(WEB/src/js) by extensions ['colcon_meta']
[1.499s] Level 1:colcon.colcon_core.package_identification:_identify(WEB/src/js) by extension 'colcon_meta'
[1.500s] Level 1:colcon.colcon_core.package_identification:_identify(WEB/src/js) by extensions ['ros']
[1.500s] Level 1:colcon.colcon_core.package_identification:_identify(WEB/src/js) by extension 'ros'
[1.500s] Level 1:colcon.colcon_core.package_identification:_identify(WEB/src/js) by extensions ['cmake', 'python']
[1.500s] Level 1:colcon.colcon_core.package_identification:_identify(WEB/src/js) by extension 'cmake'
[1.500s] Level 1:colcon.colcon_core.package_identification:_identify(WEB/src/js) by extension 'python'
[1.500s] Level 1:colcon.colcon_core.package_identification:_identify(WEB/src/js) by extensions ['python_setup_py']
[1.500s] Level 1:colcon.colcon_core.package_identification:_identify(WEB/src/js) by extension 'python_setup_py'
[1.500s] Level 1:colcon.colcon_core.package_identification:_identify(WEB/src/mover) by extensions ['ignore', 'ignore_ament_install']
[1.500s] Level 1:colcon.colcon_core.package_identification:_identify(WEB/src/mover) by extension 'ignore'
[1.500s] Level 1:colcon.colcon_core.package_identification:_identify(WEB/src/mover) by extension 'ignore_ament_install'
[1.500s] Level 1:colcon.colcon_core.package_identification:_identify(WEB/src/mover) by extensions ['colcon_pkg']
[1.500s] Level 1:colcon.colcon_core.package_identification:_identify(WEB/src/mover) by extension 'colcon_pkg'
[1.500s] Level 1:colcon.colcon_core.package_identification:_identify(WEB/src/mover) by extensions ['colcon_meta']
[1.500s] Level 1:colcon.colcon_core.package_identification:_identify(WEB/src/mover) by extension 'colcon_meta'
[1.500s] Level 1:colcon.colcon_core.package_identification:_identify(WEB/src/mover) by extensions ['ros']
[1.500s] Level 1:colcon.colcon_core.package_identification:_identify(WEB/src/mover) by extension 'ros'
[1.500s] Level 1:colcon.colcon_core.package_identification:_identify(WEB/src/mover) by extensions ['cmake', 'python']
[1.500s] Level 1:colcon.colcon_core.package_identification:_identify(WEB/src/mover) by extension 'cmake'
[1.500s] Level 1:colcon.colcon_core.package_identification:_identify(WEB/src/mover) by extension 'python'
[1.500s] Level 1:colcon.colcon_core.package_identification:_identify(WEB/src/mover) by extensions ['python_setup_py']
[1.500s] Level 1:colcon.colcon_core.package_identification:_identify(WEB/src/mover) by extension 'python_setup_py'
[1.500s] Level 1:colcon.colcon_core.package_identification:_identify(build) by extensions ['ignore', 'ignore_ament_install']
[1.500s] Level 1:colcon.colcon_core.package_identification:_identify(build) by extension 'ignore'
[1.500s] Level 1:colcon.colcon_core.package_identification:_identify(build) ignored
[1.500s] Level 1:colcon.colcon_core.package_identification:_identify(docs) by extensions ['ignore', 'ignore_ament_install']
[1.500s] Level 1:colcon.colcon_core.package_identification:_identify(docs) by extension 'ignore'
[1.500s] Level 1:colcon.colcon_core.package_identification:_identify(docs) by extension 'ignore_ament_install'
[1.500s] Level 1:colcon.colcon_core.package_identification:_identify(docs) by extensions ['colcon_pkg']
[1.500s] Level 1:colcon.colcon_core.package_identification:_identify(docs) by extension 'colcon_pkg'
[1.500s] Level 1:colcon.colcon_core.package_identification:_identify(docs) by extensions ['colcon_meta']
[1.500s] Level 1:colcon.colcon_core.package_identification:_identify(docs) by extension 'colcon_meta'
[1.500s] Level 1:colcon.colcon_core.package_identification:_identify(docs) by extensions ['ros']
[1.500s] Level 1:colcon.colcon_core.package_identification:_identify(docs) by extension 'ros'
[1.500s] Level 1:colcon.colcon_core.package_identification:_identify(docs) by extensions ['cmake', 'python']
[1.500s] Level 1:colcon.colcon_core.package_identification:_identify(docs) by extension 'cmake'
[1.501s] Level 1:colcon.colcon_core.package_identification:_identify(docs) by extension 'python'
[1.501s] Level 1:colcon.colcon_core.package_identification:_identify(docs) by extensions ['python_setup_py']
[1.501s] Level 1:colcon.colcon_core.package_identification:_identify(docs) by extension 'python_setup_py'
[1.501s] Level 1:colcon.colcon_core.package_identification:_identify(docs/diseños) by extensions ['ignore', 'ignore_ament_install']
[1.501s] Level 1:colcon.colcon_core.package_identification:_identify(docs/diseños) by extension 'ignore'
[1.501s] Level 1:colcon.colcon_core.package_identification:_identify(docs/diseños) by extension 'ignore_ament_install'
[1.501s] Level 1:colcon.colcon_core.package_identification:_identify(docs/diseños) by extensions ['colcon_pkg']
[1.501s] Level 1:colcon.colcon_core.package_identification:_identify(docs/diseños) by extension 'colcon_pkg'
[1.501s] Level 1:colcon.colcon_core.package_identification:_identify(docs/diseños) by extensions ['colcon_meta']
[1.501s] Level 1:colcon.colcon_core.package_identification:_identify(docs/diseños) by extension 'colcon_meta'
[1.501s] Level 1:colcon.colcon_core.package_identification:_identify(docs/diseños) by extensions ['ros']
[1.501s] Level 1:colcon.colcon_core.package_identification:_identify(docs/diseños) by extension 'ros'
[1.501s] Level 1:colcon.colcon_core.package_identification:_identify(docs/diseños) by extensions ['cmake', 'python']
[1.501s] Level 1:colcon.colcon_core.package_identification:_identify(docs/diseños) by extension 'cmake'
[1.501s] Level 1:colcon.colcon_core.package_identification:_identify(docs/diseños) by extension 'python'
[1.501s] Level 1:colcon.colcon_core.package_identification:_identify(docs/diseños) by extensions ['python_setup_py']
[1.501s] Level 1:colcon.colcon_core.package_identification:_identify(docs/diseños) by extension 'python_setup_py'
[1.501s] Level 1:colcon.colcon_core.package_identification:_identify(install) by extensions ['ignore', 'ignore_ament_install']
[1.501s] Level 1:colcon.colcon_core.package_identification:_identify(install) by extension 'ignore'
[1.501s] Level 1:colcon.colcon_core.package_identification:_identify(install) ignored
[1.501s] Level 1:colcon.colcon_core.package_identification:_identify(log) by extensions ['ignore', 'ignore_ament_install']
[1.501s] Level 1:colcon.colcon_core.package_identification:_identify(log) by extension 'ignore'
[1.501s] Level 1:colcon.colcon_core.package_identification:_identify(log) ignored
[1.501s] Level 1:colcon.colcon_core.package_discovery:discover_packages(recursive) using defaults
[1.501s] Level 1:colcon.colcon_core.package_discovery:discover_packages(ignore) discover
[1.501s] Level 1:colcon.colcon_core.package_discovery:discover_packages(ignore) using defaults
[1.501s] Level 1:colcon.colcon_core.package_discovery:discover_packages(path) discover
[1.501s] Level 1:colcon.colcon_core.package_discovery:discover_packages(path) using defaults
[1.524s] WARNING:colcon.colcon_core.package_selection:ignoring unknown package 'turtlebot3_gacebo' in --packages-select
[1.583s] INFO:colcon.colcon_core.package_selection:Skipping not selected package 'custom_interface' in 'ROS/turtlebot3_ws/src/custom_interface'
[1.583s] INFO:colcon.colcon_core.package_selection:Skipping not selected package 'my_slam' in 'ROS/turtlebot3_ws/src/my_slam'
[1.583s] INFO:colcon.colcon_core.package_selection:Skipping not selected package 'provide_map' in 'ROS/turtlebot3_ws/src/provide_map'
[1.583s] INFO:colcon.colcon_core.package_selection:Skipping not selected package 'turtlebot3_fake_node' in 'ROS/turtlebot3_ws/src/turtlebot3_simulations/turtlebot3_fake_node'
[1.583s] INFO:colcon.colcon_core.package_selection:Skipping not selected package 'turtlebot3_gazebo' in 'ROS/turtlebot3_ws/src/turtlebot3_simulations/turtlebot3_gazebo'
[1.583s] INFO:colcon.colcon_core.package_selection:Skipping not selected package 'my_world' in 'ROS/turtlebot3_ws/src/my_world'
[1.583s] INFO:colcon.colcon_core.package_selection:Skipping not selected package 'show_msg' in 'ROS/turtlebot3_ws/src/show_msg'
[1.583s] INFO:colcon.colcon_core.package_selection:Skipping not selected package 'turtlebot3_simulations' in 'ROS/turtlebot3_ws/src/turtlebot3_simulations/turtlebot3_simulations'
[1.629s] Level 1:colcon.colcon_core.package_discovery:discover_packages(prefix_path) check parameters
[1.629s] Level 1:colcon.colcon_core.package_discovery:discover_packages(prefix_path) discover
[1.677s] DEBUG:colcon.colcon_installed_package_information.package_discovery:Found 6 installed packages in /home/dmpasgal/Clothy/install
[1.699s] DEBUG:colcon.colcon_installed_package_information.package_discovery:Found 9 installed packages in /home/dmpasgal/turtlebot3_ws/install
[1.721s] DEBUG:colcon.colcon_installed_package_information.package_discovery:Found 1 installed packages in /home/dmpasgal/turtlebot3_ws/src/install
[1.753s] DEBUG:colcon.colcon_installed_package_information.package_discovery:Found 336 installed packages in /opt/ros/galactic
[1.754s] Level 1:colcon.colcon_core.package_discovery:discover_packages(prefix_path) using defaults
[1.861s] INFO:colcon.colcon_core.executor:Executing jobs using 'parallel' executor
[1.886s] DEBUG:colcon.colcon_parallel_executor.executor.parallel:run_until_complete
[1.886s] DEBUG:colcon.colcon_parallel_executor.executor.parallel:closing loop
[1.886s] DEBUG:colcon.colcon_parallel_executor.executor.parallel:loop closed
[1.886s] DEBUG:colcon.colcon_parallel_executor.executor.parallel:run_until_complete finished with '0'
[1.886s] DEBUG:colcon.colcon_core.event_reactor:joining thread
[1.912s] INFO:colcon.colcon_core.plugin_system:Skipping extension 'colcon_notification.desktop_notification.terminal_notifier': Not used on non-Darwin systems
[1.912s] INFO:colcon.colcon_core.plugin_system:Skipping extension 'colcon_notification.desktop_notification.win32': Not used on non-Windows systems
[1.912s] INFO:colcon.colcon_notification.desktop_notification:Sending desktop notification using 'notify2'
[1.925s] DEBUG:colcon.colcon_core.event_reactor:joined thread
[1.954s] INFO:colcon.colcon_core.plugin_system:Skipping extension 'colcon_core.shell.bat': Not used on non-Windows systems
[1.954s] INFO:colcon.colcon_core.shell:Creating prefix script '/home/dmpasgal/Clothy/install/local_setup.ps1'
[1.955s] INFO:colcon.colcon_core.shell:Creating prefix util module '/home/dmpasgal/Clothy/install/_local_setup_util_ps1.py'
[1.956s] INFO:colcon.colcon_core.shell:Creating prefix chain script '/home/dmpasgal/Clothy/install/setup.ps1'
[1.980s] INFO:colcon.colcon_core.shell:Creating prefix script '/home/dmpasgal/Clothy/install/local_setup.sh'
[1.980s] INFO:colcon.colcon_core.shell:Creating prefix util module '/home/dmpasgal/Clothy/install/_local_setup_util_sh.py'
[1.981s] INFO:colcon.colcon_core.shell:Creating prefix chain script '/home/dmpasgal/Clothy/install/setup.sh'
[2.008s] INFO:colcon.colcon_core.shell:Creating prefix script '/home/dmpasgal/Clothy/install/local_setup.bash'
[2.008s] INFO:colcon.colcon_core.shell:Creating prefix chain script '/home/dmpasgal/Clothy/install/setup.bash'
[2.034s] INFO:colcon.colcon_core.shell:Creating prefix script '/home/dmpasgal/Clothy/install/local_setup.zsh'
[2.035s] INFO:colcon.colcon_core.shell:Creating prefix chain script '/home/dmpasgal/Clothy/install/setup.zsh'
