[0.437s] Invoking command in '/home/dmpasgal/Clothy/build/custom_interface': CMAKE_PREFIX_PATH=${CMAKE_PREFIX_PATH}:/home/dmpasgal/turtlebot3_ws/install/show_msg:/home/dmpasgal/turtlebot3_ws/install/my_first_subscriber:/home/dmpasgal/turtlebot3_ws/install/my_first_publisher:/home/dmpasgal/turtlebot3_ws/install/my_first_node:/home/dmpasgal/turtlebot3_ws/src/install/show_msg:/opt/ros/galactic /usr/bin/cmake /home/dmpasgal/Clothy/ROS/turtlebot3_ws/src/custom_interface -DCMAKE_INSTALL_PREFIX=/home/dmpasgal/Clothy/install/custom_interface
[0.823s] -- The C compiler identification is GNU 9.4.0
[1.016s] -- The CXX compiler identification is GNU 9.4.0
[1.033s] -- Check for working C compiler: /usr/bin/cc
[1.109s] -- Check for working C compiler: /usr/bin/cc -- works
[1.112s] -- Detecting C compiler ABI info
[1.183s] -- Detecting C compiler ABI info - done
[1.192s] -- Detecting C compile features
[1.192s] -- Detecting C compile features - done
[1.208s] -- Check for working CXX compiler: /usr/bin/c++
[1.287s] -- Check for working CXX compiler: /usr/bin/c++ -- works
[1.288s] -- Detecting CXX compiler ABI info
[1.367s] -- Detecting CXX compiler ABI info - done
[1.378s] -- Detecting CXX compile features
[1.378s] -- Detecting CXX compile features - done
[1.398s] -- Found ament_cmake: 1.1.6 (/opt/ros/galactic/share/ament_cmake/cmake)
[1.433s] -- Found PythonInterp: /usr/bin/python3 (found suitable version "3.8.10", minimum required is "3") 
[1.433s] -- Using PYTHON_EXECUTABLE: /usr/bin/python3
[1.573s] -- Found rclcpp: 9.2.2 (/opt/ros/galactic/share/rclcpp/cmake)
[1.637s] -- Using all available rosidl_typesupport_c: rosidl_typesupport_fastrtps_c;rosidl_typesupport_introspection_c
[1.654s] -- Found rosidl_adapter: 2.2.3 (/opt/ros/galactic/share/rosidl_adapter/cmake)
[1.765s] -- Found OpenSSL: /usr/lib/x86_64-linux-gnu/libcrypto.so (found version "1.1.1f")  
[1.788s] -- Found FastRTPS: /opt/ros/galactic/include  
[1.878s] -- Using all available rosidl_typesupport_cpp: rosidl_typesupport_fastrtps_cpp;rosidl_typesupport_introspection_cpp
[1.973s] -- Found rmw_implementation_cmake: 3.3.1 (/opt/ros/galactic/share/rmw_implementation_cmake/cmake)
[2.008s] -- Found rmw_cyclonedds_cpp: 0.22.6 (/opt/ros/galactic/share/rmw_cyclonedds_cpp/cmake)
[2.009s] -- Using RMW implementation 'rmw_cyclonedds_cpp' as default
[2.013s] -- Looking for pthread.h
[2.118s] -- Looking for pthread.h - found
[2.118s] -- Performing Test CMAKE_HAVE_LIBC_PTHREAD
[2.199s] -- Performing Test CMAKE_HAVE_LIBC_PTHREAD - Failed
[2.200s] -- Looking for pthread_create in pthreads
[2.254s] -- Looking for pthread_create in pthreads - not found
[2.254s] -- Looking for pthread_create in pthread
[2.319s] -- Looking for pthread_create in pthread - found
[2.319s] -- Found Threads: TRUE  
[2.482s] -- Found rosidl_default_generators: 1.1.1 (/opt/ros/galactic/share/rosidl_default_generators/cmake)
[2.500s] -- Found ament_lint_auto: 0.10.7 (/opt/ros/galactic/share/ament_lint_auto/cmake)
[2.616s] -- Found PythonInterp: /usr/bin/python3 (found version "3.8.10") 
[2.691s] -- Found ament_cmake_ros: 0.9.2 (/opt/ros/galactic/share/ament_cmake_ros/cmake)
[2.815s] -- Using all available rosidl_typesupport_c: rosidl_typesupport_fastrtps_c;rosidl_typesupport_introspection_c
[2.841s] -- Using all available rosidl_typesupport_cpp: rosidl_typesupport_fastrtps_cpp;rosidl_typesupport_introspection_cpp
[2.845s] -- Found PythonInterp: /usr/bin/python3 (found suitable version "3.8.10", minimum required is "3.5") 
[2.850s] -- Found python_cmake_module: 0.8.1 (/opt/ros/galactic/share/python_cmake_module/cmake)
[2.873s] -- Found PythonLibs: /usr/lib/x86_64-linux-gnu/libpython3.8.so (found suitable version "3.8.10", minimum required is "3.5") 
[2.874s] -- Using PYTHON_EXECUTABLE: /usr/bin/python3
[2.874s] -- Using PYTHON_INCLUDE_DIRS: /usr/include/python3.8
[2.874s] -- Using PYTHON_LIBRARIES: /usr/lib/x86_64-linux-gnu/libpython3.8.so
[2.893s] -- Found PythonExtra: .so  
[2.946s] -- Added test 'copyright' to check source files copyright and LICENSE
[2.950s] -- Added test 'lint_cmake' to check CMake code style
[2.952s] -- Added test 'xmllint' to check XML markup files
[2.966s] -- Configuring done
[3.007s] -- Generating done
[3.007s] -- Build files have been written to: /home/dmpasgal/Clothy/build/custom_interface
[3.016s] Invoked command in '/home/dmpasgal/Clothy/build/custom_interface' returned '0': CMAKE_PREFIX_PATH=${CMAKE_PREFIX_PATH}:/home/dmpasgal/turtlebot3_ws/install/show_msg:/home/dmpasgal/turtlebot3_ws/install/my_first_subscriber:/home/dmpasgal/turtlebot3_ws/install/my_first_publisher:/home/dmpasgal/turtlebot3_ws/install/my_first_node:/home/dmpasgal/turtlebot3_ws/src/install/show_msg:/opt/ros/galactic /usr/bin/cmake /home/dmpasgal/Clothy/ROS/turtlebot3_ws/src/custom_interface -DCMAKE_INSTALL_PREFIX=/home/dmpasgal/Clothy/install/custom_interface
[3.017s] Invoking command in '/home/dmpasgal/Clothy/build/custom_interface': CMAKE_PREFIX_PATH=${CMAKE_PREFIX_PATH}:/home/dmpasgal/turtlebot3_ws/install/show_msg:/home/dmpasgal/turtlebot3_ws/install/my_first_subscriber:/home/dmpasgal/turtlebot3_ws/install/my_first_publisher:/home/dmpasgal/turtlebot3_ws/install/my_first_node:/home/dmpasgal/turtlebot3_ws/src/install/show_msg:/opt/ros/galactic /usr/bin/cmake --build /home/dmpasgal/Clothy/build/custom_interface -- -j4 -l4
[3.057s] [35m[1mScanning dependencies of target custom_interface__cpp[0m
[3.060s] [  2%] [34m[1mGenerating C code for ROS interfaces[0m
[3.075s] [  5%] [34m[1mGenerating C++ code for ROS interfaces[0m
[3.312s] [  5%] Built target custom_interface__cpp
[3.320s] [  7%] [34m[1mGenerating C++ introspection for ROS interfaces[0m
[3.327s] [ 10%] [34m[1mGenerating C++ type support for eProsima Fast-RTPS[0m
[3.330s] [ 12%] [34m[1mGenerating C++ type support dispatch for ROS interfaces[0m
[3.537s] [35m[1mScanning dependencies of target custom_interface__rosidl_typesupport_cpp[0m
[3.568s] [ 15%] [32mBuilding CXX object CMakeFiles/custom_interface__rosidl_typesupport_cpp.dir/rosidl_typesupport_cpp/custom_interface/msg/distvel__type_support.cpp.o[0m
[3.579s] [35m[1mScanning dependencies of target custom_interface__rosidl_generator_c[0m
[3.613s] [35m[1mScanning dependencies of target custom_interface__rosidl_typesupport_introspection_cpp[0m
[3.613s] [ 17%] [32mBuilding C object CMakeFiles/custom_interface__rosidl_generator_c.dir/rosidl_generator_c/custom_interface/msg/detail/distvel__functions.c.o[0m
[3.642s] [ 20%] [32mBuilding CXX object CMakeFiles/custom_interface__rosidl_typesupport_introspection_cpp.dir/rosidl_typesupport_introspection_cpp/custom_interface/msg/detail/distvel__type_support.cpp.o[0m
[3.666s] [ 23%] [32mBuilding C object CMakeFiles/custom_interface__rosidl_generator_c.dir/rosidl_generator_c/custom_interface/srv/detail/my_move_msg__functions.c.o[0m
[3.710s] [ 25%] [32m[1mLinking C shared library libcustom_interface__rosidl_generator_c.so[0m
[3.754s] [35m[1mScanning dependencies of target custom_interface__rosidl_typesupport_fastrtps_cpp[0m
[3.757s] [ 25%] Built target custom_interface__rosidl_generator_c
[3.776s] [ 28%] [32mBuilding CXX object CMakeFiles/custom_interface__rosidl_typesupport_cpp.dir/rosidl_typesupport_cpp/custom_interface/srv/my_move_msg__type_support.cpp.o[0m
[3.783s] [ 30%] [32mBuilding CXX object CMakeFiles/custom_interface__rosidl_typesupport_fastrtps_cpp.dir/rosidl_typesupport_fastrtps_cpp/custom_interface/msg/detail/dds_fastrtps/distvel__type_support.cpp.o[0m
[3.841s] [ 33%] [32mBuilding CXX object CMakeFiles/custom_interface__rosidl_typesupport_introspection_cpp.dir/rosidl_typesupport_introspection_cpp/custom_interface/srv/detail/my_move_msg__type_support.cpp.o[0m
[3.944s] [ 35%] [34m[1mGenerating C introspection for ROS interfaces[0m
[4.034s] [ 38%] [32mBuilding CXX object CMakeFiles/custom_interface__rosidl_typesupport_fastrtps_cpp.dir/rosidl_typesupport_fastrtps_cpp/custom_interface/srv/detail/dds_fastrtps/my_move_msg__type_support.cpp.o[0m
[4.210s] [ 41%] [32m[1mLinking CXX shared library libcustom_interface__rosidl_typesupport_introspection_cpp.so[0m
[4.260s] [ 43%] [32m[1mLinking CXX shared library libcustom_interface__rosidl_typesupport_cpp.so[0m
[4.313s] [ 46%] [32m[1mLinking CXX shared library libcustom_interface__rosidl_typesupport_fastrtps_cpp.so[0m
[4.314s] [ 46%] Built target custom_interface__rosidl_typesupport_introspection_cpp
[4.331s] [35m[1mScanning dependencies of target custom_interface__rosidl_typesupport_introspection_c[0m
[4.335s] [ 48%] [34m[1mGenerating C type support dispatch for ROS interfaces[0m
[4.366s] [ 48%] Built target custom_interface__rosidl_typesupport_cpp
[4.375s] [ 51%] [32mBuilding C object CMakeFiles/custom_interface__rosidl_typesupport_introspection_c.dir/rosidl_typesupport_introspection_c/custom_interface/msg/detail/distvel__type_support.c.o[0m
[4.401s] [ 53%] [32mBuilding C object CMakeFiles/custom_interface__rosidl_typesupport_introspection_c.dir/rosidl_typesupport_introspection_c/custom_interface/srv/detail/my_move_msg__type_support.c.o[0m
[4.411s] [ 53%] Built target custom_interface__rosidl_typesupport_fastrtps_cpp
[4.423s] [ 56%] [34m[1mGenerating C type support for eProsima Fast-RTPS[0m
[4.448s] [ 58%] [32m[1mLinking C shared library libcustom_interface__rosidl_typesupport_introspection_c.so[0m
[4.550s] [ 58%] Built target custom_interface__rosidl_typesupport_introspection_c
[4.634s] [35m[1mScanning dependencies of target custom_interface__rosidl_typesupport_c[0m
[4.659s] [ 61%] [32mBuilding CXX object CMakeFiles/custom_interface__rosidl_typesupport_c.dir/rosidl_typesupport_c/custom_interface/msg/distvel__type_support.cpp.o[0m
[4.660s] [ 64%] [32mBuilding CXX object CMakeFiles/custom_interface__rosidl_typesupport_c.dir/rosidl_typesupport_c/custom_interface/srv/my_move_msg__type_support.cpp.o[0m
[4.690s] [35m[1mScanning dependencies of target custom_interface__rosidl_typesupport_fastrtps_c[0m
[4.726s] [ 66%] [32mBuilding CXX object CMakeFiles/custom_interface__rosidl_typesupport_fastrtps_c.dir/rosidl_typesupport_fastrtps_c/custom_interface/srv/detail/my_move_msg__type_support_c.cpp.o[0m
[4.839s] [ 69%] [32m[1mLinking CXX shared library libcustom_interface__rosidl_typesupport_c.so[0m
[4.882s] [ 71%] [32mBuilding CXX object CMakeFiles/custom_interface__rosidl_typesupport_fastrtps_c.dir/rosidl_typesupport_fastrtps_c/custom_interface/msg/detail/distvel__type_support_c.cpp.o[0m
[4.991s] [ 71%] Built target custom_interface__rosidl_typesupport_c
[5.392s] [ 74%] [32m[1mLinking CXX shared library libcustom_interface__rosidl_typesupport_fastrtps_c.so[0m
[5.851s] [ 74%] Built target custom_interface__rosidl_typesupport_fastrtps_c
[5.874s] [35m[1mScanning dependencies of target custom_interface[0m
[6.862s] [ 74%] Built target custom_interface
[6.961s] [35m[1mScanning dependencies of target custom_interface__py[0m
[6.971s] [ 76%] [34m[1mGenerating Python code for ROS interfaces[0m
[17.999s] [ 76%] Built target custom_interface__py
[18.908s] [35m[1mScanning dependencies of target custom_interface__python[0m
[19.026s] [ 82%] [32mBuilding C object CMakeFiles/custom_interface__python.dir/rosidl_generator_py/custom_interface/msg/_distvel_s.c.o[0m
[19.027s] [ 82%] [32mBuilding C object CMakeFiles/custom_interface__python.dir/rosidl_generator_py/custom_interface/srv/_my_move_msg_s.c.o[0m
[35.805s] [ 84%] [32m[1mLinking C shared library rosidl_generator_py/custom_interface/libcustom_interface__python.so[0m
[36.018s] [ 84%] Built target custom_interface__python
[36.086s] [35m[1mScanning dependencies of target custom_interface__rosidl_typesupport_c__pyext[0m
[36.183s] [ 87%] [32mBuilding C object CMakeFiles/custom_interface__rosidl_typesupport_c__pyext.dir/rosidl_generator_py/custom_interface/_custom_interface_s.ep.rosidl_typesupport_c.c.o[0m
[36.459s] [ 89%] [32m[1mLinking C shared library rosidl_generator_py/custom_interface/custom_interface_s__rosidl_typesupport_c.cpython-38-x86_64-linux-gnu.so[0m
[36.534s] [ 89%] Built target custom_interface__rosidl_typesupport_c__pyext
[36.567s] [35m[1mScanning dependencies of target custom_interface__rosidl_typesupport_fastrtps_c__pyext[0m
[36.614s] [ 92%] [32mBuilding C object CMakeFiles/custom_interface__rosidl_typesupport_fastrtps_c__pyext.dir/rosidl_generator_py/custom_interface/_custom_interface_s.ep.rosidl_typesupport_fastrtps_c.c.o[0m
[36.755s] [ 94%] [32m[1mLinking CXX shared library rosidl_generator_py/custom_interface/custom_interface_s__rosidl_typesupport_fastrtps_c.cpython-38-x86_64-linux-gnu.so[0m
[37.057s] [ 94%] Built target custom_interface__rosidl_typesupport_fastrtps_c__pyext
[37.167s] [35m[1mScanning dependencies of target custom_interface__rosidl_typesupport_introspection_c__pyext[0m
[37.191s] [ 97%] [32mBuilding C object CMakeFiles/custom_interface__rosidl_typesupport_introspection_c__pyext.dir/rosidl_generator_py/custom_interface/_custom_interface_s.ep.rosidl_typesupport_introspection_c.c.o[0m
[37.261s] [100%] [32m[1mLinking C shared library rosidl_generator_py/custom_interface/custom_interface_s__rosidl_typesupport_introspection_c.cpython-38-x86_64-linux-gnu.so[0m
[37.311s] [100%] Built target custom_interface__rosidl_typesupport_introspection_c__pyext
[37.461s] Invoked command in '/home/dmpasgal/Clothy/build/custom_interface' returned '0': CMAKE_PREFIX_PATH=${CMAKE_PREFIX_PATH}:/home/dmpasgal/turtlebot3_ws/install/show_msg:/home/dmpasgal/turtlebot3_ws/install/my_first_subscriber:/home/dmpasgal/turtlebot3_ws/install/my_first_publisher:/home/dmpasgal/turtlebot3_ws/install/my_first_node:/home/dmpasgal/turtlebot3_ws/src/install/show_msg:/opt/ros/galactic /usr/bin/cmake --build /home/dmpasgal/Clothy/build/custom_interface -- -j4 -l4
[37.896s] Invoking command in '/home/dmpasgal/Clothy/build/custom_interface': CMAKE_PREFIX_PATH=${CMAKE_PREFIX_PATH}:/home/dmpasgal/turtlebot3_ws/install/show_msg:/home/dmpasgal/turtlebot3_ws/install/my_first_subscriber:/home/dmpasgal/turtlebot3_ws/install/my_first_publisher:/home/dmpasgal/turtlebot3_ws/install/my_first_node:/home/dmpasgal/turtlebot3_ws/src/install/show_msg:/opt/ros/galactic /usr/bin/cmake --install /home/dmpasgal/Clothy/build/custom_interface
[37.968s] -- Install configuration: ""
[37.974s] -- Installing: /home/dmpasgal/Clothy/install/custom_interface/share/ament_index/resource_index/rosidl_interfaces/custom_interface
[37.974s] -- Installing: /home/dmpasgal/Clothy/install/custom_interface/include/custom_interface
[37.975s] -- Installing: /home/dmpasgal/Clothy/install/custom_interface/include/custom_interface/msg
[37.975s] -- Installing: /home/dmpasgal/Clothy/install/custom_interface/include/custom_interface/msg/distvel.h
[37.976s] -- Installing: /home/dmpasgal/Clothy/install/custom_interface/include/custom_interface/msg/detail
[37.976s] -- Installing: /home/dmpasgal/Clothy/install/custom_interface/include/custom_interface/msg/detail/distvel__functions.h
[37.976s] -- Installing: /home/dmpasgal/Clothy/install/custom_interface/include/custom_interface/msg/detail/distvel__type_support.h
[37.976s] -- Installing: /home/dmpasgal/Clothy/install/custom_interface/include/custom_interface/msg/detail/distvel__struct.h
[37.976s] -- Installing: /home/dmpasgal/Clothy/install/custom_interface/include/custom_interface/msg/detail/distvel__functions.c
[37.977s] -- Installing: /home/dmpasgal/Clothy/install/custom_interface/include/custom_interface/msg/rosidl_generator_c__visibility_control.h
[37.977s] -- Installing: /home/dmpasgal/Clothy/install/custom_interface/include/custom_interface/srv
[37.977s] -- Installing: /home/dmpasgal/Clothy/install/custom_interface/include/custom_interface/srv/my_move_msg.h
[37.978s] -- Installing: /home/dmpasgal/Clothy/install/custom_interface/include/custom_interface/srv/detail
[37.978s] -- Installing: /home/dmpasgal/Clothy/install/custom_interface/include/custom_interface/srv/detail/my_move_msg__struct.h
[37.978s] -- Installing: /home/dmpasgal/Clothy/install/custom_interface/include/custom_interface/srv/detail/my_move_msg__functions.c
[37.979s] -- Installing: /home/dmpasgal/Clothy/install/custom_interface/include/custom_interface/srv/detail/my_move_msg__type_support.h
[37.979s] -- Installing: /home/dmpasgal/Clothy/install/custom_interface/include/custom_interface/srv/detail/my_move_msg__functions.h
[37.983s] -- Installing: /home/dmpasgal/Clothy/install/custom_interface/share/custom_interface/environment/library_path.sh
[37.984s] -- Installing: /home/dmpasgal/Clothy/install/custom_interface/share/custom_interface/environment/library_path.dsv
[37.984s] -- Installing: /home/dmpasgal/Clothy/install/custom_interface/lib/libcustom_interface__rosidl_generator_c.so
[37.985s] -- Set runtime path of "/home/dmpasgal/Clothy/install/custom_interface/lib/libcustom_interface__rosidl_generator_c.so" to ""
[37.985s] -- Up-to-date: /home/dmpasgal/Clothy/install/custom_interface/include/custom_interface
[37.985s] -- Up-to-date: /home/dmpasgal/Clothy/install/custom_interface/include/custom_interface/msg
[37.986s] -- Up-to-date: /home/dmpasgal/Clothy/install/custom_interface/include/custom_interface/msg/detail
[37.987s] -- Installing: /home/dmpasgal/Clothy/install/custom_interface/include/custom_interface/msg/detail/distvel__rosidl_typesupport_fastrtps_c.h
[37.988s] -- Installing: /home/dmpasgal/Clothy/install/custom_interface/include/custom_interface/msg/rosidl_typesupport_fastrtps_c__visibility_control.h
[37.989s] -- Up-to-date: /home/dmpasgal/Clothy/install/custom_interface/include/custom_interface/srv
[37.989s] -- Up-to-date: /home/dmpasgal/Clothy/install/custom_interface/include/custom_interface/srv/detail
[37.990s] -- Installing: /home/dmpasgal/Clothy/install/custom_interface/include/custom_interface/srv/detail/my_move_msg__rosidl_typesupport_fastrtps_c.h
[37.991s] -- Installing: /home/dmpasgal/Clothy/install/custom_interface/lib/libcustom_interface__rosidl_typesupport_fastrtps_c.so
[37.991s] -- Set runtime path of "/home/dmpasgal/Clothy/install/custom_interface/lib/libcustom_interface__rosidl_typesupport_fastrtps_c.so" to ""
[37.991s] -- Up-to-date: /home/dmpasgal/Clothy/install/custom_interface/include/custom_interface
[37.992s] -- Up-to-date: /home/dmpasgal/Clothy/install/custom_interface/include/custom_interface/msg
[37.992s] -- Installing: /home/dmpasgal/Clothy/install/custom_interface/include/custom_interface/msg/rosidl_typesupport_fastrtps_cpp__visibility_control.h
[37.993s] -- Up-to-date: /home/dmpasgal/Clothy/install/custom_interface/include/custom_interface/msg/detail
[37.993s] -- Installing: /home/dmpasgal/Clothy/install/custom_interface/include/custom_interface/msg/detail/dds_fastrtps
[37.994s] -- Installing: /home/dmpasgal/Clothy/install/custom_interface/include/custom_interface/msg/detail/distvel__rosidl_typesupport_fastrtps_cpp.hpp
[37.995s] -- Up-to-date: /home/dmpasgal/Clothy/install/custom_interface/include/custom_interface/srv
[37.996s] -- Up-to-date: /home/dmpasgal/Clothy/install/custom_interface/include/custom_interface/srv/detail
[37.997s] -- Installing: /home/dmpasgal/Clothy/install/custom_interface/include/custom_interface/srv/detail/my_move_msg__rosidl_typesupport_fastrtps_cpp.hpp
[37.997s] -- Installing: /home/dmpasgal/Clothy/install/custom_interface/include/custom_interface/srv/detail/dds_fastrtps
[37.998s] -- Installing: /home/dmpasgal/Clothy/install/custom_interface/lib/libcustom_interface__rosidl_typesupport_fastrtps_cpp.so
[37.998s] -- Set runtime path of "/home/dmpasgal/Clothy/install/custom_interface/lib/libcustom_interface__rosidl_typesupport_fastrtps_cpp.so" to ""
[37.998s] -- Up-to-date: /home/dmpasgal/Clothy/install/custom_interface/include/custom_interface
[37.999s] -- Up-to-date: /home/dmpasgal/Clothy/install/custom_interface/include/custom_interface/msg
[38.000s] -- Installing: /home/dmpasgal/Clothy/install/custom_interface/include/custom_interface/msg/rosidl_typesupport_introspection_c__visibility_control.h
[38.001s] -- Up-to-date: /home/dmpasgal/Clothy/install/custom_interface/include/custom_interface/msg/detail
[38.001s] -- Installing: /home/dmpasgal/Clothy/install/custom_interface/include/custom_interface/msg/detail/distvel__type_support.c
[38.002s] -- Installing: /home/dmpasgal/Clothy/install/custom_interface/include/custom_interface/msg/detail/distvel__rosidl_typesupport_introspection_c.h
[38.003s] -- Up-to-date: /home/dmpasgal/Clothy/install/custom_interface/include/custom_interface/srv
[38.004s] -- Up-to-date: /home/dmpasgal/Clothy/install/custom_interface/include/custom_interface/srv/detail
[38.004s] -- Installing: /home/dmpasgal/Clothy/install/custom_interface/include/custom_interface/srv/detail/my_move_msg__type_support.c
[38.005s] -- Installing: /home/dmpasgal/Clothy/install/custom_interface/include/custom_interface/srv/detail/my_move_msg__rosidl_typesupport_introspection_c.h
[38.006s] -- Installing: /home/dmpasgal/Clothy/install/custom_interface/lib/libcustom_interface__rosidl_typesupport_introspection_c.so
[38.006s] -- Set runtime path of "/home/dmpasgal/Clothy/install/custom_interface/lib/libcustom_interface__rosidl_typesupport_introspection_c.so" to ""
[38.006s] -- Installing: /home/dmpasgal/Clothy/install/custom_interface/lib/libcustom_interface__rosidl_typesupport_c.so
[38.007s] -- Set runtime path of "/home/dmpasgal/Clothy/install/custom_interface/lib/libcustom_interface__rosidl_typesupport_c.so" to ""
[38.007s] -- Up-to-date: /home/dmpasgal/Clothy/install/custom_interface/include/custom_interface
[38.007s] -- Up-to-date: /home/dmpasgal/Clothy/install/custom_interface/include/custom_interface/msg
[38.008s] -- Up-to-date: /home/dmpasgal/Clothy/install/custom_interface/include/custom_interface/msg/detail
[38.009s] -- Installing: /home/dmpasgal/Clothy/install/custom_interface/include/custom_interface/msg/detail/distvel__traits.hpp
[38.010s] -- Installing: /home/dmpasgal/Clothy/install/custom_interface/include/custom_interface/msg/detail/distvel__struct.hpp
[38.011s] -- Installing: /home/dmpasgal/Clothy/install/custom_interface/include/custom_interface/msg/detail/distvel__builder.hpp
[38.012s] -- Installing: /home/dmpasgal/Clothy/install/custom_interface/include/custom_interface/msg/distvel.hpp
[38.013s] -- Up-to-date: /home/dmpasgal/Clothy/install/custom_interface/include/custom_interface/srv
[38.013s] -- Installing: /home/dmpasgal/Clothy/install/custom_interface/include/custom_interface/srv/my_move_msg.hpp
[38.015s] -- Up-to-date: /home/dmpasgal/Clothy/install/custom_interface/include/custom_interface/srv/detail
[38.016s] -- Installing: /home/dmpasgal/Clothy/install/custom_interface/include/custom_interface/srv/detail/my_move_msg__struct.hpp
[38.017s] -- Installing: /home/dmpasgal/Clothy/install/custom_interface/include/custom_interface/srv/detail/my_move_msg__builder.hpp
[38.017s] -- Installing: /home/dmpasgal/Clothy/install/custom_interface/include/custom_interface/srv/detail/my_move_msg__traits.hpp
[38.019s] -- Up-to-date: /home/dmpasgal/Clothy/install/custom_interface/include/custom_interface
[38.019s] -- Up-to-date: /home/dmpasgal/Clothy/install/custom_interface/include/custom_interface/msg
[38.020s] -- Up-to-date: /home/dmpasgal/Clothy/install/custom_interface/include/custom_interface/msg/detail
[38.020s] -- Installing: /home/dmpasgal/Clothy/install/custom_interface/include/custom_interface/msg/detail/distvel__type_support.cpp
[38.021s] -- Installing: /home/dmpasgal/Clothy/install/custom_interface/include/custom_interface/msg/detail/distvel__rosidl_typesupport_introspection_cpp.hpp
[38.022s] -- Up-to-date: /home/dmpasgal/Clothy/install/custom_interface/include/custom_interface/srv
[38.023s] -- Up-to-date: /home/dmpasgal/Clothy/install/custom_interface/include/custom_interface/srv/detail
[38.024s] -- Installing: /home/dmpasgal/Clothy/install/custom_interface/include/custom_interface/srv/detail/my_move_msg__rosidl_typesupport_introspection_cpp.hpp
[38.024s] -- Installing: /home/dmpasgal/Clothy/install/custom_interface/include/custom_interface/srv/detail/my_move_msg__type_support.cpp
[38.025s] -- Installing: /home/dmpasgal/Clothy/install/custom_interface/lib/libcustom_interface__rosidl_typesupport_introspection_cpp.so
[38.027s] -- Set runtime path of "/home/dmpasgal/Clothy/install/custom_interface/lib/libcustom_interface__rosidl_typesupport_introspection_cpp.so" to ""
[38.027s] -- Installing: /home/dmpasgal/Clothy/install/custom_interface/lib/libcustom_interface__rosidl_typesupport_cpp.so
[38.029s] -- Set runtime path of "/home/dmpasgal/Clothy/install/custom_interface/lib/libcustom_interface__rosidl_typesupport_cpp.so" to ""
[38.029s] -- Installing: /home/dmpasgal/Clothy/install/custom_interface/share/custom_interface/environment/pythonpath.sh
[38.031s] -- Installing: /home/dmpasgal/Clothy/install/custom_interface/share/custom_interface/environment/pythonpath.dsv
[38.032s] -- Installing: /home/dmpasgal/Clothy/install/custom_interface/lib/python3.8/site-packages/custom_interface/__init__.py
[38.205s] Compiling '/home/dmpasgal/Clothy/install/custom_interface/lib/python3.8/site-packages/custom_interface/__init__.py'...
[38.213s] -- Installing: /home/dmpasgal/Clothy/install/custom_interface/lib/python3.8/site-packages/custom_interface/msg
[38.213s] -- Installing: /home/dmpasgal/Clothy/install/custom_interface/lib/python3.8/site-packages/custom_interface/msg/_distvel_s.c
[38.214s] -- Installing: /home/dmpasgal/Clothy/install/custom_interface/lib/python3.8/site-packages/custom_interface/msg/_distvel.py
[38.214s] -- Installing: /home/dmpasgal/Clothy/install/custom_interface/lib/python3.8/site-packages/custom_interface/msg/__init__.py
[38.216s] -- Installing: /home/dmpasgal/Clothy/install/custom_interface/lib/python3.8/site-packages/custom_interface/srv
[38.216s] -- Installing: /home/dmpasgal/Clothy/install/custom_interface/lib/python3.8/site-packages/custom_interface/srv/_my_move_msg_s.c
[38.216s] -- Installing: /home/dmpasgal/Clothy/install/custom_interface/lib/python3.8/site-packages/custom_interface/srv/__init__.py
[38.217s] -- Installing: /home/dmpasgal/Clothy/install/custom_interface/lib/python3.8/site-packages/custom_interface/srv/_my_move_msg.py
[38.217s] -- Installing: /home/dmpasgal/Clothy/install/custom_interface/lib/python3.8/site-packages/custom_interface/custom_interface_s__rosidl_typesupport_fastrtps_c.cpython-38-x86_64-linux-gnu.so
[38.220s] -- Set runtime path of "/home/dmpasgal/Clothy/install/custom_interface/lib/python3.8/site-packages/custom_interface/custom_interface_s__rosidl_typesupport_fastrtps_c.cpython-38-x86_64-linux-gnu.so" to ""
[38.220s] -- Installing: /home/dmpasgal/Clothy/install/custom_interface/lib/python3.8/site-packages/custom_interface/custom_interface_s__rosidl_typesupport_introspection_c.cpython-38-x86_64-linux-gnu.so
[38.220s] -- Set runtime path of "/home/dmpasgal/Clothy/install/custom_interface/lib/python3.8/site-packages/custom_interface/custom_interface_s__rosidl_typesupport_introspection_c.cpython-38-x86_64-linux-gnu.so" to ""
[38.220s] -- Installing: /home/dmpasgal/Clothy/install/custom_interface/lib/python3.8/site-packages/custom_interface/custom_interface_s__rosidl_typesupport_c.cpython-38-x86_64-linux-gnu.so
[38.220s] -- Set runtime path of "/home/dmpasgal/Clothy/install/custom_interface/lib/python3.8/site-packages/custom_interface/custom_interface_s__rosidl_typesupport_c.cpython-38-x86_64-linux-gnu.so" to ""
[38.220s] -- Installing: /home/dmpasgal/Clothy/install/custom_interface/lib/libcustom_interface__python.so
[38.220s] -- Set runtime path of "/home/dmpasgal/Clothy/install/custom_interface/lib/libcustom_interface__python.so" to ""
[38.224s] -- Installing: /home/dmpasgal/Clothy/install/custom_interface/share/custom_interface/msg/Distvel.idl
[38.226s] -- Installing: /home/dmpasgal/Clothy/install/custom_interface/share/custom_interface/srv/MyMoveMsg.idl
[38.231s] -- Installing: /home/dmpasgal/Clothy/install/custom_interface/share/custom_interface/msg/Distvel.msg
[38.232s] -- Installing: /home/dmpasgal/Clothy/install/custom_interface/share/custom_interface/srv/MyMoveMsg.srv
[38.234s] -- Installing: /home/dmpasgal/Clothy/install/custom_interface/share/custom_interface/srv/MyMoveMsg_Request.msg
[38.235s] -- Installing: /home/dmpasgal/Clothy/install/custom_interface/share/custom_interface/srv/MyMoveMsg_Response.msg
[38.236s] -- Installing: /home/dmpasgal/Clothy/install/custom_interface/share/ament_index/resource_index/package_run_dependencies/custom_interface
[38.238s] -- Installing: /home/dmpasgal/Clothy/install/custom_interface/share/ament_index/resource_index/parent_prefix_path/custom_interface
[38.245s] -- Installing: /home/dmpasgal/Clothy/install/custom_interface/share/custom_interface/environment/ament_prefix_path.sh
[38.246s] -- Installing: /home/dmpasgal/Clothy/install/custom_interface/share/custom_interface/environment/ament_prefix_path.dsv
[38.246s] -- Installing: /home/dmpasgal/Clothy/install/custom_interface/share/custom_interface/environment/path.sh
[38.247s] -- Installing: /home/dmpasgal/Clothy/install/custom_interface/share/custom_interface/environment/path.dsv
[38.248s] -- Installing: /home/dmpasgal/Clothy/install/custom_interface/share/custom_interface/local_setup.bash
[38.248s] -- Installing: /home/dmpasgal/Clothy/install/custom_interface/share/custom_interface/local_setup.sh
[38.249s] -- Installing: /home/dmpasgal/Clothy/install/custom_interface/share/custom_interface/local_setup.zsh
[38.249s] -- Installing: /home/dmpasgal/Clothy/install/custom_interface/share/custom_interface/local_setup.dsv
[38.250s] -- Installing: /home/dmpasgal/Clothy/install/custom_interface/share/custom_interface/package.dsv
[38.251s] -- Installing: /home/dmpasgal/Clothy/install/custom_interface/share/ament_index/resource_index/packages/custom_interface
[38.253s] -- Installing: /home/dmpasgal/Clothy/install/custom_interface/share/custom_interface/cmake/custom_interface__rosidl_generator_cExport.cmake
[38.253s] -- Installing: /home/dmpasgal/Clothy/install/custom_interface/share/custom_interface/cmake/custom_interface__rosidl_generator_cExport-noconfig.cmake
[38.254s] -- Installing: /home/dmpasgal/Clothy/install/custom_interface/share/custom_interface/cmake/custom_interface__rosidl_typesupport_introspection_cExport.cmake
[38.255s] -- Installing: /home/dmpasgal/Clothy/install/custom_interface/share/custom_interface/cmake/custom_interface__rosidl_typesupport_introspection_cExport-noconfig.cmake
[38.255s] -- Installing: /home/dmpasgal/Clothy/install/custom_interface/share/custom_interface/cmake/custom_interface__rosidl_typesupport_cExport.cmake
[38.256s] -- Installing: /home/dmpasgal/Clothy/install/custom_interface/share/custom_interface/cmake/custom_interface__rosidl_typesupport_cExport-noconfig.cmake
[38.256s] -- Installing: /home/dmpasgal/Clothy/install/custom_interface/share/custom_interface/cmake/custom_interface__rosidl_generator_cppExport.cmake
[38.258s] -- Installing: /home/dmpasgal/Clothy/install/custom_interface/share/custom_interface/cmake/custom_interface__rosidl_typesupport_introspection_cppExport.cmake
[38.258s] -- Installing: /home/dmpasgal/Clothy/install/custom_interface/share/custom_interface/cmake/custom_interface__rosidl_typesupport_introspection_cppExport-noconfig.cmake
[38.259s] -- Installing: /home/dmpasgal/Clothy/install/custom_interface/share/custom_interface/cmake/custom_interface__rosidl_typesupport_cppExport.cmake
[38.259s] -- Installing: /home/dmpasgal/Clothy/install/custom_interface/share/custom_interface/cmake/custom_interface__rosidl_typesupport_cppExport-noconfig.cmake
[38.260s] -- Installing: /home/dmpasgal/Clothy/install/custom_interface/share/custom_interface/cmake/rosidl_cmake-extras.cmake
[38.261s] -- Installing: /home/dmpasgal/Clothy/install/custom_interface/share/custom_interface/cmake/ament_cmake_export_dependencies-extras.cmake
[38.263s] -- Installing: /home/dmpasgal/Clothy/install/custom_interface/share/custom_interface/cmake/ament_cmake_export_libraries-extras.cmake
[38.265s] -- Installing: /home/dmpasgal/Clothy/install/custom_interface/share/custom_interface/cmake/ament_cmake_export_targets-extras.cmake
[38.267s] -- Installing: /home/dmpasgal/Clothy/install/custom_interface/share/custom_interface/cmake/ament_cmake_export_include_directories-extras.cmake
[38.268s] -- Installing: /home/dmpasgal/Clothy/install/custom_interface/share/custom_interface/cmake/rosidl_cmake_export_typesupport_libraries-extras.cmake
[38.270s] -- Installing: /home/dmpasgal/Clothy/install/custom_interface/share/custom_interface/cmake/rosidl_cmake_export_typesupport_targets-extras.cmake
[38.275s] -- Installing: /home/dmpasgal/Clothy/install/custom_interface/share/custom_interface/cmake/custom_interfaceConfig.cmake
[38.277s] -- Installing: /home/dmpasgal/Clothy/install/custom_interface/share/custom_interface/cmake/custom_interfaceConfig-version.cmake
[38.278s] -- Installing: /home/dmpasgal/Clothy/install/custom_interface/share/custom_interface/package.xml
[38.308s] Invoked command in '/home/dmpasgal/Clothy/build/custom_interface' returned '0': CMAKE_PREFIX_PATH=${CMAKE_PREFIX_PATH}:/home/dmpasgal/turtlebot3_ws/install/show_msg:/home/dmpasgal/turtlebot3_ws/install/my_first_subscriber:/home/dmpasgal/turtlebot3_ws/install/my_first_publisher:/home/dmpasgal/turtlebot3_ws/install/my_first_node:/home/dmpasgal/turtlebot3_ws/src/install/show_msg:/opt/ros/galactic /usr/bin/cmake --install /home/dmpasgal/Clothy/build/custom_interface
