[1.201s] Invoking command in '/home/dmpasgal/Clothy/ROS/turtlebot3_ws/src/my_slam': PYTHONPATH=/home/dmpasgal/Clothy/ROS/turtlebot3_ws/src/build/my_slam/prefix_override:/home/dmpasgal/Clothy/ROS/turtlebot3_ws/src/install/my_slam/lib/python3.8/site-packages:${PYTHONPATH} /usr/bin/python3 setup.py egg_info --egg-base ../build/my_slam build --build-base /home/dmpasgal/Clothy/ROS/turtlebot3_ws/src/build/my_slam/build install --record /home/dmpasgal/Clothy/ROS/turtlebot3_ws/src/build/my_slam/install.log --single-version-externally-managed
[1.447s] running egg_info
[1.447s] creating ../build/my_slam/my_slam.egg-info
[1.447s] writing ../build/my_slam/my_slam.egg-info/PKG-INFO
[1.447s] writing dependency_links to ../build/my_slam/my_slam.egg-info/dependency_links.txt
[1.447s] writing entry points to ../build/my_slam/my_slam.egg-info/entry_points.txt
[1.447s] writing requirements to ../build/my_slam/my_slam.egg-info/requires.txt
[1.447s] writing top-level names to ../build/my_slam/my_slam.egg-info/top_level.txt
[1.454s] writing manifest file '../build/my_slam/my_slam.egg-info/SOURCES.txt'
[1.479s] reading manifest file '../build/my_slam/my_slam.egg-info/SOURCES.txt'
[1.479s] writing manifest file '../build/my_slam/my_slam.egg-info/SOURCES.txt'
[1.480s] running build
[1.480s] running build_py
[1.480s] creating /home/dmpasgal/Clothy/ROS/turtlebot3_ws/src/build/my_slam/build
[1.480s] creating /home/dmpasgal/Clothy/ROS/turtlebot3_ws/src/build/my_slam/build/lib
[1.480s] creating /home/dmpasgal/Clothy/ROS/turtlebot3_ws/src/build/my_slam/build/lib/my_slam
[1.480s] copying my_slam/__init__.py -> /home/dmpasgal/Clothy/ROS/turtlebot3_ws/src/build/my_slam/build/lib/my_slam
[1.481s] running install
[1.481s] running install_lib
[1.482s] creating /home/dmpasgal/Clothy/ROS/turtlebot3_ws/src/install/my_slam/lib/python3.8/site-packages/my_slam
[1.482s] copying /home/dmpasgal/Clothy/ROS/turtlebot3_ws/src/build/my_slam/build/lib/my_slam/__init__.py -> /home/dmpasgal/Clothy/ROS/turtlebot3_ws/src/install/my_slam/lib/python3.8/site-packages/my_slam
[1.485s] byte-compiling /home/dmpasgal/Clothy/ROS/turtlebot3_ws/src/install/my_slam/lib/python3.8/site-packages/my_slam/__init__.py to __init__.cpython-38.pyc
[1.485s] running install_data
[1.487s] creating /home/dmpasgal/Clothy/ROS/turtlebot3_ws/src/install/my_slam/share/ament_index
[1.487s] creating /home/dmpasgal/Clothy/ROS/turtlebot3_ws/src/install/my_slam/share/ament_index/resource_index
[1.487s] creating /home/dmpasgal/Clothy/ROS/turtlebot3_ws/src/install/my_slam/share/ament_index/resource_index/packages
[1.487s] copying resource/my_slam -> /home/dmpasgal/Clothy/ROS/turtlebot3_ws/src/install/my_slam/share/ament_index/resource_index/packages
[1.487s] copying package.xml -> /home/dmpasgal/Clothy/ROS/turtlebot3_ws/src/install/my_slam/share/my_slam
[1.487s] creating /home/dmpasgal/Clothy/ROS/turtlebot3_ws/src/install/my_slam/share/my_slam/map
[1.487s] copying map/my_map.pgm -> /home/dmpasgal/Clothy/ROS/turtlebot3_ws/src/install/my_slam/share/my_slam/map
[1.487s] copying map/my_map.yaml -> /home/dmpasgal/Clothy/ROS/turtlebot3_ws/src/install/my_slam/share/my_slam/map
[1.487s] creating /home/dmpasgal/Clothy/ROS/turtlebot3_ws/src/install/my_slam/share/my_slam/rviz
[1.487s] copying rviz/my_slam_rviz.rviz -> /home/dmpasgal/Clothy/ROS/turtlebot3_ws/src/install/my_slam/share/my_slam/rviz
[1.487s] creating /home/dmpasgal/Clothy/ROS/turtlebot3_ws/src/install/my_slam/share/my_slam/launch
[1.488s] copying launch/my_slam.launch.py -> /home/dmpasgal/Clothy/ROS/turtlebot3_ws/src/install/my_slam/share/my_slam/launch
[1.488s] creating /home/dmpasgal/Clothy/ROS/turtlebot3_ws/src/install/my_slam/share/my_slam/config
[1.488s] copying config/my_slam.lua -> /home/dmpasgal/Clothy/ROS/turtlebot3_ws/src/install/my_slam/share/my_slam/config
[1.488s] running install_egg_info
[1.489s] Copying ../build/my_slam/my_slam.egg-info to /home/dmpasgal/Clothy/ROS/turtlebot3_ws/src/install/my_slam/lib/python3.8/site-packages/my_slam-0.0.0-py3.8.egg-info
[1.490s] running install_scripts
[1.503s] writing list of installed files to '/home/dmpasgal/Clothy/ROS/turtlebot3_ws/src/build/my_slam/install.log'
[1.520s] Invoked command in '/home/dmpasgal/Clothy/ROS/turtlebot3_ws/src/my_slam' returned '0': PYTHONPATH=/home/dmpasgal/Clothy/ROS/turtlebot3_ws/src/build/my_slam/prefix_override:/home/dmpasgal/Clothy/ROS/turtlebot3_ws/src/install/my_slam/lib/python3.8/site-packages:${PYTHONPATH} /usr/bin/python3 setup.py egg_info --egg-base ../build/my_slam build --build-base /home/dmpasgal/Clothy/ROS/turtlebot3_ws/src/build/my_slam/build install --record /home/dmpasgal/Clothy/ROS/turtlebot3_ws/src/build/my_slam/install.log --single-version-externally-managed
