[0.530s] Invoking command in '/home/cmarrod3/turtlebot3_ws/src/my_first_publisher': PS1=(rosenv) \[\e]0;\u@\h: \w\a\]${debian_chroot:+($debian_chroot)}\[\033[01;32m\]\u@\h\[\033[00m\]:\[\033[01;34m\]\w\[\033[00m\]\$ PYTHONPATH=/home/cmarrod3/turtlebot3_ws/build/my_first_publisher/prefix_override:/home/cmarrod3/turtlebot3_ws/install/my_first_publisher/lib/python3.8/site-packages:${PYTHONPATH} /usr/bin/python3 setup.py egg_info --egg-base ../../build/my_first_publisher build --build-base /home/cmarrod3/turtlebot3_ws/build/my_first_publisher/build install --record /home/cmarrod3/turtlebot3_ws/build/my_first_publisher/install.log --single-version-externally-managed
[0.648s] running egg_info
[0.648s] writing ../../build/my_first_publisher/my_first_publisher.egg-info/PKG-INFO
[0.648s] writing dependency_links to ../../build/my_first_publisher/my_first_publisher.egg-info/dependency_links.txt
[0.648s] writing entry points to ../../build/my_first_publisher/my_first_publisher.egg-info/entry_points.txt
[0.648s] writing requirements to ../../build/my_first_publisher/my_first_publisher.egg-info/requires.txt
[0.648s] writing top-level names to ../../build/my_first_publisher/my_first_publisher.egg-info/top_level.txt
[0.667s] reading manifest file '../../build/my_first_publisher/my_first_publisher.egg-info/SOURCES.txt'
[0.667s] writing manifest file '../../build/my_first_publisher/my_first_publisher.egg-info/SOURCES.txt'
[0.667s] running build
[0.667s] running build_py
[0.667s] running install
[0.668s] running install_lib
[0.669s] running install_data
[0.669s] running install_egg_info
[0.670s] removing '/home/cmarrod3/turtlebot3_ws/install/my_first_publisher/lib/python3.8/site-packages/my_first_publisher-0.0.0-py3.8.egg-info' (and everything under it)
[0.670s] Copying ../../build/my_first_publisher/my_first_publisher.egg-info to /home/cmarrod3/turtlebot3_ws/install/my_first_publisher/lib/python3.8/site-packages/my_first_publisher-0.0.0-py3.8.egg-info
[0.670s] running install_scripts
[0.680s] Installing simple_publisher script to /home/cmarrod3/turtlebot3_ws/install/my_first_publisher/lib/my_first_publisher
[0.680s] writing list of installed files to '/home/cmarrod3/turtlebot3_ws/build/my_first_publisher/install.log'
[0.695s] Invoked command in '/home/cmarrod3/turtlebot3_ws/src/my_first_publisher' returned '0': PS1=(rosenv) \[\e]0;\u@\h: \w\a\]${debian_chroot:+($debian_chroot)}\[\033[01;32m\]\u@\h\[\033[00m\]:\[\033[01;34m\]\w\[\033[00m\]\$ PYTHONPATH=/home/cmarrod3/turtlebot3_ws/build/my_first_publisher/prefix_override:/home/cmarrod3/turtlebot3_ws/install/my_first_publisher/lib/python3.8/site-packages:${PYTHONPATH} /usr/bin/python3 setup.py egg_info --egg-base ../../build/my_first_publisher build --build-base /home/cmarrod3/turtlebot3_ws/build/my_first_publisher/build install --record /home/cmarrod3/turtlebot3_ws/build/my_first_publisher/install.log --single-version-externally-managed
