[0.362s] Invoking command in '/home/dmpasgal/Clothy/ROS/turtlebot3_ws/src/build/turtlebot3_fake_node': CMAKE_PREFIX_PATH=${CMAKE_PREFIX_PATH}:/home/dmpasgal/Clothy/ROS/turtlebot3_ws/src/install/show_msg:/home/dmpasgal/Clothy/ROS/turtlebot3_ws/src/install/provide_map:/home/dmpasgal/Clothy/ROS/turtlebot3_ws/src/install/my_slam:/home/dmpasgal/turtlebot3_ws/install/show_msg:/home/dmpasgal/turtlebot3_ws/install/my_first_subscriber:/home/dmpasgal/turtlebot3_ws/install/my_first_publisher:/home/dmpasgal/turtlebot3_ws/install/my_first_node:/home/dmpasgal/turtlebot3_ws/src/install/show_msg:/opt/ros/galactic /usr/bin/cmake --build /home/dmpasgal/Clothy/ROS/turtlebot3_ws/src/build/turtlebot3_fake_node -- -j4 -l4
[0.441s] [100%] Built target turtlebot3_fake_node
[1.094s] Invoked command in '/home/dmpasgal/Clothy/ROS/turtlebot3_ws/src/build/turtlebot3_fake_node' returned '0': CMAKE_PREFIX_PATH=${CMAKE_PREFIX_PATH}:/home/dmpasgal/Clothy/ROS/turtlebot3_ws/src/install/show_msg:/home/dmpasgal/Clothy/ROS/turtlebot3_ws/src/install/provide_map:/home/dmpasgal/Clothy/ROS/turtlebot3_ws/src/install/my_slam:/home/dmpasgal/turtlebot3_ws/install/show_msg:/home/dmpasgal/turtlebot3_ws/install/my_first_subscriber:/home/dmpasgal/turtlebot3_ws/install/my_first_publisher:/home/dmpasgal/turtlebot3_ws/install/my_first_node:/home/dmpasgal/turtlebot3_ws/src/install/show_msg:/opt/ros/galactic /usr/bin/cmake --build /home/dmpasgal/Clothy/ROS/turtlebot3_ws/src/build/turtlebot3_fake_node -- -j4 -l4
[1.349s] Invoking command in '/home/dmpasgal/Clothy/ROS/turtlebot3_ws/src/build/turtlebot3_fake_node': CMAKE_PREFIX_PATH=${CMAKE_PREFIX_PATH}:/home/dmpasgal/Clothy/ROS/turtlebot3_ws/src/install/show_msg:/home/dmpasgal/Clothy/ROS/turtlebot3_ws/src/install/provide_map:/home/dmpasgal/Clothy/ROS/turtlebot3_ws/src/install/my_slam:/home/dmpasgal/turtlebot3_ws/install/show_msg:/home/dmpasgal/turtlebot3_ws/install/my_first_subscriber:/home/dmpasgal/turtlebot3_ws/install/my_first_publisher:/home/dmpasgal/turtlebot3_ws/install/my_first_node:/home/dmpasgal/turtlebot3_ws/src/install/show_msg:/opt/ros/galactic /usr/bin/cmake --install /home/dmpasgal/Clothy/ROS/turtlebot3_ws/src/build/turtlebot3_fake_node
[1.385s] -- Install configuration: ""
[1.387s] -- Up-to-date: /home/dmpasgal/Clothy/ROS/turtlebot3_ws/src/install/turtlebot3_fake_node/lib/turtlebot3_fake_node/turtlebot3_fake_node
[1.389s] -- Up-to-date: /home/dmpasgal/Clothy/ROS/turtlebot3_ws/src/install/turtlebot3_fake_node/share/turtlebot3_fake_node/launch
[1.389s] -- Up-to-date: /home/dmpasgal/Clothy/ROS/turtlebot3_ws/src/install/turtlebot3_fake_node/share/turtlebot3_fake_node/launch/rviz2.launch.py
[1.389s] -- Up-to-date: /home/dmpasgal/Clothy/ROS/turtlebot3_ws/src/install/turtlebot3_fake_node/share/turtlebot3_fake_node/launch/turtlebot3_fake_node.launch.py
[1.389s] -- Up-to-date: /home/dmpasgal/Clothy/ROS/turtlebot3_ws/src/install/turtlebot3_fake_node/share/turtlebot3_fake_node/param
[1.389s] -- Up-to-date: /home/dmpasgal/Clothy/ROS/turtlebot3_ws/src/install/turtlebot3_fake_node/share/turtlebot3_fake_node/param/waffle.yaml
[1.389s] -- Up-to-date: /home/dmpasgal/Clothy/ROS/turtlebot3_ws/src/install/turtlebot3_fake_node/share/turtlebot3_fake_node/param/burger.yaml
[1.389s] -- Up-to-date: /home/dmpasgal/Clothy/ROS/turtlebot3_ws/src/install/turtlebot3_fake_node/share/turtlebot3_fake_node/param/waffle_pi.yaml
[1.390s] -- Up-to-date: /home/dmpasgal/Clothy/ROS/turtlebot3_ws/src/install/turtlebot3_fake_node/include/
[1.390s] -- Up-to-date: /home/dmpasgal/Clothy/ROS/turtlebot3_ws/src/install/turtlebot3_fake_node/include//turtlebot3_fake_node
[1.390s] -- Up-to-date: /home/dmpasgal/Clothy/ROS/turtlebot3_ws/src/install/turtlebot3_fake_node/include//turtlebot3_fake_node/turtlebot3_fake_node.hpp
[1.392s] -- Up-to-date: /home/dmpasgal/Clothy/ROS/turtlebot3_ws/src/install/turtlebot3_fake_node/share/ament_index/resource_index/package_run_dependencies/turtlebot3_fake_node
[1.392s] -- Up-to-date: /home/dmpasgal/Clothy/ROS/turtlebot3_ws/src/install/turtlebot3_fake_node/share/ament_index/resource_index/parent_prefix_path/turtlebot3_fake_node
[1.392s] -- Up-to-date: /home/dmpasgal/Clothy/ROS/turtlebot3_ws/src/install/turtlebot3_fake_node/share/turtlebot3_fake_node/environment/ament_prefix_path.sh
[1.393s] -- Up-to-date: /home/dmpasgal/Clothy/ROS/turtlebot3_ws/src/install/turtlebot3_fake_node/share/turtlebot3_fake_node/environment/ament_prefix_path.dsv
[1.393s] -- Up-to-date: /home/dmpasgal/Clothy/ROS/turtlebot3_ws/src/install/turtlebot3_fake_node/share/turtlebot3_fake_node/environment/path.sh
[1.394s] -- Up-to-date: /home/dmpasgal/Clothy/ROS/turtlebot3_ws/src/install/turtlebot3_fake_node/share/turtlebot3_fake_node/environment/path.dsv
[1.394s] -- Up-to-date: /home/dmpasgal/Clothy/ROS/turtlebot3_ws/src/install/turtlebot3_fake_node/share/turtlebot3_fake_node/local_setup.bash
[1.394s] -- Up-to-date: /home/dmpasgal/Clothy/ROS/turtlebot3_ws/src/install/turtlebot3_fake_node/share/turtlebot3_fake_node/local_setup.sh
[1.395s] -- Up-to-date: /home/dmpasgal/Clothy/ROS/turtlebot3_ws/src/install/turtlebot3_fake_node/share/turtlebot3_fake_node/local_setup.zsh
[1.396s] -- Up-to-date: /home/dmpasgal/Clothy/ROS/turtlebot3_ws/src/install/turtlebot3_fake_node/share/turtlebot3_fake_node/local_setup.dsv
[1.396s] -- Installing: /home/dmpasgal/Clothy/ROS/turtlebot3_ws/src/install/turtlebot3_fake_node/share/turtlebot3_fake_node/package.dsv
[1.399s] -- Up-to-date: /home/dmpasgal/Clothy/ROS/turtlebot3_ws/src/install/turtlebot3_fake_node/share/ament_index/resource_index/packages/turtlebot3_fake_node
[1.399s] -- Up-to-date: /home/dmpasgal/Clothy/ROS/turtlebot3_ws/src/install/turtlebot3_fake_node/share/turtlebot3_fake_node/cmake/ament_cmake_export_include_directories-extras.cmake
[1.399s] -- Up-to-date: /home/dmpasgal/Clothy/ROS/turtlebot3_ws/src/install/turtlebot3_fake_node/share/turtlebot3_fake_node/cmake/ament_cmake_export_dependencies-extras.cmake
[1.399s] -- Up-to-date: /home/dmpasgal/Clothy/ROS/turtlebot3_ws/src/install/turtlebot3_fake_node/share/turtlebot3_fake_node/cmake/turtlebot3_fake_nodeConfig.cmake
[1.399s] -- Up-to-date: /home/dmpasgal/Clothy/ROS/turtlebot3_ws/src/install/turtlebot3_fake_node/share/turtlebot3_fake_node/cmake/turtlebot3_fake_nodeConfig-version.cmake
[1.399s] -- Up-to-date: /home/dmpasgal/Clothy/ROS/turtlebot3_ws/src/install/turtlebot3_fake_node/share/turtlebot3_fake_node/package.xml
[1.426s] Invoked command in '/home/dmpasgal/Clothy/ROS/turtlebot3_ws/src/build/turtlebot3_fake_node' returned '0': CMAKE_PREFIX_PATH=${CMAKE_PREFIX_PATH}:/home/dmpasgal/Clothy/ROS/turtlebot3_ws/src/install/show_msg:/home/dmpasgal/Clothy/ROS/turtlebot3_ws/src/install/provide_map:/home/dmpasgal/Clothy/ROS/turtlebot3_ws/src/install/my_slam:/home/dmpasgal/turtlebot3_ws/install/show_msg:/home/dmpasgal/turtlebot3_ws/install/my_first_subscriber:/home/dmpasgal/turtlebot3_ws/install/my_first_publisher:/home/dmpasgal/turtlebot3_ws/install/my_first_node:/home/dmpasgal/turtlebot3_ws/src/install/show_msg:/opt/ros/galactic /usr/bin/cmake --install /home/dmpasgal/Clothy/ROS/turtlebot3_ws/src/build/turtlebot3_fake_node
