[0.562s] Invoking command in '/home/dmpasgal/Clothy/build/turtlebot3_gazebo': CMAKE_PREFIX_PATH=${CMAKE_PREFIX_PATH}:/home/dmpasgal/turtlebot3_ws/install/show_msg:/home/dmpasgal/turtlebot3_ws/install/my_first_subscriber:/home/dmpasgal/turtlebot3_ws/install/my_first_publisher:/home/dmpasgal/turtlebot3_ws/install/my_first_node:/home/dmpasgal/turtlebot3_ws/src/install/show_msg:/opt/ros/galactic /usr/bin/cmake /home/dmpasgal/Clothy/ROS/turtlebot3_ws/src/turtlebot3_simulations/turtlebot3_gazebo -DCMAKE_INSTALL_PREFIX=/home/dmpasgal/Clothy/install/turtlebot3_gazebo
[0.961s] -- The C compiler identification is GNU 9.4.0
[1.156s] -- The CXX compiler identification is GNU 9.4.0
[1.174s] -- Check for working C compiler: /usr/bin/cc
[1.270s] -- Check for working C compiler: /usr/bin/cc -- works
[1.270s] -- Detecting C compiler ABI info
[1.337s] -- Detecting C compiler ABI info - done
[1.349s] -- Detecting C compile features
[1.349s] -- Detecting C compile features - done
[1.349s] -- Check for working CXX compiler: /usr/bin/c++
[1.424s] -- Check for working CXX compiler: /usr/bin/c++ -- works
[1.424s] -- Detecting CXX compiler ABI info
[1.513s] -- Detecting CXX compiler ABI info - done
[1.521s] -- Detecting CXX compile features
[1.522s] -- Detecting CXX compile features - done
[1.539s] -- Found ament_cmake: 1.1.6 (/opt/ros/galactic/share/ament_cmake/cmake)
[1.592s] -- Found PythonInterp: /usr/bin/python3 (found suitable version "3.8.10", minimum required is "3") 
[1.592s] -- Using PYTHON_EXECUTABLE: /usr/bin/python3
[1.730s] -- Found PkgConfig: /usr/bin/pkg-config (found version "0.29.1") 
[1.747s] -- Checking for module 'bullet>=2.82'
[1.804s] --   Found bullet, version 2.88
[1.989s] -- Found ccd: /usr/include (found suitable version "2.0", minimum required is "2.0") 
[2.061s] -- Found fcl: /usr/include (found suitable version "0.5.0", minimum required is "0.3.2") 
[2.155s] -- Found assimp: /usr/include (found version "5.0.0") 
[2.209s] -- Found DART: /usr/include (Required is at least version "6.6") found components: dart 
[2.672s] -- Found Boost: /usr/lib/x86_64-linux-gnu/cmake/Boost-1.71.0/BoostConfig.cmake (found suitable version "1.71.0", minimum required is "1.40.0") found components: thread system filesystem program_options regex iostreams date_time 
[2.723s] -- Found Protobuf: /usr/lib/x86_64-linux-gnu/libprotobuf.so;-lpthread (found version "3.6.1") 
[2.732s] -- Looking for ignition-math6 -- found version 6.15.1
[2.745s] -- Searching for dependencies of ignition-math6
[2.748s] -- Looking for OGRE...
[2.749s] -- OGRE_PREFIX_WATCH changed.
[2.758s] -- Checking for module 'OGRE'
[2.801s] --   Found OGRE, version 1.9.0
[2.899s] -- Found Ogre Ghadamon (1.9.0)
[2.899s] -- Found OGRE: optimized;/usr/lib/x86_64-linux-gnu/libOgreMain.so;debug;/usr/lib/x86_64-linux-gnu/libOgreMain.so
[2.899s] -- Looking for OGRE_Paging...
[2.907s] -- Found OGRE_Paging: optimized;/usr/lib/x86_64-linux-gnu/libOgrePaging.so;debug;/usr/lib/x86_64-linux-gnu/libOgrePaging.so
[2.908s] -- Looking for OGRE_Terrain...
[2.908s] -- Found OGRE_Terrain: optimized;/usr/lib/x86_64-linux-gnu/libOgreTerrain.so;debug;/usr/lib/x86_64-linux-gnu/libOgreTerrain.so
[2.908s] -- Looking for OGRE_Property...
[2.913s] -- Found OGRE_Property: optimized;/usr/lib/x86_64-linux-gnu/libOgreProperty.so;debug;/usr/lib/x86_64-linux-gnu/libOgreProperty.so
[2.913s] -- Looking for OGRE_RTShaderSystem...
[2.922s] -- Found OGRE_RTShaderSystem: optimized;/usr/lib/x86_64-linux-gnu/libOgreRTShaderSystem.so;debug;/usr/lib/x86_64-linux-gnu/libOgreRTShaderSystem.so
[2.922s] -- Looking for OGRE_Volume...
[2.932s] -- Found OGRE_Volume: optimized;/usr/lib/x86_64-linux-gnu/libOgreVolume.so;debug;/usr/lib/x86_64-linux-gnu/libOgreVolume.so
[2.932s] -- Looking for OGRE_Overlay...
[2.932s] -- Found OGRE_Overlay: optimized;/usr/lib/x86_64-linux-gnu/libOgreOverlay.so;debug;/usr/lib/x86_64-linux-gnu/libOgreOverlay.so
[3.028s] -- Looking for ignition-math6 -- found version 6.15.1
[3.031s] -- Looking for ignition-transport8 -- found version 8.3.0
[3.032s] -- Searching for dependencies of ignition-transport8
[3.047s] -- Found Protobuf: /usr/lib/x86_64-linux-gnu/libprotobuf.so;-lpthread (found suitable version "3.6.1", minimum required is "3") 
[3.056s] -- Config-file not installed for ZeroMQ -- checking for pkg-config
[3.063s] -- Checking for module 'libzmq >= 4'
[3.083s] --   Found libzmq , version 4.3.2
[3.131s] -- Found ZeroMQ: TRUE (Required is at least version "4") 
[3.139s] -- Checking for module 'uuid'
[3.159s] --   Found uuid, version 2.34.0
[3.195s] -- Found UUID: TRUE  
[3.199s] -- Looking for ignition-msgs5 -- found version 5.10.0
[3.199s] -- Searching for dependencies of ignition-msgs5
[3.216s] -- Looking for ignition-math6 -- found version 6.15.1
[3.221s] -- Checking for module 'tinyxml2'
[3.254s] --   Found tinyxml2, version 6.2.0
[3.311s] -- Looking for ignition-msgs5 -- found version 5.10.0
[3.314s] -- Looking for ignition-common3 -- found version 3.14.2
[3.315s] -- Searching for dependencies of ignition-common3
[3.315s] -- Looking for dlfcn.h - found
[3.315s] -- Looking for libdl - found
[3.317s] -- Found DL: TRUE  
[3.328s] -- Searching for <ignition-common3> component [graphics]
[3.331s] -- Looking for ignition-common3-graphics -- found version 3.14.2
[3.332s] -- Searching for dependencies of ignition-common3-graphics
[3.332s] -- Looking for ignition-math6 -- found version 6.15.1
[3.337s] -- Looking for ignition-fuel_tools4 -- found version 4.6.0
[3.339s] -- Searching for dependencies of ignition-fuel_tools4
[3.432s] -- Found CURL: /usr/lib/x86_64-linux-gnu/libcurl.so (found version "7.68.0")  
[3.441s] -- Checking for module 'jsoncpp'
[3.469s] --   Found jsoncpp, version 1.7.4
[3.500s] -- Found JSONCPP: TRUE  
[3.517s] -- Checking for module 'libzip'
[3.601s] --   Found libzip, version 1.5.1
[3.693s] -- Found ZIP: TRUE  
[3.693s] -- Looking for ignition-common3 -- found version 3.14.2
[3.693s] -- Looking for ignition-math6 -- found version 6.15.1
[3.694s] -- Looking for ignition-msgs5 -- found version 5.10.0
[3.698s] -- Found gazebo_ros_pkgs: 3.5.2 (/opt/ros/galactic/share/gazebo_ros_pkgs/cmake)
[3.701s] -- Found geometry_msgs: 2.2.4 (/opt/ros/galactic/share/geometry_msgs/cmake)
[3.736s] -- Using all available rosidl_typesupport_c: rosidl_typesupport_fastrtps_c;rosidl_typesupport_introspection_c
[3.751s] -- Found rosidl_adapter: 2.2.3 (/opt/ros/galactic/share/rosidl_adapter/cmake)
[3.987s] -- Found OpenSSL: /usr/lib/x86_64-linux-gnu/libcrypto.so (found version "1.1.1f")  
[4.009s] -- Found FastRTPS: /opt/ros/galactic/include  
[4.120s] -- Using all available rosidl_typesupport_cpp: rosidl_typesupport_fastrtps_cpp;rosidl_typesupport_introspection_cpp
[4.189s] -- Found nav_msgs: 2.2.4 (/opt/ros/galactic/share/nav_msgs/cmake)
[4.239s] -- Found rclcpp: 9.2.2 (/opt/ros/galactic/share/rclcpp/cmake)
[4.284s] -- Found rmw_implementation_cmake: 3.3.1 (/opt/ros/galactic/share/rmw_implementation_cmake/cmake)
[4.286s] -- Found rmw_cyclonedds_cpp: 0.22.6 (/opt/ros/galactic/share/rmw_cyclonedds_cpp/cmake)
[4.301s] -- Using RMW implementation 'rmw_cyclonedds_cpp' as default
[4.302s] -- Found Threads: TRUE  
[4.416s] -- Found sensor_msgs: 2.2.4 (/opt/ros/galactic/share/sensor_msgs/cmake)
[4.478s] -- Found tf2: 0.17.5 (/opt/ros/galactic/share/tf2/cmake)
[4.531s] -- Configuring done
[4.612s] -- Generating done
[4.614s] -- Build files have been written to: /home/dmpasgal/Clothy/build/turtlebot3_gazebo
[4.628s] Invoked command in '/home/dmpasgal/Clothy/build/turtlebot3_gazebo' returned '0': CMAKE_PREFIX_PATH=${CMAKE_PREFIX_PATH}:/home/dmpasgal/turtlebot3_ws/install/show_msg:/home/dmpasgal/turtlebot3_ws/install/my_first_subscriber:/home/dmpasgal/turtlebot3_ws/install/my_first_publisher:/home/dmpasgal/turtlebot3_ws/install/my_first_node:/home/dmpasgal/turtlebot3_ws/src/install/show_msg:/opt/ros/galactic /usr/bin/cmake /home/dmpasgal/Clothy/ROS/turtlebot3_ws/src/turtlebot3_simulations/turtlebot3_gazebo -DCMAKE_INSTALL_PREFIX=/home/dmpasgal/Clothy/install/turtlebot3_gazebo
[4.629s] Invoking command in '/home/dmpasgal/Clothy/build/turtlebot3_gazebo': CMAKE_PREFIX_PATH=${CMAKE_PREFIX_PATH}:/home/dmpasgal/turtlebot3_ws/install/show_msg:/home/dmpasgal/turtlebot3_ws/install/my_first_subscriber:/home/dmpasgal/turtlebot3_ws/install/my_first_publisher:/home/dmpasgal/turtlebot3_ws/install/my_first_node:/home/dmpasgal/turtlebot3_ws/src/install/show_msg:/opt/ros/galactic /usr/bin/cmake --build /home/dmpasgal/Clothy/build/turtlebot3_gazebo -- -j4 -l4
[4.703s] [35m[1mScanning dependencies of target obstacles[0m
[4.724s] [35m[1mScanning dependencies of target obstacle2[0m
[4.745s] [35m[1mScanning dependencies of target turtlebot3_drive[0m
[4.747s] [35m[1mScanning dependencies of target obstacle1[0m
[4.810s] [ 12%] [32mBuilding CXX object CMakeFiles/turtlebot3_drive.dir/src/turtlebot3_drive.cpp.o[0m
[5.140s] [ 25%] [32mBuilding CXX object CMakeFiles/obstacles.dir/models/turtlebot3_dqn_world/obstacle_plugin/obstacles.cc.o[0m
[5.226s] [ 37%] [32mBuilding CXX object CMakeFiles/obstacle2.dir/models/turtlebot3_dqn_world/obstacle_plugin/obstacle2.cc.o[0m
[5.236s] [ 50%] [32mBuilding CXX object CMakeFiles/obstacle1.dir/models/turtlebot3_dqn_world/obstacle_plugin/obstacle1.cc.o[0m
[36.667s] [ 62%] [32m[1mLinking CXX executable turtlebot3_drive[0m
[37.335s] [ 62%] Built target turtlebot3_drive
