[1.426s] DEBUG:colcon:Command line arguments: ['/usr/bin/colcon', 'build']
[1.426s] DEBUG:colcon:Parsed command line arguments: Namespace(allow_overriding=[], ament_cmake_args=None, base_paths=['.'], build_base='build', catkin_cmake_args=None, catkin_skip_building_tests=False, cmake_args=None, cmake_clean_cache=False, cmake_clean_first=False, cmake_force_configure=False, cmake_target=None, cmake_target_skip_unavailable=False, continue_on_error=False, event_handlers=None, executor='parallel', ignore_user_meta=False, install_base='install', log_base=None, log_level=None, main=<bound method BuildVerb.main of <colcon_core.verb.build.BuildVerb object at 0x7ffa5c176610>>, merge_install=False, metas=['./colcon.meta'], packages_above=None, packages_above_and_dependencies=None, packages_above_depth=None, packages_end=None, packages_ignore=None, packages_ignore_regex=None, packages_select=None, packages_select_build_failed=False, packages_select_by_dep=None, packages_select_regex=None, packages_select_test_failures=False, packages_skip=None, packages_skip_build_finished=False, packages_skip_by_dep=None, packages_skip_regex=None, packages_skip_test_passed=False, packages_skip_up_to=None, packages_start=None, packages_up_to=None, packages_up_to_regex=None, parallel_workers=4, paths=None, symlink_install=False, test_result_base=None, verb_extension=<colcon_core.verb.build.BuildVerb object at 0x7ffa5c176610>, verb_name='build', verb_parser=<colcon_defaults.argument_parser.defaults.DefaultArgumentsDecorator object at 0x7ffa5c5c5d00>)
[1.491s] Level 1:colcon.colcon_core.package_discovery:discover_packages(colcon_meta) check parameters
[1.491s] Level 1:colcon.colcon_core.package_discovery:discover_packages(recursive) check parameters
[1.491s] Level 1:colcon.colcon_core.package_discovery:discover_packages(ignore) check parameters
[1.491s] Level 1:colcon.colcon_core.package_discovery:discover_packages(path) check parameters
[1.491s] Level 1:colcon.colcon_core.package_discovery:discover_packages(colcon_meta) discover
[1.491s] Level 1:colcon.colcon_core.package_discovery:discover_packages(recursive) discover
[1.491s] INFO:colcon.colcon_core.package_discovery:Crawling recursively for packages in '/home/dmpasgal/Clothy/ROS/turtlebot3_ws/src'
[1.492s] Level 1:colcon.colcon_core.package_identification:_identify(.) by extensions ['ignore', 'ignore_ament_install']
[1.492s] Level 1:colcon.colcon_core.package_identification:_identify(.) by extension 'ignore'
[1.492s] Level 1:colcon.colcon_core.package_identification:_identify(.) by extension 'ignore_ament_install'
[1.492s] Level 1:colcon.colcon_core.package_identification:_identify(.) by extensions ['colcon_pkg']
[1.492s] Level 1:colcon.colcon_core.package_identification:_identify(.) by extension 'colcon_pkg'
[1.492s] Level 1:colcon.colcon_core.package_identification:_identify(.) by extensions ['colcon_meta']
[1.492s] Level 1:colcon.colcon_core.package_identification:_identify(.) by extension 'colcon_meta'
[1.492s] Level 1:colcon.colcon_core.package_identification:_identify(.) by extensions ['ros']
[1.492s] Level 1:colcon.colcon_core.package_identification:_identify(.) by extension 'ros'
[1.499s] Level 1:colcon.colcon_core.package_identification:_identify(.) by extensions ['cmake', 'python']
[1.500s] Level 1:colcon.colcon_core.package_identification:_identify(.) by extension 'cmake'
[1.500s] Level 1:colcon.colcon_core.package_identification:_identify(.) by extension 'python'
[1.500s] Level 1:colcon.colcon_core.package_identification:_identify(.) by extensions ['python_setup_py']
[1.500s] Level 1:colcon.colcon_core.package_identification:_identify(.) by extension 'python_setup_py'
[1.500s] Level 1:colcon.colcon_core.package_identification:_identify(build) by extensions ['ignore', 'ignore_ament_install']
[1.500s] Level 1:colcon.colcon_core.package_identification:_identify(build) by extension 'ignore'
[1.500s] Level 1:colcon.colcon_core.package_identification:_identify(build) ignored
[1.500s] Level 1:colcon.colcon_core.package_identification:_identify(custom_interface) by extensions ['ignore', 'ignore_ament_install']
[1.500s] Level 1:colcon.colcon_core.package_identification:_identify(custom_interface) by extension 'ignore'
[1.500s] Level 1:colcon.colcon_core.package_identification:_identify(custom_interface) by extension 'ignore_ament_install'
[1.500s] Level 1:colcon.colcon_core.package_identification:_identify(custom_interface) by extensions ['colcon_pkg']
[1.500s] Level 1:colcon.colcon_core.package_identification:_identify(custom_interface) by extension 'colcon_pkg'
[1.500s] Level 1:colcon.colcon_core.package_identification:_identify(custom_interface) by extensions ['colcon_meta']
[1.500s] Level 1:colcon.colcon_core.package_identification:_identify(custom_interface) by extension 'colcon_meta'
[1.500s] Level 1:colcon.colcon_core.package_identification:_identify(custom_interface) by extensions ['ros']
[1.500s] Level 1:colcon.colcon_core.package_identification:_identify(custom_interface) by extension 'ros'
[1.502s] DEBUG:colcon.colcon_core.package_identification:Package 'custom_interface' with type 'ros.ament_cmake' and name 'custom_interface'
[1.502s] Level 1:colcon.colcon_core.package_identification:_identify(install) by extensions ['ignore', 'ignore_ament_install']
[1.503s] Level 1:colcon.colcon_core.package_identification:_identify(install) by extension 'ignore'
[1.503s] Level 1:colcon.colcon_core.package_identification:_identify(install) ignored
[1.503s] Level 1:colcon.colcon_core.package_identification:_identify(log) by extensions ['ignore', 'ignore_ament_install']
[1.503s] Level 1:colcon.colcon_core.package_identification:_identify(log) by extension 'ignore'
[1.503s] Level 1:colcon.colcon_core.package_identification:_identify(log) ignored
[1.503s] Level 1:colcon.colcon_core.package_identification:_identify(my_slam) by extensions ['ignore', 'ignore_ament_install']
[1.503s] Level 1:colcon.colcon_core.package_identification:_identify(my_slam) by extension 'ignore'
[1.503s] Level 1:colcon.colcon_core.package_identification:_identify(my_slam) by extension 'ignore_ament_install'
[1.503s] Level 1:colcon.colcon_core.package_identification:_identify(my_slam) by extensions ['colcon_pkg']
[1.503s] Level 1:colcon.colcon_core.package_identification:_identify(my_slam) by extension 'colcon_pkg'
[1.503s] Level 1:colcon.colcon_core.package_identification:_identify(my_slam) by extensions ['colcon_meta']
[1.503s] Level 1:colcon.colcon_core.package_identification:_identify(my_slam) by extension 'colcon_meta'
[1.503s] Level 1:colcon.colcon_core.package_identification:_identify(my_slam) by extensions ['ros']
[1.503s] Level 1:colcon.colcon_core.package_identification:_identify(my_slam) by extension 'ros'
[1.504s] DEBUG:colcon.colcon_core.package_identification:Package 'my_slam' with type 'ros.ament_python' and name 'my_slam'
[1.504s] Level 1:colcon.colcon_core.package_identification:_identify(my_world) by extensions ['ignore', 'ignore_ament_install']
[1.504s] Level 1:colcon.colcon_core.package_identification:_identify(my_world) by extension 'ignore'
[1.504s] Level 1:colcon.colcon_core.package_identification:_identify(my_world) by extension 'ignore_ament_install'
[1.504s] Level 1:colcon.colcon_core.package_identification:_identify(my_world) by extensions ['colcon_pkg']
[1.504s] Level 1:colcon.colcon_core.package_identification:_identify(my_world) by extension 'colcon_pkg'
[1.504s] Level 1:colcon.colcon_core.package_identification:_identify(my_world) by extensions ['colcon_meta']
[1.504s] Level 1:colcon.colcon_core.package_identification:_identify(my_world) by extension 'colcon_meta'
[1.504s] Level 1:colcon.colcon_core.package_identification:_identify(my_world) by extensions ['ros']
[1.504s] Level 1:colcon.colcon_core.package_identification:_identify(my_world) by extension 'ros'
[1.504s] DEBUG:colcon.colcon_core.package_identification:Package 'my_world' with type 'ros.ament_cmake' and name 'my_world'
[1.505s] Level 1:colcon.colcon_core.package_identification:_identify(provide_map) by extensions ['ignore', 'ignore_ament_install']
[1.505s] Level 1:colcon.colcon_core.package_identification:_identify(provide_map) by extension 'ignore'
[1.505s] Level 1:colcon.colcon_core.package_identification:_identify(provide_map) by extension 'ignore_ament_install'
[1.505s] Level 1:colcon.colcon_core.package_identification:_identify(provide_map) by extensions ['colcon_pkg']
[1.505s] Level 1:colcon.colcon_core.package_identification:_identify(provide_map) by extension 'colcon_pkg'
[1.505s] Level 1:colcon.colcon_core.package_identification:_identify(provide_map) by extensions ['colcon_meta']
[1.505s] Level 1:colcon.colcon_core.package_identification:_identify(provide_map) by extension 'colcon_meta'
[1.505s] Level 1:colcon.colcon_core.package_identification:_identify(provide_map) by extensions ['ros']
[1.505s] Level 1:colcon.colcon_core.package_identification:_identify(provide_map) by extension 'ros'
[1.505s] DEBUG:colcon.colcon_core.package_identification:Package 'provide_map' with type 'ros.ament_python' and name 'provide_map'
[1.505s] Level 1:colcon.colcon_core.package_identification:_identify(show_msg) by extensions ['ignore', 'ignore_ament_install']
[1.505s] Level 1:colcon.colcon_core.package_identification:_identify(show_msg) by extension 'ignore'
[1.505s] Level 1:colcon.colcon_core.package_identification:_identify(show_msg) by extension 'ignore_ament_install'
[1.505s] Level 1:colcon.colcon_core.package_identification:_identify(show_msg) by extensions ['colcon_pkg']
[1.505s] Level 1:colcon.colcon_core.package_identification:_identify(show_msg) by extension 'colcon_pkg'
[1.505s] Level 1:colcon.colcon_core.package_identification:_identify(show_msg) by extensions ['colcon_meta']
[1.505s] Level 1:colcon.colcon_core.package_identification:_identify(show_msg) by extension 'colcon_meta'
[1.505s] Level 1:colcon.colcon_core.package_identification:_identify(show_msg) by extensions ['ros']
[1.505s] Level 1:colcon.colcon_core.package_identification:_identify(show_msg) by extension 'ros'
[1.506s] DEBUG:colcon.colcon_core.package_identification:Package 'show_msg' with type 'ros.ament_python' and name 'show_msg'
[1.506s] Level 1:colcon.colcon_core.package_identification:_identify(turtlebot3_simulations) by extensions ['ignore', 'ignore_ament_install']
[1.506s] Level 1:colcon.colcon_core.package_identification:_identify(turtlebot3_simulations) by extension 'ignore'
[1.506s] Level 1:colcon.colcon_core.package_identification:_identify(turtlebot3_simulations) by extension 'ignore_ament_install'
[1.506s] Level 1:colcon.colcon_core.package_identification:_identify(turtlebot3_simulations) by extensions ['colcon_pkg']
[1.506s] Level 1:colcon.colcon_core.package_identification:_identify(turtlebot3_simulations) by extension 'colcon_pkg'
[1.506s] Level 1:colcon.colcon_core.package_identification:_identify(turtlebot3_simulations) by extensions ['colcon_meta']
[1.506s] Level 1:colcon.colcon_core.package_identification:_identify(turtlebot3_simulations) by extension 'colcon_meta'
[1.506s] Level 1:colcon.colcon_core.package_identification:_identify(turtlebot3_simulations) by extensions ['ros']
[1.506s] Level 1:colcon.colcon_core.package_identification:_identify(turtlebot3_simulations) by extension 'ros'
[1.506s] Level 1:colcon.colcon_core.package_identification:_identify(turtlebot3_simulations) by extensions ['cmake', 'python']
[1.506s] Level 1:colcon.colcon_core.package_identification:_identify(turtlebot3_simulations) by extension 'cmake'
[1.506s] Level 1:colcon.colcon_core.package_identification:_identify(turtlebot3_simulations) by extension 'python'
[1.506s] Level 1:colcon.colcon_core.package_identification:_identify(turtlebot3_simulations) by extensions ['python_setup_py']
[1.506s] Level 1:colcon.colcon_core.package_identification:_identify(turtlebot3_simulations) by extension 'python_setup_py'
[1.506s] Level 1:colcon.colcon_core.package_identification:_identify(turtlebot3_simulations/turtlebot3_fake_node) by extensions ['ignore', 'ignore_ament_install']
[1.506s] Level 1:colcon.colcon_core.package_identification:_identify(turtlebot3_simulations/turtlebot3_fake_node) by extension 'ignore'
[1.507s] Level 1:colcon.colcon_core.package_identification:_identify(turtlebot3_simulations/turtlebot3_fake_node) by extension 'ignore_ament_install'
[1.507s] Level 1:colcon.colcon_core.package_identification:_identify(turtlebot3_simulations/turtlebot3_fake_node) by extensions ['colcon_pkg']
[1.507s] Level 1:colcon.colcon_core.package_identification:_identify(turtlebot3_simulations/turtlebot3_fake_node) by extension 'colcon_pkg'
[1.507s] Level 1:colcon.colcon_core.package_identification:_identify(turtlebot3_simulations/turtlebot3_fake_node) by extensions ['colcon_meta']
[1.507s] Level 1:colcon.colcon_core.package_identification:_identify(turtlebot3_simulations/turtlebot3_fake_node) by extension 'colcon_meta'
[1.507s] Level 1:colcon.colcon_core.package_identification:_identify(turtlebot3_simulations/turtlebot3_fake_node) by extensions ['ros']
[1.507s] Level 1:colcon.colcon_core.package_identification:_identify(turtlebot3_simulations/turtlebot3_fake_node) by extension 'ros'
[1.507s] DEBUG:colcon.colcon_core.package_identification:Package 'turtlebot3_simulations/turtlebot3_fake_node' with type 'ros.ament_cmake' and name 'turtlebot3_fake_node'
[1.507s] Level 1:colcon.colcon_core.package_identification:_identify(turtlebot3_simulations/turtlebot3_gazebo) by extensions ['ignore', 'ignore_ament_install']
[1.507s] Level 1:colcon.colcon_core.package_identification:_identify(turtlebot3_simulations/turtlebot3_gazebo) by extension 'ignore'
[1.508s] Level 1:colcon.colcon_core.package_identification:_identify(turtlebot3_simulations/turtlebot3_gazebo) by extension 'ignore_ament_install'
[1.508s] Level 1:colcon.colcon_core.package_identification:_identify(turtlebot3_simulations/turtlebot3_gazebo) by extensions ['colcon_pkg']
[1.508s] Level 1:colcon.colcon_core.package_identification:_identify(turtlebot3_simulations/turtlebot3_gazebo) by extension 'colcon_pkg'
[1.508s] Level 1:colcon.colcon_core.package_identification:_identify(turtlebot3_simulations/turtlebot3_gazebo) by extensions ['colcon_meta']
[1.508s] Level 1:colcon.colcon_core.package_identification:_identify(turtlebot3_simulations/turtlebot3_gazebo) by extension 'colcon_meta'
[1.508s] Level 1:colcon.colcon_core.package_identification:_identify(turtlebot3_simulations/turtlebot3_gazebo) by extensions ['ros']
[1.508s] Level 1:colcon.colcon_core.package_identification:_identify(turtlebot3_simulations/turtlebot3_gazebo) by extension 'ros'
[1.508s] DEBUG:colcon.colcon_core.package_identification:Package 'turtlebot3_simulations/turtlebot3_gazebo' with type 'ros.ament_cmake' and name 'turtlebot3_gazebo'
[1.508s] Level 1:colcon.colcon_core.package_identification:_identify(turtlebot3_simulations/turtlebot3_simulations) by extensions ['ignore', 'ignore_ament_install']
[1.508s] Level 1:colcon.colcon_core.package_identification:_identify(turtlebot3_simulations/turtlebot3_simulations) by extension 'ignore'
[1.508s] Level 1:colcon.colcon_core.package_identification:_identify(turtlebot3_simulations/turtlebot3_simulations) by extension 'ignore_ament_install'
[1.508s] Level 1:colcon.colcon_core.package_identification:_identify(turtlebot3_simulations/turtlebot3_simulations) by extensions ['colcon_pkg']
[1.508s] Level 1:colcon.colcon_core.package_identification:_identify(turtlebot3_simulations/turtlebot3_simulations) by extension 'colcon_pkg'
[1.508s] Level 1:colcon.colcon_core.package_identification:_identify(turtlebot3_simulations/turtlebot3_simulations) by extensions ['colcon_meta']
[1.508s] Level 1:colcon.colcon_core.package_identification:_identify(turtlebot3_simulations/turtlebot3_simulations) by extension 'colcon_meta'
[1.509s] Level 1:colcon.colcon_core.package_identification:_identify(turtlebot3_simulations/turtlebot3_simulations) by extensions ['ros']
[1.509s] Level 1:colcon.colcon_core.package_identification:_identify(turtlebot3_simulations/turtlebot3_simulations) by extension 'ros'
[1.509s] DEBUG:colcon.colcon_core.package_identification:Package 'turtlebot3_simulations/turtlebot3_simulations' with type 'ros.ament_cmake' and name 'turtlebot3_simulations'
[1.509s] Level 1:colcon.colcon_core.package_discovery:discover_packages(recursive) using defaults
[1.509s] Level 1:colcon.colcon_core.package_discovery:discover_packages(ignore) discover
[1.509s] Level 1:colcon.colcon_core.package_discovery:discover_packages(ignore) using defaults
[1.509s] Level 1:colcon.colcon_core.package_discovery:discover_packages(path) discover
[1.509s] Level 1:colcon.colcon_core.package_discovery:discover_packages(path) using defaults
[1.635s] Level 1:colcon.colcon_core.package_discovery:discover_packages(prefix_path) check parameters
[1.635s] Level 1:colcon.colcon_core.package_discovery:discover_packages(prefix_path) discover
[1.681s] DEBUG:colcon.colcon_installed_package_information.package_discovery:Found 7 installed packages in /home/dmpasgal/Clothy/ROS/turtlebot3_ws/src/install
[1.706s] DEBUG:colcon.colcon_installed_package_information.package_discovery:Found 9 installed packages in /home/dmpasgal/turtlebot3_ws/install
[1.729s] DEBUG:colcon.colcon_installed_package_information.package_discovery:Found 1 installed packages in /home/dmpasgal/turtlebot3_ws/src/install
[1.760s] DEBUG:colcon.colcon_installed_package_information.package_discovery:Found 336 installed packages in /opt/ros/galactic
[1.761s] Level 1:colcon.colcon_core.package_discovery:discover_packages(prefix_path) using defaults
[1.861s] Level 5:colcon.colcon_core.verb:set package 'custom_interface' build argument 'cmake_args' from command line to 'None'
[1.861s] Level 5:colcon.colcon_core.verb:set package 'custom_interface' build argument 'cmake_target' from command line to 'None'
[1.861s] Level 5:colcon.colcon_core.verb:set package 'custom_interface' build argument 'cmake_target_skip_unavailable' from command line to 'False'
[1.861s] Level 5:colcon.colcon_core.verb:set package 'custom_interface' build argument 'cmake_clean_cache' from command line to 'False'
[1.861s] Level 5:colcon.colcon_core.verb:set package 'custom_interface' build argument 'cmake_clean_first' from command line to 'False'
[1.861s] Level 5:colcon.colcon_core.verb:set package 'custom_interface' build argument 'cmake_force_configure' from command line to 'False'
[1.862s] Level 5:colcon.colcon_core.verb:set package 'custom_interface' build argument 'ament_cmake_args' from command line to 'None'
[1.862s] Level 5:colcon.colcon_core.verb:set package 'custom_interface' build argument 'catkin_cmake_args' from command line to 'None'
[1.862s] Level 5:colcon.colcon_core.verb:set package 'custom_interface' build argument 'catkin_skip_building_tests' from command line to 'False'
[1.862s] DEBUG:colcon.colcon_core.verb:Building package 'custom_interface' with the following arguments: {'ament_cmake_args': None, 'build_base': '/home/dmpasgal/Clothy/ROS/turtlebot3_ws/src/build/custom_interface', 'catkin_cmake_args': None, 'catkin_skip_building_tests': False, 'cmake_args': None, 'cmake_clean_cache': False, 'cmake_clean_first': False, 'cmake_force_configure': False, 'cmake_target': None, 'cmake_target_skip_unavailable': False, 'install_base': '/home/dmpasgal/Clothy/ROS/turtlebot3_ws/src/install/custom_interface', 'merge_install': False, 'path': '/home/dmpasgal/Clothy/ROS/turtlebot3_ws/src/custom_interface', 'symlink_install': False, 'test_result_base': None}
[1.885s] Level 5:colcon.colcon_core.verb:set package 'my_slam' build argument 'cmake_args' from command line to 'None'
[1.885s] Level 5:colcon.colcon_core.verb:set package 'my_slam' build argument 'cmake_target' from command line to 'None'
[1.885s] Level 5:colcon.colcon_core.verb:set package 'my_slam' build argument 'cmake_target_skip_unavailable' from command line to 'False'
[1.885s] Level 5:colcon.colcon_core.verb:set package 'my_slam' build argument 'cmake_clean_cache' from command line to 'False'
[1.886s] Level 5:colcon.colcon_core.verb:set package 'my_slam' build argument 'cmake_clean_first' from command line to 'False'
[1.886s] Level 5:colcon.colcon_core.verb:set package 'my_slam' build argument 'cmake_force_configure' from command line to 'False'
[1.886s] Level 5:colcon.colcon_core.verb:set package 'my_slam' build argument 'ament_cmake_args' from command line to 'None'
[1.886s] Level 5:colcon.colcon_core.verb:set package 'my_slam' build argument 'catkin_cmake_args' from command line to 'None'
[1.886s] Level 5:colcon.colcon_core.verb:set package 'my_slam' build argument 'catkin_skip_building_tests' from command line to 'False'
[1.886s] DEBUG:colcon.colcon_core.verb:Building package 'my_slam' with the following arguments: {'ament_cmake_args': None, 'build_base': '/home/dmpasgal/Clothy/ROS/turtlebot3_ws/src/build/my_slam', 'catkin_cmake_args': None, 'catkin_skip_building_tests': False, 'cmake_args': None, 'cmake_clean_cache': False, 'cmake_clean_first': False, 'cmake_force_configure': False, 'cmake_target': None, 'cmake_target_skip_unavailable': False, 'install_base': '/home/dmpasgal/Clothy/ROS/turtlebot3_ws/src/install/my_slam', 'merge_install': False, 'path': '/home/dmpasgal/Clothy/ROS/turtlebot3_ws/src/my_slam', 'symlink_install': False, 'test_result_base': None}
[1.910s] Level 5:colcon.colcon_core.verb:set package 'provide_map' build argument 'cmake_args' from command line to 'None'
[1.910s] Level 5:colcon.colcon_core.verb:set package 'provide_map' build argument 'cmake_target' from command line to 'None'
[1.910s] Level 5:colcon.colcon_core.verb:set package 'provide_map' build argument 'cmake_target_skip_unavailable' from command line to 'False'
[1.911s] Level 5:colcon.colcon_core.verb:set package 'provide_map' build argument 'cmake_clean_cache' from command line to 'False'
[1.911s] Level 5:colcon.colcon_core.verb:set package 'provide_map' build argument 'cmake_clean_first' from command line to 'False'
[1.911s] Level 5:colcon.colcon_core.verb:set package 'provide_map' build argument 'cmake_force_configure' from command line to 'False'
[1.911s] Level 5:colcon.colcon_core.verb:set package 'provide_map' build argument 'ament_cmake_args' from command line to 'None'
[1.911s] Level 5:colcon.colcon_core.verb:set package 'provide_map' build argument 'catkin_cmake_args' from command line to 'None'
[1.911s] Level 5:colcon.colcon_core.verb:set package 'provide_map' build argument 'catkin_skip_building_tests' from command line to 'False'
[1.911s] DEBUG:colcon.colcon_core.verb:Building package 'provide_map' with the following arguments: {'ament_cmake_args': None, 'build_base': '/home/dmpasgal/Clothy/ROS/turtlebot3_ws/src/build/provide_map', 'catkin_cmake_args': None, 'catkin_skip_building_tests': False, 'cmake_args': None, 'cmake_clean_cache': False, 'cmake_clean_first': False, 'cmake_force_configure': False, 'cmake_target': None, 'cmake_target_skip_unavailable': False, 'install_base': '/home/dmpasgal/Clothy/ROS/turtlebot3_ws/src/install/provide_map', 'merge_install': False, 'path': '/home/dmpasgal/Clothy/ROS/turtlebot3_ws/src/provide_map', 'symlink_install': False, 'test_result_base': None}
[1.933s] Level 5:colcon.colcon_core.verb:set package 'turtlebot3_fake_node' build argument 'cmake_args' from command line to 'None'
[1.934s] Level 5:colcon.colcon_core.verb:set package 'turtlebot3_fake_node' build argument 'cmake_target' from command line to 'None'
[1.934s] Level 5:colcon.colcon_core.verb:set package 'turtlebot3_fake_node' build argument 'cmake_target_skip_unavailable' from command line to 'False'
[1.934s] Level 5:colcon.colcon_core.verb:set package 'turtlebot3_fake_node' build argument 'cmake_clean_cache' from command line to 'False'
[1.934s] Level 5:colcon.colcon_core.verb:set package 'turtlebot3_fake_node' build argument 'cmake_clean_first' from command line to 'False'
[1.934s] Level 5:colcon.colcon_core.verb:set package 'turtlebot3_fake_node' build argument 'cmake_force_configure' from command line to 'False'
[1.934s] Level 5:colcon.colcon_core.verb:set package 'turtlebot3_fake_node' build argument 'ament_cmake_args' from command line to 'None'
[1.934s] Level 5:colcon.colcon_core.verb:set package 'turtlebot3_fake_node' build argument 'catkin_cmake_args' from command line to 'None'
[1.934s] Level 5:colcon.colcon_core.verb:set package 'turtlebot3_fake_node' build argument 'catkin_skip_building_tests' from command line to 'False'
[1.934s] DEBUG:colcon.colcon_core.verb:Building package 'turtlebot3_fake_node' with the following arguments: {'ament_cmake_args': None, 'build_base': '/home/dmpasgal/Clothy/ROS/turtlebot3_ws/src/build/turtlebot3_fake_node', 'catkin_cmake_args': None, 'catkin_skip_building_tests': False, 'cmake_args': None, 'cmake_clean_cache': False, 'cmake_clean_first': False, 'cmake_force_configure': False, 'cmake_target': None, 'cmake_target_skip_unavailable': False, 'install_base': '/home/dmpasgal/Clothy/ROS/turtlebot3_ws/src/install/turtlebot3_fake_node', 'merge_install': False, 'path': '/home/dmpasgal/Clothy/ROS/turtlebot3_ws/src/turtlebot3_simulations/turtlebot3_fake_node', 'symlink_install': False, 'test_result_base': None}
[1.960s] Level 5:colcon.colcon_core.verb:set package 'turtlebot3_gazebo' build argument 'cmake_args' from command line to 'None'
[1.960s] Level 5:colcon.colcon_core.verb:set package 'turtlebot3_gazebo' build argument 'cmake_target' from command line to 'None'
[1.960s] Level 5:colcon.colcon_core.verb:set package 'turtlebot3_gazebo' build argument 'cmake_target_skip_unavailable' from command line to 'False'
[1.960s] Level 5:colcon.colcon_core.verb:set package 'turtlebot3_gazebo' build argument 'cmake_clean_cache' from command line to 'False'
[1.960s] Level 5:colcon.colcon_core.verb:set package 'turtlebot3_gazebo' build argument 'cmake_clean_first' from command line to 'False'
[1.960s] Level 5:colcon.colcon_core.verb:set package 'turtlebot3_gazebo' build argument 'cmake_force_configure' from command line to 'False'
[1.960s] Level 5:colcon.colcon_core.verb:set package 'turtlebot3_gazebo' build argument 'ament_cmake_args' from command line to 'None'
[1.960s] Level 5:colcon.colcon_core.verb:set package 'turtlebot3_gazebo' build argument 'catkin_cmake_args' from command line to 'None'
[1.960s] Level 5:colcon.colcon_core.verb:set package 'turtlebot3_gazebo' build argument 'catkin_skip_building_tests' from command line to 'False'
[1.960s] DEBUG:colcon.colcon_core.verb:Building package 'turtlebot3_gazebo' with the following arguments: {'ament_cmake_args': None, 'build_base': '/home/dmpasgal/Clothy/ROS/turtlebot3_ws/src/build/turtlebot3_gazebo', 'catkin_cmake_args': None, 'catkin_skip_building_tests': False, 'cmake_args': None, 'cmake_clean_cache': False, 'cmake_clean_first': False, 'cmake_force_configure': False, 'cmake_target': None, 'cmake_target_skip_unavailable': False, 'install_base': '/home/dmpasgal/Clothy/ROS/turtlebot3_ws/src/install/turtlebot3_gazebo', 'merge_install': False, 'path': '/home/dmpasgal/Clothy/ROS/turtlebot3_ws/src/turtlebot3_simulations/turtlebot3_gazebo', 'symlink_install': False, 'test_result_base': None}
[1.984s] Level 5:colcon.colcon_core.verb:set package 'my_world' build argument 'cmake_args' from command line to 'None'
[1.984s] Level 5:colcon.colcon_core.verb:set package 'my_world' build argument 'cmake_target' from command line to 'None'
[1.984s] Level 5:colcon.colcon_core.verb:set package 'my_world' build argument 'cmake_target_skip_unavailable' from command line to 'False'
[1.984s] Level 5:colcon.colcon_core.verb:set package 'my_world' build argument 'cmake_clean_cache' from command line to 'False'
[1.984s] Level 5:colcon.colcon_core.verb:set package 'my_world' build argument 'cmake_clean_first' from command line to 'False'
[1.984s] Level 5:colcon.colcon_core.verb:set package 'my_world' build argument 'cmake_force_configure' from command line to 'False'
[1.984s] Level 5:colcon.colcon_core.verb:set package 'my_world' build argument 'ament_cmake_args' from command line to 'None'
[1.984s] Level 5:colcon.colcon_core.verb:set package 'my_world' build argument 'catkin_cmake_args' from command line to 'None'
[1.985s] Level 5:colcon.colcon_core.verb:set package 'my_world' build argument 'catkin_skip_building_tests' from command line to 'False'
[1.985s] DEBUG:colcon.colcon_core.verb:Building package 'my_world' with the following arguments: {'ament_cmake_args': None, 'build_base': '/home/dmpasgal/Clothy/ROS/turtlebot3_ws/src/build/my_world', 'catkin_cmake_args': None, 'catkin_skip_building_tests': False, 'cmake_args': None, 'cmake_clean_cache': False, 'cmake_clean_first': False, 'cmake_force_configure': False, 'cmake_target': None, 'cmake_target_skip_unavailable': False, 'install_base': '/home/dmpasgal/Clothy/ROS/turtlebot3_ws/src/install/my_world', 'merge_install': False, 'path': '/home/dmpasgal/Clothy/ROS/turtlebot3_ws/src/my_world', 'symlink_install': False, 'test_result_base': None}
[2.007s] Level 5:colcon.colcon_core.verb:set package 'show_msg' build argument 'cmake_args' from command line to 'None'
[2.007s] Level 5:colcon.colcon_core.verb:set package 'show_msg' build argument 'cmake_target' from command line to 'None'
[2.007s] Level 5:colcon.colcon_core.verb:set package 'show_msg' build argument 'cmake_target_skip_unavailable' from command line to 'False'
[2.007s] Level 5:colcon.colcon_core.verb:set package 'show_msg' build argument 'cmake_clean_cache' from command line to 'False'
[2.007s] Level 5:colcon.colcon_core.verb:set package 'show_msg' build argument 'cmake_clean_first' from command line to 'False'
[2.007s] Level 5:colcon.colcon_core.verb:set package 'show_msg' build argument 'cmake_force_configure' from command line to 'False'
[2.007s] Level 5:colcon.colcon_core.verb:set package 'show_msg' build argument 'ament_cmake_args' from command line to 'None'
[2.007s] Level 5:colcon.colcon_core.verb:set package 'show_msg' build argument 'catkin_cmake_args' from command line to 'None'
[2.007s] Level 5:colcon.colcon_core.verb:set package 'show_msg' build argument 'catkin_skip_building_tests' from command line to 'False'
[2.007s] DEBUG:colcon.colcon_core.verb:Building package 'show_msg' with the following arguments: {'ament_cmake_args': None, 'build_base': '/home/dmpasgal/Clothy/ROS/turtlebot3_ws/src/build/show_msg', 'catkin_cmake_args': None, 'catkin_skip_building_tests': False, 'cmake_args': None, 'cmake_clean_cache': False, 'cmake_clean_first': False, 'cmake_force_configure': False, 'cmake_target': None, 'cmake_target_skip_unavailable': False, 'install_base': '/home/dmpasgal/Clothy/ROS/turtlebot3_ws/src/install/show_msg', 'merge_install': False, 'path': '/home/dmpasgal/Clothy/ROS/turtlebot3_ws/src/show_msg', 'symlink_install': False, 'test_result_base': None}
[2.040s] Level 5:colcon.colcon_core.verb:set package 'turtlebot3_simulations' build argument 'cmake_args' from command line to 'None'
[2.040s] Level 5:colcon.colcon_core.verb:set package 'turtlebot3_simulations' build argument 'cmake_target' from command line to 'None'
[2.040s] Level 5:colcon.colcon_core.verb:set package 'turtlebot3_simulations' build argument 'cmake_target_skip_unavailable' from command line to 'False'
[2.040s] Level 5:colcon.colcon_core.verb:set package 'turtlebot3_simulations' build argument 'cmake_clean_cache' from command line to 'False'
[2.040s] Level 5:colcon.colcon_core.verb:set package 'turtlebot3_simulations' build argument 'cmake_clean_first' from command line to 'False'
[2.040s] Level 5:colcon.colcon_core.verb:set package 'turtlebot3_simulations' build argument 'cmake_force_configure' from command line to 'False'
[2.040s] Level 5:colcon.colcon_core.verb:set package 'turtlebot3_simulations' build argument 'ament_cmake_args' from command line to 'None'
[2.040s] Level 5:colcon.colcon_core.verb:set package 'turtlebot3_simulations' build argument 'catkin_cmake_args' from command line to 'None'
[2.040s] Level 5:colcon.colcon_core.verb:set package 'turtlebot3_simulations' build argument 'catkin_skip_building_tests' from command line to 'False'
[2.040s] DEBUG:colcon.colcon_core.verb:Building package 'turtlebot3_simulations' with the following arguments: {'ament_cmake_args': None, 'build_base': '/home/dmpasgal/Clothy/ROS/turtlebot3_ws/src/build/turtlebot3_simulations', 'catkin_cmake_args': None, 'catkin_skip_building_tests': False, 'cmake_args': None, 'cmake_clean_cache': False, 'cmake_clean_first': False, 'cmake_force_configure': False, 'cmake_target': None, 'cmake_target_skip_unavailable': False, 'install_base': '/home/dmpasgal/Clothy/ROS/turtlebot3_ws/src/install/turtlebot3_simulations', 'merge_install': False, 'path': '/home/dmpasgal/Clothy/ROS/turtlebot3_ws/src/turtlebot3_simulations/turtlebot3_simulations', 'symlink_install': False, 'test_result_base': None}
[2.063s] INFO:colcon.colcon_core.executor:Executing jobs using 'parallel' executor
[2.088s] DEBUG:colcon.colcon_parallel_executor.executor.parallel:run_until_complete
[2.088s] INFO:colcon.colcon_ros.task.ament_cmake.build:Building ROS package in '/home/dmpasgal/Clothy/ROS/turtlebot3_ws/src/turtlebot3_simulations/turtlebot3_gazebo' with build type 'ament_cmake'
[2.089s] INFO:colcon.colcon_cmake.task.cmake.build:Building CMake package in '/home/dmpasgal/Clothy/ROS/turtlebot3_ws/src/turtlebot3_simulations/turtlebot3_gazebo'
[2.114s] INFO:colcon.colcon_core.plugin_system:Skipping extension 'colcon_core.shell.bat': Not used on non-Windows systems
[2.115s] INFO:colcon.colcon_core.shell:Skip shell extension 'powershell' for command environment: Not usable outside of PowerShell
[2.115s] DEBUG:colcon.colcon_core.shell:Skip shell extension 'dsv' for command environment
[2.244s] INFO:colcon.colcon_ros.task.ament_cmake.build:Building ROS package in '/home/dmpasgal/Clothy/ROS/turtlebot3_ws/src/custom_interface' with build type 'ament_cmake'
[2.244s] INFO:colcon.colcon_cmake.task.cmake.build:Building CMake package in '/home/dmpasgal/Clothy/ROS/turtlebot3_ws/src/custom_interface'
[2.270s] INFO:colcon.colcon_core.shell:Skip shell extension 'powershell' for command environment: Not usable outside of PowerShell
[2.270s] DEBUG:colcon.colcon_core.shell:Skip shell extension 'dsv' for command environment
[2.401s] INFO:colcon.colcon_ros.task.ament_cmake.build:Building ROS package in '/home/dmpasgal/Clothy/ROS/turtlebot3_ws/src/turtlebot3_simulations/turtlebot3_fake_node' with build type 'ament_cmake'
[2.401s] INFO:colcon.colcon_cmake.task.cmake.build:Building CMake package in '/home/dmpasgal/Clothy/ROS/turtlebot3_ws/src/turtlebot3_simulations/turtlebot3_fake_node'
[2.429s] INFO:colcon.colcon_core.shell:Skip shell extension 'powershell' for command environment: Not usable outside of PowerShell
[2.429s] DEBUG:colcon.colcon_core.shell:Skip shell extension 'dsv' for command environment
[2.555s] INFO:colcon.colcon_ros.task.ament_python.build:Building ROS package in '/home/dmpasgal/Clothy/ROS/turtlebot3_ws/src/my_slam' with build type 'ament_python'
[2.556s] Level 1:colcon.colcon_core.shell:create_environment_hook('my_slam', 'ament_prefix_path')
[2.583s] INFO:colcon.colcon_core.shell:Creating environment hook '/home/dmpasgal/Clothy/ROS/turtlebot3_ws/src/install/my_slam/share/my_slam/hook/ament_prefix_path.ps1'
[2.584s] INFO:colcon.colcon_core.shell:Creating environment descriptor '/home/dmpasgal/Clothy/ROS/turtlebot3_ws/src/install/my_slam/share/my_slam/hook/ament_prefix_path.dsv'
[2.584s] INFO:colcon.colcon_core.shell:Creating environment hook '/home/dmpasgal/Clothy/ROS/turtlebot3_ws/src/install/my_slam/share/my_slam/hook/ament_prefix_path.sh'
[2.609s] INFO:colcon.colcon_core.shell:Skip shell extension 'powershell' for command environment: Not usable outside of PowerShell
[2.609s] DEBUG:colcon.colcon_core.shell:Skip shell extension 'dsv' for command environment
[2.751s] DEBUG:colcon.colcon_core.event_handler.log_command:Invoking command in '/home/dmpasgal/Clothy/ROS/turtlebot3_ws/src/build/turtlebot3_gazebo': CMAKE_PREFIX_PATH=${CMAKE_PREFIX_PATH}:/home/dmpasgal/Clothy/ROS/turtlebot3_ws/src/install/show_msg:/home/dmpasgal/Clothy/ROS/turtlebot3_ws/src/install/provide_map:/home/dmpasgal/Clothy/ROS/turtlebot3_ws/src/install/my_slam:/home/dmpasgal/turtlebot3_ws/install/show_msg:/home/dmpasgal/turtlebot3_ws/install/my_first_subscriber:/home/dmpasgal/turtlebot3_ws/install/my_first_publisher:/home/dmpasgal/turtlebot3_ws/install/my_first_node:/home/dmpasgal/turtlebot3_ws/src/install/show_msg:/opt/ros/galactic /usr/bin/cmake --build /home/dmpasgal/Clothy/ROS/turtlebot3_ws/src/build/turtlebot3_gazebo -- -j4 -l4
[2.758s] DEBUG:colcon.colcon_core.event_handler.log_command:Invoking command in '/home/dmpasgal/Clothy/ROS/turtlebot3_ws/src/build/custom_interface': CMAKE_PREFIX_PATH=${CMAKE_PREFIX_PATH}:/home/dmpasgal/Clothy/ROS/turtlebot3_ws/src/install/show_msg:/home/dmpasgal/Clothy/ROS/turtlebot3_ws/src/install/provide_map:/home/dmpasgal/Clothy/ROS/turtlebot3_ws/src/install/my_slam:/home/dmpasgal/turtlebot3_ws/install/show_msg:/home/dmpasgal/turtlebot3_ws/install/my_first_subscriber:/home/dmpasgal/turtlebot3_ws/install/my_first_publisher:/home/dmpasgal/turtlebot3_ws/install/my_first_node:/home/dmpasgal/turtlebot3_ws/src/install/show_msg:/opt/ros/galactic /usr/bin/cmake --build /home/dmpasgal/Clothy/ROS/turtlebot3_ws/src/build/custom_interface -- -j4 -l4
[2.763s] DEBUG:colcon.colcon_core.event_handler.log_command:Invoking command in '/home/dmpasgal/Clothy/ROS/turtlebot3_ws/src/build/turtlebot3_fake_node': CMAKE_PREFIX_PATH=${CMAKE_PREFIX_PATH}:/home/dmpasgal/Clothy/ROS/turtlebot3_ws/src/install/show_msg:/home/dmpasgal/Clothy/ROS/turtlebot3_ws/src/install/provide_map:/home/dmpasgal/Clothy/ROS/turtlebot3_ws/src/install/my_slam:/home/dmpasgal/turtlebot3_ws/install/show_msg:/home/dmpasgal/turtlebot3_ws/install/my_first_subscriber:/home/dmpasgal/turtlebot3_ws/install/my_first_publisher:/home/dmpasgal/turtlebot3_ws/install/my_first_node:/home/dmpasgal/turtlebot3_ws/src/install/show_msg:/opt/ros/galactic /usr/bin/cmake --build /home/dmpasgal/Clothy/ROS/turtlebot3_ws/src/build/turtlebot3_fake_node -- -j4 -l4
[2.988s] INFO:colcon.colcon_core.task.python.build:Building Python package in '/home/dmpasgal/Clothy/ROS/turtlebot3_ws/src/my_slam'
[3.119s] INFO:colcon.colcon_core.shell:Skip shell extension 'powershell' for command environment: Not usable outside of PowerShell
[3.119s] DEBUG:colcon.colcon_core.shell:Skip shell extension 'dsv' for command environment
[3.496s] DEBUG:colcon.colcon_core.event_handler.log_command:Invoked command in '/home/dmpasgal/Clothy/ROS/turtlebot3_ws/src/build/turtlebot3_fake_node' returned '0': CMAKE_PREFIX_PATH=${CMAKE_PREFIX_PATH}:/home/dmpasgal/Clothy/ROS/turtlebot3_ws/src/install/show_msg:/home/dmpasgal/Clothy/ROS/turtlebot3_ws/src/install/provide_map:/home/dmpasgal/Clothy/ROS/turtlebot3_ws/src/install/my_slam:/home/dmpasgal/turtlebot3_ws/install/show_msg:/home/dmpasgal/turtlebot3_ws/install/my_first_subscriber:/home/dmpasgal/turtlebot3_ws/install/my_first_publisher:/home/dmpasgal/turtlebot3_ws/install/my_first_node:/home/dmpasgal/turtlebot3_ws/src/install/show_msg:/opt/ros/galactic /usr/bin/cmake --build /home/dmpasgal/Clothy/ROS/turtlebot3_ws/src/build/turtlebot3_fake_node -- -j4 -l4
[3.654s] DEBUG:colcon.colcon_core.event_handler.log_command:Invoked command in '/home/dmpasgal/Clothy/ROS/turtlebot3_ws/src/build/custom_interface' returned '0': CMAKE_PREFIX_PATH=${CMAKE_PREFIX_PATH}:/home/dmpasgal/Clothy/ROS/turtlebot3_ws/src/install/show_msg:/home/dmpasgal/Clothy/ROS/turtlebot3_ws/src/install/provide_map:/home/dmpasgal/Clothy/ROS/turtlebot3_ws/src/install/my_slam:/home/dmpasgal/turtlebot3_ws/install/show_msg:/home/dmpasgal/turtlebot3_ws/install/my_first_subscriber:/home/dmpasgal/turtlebot3_ws/install/my_first_publisher:/home/dmpasgal/turtlebot3_ws/install/my_first_node:/home/dmpasgal/turtlebot3_ws/src/install/show_msg:/opt/ros/galactic /usr/bin/cmake --build /home/dmpasgal/Clothy/ROS/turtlebot3_ws/src/build/custom_interface -- -j4 -l4
[3.751s] DEBUG:colcon.colcon_core.event_handler.log_command:Invoking command in '/home/dmpasgal/Clothy/ROS/turtlebot3_ws/src/build/turtlebot3_fake_node': CMAKE_PREFIX_PATH=${CMAKE_PREFIX_PATH}:/home/dmpasgal/Clothy/ROS/turtlebot3_ws/src/install/show_msg:/home/dmpasgal/Clothy/ROS/turtlebot3_ws/src/install/provide_map:/home/dmpasgal/Clothy/ROS/turtlebot3_ws/src/install/my_slam:/home/dmpasgal/turtlebot3_ws/install/show_msg:/home/dmpasgal/turtlebot3_ws/install/my_first_subscriber:/home/dmpasgal/turtlebot3_ws/install/my_first_publisher:/home/dmpasgal/turtlebot3_ws/install/my_first_node:/home/dmpasgal/turtlebot3_ws/src/install/show_msg:/opt/ros/galactic /usr/bin/cmake --install /home/dmpasgal/Clothy/ROS/turtlebot3_ws/src/build/turtlebot3_fake_node
[3.806s] DEBUG:colcon.colcon_core.event_handler.log_command:Invoking command in '/home/dmpasgal/Clothy/ROS/turtlebot3_ws/src/my_slam': PYTHONPATH=/home/dmpasgal/Clothy/ROS/turtlebot3_ws/src/build/my_slam/prefix_override:/home/dmpasgal/Clothy/ROS/turtlebot3_ws/src/install/my_slam/lib/python3.8/site-packages:${PYTHONPATH} /usr/bin/python3 setup.py egg_info --egg-base ../build/my_slam build --build-base /home/dmpasgal/Clothy/ROS/turtlebot3_ws/src/build/my_slam/build install --record /home/dmpasgal/Clothy/ROS/turtlebot3_ws/src/build/my_slam/install.log --single-version-externally-managed
[3.826s] Level 1:colcon.colcon_core.environment:create_environment_scripts_only(turtlebot3_fake_node)
[3.827s] DEBUG:colcon.colcon_core.event_handler.log_command:Invoked command in '/home/dmpasgal/Clothy/ROS/turtlebot3_ws/src/build/turtlebot3_fake_node' returned '0': CMAKE_PREFIX_PATH=${CMAKE_PREFIX_PATH}:/home/dmpasgal/Clothy/ROS/turtlebot3_ws/src/install/show_msg:/home/dmpasgal/Clothy/ROS/turtlebot3_ws/src/install/provide_map:/home/dmpasgal/Clothy/ROS/turtlebot3_ws/src/install/my_slam:/home/dmpasgal/turtlebot3_ws/install/show_msg:/home/dmpasgal/turtlebot3_ws/install/my_first_subscriber:/home/dmpasgal/turtlebot3_ws/install/my_first_publisher:/home/dmpasgal/turtlebot3_ws/install/my_first_node:/home/dmpasgal/turtlebot3_ws/src/install/show_msg:/opt/ros/galactic /usr/bin/cmake --install /home/dmpasgal/Clothy/ROS/turtlebot3_ws/src/build/turtlebot3_fake_node
[3.855s] Level 1:colcon.colcon_core.environment:checking '/home/dmpasgal/Clothy/ROS/turtlebot3_ws/src/install/turtlebot3_fake_node' for CMake module files
[3.855s] Level 1:colcon.colcon_core.environment:checking '/home/dmpasgal/Clothy/ROS/turtlebot3_ws/src/install/turtlebot3_fake_node' for CMake config files
[3.856s] Level 1:colcon.colcon_core.shell:create_environment_hook('turtlebot3_fake_node', 'cmake_prefix_path')
[3.886s] INFO:colcon.colcon_core.shell:Creating environment hook '/home/dmpasgal/Clothy/ROS/turtlebot3_ws/src/install/turtlebot3_fake_node/share/turtlebot3_fake_node/hook/cmake_prefix_path.ps1'
[3.887s] INFO:colcon.colcon_core.shell:Creating environment descriptor '/home/dmpasgal/Clothy/ROS/turtlebot3_ws/src/install/turtlebot3_fake_node/share/turtlebot3_fake_node/hook/cmake_prefix_path.dsv'
[3.887s] INFO:colcon.colcon_core.shell:Creating environment hook '/home/dmpasgal/Clothy/ROS/turtlebot3_ws/src/install/turtlebot3_fake_node/share/turtlebot3_fake_node/hook/cmake_prefix_path.sh'
[3.889s] Level 1:colcon.colcon_core.environment:checking '/home/dmpasgal/Clothy/ROS/turtlebot3_ws/src/install/turtlebot3_fake_node/lib'
[3.889s] Level 1:colcon.colcon_core.environment:checking '/home/dmpasgal/Clothy/ROS/turtlebot3_ws/src/install/turtlebot3_fake_node/bin'
[3.889s] Level 1:colcon.colcon_core.environment:checking '/home/dmpasgal/Clothy/ROS/turtlebot3_ws/src/install/turtlebot3_fake_node/lib/pkgconfig/turtlebot3_fake_node.pc'
[3.889s] Level 1:colcon.colcon_core.environment:checking '/home/dmpasgal/Clothy/ROS/turtlebot3_ws/src/install/turtlebot3_fake_node/lib/python3.8/site-packages'
[3.889s] Level 1:colcon.colcon_core.environment:checking '/home/dmpasgal/Clothy/ROS/turtlebot3_ws/src/install/turtlebot3_fake_node/bin'
[3.919s] INFO:colcon.colcon_core.shell:Creating package script '/home/dmpasgal/Clothy/ROS/turtlebot3_ws/src/install/turtlebot3_fake_node/share/turtlebot3_fake_node/package.ps1'
[3.920s] INFO:colcon.colcon_core.shell:Creating package descriptor '/home/dmpasgal/Clothy/ROS/turtlebot3_ws/src/install/turtlebot3_fake_node/share/turtlebot3_fake_node/package.dsv'
[3.920s] INFO:colcon.colcon_core.shell:Creating package script '/home/dmpasgal/Clothy/ROS/turtlebot3_ws/src/install/turtlebot3_fake_node/share/turtlebot3_fake_node/package.sh'
[3.921s] INFO:colcon.colcon_core.shell:Creating package script '/home/dmpasgal/Clothy/ROS/turtlebot3_ws/src/install/turtlebot3_fake_node/share/turtlebot3_fake_node/package.bash'
[3.922s] INFO:colcon.colcon_core.shell:Creating package script '/home/dmpasgal/Clothy/ROS/turtlebot3_ws/src/install/turtlebot3_fake_node/share/turtlebot3_fake_node/package.zsh'
[3.923s] Level 1:colcon.colcon_core.environment:create_file_with_runtime_dependencies(/home/dmpasgal/Clothy/ROS/turtlebot3_ws/src/install/turtlebot3_fake_node/share/colcon-core/packages/turtlebot3_fake_node)
[3.970s] DEBUG:colcon.colcon_core.event_handler.log_command:Invoking command in '/home/dmpasgal/Clothy/ROS/turtlebot3_ws/src/build/custom_interface': CMAKE_PREFIX_PATH=${CMAKE_PREFIX_PATH}:/home/dmpasgal/Clothy/ROS/turtlebot3_ws/src/install/show_msg:/home/dmpasgal/Clothy/ROS/turtlebot3_ws/src/install/provide_map:/home/dmpasgal/Clothy/ROS/turtlebot3_ws/src/install/my_slam:/home/dmpasgal/turtlebot3_ws/install/show_msg:/home/dmpasgal/turtlebot3_ws/install/my_first_subscriber:/home/dmpasgal/turtlebot3_ws/install/my_first_publisher:/home/dmpasgal/turtlebot3_ws/install/my_first_node:/home/dmpasgal/turtlebot3_ws/src/install/show_msg:/opt/ros/galactic /usr/bin/cmake --install /home/dmpasgal/Clothy/ROS/turtlebot3_ws/src/build/custom_interface
[4.016s] Level 1:colcon.colcon_core.environment:create_environment_scripts_only(turtlebot3_fake_node)
[4.084s] Level 1:colcon.colcon_core.environment:checking '/home/dmpasgal/Clothy/ROS/turtlebot3_ws/src/install/turtlebot3_fake_node' for CMake module files
[4.085s] Level 1:colcon.colcon_core.environment:checking '/home/dmpasgal/Clothy/ROS/turtlebot3_ws/src/install/turtlebot3_fake_node' for CMake config files
[4.086s] Level 1:colcon.colcon_core.shell:create_environment_hook('turtlebot3_fake_node', 'cmake_prefix_path')
[4.155s] INFO:colcon.colcon_core.shell:Creating environment hook '/home/dmpasgal/Clothy/ROS/turtlebot3_ws/src/install/turtlebot3_fake_node/share/turtlebot3_fake_node/hook/cmake_prefix_path.ps1'
[4.157s] INFO:colcon.colcon_core.shell:Creating environment descriptor '/home/dmpasgal/Clothy/ROS/turtlebot3_ws/src/install/turtlebot3_fake_node/share/turtlebot3_fake_node/hook/cmake_prefix_path.dsv'
[4.158s] INFO:colcon.colcon_core.shell:Creating environment hook '/home/dmpasgal/Clothy/ROS/turtlebot3_ws/src/install/turtlebot3_fake_node/share/turtlebot3_fake_node/hook/cmake_prefix_path.sh'
[4.163s] Level 1:colcon.colcon_core.environment:checking '/home/dmpasgal/Clothy/ROS/turtlebot3_ws/src/install/turtlebot3_fake_node/lib'
[4.163s] Level 1:colcon.colcon_core.environment:checking '/home/dmpasgal/Clothy/ROS/turtlebot3_ws/src/install/turtlebot3_fake_node/bin'
[4.163s] Level 1:colcon.colcon_core.environment:checking '/home/dmpasgal/Clothy/ROS/turtlebot3_ws/src/install/turtlebot3_fake_node/lib/pkgconfig/turtlebot3_fake_node.pc'
[4.163s] Level 1:colcon.colcon_core.environment:checking '/home/dmpasgal/Clothy/ROS/turtlebot3_ws/src/install/turtlebot3_fake_node/lib/python3.8/site-packages'
[4.163s] Level 1:colcon.colcon_core.environment:checking '/home/dmpasgal/Clothy/ROS/turtlebot3_ws/src/install/turtlebot3_fake_node/bin'
[4.233s] INFO:colcon.colcon_core.shell:Creating package script '/home/dmpasgal/Clothy/ROS/turtlebot3_ws/src/install/turtlebot3_fake_node/share/turtlebot3_fake_node/package.ps1'
[4.234s] INFO:colcon.colcon_core.shell:Creating package descriptor '/home/dmpasgal/Clothy/ROS/turtlebot3_ws/src/install/turtlebot3_fake_node/share/turtlebot3_fake_node/package.dsv'
[4.235s] INFO:colcon.colcon_core.shell:Creating package script '/home/dmpasgal/Clothy/ROS/turtlebot3_ws/src/install/turtlebot3_fake_node/share/turtlebot3_fake_node/package.sh'
[4.235s] INFO:colcon.colcon_core.shell:Creating package script '/home/dmpasgal/Clothy/ROS/turtlebot3_ws/src/install/turtlebot3_fake_node/share/turtlebot3_fake_node/package.bash'
[4.236s] INFO:colcon.colcon_core.shell:Creating package script '/home/dmpasgal/Clothy/ROS/turtlebot3_ws/src/install/turtlebot3_fake_node/share/turtlebot3_fake_node/package.zsh'
[4.236s] Level 1:colcon.colcon_core.environment:create_file_with_runtime_dependencies(/home/dmpasgal/Clothy/ROS/turtlebot3_ws/src/install/turtlebot3_fake_node/share/colcon-core/packages/turtlebot3_fake_node)
[4.237s] INFO:colcon.colcon_ros.task.ament_python.build:Building ROS package in '/home/dmpasgal/Clothy/ROS/turtlebot3_ws/src/provide_map' with build type 'ament_python'
[4.250s] Level 1:colcon.colcon_core.shell:create_environment_hook('provide_map', 'ament_prefix_path')
[4.337s] INFO:colcon.colcon_core.shell:Creating environment hook '/home/dmpasgal/Clothy/ROS/turtlebot3_ws/src/install/provide_map/share/provide_map/hook/ament_prefix_path.ps1'
[4.338s] INFO:colcon.colcon_core.shell:Creating environment descriptor '/home/dmpasgal/Clothy/ROS/turtlebot3_ws/src/install/provide_map/share/provide_map/hook/ament_prefix_path.dsv'
[4.338s] INFO:colcon.colcon_core.shell:Creating environment hook '/home/dmpasgal/Clothy/ROS/turtlebot3_ws/src/install/provide_map/share/provide_map/hook/ament_prefix_path.sh'
[4.432s] INFO:colcon.colcon_core.shell:Skip shell extension 'powershell' for command environment: Not usable outside of PowerShell
[4.433s] DEBUG:colcon.colcon_core.shell:Skip shell extension 'dsv' for command environment
[4.639s] Level 1:colcon.colcon_core.environment:create_environment_scripts_only(custom_interface)
[4.641s] DEBUG:colcon.colcon_core.event_handler.log_command:Invoked command in '/home/dmpasgal/Clothy/ROS/turtlebot3_ws/src/build/custom_interface' returned '0': CMAKE_PREFIX_PATH=${CMAKE_PREFIX_PATH}:/home/dmpasgal/Clothy/ROS/turtlebot3_ws/src/install/show_msg:/home/dmpasgal/Clothy/ROS/turtlebot3_ws/src/install/provide_map:/home/dmpasgal/Clothy/ROS/turtlebot3_ws/src/install/my_slam:/home/dmpasgal/turtlebot3_ws/install/show_msg:/home/dmpasgal/turtlebot3_ws/install/my_first_subscriber:/home/dmpasgal/turtlebot3_ws/install/my_first_publisher:/home/dmpasgal/turtlebot3_ws/install/my_first_node:/home/dmpasgal/turtlebot3_ws/src/install/show_msg:/opt/ros/galactic /usr/bin/cmake --install /home/dmpasgal/Clothy/ROS/turtlebot3_ws/src/build/custom_interface
[4.667s] Level 1:colcon.colcon_core.environment:checking '/home/dmpasgal/Clothy/ROS/turtlebot3_ws/src/install/custom_interface' for CMake module files
[4.668s] Level 1:colcon.colcon_core.environment:checking '/home/dmpasgal/Clothy/ROS/turtlebot3_ws/src/install/custom_interface' for CMake config files
[4.669s] Level 1:colcon.colcon_core.shell:create_environment_hook('custom_interface', 'cmake_prefix_path')
[4.692s] INFO:colcon.colcon_core.shell:Creating environment hook '/home/dmpasgal/Clothy/ROS/turtlebot3_ws/src/install/custom_interface/share/custom_interface/hook/cmake_prefix_path.ps1'
[4.696s] INFO:colcon.colcon_core.shell:Creating environment descriptor '/home/dmpasgal/Clothy/ROS/turtlebot3_ws/src/install/custom_interface/share/custom_interface/hook/cmake_prefix_path.dsv'
[4.697s] INFO:colcon.colcon_core.shell:Creating environment hook '/home/dmpasgal/Clothy/ROS/turtlebot3_ws/src/install/custom_interface/share/custom_interface/hook/cmake_prefix_path.sh'
[4.698s] Level 1:colcon.colcon_core.environment:checking '/home/dmpasgal/Clothy/ROS/turtlebot3_ws/src/install/custom_interface/lib'
[4.699s] Level 1:colcon.colcon_core.shell:create_environment_hook('custom_interface', 'ld_library_path_lib')
[4.725s] INFO:colcon.colcon_core.shell:Creating environment hook '/home/dmpasgal/Clothy/ROS/turtlebot3_ws/src/install/custom_interface/share/custom_interface/hook/ld_library_path_lib.ps1'
[4.925s] INFO:colcon.colcon_core.shell:Creating environment descriptor '/home/dmpasgal/Clothy/ROS/turtlebot3_ws/src/install/custom_interface/share/custom_interface/hook/ld_library_path_lib.dsv'
[4.927s] INFO:colcon.colcon_core.shell:Creating environment hook '/home/dmpasgal/Clothy/ROS/turtlebot3_ws/src/install/custom_interface/share/custom_interface/hook/ld_library_path_lib.sh'
[4.933s] Level 1:colcon.colcon_core.environment:checking '/home/dmpasgal/Clothy/ROS/turtlebot3_ws/src/install/custom_interface/bin'
[4.934s] Level 1:colcon.colcon_core.environment:checking '/home/dmpasgal/Clothy/ROS/turtlebot3_ws/src/install/custom_interface/lib/pkgconfig/custom_interface.pc'
[4.934s] Level 1:colcon.colcon_core.environment:checking '/home/dmpasgal/Clothy/ROS/turtlebot3_ws/src/install/custom_interface/lib/python3.8/site-packages'
[4.934s] Level 1:colcon.colcon_core.shell:create_environment_hook('custom_interface', 'pythonpath')
[4.976s] INFO:colcon.colcon_core.shell:Creating environment hook '/home/dmpasgal/Clothy/ROS/turtlebot3_ws/src/install/custom_interface/share/custom_interface/hook/pythonpath.ps1'
[4.977s] INFO:colcon.colcon_core.shell:Creating environment descriptor '/home/dmpasgal/Clothy/ROS/turtlebot3_ws/src/install/custom_interface/share/custom_interface/hook/pythonpath.dsv'
[4.977s] INFO:colcon.colcon_core.shell:Creating environment hook '/home/dmpasgal/Clothy/ROS/turtlebot3_ws/src/install/custom_interface/share/custom_interface/hook/pythonpath.sh'
[4.978s] Level 1:colcon.colcon_core.environment:checking '/home/dmpasgal/Clothy/ROS/turtlebot3_ws/src/install/custom_interface/bin'
[5.002s] INFO:colcon.colcon_core.shell:Creating package script '/home/dmpasgal/Clothy/ROS/turtlebot3_ws/src/install/custom_interface/share/custom_interface/package.ps1'
[5.004s] INFO:colcon.colcon_core.shell:Creating package descriptor '/home/dmpasgal/Clothy/ROS/turtlebot3_ws/src/install/custom_interface/share/custom_interface/package.dsv'
[5.005s] INFO:colcon.colcon_core.shell:Creating package script '/home/dmpasgal/Clothy/ROS/turtlebot3_ws/src/install/custom_interface/share/custom_interface/package.sh'
[5.006s] INFO:colcon.colcon_core.shell:Creating package script '/home/dmpasgal/Clothy/ROS/turtlebot3_ws/src/install/custom_interface/share/custom_interface/package.bash'
[5.009s] INFO:colcon.colcon_core.shell:Creating package script '/home/dmpasgal/Clothy/ROS/turtlebot3_ws/src/install/custom_interface/share/custom_interface/package.zsh'
[5.011s] Level 1:colcon.colcon_core.environment:create_file_with_runtime_dependencies(/home/dmpasgal/Clothy/ROS/turtlebot3_ws/src/install/custom_interface/share/colcon-core/packages/custom_interface)
[5.023s] DEBUG:colcon.colcon_core.event_handler.log_command:Invoked command in '/home/dmpasgal/Clothy/ROS/turtlebot3_ws/src/my_slam' returned '0': PYTHONPATH=/home/dmpasgal/Clothy/ROS/turtlebot3_ws/src/build/my_slam/prefix_override:/home/dmpasgal/Clothy/ROS/turtlebot3_ws/src/install/my_slam/lib/python3.8/site-packages:${PYTHONPATH} /usr/bin/python3 setup.py egg_info --egg-base ../build/my_slam build --build-base /home/dmpasgal/Clothy/ROS/turtlebot3_ws/src/build/my_slam/build install --record /home/dmpasgal/Clothy/ROS/turtlebot3_ws/src/build/my_slam/install.log --single-version-externally-managed
[5.108s] Level 1:colcon.colcon_core.environment:checking '/home/dmpasgal/Clothy/ROS/turtlebot3_ws/src/install/my_slam' for CMake module files
[5.110s] Level 1:colcon.colcon_core.environment:checking '/home/dmpasgal/Clothy/ROS/turtlebot3_ws/src/install/my_slam' for CMake config files
[5.113s] Level 1:colcon.colcon_core.environment:checking '/home/dmpasgal/Clothy/ROS/turtlebot3_ws/src/install/my_slam/lib'
[5.115s] Level 1:colcon.colcon_core.environment:checking '/home/dmpasgal/Clothy/ROS/turtlebot3_ws/src/install/my_slam/bin'
[5.115s] Level 1:colcon.colcon_core.environment:checking '/home/dmpasgal/Clothy/ROS/turtlebot3_ws/src/install/my_slam/lib/pkgconfig/my_slam.pc'
[5.117s] Level 1:colcon.colcon_core.environment:checking '/home/dmpasgal/Clothy/ROS/turtlebot3_ws/src/install/my_slam/lib/python3.8/site-packages'
[5.117s] Level 1:colcon.colcon_core.shell:create_environment_hook('my_slam', 'pythonpath')
[5.155s] INFO:colcon.colcon_core.shell:Creating environment hook '/home/dmpasgal/Clothy/ROS/turtlebot3_ws/src/install/my_slam/share/my_slam/hook/pythonpath.ps1'
[5.155s] INFO:colcon.colcon_core.shell:Creating environment descriptor '/home/dmpasgal/Clothy/ROS/turtlebot3_ws/src/install/my_slam/share/my_slam/hook/pythonpath.dsv'
[5.156s] INFO:colcon.colcon_core.shell:Creating environment hook '/home/dmpasgal/Clothy/ROS/turtlebot3_ws/src/install/my_slam/share/my_slam/hook/pythonpath.sh'
[5.157s] Level 1:colcon.colcon_core.environment:checking '/home/dmpasgal/Clothy/ROS/turtlebot3_ws/src/install/my_slam/bin'
[5.157s] Level 1:colcon.colcon_core.environment:create_environment_scripts_only(my_slam)
[5.191s] INFO:colcon.colcon_core.shell:Creating package script '/home/dmpasgal/Clothy/ROS/turtlebot3_ws/src/install/my_slam/share/my_slam/package.ps1'
[5.191s] INFO:colcon.colcon_core.shell:Creating package descriptor '/home/dmpasgal/Clothy/ROS/turtlebot3_ws/src/install/my_slam/share/my_slam/package.dsv'
[5.192s] INFO:colcon.colcon_core.shell:Creating package script '/home/dmpasgal/Clothy/ROS/turtlebot3_ws/src/install/my_slam/share/my_slam/package.sh'
[5.192s] INFO:colcon.colcon_core.shell:Creating package script '/home/dmpasgal/Clothy/ROS/turtlebot3_ws/src/install/my_slam/share/my_slam/package.bash'
[5.193s] INFO:colcon.colcon_core.shell:Creating package script '/home/dmpasgal/Clothy/ROS/turtlebot3_ws/src/install/my_slam/share/my_slam/package.zsh'
[5.193s] Level 1:colcon.colcon_core.environment:create_file_with_runtime_dependencies(/home/dmpasgal/Clothy/ROS/turtlebot3_ws/src/install/my_slam/share/colcon-core/packages/my_slam)
[6.168s] INFO:colcon.colcon_core.task.python.build:Building Python package in '/home/dmpasgal/Clothy/ROS/turtlebot3_ws/src/provide_map'
[6.219s] INFO:colcon.colcon_core.shell:Skip shell extension 'powershell' for command environment: Not usable outside of PowerShell
[6.219s] DEBUG:colcon.colcon_core.shell:Skip shell extension 'dsv' for command environment
[7.133s] Level 1:colcon.colcon_core.environment:create_environment_scripts_only(custom_interface)
[7.176s] Level 1:colcon.colcon_core.environment:checking '/home/dmpasgal/Clothy/ROS/turtlebot3_ws/src/install/custom_interface' for CMake module files
[7.194s] Level 1:colcon.colcon_core.environment:checking '/home/dmpasgal/Clothy/ROS/turtlebot3_ws/src/install/custom_interface' for CMake config files
[7.208s] Level 1:colcon.colcon_core.shell:create_environment_hook('custom_interface', 'cmake_prefix_path')
[7.423s] INFO:colcon.colcon_core.shell:Creating environment hook '/home/dmpasgal/Clothy/ROS/turtlebot3_ws/src/install/custom_interface/share/custom_interface/hook/cmake_prefix_path.ps1'
[7.441s] INFO:colcon.colcon_core.shell:Creating environment descriptor '/home/dmpasgal/Clothy/ROS/turtlebot3_ws/src/install/custom_interface/share/custom_interface/hook/cmake_prefix_path.dsv'
[7.447s] INFO:colcon.colcon_core.shell:Creating environment hook '/home/dmpasgal/Clothy/ROS/turtlebot3_ws/src/install/custom_interface/share/custom_interface/hook/cmake_prefix_path.sh'
[7.491s] Level 1:colcon.colcon_core.environment:checking '/home/dmpasgal/Clothy/ROS/turtlebot3_ws/src/install/custom_interface/lib'
[7.492s] Level 1:colcon.colcon_core.shell:create_environment_hook('custom_interface', 'ld_library_path_lib')
[7.641s] INFO:colcon.colcon_core.shell:Creating environment hook '/home/dmpasgal/Clothy/ROS/turtlebot3_ws/src/install/custom_interface/share/custom_interface/hook/ld_library_path_lib.ps1'
[7.655s] INFO:colcon.colcon_core.shell:Creating environment descriptor '/home/dmpasgal/Clothy/ROS/turtlebot3_ws/src/install/custom_interface/share/custom_interface/hook/ld_library_path_lib.dsv'
[7.656s] INFO:colcon.colcon_core.shell:Creating environment hook '/home/dmpasgal/Clothy/ROS/turtlebot3_ws/src/install/custom_interface/share/custom_interface/hook/ld_library_path_lib.sh'
[7.657s] Level 1:colcon.colcon_core.environment:checking '/home/dmpasgal/Clothy/ROS/turtlebot3_ws/src/install/custom_interface/bin'
[7.662s] Level 1:colcon.colcon_core.environment:checking '/home/dmpasgal/Clothy/ROS/turtlebot3_ws/src/install/custom_interface/lib/pkgconfig/custom_interface.pc'
[7.707s] Level 1:colcon.colcon_core.environment:checking '/home/dmpasgal/Clothy/ROS/turtlebot3_ws/src/install/custom_interface/lib/python3.8/site-packages'
[7.707s] Level 1:colcon.colcon_core.shell:create_environment_hook('custom_interface', 'pythonpath')
[7.757s] INFO:colcon.colcon_core.shell:Creating environment hook '/home/dmpasgal/Clothy/ROS/turtlebot3_ws/src/install/custom_interface/share/custom_interface/hook/pythonpath.ps1'
[7.758s] INFO:colcon.colcon_core.shell:Creating environment descriptor '/home/dmpasgal/Clothy/ROS/turtlebot3_ws/src/install/custom_interface/share/custom_interface/hook/pythonpath.dsv'
[7.758s] INFO:colcon.colcon_core.shell:Creating environment hook '/home/dmpasgal/Clothy/ROS/turtlebot3_ws/src/install/custom_interface/share/custom_interface/hook/pythonpath.sh'
[7.761s] Level 1:colcon.colcon_core.environment:checking '/home/dmpasgal/Clothy/ROS/turtlebot3_ws/src/install/custom_interface/bin'
[7.809s] INFO:colcon.colcon_core.shell:Creating package script '/home/dmpasgal/Clothy/ROS/turtlebot3_ws/src/install/custom_interface/share/custom_interface/package.ps1'
[7.811s] INFO:colcon.colcon_core.shell:Creating package descriptor '/home/dmpasgal/Clothy/ROS/turtlebot3_ws/src/install/custom_interface/share/custom_interface/package.dsv'
[7.815s] INFO:colcon.colcon_core.shell:Creating package script '/home/dmpasgal/Clothy/ROS/turtlebot3_ws/src/install/custom_interface/share/custom_interface/package.sh'
[7.817s] INFO:colcon.colcon_core.shell:Creating package script '/home/dmpasgal/Clothy/ROS/turtlebot3_ws/src/install/custom_interface/share/custom_interface/package.bash'
[7.820s] INFO:colcon.colcon_core.shell:Creating package script '/home/dmpasgal/Clothy/ROS/turtlebot3_ws/src/install/custom_interface/share/custom_interface/package.zsh'
[7.825s] Level 1:colcon.colcon_core.environment:create_file_with_runtime_dependencies(/home/dmpasgal/Clothy/ROS/turtlebot3_ws/src/install/custom_interface/share/colcon-core/packages/custom_interface)
[7.846s] INFO:colcon.colcon_ros.task.ament_python.build:Building ROS package in '/home/dmpasgal/Clothy/ROS/turtlebot3_ws/src/show_msg' with build type 'ament_python'
[7.857s] Level 1:colcon.colcon_core.shell:create_environment_hook('show_msg', 'ament_prefix_path')
[7.889s] INFO:colcon.colcon_core.shell:Creating environment hook '/home/dmpasgal/Clothy/ROS/turtlebot3_ws/src/install/show_msg/share/show_msg/hook/ament_prefix_path.ps1'
[7.901s] INFO:colcon.colcon_core.shell:Creating environment descriptor '/home/dmpasgal/Clothy/ROS/turtlebot3_ws/src/install/show_msg/share/show_msg/hook/ament_prefix_path.dsv'
[7.902s] INFO:colcon.colcon_core.shell:Creating environment hook '/home/dmpasgal/Clothy/ROS/turtlebot3_ws/src/install/show_msg/share/show_msg/hook/ament_prefix_path.sh'
[7.962s] INFO:colcon.colcon_core.shell:Skip shell extension 'powershell' for command environment: Not usable outside of PowerShell
[7.962s] DEBUG:colcon.colcon_core.shell:Skip shell extension 'dsv' for command environment
[10.315s] DEBUG:colcon.colcon_parallel_executor.executor.parallel:run_until_complete was interrupted
[10.332s] DEBUG:colcon.colcon_parallel_executor.executor.parallel:run_until_complete again
[10.463s] DEBUG:colcon.colcon_parallel_executor.executor.parallel:run_until_complete finished
[10.463s] DEBUG:colcon.colcon_parallel_executor.executor.parallel:closing loop
[10.469s] DEBUG:colcon.colcon_parallel_executor.executor.parallel:loop closed
[10.475s] DEBUG:colcon.colcon_core.event_reactor:joining thread
[10.702s] INFO:colcon.colcon_core.plugin_system:Skipping extension 'colcon_notification.desktop_notification.terminal_notifier': Not used on non-Darwin systems
[10.702s] INFO:colcon.colcon_core.plugin_system:Skipping extension 'colcon_notification.desktop_notification.win32': Not used on non-Windows systems
[10.703s] INFO:colcon.colcon_notification.desktop_notification:Sending desktop notification using 'notify2'
[11.540s] DEBUG:colcon.colcon_core.event_reactor:joined thread
[11.579s] INFO:colcon.colcon_core.shell:Creating prefix script '/home/dmpasgal/Clothy/ROS/turtlebot3_ws/src/install/local_setup.ps1'
[11.587s] INFO:colcon.colcon_core.shell:Creating prefix util module '/home/dmpasgal/Clothy/ROS/turtlebot3_ws/src/install/_local_setup_util_ps1.py'
[11.589s] INFO:colcon.colcon_core.shell:Creating prefix chain script '/home/dmpasgal/Clothy/ROS/turtlebot3_ws/src/install/setup.ps1'
[11.631s] INFO:colcon.colcon_core.shell:Creating prefix script '/home/dmpasgal/Clothy/ROS/turtlebot3_ws/src/install/local_setup.sh'
[11.632s] INFO:colcon.colcon_core.shell:Creating prefix util module '/home/dmpasgal/Clothy/ROS/turtlebot3_ws/src/install/_local_setup_util_sh.py'
[11.635s] INFO:colcon.colcon_core.shell:Creating prefix chain script '/home/dmpasgal/Clothy/ROS/turtlebot3_ws/src/install/setup.sh'
[11.668s] INFO:colcon.colcon_core.shell:Creating prefix script '/home/dmpasgal/Clothy/ROS/turtlebot3_ws/src/install/local_setup.bash'
[11.670s] INFO:colcon.colcon_core.shell:Creating prefix chain script '/home/dmpasgal/Clothy/ROS/turtlebot3_ws/src/install/setup.bash'
[11.702s] INFO:colcon.colcon_core.shell:Creating prefix script '/home/dmpasgal/Clothy/ROS/turtlebot3_ws/src/install/local_setup.zsh'
[11.706s] INFO:colcon.colcon_core.shell:Creating prefix chain script '/home/dmpasgal/Clothy/ROS/turtlebot3_ws/src/install/setup.zsh'
