[0.725s] Invoking command in '/home/cmarrod3/turtlebot3_ws/src/my_first_publisher': PS1=(rosenv) \[\e]0;\u@\h: \w\a\]${debian_chroot:+($debian_chroot)}\[\033[01;32m\]\u@\h\[\033[00m\]:\[\033[01;34m\]\w\[\033[00m\]\$ PYTHONPATH=/home/cmarrod3/turtlebot3_ws/build/my_first_publisher/prefix_override:/home/cmarrod3/turtlebot3_ws/install/my_first_publisher/lib/python3.8/site-packages:${PYTHONPATH} /usr/bin/python3 setup.py egg_info --egg-base ../../build/my_first_publisher build --build-base /home/cmarrod3/turtlebot3_ws/build/my_first_publisher/build install --record /home/cmarrod3/turtlebot3_ws/build/my_first_publisher/install.log --single-version-externally-managed
[0.870s] running egg_info
[0.870s] creating ../../build/my_first_publisher/my_first_publisher.egg-info
[0.870s] writing ../../build/my_first_publisher/my_first_publisher.egg-info/PKG-INFO
[0.871s] writing dependency_links to ../../build/my_first_publisher/my_first_publisher.egg-info/dependency_links.txt
[0.871s] writing entry points to ../../build/my_first_publisher/my_first_publisher.egg-info/entry_points.txt
[0.871s] writing requirements to ../../build/my_first_publisher/my_first_publisher.egg-info/requires.txt
[0.871s] writing top-level names to ../../build/my_first_publisher/my_first_publisher.egg-info/top_level.txt
[0.873s] writing manifest file '../../build/my_first_publisher/my_first_publisher.egg-info/SOURCES.txt'
[0.893s] reading manifest file '../../build/my_first_publisher/my_first_publisher.egg-info/SOURCES.txt'
[0.893s] writing manifest file '../../build/my_first_publisher/my_first_publisher.egg-info/SOURCES.txt'
[0.894s] running build
[0.894s] running build_py
[0.894s] creating /home/cmarrod3/turtlebot3_ws/build/my_first_publisher/build
[0.894s] creating /home/cmarrod3/turtlebot3_ws/build/my_first_publisher/build/lib
[0.894s] creating /home/cmarrod3/turtlebot3_ws/build/my_first_publisher/build/lib/my_first_publisher
[0.894s] copying my_first_publisher/__init__.py -> /home/cmarrod3/turtlebot3_ws/build/my_first_publisher/build/lib/my_first_publisher
[0.894s] copying my_first_publisher/simple_publisher.py -> /home/cmarrod3/turtlebot3_ws/build/my_first_publisher/build/lib/my_first_publisher
[0.894s] running install
[0.895s] running install_lib
[0.896s] creating /home/cmarrod3/turtlebot3_ws/install/my_first_publisher/lib/python3.8/site-packages/my_first_publisher
[0.896s] copying /home/cmarrod3/turtlebot3_ws/build/my_first_publisher/build/lib/my_first_publisher/__init__.py -> /home/cmarrod3/turtlebot3_ws/install/my_first_publisher/lib/python3.8/site-packages/my_first_publisher
[0.896s] copying /home/cmarrod3/turtlebot3_ws/build/my_first_publisher/build/lib/my_first_publisher/simple_publisher.py -> /home/cmarrod3/turtlebot3_ws/install/my_first_publisher/lib/python3.8/site-packages/my_first_publisher
[0.897s] byte-compiling /home/cmarrod3/turtlebot3_ws/install/my_first_publisher/lib/python3.8/site-packages/my_first_publisher/__init__.py to __init__.cpython-38.pyc
[0.897s] byte-compiling /home/cmarrod3/turtlebot3_ws/install/my_first_publisher/lib/python3.8/site-packages/my_first_publisher/simple_publisher.py to simple_publisher.cpython-38.pyc
[0.898s] running install_data
[0.898s] creating /home/cmarrod3/turtlebot3_ws/install/my_first_publisher/share/ament_index
[0.898s] creating /home/cmarrod3/turtlebot3_ws/install/my_first_publisher/share/ament_index/resource_index
[0.898s] creating /home/cmarrod3/turtlebot3_ws/install/my_first_publisher/share/ament_index/resource_index/packages
[0.898s] copying resource/my_first_publisher -> /home/cmarrod3/turtlebot3_ws/install/my_first_publisher/share/ament_index/resource_index/packages
[0.899s] copying package.xml -> /home/cmarrod3/turtlebot3_ws/install/my_first_publisher/share/my_first_publisher
[0.899s] running install_egg_info
[0.900s] Copying ../../build/my_first_publisher/my_first_publisher.egg-info to /home/cmarrod3/turtlebot3_ws/install/my_first_publisher/lib/python3.8/site-packages/my_first_publisher-0.0.0-py3.8.egg-info
[0.901s] running install_scripts
[0.912s] Installing simple_publisher script to /home/cmarrod3/turtlebot3_ws/install/my_first_publisher/lib/my_first_publisher
[0.913s] writing list of installed files to '/home/cmarrod3/turtlebot3_ws/build/my_first_publisher/install.log'
[0.928s] Invoked command in '/home/cmarrod3/turtlebot3_ws/src/my_first_publisher' returned '0': PS1=(rosenv) \[\e]0;\u@\h: \w\a\]${debian_chroot:+($debian_chroot)}\[\033[01;32m\]\u@\h\[\033[00m\]:\[\033[01;34m\]\w\[\033[00m\]\$ PYTHONPATH=/home/cmarrod3/turtlebot3_ws/build/my_first_publisher/prefix_override:/home/cmarrod3/turtlebot3_ws/install/my_first_publisher/lib/python3.8/site-packages:${PYTHONPATH} /usr/bin/python3 setup.py egg_info --egg-base ../../build/my_first_publisher build --build-base /home/cmarrod3/turtlebot3_ws/build/my_first_publisher/build install --record /home/cmarrod3/turtlebot3_ws/build/my_first_publisher/install.log --single-version-externally-managed
