[0.299s] Invoking command in '/home/dmpasgal/Clothy/build/my_world': AMENT_PREFIX_PATH=/home/dmpasgal/Clothy/install/turtlebot3_gazebo:${AMENT_PREFIX_PATH} CMAKE_PREFIX_PATH=/home/dmpasgal/Clothy/install/turtlebot3_gazebo:/home/dmpasgal/Clothy/install/turtlebot3_simulations:/home/dmpasgal/Clothy/install/turtlebot3_fake_node:/home/dmpasgal/Clothy/install/custom_interface:/home/dmpasgal/turtlebot3_ws/install/turtlebot3_simulations:/home/dmpasgal/turtlebot3_ws/install/turtlebot3_gazebo:/home/dmpasgal/turtlebot3_ws/install/turtlebot3_fake_node:/home/dmpasgal/turtlebot3_ws/install/package_name:/home/dmpasgal/turtlebot3_ws/install/custom_interface:/home/dmpasgal/Clothy/install/show_msg:/home/dmpasgal/Clothy/install/provide_map:/home/dmpasgal/Clothy/install/my_slam:/home/dmpasgal/turtlebot3_ws/install/show_msg:/home/dmpasgal/turtlebot3_ws/install/my_first_subscriber:/home/dmpasgal/turtlebot3_ws/install/my_first_publisher:/home/dmpasgal/turtlebot3_ws/install/my_first_node:/home/dmpasgal/turtlebot3_ws/src/install/show_msg:/opt/ros/galactic /usr/bin/cmake /home/dmpasgal/Clothy/ROS/turtlebot3_ws/src/my_world -DCMAKE_INSTALL_PREFIX=/home/dmpasgal/Clothy/install/my_world
[0.499s] -- The C compiler identification is GNU 9.4.0
[0.548s] -- The CXX compiler identification is GNU 9.4.0
[0.561s] -- Check for working C compiler: /usr/bin/cc
[0.620s] -- Check for working C compiler: /usr/bin/cc -- works
[0.622s] -- Detecting C compiler ABI info
[0.684s] -- Detecting C compiler ABI info - done
[0.691s] -- Detecting C compile features
[0.692s] -- Detecting C compile features - done
[0.695s] -- Check for working CXX compiler: /usr/bin/c++
[0.761s] -- Check for working CXX compiler: /usr/bin/c++ -- works
[0.762s] -- Detecting CXX compiler ABI info
[0.823s] -- Detecting CXX compiler ABI info - done
[0.831s] -- Detecting CXX compile features
[0.831s] -- Detecting CXX compile features - done
[0.844s] -- Found ament_cmake: 1.1.6 (/opt/ros/galactic/share/ament_cmake/cmake)
[0.876s] -- Found PythonInterp: /usr/bin/python3 (found suitable version "3.8.10", minimum required is "3") 
[0.876s] -- Using PYTHON_EXECUTABLE: /usr/bin/python3
[0.988s] -- Found PkgConfig: /usr/bin/pkg-config (found version "0.29.1") 
[0.993s] -- Checking for module 'bullet>=2.82'
[1.023s] --   Found bullet, version 2.88
[1.131s] -- Found ccd: /usr/include (found suitable version "2.0", minimum required is "2.0") 
[1.181s] -- Found fcl: /usr/include (found suitable version "0.5.0", minimum required is "0.3.2") 
[1.232s] -- Found assimp: /usr/include (found version "5.0.0") 
[1.275s] -- Found DART: /usr/include (Required is at least version "6.6") found components: dart 
[1.551s] -- Found Boost: /usr/lib/x86_64-linux-gnu/cmake/Boost-1.71.0/BoostConfig.cmake (found suitable version "1.71.0", minimum required is "1.40.0") found components: thread system filesystem program_options regex iostreams date_time 
[1.587s] -- Found Protobuf: /usr/lib/x86_64-linux-gnu/libprotobuf.so;-lpthread (found version "3.6.1") 
[1.594s] -- Looking for ignition-math6 -- found version 6.15.1
[1.606s] -- Searching for dependencies of ignition-math6
[1.610s] -- Looking for OGRE...
[1.611s] -- OGRE_PREFIX_WATCH changed.
[1.615s] -- Checking for module 'OGRE'
[1.628s] --   Found OGRE, version 1.9.0
[1.668s] -- Found Ogre Ghadamon (1.9.0)
[1.674s] -- Found OGRE: optimized;/usr/lib/x86_64-linux-gnu/libOgreMain.so;debug;/usr/lib/x86_64-linux-gnu/libOgreMain.so
[1.682s] -- Looking for OGRE_Paging...
[1.687s] -- Found OGRE_Paging: optimized;/usr/lib/x86_64-linux-gnu/libOgrePaging.so;debug;/usr/lib/x86_64-linux-gnu/libOgrePaging.so
[1.687s] -- Looking for OGRE_Terrain...
[1.692s] -- Found OGRE_Terrain: optimized;/usr/lib/x86_64-linux-gnu/libOgreTerrain.so;debug;/usr/lib/x86_64-linux-gnu/libOgreTerrain.so
[1.692s] -- Looking for OGRE_Property...
[1.697s] -- Found OGRE_Property: optimized;/usr/lib/x86_64-linux-gnu/libOgreProperty.so;debug;/usr/lib/x86_64-linux-gnu/libOgreProperty.so
[1.697s] -- Looking for OGRE_RTShaderSystem...
[1.703s] -- Found OGRE_RTShaderSystem: optimized;/usr/lib/x86_64-linux-gnu/libOgreRTShaderSystem.so;debug;/usr/lib/x86_64-linux-gnu/libOgreRTShaderSystem.so
[1.703s] -- Looking for OGRE_Volume...
[1.709s] -- Found OGRE_Volume: optimized;/usr/lib/x86_64-linux-gnu/libOgreVolume.so;debug;/usr/lib/x86_64-linux-gnu/libOgreVolume.so
[1.709s] -- Looking for OGRE_Overlay...
[1.714s] -- Found OGRE_Overlay: optimized;/usr/lib/x86_64-linux-gnu/libOgreOverlay.so;debug;/usr/lib/x86_64-linux-gnu/libOgreOverlay.so
[1.818s] -- Looking for ignition-math6 -- found version 6.15.1
[1.822s] -- Looking for ignition-transport8 -- found version 8.3.0
[1.823s] -- Searching for dependencies of ignition-transport8
[1.837s] -- Found Protobuf: /usr/lib/x86_64-linux-gnu/libprotobuf.so;-lpthread (found suitable version "3.6.1", minimum required is "3") 
[1.846s] -- Config-file not installed for ZeroMQ -- checking for pkg-config
[1.851s] -- Checking for module 'libzmq >= 4'
[1.869s] --   Found libzmq , version 4.3.2
[1.900s] -- Found ZeroMQ: TRUE (Required is at least version "4") 
[1.906s] -- Checking for module 'uuid'
[1.919s] --   Found uuid, version 2.34.0
[1.950s] -- Found UUID: TRUE  
[1.954s] -- Looking for ignition-msgs5 -- found version 5.10.0
[1.955s] -- Searching for dependencies of ignition-msgs5
[1.968s] -- Looking for ignition-math6 -- found version 6.15.1
[1.973s] -- Checking for module 'tinyxml2'
[1.987s] --   Found tinyxml2, version 6.2.0
[2.022s] -- Looking for ignition-msgs5 -- found version 5.10.0
[2.025s] -- Looking for ignition-common3 -- found version 3.14.2
[2.025s] -- Searching for dependencies of ignition-common3
[2.026s] -- Looking for dlfcn.h - found
[2.026s] -- Looking for libdl - found
[2.027s] -- Found DL: TRUE  
[2.035s] -- Searching for <ignition-common3> component [graphics]
[2.038s] -- Looking for ignition-common3-graphics -- found version 3.14.2
[2.038s] -- Searching for dependencies of ignition-common3-graphics
[2.039s] -- Looking for ignition-math6 -- found version 6.15.1
[2.043s] -- Looking for ignition-fuel_tools4 -- found version 4.6.0
[2.044s] -- Searching for dependencies of ignition-fuel_tools4
[2.109s] -- Found CURL: /usr/lib/x86_64-linux-gnu/libcurl.so (found version "7.68.0")  
[2.118s] -- Checking for module 'jsoncpp'
[2.133s] --   Found jsoncpp, version 1.7.4
[2.163s] -- Found JSONCPP: TRUE  
[2.171s] -- Checking for module 'libzip'
[2.186s] --   Found libzip, version 1.5.1
[2.217s] -- Found ZIP: TRUE  
[2.218s] -- Looking for ignition-common3 -- found version 3.14.2
[2.219s] -- Looking for ignition-math6 -- found version 6.15.1
[2.219s] -- Looking for ignition-msgs5 -- found version 5.10.0
[2.224s] -- Found gazebo_ros_pkgs: 3.5.2 (/opt/ros/galactic/share/gazebo_ros_pkgs/cmake)
[2.227s] -- Found geometry_msgs: 2.2.4 (/opt/ros/galactic/share/geometry_msgs/cmake)
[2.270s] -- Using all available rosidl_typesupport_c: rosidl_typesupport_fastrtps_c;rosidl_typesupport_introspection_c
[2.282s] -- Found rosidl_adapter: 2.2.3 (/opt/ros/galactic/share/rosidl_adapter/cmake)
[2.367s] -- Found OpenSSL: /usr/lib/x86_64-linux-gnu/libcrypto.so (found version "1.1.1f")  
[2.392s] -- Found FastRTPS: /opt/ros/galactic/include  
[2.481s] -- Using all available rosidl_typesupport_cpp: rosidl_typesupport_fastrtps_cpp;rosidl_typesupport_introspection_cpp
[2.572s] -- Found nav_msgs: 2.2.4 (/opt/ros/galactic/share/nav_msgs/cmake)
[2.635s] -- Found rclcpp: 9.2.2 (/opt/ros/galactic/share/rclcpp/cmake)
[2.713s] -- Found rmw_implementation_cmake: 3.3.1 (/opt/ros/galactic/share/rmw_implementation_cmake/cmake)
[2.722s] -- Found rmw_cyclonedds_cpp: 0.22.6 (/opt/ros/galactic/share/rmw_cyclonedds_cpp/cmake)
[2.747s] -- Using RMW implementation 'rmw_cyclonedds_cpp' as default
[2.748s] -- Found Threads: TRUE  
[2.882s] -- Found sensor_msgs: 2.2.4 (/opt/ros/galactic/share/sensor_msgs/cmake)
[2.942s] -- Found tf2: 0.17.5 (/opt/ros/galactic/share/tf2/cmake)
[2.955s] -- Found turtlebot3_gazebo: 2.2.4 (/home/dmpasgal/Clothy/install/turtlebot3_gazebo/share/turtlebot3_gazebo/cmake)
[3.034s] -- Configuring done
[3.042s] -- Generating done
[3.044s] -- Build files have been written to: /home/dmpasgal/Clothy/build/my_world
[3.052s] Invoked command in '/home/dmpasgal/Clothy/build/my_world' returned '0': AMENT_PREFIX_PATH=/home/dmpasgal/Clothy/install/turtlebot3_gazebo:${AMENT_PREFIX_PATH} CMAKE_PREFIX_PATH=/home/dmpasgal/Clothy/install/turtlebot3_gazebo:/home/dmpasgal/Clothy/install/turtlebot3_simulations:/home/dmpasgal/Clothy/install/turtlebot3_fake_node:/home/dmpasgal/Clothy/install/custom_interface:/home/dmpasgal/turtlebot3_ws/install/turtlebot3_simulations:/home/dmpasgal/turtlebot3_ws/install/turtlebot3_gazebo:/home/dmpasgal/turtlebot3_ws/install/turtlebot3_fake_node:/home/dmpasgal/turtlebot3_ws/install/package_name:/home/dmpasgal/turtlebot3_ws/install/custom_interface:/home/dmpasgal/Clothy/install/show_msg:/home/dmpasgal/Clothy/install/provide_map:/home/dmpasgal/Clothy/install/my_slam:/home/dmpasgal/turtlebot3_ws/install/show_msg:/home/dmpasgal/turtlebot3_ws/install/my_first_subscriber:/home/dmpasgal/turtlebot3_ws/install/my_first_publisher:/home/dmpasgal/turtlebot3_ws/install/my_first_node:/home/dmpasgal/turtlebot3_ws/src/install/show_msg:/opt/ros/galactic /usr/bin/cmake /home/dmpasgal/Clothy/ROS/turtlebot3_ws/src/my_world -DCMAKE_INSTALL_PREFIX=/home/dmpasgal/Clothy/install/my_world
[3.056s] Invoking command in '/home/dmpasgal/Clothy/build/my_world': AMENT_PREFIX_PATH=/home/dmpasgal/Clothy/install/turtlebot3_gazebo:${AMENT_PREFIX_PATH} CMAKE_PREFIX_PATH=/home/dmpasgal/Clothy/install/turtlebot3_gazebo:/home/dmpasgal/Clothy/install/turtlebot3_simulations:/home/dmpasgal/Clothy/install/turtlebot3_fake_node:/home/dmpasgal/Clothy/install/custom_interface:/home/dmpasgal/turtlebot3_ws/install/turtlebot3_simulations:/home/dmpasgal/turtlebot3_ws/install/turtlebot3_gazebo:/home/dmpasgal/turtlebot3_ws/install/turtlebot3_fake_node:/home/dmpasgal/turtlebot3_ws/install/package_name:/home/dmpasgal/turtlebot3_ws/install/custom_interface:/home/dmpasgal/Clothy/install/show_msg:/home/dmpasgal/Clothy/install/provide_map:/home/dmpasgal/Clothy/install/my_slam:/home/dmpasgal/turtlebot3_ws/install/show_msg:/home/dmpasgal/turtlebot3_ws/install/my_first_subscriber:/home/dmpasgal/turtlebot3_ws/install/my_first_publisher:/home/dmpasgal/turtlebot3_ws/install/my_first_node:/home/dmpasgal/turtlebot3_ws/src/install/show_msg:/opt/ros/galactic /usr/bin/cmake --build /home/dmpasgal/Clothy/build/my_world -- -j4 -l4
[3.092s] [35m[1mScanning dependencies of target turtlebot3_drive[0m
[3.278s] [ 50%] [32mBuilding CXX object CMakeFiles/turtlebot3_drive.dir/src/turtlebot3_drive.cpp.o[0m
[10.154s] [100%] [32m[1mLinking CXX executable turtlebot3_drive[0m
[10.513s] [100%] Built target turtlebot3_drive
[10.523s] Invoked command in '/home/dmpasgal/Clothy/build/my_world' returned '0': AMENT_PREFIX_PATH=/home/dmpasgal/Clothy/install/turtlebot3_gazebo:${AMENT_PREFIX_PATH} CMAKE_PREFIX_PATH=/home/dmpasgal/Clothy/install/turtlebot3_gazebo:/home/dmpasgal/Clothy/install/turtlebot3_simulations:/home/dmpasgal/Clothy/install/turtlebot3_fake_node:/home/dmpasgal/Clothy/install/custom_interface:/home/dmpasgal/turtlebot3_ws/install/turtlebot3_simulations:/home/dmpasgal/turtlebot3_ws/install/turtlebot3_gazebo:/home/dmpasgal/turtlebot3_ws/install/turtlebot3_fake_node:/home/dmpasgal/turtlebot3_ws/install/package_name:/home/dmpasgal/turtlebot3_ws/install/custom_interface:/home/dmpasgal/Clothy/install/show_msg:/home/dmpasgal/Clothy/install/provide_map:/home/dmpasgal/Clothy/install/my_slam:/home/dmpasgal/turtlebot3_ws/install/show_msg:/home/dmpasgal/turtlebot3_ws/install/my_first_subscriber:/home/dmpasgal/turtlebot3_ws/install/my_first_publisher:/home/dmpasgal/turtlebot3_ws/install/my_first_node:/home/dmpasgal/turtlebot3_ws/src/install/show_msg:/opt/ros/galactic /usr/bin/cmake --build /home/dmpasgal/Clothy/build/my_world -- -j4 -l4
[10.556s] Invoking command in '/home/dmpasgal/Clothy/build/my_world': AMENT_PREFIX_PATH=/home/dmpasgal/Clothy/install/turtlebot3_gazebo:${AMENT_PREFIX_PATH} CMAKE_PREFIX_PATH=/home/dmpasgal/Clothy/install/turtlebot3_gazebo:/home/dmpasgal/Clothy/install/turtlebot3_simulations:/home/dmpasgal/Clothy/install/turtlebot3_fake_node:/home/dmpasgal/Clothy/install/custom_interface:/home/dmpasgal/turtlebot3_ws/install/turtlebot3_simulations:/home/dmpasgal/turtlebot3_ws/install/turtlebot3_gazebo:/home/dmpasgal/turtlebot3_ws/install/turtlebot3_fake_node:/home/dmpasgal/turtlebot3_ws/install/package_name:/home/dmpasgal/turtlebot3_ws/install/custom_interface:/home/dmpasgal/Clothy/install/show_msg:/home/dmpasgal/Clothy/install/provide_map:/home/dmpasgal/Clothy/install/my_slam:/home/dmpasgal/turtlebot3_ws/install/show_msg:/home/dmpasgal/turtlebot3_ws/install/my_first_subscriber:/home/dmpasgal/turtlebot3_ws/install/my_first_publisher:/home/dmpasgal/turtlebot3_ws/install/my_first_node:/home/dmpasgal/turtlebot3_ws/src/install/show_msg:/opt/ros/galactic /usr/bin/cmake --install /home/dmpasgal/Clothy/build/my_world
[10.562s] -- Install configuration: ""
[10.563s] -- Installing: /home/dmpasgal/Clothy/install/my_world/lib/my_world/turtlebot3_drive
[10.565s] -- Set runtime path of "/home/dmpasgal/Clothy/install/my_world/lib/my_world/turtlebot3_drive" to ""
[10.565s] -- Installing: /home/dmpasgal/Clothy/install/my_world/share/my_world//launch
[10.567s] -- Installing: /home/dmpasgal/Clothy/install/my_world/share/my_world//launch/turtlebot3_my_world.launch.py
[10.568s] -- Installing: /home/dmpasgal/Clothy/install/my_world/share/my_world//models
[10.569s] -- Installing: /home/dmpasgal/Clothy/install/my_world/share/my_world//models/workcell_bin
[10.569s] -- Installing: /home/dmpasgal/Clothy/install/my_world/share/my_world//models/workcell_bin/meshes
[10.570s] -- Installing: /home/dmpasgal/Clothy/install/my_world/share/my_world//models/workcell_bin/meshes/bin.dae
[10.571s] -- Installing: /home/dmpasgal/Clothy/install/my_world/share/my_world//models/workcell_bin/materials
[10.572s] -- Installing: /home/dmpasgal/Clothy/install/my_world/share/my_world//models/workcell_bin/materials/textures
[10.572s] -- Installing: /home/dmpasgal/Clothy/install/my_world/share/my_world//models/workcell_bin/materials/textures/bin.png
[10.576s] -- Installing: /home/dmpasgal/Clothy/install/my_world/share/my_world//models/workcell_bin/model.sdf
[10.576s] -- Installing: /home/dmpasgal/Clothy/install/my_world/share/my_world//models/workcell_bin/model.config
[10.577s] -- Installing: /home/dmpasgal/Clothy/install/my_world/share/my_world//models/workcell
[10.577s] -- Installing: /home/dmpasgal/Clothy/install/my_world/share/my_world//models/workcell/meshes
[10.578s] -- Installing: /home/dmpasgal/Clothy/install/my_world/share/my_world//models/workcell/meshes/mesh_backup.dae
[10.583s] -- Installing: /home/dmpasgal/Clothy/install/my_world/share/my_world//models/workcell/meshes/mesh.dae
[10.590s] -- Installing: /home/dmpasgal/Clothy/install/my_world/share/my_world//models/workcell/materials
[10.591s] -- Installing: /home/dmpasgal/Clothy/install/my_world/share/my_world//models/workcell/materials/textures
[10.591s] -- Installing: /home/dmpasgal/Clothy/install/my_world/share/my_world//models/workcell/materials/textures/Pillar.png
[10.596s] -- Installing: /home/dmpasgal/Clothy/install/my_world/share/my_world//models/workcell/materials/textures/ControlPanel.png
[10.598s] -- Installing: /home/dmpasgal/Clothy/install/my_world/share/my_world//models/workcell/materials/textures/CardboardBoxes.png
[10.600s] -- Installing: /home/dmpasgal/Clothy/install/my_world/share/my_world//models/workcell/materials/textures/Wall_Concrete.png
[10.602s] -- Installing: /home/dmpasgal/Clothy/install/my_world/share/my_world//models/workcell/materials/textures/Plywood.png
[10.603s] -- Installing: /home/dmpasgal/Clothy/install/my_world/share/my_world//models/workcell/materials/textures/Mesh.png
[10.604s] -- Installing: /home/dmpasgal/Clothy/install/my_world/share/my_world//models/workcell/materials/textures/Floor.png
[10.606s] -- Installing: /home/dmpasgal/Clothy/install/my_world/share/my_world//models/workcell/materials/textures/Conveyor.png
[10.607s] -- Installing: /home/dmpasgal/Clothy/install/my_world/share/my_world//models/workcell/materials/textures/Shelves.png
[10.608s] -- Installing: /home/dmpasgal/Clothy/install/my_world/share/my_world//models/workcell/materials/textures/WorkCell_Render.png
[10.616s] -- Installing: /home/dmpasgal/Clothy/install/my_world/share/my_world//models/workcell/materials/textures/Bin.png
[10.618s] -- Installing: /home/dmpasgal/Clothy/install/my_world/share/my_world//models/workcell/materials/textures/Stairs.png
[10.621s] -- Installing: /home/dmpasgal/Clothy/install/my_world/share/my_world//models/workcell/materials/textures/Door_Window.png
[10.624s] -- Installing: /home/dmpasgal/Clothy/install/my_world/share/my_world//models/workcell/materials/textures/Wall_Corrugated.png
[10.625s] -- Installing: /home/dmpasgal/Clothy/install/my_world/share/my_world//models/workcell/materials/textures/Pallet.png
[10.627s] -- Installing: /home/dmpasgal/Clothy/install/my_world/share/my_world//models/workcell/materials/textures/RollupDoor.png
[10.632s] -- Installing: /home/dmpasgal/Clothy/install/my_world/share/my_world//models/workcell/materials/textures/RubberMat.png
[10.634s] -- Installing: /home/dmpasgal/Clothy/install/my_world/share/my_world//models/workcell/materials/textures/PalletWrap.png
[10.637s] -- Installing: /home/dmpasgal/Clothy/install/my_world/share/my_world//models/workcell/materials/textures/Yellow.png
[10.638s] -- Installing: /home/dmpasgal/Clothy/install/my_world/share/my_world//models/workcell/model.sdf
[10.640s] -- Installing: /home/dmpasgal/Clothy/install/my_world/share/my_world//models/workcell/model.config
[10.640s] -- Installing: /home/dmpasgal/Clothy/install/my_world/share/my_world//models/my_world
[10.640s] -- Installing: /home/dmpasgal/Clothy/install/my_world/share/my_world//models/my_world/model.sdf
[10.641s] -- Installing: /home/dmpasgal/Clothy/install/my_world/share/my_world//models/my_world/model.config
[10.641s] -- Installing: /home/dmpasgal/Clothy/install/my_world/share/my_world//models/turtlebot3_burger
[10.642s] -- Installing: /home/dmpasgal/Clothy/install/my_world/share/my_world//models/turtlebot3_burger/meshes
[10.643s] -- Installing: /home/dmpasgal/Clothy/install/my_world/share/my_world//models/turtlebot3_burger/meshes/lds.dae
[10.644s] -- Installing: /home/dmpasgal/Clothy/install/my_world/share/my_world//models/turtlebot3_burger/meshes/tire.dae
[10.645s] -- Installing: /home/dmpasgal/Clothy/install/my_world/share/my_world//models/turtlebot3_burger/meshes/burger_base.dae
[10.645s] -- Installing: /home/dmpasgal/Clothy/install/my_world/share/my_world//models/turtlebot3_burger/model.sdf
[10.645s] -- Installing: /home/dmpasgal/Clothy/install/my_world/share/my_world//models/turtlebot3_burger/model.config
[10.646s] -- Installing: /home/dmpasgal/Clothy/install/my_world/share/my_world//models/turtlebot3_burger/model-1_4.sdf
[10.647s] -- Installing: /home/dmpasgal/Clothy/install/my_world/share/my_world//world
[10.647s] -- Installing: /home/dmpasgal/Clothy/install/my_world/share/my_world//world/burger_pi.model
[10.647s] -- Installing: /home/dmpasgal/Clothy/install/my_world/share/my_world//world/burger.model
[10.648s] -- Installing: /home/dmpasgal/Clothy/install/my_world/share/my_world//world/warehouse.world
[10.649s] -- Installing: /home/dmpasgal/Clothy/install/my_world/share/my_world//urdf
[10.650s] -- Installing: /home/dmpasgal/Clothy/install/my_world/share/my_world//urdf/turtlebot3_burger.urdf
[10.650s] -- Installing: /home/dmpasgal/Clothy/install/my_world/share/my_world//urdf/turtlebot3_burger_pi.urdf
[10.650s] -- Installing: /home/dmpasgal/Clothy/install/my_world/include/
[10.650s] -- Installing: /home/dmpasgal/Clothy/install/my_world/share/ament_index/resource_index/package_run_dependencies/my_world
[10.651s] -- Installing: /home/dmpasgal/Clothy/install/my_world/share/ament_index/resource_index/parent_prefix_path/my_world
[10.651s] -- Installing: /home/dmpasgal/Clothy/install/my_world/share/my_world/environment/ament_prefix_path.sh
[10.651s] -- Installing: /home/dmpasgal/Clothy/install/my_world/share/my_world/environment/ament_prefix_path.dsv
[10.651s] -- Installing: /home/dmpasgal/Clothy/install/my_world/share/my_world/environment/path.sh
[10.651s] -- Installing: /home/dmpasgal/Clothy/install/my_world/share/my_world/environment/path.dsv
[10.651s] -- Installing: /home/dmpasgal/Clothy/install/my_world/share/my_world/local_setup.bash
[10.651s] -- Installing: /home/dmpasgal/Clothy/install/my_world/share/my_world/local_setup.sh
[10.651s] -- Installing: /home/dmpasgal/Clothy/install/my_world/share/my_world/local_setup.zsh
[10.651s] -- Installing: /home/dmpasgal/Clothy/install/my_world/share/my_world/local_setup.dsv
[10.651s] -- Installing: /home/dmpasgal/Clothy/install/my_world/share/my_world/package.dsv
[10.652s] -- Installing: /home/dmpasgal/Clothy/install/my_world/share/ament_index/resource_index/packages/my_world
[10.652s] -- Installing: /home/dmpasgal/Clothy/install/my_world/share/my_world/cmake/ament_cmake_export_include_directories-extras.cmake
[10.652s] -- Installing: /home/dmpasgal/Clothy/install/my_world/share/my_world/cmake/ament_cmake_export_dependencies-extras.cmake
[10.652s] -- Installing: /home/dmpasgal/Clothy/install/my_world/share/my_world/cmake/my_worldConfig.cmake
[10.652s] -- Installing: /home/dmpasgal/Clothy/install/my_world/share/my_world/cmake/my_worldConfig-version.cmake
[10.652s] -- Installing: /home/dmpasgal/Clothy/install/my_world/share/my_world/package.xml
[10.654s] Invoked command in '/home/dmpasgal/Clothy/build/my_world' returned '0': AMENT_PREFIX_PATH=/home/dmpasgal/Clothy/install/turtlebot3_gazebo:${AMENT_PREFIX_PATH} CMAKE_PREFIX_PATH=/home/dmpasgal/Clothy/install/turtlebot3_gazebo:/home/dmpasgal/Clothy/install/turtlebot3_simulations:/home/dmpasgal/Clothy/install/turtlebot3_fake_node:/home/dmpasgal/Clothy/install/custom_interface:/home/dmpasgal/turtlebot3_ws/install/turtlebot3_simulations:/home/dmpasgal/turtlebot3_ws/install/turtlebot3_gazebo:/home/dmpasgal/turtlebot3_ws/install/turtlebot3_fake_node:/home/dmpasgal/turtlebot3_ws/install/package_name:/home/dmpasgal/turtlebot3_ws/install/custom_interface:/home/dmpasgal/Clothy/install/show_msg:/home/dmpasgal/Clothy/install/provide_map:/home/dmpasgal/Clothy/install/my_slam:/home/dmpasgal/turtlebot3_ws/install/show_msg:/home/dmpasgal/turtlebot3_ws/install/my_first_subscriber:/home/dmpasgal/turtlebot3_ws/install/my_first_publisher:/home/dmpasgal/turtlebot3_ws/install/my_first_node:/home/dmpasgal/turtlebot3_ws/src/install/show_msg:/opt/ros/galactic /usr/bin/cmake --install /home/dmpasgal/Clothy/build/my_world
