[1.651s] DEBUG:colcon:Command line arguments: ['/usr/bin/colcon', 'build', '--packages-select', 'show_msg']
[1.651s] DEBUG:colcon:Parsed command line arguments: Namespace(allow_overriding=[], ament_cmake_args=None, base_paths=['.'], build_base='build', catkin_cmake_args=None, catkin_skip_building_tests=False, cmake_args=None, cmake_clean_cache=False, cmake_clean_first=False, cmake_force_configure=False, cmake_target=None, cmake_target_skip_unavailable=False, continue_on_error=False, event_handlers=None, executor='parallel', ignore_user_meta=False, install_base='install', log_base=None, log_level=None, main=<bound method BuildVerb.main of <colcon_core.verb.build.BuildVerb object at 0x7f2ed4221340>>, merge_install=False, metas=['./colcon.meta'], packages_above=None, packages_above_and_dependencies=None, packages_above_depth=None, packages_end=None, packages_ignore=None, packages_ignore_regex=None, packages_select=['show_msg'], packages_select_build_failed=False, packages_select_by_dep=None, packages_select_regex=None, packages_select_test_failures=False, packages_skip=None, packages_skip_build_finished=False, packages_skip_by_dep=None, packages_skip_regex=None, packages_skip_test_passed=False, packages_skip_up_to=None, packages_start=None, packages_up_to=None, packages_up_to_regex=None, parallel_workers=2, paths=None, symlink_install=False, test_result_base=None, verb_extension=<colcon_core.verb.build.BuildVerb object at 0x7f2ed4221340>, verb_name='build', verb_parser=<colcon_defaults.argument_parser.defaults.DefaultArgumentsDecorator object at 0x7f2ed3e6faf0>)
[1.742s] Level 1:colcon.colcon_core.package_discovery:discover_packages(colcon_meta) check parameters
[1.742s] Level 1:colcon.colcon_core.package_discovery:discover_packages(recursive) check parameters
[1.742s] Level 1:colcon.colcon_core.package_discovery:discover_packages(ignore) check parameters
[1.742s] Level 1:colcon.colcon_core.package_discovery:discover_packages(path) check parameters
[1.742s] Level 1:colcon.colcon_core.package_discovery:discover_packages(colcon_meta) discover
[1.742s] Level 1:colcon.colcon_core.package_discovery:discover_packages(recursive) discover
[1.742s] INFO:colcon.colcon_core.package_discovery:Crawling recursively for packages in '/home/cmarrod3/turtlebot3_ws'
[1.742s] Level 1:colcon.colcon_core.package_identification:_identify(.) by extensions ['ignore', 'ignore_ament_install']
[1.742s] Level 1:colcon.colcon_core.package_identification:_identify(.) by extension 'ignore'
[1.742s] Level 1:colcon.colcon_core.package_identification:_identify(.) by extension 'ignore_ament_install'
[1.742s] Level 1:colcon.colcon_core.package_identification:_identify(.) by extensions ['colcon_pkg']
[1.742s] Level 1:colcon.colcon_core.package_identification:_identify(.) by extension 'colcon_pkg'
[1.742s] Level 1:colcon.colcon_core.package_identification:_identify(.) by extensions ['colcon_meta']
[1.742s] Level 1:colcon.colcon_core.package_identification:_identify(.) by extension 'colcon_meta'
[1.742s] Level 1:colcon.colcon_core.package_identification:_identify(.) by extensions ['ros']
[1.742s] Level 1:colcon.colcon_core.package_identification:_identify(.) by extension 'ros'
[1.752s] Level 1:colcon.colcon_core.package_identification:_identify(.) by extensions ['cmake', 'python']
[1.752s] Level 1:colcon.colcon_core.package_identification:_identify(.) by extension 'cmake'
[1.752s] Level 1:colcon.colcon_core.package_identification:_identify(.) by extension 'python'
[1.752s] Level 1:colcon.colcon_core.package_identification:_identify(.) by extensions ['python_setup_py']
[1.752s] Level 1:colcon.colcon_core.package_identification:_identify(.) by extension 'python_setup_py'
[1.752s] Level 1:colcon.colcon_core.package_identification:_identify(build) by extensions ['ignore', 'ignore_ament_install']
[1.752s] Level 1:colcon.colcon_core.package_identification:_identify(build) by extension 'ignore'
[1.752s] Level 1:colcon.colcon_core.package_identification:_identify(build) ignored
[1.752s] Level 1:colcon.colcon_core.package_identification:_identify(install) by extensions ['ignore', 'ignore_ament_install']
[1.752s] Level 1:colcon.colcon_core.package_identification:_identify(install) by extension 'ignore'
[1.753s] Level 1:colcon.colcon_core.package_identification:_identify(install) ignored
[1.753s] Level 1:colcon.colcon_core.package_identification:_identify(log) by extensions ['ignore', 'ignore_ament_install']
[1.753s] Level 1:colcon.colcon_core.package_identification:_identify(log) by extension 'ignore'
[1.753s] Level 1:colcon.colcon_core.package_identification:_identify(log) ignored
[1.753s] Level 1:colcon.colcon_core.package_identification:_identify(src) by extensions ['ignore', 'ignore_ament_install']
[1.753s] Level 1:colcon.colcon_core.package_identification:_identify(src) by extension 'ignore'
[1.753s] Level 1:colcon.colcon_core.package_identification:_identify(src) by extension 'ignore_ament_install'
[1.753s] Level 1:colcon.colcon_core.package_identification:_identify(src) by extensions ['colcon_pkg']
[1.753s] Level 1:colcon.colcon_core.package_identification:_identify(src) by extension 'colcon_pkg'
[1.753s] Level 1:colcon.colcon_core.package_identification:_identify(src) by extensions ['colcon_meta']
[1.753s] Level 1:colcon.colcon_core.package_identification:_identify(src) by extension 'colcon_meta'
[1.753s] Level 1:colcon.colcon_core.package_identification:_identify(src) by extensions ['ros']
[1.753s] Level 1:colcon.colcon_core.package_identification:_identify(src) by extension 'ros'
[1.753s] Level 1:colcon.colcon_core.package_identification:_identify(src) by extensions ['cmake', 'python']
[1.753s] Level 1:colcon.colcon_core.package_identification:_identify(src) by extension 'cmake'
[1.753s] Level 1:colcon.colcon_core.package_identification:_identify(src) by extension 'python'
[1.753s] Level 1:colcon.colcon_core.package_identification:_identify(src) by extensions ['python_setup_py']
[1.753s] Level 1:colcon.colcon_core.package_identification:_identify(src) by extension 'python_setup_py'
[1.753s] Level 1:colcon.colcon_core.package_identification:_identify(src/custom_interface) by extensions ['ignore', 'ignore_ament_install']
[1.753s] Level 1:colcon.colcon_core.package_identification:_identify(src/custom_interface) by extension 'ignore'
[1.753s] Level 1:colcon.colcon_core.package_identification:_identify(src/custom_interface) by extension 'ignore_ament_install'
[1.753s] Level 1:colcon.colcon_core.package_identification:_identify(src/custom_interface) by extensions ['colcon_pkg']
[1.753s] Level 1:colcon.colcon_core.package_identification:_identify(src/custom_interface) by extension 'colcon_pkg'
[1.753s] Level 1:colcon.colcon_core.package_identification:_identify(src/custom_interface) by extensions ['colcon_meta']
[1.753s] Level 1:colcon.colcon_core.package_identification:_identify(src/custom_interface) by extension 'colcon_meta'
[1.753s] Level 1:colcon.colcon_core.package_identification:_identify(src/custom_interface) by extensions ['ros']
[1.753s] Level 1:colcon.colcon_core.package_identification:_identify(src/custom_interface) by extension 'ros'
[1.755s] DEBUG:colcon.colcon_core.package_identification:Package 'src/custom_interface' with type 'ros.ament_cmake' and name 'custom_interface'
[1.755s] Level 1:colcon.colcon_core.package_identification:_identify(src/my_first_node) by extensions ['ignore', 'ignore_ament_install']
[1.755s] Level 1:colcon.colcon_core.package_identification:_identify(src/my_first_node) by extension 'ignore'
[1.755s] Level 1:colcon.colcon_core.package_identification:_identify(src/my_first_node) by extension 'ignore_ament_install'
[1.755s] Level 1:colcon.colcon_core.package_identification:_identify(src/my_first_node) by extensions ['colcon_pkg']
[1.755s] Level 1:colcon.colcon_core.package_identification:_identify(src/my_first_node) by extension 'colcon_pkg'
[1.755s] Level 1:colcon.colcon_core.package_identification:_identify(src/my_first_node) by extensions ['colcon_meta']
[1.755s] Level 1:colcon.colcon_core.package_identification:_identify(src/my_first_node) by extension 'colcon_meta'
[1.756s] Level 1:colcon.colcon_core.package_identification:_identify(src/my_first_node) by extensions ['ros']
[1.756s] Level 1:colcon.colcon_core.package_identification:_identify(src/my_first_node) by extension 'ros'
[1.756s] DEBUG:colcon.colcon_core.package_identification:Package 'src/my_first_node' with type 'ros.ament_python' and name 'my_first_node'
[1.756s] Level 1:colcon.colcon_core.package_identification:_identify(src/my_first_publisher) by extensions ['ignore', 'ignore_ament_install']
[1.756s] Level 1:colcon.colcon_core.package_identification:_identify(src/my_first_publisher) by extension 'ignore'
[1.756s] Level 1:colcon.colcon_core.package_identification:_identify(src/my_first_publisher) by extension 'ignore_ament_install'
[1.756s] Level 1:colcon.colcon_core.package_identification:_identify(src/my_first_publisher) by extensions ['colcon_pkg']
[1.756s] Level 1:colcon.colcon_core.package_identification:_identify(src/my_first_publisher) by extension 'colcon_pkg'
[1.756s] Level 1:colcon.colcon_core.package_identification:_identify(src/my_first_publisher) by extensions ['colcon_meta']
[1.756s] Level 1:colcon.colcon_core.package_identification:_identify(src/my_first_publisher) by extension 'colcon_meta'
[1.756s] Level 1:colcon.colcon_core.package_identification:_identify(src/my_first_publisher) by extensions ['ros']
[1.756s] Level 1:colcon.colcon_core.package_identification:_identify(src/my_first_publisher) by extension 'ros'
[1.757s] DEBUG:colcon.colcon_core.package_identification:Package 'src/my_first_publisher' with type 'ros.ament_python' and name 'my_first_publisher'
[1.757s] Level 1:colcon.colcon_core.package_identification:_identify(src/my_first_subscriber) by extensions ['ignore', 'ignore_ament_install']
[1.757s] Level 1:colcon.colcon_core.package_identification:_identify(src/my_first_subscriber) by extension 'ignore'
[1.757s] Level 1:colcon.colcon_core.package_identification:_identify(src/my_first_subscriber) by extension 'ignore_ament_install'
[1.757s] Level 1:colcon.colcon_core.package_identification:_identify(src/my_first_subscriber) by extensions ['colcon_pkg']
[1.757s] Level 1:colcon.colcon_core.package_identification:_identify(src/my_first_subscriber) by extension 'colcon_pkg'
[1.757s] Level 1:colcon.colcon_core.package_identification:_identify(src/my_first_subscriber) by extensions ['colcon_meta']
[1.757s] Level 1:colcon.colcon_core.package_identification:_identify(src/my_first_subscriber) by extension 'colcon_meta'
[1.757s] Level 1:colcon.colcon_core.package_identification:_identify(src/my_first_subscriber) by extensions ['ros']
[1.757s] Level 1:colcon.colcon_core.package_identification:_identify(src/my_first_subscriber) by extension 'ros'
[1.758s] DEBUG:colcon.colcon_core.package_identification:Package 'src/my_first_subscriber' with type 'ros.ament_python' and name 'my_first_subscriber'
[1.758s] Level 1:colcon.colcon_core.package_identification:_identify(src/show_msg) by extensions ['ignore', 'ignore_ament_install']
[1.758s] Level 1:colcon.colcon_core.package_identification:_identify(src/show_msg) by extension 'ignore'
[1.758s] Level 1:colcon.colcon_core.package_identification:_identify(src/show_msg) by extension 'ignore_ament_install'
[1.758s] Level 1:colcon.colcon_core.package_identification:_identify(src/show_msg) by extensions ['colcon_pkg']
[1.758s] Level 1:colcon.colcon_core.package_identification:_identify(src/show_msg) by extension 'colcon_pkg'
[1.758s] Level 1:colcon.colcon_core.package_identification:_identify(src/show_msg) by extensions ['colcon_meta']
[1.758s] Level 1:colcon.colcon_core.package_identification:_identify(src/show_msg) by extension 'colcon_meta'
[1.758s] Level 1:colcon.colcon_core.package_identification:_identify(src/show_msg) by extensions ['ros']
[1.758s] Level 1:colcon.colcon_core.package_identification:_identify(src/show_msg) by extension 'ros'
[1.758s] DEBUG:colcon.colcon_core.package_identification:Package 'src/show_msg' with type 'ros.ament_python' and name 'show_msg'
[1.759s] Level 1:colcon.colcon_core.package_identification:_identify(src/turtlebot3_simulations) by extensions ['ignore', 'ignore_ament_install']
[1.759s] Level 1:colcon.colcon_core.package_identification:_identify(src/turtlebot3_simulations) by extension 'ignore'
[1.759s] Level 1:colcon.colcon_core.package_identification:_identify(src/turtlebot3_simulations) by extension 'ignore_ament_install'
[1.759s] Level 1:colcon.colcon_core.package_identification:_identify(src/turtlebot3_simulations) by extensions ['colcon_pkg']
[1.759s] Level 1:colcon.colcon_core.package_identification:_identify(src/turtlebot3_simulations) by extension 'colcon_pkg'
[1.759s] Level 1:colcon.colcon_core.package_identification:_identify(src/turtlebot3_simulations) by extensions ['colcon_meta']
[1.759s] Level 1:colcon.colcon_core.package_identification:_identify(src/turtlebot3_simulations) by extension 'colcon_meta'
[1.759s] Level 1:colcon.colcon_core.package_identification:_identify(src/turtlebot3_simulations) by extensions ['ros']
[1.759s] Level 1:colcon.colcon_core.package_identification:_identify(src/turtlebot3_simulations) by extension 'ros'
[1.759s] Level 1:colcon.colcon_core.package_identification:_identify(src/turtlebot3_simulations) by extensions ['cmake', 'python']
[1.759s] Level 1:colcon.colcon_core.package_identification:_identify(src/turtlebot3_simulations) by extension 'cmake'
[1.759s] Level 1:colcon.colcon_core.package_identification:_identify(src/turtlebot3_simulations) by extension 'python'
[1.759s] Level 1:colcon.colcon_core.package_identification:_identify(src/turtlebot3_simulations) by extensions ['python_setup_py']
[1.759s] Level 1:colcon.colcon_core.package_identification:_identify(src/turtlebot3_simulations) by extension 'python_setup_py'
[1.759s] Level 1:colcon.colcon_core.package_identification:_identify(src/turtlebot3_simulations/turtlebot3_fake_node) by extensions ['ignore', 'ignore_ament_install']
[1.759s] Level 1:colcon.colcon_core.package_identification:_identify(src/turtlebot3_simulations/turtlebot3_fake_node) by extension 'ignore'
[1.760s] Level 1:colcon.colcon_core.package_identification:_identify(src/turtlebot3_simulations/turtlebot3_fake_node) by extension 'ignore_ament_install'
[1.760s] Level 1:colcon.colcon_core.package_identification:_identify(src/turtlebot3_simulations/turtlebot3_fake_node) by extensions ['colcon_pkg']
[1.760s] Level 1:colcon.colcon_core.package_identification:_identify(src/turtlebot3_simulations/turtlebot3_fake_node) by extension 'colcon_pkg'
[1.760s] Level 1:colcon.colcon_core.package_identification:_identify(src/turtlebot3_simulations/turtlebot3_fake_node) by extensions ['colcon_meta']
[1.760s] Level 1:colcon.colcon_core.package_identification:_identify(src/turtlebot3_simulations/turtlebot3_fake_node) by extension 'colcon_meta'
[1.760s] Level 1:colcon.colcon_core.package_identification:_identify(src/turtlebot3_simulations/turtlebot3_fake_node) by extensions ['ros']
[1.760s] Level 1:colcon.colcon_core.package_identification:_identify(src/turtlebot3_simulations/turtlebot3_fake_node) by extension 'ros'
[1.761s] DEBUG:colcon.colcon_core.package_identification:Package 'src/turtlebot3_simulations/turtlebot3_fake_node' with type 'ros.ament_cmake' and name 'turtlebot3_fake_node'
[1.761s] Level 1:colcon.colcon_core.package_identification:_identify(src/turtlebot3_simulations/turtlebot3_gazebo) by extensions ['ignore', 'ignore_ament_install']
[1.761s] Level 1:colcon.colcon_core.package_identification:_identify(src/turtlebot3_simulations/turtlebot3_gazebo) by extension 'ignore'
[1.761s] Level 1:colcon.colcon_core.package_identification:_identify(src/turtlebot3_simulations/turtlebot3_gazebo) by extension 'ignore_ament_install'
[1.761s] Level 1:colcon.colcon_core.package_identification:_identify(src/turtlebot3_simulations/turtlebot3_gazebo) by extensions ['colcon_pkg']
[1.761s] Level 1:colcon.colcon_core.package_identification:_identify(src/turtlebot3_simulations/turtlebot3_gazebo) by extension 'colcon_pkg'
[1.762s] Level 1:colcon.colcon_core.package_identification:_identify(src/turtlebot3_simulations/turtlebot3_gazebo) by extensions ['colcon_meta']
[1.762s] Level 1:colcon.colcon_core.package_identification:_identify(src/turtlebot3_simulations/turtlebot3_gazebo) by extension 'colcon_meta'
[1.762s] Level 1:colcon.colcon_core.package_identification:_identify(src/turtlebot3_simulations/turtlebot3_gazebo) by extensions ['ros']
[1.762s] Level 1:colcon.colcon_core.package_identification:_identify(src/turtlebot3_simulations/turtlebot3_gazebo) by extension 'ros'
[1.763s] DEBUG:colcon.colcon_core.package_identification:Package 'src/turtlebot3_simulations/turtlebot3_gazebo' with type 'ros.ament_cmake' and name 'turtlebot3_gazebo'
[1.763s] Level 1:colcon.colcon_core.package_identification:_identify(src/turtlebot3_simulations/turtlebot3_simulations) by extensions ['ignore', 'ignore_ament_install']
[1.763s] Level 1:colcon.colcon_core.package_identification:_identify(src/turtlebot3_simulations/turtlebot3_simulations) by extension 'ignore'
[1.763s] Level 1:colcon.colcon_core.package_identification:_identify(src/turtlebot3_simulations/turtlebot3_simulations) by extension 'ignore_ament_install'
[1.763s] Level 1:colcon.colcon_core.package_identification:_identify(src/turtlebot3_simulations/turtlebot3_simulations) by extensions ['colcon_pkg']
[1.763s] Level 1:colcon.colcon_core.package_identification:_identify(src/turtlebot3_simulations/turtlebot3_simulations) by extension 'colcon_pkg'
[1.763s] Level 1:colcon.colcon_core.package_identification:_identify(src/turtlebot3_simulations/turtlebot3_simulations) by extensions ['colcon_meta']
[1.763s] Level 1:colcon.colcon_core.package_identification:_identify(src/turtlebot3_simulations/turtlebot3_simulations) by extension 'colcon_meta'
[1.763s] Level 1:colcon.colcon_core.package_identification:_identify(src/turtlebot3_simulations/turtlebot3_simulations) by extensions ['ros']
[1.763s] Level 1:colcon.colcon_core.package_identification:_identify(src/turtlebot3_simulations/turtlebot3_simulations) by extension 'ros'
[1.764s] DEBUG:colcon.colcon_core.package_identification:Package 'src/turtlebot3_simulations/turtlebot3_simulations' with type 'ros.ament_cmake' and name 'turtlebot3_simulations'
[1.764s] Level 1:colcon.colcon_core.package_discovery:discover_packages(recursive) using defaults
[1.764s] Level 1:colcon.colcon_core.package_discovery:discover_packages(ignore) discover
[1.764s] Level 1:colcon.colcon_core.package_discovery:discover_packages(ignore) using defaults
[1.764s] Level 1:colcon.colcon_core.package_discovery:discover_packages(path) discover
[1.764s] Level 1:colcon.colcon_core.package_discovery:discover_packages(path) using defaults
[1.871s] INFO:colcon.colcon_core.package_selection:Skipping not selected package 'custom_interface' in 'src/custom_interface'
[1.871s] INFO:colcon.colcon_core.package_selection:Skipping not selected package 'my_first_node' in 'src/my_first_node'
[1.872s] INFO:colcon.colcon_core.package_selection:Skipping not selected package 'my_first_publisher' in 'src/my_first_publisher'
[1.872s] INFO:colcon.colcon_core.package_selection:Skipping not selected package 'my_first_subscriber' in 'src/my_first_subscriber'
[1.872s] INFO:colcon.colcon_core.package_selection:Skipping not selected package 'turtlebot3_fake_node' in 'src/turtlebot3_simulations/turtlebot3_fake_node'
[1.872s] INFO:colcon.colcon_core.package_selection:Skipping not selected package 'turtlebot3_gazebo' in 'src/turtlebot3_simulations/turtlebot3_gazebo'
[1.872s] INFO:colcon.colcon_core.package_selection:Skipping not selected package 'turtlebot3_simulations' in 'src/turtlebot3_simulations/turtlebot3_simulations'
[1.927s] Level 1:colcon.colcon_core.package_discovery:discover_packages(prefix_path) check parameters
[1.927s] Level 1:colcon.colcon_core.package_discovery:discover_packages(prefix_path) discover
[1.979s] DEBUG:colcon.colcon_installed_package_information.package_discovery:Found 8 installed packages in /home/cmarrod3/turtlebot3_ws/install
[2.010s] DEBUG:colcon.colcon_installed_package_information.package_discovery:Found 336 installed packages in /opt/ros/galactic
[2.011s] Level 1:colcon.colcon_core.package_discovery:discover_packages(prefix_path) using defaults
[2.126s] Level 5:colcon.colcon_core.verb:set package 'show_msg' build argument 'cmake_args' from command line to 'None'
[2.126s] Level 5:colcon.colcon_core.verb:set package 'show_msg' build argument 'cmake_target' from command line to 'None'
[2.126s] Level 5:colcon.colcon_core.verb:set package 'show_msg' build argument 'cmake_target_skip_unavailable' from command line to 'False'
[2.126s] Level 5:colcon.colcon_core.verb:set package 'show_msg' build argument 'cmake_clean_cache' from command line to 'False'
[2.126s] Level 5:colcon.colcon_core.verb:set package 'show_msg' build argument 'cmake_clean_first' from command line to 'False'
[2.126s] Level 5:colcon.colcon_core.verb:set package 'show_msg' build argument 'cmake_force_configure' from command line to 'False'
[2.126s] Level 5:colcon.colcon_core.verb:set package 'show_msg' build argument 'ament_cmake_args' from command line to 'None'
[2.126s] Level 5:colcon.colcon_core.verb:set package 'show_msg' build argument 'catkin_cmake_args' from command line to 'None'
[2.126s] Level 5:colcon.colcon_core.verb:set package 'show_msg' build argument 'catkin_skip_building_tests' from command line to 'False'
[2.126s] DEBUG:colcon.colcon_core.verb:Building package 'show_msg' with the following arguments: {'ament_cmake_args': None, 'build_base': '/home/cmarrod3/turtlebot3_ws/build/show_msg', 'catkin_cmake_args': None, 'catkin_skip_building_tests': False, 'cmake_args': None, 'cmake_clean_cache': False, 'cmake_clean_first': False, 'cmake_force_configure': False, 'cmake_target': None, 'cmake_target_skip_unavailable': False, 'install_base': '/home/cmarrod3/turtlebot3_ws/install/show_msg', 'merge_install': False, 'path': '/home/cmarrod3/turtlebot3_ws/src/show_msg', 'symlink_install': False, 'test_result_base': None}
[2.153s] INFO:colcon.colcon_core.executor:Executing jobs using 'parallel' executor
[2.181s] DEBUG:colcon.colcon_parallel_executor.executor.parallel:run_until_complete
[2.181s] INFO:colcon.colcon_ros.task.ament_python.build:Building ROS package in '/home/cmarrod3/turtlebot3_ws/src/show_msg' with build type 'ament_python'
[2.182s] Level 1:colcon.colcon_core.shell:create_environment_hook('show_msg', 'ament_prefix_path')
[2.210s] INFO:colcon.colcon_core.plugin_system:Skipping extension 'colcon_core.shell.bat': Not used on non-Windows systems
[2.210s] INFO:colcon.colcon_core.shell:Creating environment hook '/home/cmarrod3/turtlebot3_ws/install/show_msg/share/show_msg/hook/ament_prefix_path.ps1'
[2.211s] INFO:colcon.colcon_core.shell:Creating environment descriptor '/home/cmarrod3/turtlebot3_ws/install/show_msg/share/show_msg/hook/ament_prefix_path.dsv'
[2.211s] INFO:colcon.colcon_core.shell:Creating environment hook '/home/cmarrod3/turtlebot3_ws/install/show_msg/share/show_msg/hook/ament_prefix_path.sh'
[2.237s] INFO:colcon.colcon_core.shell:Skip shell extension 'powershell' for command environment: Not usable outside of PowerShell
[2.238s] DEBUG:colcon.colcon_core.shell:Skip shell extension 'dsv' for command environment
[2.489s] INFO:colcon.colcon_core.task.python.build:Building Python package in '/home/cmarrod3/turtlebot3_ws/src/show_msg'
[2.516s] INFO:colcon.colcon_core.shell:Skip shell extension 'powershell' for command environment: Not usable outside of PowerShell
[2.516s] DEBUG:colcon.colcon_core.shell:Skip shell extension 'dsv' for command environment
[2.878s] DEBUG:colcon.colcon_core.event_handler.log_command:Invoking command in '/home/cmarrod3/turtlebot3_ws/src/show_msg': CMAKE_PREFIX_PATH=/home/cmarrod3/turtlebot3_ws/install/custom_interface:/home/cmarrod3/turtlebot3_ws/install/turtlebot3_simulations:/home/cmarrod3/turtlebot3_ws/install/turtlebot3_gazebo:/home/cmarrod3/turtlebot3_ws/install/turtlebot3_fake_node PYTHONPATH=/home/cmarrod3/turtlebot3_ws/build/show_msg/prefix_override:/home/cmarrod3/turtlebot3_ws/install/show_msg/lib/python3.8/site-packages:/home/cmarrod3/turtlebot3_ws/install/custom_interface/lib/python3.8/site-packages:/home/cmarrod3/turtlebot3_ws/install/show_msg/lib/python3.8/site-packages:/home/cmarrod3/turtlebot3_ws/install/my_first_subscriber/lib/python3.8/site-packages:/home/cmarrod3/turtlebot3_ws/install/my_first_publisher/lib/python3.8/site-packages:/home/cmarrod3/turtlebot3_ws/install/my_first_node/lib/python3.8/site-packages:/opt/ros/galactic/lib/python3.8/site-packages /usr/bin/python3 setup.py egg_info --egg-base ../../build/show_msg build --build-base /home/cmarrod3/turtlebot3_ws/build/show_msg/build install --record /home/cmarrod3/turtlebot3_ws/build/show_msg/install.log --single-version-externally-managed
[3.128s] DEBUG:colcon.colcon_core.event_handler.log_command:Invoked command in '/home/cmarrod3/turtlebot3_ws/src/show_msg' returned '0': CMAKE_PREFIX_PATH=/home/cmarrod3/turtlebot3_ws/install/custom_interface:/home/cmarrod3/turtlebot3_ws/install/turtlebot3_simulations:/home/cmarrod3/turtlebot3_ws/install/turtlebot3_gazebo:/home/cmarrod3/turtlebot3_ws/install/turtlebot3_fake_node PYTHONPATH=/home/cmarrod3/turtlebot3_ws/build/show_msg/prefix_override:/home/cmarrod3/turtlebot3_ws/install/show_msg/lib/python3.8/site-packages:/home/cmarrod3/turtlebot3_ws/install/custom_interface/lib/python3.8/site-packages:/home/cmarrod3/turtlebot3_ws/install/show_msg/lib/python3.8/site-packages:/home/cmarrod3/turtlebot3_ws/install/my_first_subscriber/lib/python3.8/site-packages:/home/cmarrod3/turtlebot3_ws/install/my_first_publisher/lib/python3.8/site-packages:/home/cmarrod3/turtlebot3_ws/install/my_first_node/lib/python3.8/site-packages:/opt/ros/galactic/lib/python3.8/site-packages /usr/bin/python3 setup.py egg_info --egg-base ../../build/show_msg build --build-base /home/cmarrod3/turtlebot3_ws/build/show_msg/build install --record /home/cmarrod3/turtlebot3_ws/build/show_msg/install.log --single-version-externally-managed
[3.166s] Level 1:colcon.colcon_core.environment:checking '/home/cmarrod3/turtlebot3_ws/install/show_msg' for CMake module files
[3.166s] Level 1:colcon.colcon_core.environment:checking '/home/cmarrod3/turtlebot3_ws/install/show_msg' for CMake config files
[3.167s] Level 1:colcon.colcon_core.environment:checking '/home/cmarrod3/turtlebot3_ws/install/show_msg/lib'
[3.167s] Level 1:colcon.colcon_core.environment:checking '/home/cmarrod3/turtlebot3_ws/install/show_msg/bin'
[3.167s] Level 1:colcon.colcon_core.environment:checking '/home/cmarrod3/turtlebot3_ws/install/show_msg/lib/pkgconfig/show_msg.pc'
[3.167s] Level 1:colcon.colcon_core.environment:checking '/home/cmarrod3/turtlebot3_ws/install/show_msg/lib/python3.8/site-packages'
[3.168s] Level 1:colcon.colcon_core.shell:create_environment_hook('show_msg', 'pythonpath')
[3.199s] INFO:colcon.colcon_core.shell:Creating environment hook '/home/cmarrod3/turtlebot3_ws/install/show_msg/share/show_msg/hook/pythonpath.ps1'
[3.200s] INFO:colcon.colcon_core.shell:Creating environment descriptor '/home/cmarrod3/turtlebot3_ws/install/show_msg/share/show_msg/hook/pythonpath.dsv'
[3.200s] INFO:colcon.colcon_core.shell:Creating environment hook '/home/cmarrod3/turtlebot3_ws/install/show_msg/share/show_msg/hook/pythonpath.sh'
[3.201s] Level 1:colcon.colcon_core.environment:checking '/home/cmarrod3/turtlebot3_ws/install/show_msg/bin'
[3.201s] Level 1:colcon.colcon_core.environment:create_environment_scripts_only(show_msg)
[3.229s] INFO:colcon.colcon_core.shell:Creating package script '/home/cmarrod3/turtlebot3_ws/install/show_msg/share/show_msg/package.ps1'
[3.229s] INFO:colcon.colcon_core.shell:Creating package descriptor '/home/cmarrod3/turtlebot3_ws/install/show_msg/share/show_msg/package.dsv'
[3.230s] INFO:colcon.colcon_core.shell:Creating package script '/home/cmarrod3/turtlebot3_ws/install/show_msg/share/show_msg/package.sh'
[3.231s] INFO:colcon.colcon_core.shell:Creating package script '/home/cmarrod3/turtlebot3_ws/install/show_msg/share/show_msg/package.bash'
[3.231s] INFO:colcon.colcon_core.shell:Creating package script '/home/cmarrod3/turtlebot3_ws/install/show_msg/share/show_msg/package.zsh'
[3.231s] Level 1:colcon.colcon_core.environment:create_file_with_runtime_dependencies(/home/cmarrod3/turtlebot3_ws/install/show_msg/share/colcon-core/packages/show_msg)
[3.232s] DEBUG:colcon.colcon_parallel_executor.executor.parallel:closing loop
[3.232s] DEBUG:colcon.colcon_parallel_executor.executor.parallel:loop closed
[3.232s] DEBUG:colcon.colcon_parallel_executor.executor.parallel:run_until_complete finished with '0'
[3.232s] DEBUG:colcon.colcon_core.event_reactor:joining thread
[3.274s] INFO:colcon.colcon_core.plugin_system:Skipping extension 'colcon_notification.desktop_notification.terminal_notifier': Not used on non-Darwin systems
[3.274s] INFO:colcon.colcon_core.plugin_system:Skipping extension 'colcon_notification.desktop_notification.win32': Not used on non-Windows systems
[3.274s] INFO:colcon.colcon_notification.desktop_notification:Sending desktop notification using 'notify2'
[3.286s] DEBUG:colcon.colcon_core.event_reactor:joined thread
[3.316s] INFO:colcon.colcon_core.shell:Creating prefix script '/home/cmarrod3/turtlebot3_ws/install/local_setup.ps1'
[3.316s] INFO:colcon.colcon_core.shell:Creating prefix util module '/home/cmarrod3/turtlebot3_ws/install/_local_setup_util_ps1.py'
[3.317s] INFO:colcon.colcon_core.shell:Creating prefix chain script '/home/cmarrod3/turtlebot3_ws/install/setup.ps1'
[3.344s] INFO:colcon.colcon_core.shell:Creating prefix script '/home/cmarrod3/turtlebot3_ws/install/local_setup.sh'
[3.345s] INFO:colcon.colcon_core.shell:Creating prefix util module '/home/cmarrod3/turtlebot3_ws/install/_local_setup_util_sh.py'
[3.345s] INFO:colcon.colcon_core.shell:Creating prefix chain script '/home/cmarrod3/turtlebot3_ws/install/setup.sh'
[3.374s] INFO:colcon.colcon_core.shell:Creating prefix script '/home/cmarrod3/turtlebot3_ws/install/local_setup.bash'
[3.375s] INFO:colcon.colcon_core.shell:Creating prefix chain script '/home/cmarrod3/turtlebot3_ws/install/setup.bash'
[3.404s] INFO:colcon.colcon_core.shell:Creating prefix script '/home/cmarrod3/turtlebot3_ws/install/local_setup.zsh'
[3.404s] INFO:colcon.colcon_core.shell:Creating prefix chain script '/home/cmarrod3/turtlebot3_ws/install/setup.zsh'
