[1.581s] DEBUG:colcon:Command line arguments: ['/usr/bin/colcon', 'build']
[1.581s] DEBUG:colcon:Parsed command line arguments: Namespace(allow_overriding=[], ament_cmake_args=None, base_paths=['.'], build_base='build', catkin_cmake_args=None, catkin_skip_building_tests=False, cmake_args=None, cmake_clean_cache=False, cmake_clean_first=False, cmake_force_configure=False, cmake_target=None, cmake_target_skip_unavailable=False, continue_on_error=False, event_handlers=None, executor='parallel', ignore_user_meta=False, install_base='install', log_base=None, log_level=None, main=<bound method BuildVerb.main of <colcon_core.verb.build.BuildVerb object at 0x7fd4d641e490>>, merge_install=False, metas=['./colcon.meta'], packages_above=None, packages_above_and_dependencies=None, packages_above_depth=None, packages_end=None, packages_ignore=None, packages_ignore_regex=None, packages_select=None, packages_select_build_failed=False, packages_select_by_dep=None, packages_select_regex=None, packages_select_test_failures=False, packages_skip=None, packages_skip_build_finished=False, packages_skip_by_dep=None, packages_skip_regex=None, packages_skip_test_passed=False, packages_skip_up_to=None, packages_start=None, packages_up_to=None, packages_up_to_regex=None, parallel_workers=4, paths=None, symlink_install=False, test_result_base=None, verb_extension=<colcon_core.verb.build.BuildVerb object at 0x7fd4d641e490>, verb_name='build', verb_parser=<colcon_defaults.argument_parser.defaults.DefaultArgumentsDecorator object at 0x7fd4d63f7d30>)
[1.680s] Level 1:colcon.colcon_core.package_discovery:discover_packages(colcon_meta) check parameters
[1.680s] Level 1:colcon.colcon_core.package_discovery:discover_packages(recursive) check parameters
[1.680s] Level 1:colcon.colcon_core.package_discovery:discover_packages(ignore) check parameters
[1.680s] Level 1:colcon.colcon_core.package_discovery:discover_packages(path) check parameters
[1.680s] Level 1:colcon.colcon_core.package_discovery:discover_packages(colcon_meta) discover
[1.680s] Level 1:colcon.colcon_core.package_discovery:discover_packages(recursive) discover
[1.680s] INFO:colcon.colcon_core.package_discovery:Crawling recursively for packages in '/home/dmpasgal/Clothy'
[1.681s] Level 1:colcon.colcon_core.package_identification:_identify(.) by extensions ['ignore', 'ignore_ament_install']
[1.681s] Level 1:colcon.colcon_core.package_identification:_identify(.) by extension 'ignore'
[1.681s] Level 1:colcon.colcon_core.package_identification:_identify(.) by extension 'ignore_ament_install'
[1.681s] Level 1:colcon.colcon_core.package_identification:_identify(.) by extensions ['colcon_pkg']
[1.681s] Level 1:colcon.colcon_core.package_identification:_identify(.) by extension 'colcon_pkg'
[1.681s] Level 1:colcon.colcon_core.package_identification:_identify(.) by extensions ['colcon_meta']
[1.681s] Level 1:colcon.colcon_core.package_identification:_identify(.) by extension 'colcon_meta'
[1.681s] Level 1:colcon.colcon_core.package_identification:_identify(.) by extensions ['ros']
[1.681s] Level 1:colcon.colcon_core.package_identification:_identify(.) by extension 'ros'
[1.696s] Level 1:colcon.colcon_core.package_identification:_identify(.) by extensions ['cmake', 'python']
[1.696s] Level 1:colcon.colcon_core.package_identification:_identify(.) by extension 'cmake'
[1.696s] Level 1:colcon.colcon_core.package_identification:_identify(.) by extension 'python'
[1.696s] Level 1:colcon.colcon_core.package_identification:_identify(.) by extensions ['python_setup_py']
[1.696s] Level 1:colcon.colcon_core.package_identification:_identify(.) by extension 'python_setup_py'
[1.696s] Level 1:colcon.colcon_core.package_identification:_identify(ROS) by extensions ['ignore', 'ignore_ament_install']
[1.696s] Level 1:colcon.colcon_core.package_identification:_identify(ROS) by extension 'ignore'
[1.696s] Level 1:colcon.colcon_core.package_identification:_identify(ROS) by extension 'ignore_ament_install'
[1.696s] Level 1:colcon.colcon_core.package_identification:_identify(ROS) by extensions ['colcon_pkg']
[1.696s] Level 1:colcon.colcon_core.package_identification:_identify(ROS) by extension 'colcon_pkg'
[1.697s] Level 1:colcon.colcon_core.package_identification:_identify(ROS) by extensions ['colcon_meta']
[1.697s] Level 1:colcon.colcon_core.package_identification:_identify(ROS) by extension 'colcon_meta'
[1.697s] Level 1:colcon.colcon_core.package_identification:_identify(ROS) by extensions ['ros']
[1.697s] Level 1:colcon.colcon_core.package_identification:_identify(ROS) by extension 'ros'
[1.697s] Level 1:colcon.colcon_core.package_identification:_identify(ROS) by extensions ['cmake', 'python']
[1.697s] Level 1:colcon.colcon_core.package_identification:_identify(ROS) by extension 'cmake'
[1.697s] Level 1:colcon.colcon_core.package_identification:_identify(ROS) by extension 'python'
[1.697s] Level 1:colcon.colcon_core.package_identification:_identify(ROS) by extensions ['python_setup_py']
[1.697s] Level 1:colcon.colcon_core.package_identification:_identify(ROS) by extension 'python_setup_py'
[1.697s] Level 1:colcon.colcon_core.package_identification:_identify(ROS/turtlebot3_ws) by extensions ['ignore', 'ignore_ament_install']
[1.697s] Level 1:colcon.colcon_core.package_identification:_identify(ROS/turtlebot3_ws) by extension 'ignore'
[1.697s] Level 1:colcon.colcon_core.package_identification:_identify(ROS/turtlebot3_ws) by extension 'ignore_ament_install'
[1.697s] Level 1:colcon.colcon_core.package_identification:_identify(ROS/turtlebot3_ws) by extensions ['colcon_pkg']
[1.697s] Level 1:colcon.colcon_core.package_identification:_identify(ROS/turtlebot3_ws) by extension 'colcon_pkg'
[1.697s] Level 1:colcon.colcon_core.package_identification:_identify(ROS/turtlebot3_ws) by extensions ['colcon_meta']
[1.697s] Level 1:colcon.colcon_core.package_identification:_identify(ROS/turtlebot3_ws) by extension 'colcon_meta'
[1.697s] Level 1:colcon.colcon_core.package_identification:_identify(ROS/turtlebot3_ws) by extensions ['ros']
[1.697s] Level 1:colcon.colcon_core.package_identification:_identify(ROS/turtlebot3_ws) by extension 'ros'
[1.697s] Level 1:colcon.colcon_core.package_identification:_identify(ROS/turtlebot3_ws) by extensions ['cmake', 'python']
[1.697s] Level 1:colcon.colcon_core.package_identification:_identify(ROS/turtlebot3_ws) by extension 'cmake'
[1.697s] Level 1:colcon.colcon_core.package_identification:_identify(ROS/turtlebot3_ws) by extension 'python'
[1.697s] Level 1:colcon.colcon_core.package_identification:_identify(ROS/turtlebot3_ws) by extensions ['python_setup_py']
[1.697s] Level 1:colcon.colcon_core.package_identification:_identify(ROS/turtlebot3_ws) by extension 'python_setup_py'
[1.697s] Level 1:colcon.colcon_core.package_identification:_identify(ROS/turtlebot3_ws/build) by extensions ['ignore', 'ignore_ament_install']
[1.697s] Level 1:colcon.colcon_core.package_identification:_identify(ROS/turtlebot3_ws/build) by extension 'ignore'
[1.697s] Level 1:colcon.colcon_core.package_identification:_identify(ROS/turtlebot3_ws/build) ignored
[1.697s] Level 1:colcon.colcon_core.package_identification:_identify(ROS/turtlebot3_ws/install) by extensions ['ignore', 'ignore_ament_install']
[1.697s] Level 1:colcon.colcon_core.package_identification:_identify(ROS/turtlebot3_ws/install) by extension 'ignore'
[1.697s] Level 1:colcon.colcon_core.package_identification:_identify(ROS/turtlebot3_ws/install) ignored
[1.697s] Level 1:colcon.colcon_core.package_identification:_identify(ROS/turtlebot3_ws/log) by extensions ['ignore', 'ignore_ament_install']
[1.697s] Level 1:colcon.colcon_core.package_identification:_identify(ROS/turtlebot3_ws/log) by extension 'ignore'
[1.697s] Level 1:colcon.colcon_core.package_identification:_identify(ROS/turtlebot3_ws/log) ignored
[1.697s] Level 1:colcon.colcon_core.package_identification:_identify(ROS/turtlebot3_ws/src) by extensions ['ignore', 'ignore_ament_install']
[1.697s] Level 1:colcon.colcon_core.package_identification:_identify(ROS/turtlebot3_ws/src) by extension 'ignore'
[1.698s] Level 1:colcon.colcon_core.package_identification:_identify(ROS/turtlebot3_ws/src) by extension 'ignore_ament_install'
[1.698s] Level 1:colcon.colcon_core.package_identification:_identify(ROS/turtlebot3_ws/src) by extensions ['colcon_pkg']
[1.698s] Level 1:colcon.colcon_core.package_identification:_identify(ROS/turtlebot3_ws/src) by extension 'colcon_pkg'
[1.698s] Level 1:colcon.colcon_core.package_identification:_identify(ROS/turtlebot3_ws/src) by extensions ['colcon_meta']
[1.698s] Level 1:colcon.colcon_core.package_identification:_identify(ROS/turtlebot3_ws/src) by extension 'colcon_meta'
[1.698s] Level 1:colcon.colcon_core.package_identification:_identify(ROS/turtlebot3_ws/src) by extensions ['ros']
[1.698s] Level 1:colcon.colcon_core.package_identification:_identify(ROS/turtlebot3_ws/src) by extension 'ros'
[1.698s] Level 1:colcon.colcon_core.package_identification:_identify(ROS/turtlebot3_ws/src) by extensions ['cmake', 'python']
[1.698s] Level 1:colcon.colcon_core.package_identification:_identify(ROS/turtlebot3_ws/src) by extension 'cmake'
[1.698s] Level 1:colcon.colcon_core.package_identification:_identify(ROS/turtlebot3_ws/src) by extension 'python'
[1.698s] Level 1:colcon.colcon_core.package_identification:_identify(ROS/turtlebot3_ws/src) by extensions ['python_setup_py']
[1.698s] Level 1:colcon.colcon_core.package_identification:_identify(ROS/turtlebot3_ws/src) by extension 'python_setup_py'
[1.698s] Level 1:colcon.colcon_core.package_identification:_identify(ROS/turtlebot3_ws/src/build) by extensions ['ignore', 'ignore_ament_install']
[1.698s] Level 1:colcon.colcon_core.package_identification:_identify(ROS/turtlebot3_ws/src/build) by extension 'ignore'
[1.698s] Level 1:colcon.colcon_core.package_identification:_identify(ROS/turtlebot3_ws/src/build) ignored
[1.698s] Level 1:colcon.colcon_core.package_identification:_identify(ROS/turtlebot3_ws/src/custom_interface) by extensions ['ignore', 'ignore_ament_install']
[1.698s] Level 1:colcon.colcon_core.package_identification:_identify(ROS/turtlebot3_ws/src/custom_interface) by extension 'ignore'
[1.698s] Level 1:colcon.colcon_core.package_identification:_identify(ROS/turtlebot3_ws/src/custom_interface) by extension 'ignore_ament_install'
[1.698s] Level 1:colcon.colcon_core.package_identification:_identify(ROS/turtlebot3_ws/src/custom_interface) by extensions ['colcon_pkg']
[1.698s] Level 1:colcon.colcon_core.package_identification:_identify(ROS/turtlebot3_ws/src/custom_interface) by extension 'colcon_pkg'
[1.698s] Level 1:colcon.colcon_core.package_identification:_identify(ROS/turtlebot3_ws/src/custom_interface) by extensions ['colcon_meta']
[1.698s] Level 1:colcon.colcon_core.package_identification:_identify(ROS/turtlebot3_ws/src/custom_interface) by extension 'colcon_meta'
[1.698s] Level 1:colcon.colcon_core.package_identification:_identify(ROS/turtlebot3_ws/src/custom_interface) by extensions ['ros']
[1.698s] Level 1:colcon.colcon_core.package_identification:_identify(ROS/turtlebot3_ws/src/custom_interface) by extension 'ros'
[1.702s] DEBUG:colcon.colcon_core.package_identification:Package 'ROS/turtlebot3_ws/src/custom_interface' with type 'ros.ament_cmake' and name 'custom_interface'
[1.702s] Level 1:colcon.colcon_core.package_identification:_identify(ROS/turtlebot3_ws/src/install) by extensions ['ignore', 'ignore_ament_install']
[1.702s] Level 1:colcon.colcon_core.package_identification:_identify(ROS/turtlebot3_ws/src/install) by extension 'ignore'
[1.702s] Level 1:colcon.colcon_core.package_identification:_identify(ROS/turtlebot3_ws/src/install) ignored
[1.702s] Level 1:colcon.colcon_core.package_identification:_identify(ROS/turtlebot3_ws/src/log) by extensions ['ignore', 'ignore_ament_install']
[1.702s] Level 1:colcon.colcon_core.package_identification:_identify(ROS/turtlebot3_ws/src/log) by extension 'ignore'
[1.702s] Level 1:colcon.colcon_core.package_identification:_identify(ROS/turtlebot3_ws/src/log) ignored
[1.702s] Level 1:colcon.colcon_core.package_identification:_identify(ROS/turtlebot3_ws/src/my_slam) by extensions ['ignore', 'ignore_ament_install']
[1.702s] Level 1:colcon.colcon_core.package_identification:_identify(ROS/turtlebot3_ws/src/my_slam) by extension 'ignore'
[1.702s] Level 1:colcon.colcon_core.package_identification:_identify(ROS/turtlebot3_ws/src/my_slam) by extension 'ignore_ament_install'
[1.702s] Level 1:colcon.colcon_core.package_identification:_identify(ROS/turtlebot3_ws/src/my_slam) by extensions ['colcon_pkg']
[1.702s] Level 1:colcon.colcon_core.package_identification:_identify(ROS/turtlebot3_ws/src/my_slam) by extension 'colcon_pkg'
[1.703s] Level 1:colcon.colcon_core.package_identification:_identify(ROS/turtlebot3_ws/src/my_slam) by extensions ['colcon_meta']
[1.703s] Level 1:colcon.colcon_core.package_identification:_identify(ROS/turtlebot3_ws/src/my_slam) by extension 'colcon_meta'
[1.703s] Level 1:colcon.colcon_core.package_identification:_identify(ROS/turtlebot3_ws/src/my_slam) by extensions ['ros']
[1.703s] Level 1:colcon.colcon_core.package_identification:_identify(ROS/turtlebot3_ws/src/my_slam) by extension 'ros'
[1.703s] DEBUG:colcon.colcon_core.package_identification:Package 'ROS/turtlebot3_ws/src/my_slam' with type 'ros.ament_python' and name 'my_slam'
[1.704s] Level 1:colcon.colcon_core.package_identification:_identify(ROS/turtlebot3_ws/src/my_world) by extensions ['ignore', 'ignore_ament_install']
[1.704s] Level 1:colcon.colcon_core.package_identification:_identify(ROS/turtlebot3_ws/src/my_world) by extension 'ignore'
[1.704s] Level 1:colcon.colcon_core.package_identification:_identify(ROS/turtlebot3_ws/src/my_world) by extension 'ignore_ament_install'
[1.704s] Level 1:colcon.colcon_core.package_identification:_identify(ROS/turtlebot3_ws/src/my_world) by extensions ['colcon_pkg']
[1.704s] Level 1:colcon.colcon_core.package_identification:_identify(ROS/turtlebot3_ws/src/my_world) by extension 'colcon_pkg'
[1.704s] Level 1:colcon.colcon_core.package_identification:_identify(ROS/turtlebot3_ws/src/my_world) by extensions ['colcon_meta']
[1.704s] Level 1:colcon.colcon_core.package_identification:_identify(ROS/turtlebot3_ws/src/my_world) by extension 'colcon_meta'
[1.704s] Level 1:colcon.colcon_core.package_identification:_identify(ROS/turtlebot3_ws/src/my_world) by extensions ['ros']
[1.704s] Level 1:colcon.colcon_core.package_identification:_identify(ROS/turtlebot3_ws/src/my_world) by extension 'ros'
[1.705s] DEBUG:colcon.colcon_core.package_identification:Package 'ROS/turtlebot3_ws/src/my_world' with type 'ros.ament_cmake' and name 'my_world'
[1.705s] Level 1:colcon.colcon_core.package_identification:_identify(ROS/turtlebot3_ws/src/provide_map) by extensions ['ignore', 'ignore_ament_install']
[1.705s] Level 1:colcon.colcon_core.package_identification:_identify(ROS/turtlebot3_ws/src/provide_map) by extension 'ignore'
[1.705s] Level 1:colcon.colcon_core.package_identification:_identify(ROS/turtlebot3_ws/src/provide_map) by extension 'ignore_ament_install'
[1.705s] Level 1:colcon.colcon_core.package_identification:_identify(ROS/turtlebot3_ws/src/provide_map) by extensions ['colcon_pkg']
[1.705s] Level 1:colcon.colcon_core.package_identification:_identify(ROS/turtlebot3_ws/src/provide_map) by extension 'colcon_pkg'
[1.705s] Level 1:colcon.colcon_core.package_identification:_identify(ROS/turtlebot3_ws/src/provide_map) by extensions ['colcon_meta']
[1.705s] Level 1:colcon.colcon_core.package_identification:_identify(ROS/turtlebot3_ws/src/provide_map) by extension 'colcon_meta'
[1.705s] Level 1:colcon.colcon_core.package_identification:_identify(ROS/turtlebot3_ws/src/provide_map) by extensions ['ros']
[1.705s] Level 1:colcon.colcon_core.package_identification:_identify(ROS/turtlebot3_ws/src/provide_map) by extension 'ros'
[1.706s] DEBUG:colcon.colcon_core.package_identification:Package 'ROS/turtlebot3_ws/src/provide_map' with type 'ros.ament_python' and name 'provide_map'
[1.706s] Level 1:colcon.colcon_core.package_identification:_identify(ROS/turtlebot3_ws/src/show_msg) by extensions ['ignore', 'ignore_ament_install']
[1.706s] Level 1:colcon.colcon_core.package_identification:_identify(ROS/turtlebot3_ws/src/show_msg) by extension 'ignore'
[1.706s] Level 1:colcon.colcon_core.package_identification:_identify(ROS/turtlebot3_ws/src/show_msg) by extension 'ignore_ament_install'
[1.706s] Level 1:colcon.colcon_core.package_identification:_identify(ROS/turtlebot3_ws/src/show_msg) by extensions ['colcon_pkg']
[1.706s] Level 1:colcon.colcon_core.package_identification:_identify(ROS/turtlebot3_ws/src/show_msg) by extension 'colcon_pkg'
[1.706s] Level 1:colcon.colcon_core.package_identification:_identify(ROS/turtlebot3_ws/src/show_msg) by extensions ['colcon_meta']
[1.706s] Level 1:colcon.colcon_core.package_identification:_identify(ROS/turtlebot3_ws/src/show_msg) by extension 'colcon_meta'
[1.706s] Level 1:colcon.colcon_core.package_identification:_identify(ROS/turtlebot3_ws/src/show_msg) by extensions ['ros']
[1.706s] Level 1:colcon.colcon_core.package_identification:_identify(ROS/turtlebot3_ws/src/show_msg) by extension 'ros'
[1.707s] DEBUG:colcon.colcon_core.package_identification:Package 'ROS/turtlebot3_ws/src/show_msg' with type 'ros.ament_python' and name 'show_msg'
[1.707s] Level 1:colcon.colcon_core.package_identification:_identify(ROS/turtlebot3_ws/src/turtlebot3_simulations) by extensions ['ignore', 'ignore_ament_install']
[1.707s] Level 1:colcon.colcon_core.package_identification:_identify(ROS/turtlebot3_ws/src/turtlebot3_simulations) by extension 'ignore'
[1.707s] Level 1:colcon.colcon_core.package_identification:_identify(ROS/turtlebot3_ws/src/turtlebot3_simulations) by extension 'ignore_ament_install'
[1.707s] Level 1:colcon.colcon_core.package_identification:_identify(ROS/turtlebot3_ws/src/turtlebot3_simulations) by extensions ['colcon_pkg']
[1.707s] Level 1:colcon.colcon_core.package_identification:_identify(ROS/turtlebot3_ws/src/turtlebot3_simulations) by extension 'colcon_pkg'
[1.707s] Level 1:colcon.colcon_core.package_identification:_identify(ROS/turtlebot3_ws/src/turtlebot3_simulations) by extensions ['colcon_meta']
[1.707s] Level 1:colcon.colcon_core.package_identification:_identify(ROS/turtlebot3_ws/src/turtlebot3_simulations) by extension 'colcon_meta'
[1.707s] Level 1:colcon.colcon_core.package_identification:_identify(ROS/turtlebot3_ws/src/turtlebot3_simulations) by extensions ['ros']
[1.707s] Level 1:colcon.colcon_core.package_identification:_identify(ROS/turtlebot3_ws/src/turtlebot3_simulations) by extension 'ros'
[1.707s] Level 1:colcon.colcon_core.package_identification:_identify(ROS/turtlebot3_ws/src/turtlebot3_simulations) by extensions ['cmake', 'python']
[1.707s] Level 1:colcon.colcon_core.package_identification:_identify(ROS/turtlebot3_ws/src/turtlebot3_simulations) by extension 'cmake'
[1.707s] Level 1:colcon.colcon_core.package_identification:_identify(ROS/turtlebot3_ws/src/turtlebot3_simulations) by extension 'python'
[1.707s] Level 1:colcon.colcon_core.package_identification:_identify(ROS/turtlebot3_ws/src/turtlebot3_simulations) by extensions ['python_setup_py']
[1.707s] Level 1:colcon.colcon_core.package_identification:_identify(ROS/turtlebot3_ws/src/turtlebot3_simulations) by extension 'python_setup_py'
[1.707s] Level 1:colcon.colcon_core.package_identification:_identify(ROS/turtlebot3_ws/src/turtlebot3_simulations/turtlebot3_fake_node) by extensions ['ignore', 'ignore_ament_install']
[1.708s] Level 1:colcon.colcon_core.package_identification:_identify(ROS/turtlebot3_ws/src/turtlebot3_simulations/turtlebot3_fake_node) by extension 'ignore'
[1.708s] Level 1:colcon.colcon_core.package_identification:_identify(ROS/turtlebot3_ws/src/turtlebot3_simulations/turtlebot3_fake_node) by extension 'ignore_ament_install'
[1.708s] Level 1:colcon.colcon_core.package_identification:_identify(ROS/turtlebot3_ws/src/turtlebot3_simulations/turtlebot3_fake_node) by extensions ['colcon_pkg']
[1.708s] Level 1:colcon.colcon_core.package_identification:_identify(ROS/turtlebot3_ws/src/turtlebot3_simulations/turtlebot3_fake_node) by extension 'colcon_pkg'
[1.708s] Level 1:colcon.colcon_core.package_identification:_identify(ROS/turtlebot3_ws/src/turtlebot3_simulations/turtlebot3_fake_node) by extensions ['colcon_meta']
[1.708s] Level 1:colcon.colcon_core.package_identification:_identify(ROS/turtlebot3_ws/src/turtlebot3_simulations/turtlebot3_fake_node) by extension 'colcon_meta'
[1.708s] Level 1:colcon.colcon_core.package_identification:_identify(ROS/turtlebot3_ws/src/turtlebot3_simulations/turtlebot3_fake_node) by extensions ['ros']
[1.708s] Level 1:colcon.colcon_core.package_identification:_identify(ROS/turtlebot3_ws/src/turtlebot3_simulations/turtlebot3_fake_node) by extension 'ros'
[1.709s] DEBUG:colcon.colcon_core.package_identification:Package 'ROS/turtlebot3_ws/src/turtlebot3_simulations/turtlebot3_fake_node' with type 'ros.ament_cmake' and name 'turtlebot3_fake_node'
[1.709s] Level 1:colcon.colcon_core.package_identification:_identify(ROS/turtlebot3_ws/src/turtlebot3_simulations/turtlebot3_gazebo) by extensions ['ignore', 'ignore_ament_install']
[1.709s] Level 1:colcon.colcon_core.package_identification:_identify(ROS/turtlebot3_ws/src/turtlebot3_simulations/turtlebot3_gazebo) by extension 'ignore'
[1.709s] Level 1:colcon.colcon_core.package_identification:_identify(ROS/turtlebot3_ws/src/turtlebot3_simulations/turtlebot3_gazebo) by extension 'ignore_ament_install'
[1.709s] Level 1:colcon.colcon_core.package_identification:_identify(ROS/turtlebot3_ws/src/turtlebot3_simulations/turtlebot3_gazebo) by extensions ['colcon_pkg']
[1.709s] Level 1:colcon.colcon_core.package_identification:_identify(ROS/turtlebot3_ws/src/turtlebot3_simulations/turtlebot3_gazebo) by extension 'colcon_pkg'
[1.709s] Level 1:colcon.colcon_core.package_identification:_identify(ROS/turtlebot3_ws/src/turtlebot3_simulations/turtlebot3_gazebo) by extensions ['colcon_meta']
[1.709s] Level 1:colcon.colcon_core.package_identification:_identify(ROS/turtlebot3_ws/src/turtlebot3_simulations/turtlebot3_gazebo) by extension 'colcon_meta'
[1.709s] Level 1:colcon.colcon_core.package_identification:_identify(ROS/turtlebot3_ws/src/turtlebot3_simulations/turtlebot3_gazebo) by extensions ['ros']
[1.709s] Level 1:colcon.colcon_core.package_identification:_identify(ROS/turtlebot3_ws/src/turtlebot3_simulations/turtlebot3_gazebo) by extension 'ros'
[1.710s] DEBUG:colcon.colcon_core.package_identification:Package 'ROS/turtlebot3_ws/src/turtlebot3_simulations/turtlebot3_gazebo' with type 'ros.ament_cmake' and name 'turtlebot3_gazebo'
[1.710s] Level 1:colcon.colcon_core.package_identification:_identify(ROS/turtlebot3_ws/src/turtlebot3_simulations/turtlebot3_simulations) by extensions ['ignore', 'ignore_ament_install']
[1.710s] Level 1:colcon.colcon_core.package_identification:_identify(ROS/turtlebot3_ws/src/turtlebot3_simulations/turtlebot3_simulations) by extension 'ignore'
[1.710s] Level 1:colcon.colcon_core.package_identification:_identify(ROS/turtlebot3_ws/src/turtlebot3_simulations/turtlebot3_simulations) by extension 'ignore_ament_install'
[1.710s] Level 1:colcon.colcon_core.package_identification:_identify(ROS/turtlebot3_ws/src/turtlebot3_simulations/turtlebot3_simulations) by extensions ['colcon_pkg']
[1.711s] Level 1:colcon.colcon_core.package_identification:_identify(ROS/turtlebot3_ws/src/turtlebot3_simulations/turtlebot3_simulations) by extension 'colcon_pkg'
[1.711s] Level 1:colcon.colcon_core.package_identification:_identify(ROS/turtlebot3_ws/src/turtlebot3_simulations/turtlebot3_simulations) by extensions ['colcon_meta']
[1.711s] Level 1:colcon.colcon_core.package_identification:_identify(ROS/turtlebot3_ws/src/turtlebot3_simulations/turtlebot3_simulations) by extension 'colcon_meta'
[1.711s] Level 1:colcon.colcon_core.package_identification:_identify(ROS/turtlebot3_ws/src/turtlebot3_simulations/turtlebot3_simulations) by extensions ['ros']
[1.711s] Level 1:colcon.colcon_core.package_identification:_identify(ROS/turtlebot3_ws/src/turtlebot3_simulations/turtlebot3_simulations) by extension 'ros'
[1.711s] DEBUG:colcon.colcon_core.package_identification:Package 'ROS/turtlebot3_ws/src/turtlebot3_simulations/turtlebot3_simulations' with type 'ros.ament_cmake' and name 'turtlebot3_simulations'
[1.712s] Level 1:colcon.colcon_core.package_identification:_identify(WEB) by extensions ['ignore', 'ignore_ament_install']
[1.712s] Level 1:colcon.colcon_core.package_identification:_identify(WEB) by extension 'ignore'
[1.712s] Level 1:colcon.colcon_core.package_identification:_identify(WEB) by extension 'ignore_ament_install'
[1.712s] Level 1:colcon.colcon_core.package_identification:_identify(WEB) by extensions ['colcon_pkg']
[1.712s] Level 1:colcon.colcon_core.package_identification:_identify(WEB) by extension 'colcon_pkg'
[1.712s] Level 1:colcon.colcon_core.package_identification:_identify(WEB) by extensions ['colcon_meta']
[1.712s] Level 1:colcon.colcon_core.package_identification:_identify(WEB) by extension 'colcon_meta'
[1.712s] Level 1:colcon.colcon_core.package_identification:_identify(WEB) by extensions ['ros']
[1.712s] Level 1:colcon.colcon_core.package_identification:_identify(WEB) by extension 'ros'
[1.712s] Level 1:colcon.colcon_core.package_identification:_identify(WEB) by extensions ['cmake', 'python']
[1.712s] Level 1:colcon.colcon_core.package_identification:_identify(WEB) by extension 'cmake'
[1.712s] Level 1:colcon.colcon_core.package_identification:_identify(WEB) by extension 'python'
[1.712s] Level 1:colcon.colcon_core.package_identification:_identify(WEB) by extensions ['python_setup_py']
[1.712s] Level 1:colcon.colcon_core.package_identification:_identify(WEB) by extension 'python_setup_py'
[1.712s] Level 1:colcon.colcon_core.package_identification:_identify(WEB/src) by extensions ['ignore', 'ignore_ament_install']
[1.712s] Level 1:colcon.colcon_core.package_identification:_identify(WEB/src) by extension 'ignore'
[1.712s] Level 1:colcon.colcon_core.package_identification:_identify(WEB/src) by extension 'ignore_ament_install'
[1.712s] Level 1:colcon.colcon_core.package_identification:_identify(WEB/src) by extensions ['colcon_pkg']
[1.712s] Level 1:colcon.colcon_core.package_identification:_identify(WEB/src) by extension 'colcon_pkg'
[1.712s] Level 1:colcon.colcon_core.package_identification:_identify(WEB/src) by extensions ['colcon_meta']
[1.712s] Level 1:colcon.colcon_core.package_identification:_identify(WEB/src) by extension 'colcon_meta'
[1.712s] Level 1:colcon.colcon_core.package_identification:_identify(WEB/src) by extensions ['ros']
[1.712s] Level 1:colcon.colcon_core.package_identification:_identify(WEB/src) by extension 'ros'
[1.712s] Level 1:colcon.colcon_core.package_identification:_identify(WEB/src) by extensions ['cmake', 'python']
[1.712s] Level 1:colcon.colcon_core.package_identification:_identify(WEB/src) by extension 'cmake'
[1.712s] Level 1:colcon.colcon_core.package_identification:_identify(WEB/src) by extension 'python'
[1.712s] Level 1:colcon.colcon_core.package_identification:_identify(WEB/src) by extensions ['python_setup_py']
[1.712s] Level 1:colcon.colcon_core.package_identification:_identify(WEB/src) by extension 'python_setup_py'
[1.712s] Level 1:colcon.colcon_core.package_identification:_identify(WEB/src/assets) by extensions ['ignore', 'ignore_ament_install']
[1.712s] Level 1:colcon.colcon_core.package_identification:_identify(WEB/src/assets) by extension 'ignore'
[1.712s] Level 1:colcon.colcon_core.package_identification:_identify(WEB/src/assets) by extension 'ignore_ament_install'
[1.713s] Level 1:colcon.colcon_core.package_identification:_identify(WEB/src/assets) by extensions ['colcon_pkg']
[1.713s] Level 1:colcon.colcon_core.package_identification:_identify(WEB/src/assets) by extension 'colcon_pkg'
[1.713s] Level 1:colcon.colcon_core.package_identification:_identify(WEB/src/assets) by extensions ['colcon_meta']
[1.713s] Level 1:colcon.colcon_core.package_identification:_identify(WEB/src/assets) by extension 'colcon_meta'
[1.713s] Level 1:colcon.colcon_core.package_identification:_identify(WEB/src/assets) by extensions ['ros']
[1.713s] Level 1:colcon.colcon_core.package_identification:_identify(WEB/src/assets) by extension 'ros'
[1.713s] Level 1:colcon.colcon_core.package_identification:_identify(WEB/src/assets) by extensions ['cmake', 'python']
[1.713s] Level 1:colcon.colcon_core.package_identification:_identify(WEB/src/assets) by extension 'cmake'
[1.713s] Level 1:colcon.colcon_core.package_identification:_identify(WEB/src/assets) by extension 'python'
[1.713s] Level 1:colcon.colcon_core.package_identification:_identify(WEB/src/assets) by extensions ['python_setup_py']
[1.713s] Level 1:colcon.colcon_core.package_identification:_identify(WEB/src/assets) by extension 'python_setup_py'
[1.713s] Level 1:colcon.colcon_core.package_identification:_identify(WEB/src/assets/fondos) by extensions ['ignore', 'ignore_ament_install']
[1.713s] Level 1:colcon.colcon_core.package_identification:_identify(WEB/src/assets/fondos) by extension 'ignore'
[1.713s] Level 1:colcon.colcon_core.package_identification:_identify(WEB/src/assets/fondos) by extension 'ignore_ament_install'
[1.713s] Level 1:colcon.colcon_core.package_identification:_identify(WEB/src/assets/fondos) by extensions ['colcon_pkg']
[1.713s] Level 1:colcon.colcon_core.package_identification:_identify(WEB/src/assets/fondos) by extension 'colcon_pkg'
[1.713s] Level 1:colcon.colcon_core.package_identification:_identify(WEB/src/assets/fondos) by extensions ['colcon_meta']
[1.713s] Level 1:colcon.colcon_core.package_identification:_identify(WEB/src/assets/fondos) by extension 'colcon_meta'
[1.713s] Level 1:colcon.colcon_core.package_identification:_identify(WEB/src/assets/fondos) by extensions ['ros']
[1.713s] Level 1:colcon.colcon_core.package_identification:_identify(WEB/src/assets/fondos) by extension 'ros'
[1.713s] Level 1:colcon.colcon_core.package_identification:_identify(WEB/src/assets/fondos) by extensions ['cmake', 'python']
[1.713s] Level 1:colcon.colcon_core.package_identification:_identify(WEB/src/assets/fondos) by extension 'cmake'
[1.713s] Level 1:colcon.colcon_core.package_identification:_identify(WEB/src/assets/fondos) by extension 'python'
[1.713s] Level 1:colcon.colcon_core.package_identification:_identify(WEB/src/assets/fondos) by extensions ['python_setup_py']
[1.713s] Level 1:colcon.colcon_core.package_identification:_identify(WEB/src/assets/fondos) by extension 'python_setup_py'
[1.713s] Level 1:colcon.colcon_core.package_identification:_identify(WEB/src/assets/ropa) by extensions ['ignore', 'ignore_ament_install']
[1.713s] Level 1:colcon.colcon_core.package_identification:_identify(WEB/src/assets/ropa) by extension 'ignore'
[1.713s] Level 1:colcon.colcon_core.package_identification:_identify(WEB/src/assets/ropa) by extension 'ignore_ament_install'
[1.713s] Level 1:colcon.colcon_core.package_identification:_identify(WEB/src/assets/ropa) by extensions ['colcon_pkg']
[1.713s] Level 1:colcon.colcon_core.package_identification:_identify(WEB/src/assets/ropa) by extension 'colcon_pkg'
[1.713s] Level 1:colcon.colcon_core.package_identification:_identify(WEB/src/assets/ropa) by extensions ['colcon_meta']
[1.713s] Level 1:colcon.colcon_core.package_identification:_identify(WEB/src/assets/ropa) by extension 'colcon_meta'
[1.713s] Level 1:colcon.colcon_core.package_identification:_identify(WEB/src/assets/ropa) by extensions ['ros']
[1.713s] Level 1:colcon.colcon_core.package_identification:_identify(WEB/src/assets/ropa) by extension 'ros'
[1.713s] Level 1:colcon.colcon_core.package_identification:_identify(WEB/src/assets/ropa) by extensions ['cmake', 'python']
[1.713s] Level 1:colcon.colcon_core.package_identification:_identify(WEB/src/assets/ropa) by extension 'cmake'
[1.713s] Level 1:colcon.colcon_core.package_identification:_identify(WEB/src/assets/ropa) by extension 'python'
[1.713s] Level 1:colcon.colcon_core.package_identification:_identify(WEB/src/assets/ropa) by extensions ['python_setup_py']
[1.713s] Level 1:colcon.colcon_core.package_identification:_identify(WEB/src/assets/ropa) by extension 'python_setup_py'
[1.713s] Level 1:colcon.colcon_core.package_identification:_identify(WEB/src/assets/ropa/pantalones) by extensions ['ignore', 'ignore_ament_install']
[1.713s] Level 1:colcon.colcon_core.package_identification:_identify(WEB/src/assets/ropa/pantalones) by extension 'ignore'
[1.713s] Level 1:colcon.colcon_core.package_identification:_identify(WEB/src/assets/ropa/pantalones) by extension 'ignore_ament_install'
[1.714s] Level 1:colcon.colcon_core.package_identification:_identify(WEB/src/assets/ropa/pantalones) by extensions ['colcon_pkg']
[1.714s] Level 1:colcon.colcon_core.package_identification:_identify(WEB/src/assets/ropa/pantalones) by extension 'colcon_pkg'
[1.714s] Level 1:colcon.colcon_core.package_identification:_identify(WEB/src/assets/ropa/pantalones) by extensions ['colcon_meta']
[1.714s] Level 1:colcon.colcon_core.package_identification:_identify(WEB/src/assets/ropa/pantalones) by extension 'colcon_meta'
[1.714s] Level 1:colcon.colcon_core.package_identification:_identify(WEB/src/assets/ropa/pantalones) by extensions ['ros']
[1.714s] Level 1:colcon.colcon_core.package_identification:_identify(WEB/src/assets/ropa/pantalones) by extension 'ros'
[1.714s] Level 1:colcon.colcon_core.package_identification:_identify(WEB/src/assets/ropa/pantalones) by extensions ['cmake', 'python']
[1.714s] Level 1:colcon.colcon_core.package_identification:_identify(WEB/src/assets/ropa/pantalones) by extension 'cmake'
[1.714s] Level 1:colcon.colcon_core.package_identification:_identify(WEB/src/assets/ropa/pantalones) by extension 'python'
[1.714s] Level 1:colcon.colcon_core.package_identification:_identify(WEB/src/assets/ropa/pantalones) by extensions ['python_setup_py']
[1.714s] Level 1:colcon.colcon_core.package_identification:_identify(WEB/src/assets/ropa/pantalones) by extension 'python_setup_py'
[1.714s] Level 1:colcon.colcon_core.package_identification:_identify(WEB/src/assets/ropa/sudaderas) by extensions ['ignore', 'ignore_ament_install']
[1.714s] Level 1:colcon.colcon_core.package_identification:_identify(WEB/src/assets/ropa/sudaderas) by extension 'ignore'
[1.714s] Level 1:colcon.colcon_core.package_identification:_identify(WEB/src/assets/ropa/sudaderas) by extension 'ignore_ament_install'
[1.714s] Level 1:colcon.colcon_core.package_identification:_identify(WEB/src/assets/ropa/sudaderas) by extensions ['colcon_pkg']
[1.714s] Level 1:colcon.colcon_core.package_identification:_identify(WEB/src/assets/ropa/sudaderas) by extension 'colcon_pkg'
[1.714s] Level 1:colcon.colcon_core.package_identification:_identify(WEB/src/assets/ropa/sudaderas) by extensions ['colcon_meta']
[1.714s] Level 1:colcon.colcon_core.package_identification:_identify(WEB/src/assets/ropa/sudaderas) by extension 'colcon_meta'
[1.714s] Level 1:colcon.colcon_core.package_identification:_identify(WEB/src/assets/ropa/sudaderas) by extensions ['ros']
[1.714s] Level 1:colcon.colcon_core.package_identification:_identify(WEB/src/assets/ropa/sudaderas) by extension 'ros'
[1.714s] Level 1:colcon.colcon_core.package_identification:_identify(WEB/src/assets/ropa/sudaderas) by extensions ['cmake', 'python']
[1.714s] Level 1:colcon.colcon_core.package_identification:_identify(WEB/src/assets/ropa/sudaderas) by extension 'cmake'
[1.714s] Level 1:colcon.colcon_core.package_identification:_identify(WEB/src/assets/ropa/sudaderas) by extension 'python'
[1.714s] Level 1:colcon.colcon_core.package_identification:_identify(WEB/src/assets/ropa/sudaderas) by extensions ['python_setup_py']
[1.714s] Level 1:colcon.colcon_core.package_identification:_identify(WEB/src/assets/ropa/sudaderas) by extension 'python_setup_py'
[1.714s] Level 1:colcon.colcon_core.package_identification:_identify(WEB/src/css) by extensions ['ignore', 'ignore_ament_install']
[1.714s] Level 1:colcon.colcon_core.package_identification:_identify(WEB/src/css) by extension 'ignore'
[1.714s] Level 1:colcon.colcon_core.package_identification:_identify(WEB/src/css) by extension 'ignore_ament_install'
[1.714s] Level 1:colcon.colcon_core.package_identification:_identify(WEB/src/css) by extensions ['colcon_pkg']
[1.714s] Level 1:colcon.colcon_core.package_identification:_identify(WEB/src/css) by extension 'colcon_pkg'
[1.714s] Level 1:colcon.colcon_core.package_identification:_identify(WEB/src/css) by extensions ['colcon_meta']
[1.714s] Level 1:colcon.colcon_core.package_identification:_identify(WEB/src/css) by extension 'colcon_meta'
[1.714s] Level 1:colcon.colcon_core.package_identification:_identify(WEB/src/css) by extensions ['ros']
[1.714s] Level 1:colcon.colcon_core.package_identification:_identify(WEB/src/css) by extension 'ros'
[1.714s] Level 1:colcon.colcon_core.package_identification:_identify(WEB/src/css) by extensions ['cmake', 'python']
[1.714s] Level 1:colcon.colcon_core.package_identification:_identify(WEB/src/css) by extension 'cmake'
[1.714s] Level 1:colcon.colcon_core.package_identification:_identify(WEB/src/css) by extension 'python'
[1.714s] Level 1:colcon.colcon_core.package_identification:_identify(WEB/src/css) by extensions ['python_setup_py']
[1.714s] Level 1:colcon.colcon_core.package_identification:_identify(WEB/src/css) by extension 'python_setup_py'
[1.715s] Level 1:colcon.colcon_core.package_identification:_identify(WEB/src/html) by extensions ['ignore', 'ignore_ament_install']
[1.715s] Level 1:colcon.colcon_core.package_identification:_identify(WEB/src/html) by extension 'ignore'
[1.715s] Level 1:colcon.colcon_core.package_identification:_identify(WEB/src/html) by extension 'ignore_ament_install'
[1.715s] Level 1:colcon.colcon_core.package_identification:_identify(WEB/src/html) by extensions ['colcon_pkg']
[1.715s] Level 1:colcon.colcon_core.package_identification:_identify(WEB/src/html) by extension 'colcon_pkg'
[1.715s] Level 1:colcon.colcon_core.package_identification:_identify(WEB/src/html) by extensions ['colcon_meta']
[1.715s] Level 1:colcon.colcon_core.package_identification:_identify(WEB/src/html) by extension 'colcon_meta'
[1.715s] Level 1:colcon.colcon_core.package_identification:_identify(WEB/src/html) by extensions ['ros']
[1.715s] Level 1:colcon.colcon_core.package_identification:_identify(WEB/src/html) by extension 'ros'
[1.715s] Level 1:colcon.colcon_core.package_identification:_identify(WEB/src/html) by extensions ['cmake', 'python']
[1.715s] Level 1:colcon.colcon_core.package_identification:_identify(WEB/src/html) by extension 'cmake'
[1.715s] Level 1:colcon.colcon_core.package_identification:_identify(WEB/src/html) by extension 'python'
[1.715s] Level 1:colcon.colcon_core.package_identification:_identify(WEB/src/html) by extensions ['python_setup_py']
[1.715s] Level 1:colcon.colcon_core.package_identification:_identify(WEB/src/html) by extension 'python_setup_py'
[1.715s] Level 1:colcon.colcon_core.package_identification:_identify(WEB/src/js) by extensions ['ignore', 'ignore_ament_install']
[1.715s] Level 1:colcon.colcon_core.package_identification:_identify(WEB/src/js) by extension 'ignore'
[1.715s] Level 1:colcon.colcon_core.package_identification:_identify(WEB/src/js) by extension 'ignore_ament_install'
[1.715s] Level 1:colcon.colcon_core.package_identification:_identify(WEB/src/js) by extensions ['colcon_pkg']
[1.715s] Level 1:colcon.colcon_core.package_identification:_identify(WEB/src/js) by extension 'colcon_pkg'
[1.715s] Level 1:colcon.colcon_core.package_identification:_identify(WEB/src/js) by extensions ['colcon_meta']
[1.715s] Level 1:colcon.colcon_core.package_identification:_identify(WEB/src/js) by extension 'colcon_meta'
[1.715s] Level 1:colcon.colcon_core.package_identification:_identify(WEB/src/js) by extensions ['ros']
[1.715s] Level 1:colcon.colcon_core.package_identification:_identify(WEB/src/js) by extension 'ros'
[1.715s] Level 1:colcon.colcon_core.package_identification:_identify(WEB/src/js) by extensions ['cmake', 'python']
[1.715s] Level 1:colcon.colcon_core.package_identification:_identify(WEB/src/js) by extension 'cmake'
[1.715s] Level 1:colcon.colcon_core.package_identification:_identify(WEB/src/js) by extension 'python'
[1.715s] Level 1:colcon.colcon_core.package_identification:_identify(WEB/src/js) by extensions ['python_setup_py']
[1.715s] Level 1:colcon.colcon_core.package_identification:_identify(WEB/src/js) by extension 'python_setup_py'
[1.715s] Level 1:colcon.colcon_core.package_identification:_identify(WEB/src/mover) by extensions ['ignore', 'ignore_ament_install']
[1.715s] Level 1:colcon.colcon_core.package_identification:_identify(WEB/src/mover) by extension 'ignore'
[1.715s] Level 1:colcon.colcon_core.package_identification:_identify(WEB/src/mover) by extension 'ignore_ament_install'
[1.715s] Level 1:colcon.colcon_core.package_identification:_identify(WEB/src/mover) by extensions ['colcon_pkg']
[1.715s] Level 1:colcon.colcon_core.package_identification:_identify(WEB/src/mover) by extension 'colcon_pkg'
[1.716s] Level 1:colcon.colcon_core.package_identification:_identify(WEB/src/mover) by extensions ['colcon_meta']
[1.716s] Level 1:colcon.colcon_core.package_identification:_identify(WEB/src/mover) by extension 'colcon_meta'
[1.716s] Level 1:colcon.colcon_core.package_identification:_identify(WEB/src/mover) by extensions ['ros']
[1.716s] Level 1:colcon.colcon_core.package_identification:_identify(WEB/src/mover) by extension 'ros'
[1.716s] Level 1:colcon.colcon_core.package_identification:_identify(WEB/src/mover) by extensions ['cmake', 'python']
[1.716s] Level 1:colcon.colcon_core.package_identification:_identify(WEB/src/mover) by extension 'cmake'
[1.716s] Level 1:colcon.colcon_core.package_identification:_identify(WEB/src/mover) by extension 'python'
[1.716s] Level 1:colcon.colcon_core.package_identification:_identify(WEB/src/mover) by extensions ['python_setup_py']
[1.716s] Level 1:colcon.colcon_core.package_identification:_identify(WEB/src/mover) by extension 'python_setup_py'
[1.716s] Level 1:colcon.colcon_core.package_identification:_identify(build) by extensions ['ignore', 'ignore_ament_install']
[1.716s] Level 1:colcon.colcon_core.package_identification:_identify(build) by extension 'ignore'
[1.716s] Level 1:colcon.colcon_core.package_identification:_identify(build) ignored
[1.716s] Level 1:colcon.colcon_core.package_identification:_identify(docs) by extensions ['ignore', 'ignore_ament_install']
[1.716s] Level 1:colcon.colcon_core.package_identification:_identify(docs) by extension 'ignore'
[1.716s] Level 1:colcon.colcon_core.package_identification:_identify(docs) by extension 'ignore_ament_install'
[1.716s] Level 1:colcon.colcon_core.package_identification:_identify(docs) by extensions ['colcon_pkg']
[1.716s] Level 1:colcon.colcon_core.package_identification:_identify(docs) by extension 'colcon_pkg'
[1.716s] Level 1:colcon.colcon_core.package_identification:_identify(docs) by extensions ['colcon_meta']
[1.716s] Level 1:colcon.colcon_core.package_identification:_identify(docs) by extension 'colcon_meta'
[1.716s] Level 1:colcon.colcon_core.package_identification:_identify(docs) by extensions ['ros']
[1.716s] Level 1:colcon.colcon_core.package_identification:_identify(docs) by extension 'ros'
[1.716s] Level 1:colcon.colcon_core.package_identification:_identify(docs) by extensions ['cmake', 'python']
[1.716s] Level 1:colcon.colcon_core.package_identification:_identify(docs) by extension 'cmake'
[1.716s] Level 1:colcon.colcon_core.package_identification:_identify(docs) by extension 'python'
[1.716s] Level 1:colcon.colcon_core.package_identification:_identify(docs) by extensions ['python_setup_py']
[1.716s] Level 1:colcon.colcon_core.package_identification:_identify(docs) by extension 'python_setup_py'
[1.716s] Level 1:colcon.colcon_core.package_identification:_identify(docs/diseños) by extensions ['ignore', 'ignore_ament_install']
[1.716s] Level 1:colcon.colcon_core.package_identification:_identify(docs/diseños) by extension 'ignore'
[1.716s] Level 1:colcon.colcon_core.package_identification:_identify(docs/diseños) by extension 'ignore_ament_install'
[1.716s] Level 1:colcon.colcon_core.package_identification:_identify(docs/diseños) by extensions ['colcon_pkg']
[1.716s] Level 1:colcon.colcon_core.package_identification:_identify(docs/diseños) by extension 'colcon_pkg'
[1.716s] Level 1:colcon.colcon_core.package_identification:_identify(docs/diseños) by extensions ['colcon_meta']
[1.716s] Level 1:colcon.colcon_core.package_identification:_identify(docs/diseños) by extension 'colcon_meta'
[1.716s] Level 1:colcon.colcon_core.package_identification:_identify(docs/diseños) by extensions ['ros']
[1.716s] Level 1:colcon.colcon_core.package_identification:_identify(docs/diseños) by extension 'ros'
[1.717s] Level 1:colcon.colcon_core.package_identification:_identify(docs/diseños) by extensions ['cmake', 'python']
[1.717s] Level 1:colcon.colcon_core.package_identification:_identify(docs/diseños) by extension 'cmake'
[1.717s] Level 1:colcon.colcon_core.package_identification:_identify(docs/diseños) by extension 'python'
[1.717s] Level 1:colcon.colcon_core.package_identification:_identify(docs/diseños) by extensions ['python_setup_py']
[1.717s] Level 1:colcon.colcon_core.package_identification:_identify(docs/diseños) by extension 'python_setup_py'
[1.717s] Level 1:colcon.colcon_core.package_identification:_identify(install) by extensions ['ignore', 'ignore_ament_install']
[1.717s] Level 1:colcon.colcon_core.package_identification:_identify(install) by extension 'ignore'
[1.717s] Level 1:colcon.colcon_core.package_identification:_identify(install) ignored
[1.717s] Level 1:colcon.colcon_core.package_identification:_identify(log) by extensions ['ignore', 'ignore_ament_install']
[1.717s] Level 1:colcon.colcon_core.package_identification:_identify(log) by extension 'ignore'
[1.717s] Level 1:colcon.colcon_core.package_identification:_identify(log) ignored
[1.717s] Level 1:colcon.colcon_core.package_discovery:discover_packages(recursive) using defaults
[1.717s] Level 1:colcon.colcon_core.package_discovery:discover_packages(ignore) discover
[1.717s] Level 1:colcon.colcon_core.package_discovery:discover_packages(ignore) using defaults
[1.717s] Level 1:colcon.colcon_core.package_discovery:discover_packages(path) discover
[1.717s] Level 1:colcon.colcon_core.package_discovery:discover_packages(path) using defaults
[1.872s] Level 1:colcon.colcon_core.package_discovery:discover_packages(prefix_path) check parameters
[1.872s] Level 1:colcon.colcon_core.package_discovery:discover_packages(prefix_path) discover
[1.924s] DEBUG:colcon.colcon_installed_package_information.package_discovery:Found 9 installed packages in /home/dmpasgal/turtlebot3_ws/install
[1.947s] DEBUG:colcon.colcon_installed_package_information.package_discovery:Found 1 installed packages in /home/dmpasgal/turtlebot3_ws/src/install
[1.972s] DEBUG:colcon.colcon_installed_package_information.package_discovery:Found 336 installed packages in /opt/ros/galactic
[1.974s] Level 1:colcon.colcon_core.package_discovery:discover_packages(prefix_path) using defaults
[2.137s] Level 5:colcon.colcon_core.verb:set package 'custom_interface' build argument 'cmake_args' from command line to 'None'
[2.137s] Level 5:colcon.colcon_core.verb:set package 'custom_interface' build argument 'cmake_target' from command line to 'None'
[2.137s] Level 5:colcon.colcon_core.verb:set package 'custom_interface' build argument 'cmake_target_skip_unavailable' from command line to 'False'
[2.137s] Level 5:colcon.colcon_core.verb:set package 'custom_interface' build argument 'cmake_clean_cache' from command line to 'False'
[2.137s] Level 5:colcon.colcon_core.verb:set package 'custom_interface' build argument 'cmake_clean_first' from command line to 'False'
[2.137s] Level 5:colcon.colcon_core.verb:set package 'custom_interface' build argument 'cmake_force_configure' from command line to 'False'
[2.137s] Level 5:colcon.colcon_core.verb:set package 'custom_interface' build argument 'ament_cmake_args' from command line to 'None'
[2.137s] Level 5:colcon.colcon_core.verb:set package 'custom_interface' build argument 'catkin_cmake_args' from command line to 'None'
[2.137s] Level 5:colcon.colcon_core.verb:set package 'custom_interface' build argument 'catkin_skip_building_tests' from command line to 'False'
[2.137s] DEBUG:colcon.colcon_core.verb:Building package 'custom_interface' with the following arguments: {'ament_cmake_args': None, 'build_base': '/home/dmpasgal/Clothy/build/custom_interface', 'catkin_cmake_args': None, 'catkin_skip_building_tests': False, 'cmake_args': None, 'cmake_clean_cache': False, 'cmake_clean_first': False, 'cmake_force_configure': False, 'cmake_target': None, 'cmake_target_skip_unavailable': False, 'install_base': '/home/dmpasgal/Clothy/install/custom_interface', 'merge_install': False, 'path': '/home/dmpasgal/Clothy/ROS/turtlebot3_ws/src/custom_interface', 'symlink_install': False, 'test_result_base': None}
[2.161s] Level 5:colcon.colcon_core.verb:set package 'my_slam' build argument 'cmake_args' from command line to 'None'
[2.161s] Level 5:colcon.colcon_core.verb:set package 'my_slam' build argument 'cmake_target' from command line to 'None'
[2.161s] Level 5:colcon.colcon_core.verb:set package 'my_slam' build argument 'cmake_target_skip_unavailable' from command line to 'False'
[2.161s] Level 5:colcon.colcon_core.verb:set package 'my_slam' build argument 'cmake_clean_cache' from command line to 'False'
[2.161s] Level 5:colcon.colcon_core.verb:set package 'my_slam' build argument 'cmake_clean_first' from command line to 'False'
[2.161s] Level 5:colcon.colcon_core.verb:set package 'my_slam' build argument 'cmake_force_configure' from command line to 'False'
[2.162s] Level 5:colcon.colcon_core.verb:set package 'my_slam' build argument 'ament_cmake_args' from command line to 'None'
[2.162s] Level 5:colcon.colcon_core.verb:set package 'my_slam' build argument 'catkin_cmake_args' from command line to 'None'
[2.162s] Level 5:colcon.colcon_core.verb:set package 'my_slam' build argument 'catkin_skip_building_tests' from command line to 'False'
[2.162s] DEBUG:colcon.colcon_core.verb:Building package 'my_slam' with the following arguments: {'ament_cmake_args': None, 'build_base': '/home/dmpasgal/Clothy/build/my_slam', 'catkin_cmake_args': None, 'catkin_skip_building_tests': False, 'cmake_args': None, 'cmake_clean_cache': False, 'cmake_clean_first': False, 'cmake_force_configure': False, 'cmake_target': None, 'cmake_target_skip_unavailable': False, 'install_base': '/home/dmpasgal/Clothy/install/my_slam', 'merge_install': False, 'path': '/home/dmpasgal/Clothy/ROS/turtlebot3_ws/src/my_slam', 'symlink_install': False, 'test_result_base': None}
[2.185s] Level 5:colcon.colcon_core.verb:set package 'provide_map' build argument 'cmake_args' from command line to 'None'
[2.185s] Level 5:colcon.colcon_core.verb:set package 'provide_map' build argument 'cmake_target' from command line to 'None'
[2.185s] Level 5:colcon.colcon_core.verb:set package 'provide_map' build argument 'cmake_target_skip_unavailable' from command line to 'False'
[2.185s] Level 5:colcon.colcon_core.verb:set package 'provide_map' build argument 'cmake_clean_cache' from command line to 'False'
[2.185s] Level 5:colcon.colcon_core.verb:set package 'provide_map' build argument 'cmake_clean_first' from command line to 'False'
[2.185s] Level 5:colcon.colcon_core.verb:set package 'provide_map' build argument 'cmake_force_configure' from command line to 'False'
[2.185s] Level 5:colcon.colcon_core.verb:set package 'provide_map' build argument 'ament_cmake_args' from command line to 'None'
[2.185s] Level 5:colcon.colcon_core.verb:set package 'provide_map' build argument 'catkin_cmake_args' from command line to 'None'
[2.185s] Level 5:colcon.colcon_core.verb:set package 'provide_map' build argument 'catkin_skip_building_tests' from command line to 'False'
[2.185s] DEBUG:colcon.colcon_core.verb:Building package 'provide_map' with the following arguments: {'ament_cmake_args': None, 'build_base': '/home/dmpasgal/Clothy/build/provide_map', 'catkin_cmake_args': None, 'catkin_skip_building_tests': False, 'cmake_args': None, 'cmake_clean_cache': False, 'cmake_clean_first': False, 'cmake_force_configure': False, 'cmake_target': None, 'cmake_target_skip_unavailable': False, 'install_base': '/home/dmpasgal/Clothy/install/provide_map', 'merge_install': False, 'path': '/home/dmpasgal/Clothy/ROS/turtlebot3_ws/src/provide_map', 'symlink_install': False, 'test_result_base': None}
[2.210s] Level 5:colcon.colcon_core.verb:set package 'turtlebot3_fake_node' build argument 'cmake_args' from command line to 'None'
[2.210s] Level 5:colcon.colcon_core.verb:set package 'turtlebot3_fake_node' build argument 'cmake_target' from command line to 'None'
[2.210s] Level 5:colcon.colcon_core.verb:set package 'turtlebot3_fake_node' build argument 'cmake_target_skip_unavailable' from command line to 'False'
[2.210s] Level 5:colcon.colcon_core.verb:set package 'turtlebot3_fake_node' build argument 'cmake_clean_cache' from command line to 'False'
[2.210s] Level 5:colcon.colcon_core.verb:set package 'turtlebot3_fake_node' build argument 'cmake_clean_first' from command line to 'False'
[2.210s] Level 5:colcon.colcon_core.verb:set package 'turtlebot3_fake_node' build argument 'cmake_force_configure' from command line to 'False'
[2.210s] Level 5:colcon.colcon_core.verb:set package 'turtlebot3_fake_node' build argument 'ament_cmake_args' from command line to 'None'
[2.210s] Level 5:colcon.colcon_core.verb:set package 'turtlebot3_fake_node' build argument 'catkin_cmake_args' from command line to 'None'
[2.210s] Level 5:colcon.colcon_core.verb:set package 'turtlebot3_fake_node' build argument 'catkin_skip_building_tests' from command line to 'False'
[2.210s] DEBUG:colcon.colcon_core.verb:Building package 'turtlebot3_fake_node' with the following arguments: {'ament_cmake_args': None, 'build_base': '/home/dmpasgal/Clothy/build/turtlebot3_fake_node', 'catkin_cmake_args': None, 'catkin_skip_building_tests': False, 'cmake_args': None, 'cmake_clean_cache': False, 'cmake_clean_first': False, 'cmake_force_configure': False, 'cmake_target': None, 'cmake_target_skip_unavailable': False, 'install_base': '/home/dmpasgal/Clothy/install/turtlebot3_fake_node', 'merge_install': False, 'path': '/home/dmpasgal/Clothy/ROS/turtlebot3_ws/src/turtlebot3_simulations/turtlebot3_fake_node', 'symlink_install': False, 'test_result_base': None}
[2.236s] Level 5:colcon.colcon_core.verb:set package 'turtlebot3_gazebo' build argument 'cmake_args' from command line to 'None'
[2.236s] Level 5:colcon.colcon_core.verb:set package 'turtlebot3_gazebo' build argument 'cmake_target' from command line to 'None'
[2.236s] Level 5:colcon.colcon_core.verb:set package 'turtlebot3_gazebo' build argument 'cmake_target_skip_unavailable' from command line to 'False'
[2.236s] Level 5:colcon.colcon_core.verb:set package 'turtlebot3_gazebo' build argument 'cmake_clean_cache' from command line to 'False'
[2.236s] Level 5:colcon.colcon_core.verb:set package 'turtlebot3_gazebo' build argument 'cmake_clean_first' from command line to 'False'
[2.236s] Level 5:colcon.colcon_core.verb:set package 'turtlebot3_gazebo' build argument 'cmake_force_configure' from command line to 'False'
[2.236s] Level 5:colcon.colcon_core.verb:set package 'turtlebot3_gazebo' build argument 'ament_cmake_args' from command line to 'None'
[2.236s] Level 5:colcon.colcon_core.verb:set package 'turtlebot3_gazebo' build argument 'catkin_cmake_args' from command line to 'None'
[2.236s] Level 5:colcon.colcon_core.verb:set package 'turtlebot3_gazebo' build argument 'catkin_skip_building_tests' from command line to 'False'
[2.236s] DEBUG:colcon.colcon_core.verb:Building package 'turtlebot3_gazebo' with the following arguments: {'ament_cmake_args': None, 'build_base': '/home/dmpasgal/Clothy/build/turtlebot3_gazebo', 'catkin_cmake_args': None, 'catkin_skip_building_tests': False, 'cmake_args': None, 'cmake_clean_cache': False, 'cmake_clean_first': False, 'cmake_force_configure': False, 'cmake_target': None, 'cmake_target_skip_unavailable': False, 'install_base': '/home/dmpasgal/Clothy/install/turtlebot3_gazebo', 'merge_install': False, 'path': '/home/dmpasgal/Clothy/ROS/turtlebot3_ws/src/turtlebot3_simulations/turtlebot3_gazebo', 'symlink_install': False, 'test_result_base': None}
[2.260s] Level 5:colcon.colcon_core.verb:set package 'my_world' build argument 'cmake_args' from command line to 'None'
[2.260s] Level 5:colcon.colcon_core.verb:set package 'my_world' build argument 'cmake_target' from command line to 'None'
[2.260s] Level 5:colcon.colcon_core.verb:set package 'my_world' build argument 'cmake_target_skip_unavailable' from command line to 'False'
[2.260s] Level 5:colcon.colcon_core.verb:set package 'my_world' build argument 'cmake_clean_cache' from command line to 'False'
[2.260s] Level 5:colcon.colcon_core.verb:set package 'my_world' build argument 'cmake_clean_first' from command line to 'False'
[2.260s] Level 5:colcon.colcon_core.verb:set package 'my_world' build argument 'cmake_force_configure' from command line to 'False'
[2.260s] Level 5:colcon.colcon_core.verb:set package 'my_world' build argument 'ament_cmake_args' from command line to 'None'
[2.260s] Level 5:colcon.colcon_core.verb:set package 'my_world' build argument 'catkin_cmake_args' from command line to 'None'
[2.260s] Level 5:colcon.colcon_core.verb:set package 'my_world' build argument 'catkin_skip_building_tests' from command line to 'False'
[2.260s] DEBUG:colcon.colcon_core.verb:Building package 'my_world' with the following arguments: {'ament_cmake_args': None, 'build_base': '/home/dmpasgal/Clothy/build/my_world', 'catkin_cmake_args': None, 'catkin_skip_building_tests': False, 'cmake_args': None, 'cmake_clean_cache': False, 'cmake_clean_first': False, 'cmake_force_configure': False, 'cmake_target': None, 'cmake_target_skip_unavailable': False, 'install_base': '/home/dmpasgal/Clothy/install/my_world', 'merge_install': False, 'path': '/home/dmpasgal/Clothy/ROS/turtlebot3_ws/src/my_world', 'symlink_install': False, 'test_result_base': None}
[2.283s] Level 5:colcon.colcon_core.verb:set package 'show_msg' build argument 'cmake_args' from command line to 'None'
[2.283s] Level 5:colcon.colcon_core.verb:set package 'show_msg' build argument 'cmake_target' from command line to 'None'
[2.283s] Level 5:colcon.colcon_core.verb:set package 'show_msg' build argument 'cmake_target_skip_unavailable' from command line to 'False'
[2.284s] Level 5:colcon.colcon_core.verb:set package 'show_msg' build argument 'cmake_clean_cache' from command line to 'False'
[2.284s] Level 5:colcon.colcon_core.verb:set package 'show_msg' build argument 'cmake_clean_first' from command line to 'False'
[2.284s] Level 5:colcon.colcon_core.verb:set package 'show_msg' build argument 'cmake_force_configure' from command line to 'False'
[2.284s] Level 5:colcon.colcon_core.verb:set package 'show_msg' build argument 'ament_cmake_args' from command line to 'None'
[2.284s] Level 5:colcon.colcon_core.verb:set package 'show_msg' build argument 'catkin_cmake_args' from command line to 'None'
[2.284s] Level 5:colcon.colcon_core.verb:set package 'show_msg' build argument 'catkin_skip_building_tests' from command line to 'False'
[2.284s] DEBUG:colcon.colcon_core.verb:Building package 'show_msg' with the following arguments: {'ament_cmake_args': None, 'build_base': '/home/dmpasgal/Clothy/build/show_msg', 'catkin_cmake_args': None, 'catkin_skip_building_tests': False, 'cmake_args': None, 'cmake_clean_cache': False, 'cmake_clean_first': False, 'cmake_force_configure': False, 'cmake_target': None, 'cmake_target_skip_unavailable': False, 'install_base': '/home/dmpasgal/Clothy/install/show_msg', 'merge_install': False, 'path': '/home/dmpasgal/Clothy/ROS/turtlebot3_ws/src/show_msg', 'symlink_install': False, 'test_result_base': None}
[2.305s] Level 5:colcon.colcon_core.verb:set package 'turtlebot3_simulations' build argument 'cmake_args' from command line to 'None'
[2.305s] Level 5:colcon.colcon_core.verb:set package 'turtlebot3_simulations' build argument 'cmake_target' from command line to 'None'
[2.305s] Level 5:colcon.colcon_core.verb:set package 'turtlebot3_simulations' build argument 'cmake_target_skip_unavailable' from command line to 'False'
[2.305s] Level 5:colcon.colcon_core.verb:set package 'turtlebot3_simulations' build argument 'cmake_clean_cache' from command line to 'False'
[2.305s] Level 5:colcon.colcon_core.verb:set package 'turtlebot3_simulations' build argument 'cmake_clean_first' from command line to 'False'
[2.305s] Level 5:colcon.colcon_core.verb:set package 'turtlebot3_simulations' build argument 'cmake_force_configure' from command line to 'False'
[2.306s] Level 5:colcon.colcon_core.verb:set package 'turtlebot3_simulations' build argument 'ament_cmake_args' from command line to 'None'
[2.306s] Level 5:colcon.colcon_core.verb:set package 'turtlebot3_simulations' build argument 'catkin_cmake_args' from command line to 'None'
[2.306s] Level 5:colcon.colcon_core.verb:set package 'turtlebot3_simulations' build argument 'catkin_skip_building_tests' from command line to 'False'
[2.306s] DEBUG:colcon.colcon_core.verb:Building package 'turtlebot3_simulations' with the following arguments: {'ament_cmake_args': None, 'build_base': '/home/dmpasgal/Clothy/build/turtlebot3_simulations', 'catkin_cmake_args': None, 'catkin_skip_building_tests': False, 'cmake_args': None, 'cmake_clean_cache': False, 'cmake_clean_first': False, 'cmake_force_configure': False, 'cmake_target': None, 'cmake_target_skip_unavailable': False, 'install_base': '/home/dmpasgal/Clothy/install/turtlebot3_simulations', 'merge_install': False, 'path': '/home/dmpasgal/Clothy/ROS/turtlebot3_ws/src/turtlebot3_simulations/turtlebot3_simulations', 'symlink_install': False, 'test_result_base': None}
[2.327s] INFO:colcon.colcon_core.executor:Executing jobs using 'parallel' executor
[2.351s] DEBUG:colcon.colcon_parallel_executor.executor.parallel:run_until_complete
[2.352s] INFO:colcon.colcon_ros.task.ament_cmake.build:Building ROS package in '/home/dmpasgal/Clothy/ROS/turtlebot3_ws/src/turtlebot3_simulations/turtlebot3_gazebo' with build type 'ament_cmake'
[2.352s] INFO:colcon.colcon_cmake.task.cmake.build:Building CMake package in '/home/dmpasgal/Clothy/ROS/turtlebot3_ws/src/turtlebot3_simulations/turtlebot3_gazebo'
[2.387s] INFO:colcon.colcon_core.plugin_system:Skipping extension 'colcon_core.shell.bat': Not used on non-Windows systems
[2.387s] INFO:colcon.colcon_core.shell:Skip shell extension 'powershell' for command environment: Not usable outside of PowerShell
[2.387s] DEBUG:colcon.colcon_core.shell:Skip shell extension 'dsv' for command environment
[2.493s] INFO:colcon.colcon_ros.task.ament_cmake.build:Building ROS package in '/home/dmpasgal/Clothy/ROS/turtlebot3_ws/src/custom_interface' with build type 'ament_cmake'
[2.493s] INFO:colcon.colcon_cmake.task.cmake.build:Building CMake package in '/home/dmpasgal/Clothy/ROS/turtlebot3_ws/src/custom_interface'
[2.521s] INFO:colcon.colcon_core.shell:Skip shell extension 'powershell' for command environment: Not usable outside of PowerShell
[2.521s] DEBUG:colcon.colcon_core.shell:Skip shell extension 'dsv' for command environment
[2.621s] INFO:colcon.colcon_ros.task.ament_cmake.build:Building ROS package in '/home/dmpasgal/Clothy/ROS/turtlebot3_ws/src/turtlebot3_simulations/turtlebot3_fake_node' with build type 'ament_cmake'
[2.622s] INFO:colcon.colcon_cmake.task.cmake.build:Building CMake package in '/home/dmpasgal/Clothy/ROS/turtlebot3_ws/src/turtlebot3_simulations/turtlebot3_fake_node'
[2.647s] INFO:colcon.colcon_core.shell:Skip shell extension 'powershell' for command environment: Not usable outside of PowerShell
[2.647s] DEBUG:colcon.colcon_core.shell:Skip shell extension 'dsv' for command environment
[2.748s] INFO:colcon.colcon_ros.task.ament_python.build:Building ROS package in '/home/dmpasgal/Clothy/ROS/turtlebot3_ws/src/my_slam' with build type 'ament_python'
[2.748s] Level 1:colcon.colcon_core.shell:create_environment_hook('my_slam', 'ament_prefix_path')
[2.782s] INFO:colcon.colcon_core.shell:Creating environment hook '/home/dmpasgal/Clothy/install/my_slam/share/my_slam/hook/ament_prefix_path.ps1'
[2.785s] INFO:colcon.colcon_core.shell:Creating environment descriptor '/home/dmpasgal/Clothy/install/my_slam/share/my_slam/hook/ament_prefix_path.dsv'
[2.786s] INFO:colcon.colcon_core.shell:Creating environment hook '/home/dmpasgal/Clothy/install/my_slam/share/my_slam/hook/ament_prefix_path.sh'
[2.810s] INFO:colcon.colcon_core.shell:Skip shell extension 'powershell' for command environment: Not usable outside of PowerShell
[2.810s] DEBUG:colcon.colcon_core.shell:Skip shell extension 'dsv' for command environment
[2.915s] DEBUG:colcon.colcon_core.event_handler.log_command:Invoking command in '/home/dmpasgal/Clothy/build/turtlebot3_gazebo': CMAKE_PREFIX_PATH=${CMAKE_PREFIX_PATH}:/home/dmpasgal/turtlebot3_ws/install/show_msg:/home/dmpasgal/turtlebot3_ws/install/my_first_subscriber:/home/dmpasgal/turtlebot3_ws/install/my_first_publisher:/home/dmpasgal/turtlebot3_ws/install/my_first_node:/home/dmpasgal/turtlebot3_ws/src/install/show_msg:/opt/ros/galactic /usr/bin/cmake /home/dmpasgal/Clothy/ROS/turtlebot3_ws/src/turtlebot3_simulations/turtlebot3_gazebo -DCMAKE_INSTALL_PREFIX=/home/dmpasgal/Clothy/install/turtlebot3_gazebo
[2.931s] DEBUG:colcon.colcon_core.event_handler.log_command:Invoking command in '/home/dmpasgal/Clothy/build/custom_interface': CMAKE_PREFIX_PATH=${CMAKE_PREFIX_PATH}:/home/dmpasgal/turtlebot3_ws/install/show_msg:/home/dmpasgal/turtlebot3_ws/install/my_first_subscriber:/home/dmpasgal/turtlebot3_ws/install/my_first_publisher:/home/dmpasgal/turtlebot3_ws/install/my_first_node:/home/dmpasgal/turtlebot3_ws/src/install/show_msg:/opt/ros/galactic /usr/bin/cmake /home/dmpasgal/Clothy/ROS/turtlebot3_ws/src/custom_interface -DCMAKE_INSTALL_PREFIX=/home/dmpasgal/Clothy/install/custom_interface
[2.936s] DEBUG:colcon.colcon_core.event_handler.log_command:Invoking command in '/home/dmpasgal/Clothy/build/turtlebot3_fake_node': CMAKE_PREFIX_PATH=${CMAKE_PREFIX_PATH}:/home/dmpasgal/turtlebot3_ws/install/show_msg:/home/dmpasgal/turtlebot3_ws/install/my_first_subscriber:/home/dmpasgal/turtlebot3_ws/install/my_first_publisher:/home/dmpasgal/turtlebot3_ws/install/my_first_node:/home/dmpasgal/turtlebot3_ws/src/install/show_msg:/opt/ros/galactic /usr/bin/cmake /home/dmpasgal/Clothy/ROS/turtlebot3_ws/src/turtlebot3_simulations/turtlebot3_fake_node -DCMAKE_INSTALL_PREFIX=/home/dmpasgal/Clothy/install/turtlebot3_fake_node
[3.092s] INFO:colcon.colcon_core.task.python.build:Building Python package in '/home/dmpasgal/Clothy/ROS/turtlebot3_ws/src/my_slam'
[3.118s] INFO:colcon.colcon_core.shell:Skip shell extension 'powershell' for command environment: Not usable outside of PowerShell
[3.119s] DEBUG:colcon.colcon_core.shell:Skip shell extension 'dsv' for command environment
[3.701s] DEBUG:colcon.colcon_core.event_handler.log_command:Invoking command in '/home/dmpasgal/Clothy/ROS/turtlebot3_ws/src/my_slam': PYTHONPATH=/home/dmpasgal/Clothy/build/my_slam/prefix_override:/home/dmpasgal/Clothy/install/my_slam/lib/python3.8/site-packages:${PYTHONPATH} /usr/bin/python3 setup.py egg_info --egg-base ../../../../build/my_slam build --build-base /home/dmpasgal/Clothy/build/my_slam/build install --record /home/dmpasgal/Clothy/build/my_slam/install.log --single-version-externally-managed
[3.959s] DEBUG:colcon.colcon_core.event_handler.log_command:Invoked command in '/home/dmpasgal/Clothy/ROS/turtlebot3_ws/src/my_slam' returned '0': PYTHONPATH=/home/dmpasgal/Clothy/build/my_slam/prefix_override:/home/dmpasgal/Clothy/install/my_slam/lib/python3.8/site-packages:${PYTHONPATH} /usr/bin/python3 setup.py egg_info --egg-base ../../../../build/my_slam build --build-base /home/dmpasgal/Clothy/build/my_slam/build install --record /home/dmpasgal/Clothy/build/my_slam/install.log --single-version-externally-managed
[4.001s] Level 1:colcon.colcon_core.environment:checking '/home/dmpasgal/Clothy/install/my_slam' for CMake module files
[4.002s] Level 1:colcon.colcon_core.environment:checking '/home/dmpasgal/Clothy/install/my_slam' for CMake config files
[4.002s] Level 1:colcon.colcon_core.environment:checking '/home/dmpasgal/Clothy/install/my_slam/lib'
[4.002s] Level 1:colcon.colcon_core.environment:checking '/home/dmpasgal/Clothy/install/my_slam/bin'
[4.002s] Level 1:colcon.colcon_core.environment:checking '/home/dmpasgal/Clothy/install/my_slam/lib/pkgconfig/my_slam.pc'
[4.003s] Level 1:colcon.colcon_core.environment:checking '/home/dmpasgal/Clothy/install/my_slam/lib/python3.8/site-packages'
[4.003s] Level 1:colcon.colcon_core.shell:create_environment_hook('my_slam', 'pythonpath')
[4.031s] INFO:colcon.colcon_core.shell:Creating environment hook '/home/dmpasgal/Clothy/install/my_slam/share/my_slam/hook/pythonpath.ps1'
[4.031s] INFO:colcon.colcon_core.shell:Creating environment descriptor '/home/dmpasgal/Clothy/install/my_slam/share/my_slam/hook/pythonpath.dsv'
[4.032s] INFO:colcon.colcon_core.shell:Creating environment hook '/home/dmpasgal/Clothy/install/my_slam/share/my_slam/hook/pythonpath.sh'
[4.032s] Level 1:colcon.colcon_core.environment:checking '/home/dmpasgal/Clothy/install/my_slam/bin'
[4.032s] Level 1:colcon.colcon_core.environment:create_environment_scripts_only(my_slam)
[4.064s] INFO:colcon.colcon_core.shell:Creating package script '/home/dmpasgal/Clothy/install/my_slam/share/my_slam/package.ps1'
[4.067s] INFO:colcon.colcon_core.shell:Creating package descriptor '/home/dmpasgal/Clothy/install/my_slam/share/my_slam/package.dsv'
[4.068s] INFO:colcon.colcon_core.shell:Creating package script '/home/dmpasgal/Clothy/install/my_slam/share/my_slam/package.sh'
[4.069s] INFO:colcon.colcon_core.shell:Creating package script '/home/dmpasgal/Clothy/install/my_slam/share/my_slam/package.bash'
[4.071s] INFO:colcon.colcon_core.shell:Creating package script '/home/dmpasgal/Clothy/install/my_slam/share/my_slam/package.zsh'
[4.071s] Level 1:colcon.colcon_core.environment:create_file_with_runtime_dependencies(/home/dmpasgal/Clothy/install/my_slam/share/colcon-core/packages/my_slam)
[4.072s] INFO:colcon.colcon_ros.task.ament_python.build:Building ROS package in '/home/dmpasgal/Clothy/ROS/turtlebot3_ws/src/provide_map' with build type 'ament_python'
[4.072s] Level 1:colcon.colcon_core.shell:create_environment_hook('provide_map', 'ament_prefix_path')
[4.129s] INFO:colcon.colcon_core.shell:Creating environment hook '/home/dmpasgal/Clothy/install/provide_map/share/provide_map/hook/ament_prefix_path.ps1'
[4.129s] INFO:colcon.colcon_core.shell:Creating environment descriptor '/home/dmpasgal/Clothy/install/provide_map/share/provide_map/hook/ament_prefix_path.dsv'
[4.130s] INFO:colcon.colcon_core.shell:Creating environment hook '/home/dmpasgal/Clothy/install/provide_map/share/provide_map/hook/ament_prefix_path.sh'
[4.171s] INFO:colcon.colcon_core.shell:Skip shell extension 'powershell' for command environment: Not usable outside of PowerShell
[4.171s] DEBUG:colcon.colcon_core.shell:Skip shell extension 'dsv' for command environment
[4.570s] INFO:colcon.colcon_core.task.python.build:Building Python package in '/home/dmpasgal/Clothy/ROS/turtlebot3_ws/src/provide_map'
[4.599s] INFO:colcon.colcon_core.shell:Skip shell extension 'powershell' for command environment: Not usable outside of PowerShell
[4.599s] DEBUG:colcon.colcon_core.shell:Skip shell extension 'dsv' for command environment
[5.011s] DEBUG:colcon.colcon_core.event_handler.log_command:Invoking command in '/home/dmpasgal/Clothy/ROS/turtlebot3_ws/src/provide_map': PYTHONPATH=/home/dmpasgal/Clothy/build/provide_map/prefix_override:/home/dmpasgal/Clothy/install/provide_map/lib/python3.8/site-packages:${PYTHONPATH} /usr/bin/python3 setup.py egg_info --egg-base ../../../../build/provide_map build --build-base /home/dmpasgal/Clothy/build/provide_map/build install --record /home/dmpasgal/Clothy/build/provide_map/install.log --single-version-externally-managed
[5.211s] DEBUG:colcon.colcon_core.event_handler.log_command:Invoked command in '/home/dmpasgal/Clothy/ROS/turtlebot3_ws/src/provide_map' returned '0': PYTHONPATH=/home/dmpasgal/Clothy/build/provide_map/prefix_override:/home/dmpasgal/Clothy/install/provide_map/lib/python3.8/site-packages:${PYTHONPATH} /usr/bin/python3 setup.py egg_info --egg-base ../../../../build/provide_map build --build-base /home/dmpasgal/Clothy/build/provide_map/build install --record /home/dmpasgal/Clothy/build/provide_map/install.log --single-version-externally-managed
[5.259s] Level 1:colcon.colcon_core.environment:checking '/home/dmpasgal/Clothy/install/provide_map' for CMake module files
[5.260s] Level 1:colcon.colcon_core.environment:checking '/home/dmpasgal/Clothy/install/provide_map' for CMake config files
[5.261s] Level 1:colcon.colcon_core.environment:checking '/home/dmpasgal/Clothy/install/provide_map/lib'
[5.261s] Level 1:colcon.colcon_core.environment:checking '/home/dmpasgal/Clothy/install/provide_map/bin'
[5.261s] Level 1:colcon.colcon_core.environment:checking '/home/dmpasgal/Clothy/install/provide_map/lib/pkgconfig/provide_map.pc'
[5.261s] Level 1:colcon.colcon_core.environment:checking '/home/dmpasgal/Clothy/install/provide_map/lib/python3.8/site-packages'
[5.261s] Level 1:colcon.colcon_core.shell:create_environment_hook('provide_map', 'pythonpath')
[5.293s] INFO:colcon.colcon_core.shell:Creating environment hook '/home/dmpasgal/Clothy/install/provide_map/share/provide_map/hook/pythonpath.ps1'
[5.294s] INFO:colcon.colcon_core.shell:Creating environment descriptor '/home/dmpasgal/Clothy/install/provide_map/share/provide_map/hook/pythonpath.dsv'
[5.294s] INFO:colcon.colcon_core.shell:Creating environment hook '/home/dmpasgal/Clothy/install/provide_map/share/provide_map/hook/pythonpath.sh'
[5.294s] Level 1:colcon.colcon_core.environment:checking '/home/dmpasgal/Clothy/install/provide_map/bin'
[5.295s] Level 1:colcon.colcon_core.environment:create_environment_scripts_only(provide_map)
[5.343s] INFO:colcon.colcon_core.shell:Creating package script '/home/dmpasgal/Clothy/install/provide_map/share/provide_map/package.ps1'
[5.344s] INFO:colcon.colcon_core.shell:Creating package descriptor '/home/dmpasgal/Clothy/install/provide_map/share/provide_map/package.dsv'
[5.345s] INFO:colcon.colcon_core.shell:Creating package script '/home/dmpasgal/Clothy/install/provide_map/share/provide_map/package.sh'
[5.345s] INFO:colcon.colcon_core.shell:Creating package script '/home/dmpasgal/Clothy/install/provide_map/share/provide_map/package.bash'
[5.345s] INFO:colcon.colcon_core.shell:Creating package script '/home/dmpasgal/Clothy/install/provide_map/share/provide_map/package.zsh'
[5.345s] Level 1:colcon.colcon_core.environment:create_file_with_runtime_dependencies(/home/dmpasgal/Clothy/install/provide_map/share/colcon-core/packages/provide_map)
[5.498s] DEBUG:colcon.colcon_core.event_handler.log_command:Invoked command in '/home/dmpasgal/Clothy/build/turtlebot3_fake_node' returned '0': CMAKE_PREFIX_PATH=${CMAKE_PREFIX_PATH}:/home/dmpasgal/turtlebot3_ws/install/show_msg:/home/dmpasgal/turtlebot3_ws/install/my_first_subscriber:/home/dmpasgal/turtlebot3_ws/install/my_first_publisher:/home/dmpasgal/turtlebot3_ws/install/my_first_node:/home/dmpasgal/turtlebot3_ws/src/install/show_msg:/opt/ros/galactic /usr/bin/cmake /home/dmpasgal/Clothy/ROS/turtlebot3_ws/src/turtlebot3_simulations/turtlebot3_fake_node -DCMAKE_INSTALL_PREFIX=/home/dmpasgal/Clothy/install/turtlebot3_fake_node
[5.500s] DEBUG:colcon.colcon_core.event_handler.log_command:Invoking command in '/home/dmpasgal/Clothy/build/turtlebot3_fake_node': CMAKE_PREFIX_PATH=${CMAKE_PREFIX_PATH}:/home/dmpasgal/turtlebot3_ws/install/show_msg:/home/dmpasgal/turtlebot3_ws/install/my_first_subscriber:/home/dmpasgal/turtlebot3_ws/install/my_first_publisher:/home/dmpasgal/turtlebot3_ws/install/my_first_node:/home/dmpasgal/turtlebot3_ws/src/install/show_msg:/opt/ros/galactic /usr/bin/cmake --build /home/dmpasgal/Clothy/build/turtlebot3_fake_node -- -j4 -l4
[5.510s] DEBUG:colcon.colcon_core.event_handler.log_command:Invoked command in '/home/dmpasgal/Clothy/build/custom_interface' returned '0': CMAKE_PREFIX_PATH=${CMAKE_PREFIX_PATH}:/home/dmpasgal/turtlebot3_ws/install/show_msg:/home/dmpasgal/turtlebot3_ws/install/my_first_subscriber:/home/dmpasgal/turtlebot3_ws/install/my_first_publisher:/home/dmpasgal/turtlebot3_ws/install/my_first_node:/home/dmpasgal/turtlebot3_ws/src/install/show_msg:/opt/ros/galactic /usr/bin/cmake /home/dmpasgal/Clothy/ROS/turtlebot3_ws/src/custom_interface -DCMAKE_INSTALL_PREFIX=/home/dmpasgal/Clothy/install/custom_interface
[5.511s] DEBUG:colcon.colcon_core.event_handler.log_command:Invoking command in '/home/dmpasgal/Clothy/build/custom_interface': CMAKE_PREFIX_PATH=${CMAKE_PREFIX_PATH}:/home/dmpasgal/turtlebot3_ws/install/show_msg:/home/dmpasgal/turtlebot3_ws/install/my_first_subscriber:/home/dmpasgal/turtlebot3_ws/install/my_first_publisher:/home/dmpasgal/turtlebot3_ws/install/my_first_node:/home/dmpasgal/turtlebot3_ws/src/install/show_msg:/opt/ros/galactic /usr/bin/cmake --build /home/dmpasgal/Clothy/build/custom_interface -- -j4 -l4
[6.980s] DEBUG:colcon.colcon_core.event_handler.log_command:Invoked command in '/home/dmpasgal/Clothy/build/turtlebot3_gazebo' returned '0': CMAKE_PREFIX_PATH=${CMAKE_PREFIX_PATH}:/home/dmpasgal/turtlebot3_ws/install/show_msg:/home/dmpasgal/turtlebot3_ws/install/my_first_subscriber:/home/dmpasgal/turtlebot3_ws/install/my_first_publisher:/home/dmpasgal/turtlebot3_ws/install/my_first_node:/home/dmpasgal/turtlebot3_ws/src/install/show_msg:/opt/ros/galactic /usr/bin/cmake /home/dmpasgal/Clothy/ROS/turtlebot3_ws/src/turtlebot3_simulations/turtlebot3_gazebo -DCMAKE_INSTALL_PREFIX=/home/dmpasgal/Clothy/install/turtlebot3_gazebo
[6.981s] DEBUG:colcon.colcon_core.event_handler.log_command:Invoking command in '/home/dmpasgal/Clothy/build/turtlebot3_gazebo': CMAKE_PREFIX_PATH=${CMAKE_PREFIX_PATH}:/home/dmpasgal/turtlebot3_ws/install/show_msg:/home/dmpasgal/turtlebot3_ws/install/my_first_subscriber:/home/dmpasgal/turtlebot3_ws/install/my_first_publisher:/home/dmpasgal/turtlebot3_ws/install/my_first_node:/home/dmpasgal/turtlebot3_ws/src/install/show_msg:/opt/ros/galactic /usr/bin/cmake --build /home/dmpasgal/Clothy/build/turtlebot3_gazebo -- -j4 -l4
[39.976s] DEBUG:colcon.colcon_core.event_handler.log_command:Invoked command in '/home/dmpasgal/Clothy/build/custom_interface' returned '0': CMAKE_PREFIX_PATH=${CMAKE_PREFIX_PATH}:/home/dmpasgal/turtlebot3_ws/install/show_msg:/home/dmpasgal/turtlebot3_ws/install/my_first_subscriber:/home/dmpasgal/turtlebot3_ws/install/my_first_publisher:/home/dmpasgal/turtlebot3_ws/install/my_first_node:/home/dmpasgal/turtlebot3_ws/src/install/show_msg:/opt/ros/galactic /usr/bin/cmake --build /home/dmpasgal/Clothy/build/custom_interface -- -j4 -l4
[40.391s] DEBUG:colcon.colcon_core.event_handler.log_command:Invoking command in '/home/dmpasgal/Clothy/build/custom_interface': CMAKE_PREFIX_PATH=${CMAKE_PREFIX_PATH}:/home/dmpasgal/turtlebot3_ws/install/show_msg:/home/dmpasgal/turtlebot3_ws/install/my_first_subscriber:/home/dmpasgal/turtlebot3_ws/install/my_first_publisher:/home/dmpasgal/turtlebot3_ws/install/my_first_node:/home/dmpasgal/turtlebot3_ws/src/install/show_msg:/opt/ros/galactic /usr/bin/cmake --install /home/dmpasgal/Clothy/build/custom_interface
[40.789s] Level 1:colcon.colcon_core.environment:create_environment_scripts_only(custom_interface)
[40.802s] DEBUG:colcon.colcon_core.event_handler.log_command:Invoked command in '/home/dmpasgal/Clothy/build/custom_interface' returned '0': CMAKE_PREFIX_PATH=${CMAKE_PREFIX_PATH}:/home/dmpasgal/turtlebot3_ws/install/show_msg:/home/dmpasgal/turtlebot3_ws/install/my_first_subscriber:/home/dmpasgal/turtlebot3_ws/install/my_first_publisher:/home/dmpasgal/turtlebot3_ws/install/my_first_node:/home/dmpasgal/turtlebot3_ws/src/install/show_msg:/opt/ros/galactic /usr/bin/cmake --install /home/dmpasgal/Clothy/build/custom_interface
[41.400s] Level 1:colcon.colcon_core.environment:checking '/home/dmpasgal/Clothy/install/custom_interface' for CMake module files
[41.401s] Level 1:colcon.colcon_core.environment:checking '/home/dmpasgal/Clothy/install/custom_interface' for CMake config files
[41.403s] Level 1:colcon.colcon_core.shell:create_environment_hook('custom_interface', 'cmake_prefix_path')
[41.443s] INFO:colcon.colcon_core.shell:Creating environment hook '/home/dmpasgal/Clothy/install/custom_interface/share/custom_interface/hook/cmake_prefix_path.ps1'
[41.451s] INFO:colcon.colcon_core.shell:Creating environment descriptor '/home/dmpasgal/Clothy/install/custom_interface/share/custom_interface/hook/cmake_prefix_path.dsv'
[41.454s] INFO:colcon.colcon_core.shell:Creating environment hook '/home/dmpasgal/Clothy/install/custom_interface/share/custom_interface/hook/cmake_prefix_path.sh'
[41.462s] Level 1:colcon.colcon_core.environment:checking '/home/dmpasgal/Clothy/install/custom_interface/lib'
[41.463s] Level 1:colcon.colcon_core.shell:create_environment_hook('custom_interface', 'ld_library_path_lib')
[41.515s] INFO:colcon.colcon_core.shell:Creating environment hook '/home/dmpasgal/Clothy/install/custom_interface/share/custom_interface/hook/ld_library_path_lib.ps1'
[41.515s] INFO:colcon.colcon_core.shell:Creating environment descriptor '/home/dmpasgal/Clothy/install/custom_interface/share/custom_interface/hook/ld_library_path_lib.dsv'
[41.516s] INFO:colcon.colcon_core.shell:Creating environment hook '/home/dmpasgal/Clothy/install/custom_interface/share/custom_interface/hook/ld_library_path_lib.sh'
[41.516s] Level 1:colcon.colcon_core.environment:checking '/home/dmpasgal/Clothy/install/custom_interface/bin'
[41.516s] Level 1:colcon.colcon_core.environment:checking '/home/dmpasgal/Clothy/install/custom_interface/lib/pkgconfig/custom_interface.pc'
[41.531s] Level 1:colcon.colcon_core.environment:checking '/home/dmpasgal/Clothy/install/custom_interface/lib/python3.8/site-packages'
[41.531s] Level 1:colcon.colcon_core.shell:create_environment_hook('custom_interface', 'pythonpath')
[41.558s] INFO:colcon.colcon_core.shell:Creating environment hook '/home/dmpasgal/Clothy/install/custom_interface/share/custom_interface/hook/pythonpath.ps1'
[41.559s] INFO:colcon.colcon_core.shell:Creating environment descriptor '/home/dmpasgal/Clothy/install/custom_interface/share/custom_interface/hook/pythonpath.dsv'
[41.559s] INFO:colcon.colcon_core.shell:Creating environment hook '/home/dmpasgal/Clothy/install/custom_interface/share/custom_interface/hook/pythonpath.sh'
[41.559s] Level 1:colcon.colcon_core.environment:checking '/home/dmpasgal/Clothy/install/custom_interface/bin'
[41.591s] INFO:colcon.colcon_core.shell:Creating package script '/home/dmpasgal/Clothy/install/custom_interface/share/custom_interface/package.ps1'
[41.593s] INFO:colcon.colcon_core.shell:Creating package descriptor '/home/dmpasgal/Clothy/install/custom_interface/share/custom_interface/package.dsv'
[41.594s] INFO:colcon.colcon_core.shell:Creating package script '/home/dmpasgal/Clothy/install/custom_interface/share/custom_interface/package.sh'
[41.595s] INFO:colcon.colcon_core.shell:Creating package script '/home/dmpasgal/Clothy/install/custom_interface/share/custom_interface/package.bash'
[41.598s] INFO:colcon.colcon_core.shell:Creating package script '/home/dmpasgal/Clothy/install/custom_interface/share/custom_interface/package.zsh'
[41.601s] Level 1:colcon.colcon_core.environment:create_file_with_runtime_dependencies(/home/dmpasgal/Clothy/install/custom_interface/share/colcon-core/packages/custom_interface)
[42.730s] DEBUG:colcon.colcon_core.event_handler.log_command:Invoked command in '/home/dmpasgal/Clothy/build/turtlebot3_fake_node' returned '0': CMAKE_PREFIX_PATH=${CMAKE_PREFIX_PATH}:/home/dmpasgal/turtlebot3_ws/install/show_msg:/home/dmpasgal/turtlebot3_ws/install/my_first_subscriber:/home/dmpasgal/turtlebot3_ws/install/my_first_publisher:/home/dmpasgal/turtlebot3_ws/install/my_first_node:/home/dmpasgal/turtlebot3_ws/src/install/show_msg:/opt/ros/galactic /usr/bin/cmake --build /home/dmpasgal/Clothy/build/turtlebot3_fake_node -- -j4 -l4
[45.407s] Level 1:colcon.colcon_core.environment:create_environment_scripts_only(custom_interface)
[45.932s] Level 1:colcon.colcon_core.environment:checking '/home/dmpasgal/Clothy/install/custom_interface' for CMake module files
[45.932s] Level 1:colcon.colcon_core.environment:checking '/home/dmpasgal/Clothy/install/custom_interface' for CMake config files
[45.932s] Level 1:colcon.colcon_core.shell:create_environment_hook('custom_interface', 'cmake_prefix_path')
[45.970s] INFO:colcon.colcon_core.shell:Creating environment hook '/home/dmpasgal/Clothy/install/custom_interface/share/custom_interface/hook/cmake_prefix_path.ps1'
[45.971s] INFO:colcon.colcon_core.shell:Creating environment descriptor '/home/dmpasgal/Clothy/install/custom_interface/share/custom_interface/hook/cmake_prefix_path.dsv'
[45.971s] INFO:colcon.colcon_core.shell:Creating environment hook '/home/dmpasgal/Clothy/install/custom_interface/share/custom_interface/hook/cmake_prefix_path.sh'
[45.973s] Level 1:colcon.colcon_core.environment:checking '/home/dmpasgal/Clothy/install/custom_interface/lib'
[45.974s] Level 1:colcon.colcon_core.shell:create_environment_hook('custom_interface', 'ld_library_path_lib')
[46.004s] INFO:colcon.colcon_core.shell:Creating environment hook '/home/dmpasgal/Clothy/install/custom_interface/share/custom_interface/hook/ld_library_path_lib.ps1'
[46.005s] INFO:colcon.colcon_core.shell:Creating environment descriptor '/home/dmpasgal/Clothy/install/custom_interface/share/custom_interface/hook/ld_library_path_lib.dsv'
[46.006s] INFO:colcon.colcon_core.shell:Creating environment hook '/home/dmpasgal/Clothy/install/custom_interface/share/custom_interface/hook/ld_library_path_lib.sh'
[46.006s] Level 1:colcon.colcon_core.environment:checking '/home/dmpasgal/Clothy/install/custom_interface/bin'
[46.006s] Level 1:colcon.colcon_core.environment:checking '/home/dmpasgal/Clothy/install/custom_interface/lib/pkgconfig/custom_interface.pc'
[46.006s] Level 1:colcon.colcon_core.environment:checking '/home/dmpasgal/Clothy/install/custom_interface/lib/python3.8/site-packages'
[46.006s] Level 1:colcon.colcon_core.shell:create_environment_hook('custom_interface', 'pythonpath')
[46.048s] INFO:colcon.colcon_core.shell:Creating environment hook '/home/dmpasgal/Clothy/install/custom_interface/share/custom_interface/hook/pythonpath.ps1'
[46.049s] INFO:colcon.colcon_core.shell:Creating environment descriptor '/home/dmpasgal/Clothy/install/custom_interface/share/custom_interface/hook/pythonpath.dsv'
[46.049s] INFO:colcon.colcon_core.shell:Creating environment hook '/home/dmpasgal/Clothy/install/custom_interface/share/custom_interface/hook/pythonpath.sh'
[46.051s] Level 1:colcon.colcon_core.environment:checking '/home/dmpasgal/Clothy/install/custom_interface/bin'
[46.084s] INFO:colcon.colcon_core.shell:Creating package script '/home/dmpasgal/Clothy/install/custom_interface/share/custom_interface/package.ps1'
[46.084s] INFO:colcon.colcon_core.shell:Creating package descriptor '/home/dmpasgal/Clothy/install/custom_interface/share/custom_interface/package.dsv'
[46.085s] INFO:colcon.colcon_core.shell:Creating package script '/home/dmpasgal/Clothy/install/custom_interface/share/custom_interface/package.sh'
[46.085s] INFO:colcon.colcon_core.shell:Creating package script '/home/dmpasgal/Clothy/install/custom_interface/share/custom_interface/package.bash'
[46.086s] INFO:colcon.colcon_core.shell:Creating package script '/home/dmpasgal/Clothy/install/custom_interface/share/custom_interface/package.zsh'
[46.086s] Level 1:colcon.colcon_core.environment:create_file_with_runtime_dependencies(/home/dmpasgal/Clothy/install/custom_interface/share/colcon-core/packages/custom_interface)
[46.096s] INFO:colcon.colcon_ros.task.ament_python.build:Building ROS package in '/home/dmpasgal/Clothy/ROS/turtlebot3_ws/src/show_msg' with build type 'ament_python'
[46.098s] Level 1:colcon.colcon_core.shell:create_environment_hook('show_msg', 'ament_prefix_path')
[46.169s] INFO:colcon.colcon_core.shell:Creating environment hook '/home/dmpasgal/Clothy/install/show_msg/share/show_msg/hook/ament_prefix_path.ps1'
[46.170s] INFO:colcon.colcon_core.shell:Creating environment descriptor '/home/dmpasgal/Clothy/install/show_msg/share/show_msg/hook/ament_prefix_path.dsv'
[46.170s] INFO:colcon.colcon_core.shell:Creating environment hook '/home/dmpasgal/Clothy/install/show_msg/share/show_msg/hook/ament_prefix_path.sh'
[46.209s] INFO:colcon.colcon_core.shell:Skip shell extension 'powershell' for command environment: Not usable outside of PowerShell
[46.209s] DEBUG:colcon.colcon_core.shell:Skip shell extension 'dsv' for command environment
[46.400s] DEBUG:colcon.colcon_core.event_handler.log_command:Invoking command in '/home/dmpasgal/Clothy/build/turtlebot3_fake_node': CMAKE_PREFIX_PATH=${CMAKE_PREFIX_PATH}:/home/dmpasgal/turtlebot3_ws/install/show_msg:/home/dmpasgal/turtlebot3_ws/install/my_first_subscriber:/home/dmpasgal/turtlebot3_ws/install/my_first_publisher:/home/dmpasgal/turtlebot3_ws/install/my_first_node:/home/dmpasgal/turtlebot3_ws/src/install/show_msg:/opt/ros/galactic /usr/bin/cmake --install /home/dmpasgal/Clothy/build/turtlebot3_fake_node
[48.311s] INFO:colcon.colcon_core.task.python.build:Building Python package in '/home/dmpasgal/Clothy/ROS/turtlebot3_ws/src/show_msg'
[48.357s] INFO:colcon.colcon_core.shell:Skip shell extension 'powershell' for command environment: Not usable outside of PowerShell
[48.357s] DEBUG:colcon.colcon_core.shell:Skip shell extension 'dsv' for command environment
[52.597s] Level 1:colcon.colcon_core.environment:create_environment_scripts_only(turtlebot3_fake_node)
[52.604s] DEBUG:colcon.colcon_core.event_handler.log_command:Invoked command in '/home/dmpasgal/Clothy/build/turtlebot3_fake_node' returned '0': CMAKE_PREFIX_PATH=${CMAKE_PREFIX_PATH}:/home/dmpasgal/turtlebot3_ws/install/show_msg:/home/dmpasgal/turtlebot3_ws/install/my_first_subscriber:/home/dmpasgal/turtlebot3_ws/install/my_first_publisher:/home/dmpasgal/turtlebot3_ws/install/my_first_node:/home/dmpasgal/turtlebot3_ws/src/install/show_msg:/opt/ros/galactic /usr/bin/cmake --install /home/dmpasgal/Clothy/build/turtlebot3_fake_node
[52.685s] Level 1:colcon.colcon_core.environment:checking '/home/dmpasgal/Clothy/install/turtlebot3_fake_node' for CMake module files
[52.686s] Level 1:colcon.colcon_core.environment:checking '/home/dmpasgal/Clothy/install/turtlebot3_fake_node' for CMake config files
[52.686s] Level 1:colcon.colcon_core.shell:create_environment_hook('turtlebot3_fake_node', 'cmake_prefix_path')
[52.723s] INFO:colcon.colcon_core.shell:Creating environment hook '/home/dmpasgal/Clothy/install/turtlebot3_fake_node/share/turtlebot3_fake_node/hook/cmake_prefix_path.ps1'
[52.733s] INFO:colcon.colcon_core.shell:Creating environment descriptor '/home/dmpasgal/Clothy/install/turtlebot3_fake_node/share/turtlebot3_fake_node/hook/cmake_prefix_path.dsv'
[52.734s] INFO:colcon.colcon_core.shell:Creating environment hook '/home/dmpasgal/Clothy/install/turtlebot3_fake_node/share/turtlebot3_fake_node/hook/cmake_prefix_path.sh'
[52.736s] Level 1:colcon.colcon_core.environment:checking '/home/dmpasgal/Clothy/install/turtlebot3_fake_node/lib'
[52.737s] Level 1:colcon.colcon_core.environment:checking '/home/dmpasgal/Clothy/install/turtlebot3_fake_node/bin'
[52.737s] Level 1:colcon.colcon_core.environment:checking '/home/dmpasgal/Clothy/install/turtlebot3_fake_node/lib/pkgconfig/turtlebot3_fake_node.pc'
[52.741s] Level 1:colcon.colcon_core.environment:checking '/home/dmpasgal/Clothy/install/turtlebot3_fake_node/lib/python3.8/site-packages'
[52.741s] Level 1:colcon.colcon_core.environment:checking '/home/dmpasgal/Clothy/install/turtlebot3_fake_node/bin'
[54.754s] INFO:colcon.colcon_core.shell:Creating package script '/home/dmpasgal/Clothy/install/turtlebot3_fake_node/share/turtlebot3_fake_node/package.ps1'
[54.756s] INFO:colcon.colcon_core.shell:Creating package descriptor '/home/dmpasgal/Clothy/install/turtlebot3_fake_node/share/turtlebot3_fake_node/package.dsv'
[54.757s] INFO:colcon.colcon_core.shell:Creating package script '/home/dmpasgal/Clothy/install/turtlebot3_fake_node/share/turtlebot3_fake_node/package.sh'
[54.758s] INFO:colcon.colcon_core.shell:Creating package script '/home/dmpasgal/Clothy/install/turtlebot3_fake_node/share/turtlebot3_fake_node/package.bash'
[54.760s] INFO:colcon.colcon_core.shell:Creating package script '/home/dmpasgal/Clothy/install/turtlebot3_fake_node/share/turtlebot3_fake_node/package.zsh'
[54.765s] Level 1:colcon.colcon_core.environment:create_file_with_runtime_dependencies(/home/dmpasgal/Clothy/install/turtlebot3_fake_node/share/colcon-core/packages/turtlebot3_fake_node)
[55.441s] Level 1:colcon.colcon_core.environment:create_environment_scripts_only(turtlebot3_fake_node)
[55.468s] Level 1:colcon.colcon_core.environment:checking '/home/dmpasgal/Clothy/install/turtlebot3_fake_node' for CMake module files
[55.468s] Level 1:colcon.colcon_core.environment:checking '/home/dmpasgal/Clothy/install/turtlebot3_fake_node' for CMake config files
[55.469s] Level 1:colcon.colcon_core.shell:create_environment_hook('turtlebot3_fake_node', 'cmake_prefix_path')
[55.497s] INFO:colcon.colcon_core.shell:Creating environment hook '/home/dmpasgal/Clothy/install/turtlebot3_fake_node/share/turtlebot3_fake_node/hook/cmake_prefix_path.ps1'
[55.500s] INFO:colcon.colcon_core.shell:Creating environment descriptor '/home/dmpasgal/Clothy/install/turtlebot3_fake_node/share/turtlebot3_fake_node/hook/cmake_prefix_path.dsv'
[55.501s] INFO:colcon.colcon_core.shell:Creating environment hook '/home/dmpasgal/Clothy/install/turtlebot3_fake_node/share/turtlebot3_fake_node/hook/cmake_prefix_path.sh'
[55.502s] Level 1:colcon.colcon_core.environment:checking '/home/dmpasgal/Clothy/install/turtlebot3_fake_node/lib'
[55.503s] Level 1:colcon.colcon_core.environment:checking '/home/dmpasgal/Clothy/install/turtlebot3_fake_node/bin'
[55.503s] Level 1:colcon.colcon_core.environment:checking '/home/dmpasgal/Clothy/install/turtlebot3_fake_node/lib/pkgconfig/turtlebot3_fake_node.pc'
[55.503s] Level 1:colcon.colcon_core.environment:checking '/home/dmpasgal/Clothy/install/turtlebot3_fake_node/lib/python3.8/site-packages'
[55.503s] Level 1:colcon.colcon_core.environment:checking '/home/dmpasgal/Clothy/install/turtlebot3_fake_node/bin'
[55.530s] INFO:colcon.colcon_core.shell:Creating package script '/home/dmpasgal/Clothy/install/turtlebot3_fake_node/share/turtlebot3_fake_node/package.ps1'
[55.533s] INFO:colcon.colcon_core.shell:Creating package descriptor '/home/dmpasgal/Clothy/install/turtlebot3_fake_node/share/turtlebot3_fake_node/package.dsv'
[55.534s] INFO:colcon.colcon_core.shell:Creating package script '/home/dmpasgal/Clothy/install/turtlebot3_fake_node/share/turtlebot3_fake_node/package.sh'
[55.534s] INFO:colcon.colcon_core.shell:Creating package script '/home/dmpasgal/Clothy/install/turtlebot3_fake_node/share/turtlebot3_fake_node/package.bash'
[55.535s] INFO:colcon.colcon_core.shell:Creating package script '/home/dmpasgal/Clothy/install/turtlebot3_fake_node/share/turtlebot3_fake_node/package.zsh'
[55.536s] Level 1:colcon.colcon_core.environment:create_file_with_runtime_dependencies(/home/dmpasgal/Clothy/install/turtlebot3_fake_node/share/colcon-core/packages/turtlebot3_fake_node)
[57.296s] DEBUG:colcon.colcon_core.event_handler.log_command:Invoking command in '/home/dmpasgal/Clothy/ROS/turtlebot3_ws/src/show_msg': AMENT_PREFIX_PATH=/home/dmpasgal/Clothy/install/custom_interface:${AMENT_PREFIX_PATH} CMAKE_PREFIX_PATH=/home/dmpasgal/Clothy/install/custom_interface:${CMAKE_PREFIX_PATH} LD_LIBRARY_PATH=/home/dmpasgal/Clothy/install/custom_interface/lib:${LD_LIBRARY_PATH} PYTHONPATH=/home/dmpasgal/Clothy/build/show_msg/prefix_override:/home/dmpasgal/Clothy/install/show_msg/lib/python3.8/site-packages:/home/dmpasgal/Clothy/install/custom_interface/lib/python3.8/site-packages:${PYTHONPATH} /usr/bin/python3 setup.py egg_info --egg-base ../../../../build/show_msg build --build-base /home/dmpasgal/Clothy/build/show_msg/build install --record /home/dmpasgal/Clothy/build/show_msg/install.log --single-version-externally-managed
[58.796s] DEBUG:colcon.colcon_core.event_handler.log_command:Invoked command in '/home/dmpasgal/Clothy/ROS/turtlebot3_ws/src/show_msg' returned '0': AMENT_PREFIX_PATH=/home/dmpasgal/Clothy/install/custom_interface:${AMENT_PREFIX_PATH} CMAKE_PREFIX_PATH=/home/dmpasgal/Clothy/install/custom_interface:${CMAKE_PREFIX_PATH} LD_LIBRARY_PATH=/home/dmpasgal/Clothy/install/custom_interface/lib:${LD_LIBRARY_PATH} PYTHONPATH=/home/dmpasgal/Clothy/build/show_msg/prefix_override:/home/dmpasgal/Clothy/install/show_msg/lib/python3.8/site-packages:/home/dmpasgal/Clothy/install/custom_interface/lib/python3.8/site-packages:${PYTHONPATH} /usr/bin/python3 setup.py egg_info --egg-base ../../../../build/show_msg build --build-base /home/dmpasgal/Clothy/build/show_msg/build install --record /home/dmpasgal/Clothy/build/show_msg/install.log --single-version-externally-managed
[59.723s] Level 1:colcon.colcon_core.environment:checking '/home/dmpasgal/Clothy/install/show_msg' for CMake module files
[59.725s] Level 1:colcon.colcon_core.environment:checking '/home/dmpasgal/Clothy/install/show_msg' for CMake config files
[59.741s] Level 1:colcon.colcon_core.environment:checking '/home/dmpasgal/Clothy/install/show_msg/lib'
[59.743s] Level 1:colcon.colcon_core.environment:checking '/home/dmpasgal/Clothy/install/show_msg/bin'
[59.744s] Level 1:colcon.colcon_core.environment:checking '/home/dmpasgal/Clothy/install/show_msg/lib/pkgconfig/show_msg.pc'
[59.747s] Level 1:colcon.colcon_core.environment:checking '/home/dmpasgal/Clothy/install/show_msg/lib/python3.8/site-packages'
[59.747s] Level 1:colcon.colcon_core.shell:create_environment_hook('show_msg', 'pythonpath')
[60.693s] INFO:colcon.colcon_core.shell:Creating environment hook '/home/dmpasgal/Clothy/install/show_msg/share/show_msg/hook/pythonpath.ps1'
[60.727s] INFO:colcon.colcon_core.shell:Creating environment descriptor '/home/dmpasgal/Clothy/install/show_msg/share/show_msg/hook/pythonpath.dsv'
[60.730s] INFO:colcon.colcon_core.shell:Creating environment hook '/home/dmpasgal/Clothy/install/show_msg/share/show_msg/hook/pythonpath.sh'
[60.731s] Level 1:colcon.colcon_core.environment:checking '/home/dmpasgal/Clothy/install/show_msg/bin'
[60.731s] Level 1:colcon.colcon_core.environment:create_environment_scripts_only(show_msg)
[60.929s] INFO:colcon.colcon_core.shell:Creating package script '/home/dmpasgal/Clothy/install/show_msg/share/show_msg/package.ps1'
[61.017s] INFO:colcon.colcon_core.shell:Creating package descriptor '/home/dmpasgal/Clothy/install/show_msg/share/show_msg/package.dsv'
[61.083s] INFO:colcon.colcon_core.shell:Creating package script '/home/dmpasgal/Clothy/install/show_msg/share/show_msg/package.sh'
[61.091s] INFO:colcon.colcon_core.shell:Creating package script '/home/dmpasgal/Clothy/install/show_msg/share/show_msg/package.bash'
[61.103s] INFO:colcon.colcon_core.shell:Creating package script '/home/dmpasgal/Clothy/install/show_msg/share/show_msg/package.zsh'
[61.115s] Level 1:colcon.colcon_core.environment:create_file_with_runtime_dependencies(/home/dmpasgal/Clothy/install/show_msg/share/colcon-core/packages/show_msg)
