[0.779s] Invoking command in '/home/cmarrod3/turtlebot3_ws/src/my_first_service': CMAKE_PREFIX_PATH=/home/cmarrod3/turtlebot3_ws/install/custom_interface:/home/cmarrod3/turtlebot3_ws/install/turtlebot3_simulations:/home/cmarrod3/turtlebot3_ws/install/turtlebot3_gazebo:/home/cmarrod3/turtlebot3_ws/install/turtlebot3_fake_node PYTHONPATH=/home/cmarrod3/turtlebot3_ws/build/my_first_service/prefix_override:/home/cmarrod3/turtlebot3_ws/install/my_first_service/lib/python3.8/site-packages:/home/cmarrod3/turtlebot3_ws/install/custom_interface/lib/python3.8/site-packages:/home/cmarrod3/turtlebot3_ws/install/show_msg/lib/python3.8/site-packages:/home/cmarrod3/turtlebot3_ws/install/my_first_subscriber/lib/python3.8/site-packages:/home/cmarrod3/turtlebot3_ws/install/my_first_publisher/lib/python3.8/site-packages:/home/cmarrod3/turtlebot3_ws/install/my_first_node/lib/python3.8/site-packages:/opt/ros/galactic/lib/python3.8/site-packages /usr/bin/python3 setup.py egg_info --egg-base ../../build/my_first_service build --build-base /home/cmarrod3/turtlebot3_ws/build/my_first_service/build install --record /home/cmarrod3/turtlebot3_ws/build/my_first_service/install.log --single-version-externally-managed
[0.948s] running egg_info
[0.949s] creating ../../build/my_first_service/my_first_service.egg-info
[0.949s] writing ../../build/my_first_service/my_first_service.egg-info/PKG-INFO
[0.949s] writing dependency_links to ../../build/my_first_service/my_first_service.egg-info/dependency_links.txt
[0.950s] writing entry points to ../../build/my_first_service/my_first_service.egg-info/entry_points.txt
[0.950s] writing requirements to ../../build/my_first_service/my_first_service.egg-info/requires.txt
[0.950s] writing top-level names to ../../build/my_first_service/my_first_service.egg-info/top_level.txt
[0.954s] writing manifest file '../../build/my_first_service/my_first_service.egg-info/SOURCES.txt'
[0.974s] reading manifest file '../../build/my_first_service/my_first_service.egg-info/SOURCES.txt'
[0.975s] writing manifest file '../../build/my_first_service/my_first_service.egg-info/SOURCES.txt'
[0.975s] running build
[0.975s] running build_py
[0.976s] creating /home/cmarrod3/turtlebot3_ws/build/my_first_service/build
[0.976s] creating /home/cmarrod3/turtlebot3_ws/build/my_first_service/build/lib
[0.976s] creating /home/cmarrod3/turtlebot3_ws/build/my_first_service/build/lib/my_first_service
[0.976s] copying my_first_service/__init__.py -> /home/cmarrod3/turtlebot3_ws/build/my_first_service/build/lib/my_first_service
[0.976s] copying my_first_service/movement_server.py -> /home/cmarrod3/turtlebot3_ws/build/my_first_service/build/lib/my_first_service
[0.977s] running install
[0.977s] running install_lib
[0.978s] creating /home/cmarrod3/turtlebot3_ws/install/my_first_service/lib/python3.8/site-packages/my_first_service
[0.978s] copying /home/cmarrod3/turtlebot3_ws/build/my_first_service/build/lib/my_first_service/__init__.py -> /home/cmarrod3/turtlebot3_ws/install/my_first_service/lib/python3.8/site-packages/my_first_service
[0.978s] copying /home/cmarrod3/turtlebot3_ws/build/my_first_service/build/lib/my_first_service/movement_server.py -> /home/cmarrod3/turtlebot3_ws/install/my_first_service/lib/python3.8/site-packages/my_first_service
[0.979s] byte-compiling /home/cmarrod3/turtlebot3_ws/install/my_first_service/lib/python3.8/site-packages/my_first_service/__init__.py to __init__.cpython-38.pyc
[0.980s] byte-compiling /home/cmarrod3/turtlebot3_ws/install/my_first_service/lib/python3.8/site-packages/my_first_service/movement_server.py to movement_server.cpython-38.pyc
[0.980s] running install_data
[0.981s] creating /home/cmarrod3/turtlebot3_ws/install/my_first_service/share/ament_index
[0.981s] creating /home/cmarrod3/turtlebot3_ws/install/my_first_service/share/ament_index/resource_index
[0.981s] creating /home/cmarrod3/turtlebot3_ws/install/my_first_service/share/ament_index/resource_index/packages
[0.981s] copying resource/my_first_service -> /home/cmarrod3/turtlebot3_ws/install/my_first_service/share/ament_index/resource_index/packages
[0.981s] copying package.xml -> /home/cmarrod3/turtlebot3_ws/install/my_first_service/share/my_first_service
[0.981s] copying launch/movement_server_launch.launch.py -> /home/cmarrod3/turtlebot3_ws/install/my_first_service/share/my_first_service
[0.982s] running install_egg_info
[0.983s] Copying ../../build/my_first_service/my_first_service.egg-info to /home/cmarrod3/turtlebot3_ws/install/my_first_service/lib/python3.8/site-packages/my_first_service-0.0.0-py3.8.egg-info
[0.983s] running install_scripts
[0.996s] Installing movement_server script to /home/cmarrod3/turtlebot3_ws/install/my_first_service/lib/my_first_service
[0.996s] writing list of installed files to '/home/cmarrod3/turtlebot3_ws/build/my_first_service/install.log'
[1.010s] Invoked command in '/home/cmarrod3/turtlebot3_ws/src/my_first_service' returned '0': CMAKE_PREFIX_PATH=/home/cmarrod3/turtlebot3_ws/install/custom_interface:/home/cmarrod3/turtlebot3_ws/install/turtlebot3_simulations:/home/cmarrod3/turtlebot3_ws/install/turtlebot3_gazebo:/home/cmarrod3/turtlebot3_ws/install/turtlebot3_fake_node PYTHONPATH=/home/cmarrod3/turtlebot3_ws/build/my_first_service/prefix_override:/home/cmarrod3/turtlebot3_ws/install/my_first_service/lib/python3.8/site-packages:/home/cmarrod3/turtlebot3_ws/install/custom_interface/lib/python3.8/site-packages:/home/cmarrod3/turtlebot3_ws/install/show_msg/lib/python3.8/site-packages:/home/cmarrod3/turtlebot3_ws/install/my_first_subscriber/lib/python3.8/site-packages:/home/cmarrod3/turtlebot3_ws/install/my_first_publisher/lib/python3.8/site-packages:/home/cmarrod3/turtlebot3_ws/install/my_first_node/lib/python3.8/site-packages:/opt/ros/galactic/lib/python3.8/site-packages /usr/bin/python3 setup.py egg_info --egg-base ../../build/my_first_service build --build-base /home/cmarrod3/turtlebot3_ws/build/my_first_service/build install --record /home/cmarrod3/turtlebot3_ws/build/my_first_service/install.log --single-version-externally-managed
