[0.180s] Invoking command in '/home/dmpasgal/Clothy/ROS/turtlebot3_ws/src/build/turtlebot3_fake_node': CMAKE_PREFIX_PATH=${CMAKE_PREFIX_PATH}:/home/dmpasgal/Clothy/ROS/turtlebot3_ws/src/install/provide_map:/home/dmpasgal/Clothy/ROS/turtlebot3_ws/src/install/my_slam:/home/dmpasgal/turtlebot3_ws/install/show_msg:/home/dmpasgal/turtlebot3_ws/install/my_first_subscriber:/home/dmpasgal/turtlebot3_ws/install/my_first_publisher:/home/dmpasgal/turtlebot3_ws/install/my_first_node:/home/dmpasgal/turtlebot3_ws/src/install/show_msg:/opt/ros/galactic /usr/bin/cmake --build /home/dmpasgal/Clothy/ROS/turtlebot3_ws/src/build/turtlebot3_fake_node -- -j4 -l4
[0.246s] [ 50%] [32mBuilding CXX object CMakeFiles/turtlebot3_fake_node.dir/src/turtlebot3_fake_node.cpp.o[0m
[6.082s] [100%] [32m[1mLinking CXX executable turtlebot3_fake_node[0m
[6.375s] [100%] Built target turtlebot3_fake_node
[6.385s] Invoked command in '/home/dmpasgal/Clothy/ROS/turtlebot3_ws/src/build/turtlebot3_fake_node' returned '0': CMAKE_PREFIX_PATH=${CMAKE_PREFIX_PATH}:/home/dmpasgal/Clothy/ROS/turtlebot3_ws/src/install/provide_map:/home/dmpasgal/Clothy/ROS/turtlebot3_ws/src/install/my_slam:/home/dmpasgal/turtlebot3_ws/install/show_msg:/home/dmpasgal/turtlebot3_ws/install/my_first_subscriber:/home/dmpasgal/turtlebot3_ws/install/my_first_publisher:/home/dmpasgal/turtlebot3_ws/install/my_first_node:/home/dmpasgal/turtlebot3_ws/src/install/show_msg:/opt/ros/galactic /usr/bin/cmake --build /home/dmpasgal/Clothy/ROS/turtlebot3_ws/src/build/turtlebot3_fake_node -- -j4 -l4
[6.423s] Invoking command in '/home/dmpasgal/Clothy/ROS/turtlebot3_ws/src/build/turtlebot3_fake_node': CMAKE_PREFIX_PATH=${CMAKE_PREFIX_PATH}:/home/dmpasgal/Clothy/ROS/turtlebot3_ws/src/install/provide_map:/home/dmpasgal/Clothy/ROS/turtlebot3_ws/src/install/my_slam:/home/dmpasgal/turtlebot3_ws/install/show_msg:/home/dmpasgal/turtlebot3_ws/install/my_first_subscriber:/home/dmpasgal/turtlebot3_ws/install/my_first_publisher:/home/dmpasgal/turtlebot3_ws/install/my_first_node:/home/dmpasgal/turtlebot3_ws/src/install/show_msg:/opt/ros/galactic /usr/bin/cmake --install /home/dmpasgal/Clothy/ROS/turtlebot3_ws/src/build/turtlebot3_fake_node
[6.433s] -- Install configuration: ""
[6.433s] -- Installing: /home/dmpasgal/Clothy/ROS/turtlebot3_ws/src/install/turtlebot3_fake_node/lib/turtlebot3_fake_node/turtlebot3_fake_node
[6.435s] -- Set runtime path of "/home/dmpasgal/Clothy/ROS/turtlebot3_ws/src/install/turtlebot3_fake_node/lib/turtlebot3_fake_node/turtlebot3_fake_node" to ""
[6.435s] -- Installing: /home/dmpasgal/Clothy/ROS/turtlebot3_ws/src/install/turtlebot3_fake_node/share/turtlebot3_fake_node/launch
[6.436s] -- Installing: /home/dmpasgal/Clothy/ROS/turtlebot3_ws/src/install/turtlebot3_fake_node/share/turtlebot3_fake_node/launch/rviz2.launch.py
[6.437s] -- Installing: /home/dmpasgal/Clothy/ROS/turtlebot3_ws/src/install/turtlebot3_fake_node/share/turtlebot3_fake_node/launch/turtlebot3_fake_node.launch.py
[6.437s] -- Installing: /home/dmpasgal/Clothy/ROS/turtlebot3_ws/src/install/turtlebot3_fake_node/share/turtlebot3_fake_node/param
[6.437s] -- Installing: /home/dmpasgal/Clothy/ROS/turtlebot3_ws/src/install/turtlebot3_fake_node/share/turtlebot3_fake_node/param/waffle.yaml
[6.438s] -- Installing: /home/dmpasgal/Clothy/ROS/turtlebot3_ws/src/install/turtlebot3_fake_node/share/turtlebot3_fake_node/param/burger.yaml
[6.438s] -- Installing: /home/dmpasgal/Clothy/ROS/turtlebot3_ws/src/install/turtlebot3_fake_node/share/turtlebot3_fake_node/param/waffle_pi.yaml
[6.438s] -- Installing: /home/dmpasgal/Clothy/ROS/turtlebot3_ws/src/install/turtlebot3_fake_node/include/
[6.438s] -- Installing: /home/dmpasgal/Clothy/ROS/turtlebot3_ws/src/install/turtlebot3_fake_node/include//turtlebot3_fake_node
[6.438s] -- Installing: /home/dmpasgal/Clothy/ROS/turtlebot3_ws/src/install/turtlebot3_fake_node/include//turtlebot3_fake_node/turtlebot3_fake_node.hpp
[6.438s] -- Installing: /home/dmpasgal/Clothy/ROS/turtlebot3_ws/src/install/turtlebot3_fake_node/share/ament_index/resource_index/package_run_dependencies/turtlebot3_fake_node
[6.439s] -- Installing: /home/dmpasgal/Clothy/ROS/turtlebot3_ws/src/install/turtlebot3_fake_node/share/ament_index/resource_index/parent_prefix_path/turtlebot3_fake_node
[6.440s] -- Installing: /home/dmpasgal/Clothy/ROS/turtlebot3_ws/src/install/turtlebot3_fake_node/share/turtlebot3_fake_node/environment/ament_prefix_path.sh
[6.440s] -- Installing: /home/dmpasgal/Clothy/ROS/turtlebot3_ws/src/install/turtlebot3_fake_node/share/turtlebot3_fake_node/environment/ament_prefix_path.dsv
[6.440s] -- Installing: /home/dmpasgal/Clothy/ROS/turtlebot3_ws/src/install/turtlebot3_fake_node/share/turtlebot3_fake_node/environment/path.sh
[6.440s] -- Installing: /home/dmpasgal/Clothy/ROS/turtlebot3_ws/src/install/turtlebot3_fake_node/share/turtlebot3_fake_node/environment/path.dsv
[6.441s] -- Installing: /home/dmpasgal/Clothy/ROS/turtlebot3_ws/src/install/turtlebot3_fake_node/share/turtlebot3_fake_node/local_setup.bash
[6.442s] -- Installing: /home/dmpasgal/Clothy/ROS/turtlebot3_ws/src/install/turtlebot3_fake_node/share/turtlebot3_fake_node/local_setup.sh
[6.442s] -- Installing: /home/dmpasgal/Clothy/ROS/turtlebot3_ws/src/install/turtlebot3_fake_node/share/turtlebot3_fake_node/local_setup.zsh
[6.443s] -- Installing: /home/dmpasgal/Clothy/ROS/turtlebot3_ws/src/install/turtlebot3_fake_node/share/turtlebot3_fake_node/local_setup.dsv
[6.443s] -- Installing: /home/dmpasgal/Clothy/ROS/turtlebot3_ws/src/install/turtlebot3_fake_node/share/turtlebot3_fake_node/package.dsv
[6.444s] -- Installing: /home/dmpasgal/Clothy/ROS/turtlebot3_ws/src/install/turtlebot3_fake_node/share/ament_index/resource_index/packages/turtlebot3_fake_node
[6.445s] -- Installing: /home/dmpasgal/Clothy/ROS/turtlebot3_ws/src/install/turtlebot3_fake_node/share/turtlebot3_fake_node/cmake/ament_cmake_export_include_directories-extras.cmake
[6.445s] -- Installing: /home/dmpasgal/Clothy/ROS/turtlebot3_ws/src/install/turtlebot3_fake_node/share/turtlebot3_fake_node/cmake/ament_cmake_export_dependencies-extras.cmake
[6.446s] -- Installing: /home/dmpasgal/Clothy/ROS/turtlebot3_ws/src/install/turtlebot3_fake_node/share/turtlebot3_fake_node/cmake/turtlebot3_fake_nodeConfig.cmake
[6.446s] -- Installing: /home/dmpasgal/Clothy/ROS/turtlebot3_ws/src/install/turtlebot3_fake_node/share/turtlebot3_fake_node/cmake/turtlebot3_fake_nodeConfig-version.cmake
[6.446s] -- Installing: /home/dmpasgal/Clothy/ROS/turtlebot3_ws/src/install/turtlebot3_fake_node/share/turtlebot3_fake_node/package.xml
[6.448s] Invoked command in '/home/dmpasgal/Clothy/ROS/turtlebot3_ws/src/build/turtlebot3_fake_node' returned '0': CMAKE_PREFIX_PATH=${CMAKE_PREFIX_PATH}:/home/dmpasgal/Clothy/ROS/turtlebot3_ws/src/install/provide_map:/home/dmpasgal/Clothy/ROS/turtlebot3_ws/src/install/my_slam:/home/dmpasgal/turtlebot3_ws/install/show_msg:/home/dmpasgal/turtlebot3_ws/install/my_first_subscriber:/home/dmpasgal/turtlebot3_ws/install/my_first_publisher:/home/dmpasgal/turtlebot3_ws/install/my_first_node:/home/dmpasgal/turtlebot3_ws/src/install/show_msg:/opt/ros/galactic /usr/bin/cmake --install /home/dmpasgal/Clothy/ROS/turtlebot3_ws/src/build/turtlebot3_fake_node
