[0.885s] Invoking command in '/home/dmpasgal/Clothy/ROS/turtlebot3_ws/src/show_msg': CMAKE_PREFIX_PATH=/home/dmpasgal/Clothy/install/custom_interface:/home/dmpasgal/Clothy/install/turtlebot3_simulations:/home/dmpasgal/Clothy/install/turtlebot3_fake_node:/home/dmpasgal/turtlebot3_ws/install/turtlebot3_simulations:/home/dmpasgal/turtlebot3_ws/install/turtlebot3_gazebo:/home/dmpasgal/turtlebot3_ws/install/turtlebot3_fake_node:/home/dmpasgal/turtlebot3_ws/install/package_name:/home/dmpasgal/turtlebot3_ws/install/custom_interface PYTHONPATH=/home/dmpasgal/Clothy/build/show_msg/prefix_override:/home/dmpasgal/Clothy/install/show_msg/lib/python3.8/site-packages:/home/dmpasgal/Clothy/install/custom_interface/lib/python3.8/site-packages:/home/dmpasgal/Clothy/install/show_msg/lib/python3.8/site-packages:/home/dmpasgal/Clothy/install/provide_map/lib/python3.8/site-packages:/home/dmpasgal/Clothy/install/my_slam/lib/python3.8/site-packages:/home/dmpasgal/turtlebot3_ws/install/show_msg/lib/python3.8/site-packages:/home/dmpasgal/turtlebot3_ws/install/my_first_subscriber/lib/python3.8/site-packages:/home/dmpasgal/turtlebot3_ws/install/my_first_publisher/lib/python3.8/site-packages:/home/dmpasgal/turtlebot3_ws/install/my_first_node/lib/python3.8/site-packages:/home/dmpasgal/turtlebot3_ws/install/custom_interface/lib/python3.8/site-packages:/home/dmpasgal/turtlebot3_ws/src/install/show_msg/lib/python3.8/site-packages:/opt/ros/galactic/lib/python3.8/site-packages /usr/bin/python3 setup.py egg_info --egg-base ../../../../build/show_msg build --build-base /home/dmpasgal/Clothy/build/show_msg/build install --record /home/dmpasgal/Clothy/build/show_msg/install.log --single-version-externally-managed
[1.027s] running egg_info
[1.027s] writing ../../../../build/show_msg/show_msg.egg-info/PKG-INFO
[1.030s] writing dependency_links to ../../../../build/show_msg/show_msg.egg-info/dependency_links.txt
[1.030s] writing entry points to ../../../../build/show_msg/show_msg.egg-info/entry_points.txt
[1.031s] writing requirements to ../../../../build/show_msg/show_msg.egg-info/requires.txt
[1.031s] writing top-level names to ../../../../build/show_msg/show_msg.egg-info/top_level.txt
[1.054s] reading manifest file '../../../../build/show_msg/show_msg.egg-info/SOURCES.txt'
[1.055s] writing manifest file '../../../../build/show_msg/show_msg.egg-info/SOURCES.txt'
[1.055s] running build
[1.055s] running build_py
[1.057s] running install
[1.057s] running install_lib
[1.060s] running install_data
[1.061s] running install_egg_info
[1.062s] removing '/home/dmpasgal/Clothy/install/show_msg/lib/python3.8/site-packages/show_msg-0.0.0-py3.8.egg-info' (and everything under it)
[1.062s] Copying ../../../../build/show_msg/show_msg.egg-info to /home/dmpasgal/Clothy/install/show_msg/lib/python3.8/site-packages/show_msg-0.0.0-py3.8.egg-info
[1.063s] running install_scripts
[1.075s] Installing show_msg script to /home/dmpasgal/Clothy/install/show_msg/lib/show_msg
[1.076s] Installing show_msg_param script to /home/dmpasgal/Clothy/install/show_msg/lib/show_msg
[1.077s] writing list of installed files to '/home/dmpasgal/Clothy/build/show_msg/install.log'
[1.090s] Invoked command in '/home/dmpasgal/Clothy/ROS/turtlebot3_ws/src/show_msg' returned '0': CMAKE_PREFIX_PATH=/home/dmpasgal/Clothy/install/custom_interface:/home/dmpasgal/Clothy/install/turtlebot3_simulations:/home/dmpasgal/Clothy/install/turtlebot3_fake_node:/home/dmpasgal/turtlebot3_ws/install/turtlebot3_simulations:/home/dmpasgal/turtlebot3_ws/install/turtlebot3_gazebo:/home/dmpasgal/turtlebot3_ws/install/turtlebot3_fake_node:/home/dmpasgal/turtlebot3_ws/install/package_name:/home/dmpasgal/turtlebot3_ws/install/custom_interface PYTHONPATH=/home/dmpasgal/Clothy/build/show_msg/prefix_override:/home/dmpasgal/Clothy/install/show_msg/lib/python3.8/site-packages:/home/dmpasgal/Clothy/install/custom_interface/lib/python3.8/site-packages:/home/dmpasgal/Clothy/install/show_msg/lib/python3.8/site-packages:/home/dmpasgal/Clothy/install/provide_map/lib/python3.8/site-packages:/home/dmpasgal/Clothy/install/my_slam/lib/python3.8/site-packages:/home/dmpasgal/turtlebot3_ws/install/show_msg/lib/python3.8/site-packages:/home/dmpasgal/turtlebot3_ws/install/my_first_subscriber/lib/python3.8/site-packages:/home/dmpasgal/turtlebot3_ws/install/my_first_publisher/lib/python3.8/site-packages:/home/dmpasgal/turtlebot3_ws/install/my_first_node/lib/python3.8/site-packages:/home/dmpasgal/turtlebot3_ws/install/custom_interface/lib/python3.8/site-packages:/home/dmpasgal/turtlebot3_ws/src/install/show_msg/lib/python3.8/site-packages:/opt/ros/galactic/lib/python3.8/site-packages /usr/bin/python3 setup.py egg_info --egg-base ../../../../build/show_msg build --build-base /home/dmpasgal/Clothy/build/show_msg/build install --record /home/dmpasgal/Clothy/build/show_msg/install.log --single-version-externally-managed
