[0.141s] Invoking command in '/home/dmpasgal/Clothy/ROS/turtlebot3_ws/src/build/my_world': CMAKE_PREFIX_PATH=${CMAKE_PREFIX_PATH}:/home/dmpasgal/turtlebot3_ws/install/show_msg:/home/dmpasgal/turtlebot3_ws/install/my_first_subscriber:/home/dmpasgal/turtlebot3_ws/install/my_first_publisher:/home/dmpasgal/turtlebot3_ws/install/my_first_node:/home/dmpasgal/turtlebot3_ws/src/install/show_msg:/opt/ros/galactic /usr/bin/cmake --build /home/dmpasgal/Clothy/ROS/turtlebot3_ws/src/build/my_world -- -j4 -l4
[0.198s] [100%] Built target turtlebot3_drive
[0.210s] Invoked command in '/home/dmpasgal/Clothy/ROS/turtlebot3_ws/src/build/my_world' returned '0': CMAKE_PREFIX_PATH=${CMAKE_PREFIX_PATH}:/home/dmpasgal/turtlebot3_ws/install/show_msg:/home/dmpasgal/turtlebot3_ws/install/my_first_subscriber:/home/dmpasgal/turtlebot3_ws/install/my_first_publisher:/home/dmpasgal/turtlebot3_ws/install/my_first_node:/home/dmpasgal/turtlebot3_ws/src/install/show_msg:/opt/ros/galactic /usr/bin/cmake --build /home/dmpasgal/Clothy/ROS/turtlebot3_ws/src/build/my_world -- -j4 -l4
[0.247s] Invoking command in '/home/dmpasgal/Clothy/ROS/turtlebot3_ws/src/build/my_world': CMAKE_PREFIX_PATH=${CMAKE_PREFIX_PATH}:/home/dmpasgal/turtlebot3_ws/install/show_msg:/home/dmpasgal/turtlebot3_ws/install/my_first_subscriber:/home/dmpasgal/turtlebot3_ws/install/my_first_publisher:/home/dmpasgal/turtlebot3_ws/install/my_first_node:/home/dmpasgal/turtlebot3_ws/src/install/show_msg:/opt/ros/galactic /usr/bin/cmake --install /home/dmpasgal/Clothy/ROS/turtlebot3_ws/src/build/my_world
[0.254s] -- Install configuration: ""
[0.254s] -- Up-to-date: /home/dmpasgal/Clothy/ROS/turtlebot3_ws/src/install/my_world/lib/my_world/turtlebot3_drive
[0.254s] -- Up-to-date: /home/dmpasgal/Clothy/ROS/turtlebot3_ws/src/install/my_world/share/my_world//launch
[0.255s] -- Up-to-date: /home/dmpasgal/Clothy/ROS/turtlebot3_ws/src/install/my_world/share/my_world//launch/turtlebot3_my_world.launch.py
[0.255s] -- Up-to-date: /home/dmpasgal/Clothy/ROS/turtlebot3_ws/src/install/my_world/share/my_world//models
[0.256s] -- Up-to-date: /home/dmpasgal/Clothy/ROS/turtlebot3_ws/src/install/my_world/share/my_world//models/workcell_bin
[0.256s] -- Up-to-date: /home/dmpasgal/Clothy/ROS/turtlebot3_ws/src/install/my_world/share/my_world//models/workcell_bin/meshes
[0.256s] -- Up-to-date: /home/dmpasgal/Clothy/ROS/turtlebot3_ws/src/install/my_world/share/my_world//models/workcell_bin/meshes/bin.dae
[0.256s] -- Up-to-date: /home/dmpasgal/Clothy/ROS/turtlebot3_ws/src/install/my_world/share/my_world//models/workcell_bin/materials
[0.256s] -- Up-to-date: /home/dmpasgal/Clothy/ROS/turtlebot3_ws/src/install/my_world/share/my_world//models/workcell_bin/materials/textures
[0.256s] -- Up-to-date: /home/dmpasgal/Clothy/ROS/turtlebot3_ws/src/install/my_world/share/my_world//models/workcell_bin/materials/textures/bin.png
[0.256s] -- Up-to-date: /home/dmpasgal/Clothy/ROS/turtlebot3_ws/src/install/my_world/share/my_world//models/workcell_bin/model.sdf
[0.256s] -- Up-to-date: /home/dmpasgal/Clothy/ROS/turtlebot3_ws/src/install/my_world/share/my_world//models/workcell_bin/model.config
[0.256s] -- Up-to-date: /home/dmpasgal/Clothy/ROS/turtlebot3_ws/src/install/my_world/share/my_world//models/workcell
[0.256s] -- Up-to-date: /home/dmpasgal/Clothy/ROS/turtlebot3_ws/src/install/my_world/share/my_world//models/workcell/meshes
[0.256s] -- Up-to-date: /home/dmpasgal/Clothy/ROS/turtlebot3_ws/src/install/my_world/share/my_world//models/workcell/meshes/mesh_backup.dae
[0.256s] -- Up-to-date: /home/dmpasgal/Clothy/ROS/turtlebot3_ws/src/install/my_world/share/my_world//models/workcell/meshes/mesh.dae
[0.256s] -- Up-to-date: /home/dmpasgal/Clothy/ROS/turtlebot3_ws/src/install/my_world/share/my_world//models/workcell/materials
[0.256s] -- Up-to-date: /home/dmpasgal/Clothy/ROS/turtlebot3_ws/src/install/my_world/share/my_world//models/workcell/materials/textures
[0.256s] -- Up-to-date: /home/dmpasgal/Clothy/ROS/turtlebot3_ws/src/install/my_world/share/my_world//models/workcell/materials/textures/Pillar.png
[0.256s] -- Up-to-date: /home/dmpasgal/Clothy/ROS/turtlebot3_ws/src/install/my_world/share/my_world//models/workcell/materials/textures/ControlPanel.png
[0.256s] -- Up-to-date: /home/dmpasgal/Clothy/ROS/turtlebot3_ws/src/install/my_world/share/my_world//models/workcell/materials/textures/CardboardBoxes.png
[0.256s] -- Up-to-date: /home/dmpasgal/Clothy/ROS/turtlebot3_ws/src/install/my_world/share/my_world//models/workcell/materials/textures/Wall_Concrete.png
[0.256s] -- Up-to-date: /home/dmpasgal/Clothy/ROS/turtlebot3_ws/src/install/my_world/share/my_world//models/workcell/materials/textures/Plywood.png
[0.256s] -- Up-to-date: /home/dmpasgal/Clothy/ROS/turtlebot3_ws/src/install/my_world/share/my_world//models/workcell/materials/textures/Mesh.png
[0.256s] -- Up-to-date: /home/dmpasgal/Clothy/ROS/turtlebot3_ws/src/install/my_world/share/my_world//models/workcell/materials/textures/Floor.png
[0.256s] -- Up-to-date: /home/dmpasgal/Clothy/ROS/turtlebot3_ws/src/install/my_world/share/my_world//models/workcell/materials/textures/Conveyor.png
[0.256s] -- Up-to-date: /home/dmpasgal/Clothy/ROS/turtlebot3_ws/src/install/my_world/share/my_world//models/workcell/materials/textures/Shelves.png
[0.256s] -- Up-to-date: /home/dmpasgal/Clothy/ROS/turtlebot3_ws/src/install/my_world/share/my_world//models/workcell/materials/textures/WorkCell_Render.png
[0.256s] -- Up-to-date: /home/dmpasgal/Clothy/ROS/turtlebot3_ws/src/install/my_world/share/my_world//models/workcell/materials/textures/Bin.png
[0.256s] -- Up-to-date: /home/dmpasgal/Clothy/ROS/turtlebot3_ws/src/install/my_world/share/my_world//models/workcell/materials/textures/Stairs.png
[0.256s] -- Up-to-date: /home/dmpasgal/Clothy/ROS/turtlebot3_ws/src/install/my_world/share/my_world//models/workcell/materials/textures/Door_Window.png
[0.256s] -- Up-to-date: /home/dmpasgal/Clothy/ROS/turtlebot3_ws/src/install/my_world/share/my_world//models/workcell/materials/textures/Wall_Corrugated.png
[0.256s] -- Up-to-date: /home/dmpasgal/Clothy/ROS/turtlebot3_ws/src/install/my_world/share/my_world//models/workcell/materials/textures/Pallet.png
[0.257s] -- Up-to-date: /home/dmpasgal/Clothy/ROS/turtlebot3_ws/src/install/my_world/share/my_world//models/workcell/materials/textures/RollupDoor.png
[0.257s] -- Up-to-date: /home/dmpasgal/Clothy/ROS/turtlebot3_ws/src/install/my_world/share/my_world//models/workcell/materials/textures/RubberMat.png
[0.257s] -- Up-to-date: /home/dmpasgal/Clothy/ROS/turtlebot3_ws/src/install/my_world/share/my_world//models/workcell/materials/textures/PalletWrap.png
[0.257s] -- Up-to-date: /home/dmpasgal/Clothy/ROS/turtlebot3_ws/src/install/my_world/share/my_world//models/workcell/materials/textures/Yellow.png
[0.257s] -- Up-to-date: /home/dmpasgal/Clothy/ROS/turtlebot3_ws/src/install/my_world/share/my_world//models/workcell/model.sdf
[0.257s] -- Up-to-date: /home/dmpasgal/Clothy/ROS/turtlebot3_ws/src/install/my_world/share/my_world//models/workcell/model.config
[0.257s] -- Up-to-date: /home/dmpasgal/Clothy/ROS/turtlebot3_ws/src/install/my_world/share/my_world//models/my_world
[0.257s] -- Up-to-date: /home/dmpasgal/Clothy/ROS/turtlebot3_ws/src/install/my_world/share/my_world//models/my_world/model.sdf
[0.257s] -- Up-to-date: /home/dmpasgal/Clothy/ROS/turtlebot3_ws/src/install/my_world/share/my_world//models/my_world/model.config
[0.257s] -- Up-to-date: /home/dmpasgal/Clothy/ROS/turtlebot3_ws/src/install/my_world/share/my_world//models/turtlebot3_burger
[0.257s] -- Up-to-date: /home/dmpasgal/Clothy/ROS/turtlebot3_ws/src/install/my_world/share/my_world//models/turtlebot3_burger/meshes
[0.257s] -- Up-to-date: /home/dmpasgal/Clothy/ROS/turtlebot3_ws/src/install/my_world/share/my_world//models/turtlebot3_burger/meshes/lds.dae
[0.257s] -- Up-to-date: /home/dmpasgal/Clothy/ROS/turtlebot3_ws/src/install/my_world/share/my_world//models/turtlebot3_burger/meshes/tire.dae
[0.257s] -- Up-to-date: /home/dmpasgal/Clothy/ROS/turtlebot3_ws/src/install/my_world/share/my_world//models/turtlebot3_burger/meshes/burger_base.dae
[0.257s] -- Up-to-date: /home/dmpasgal/Clothy/ROS/turtlebot3_ws/src/install/my_world/share/my_world//models/turtlebot3_burger/model.sdf
[0.257s] -- Up-to-date: /home/dmpasgal/Clothy/ROS/turtlebot3_ws/src/install/my_world/share/my_world//models/turtlebot3_burger/model.config
[0.258s] -- Up-to-date: /home/dmpasgal/Clothy/ROS/turtlebot3_ws/src/install/my_world/share/my_world//models/turtlebot3_burger/model-1_4.sdf
[0.258s] -- Up-to-date: /home/dmpasgal/Clothy/ROS/turtlebot3_ws/src/install/my_world/share/my_world//world
[0.258s] -- Up-to-date: /home/dmpasgal/Clothy/ROS/turtlebot3_ws/src/install/my_world/share/my_world//world/burger_pi.model
[0.258s] -- Up-to-date: /home/dmpasgal/Clothy/ROS/turtlebot3_ws/src/install/my_world/share/my_world//world/burger.model
[0.258s] -- Up-to-date: /home/dmpasgal/Clothy/ROS/turtlebot3_ws/src/install/my_world/share/my_world//world/warehouse.world
[0.258s] -- Up-to-date: /home/dmpasgal/Clothy/ROS/turtlebot3_ws/src/install/my_world/share/my_world//urdf
[0.258s] -- Up-to-date: /home/dmpasgal/Clothy/ROS/turtlebot3_ws/src/install/my_world/share/my_world//urdf/turtlebot3_burger.urdf
[0.258s] -- Up-to-date: /home/dmpasgal/Clothy/ROS/turtlebot3_ws/src/install/my_world/share/my_world//urdf/turtlebot3_burger_pi.urdf
[0.258s] -- Installing: /home/dmpasgal/Clothy/ROS/turtlebot3_ws/src/install/my_world/include/
[0.258s] -- Installing: /home/dmpasgal/Clothy/ROS/turtlebot3_ws/src/install/my_world/share/ament_index/resource_index/package_run_dependencies/my_world
[0.258s] -- Installing: /home/dmpasgal/Clothy/ROS/turtlebot3_ws/src/install/my_world/share/ament_index/resource_index/parent_prefix_path/my_world
[0.258s] -- Installing: /home/dmpasgal/Clothy/ROS/turtlebot3_ws/src/install/my_world/share/my_world/environment/ament_prefix_path.sh
[0.259s] -- Installing: /home/dmpasgal/Clothy/ROS/turtlebot3_ws/src/install/my_world/share/my_world/environment/ament_prefix_path.dsv
[0.259s] -- Installing: /home/dmpasgal/Clothy/ROS/turtlebot3_ws/src/install/my_world/share/my_world/environment/path.sh
[0.260s] -- Installing: /home/dmpasgal/Clothy/ROS/turtlebot3_ws/src/install/my_world/share/my_world/environment/path.dsv
[0.261s] -- Installing: /home/dmpasgal/Clothy/ROS/turtlebot3_ws/src/install/my_world/share/my_world/local_setup.bash
[0.261s] -- Installing: /home/dmpasgal/Clothy/ROS/turtlebot3_ws/src/install/my_world/share/my_world/local_setup.sh
[0.262s] -- Installing: /home/dmpasgal/Clothy/ROS/turtlebot3_ws/src/install/my_world/share/my_world/local_setup.zsh
[0.263s] -- Installing: /home/dmpasgal/Clothy/ROS/turtlebot3_ws/src/install/my_world/share/my_world/local_setup.dsv
[0.263s] -- Installing: /home/dmpasgal/Clothy/ROS/turtlebot3_ws/src/install/my_world/share/my_world/package.dsv
[0.264s] -- Installing: /home/dmpasgal/Clothy/ROS/turtlebot3_ws/src/install/my_world/share/ament_index/resource_index/packages/my_world
[0.264s] -- Installing: /home/dmpasgal/Clothy/ROS/turtlebot3_ws/src/install/my_world/share/my_world/cmake/ament_cmake_export_include_directories-extras.cmake
[0.265s] -- Installing: /home/dmpasgal/Clothy/ROS/turtlebot3_ws/src/install/my_world/share/my_world/cmake/ament_cmake_export_dependencies-extras.cmake
[0.265s] -- Installing: /home/dmpasgal/Clothy/ROS/turtlebot3_ws/src/install/my_world/share/my_world/cmake/my_worldConfig.cmake
[0.265s] -- Installing: /home/dmpasgal/Clothy/ROS/turtlebot3_ws/src/install/my_world/share/my_world/cmake/my_worldConfig-version.cmake
[0.266s] -- Installing: /home/dmpasgal/Clothy/ROS/turtlebot3_ws/src/install/my_world/share/my_world/package.xml
[0.273s] Invoked command in '/home/dmpasgal/Clothy/ROS/turtlebot3_ws/src/build/my_world' returned '0': CMAKE_PREFIX_PATH=${CMAKE_PREFIX_PATH}:/home/dmpasgal/turtlebot3_ws/install/show_msg:/home/dmpasgal/turtlebot3_ws/install/my_first_subscriber:/home/dmpasgal/turtlebot3_ws/install/my_first_publisher:/home/dmpasgal/turtlebot3_ws/install/my_first_node:/home/dmpasgal/turtlebot3_ws/src/install/show_msg:/opt/ros/galactic /usr/bin/cmake --install /home/dmpasgal/Clothy/ROS/turtlebot3_ws/src/build/my_world
