[1.568s] Invoking command in '/home/dmpasgal/Clothy/ROS/turtlebot3_ws/src/show_msg': AMENT_PREFIX_PATH=/home/dmpasgal/Clothy/install/custom_interface:${AMENT_PREFIX_PATH} CMAKE_PREFIX_PATH=/home/dmpasgal/Clothy/install/custom_interface:${CMAKE_PREFIX_PATH} LD_LIBRARY_PATH=/home/dmpasgal/Clothy/install/custom_interface/lib:${LD_LIBRARY_PATH} PYTHONPATH=/home/dmpasgal/Clothy/build/show_msg/prefix_override:/home/dmpasgal/Clothy/install/show_msg/lib/python3.8/site-packages:/home/dmpasgal/Clothy/install/custom_interface/lib/python3.8/site-packages:${PYTHONPATH} /usr/bin/python3 setup.py egg_info --egg-base ../../../../build/show_msg build --build-base /home/dmpasgal/Clothy/build/show_msg/build install --record /home/dmpasgal/Clothy/build/show_msg/install.log --single-version-externally-managed
[1.847s] running egg_info
[1.876s] writing ../../../../build/show_msg/show_msg.egg-info/PKG-INFO
[1.879s] writing dependency_links to ../../../../build/show_msg/show_msg.egg-info/dependency_links.txt
[1.880s] writing entry points to ../../../../build/show_msg/show_msg.egg-info/entry_points.txt
[1.884s] writing requirements to ../../../../build/show_msg/show_msg.egg-info/requires.txt
[1.894s] writing top-level names to ../../../../build/show_msg/show_msg.egg-info/top_level.txt
[1.977s] reading manifest file '../../../../build/show_msg/show_msg.egg-info/SOURCES.txt'
[1.978s] writing manifest file '../../../../build/show_msg/show_msg.egg-info/SOURCES.txt'
[1.978s] running build
[1.978s] running build_py
[1.985s] running install
[1.987s] running install_lib
[1.993s] running install_data
[1.995s] running install_egg_info
[1.997s] removing '/home/dmpasgal/Clothy/install/show_msg/lib/python3.8/site-packages/show_msg-0.0.0-py3.8.egg-info' (and everything under it)
[1.997s] Copying ../../../../build/show_msg/show_msg.egg-info to /home/dmpasgal/Clothy/install/show_msg/lib/python3.8/site-packages/show_msg-0.0.0-py3.8.egg-info
[1.998s] running install_scripts
[2.014s] Installing show_msg script to /home/dmpasgal/Clothy/install/show_msg/lib/show_msg
[2.016s] Installing show_msg_param script to /home/dmpasgal/Clothy/install/show_msg/lib/show_msg
[2.016s] writing list of installed files to '/home/dmpasgal/Clothy/build/show_msg/install.log'
[2.032s] Invoked command in '/home/dmpasgal/Clothy/ROS/turtlebot3_ws/src/show_msg' returned '0': AMENT_PREFIX_PATH=/home/dmpasgal/Clothy/install/custom_interface:${AMENT_PREFIX_PATH} CMAKE_PREFIX_PATH=/home/dmpasgal/Clothy/install/custom_interface:${CMAKE_PREFIX_PATH} LD_LIBRARY_PATH=/home/dmpasgal/Clothy/install/custom_interface/lib:${LD_LIBRARY_PATH} PYTHONPATH=/home/dmpasgal/Clothy/build/show_msg/prefix_override:/home/dmpasgal/Clothy/install/show_msg/lib/python3.8/site-packages:/home/dmpasgal/Clothy/install/custom_interface/lib/python3.8/site-packages:${PYTHONPATH} /usr/bin/python3 setup.py egg_info --egg-base ../../../../build/show_msg build --build-base /home/dmpasgal/Clothy/build/show_msg/build install --record /home/dmpasgal/Clothy/build/show_msg/install.log --single-version-externally-managed
