[0.149s] Invoking command in '/home/dmpasgal/Clothy/ROS/turtlebot3_ws/src/build/my_world': CMAKE_PREFIX_PATH=${CMAKE_PREFIX_PATH}:/home/dmpasgal/turtlebot3_ws/install/show_msg:/home/dmpasgal/turtlebot3_ws/install/my_first_subscriber:/home/dmpasgal/turtlebot3_ws/install/my_first_publisher:/home/dmpasgal/turtlebot3_ws/install/my_first_node:/home/dmpasgal/turtlebot3_ws/src/install/show_msg:/opt/ros/galactic /usr/bin/cmake /home/dmpasgal/Clothy/ROS/turtlebot3_ws/src/my_world -DCMAKE_INSTALL_PREFIX=/home/dmpasgal/Clothy/ROS/turtlebot3_ws/src/install/my_world
[0.416s] -- The C compiler identification is GNU 9.4.0
[0.599s] -- The CXX compiler identification is GNU 9.4.0
[0.613s] -- Check for working C compiler: /usr/bin/cc
[0.707s] -- Check for working C compiler: /usr/bin/cc -- works
[0.710s] -- Detecting C compiler ABI info
[0.774s] -- Detecting C compiler ABI info - done
[0.780s] -- Detecting C compile features
[0.782s] -- Detecting C compile features - done
[0.786s] -- Check for working CXX compiler: /usr/bin/c++
[0.851s] -- Check for working CXX compiler: /usr/bin/c++ -- works
[0.852s] -- Detecting CXX compiler ABI info
[0.939s] -- Detecting CXX compiler ABI info - done
[0.946s] -- Detecting CXX compile features
[0.947s] -- Detecting CXX compile features - done
[0.952s] -- Found ament_cmake: 1.1.6 (/opt/ros/galactic/share/ament_cmake/cmake)
[0.979s] -- Found PythonInterp: /usr/bin/python3 (found suitable version "3.8.10", minimum required is "3") 
[0.979s] -- Using PYTHON_EXECUTABLE: /usr/bin/python3
[1.091s] -- Found PkgConfig: /usr/bin/pkg-config (found version "0.29.1") 
[1.097s] -- Checking for module 'bullet>=2.82'
[1.131s] --   Found bullet, version 2.88
[1.242s] -- Found ccd: /usr/include (found suitable version "2.0", minimum required is "2.0") 
[1.294s] -- Found fcl: /usr/include (found suitable version "0.5.0", minimum required is "0.3.2") 
[1.345s] -- Found assimp: /usr/include (found version "5.0.0") 
[1.398s] -- Found DART: /usr/include (Required is at least version "6.6") found components: dart 
[1.694s] -- Found Boost: /usr/lib/x86_64-linux-gnu/cmake/Boost-1.71.0/BoostConfig.cmake (found suitable version "1.71.0", minimum required is "1.40.0") found components: thread system filesystem program_options regex iostreams date_time 
[1.737s] -- Found Protobuf: /usr/lib/x86_64-linux-gnu/libprotobuf.so;-lpthread (found version "3.6.1") 
[1.746s] -- Looking for ignition-math6 -- found version 6.15.1
[1.760s] -- Searching for dependencies of ignition-math6
[1.764s] -- Looking for OGRE...
[1.765s] -- OGRE_PREFIX_WATCH changed.
[1.769s] -- Checking for module 'OGRE'
[1.784s] --   Found OGRE, version 1.9.0
[1.821s] -- Found Ogre Ghadamon (1.9.0)
[1.827s] -- Found OGRE: optimized;/usr/lib/x86_64-linux-gnu/libOgreMain.so;debug;/usr/lib/x86_64-linux-gnu/libOgreMain.so
[1.835s] -- Looking for OGRE_Paging...
[1.840s] -- Found OGRE_Paging: optimized;/usr/lib/x86_64-linux-gnu/libOgrePaging.so;debug;/usr/lib/x86_64-linux-gnu/libOgrePaging.so
[1.840s] -- Looking for OGRE_Terrain...
[1.845s] -- Found OGRE_Terrain: optimized;/usr/lib/x86_64-linux-gnu/libOgreTerrain.so;debug;/usr/lib/x86_64-linux-gnu/libOgreTerrain.so
[1.845s] -- Looking for OGRE_Property...
[1.851s] -- Found OGRE_Property: optimized;/usr/lib/x86_64-linux-gnu/libOgreProperty.so;debug;/usr/lib/x86_64-linux-gnu/libOgreProperty.so
[1.851s] -- Looking for OGRE_RTShaderSystem...
[1.855s] -- Found OGRE_RTShaderSystem: optimized;/usr/lib/x86_64-linux-gnu/libOgreRTShaderSystem.so;debug;/usr/lib/x86_64-linux-gnu/libOgreRTShaderSystem.so
[1.855s] -- Looking for OGRE_Volume...
[1.861s] -- Found OGRE_Volume: optimized;/usr/lib/x86_64-linux-gnu/libOgreVolume.so;debug;/usr/lib/x86_64-linux-gnu/libOgreVolume.so
[1.861s] -- Looking for OGRE_Overlay...
[1.866s] -- Found OGRE_Overlay: optimized;/usr/lib/x86_64-linux-gnu/libOgreOverlay.so;debug;/usr/lib/x86_64-linux-gnu/libOgreOverlay.so
[1.961s] -- Looking for ignition-math6 -- found version 6.15.1
[1.965s] -- Looking for ignition-transport8 -- found version 8.3.0
[1.966s] -- Searching for dependencies of ignition-transport8
[1.980s] -- Found Protobuf: /usr/lib/x86_64-linux-gnu/libprotobuf.so;-lpthread (found suitable version "3.6.1", minimum required is "3") 
[1.989s] -- Config-file not installed for ZeroMQ -- checking for pkg-config
[1.994s] -- Checking for module 'libzmq >= 4'
[2.014s] --   Found libzmq , version 4.3.2
[2.048s] -- Found ZeroMQ: TRUE (Required is at least version "4") 
[2.053s] -- Checking for module 'uuid'
[2.069s] --   Found uuid, version 2.34.0
[2.103s] -- Found UUID: TRUE  
[2.108s] -- Looking for ignition-msgs5 -- found version 5.10.0
[2.109s] -- Searching for dependencies of ignition-msgs5
[2.124s] -- Looking for ignition-math6 -- found version 6.15.1
[2.130s] -- Checking for module 'tinyxml2'
[2.143s] --   Found tinyxml2, version 6.2.0
[2.177s] -- Looking for ignition-msgs5 -- found version 5.10.0
[2.181s] -- Looking for ignition-common3 -- found version 3.14.2
[2.182s] -- Searching for dependencies of ignition-common3
[2.182s] -- Looking for dlfcn.h - found
[2.183s] -- Looking for libdl - found
[2.185s] -- Found DL: TRUE  
[2.195s] -- Searching for <ignition-common3> component [graphics]
[2.199s] -- Looking for ignition-common3-graphics -- found version 3.14.2
[2.199s] -- Searching for dependencies of ignition-common3-graphics
[2.200s] -- Looking for ignition-math6 -- found version 6.15.1
[2.206s] -- Looking for ignition-fuel_tools4 -- found version 4.6.0
[2.207s] -- Searching for dependencies of ignition-fuel_tools4
[2.272s] -- Found CURL: /usr/lib/x86_64-linux-gnu/libcurl.so (found version "7.68.0")  
[2.282s] -- Checking for module 'jsoncpp'
[2.297s] --   Found jsoncpp, version 1.7.4
[2.328s] -- Found JSONCPP: TRUE  
[2.338s] -- Checking for module 'libzip'
[2.353s] --   Found libzip, version 1.5.1
[2.383s] -- Found ZIP: TRUE  
[2.384s] -- Looking for ignition-common3 -- found version 3.14.2
[2.384s] -- Looking for ignition-math6 -- found version 6.15.1
[2.384s] -- Looking for ignition-msgs5 -- found version 5.10.0
[2.388s] -- Found gazebo_ros_pkgs: 3.5.2 (/opt/ros/galactic/share/gazebo_ros_pkgs/cmake)
[2.392s] -- Found geometry_msgs: 2.2.4 (/opt/ros/galactic/share/geometry_msgs/cmake)
[2.435s] -- Using all available rosidl_typesupport_c: rosidl_typesupport_fastrtps_c;rosidl_typesupport_introspection_c
[2.445s] -- Found rosidl_adapter: 2.2.3 (/opt/ros/galactic/share/rosidl_adapter/cmake)
[2.533s] -- Found OpenSSL: /usr/lib/x86_64-linux-gnu/libcrypto.so (found version "1.1.1f")  
[2.557s] -- Found FastRTPS: /opt/ros/galactic/include  
[2.644s] -- Using all available rosidl_typesupport_cpp: rosidl_typesupport_fastrtps_cpp;rosidl_typesupport_introspection_cpp
[2.739s] -- Found nav_msgs: 2.2.4 (/opt/ros/galactic/share/nav_msgs/cmake)
[2.805s] -- Found rclcpp: 9.2.2 (/opt/ros/galactic/share/rclcpp/cmake)
[2.895s] -- Found rmw_implementation_cmake: 3.3.1 (/opt/ros/galactic/share/rmw_implementation_cmake/cmake)
[2.901s] -- Found rmw_cyclonedds_cpp: 0.22.6 (/opt/ros/galactic/share/rmw_cyclonedds_cpp/cmake)
[2.930s] -- Using RMW implementation 'rmw_cyclonedds_cpp' as default
[2.932s] -- Found Threads: TRUE  
[3.070s] -- Found sensor_msgs: 2.2.4 (/opt/ros/galactic/share/sensor_msgs/cmake)
[3.133s] -- Found tf2: 0.17.5 (/opt/ros/galactic/share/tf2/cmake)
[3.149s] -- Found turtlebot3_gazebo: 2.2.4 (/home/dmpasgal/turtlebot3_ws/install/turtlebot3_gazebo/share/turtlebot3_gazebo/cmake)
[3.243s] -- Configuring done
[3.252s] -- Generating done
[3.254s] -- Build files have been written to: /home/dmpasgal/Clothy/ROS/turtlebot3_ws/src/build/my_world
[3.265s] Invoked command in '/home/dmpasgal/Clothy/ROS/turtlebot3_ws/src/build/my_world' returned '0': CMAKE_PREFIX_PATH=${CMAKE_PREFIX_PATH}:/home/dmpasgal/turtlebot3_ws/install/show_msg:/home/dmpasgal/turtlebot3_ws/install/my_first_subscriber:/home/dmpasgal/turtlebot3_ws/install/my_first_publisher:/home/dmpasgal/turtlebot3_ws/install/my_first_node:/home/dmpasgal/turtlebot3_ws/src/install/show_msg:/opt/ros/galactic /usr/bin/cmake /home/dmpasgal/Clothy/ROS/turtlebot3_ws/src/my_world -DCMAKE_INSTALL_PREFIX=/home/dmpasgal/Clothy/ROS/turtlebot3_ws/src/install/my_world
[3.268s] Invoking command in '/home/dmpasgal/Clothy/ROS/turtlebot3_ws/src/build/my_world': CMAKE_PREFIX_PATH=${CMAKE_PREFIX_PATH}:/home/dmpasgal/turtlebot3_ws/install/show_msg:/home/dmpasgal/turtlebot3_ws/install/my_first_subscriber:/home/dmpasgal/turtlebot3_ws/install/my_first_publisher:/home/dmpasgal/turtlebot3_ws/install/my_first_node:/home/dmpasgal/turtlebot3_ws/src/install/show_msg:/opt/ros/galactic /usr/bin/cmake --build /home/dmpasgal/Clothy/ROS/turtlebot3_ws/src/build/my_world -- -j4 -l4
[3.307s] [35m[1mScanning dependencies of target turtlebot3_drive[0m
[3.537s] [ 50%] [32mBuilding CXX object CMakeFiles/turtlebot3_drive.dir/src/turtlebot3_drive.cpp.o[0m
[10.472s] [100%] [32m[1mLinking CXX executable turtlebot3_drive[0m
[10.950s] [100%] Built target turtlebot3_drive
[10.968s] Invoked command in '/home/dmpasgal/Clothy/ROS/turtlebot3_ws/src/build/my_world' returned '0': CMAKE_PREFIX_PATH=${CMAKE_PREFIX_PATH}:/home/dmpasgal/turtlebot3_ws/install/show_msg:/home/dmpasgal/turtlebot3_ws/install/my_first_subscriber:/home/dmpasgal/turtlebot3_ws/install/my_first_publisher:/home/dmpasgal/turtlebot3_ws/install/my_first_node:/home/dmpasgal/turtlebot3_ws/src/install/show_msg:/opt/ros/galactic /usr/bin/cmake --build /home/dmpasgal/Clothy/ROS/turtlebot3_ws/src/build/my_world -- -j4 -l4
[11.012s] Invoking command in '/home/dmpasgal/Clothy/ROS/turtlebot3_ws/src/build/my_world': CMAKE_PREFIX_PATH=${CMAKE_PREFIX_PATH}:/home/dmpasgal/turtlebot3_ws/install/show_msg:/home/dmpasgal/turtlebot3_ws/install/my_first_subscriber:/home/dmpasgal/turtlebot3_ws/install/my_first_publisher:/home/dmpasgal/turtlebot3_ws/install/my_first_node:/home/dmpasgal/turtlebot3_ws/src/install/show_msg:/opt/ros/galactic /usr/bin/cmake --install /home/dmpasgal/Clothy/ROS/turtlebot3_ws/src/build/my_world
[11.020s] -- Install configuration: ""
[11.020s] -- Installing: /home/dmpasgal/Clothy/ROS/turtlebot3_ws/src/install/my_world/lib/my_world/turtlebot3_drive
[11.023s] -- Set runtime path of "/home/dmpasgal/Clothy/ROS/turtlebot3_ws/src/install/my_world/lib/my_world/turtlebot3_drive" to ""
[11.023s] -- Installing: /home/dmpasgal/Clothy/ROS/turtlebot3_ws/src/install/my_world/share/my_world//launch
[11.025s] -- Installing: /home/dmpasgal/Clothy/ROS/turtlebot3_ws/src/install/my_world/share/my_world//launch/turtlebot3_my_world.launch.py
[11.025s] -- Installing: /home/dmpasgal/Clothy/ROS/turtlebot3_ws/src/install/my_world/share/my_world//models
[11.026s] -- Installing: /home/dmpasgal/Clothy/ROS/turtlebot3_ws/src/install/my_world/share/my_world//models/workcell_bin
[11.027s] -- Installing: /home/dmpasgal/Clothy/ROS/turtlebot3_ws/src/install/my_world/share/my_world//models/workcell_bin/meshes
[11.027s] -- Installing: /home/dmpasgal/Clothy/ROS/turtlebot3_ws/src/install/my_world/share/my_world//models/workcell_bin/meshes/bin.dae
[11.028s] -- Installing: /home/dmpasgal/Clothy/ROS/turtlebot3_ws/src/install/my_world/share/my_world//models/workcell_bin/materials
[11.029s] -- Installing: /home/dmpasgal/Clothy/ROS/turtlebot3_ws/src/install/my_world/share/my_world//models/workcell_bin/materials/textures
[11.029s] -- Installing: /home/dmpasgal/Clothy/ROS/turtlebot3_ws/src/install/my_world/share/my_world//models/workcell_bin/materials/textures/bin.png
[11.034s] -- Installing: /home/dmpasgal/Clothy/ROS/turtlebot3_ws/src/install/my_world/share/my_world//models/workcell_bin/model.sdf
[11.035s] -- Installing: /home/dmpasgal/Clothy/ROS/turtlebot3_ws/src/install/my_world/share/my_world//models/workcell_bin/model.config
[11.035s] -- Installing: /home/dmpasgal/Clothy/ROS/turtlebot3_ws/src/install/my_world/share/my_world//models/workcell
[11.036s] -- Installing: /home/dmpasgal/Clothy/ROS/turtlebot3_ws/src/install/my_world/share/my_world//models/workcell/meshes
[11.036s] -- Installing: /home/dmpasgal/Clothy/ROS/turtlebot3_ws/src/install/my_world/share/my_world//models/workcell/meshes/mesh_backup.dae
[11.043s] -- Installing: /home/dmpasgal/Clothy/ROS/turtlebot3_ws/src/install/my_world/share/my_world//models/workcell/meshes/mesh.dae
[11.049s] -- Installing: /home/dmpasgal/Clothy/ROS/turtlebot3_ws/src/install/my_world/share/my_world//models/workcell/materials
[11.049s] -- Installing: /home/dmpasgal/Clothy/ROS/turtlebot3_ws/src/install/my_world/share/my_world//models/workcell/materials/textures
[11.049s] -- Installing: /home/dmpasgal/Clothy/ROS/turtlebot3_ws/src/install/my_world/share/my_world//models/workcell/materials/textures/Pillar.png
[11.054s] -- Installing: /home/dmpasgal/Clothy/ROS/turtlebot3_ws/src/install/my_world/share/my_world//models/workcell/materials/textures/ControlPanel.png
[11.056s] -- Installing: /home/dmpasgal/Clothy/ROS/turtlebot3_ws/src/install/my_world/share/my_world//models/workcell/materials/textures/CardboardBoxes.png
[11.059s] -- Installing: /home/dmpasgal/Clothy/ROS/turtlebot3_ws/src/install/my_world/share/my_world//models/workcell/materials/textures/Wall_Concrete.png
[11.060s] -- Installing: /home/dmpasgal/Clothy/ROS/turtlebot3_ws/src/install/my_world/share/my_world//models/workcell/materials/textures/Plywood.png
[11.062s] -- Installing: /home/dmpasgal/Clothy/ROS/turtlebot3_ws/src/install/my_world/share/my_world//models/workcell/materials/textures/Mesh.png
[11.063s] -- Installing: /home/dmpasgal/Clothy/ROS/turtlebot3_ws/src/install/my_world/share/my_world//models/workcell/materials/textures/Floor.png
[11.064s] -- Installing: /home/dmpasgal/Clothy/ROS/turtlebot3_ws/src/install/my_world/share/my_world//models/workcell/materials/textures/Conveyor.png
[11.066s] -- Installing: /home/dmpasgal/Clothy/ROS/turtlebot3_ws/src/install/my_world/share/my_world//models/workcell/materials/textures/Shelves.png
[11.068s] -- Installing: /home/dmpasgal/Clothy/ROS/turtlebot3_ws/src/install/my_world/share/my_world//models/workcell/materials/textures/WorkCell_Render.png
[11.076s] -- Installing: /home/dmpasgal/Clothy/ROS/turtlebot3_ws/src/install/my_world/share/my_world//models/workcell/materials/textures/Bin.png
[11.077s] -- Installing: /home/dmpasgal/Clothy/ROS/turtlebot3_ws/src/install/my_world/share/my_world//models/workcell/materials/textures/Stairs.png
[11.081s] -- Installing: /home/dmpasgal/Clothy/ROS/turtlebot3_ws/src/install/my_world/share/my_world//models/workcell/materials/textures/Door_Window.png
[11.084s] -- Installing: /home/dmpasgal/Clothy/ROS/turtlebot3_ws/src/install/my_world/share/my_world//models/workcell/materials/textures/Wall_Corrugated.png
[11.085s] -- Installing: /home/dmpasgal/Clothy/ROS/turtlebot3_ws/src/install/my_world/share/my_world//models/workcell/materials/textures/Pallet.png
[11.087s] -- Installing: /home/dmpasgal/Clothy/ROS/turtlebot3_ws/src/install/my_world/share/my_world//models/workcell/materials/textures/RollupDoor.png
[11.092s] -- Installing: /home/dmpasgal/Clothy/ROS/turtlebot3_ws/src/install/my_world/share/my_world//models/workcell/materials/textures/RubberMat.png
[11.094s] -- Installing: /home/dmpasgal/Clothy/ROS/turtlebot3_ws/src/install/my_world/share/my_world//models/workcell/materials/textures/PalletWrap.png
[11.097s] -- Installing: /home/dmpasgal/Clothy/ROS/turtlebot3_ws/src/install/my_world/share/my_world//models/workcell/materials/textures/Yellow.png
[11.098s] -- Installing: /home/dmpasgal/Clothy/ROS/turtlebot3_ws/src/install/my_world/share/my_world//models/workcell/model.sdf
[11.099s] -- Installing: /home/dmpasgal/Clothy/ROS/turtlebot3_ws/src/install/my_world/share/my_world//models/workcell/model.config
[11.099s] -- Installing: /home/dmpasgal/Clothy/ROS/turtlebot3_ws/src/install/my_world/share/my_world//models/my_world
[11.100s] -- Installing: /home/dmpasgal/Clothy/ROS/turtlebot3_ws/src/install/my_world/share/my_world//models/my_world/model.sdf
[11.100s] -- Installing: /home/dmpasgal/Clothy/ROS/turtlebot3_ws/src/install/my_world/share/my_world//models/my_world/model.config
[11.101s] -- Installing: /home/dmpasgal/Clothy/ROS/turtlebot3_ws/src/install/my_world/share/my_world//models/turtlebot3_burger
[11.101s] -- Installing: /home/dmpasgal/Clothy/ROS/turtlebot3_ws/src/install/my_world/share/my_world//models/turtlebot3_burger/meshes
[11.102s] -- Installing: /home/dmpasgal/Clothy/ROS/turtlebot3_ws/src/install/my_world/share/my_world//models/turtlebot3_burger/meshes/lds.dae
[11.103s] -- Installing: /home/dmpasgal/Clothy/ROS/turtlebot3_ws/src/install/my_world/share/my_world//models/turtlebot3_burger/meshes/tire.dae
[11.104s] -- Installing: /home/dmpasgal/Clothy/ROS/turtlebot3_ws/src/install/my_world/share/my_world//models/turtlebot3_burger/meshes/burger_base.dae
[11.104s] -- Installing: /home/dmpasgal/Clothy/ROS/turtlebot3_ws/src/install/my_world/share/my_world//models/turtlebot3_burger/model.sdf
[11.105s] -- Installing: /home/dmpasgal/Clothy/ROS/turtlebot3_ws/src/install/my_world/share/my_world//models/turtlebot3_burger/model.config
[11.105s] -- Installing: /home/dmpasgal/Clothy/ROS/turtlebot3_ws/src/install/my_world/share/my_world//models/turtlebot3_burger/model-1_4.sdf
[11.106s] -- Installing: /home/dmpasgal/Clothy/ROS/turtlebot3_ws/src/install/my_world/share/my_world//world
[11.107s] -- Installing: /home/dmpasgal/Clothy/ROS/turtlebot3_ws/src/install/my_world/share/my_world//world/burger_pi.model
[11.108s] -- Installing: /home/dmpasgal/Clothy/ROS/turtlebot3_ws/src/install/my_world/share/my_world//world/burger.model
[11.108s] -- Installing: /home/dmpasgal/Clothy/ROS/turtlebot3_ws/src/install/my_world/share/my_world//world/warehouse.world
[11.109s] -- Installing: /home/dmpasgal/Clothy/ROS/turtlebot3_ws/src/install/my_world/share/my_world//urdf
[11.109s] -- Installing: /home/dmpasgal/Clothy/ROS/turtlebot3_ws/src/install/my_world/share/my_world//urdf/turtlebot3_burger.urdf
[11.110s] -- Installing: /home/dmpasgal/Clothy/ROS/turtlebot3_ws/src/install/my_world/share/my_world//urdf/turtlebot3_burger_pi.urdf
[11.111s] CMake Error at cmake_install.cmake:70 (file):
[11.112s]   file INSTALL cannot find
[11.112s]   "/home/dmpasgal/Clothy/ROS/turtlebot3_ws/src/my_world/include": No such
[11.112s]   file or directory.
[11.112s] 
[11.112s] 
[11.113s] Invoked command in '/home/dmpasgal/Clothy/ROS/turtlebot3_ws/src/build/my_world' returned '1': CMAKE_PREFIX_PATH=${CMAKE_PREFIX_PATH}:/home/dmpasgal/turtlebot3_ws/install/show_msg:/home/dmpasgal/turtlebot3_ws/install/my_first_subscriber:/home/dmpasgal/turtlebot3_ws/install/my_first_publisher:/home/dmpasgal/turtlebot3_ws/install/my_first_node:/home/dmpasgal/turtlebot3_ws/src/install/show_msg:/opt/ros/galactic /usr/bin/cmake --install /home/dmpasgal/Clothy/ROS/turtlebot3_ws/src/build/my_world
