[1.483s] Invoking command in '/home/dmpasgal/Clothy/ROS/turtlebot3_ws/src/provide_map': PYTHONPATH=/home/dmpasgal/Clothy/build/provide_map/prefix_override:/home/dmpasgal/Clothy/install/provide_map/lib/python3.8/site-packages:${PYTHONPATH} /usr/bin/python3 setup.py egg_info --egg-base ../../../../build/provide_map build --build-base /home/dmpasgal/Clothy/build/provide_map/build install --record /home/dmpasgal/Clothy/build/provide_map/install.log --single-version-externally-managed
[1.626s] running egg_info
[1.628s] writing ../../../../build/provide_map/provide_map.egg-info/PKG-INFO
[1.628s] writing dependency_links to ../../../../build/provide_map/provide_map.egg-info/dependency_links.txt
[1.628s] writing entry points to ../../../../build/provide_map/provide_map.egg-info/entry_points.txt
[1.629s] writing requirements to ../../../../build/provide_map/provide_map.egg-info/requires.txt
[1.629s] writing top-level names to ../../../../build/provide_map/provide_map.egg-info/top_level.txt
[1.650s] reading manifest file '../../../../build/provide_map/provide_map.egg-info/SOURCES.txt'
[1.651s] writing manifest file '../../../../build/provide_map/provide_map.egg-info/SOURCES.txt'
[1.652s] running build
[1.652s] running build_py
[1.653s] running install
[1.653s] running install_lib
[1.654s] running install_data
[1.654s] running install_egg_info
[1.655s] removing '/home/dmpasgal/Clothy/install/provide_map/lib/python3.8/site-packages/provide_map-0.0.0-py3.8.egg-info' (and everything under it)
[1.656s] Copying ../../../../build/provide_map/provide_map.egg-info to /home/dmpasgal/Clothy/install/provide_map/lib/python3.8/site-packages/provide_map-0.0.0-py3.8.egg-info
[1.657s] running install_scripts
[1.689s] writing list of installed files to '/home/dmpasgal/Clothy/build/provide_map/install.log'
[1.894s] Invoked command in '/home/dmpasgal/Clothy/ROS/turtlebot3_ws/src/provide_map' returned '0': PYTHONPATH=/home/dmpasgal/Clothy/build/provide_map/prefix_override:/home/dmpasgal/Clothy/install/provide_map/lib/python3.8/site-packages:${PYTHONPATH} /usr/bin/python3 setup.py egg_info --egg-base ../../../../build/provide_map build --build-base /home/dmpasgal/Clothy/build/provide_map/build install --record /home/dmpasgal/Clothy/build/provide_map/install.log --single-version-externally-managed
