[0.827s] Invoking command in '/home/cmarrod3/turtlebot3_ws/src/my_first_node': PYTHONPATH=/home/cmarrod3/turtlebot3_ws/build/my_first_node/prefix_override:/home/cmarrod3/turtlebot3_ws/install/my_first_node/lib/python3.8/site-packages:${PYTHONPATH} /usr/bin/python3 setup.py egg_info --egg-base ../../build/my_first_node build --build-base /home/cmarrod3/turtlebot3_ws/build/my_first_node/build install --record /home/cmarrod3/turtlebot3_ws/build/my_first_node/install.log --single-version-externally-managed
[0.946s] running egg_info
[0.947s] writing ../../build/my_first_node/my_first_node.egg-info/PKG-INFO
[0.947s] writing dependency_links to ../../build/my_first_node/my_first_node.egg-info/dependency_links.txt
[0.947s] writing entry points to ../../build/my_first_node/my_first_node.egg-info/entry_points.txt
[0.947s] writing requirements to ../../build/my_first_node/my_first_node.egg-info/requires.txt
[0.948s] writing top-level names to ../../build/my_first_node/my_first_node.egg-info/top_level.txt
[0.968s] reading manifest file '../../build/my_first_node/my_first_node.egg-info/SOURCES.txt'
[0.974s] writing manifest file '../../build/my_first_node/my_first_node.egg-info/SOURCES.txt'
[0.975s] running build
[0.975s] running build_py
[0.975s] running install
[0.975s] running install_lib
[0.976s] running install_data
[0.976s] running install_egg_info
[0.978s] removing '/home/cmarrod3/turtlebot3_ws/install/my_first_node/lib/python3.8/site-packages/my_first_node-0.0.0-py3.8.egg-info' (and everything under it)
[0.986s] Copying ../../build/my_first_node/my_first_node.egg-info to /home/cmarrod3/turtlebot3_ws/install/my_first_node/lib/python3.8/site-packages/my_first_node-0.0.0-py3.8.egg-info
[0.986s] running install_scripts
[0.996s] Installing simple_node script to /home/cmarrod3/turtlebot3_ws/install/my_first_node/lib/my_first_node
[0.996s] writing list of installed files to '/home/cmarrod3/turtlebot3_ws/build/my_first_node/install.log'
[1.011s] Invoked command in '/home/cmarrod3/turtlebot3_ws/src/my_first_node' returned '0': PYTHONPATH=/home/cmarrod3/turtlebot3_ws/build/my_first_node/prefix_override:/home/cmarrod3/turtlebot3_ws/install/my_first_node/lib/python3.8/site-packages:${PYTHONPATH} /usr/bin/python3 setup.py egg_info --egg-base ../../build/my_first_node build --build-base /home/cmarrod3/turtlebot3_ws/build/my_first_node/build install --record /home/cmarrod3/turtlebot3_ws/build/my_first_node/install.log --single-version-externally-managed
