[0.122s] Invoking command in '/home/cmarrod3/turtlebot3_ws/build/custom_interface': CMAKE_PREFIX_PATH=${CMAKE_PREFIX_PATH}:/home/cmarrod3/turtlebot3_ws/install/my_first_subscriber:/home/cmarrod3/turtlebot3_ws/install/my_first_publisher:/home/cmarrod3/turtlebot3_ws/install/my_first_node:/opt/ros/galactic /usr/bin/cmake /home/cmarrod3/turtlebot3_ws/src/custom_interface -DCMAKE_INSTALL_PREFIX=/home/cmarrod3/turtlebot3_ws/install/custom_interface
[0.176s] -- The C compiler identification is GNU 9.4.0
[0.216s] -- The CXX compiler identification is GNU 9.4.0
[0.219s] -- Check for working C compiler: /usr/bin/cc
[0.277s] -- Check for working C compiler: /usr/bin/cc -- works
[0.279s] -- Detecting C compiler ABI info
[0.330s] -- Detecting C compiler ABI info - done
[0.340s] -- Detecting C compile features
[0.340s] -- Detecting C compile features - done
[0.342s] -- Check for working CXX compiler: /usr/bin/c++
[0.407s] -- Check for working CXX compiler: /usr/bin/c++ -- works
[0.409s] -- Detecting CXX compiler ABI info
[0.475s] -- Detecting CXX compiler ABI info - done
[0.483s] -- Detecting CXX compile features
[0.485s] -- Detecting CXX compile features - done
[0.486s] -- Found ament_cmake: 1.1.6 (/opt/ros/galactic/share/ament_cmake/cmake)
[0.511s] -- Found PythonInterp: /usr/bin/python3 (found suitable version "3.8.10", minimum required is "3") 
[0.511s] -- Using PYTHON_EXECUTABLE: /usr/bin/python3
[0.599s] -- Found rclcpp: 9.2.2 (/opt/ros/galactic/share/rclcpp/cmake)
[0.640s] -- Using all available rosidl_typesupport_c: rosidl_typesupport_fastrtps_c;rosidl_typesupport_introspection_c
[0.646s] -- Found rosidl_adapter: 2.2.3 (/opt/ros/galactic/share/rosidl_adapter/cmake)
[0.721s] -- Found OpenSSL: /usr/lib/x86_64-linux-gnu/libcrypto.so (found version "1.1.1f")  
[0.747s] -- Found FastRTPS: /opt/ros/galactic/include  
[0.811s] -- Using all available rosidl_typesupport_cpp: rosidl_typesupport_fastrtps_cpp;rosidl_typesupport_introspection_cpp
[0.862s] -- Found rmw_implementation_cmake: 3.3.1 (/opt/ros/galactic/share/rmw_implementation_cmake/cmake)
[0.864s] -- Found rmw_cyclonedds_cpp: 0.22.6 (/opt/ros/galactic/share/rmw_cyclonedds_cpp/cmake)
[0.881s] -- Using RMW implementation 'rmw_cyclonedds_cpp' as default
[0.881s] -- Looking for pthread.h
[0.952s] -- Looking for pthread.h - found
[0.952s] -- Performing Test CMAKE_HAVE_LIBC_PTHREAD
[1.017s] -- Performing Test CMAKE_HAVE_LIBC_PTHREAD - Failed
[1.017s] -- Looking for pthread_create in pthreads
[1.068s] -- Looking for pthread_create in pthreads - not found
[1.068s] -- Looking for pthread_create in pthread
[1.121s] -- Looking for pthread_create in pthread - found
[1.122s] -- Found Threads: TRUE  
[1.232s] -- Found rosidl_default_generators: 1.1.1 (/opt/ros/galactic/share/rosidl_default_generators/cmake)
[1.249s] -- Found ament_lint_auto: 0.10.7 (/opt/ros/galactic/share/ament_lint_auto/cmake)
[1.335s] -- Found PythonInterp: /usr/bin/python3 (found version "3.8.10") 
[1.396s] -- Found ament_cmake_ros: 0.9.2 (/opt/ros/galactic/share/ament_cmake_ros/cmake)
[1.497s] -- Using all available rosidl_typesupport_c: rosidl_typesupport_fastrtps_c;rosidl_typesupport_introspection_c
[1.506s] -- Using all available rosidl_typesupport_cpp: rosidl_typesupport_fastrtps_cpp;rosidl_typesupport_introspection_cpp
[1.526s] -- Found PythonInterp: /usr/bin/python3 (found suitable version "3.8.10", minimum required is "3.5") 
[1.530s] -- Found python_cmake_module: 0.8.1 (/opt/ros/galactic/share/python_cmake_module/cmake)
[1.559s] -- Found PythonLibs: /usr/lib/x86_64-linux-gnu/libpython3.8.so (found suitable version "3.8.10", minimum required is "3.5") 
[1.559s] -- Using PYTHON_EXECUTABLE: /usr/bin/python3
[1.559s] -- Using PYTHON_INCLUDE_DIRS: /usr/include/python3.8
[1.559s] -- Using PYTHON_LIBRARIES: /usr/lib/x86_64-linux-gnu/libpython3.8.so
[1.579s] -- Found PythonExtra: .so  
[1.619s] -- Added test 'copyright' to check source files copyright and LICENSE
[1.623s] -- Added test 'lint_cmake' to check CMake code style
[1.625s] -- Added test 'xmllint' to check XML markup files
[1.634s] -- Configuring done
[1.659s] -- Generating done
[1.662s] -- Build files have been written to: /home/cmarrod3/turtlebot3_ws/build/custom_interface
[1.671s] Invoked command in '/home/cmarrod3/turtlebot3_ws/build/custom_interface' returned '0': CMAKE_PREFIX_PATH=${CMAKE_PREFIX_PATH}:/home/cmarrod3/turtlebot3_ws/install/my_first_subscriber:/home/cmarrod3/turtlebot3_ws/install/my_first_publisher:/home/cmarrod3/turtlebot3_ws/install/my_first_node:/opt/ros/galactic /usr/bin/cmake /home/cmarrod3/turtlebot3_ws/src/custom_interface -DCMAKE_INSTALL_PREFIX=/home/cmarrod3/turtlebot3_ws/install/custom_interface
[1.674s] Invoking command in '/home/cmarrod3/turtlebot3_ws/build/custom_interface': CMAKE_PREFIX_PATH=${CMAKE_PREFIX_PATH}:/home/cmarrod3/turtlebot3_ws/install/my_first_subscriber:/home/cmarrod3/turtlebot3_ws/install/my_first_publisher:/home/cmarrod3/turtlebot3_ws/install/my_first_node:/opt/ros/galactic /usr/bin/cmake --build /home/cmarrod3/turtlebot3_ws/build/custom_interface -- -j2 -l2
[1.708s] [  3%] [34m[1mGenerating C code for ROS interfaces[0m
[1.708s] [35m[1mScanning dependencies of target custom_interface__cpp[0m
[1.727s] [  6%] [34m[1mGenerating C++ code for ROS interfaces[0m
[1.891s] [35m[1mScanning dependencies of target custom_interface__rosidl_generator_c[0m
[1.904s] [  9%] [32mBuilding C object CMakeFiles/custom_interface__rosidl_generator_c.dir/rosidl_generator_c/custom_interface/msg/detail/distvel__functions.c.o[0m
[1.935s] [  9%] Built target custom_interface__cpp
[1.944s] [ 12%] [34m[1mGenerating C++ introspection for ROS interfaces[0m
[1.947s] [ 16%] [32m[1mLinking C shared library libcustom_interface__rosidl_generator_c.so[0m
[1.985s] [ 16%] Built target custom_interface__rosidl_generator_c
[1.996s] [ 19%] [34m[1mGenerating C++ type support dispatch for ROS interfaces[0m
[2.134s] [35m[1mScanning dependencies of target custom_interface__rosidl_typesupport_introspection_cpp[0m
[2.146s] [35m[1mScanning dependencies of target custom_interface__rosidl_typesupport_cpp[0m
[2.148s] [ 22%] [32mBuilding CXX object CMakeFiles/custom_interface__rosidl_typesupport_introspection_cpp.dir/rosidl_typesupport_introspection_cpp/custom_interface/msg/detail/distvel__type_support.cpp.o[0m
[2.158s] [ 25%] [32mBuilding CXX object CMakeFiles/custom_interface__rosidl_typesupport_cpp.dir/rosidl_typesupport_cpp/custom_interface/msg/distvel__type_support.cpp.o[0m
[2.337s] [ 32%] [32m[1mLinking CXX shared library libcustom_interface__rosidl_typesupport_introspection_cpp.so[0m
[2.337s] [ 32%] [32m[1mLinking CXX shared library libcustom_interface__rosidl_typesupport_cpp.so[0m
[2.368s] [ 32%] Built target custom_interface__rosidl_typesupport_cpp
[2.369s] [ 32%] Built target custom_interface__rosidl_typesupport_introspection_cpp
[2.377s] [ 35%] [34m[1mGenerating C introspection for ROS interfaces[0m
[2.377s] [ 38%] [34m[1mGenerating C++ type support for eProsima Fast-RTPS[0m
[2.534s] [35m[1mScanning dependencies of target custom_interface__rosidl_typesupport_fastrtps_cpp[0m
[2.548s] [35m[1mScanning dependencies of target custom_interface__rosidl_typesupport_introspection_c[0m
[2.560s] [ 41%] [32mBuilding CXX object CMakeFiles/custom_interface__rosidl_typesupport_fastrtps_cpp.dir/rosidl_typesupport_fastrtps_cpp/custom_interface/msg/detail/dds_fastrtps/distvel__type_support.cpp.o[0m
[2.561s] [ 45%] [32mBuilding C object CMakeFiles/custom_interface__rosidl_typesupport_introspection_c.dir/rosidl_typesupport_introspection_c/custom_interface/msg/detail/distvel__type_support.c.o[0m
[2.591s] [ 48%] [32m[1mLinking C shared library libcustom_interface__rosidl_typesupport_introspection_c.so[0m
[2.620s] [ 48%] Built target custom_interface__rosidl_typesupport_introspection_c
[2.630s] [ 51%] [34m[1mGenerating C type support dispatch for ROS interfaces[0m
[2.769s] [35m[1mScanning dependencies of target custom_interface__rosidl_typesupport_c[0m
[2.781s] [ 54%] [32mBuilding CXX object CMakeFiles/custom_interface__rosidl_typesupport_c.dir/rosidl_typesupport_c/custom_interface/msg/distvel__type_support.cpp.o[0m
[2.809s] [ 58%] [32m[1mLinking CXX shared library libcustom_interface__rosidl_typesupport_c.so[0m
[2.842s] [ 58%] Built target custom_interface__rosidl_typesupport_c
[2.887s] [ 61%] [32m[1mLinking CXX shared library libcustom_interface__rosidl_typesupport_fastrtps_cpp.so[0m
[2.952s] [ 61%] Built target custom_interface__rosidl_typesupport_fastrtps_cpp
[2.961s] [ 64%] [34m[1mGenerating C type support for eProsima Fast-RTPS[0m
[3.113s] [35m[1mScanning dependencies of target custom_interface__rosidl_typesupport_fastrtps_c[0m
[3.125s] [ 67%] [32mBuilding CXX object CMakeFiles/custom_interface__rosidl_typesupport_fastrtps_c.dir/rosidl_typesupport_fastrtps_c/custom_interface/msg/detail/distvel__type_support_c.cpp.o[0m
[3.333s] [ 70%] [32m[1mLinking CXX shared library libcustom_interface__rosidl_typesupport_fastrtps_c.so[0m
[3.397s] [ 70%] Built target custom_interface__rosidl_typesupport_fastrtps_c
[3.406s] [35m[1mScanning dependencies of target custom_interface[0m
[3.413s] [ 70%] Built target custom_interface
[3.421s] [35m[1mScanning dependencies of target custom_interface__py[0m
[3.427s] [ 74%] [34m[1mGenerating Python code for ROS interfaces[0m
[3.703s] [ 74%] Built target custom_interface__py
[3.712s] [35m[1mScanning dependencies of target custom_interface__python[0m
[3.752s] [ 77%] [32mBuilding C object CMakeFiles/custom_interface__python.dir/rosidl_generator_py/custom_interface/msg/_distvel_s.c.o[0m
[3.843s] [ 80%] [32m[1mLinking C shared library rosidl_generator_py/custom_interface/libcustom_interface__python.so[0m
[3.884s] [ 80%] Built target custom_interface__python
[3.893s] [35m[1mScanning dependencies of target custom_interface__rosidl_typesupport_c__pyext[0m
[3.900s] [35m[1mScanning dependencies of target custom_interface__rosidl_typesupport_introspection_c__pyext[0m
[3.912s] [ 83%] [32mBuilding C object CMakeFiles/custom_interface__rosidl_typesupport_c__pyext.dir/rosidl_generator_py/custom_interface/_custom_interface_s.ep.rosidl_typesupport_c.c.o[0m
[3.929s] [ 87%] [32mBuilding C object CMakeFiles/custom_interface__rosidl_typesupport_introspection_c__pyext.dir/rosidl_generator_py/custom_interface/_custom_interface_s.ep.rosidl_typesupport_introspection_c.c.o[0m
[3.977s] [ 90%] [32m[1mLinking C shared library rosidl_generator_py/custom_interface/custom_interface_s__rosidl_typesupport_c.cpython-38-x86_64-linux-gnu.so[0m
[4.005s] [ 90%] Built target custom_interface__rosidl_typesupport_c__pyext
[4.007s] [ 93%] [32m[1mLinking C shared library rosidl_generator_py/custom_interface/custom_interface_s__rosidl_typesupport_introspection_c.cpython-38-x86_64-linux-gnu.so[0m
[4.015s] [35m[1mScanning dependencies of target custom_interface__rosidl_typesupport_fastrtps_c__pyext[0m
[4.035s] [ 96%] [32mBuilding C object CMakeFiles/custom_interface__rosidl_typesupport_fastrtps_c__pyext.dir/rosidl_generator_py/custom_interface/_custom_interface_s.ep.rosidl_typesupport_fastrtps_c.c.o[0m
[4.045s] [ 96%] Built target custom_interface__rosidl_typesupport_introspection_c__pyext
[4.101s] [100%] [32m[1mLinking CXX shared library rosidl_generator_py/custom_interface/custom_interface_s__rosidl_typesupport_fastrtps_c.cpython-38-x86_64-linux-gnu.so[0m
[4.148s] [100%] Built target custom_interface__rosidl_typesupport_fastrtps_c__pyext
[4.159s] Invoked command in '/home/cmarrod3/turtlebot3_ws/build/custom_interface' returned '0': CMAKE_PREFIX_PATH=${CMAKE_PREFIX_PATH}:/home/cmarrod3/turtlebot3_ws/install/my_first_subscriber:/home/cmarrod3/turtlebot3_ws/install/my_first_publisher:/home/cmarrod3/turtlebot3_ws/install/my_first_node:/opt/ros/galactic /usr/bin/cmake --build /home/cmarrod3/turtlebot3_ws/build/custom_interface -- -j2 -l2
[4.216s] Invoking command in '/home/cmarrod3/turtlebot3_ws/build/custom_interface': CMAKE_PREFIX_PATH=${CMAKE_PREFIX_PATH}:/home/cmarrod3/turtlebot3_ws/install/my_first_subscriber:/home/cmarrod3/turtlebot3_ws/install/my_first_publisher:/home/cmarrod3/turtlebot3_ws/install/my_first_node:/opt/ros/galactic /usr/bin/cmake --install /home/cmarrod3/turtlebot3_ws/build/custom_interface
[4.225s] -- Install configuration: ""
[4.225s] -- Installing: /home/cmarrod3/turtlebot3_ws/install/custom_interface/share/ament_index/resource_index/rosidl_interfaces/custom_interface
[4.225s] -- Installing: /home/cmarrod3/turtlebot3_ws/install/custom_interface/include/custom_interface
[4.225s] -- Installing: /home/cmarrod3/turtlebot3_ws/install/custom_interface/include/custom_interface/msg
[4.225s] -- Installing: /home/cmarrod3/turtlebot3_ws/install/custom_interface/include/custom_interface/msg/detail
[4.225s] -- Installing: /home/cmarrod3/turtlebot3_ws/install/custom_interface/include/custom_interface/msg/detail/distvel__type_support.h
[4.226s] -- Installing: /home/cmarrod3/turtlebot3_ws/install/custom_interface/include/custom_interface/msg/detail/distvel__functions.h
[4.226s] -- Installing: /home/cmarrod3/turtlebot3_ws/install/custom_interface/include/custom_interface/msg/detail/distvel__struct.h
[4.226s] -- Installing: /home/cmarrod3/turtlebot3_ws/install/custom_interface/include/custom_interface/msg/detail/distvel__functions.c
[4.226s] -- Installing: /home/cmarrod3/turtlebot3_ws/install/custom_interface/include/custom_interface/msg/distvel.h
[4.226s] -- Installing: /home/cmarrod3/turtlebot3_ws/install/custom_interface/include/custom_interface/msg/rosidl_generator_c__visibility_control.h
[4.227s] -- Installing: /home/cmarrod3/turtlebot3_ws/install/custom_interface/share/custom_interface/environment/library_path.sh
[4.227s] -- Installing: /home/cmarrod3/turtlebot3_ws/install/custom_interface/share/custom_interface/environment/library_path.dsv
[4.227s] -- Installing: /home/cmarrod3/turtlebot3_ws/install/custom_interface/lib/libcustom_interface__rosidl_generator_c.so
[4.227s] -- Set runtime path of "/home/cmarrod3/turtlebot3_ws/install/custom_interface/lib/libcustom_interface__rosidl_generator_c.so" to ""
[4.227s] -- Up-to-date: /home/cmarrod3/turtlebot3_ws/install/custom_interface/include/custom_interface
[4.227s] -- Up-to-date: /home/cmarrod3/turtlebot3_ws/install/custom_interface/include/custom_interface/msg
[4.227s] -- Up-to-date: /home/cmarrod3/turtlebot3_ws/install/custom_interface/include/custom_interface/msg/detail
[4.227s] -- Installing: /home/cmarrod3/turtlebot3_ws/install/custom_interface/include/custom_interface/msg/detail/distvel__rosidl_typesupport_fastrtps_c.h
[4.227s] -- Installing: /home/cmarrod3/turtlebot3_ws/install/custom_interface/include/custom_interface/msg/rosidl_typesupport_fastrtps_c__visibility_control.h
[4.227s] -- Installing: /home/cmarrod3/turtlebot3_ws/install/custom_interface/lib/libcustom_interface__rosidl_typesupport_fastrtps_c.so
[4.227s] -- Set runtime path of "/home/cmarrod3/turtlebot3_ws/install/custom_interface/lib/libcustom_interface__rosidl_typesupport_fastrtps_c.so" to ""
[4.227s] -- Up-to-date: /home/cmarrod3/turtlebot3_ws/install/custom_interface/include/custom_interface
[4.227s] -- Up-to-date: /home/cmarrod3/turtlebot3_ws/install/custom_interface/include/custom_interface/msg
[4.227s] -- Up-to-date: /home/cmarrod3/turtlebot3_ws/install/custom_interface/include/custom_interface/msg/detail
[4.227s] -- Installing: /home/cmarrod3/turtlebot3_ws/install/custom_interface/include/custom_interface/msg/detail/distvel__rosidl_typesupport_fastrtps_cpp.hpp
[4.227s] -- Installing: /home/cmarrod3/turtlebot3_ws/install/custom_interface/include/custom_interface/msg/detail/dds_fastrtps
[4.227s] -- Installing: /home/cmarrod3/turtlebot3_ws/install/custom_interface/include/custom_interface/msg/rosidl_typesupport_fastrtps_cpp__visibility_control.h
[4.227s] -- Installing: /home/cmarrod3/turtlebot3_ws/install/custom_interface/lib/libcustom_interface__rosidl_typesupport_fastrtps_cpp.so
[4.228s] -- Set runtime path of "/home/cmarrod3/turtlebot3_ws/install/custom_interface/lib/libcustom_interface__rosidl_typesupport_fastrtps_cpp.so" to ""
[4.228s] -- Up-to-date: /home/cmarrod3/turtlebot3_ws/install/custom_interface/include/custom_interface
[4.228s] -- Up-to-date: /home/cmarrod3/turtlebot3_ws/install/custom_interface/include/custom_interface/msg
[4.228s] -- Up-to-date: /home/cmarrod3/turtlebot3_ws/install/custom_interface/include/custom_interface/msg/detail
[4.228s] -- Installing: /home/cmarrod3/turtlebot3_ws/install/custom_interface/include/custom_interface/msg/detail/distvel__type_support.c
[4.228s] -- Installing: /home/cmarrod3/turtlebot3_ws/install/custom_interface/include/custom_interface/msg/detail/distvel__rosidl_typesupport_introspection_c.h
[4.228s] -- Installing: /home/cmarrod3/turtlebot3_ws/install/custom_interface/include/custom_interface/msg/rosidl_typesupport_introspection_c__visibility_control.h
[4.228s] -- Installing: /home/cmarrod3/turtlebot3_ws/install/custom_interface/lib/libcustom_interface__rosidl_typesupport_introspection_c.so
[4.228s] -- Set runtime path of "/home/cmarrod3/turtlebot3_ws/install/custom_interface/lib/libcustom_interface__rosidl_typesupport_introspection_c.so" to ""
[4.229s] -- Installing: /home/cmarrod3/turtlebot3_ws/install/custom_interface/lib/libcustom_interface__rosidl_typesupport_c.so
[4.229s] -- Set runtime path of "/home/cmarrod3/turtlebot3_ws/install/custom_interface/lib/libcustom_interface__rosidl_typesupport_c.so" to ""
[4.229s] -- Up-to-date: /home/cmarrod3/turtlebot3_ws/install/custom_interface/include/custom_interface
[4.229s] -- Up-to-date: /home/cmarrod3/turtlebot3_ws/install/custom_interface/include/custom_interface/msg
[4.229s] -- Installing: /home/cmarrod3/turtlebot3_ws/install/custom_interface/include/custom_interface/msg/distvel.hpp
[4.229s] -- Up-to-date: /home/cmarrod3/turtlebot3_ws/install/custom_interface/include/custom_interface/msg/detail
[4.229s] -- Installing: /home/cmarrod3/turtlebot3_ws/install/custom_interface/include/custom_interface/msg/detail/distvel__struct.hpp
[4.229s] -- Installing: /home/cmarrod3/turtlebot3_ws/install/custom_interface/include/custom_interface/msg/detail/distvel__traits.hpp
[4.229s] -- Installing: /home/cmarrod3/turtlebot3_ws/install/custom_interface/include/custom_interface/msg/detail/distvel__builder.hpp
[4.229s] -- Up-to-date: /home/cmarrod3/turtlebot3_ws/install/custom_interface/include/custom_interface
[4.229s] -- Up-to-date: /home/cmarrod3/turtlebot3_ws/install/custom_interface/include/custom_interface/msg
[4.230s] -- Up-to-date: /home/cmarrod3/turtlebot3_ws/install/custom_interface/include/custom_interface/msg/detail
[4.230s] -- Installing: /home/cmarrod3/turtlebot3_ws/install/custom_interface/include/custom_interface/msg/detail/distvel__rosidl_typesupport_introspection_cpp.hpp
[4.230s] -- Installing: /home/cmarrod3/turtlebot3_ws/install/custom_interface/include/custom_interface/msg/detail/distvel__type_support.cpp
[4.230s] -- Installing: /home/cmarrod3/turtlebot3_ws/install/custom_interface/lib/libcustom_interface__rosidl_typesupport_introspection_cpp.so
[4.230s] -- Set runtime path of "/home/cmarrod3/turtlebot3_ws/install/custom_interface/lib/libcustom_interface__rosidl_typesupport_introspection_cpp.so" to ""
[4.230s] -- Installing: /home/cmarrod3/turtlebot3_ws/install/custom_interface/lib/libcustom_interface__rosidl_typesupport_cpp.so
[4.230s] -- Set runtime path of "/home/cmarrod3/turtlebot3_ws/install/custom_interface/lib/libcustom_interface__rosidl_typesupport_cpp.so" to ""
[4.230s] -- Installing: /home/cmarrod3/turtlebot3_ws/install/custom_interface/share/custom_interface/environment/pythonpath.sh
[4.231s] -- Installing: /home/cmarrod3/turtlebot3_ws/install/custom_interface/share/custom_interface/environment/pythonpath.dsv
[4.231s] -- Installing: /home/cmarrod3/turtlebot3_ws/install/custom_interface/lib/python3.8/site-packages/custom_interface/__init__.py
[4.261s] Compiling '/home/cmarrod3/turtlebot3_ws/install/custom_interface/lib/python3.8/site-packages/custom_interface/__init__.py'...
[4.263s] -- Installing: /home/cmarrod3/turtlebot3_ws/install/custom_interface/lib/python3.8/site-packages/custom_interface/msg
[4.263s] -- Installing: /home/cmarrod3/turtlebot3_ws/install/custom_interface/lib/python3.8/site-packages/custom_interface/msg/__init__.py
[4.263s] -- Installing: /home/cmarrod3/turtlebot3_ws/install/custom_interface/lib/python3.8/site-packages/custom_interface/msg/_distvel_s.c
[4.263s] -- Installing: /home/cmarrod3/turtlebot3_ws/install/custom_interface/lib/python3.8/site-packages/custom_interface/msg/_distvel.py
[4.263s] -- Installing: /home/cmarrod3/turtlebot3_ws/install/custom_interface/lib/python3.8/site-packages/custom_interface/custom_interface_s__rosidl_typesupport_fastrtps_c.cpython-38-x86_64-linux-gnu.so
[4.264s] -- Set runtime path of "/home/cmarrod3/turtlebot3_ws/install/custom_interface/lib/python3.8/site-packages/custom_interface/custom_interface_s__rosidl_typesupport_fastrtps_c.cpython-38-x86_64-linux-gnu.so" to ""
[4.265s] -- Installing: /home/cmarrod3/turtlebot3_ws/install/custom_interface/lib/python3.8/site-packages/custom_interface/custom_interface_s__rosidl_typesupport_introspection_c.cpython-38-x86_64-linux-gnu.so
[4.265s] -- Set runtime path of "/home/cmarrod3/turtlebot3_ws/install/custom_interface/lib/python3.8/site-packages/custom_interface/custom_interface_s__rosidl_typesupport_introspection_c.cpython-38-x86_64-linux-gnu.so" to ""
[4.266s] -- Installing: /home/cmarrod3/turtlebot3_ws/install/custom_interface/lib/python3.8/site-packages/custom_interface/custom_interface_s__rosidl_typesupport_c.cpython-38-x86_64-linux-gnu.so
[4.266s] -- Set runtime path of "/home/cmarrod3/turtlebot3_ws/install/custom_interface/lib/python3.8/site-packages/custom_interface/custom_interface_s__rosidl_typesupport_c.cpython-38-x86_64-linux-gnu.so" to ""
[4.266s] -- Installing: /home/cmarrod3/turtlebot3_ws/install/custom_interface/lib/libcustom_interface__python.so
[4.266s] -- Set runtime path of "/home/cmarrod3/turtlebot3_ws/install/custom_interface/lib/libcustom_interface__python.so" to ""
[4.266s] -- Installing: /home/cmarrod3/turtlebot3_ws/install/custom_interface/share/custom_interface/msg/Distvel.idl
[4.266s] -- Installing: /home/cmarrod3/turtlebot3_ws/install/custom_interface/share/custom_interface/msg/Distvel.msg
[4.266s] -- Installing: /home/cmarrod3/turtlebot3_ws/install/custom_interface/share/ament_index/resource_index/package_run_dependencies/custom_interface
[4.267s] -- Installing: /home/cmarrod3/turtlebot3_ws/install/custom_interface/share/ament_index/resource_index/parent_prefix_path/custom_interface
[4.267s] -- Installing: /home/cmarrod3/turtlebot3_ws/install/custom_interface/share/custom_interface/environment/ament_prefix_path.sh
[4.267s] -- Installing: /home/cmarrod3/turtlebot3_ws/install/custom_interface/share/custom_interface/environment/ament_prefix_path.dsv
[4.267s] -- Installing: /home/cmarrod3/turtlebot3_ws/install/custom_interface/share/custom_interface/environment/path.sh
[4.267s] -- Installing: /home/cmarrod3/turtlebot3_ws/install/custom_interface/share/custom_interface/environment/path.dsv
[4.267s] -- Installing: /home/cmarrod3/turtlebot3_ws/install/custom_interface/share/custom_interface/local_setup.bash
[4.267s] -- Installing: /home/cmarrod3/turtlebot3_ws/install/custom_interface/share/custom_interface/local_setup.sh
[4.267s] -- Installing: /home/cmarrod3/turtlebot3_ws/install/custom_interface/share/custom_interface/local_setup.zsh
[4.267s] -- Installing: /home/cmarrod3/turtlebot3_ws/install/custom_interface/share/custom_interface/local_setup.dsv
[4.267s] -- Installing: /home/cmarrod3/turtlebot3_ws/install/custom_interface/share/custom_interface/package.dsv
[4.267s] -- Installing: /home/cmarrod3/turtlebot3_ws/install/custom_interface/share/ament_index/resource_index/packages/custom_interface
[4.267s] -- Installing: /home/cmarrod3/turtlebot3_ws/install/custom_interface/share/custom_interface/cmake/custom_interface__rosidl_generator_cExport.cmake
[4.268s] -- Installing: /home/cmarrod3/turtlebot3_ws/install/custom_interface/share/custom_interface/cmake/custom_interface__rosidl_generator_cExport-noconfig.cmake
[4.268s] -- Installing: /home/cmarrod3/turtlebot3_ws/install/custom_interface/share/custom_interface/cmake/custom_interface__rosidl_typesupport_introspection_cExport.cmake
[4.268s] -- Installing: /home/cmarrod3/turtlebot3_ws/install/custom_interface/share/custom_interface/cmake/custom_interface__rosidl_typesupport_introspection_cExport-noconfig.cmake
[4.268s] -- Installing: /home/cmarrod3/turtlebot3_ws/install/custom_interface/share/custom_interface/cmake/custom_interface__rosidl_typesupport_cExport.cmake
[4.268s] -- Installing: /home/cmarrod3/turtlebot3_ws/install/custom_interface/share/custom_interface/cmake/custom_interface__rosidl_typesupport_cExport-noconfig.cmake
[4.269s] -- Installing: /home/cmarrod3/turtlebot3_ws/install/custom_interface/share/custom_interface/cmake/custom_interface__rosidl_generator_cppExport.cmake
[4.269s] -- Installing: /home/cmarrod3/turtlebot3_ws/install/custom_interface/share/custom_interface/cmake/custom_interface__rosidl_typesupport_introspection_cppExport.cmake
[4.269s] -- Installing: /home/cmarrod3/turtlebot3_ws/install/custom_interface/share/custom_interface/cmake/custom_interface__rosidl_typesupport_introspection_cppExport-noconfig.cmake
[4.269s] -- Installing: /home/cmarrod3/turtlebot3_ws/install/custom_interface/share/custom_interface/cmake/custom_interface__rosidl_typesupport_cppExport.cmake
[4.269s] -- Installing: /home/cmarrod3/turtlebot3_ws/install/custom_interface/share/custom_interface/cmake/custom_interface__rosidl_typesupport_cppExport-noconfig.cmake
[4.269s] -- Installing: /home/cmarrod3/turtlebot3_ws/install/custom_interface/share/custom_interface/cmake/rosidl_cmake-extras.cmake
[4.269s] -- Installing: /home/cmarrod3/turtlebot3_ws/install/custom_interface/share/custom_interface/cmake/ament_cmake_export_dependencies-extras.cmake
[4.269s] -- Installing: /home/cmarrod3/turtlebot3_ws/install/custom_interface/share/custom_interface/cmake/ament_cmake_export_libraries-extras.cmake
[4.270s] -- Installing: /home/cmarrod3/turtlebot3_ws/install/custom_interface/share/custom_interface/cmake/ament_cmake_export_targets-extras.cmake
[4.270s] -- Installing: /home/cmarrod3/turtlebot3_ws/install/custom_interface/share/custom_interface/cmake/ament_cmake_export_include_directories-extras.cmake
[4.270s] -- Installing: /home/cmarrod3/turtlebot3_ws/install/custom_interface/share/custom_interface/cmake/rosidl_cmake_export_typesupport_libraries-extras.cmake
[4.270s] -- Installing: /home/cmarrod3/turtlebot3_ws/install/custom_interface/share/custom_interface/cmake/rosidl_cmake_export_typesupport_targets-extras.cmake
[4.270s] -- Installing: /home/cmarrod3/turtlebot3_ws/install/custom_interface/share/custom_interface/cmake/custom_interfaceConfig.cmake
[4.270s] -- Installing: /home/cmarrod3/turtlebot3_ws/install/custom_interface/share/custom_interface/cmake/custom_interfaceConfig-version.cmake
[4.270s] -- Installing: /home/cmarrod3/turtlebot3_ws/install/custom_interface/share/custom_interface/package.xml
[4.272s] Invoked command in '/home/cmarrod3/turtlebot3_ws/build/custom_interface' returned '0': CMAKE_PREFIX_PATH=${CMAKE_PREFIX_PATH}:/home/cmarrod3/turtlebot3_ws/install/my_first_subscriber:/home/cmarrod3/turtlebot3_ws/install/my_first_publisher:/home/cmarrod3/turtlebot3_ws/install/my_first_node:/opt/ros/galactic /usr/bin/cmake --install /home/cmarrod3/turtlebot3_ws/build/custom_interface
