[2.000s] DEBUG:colcon:Command line arguments: ['/usr/bin/colcon', 'build', '--packages-select', 'turtlebot3_simulations']
[2.000s] DEBUG:colcon:Parsed command line arguments: Namespace(allow_overriding=[], ament_cmake_args=None, base_paths=['.'], build_base='build', catkin_cmake_args=None, catkin_skip_building_tests=False, cmake_args=None, cmake_clean_cache=False, cmake_clean_first=False, cmake_force_configure=False, cmake_target=None, cmake_target_skip_unavailable=False, continue_on_error=False, event_handlers=None, executor='parallel', ignore_user_meta=False, install_base='install', log_base=None, log_level=None, main=<bound method BuildVerb.main of <colcon_core.verb.build.BuildVerb object at 0x7f0a945ae4c0>>, merge_install=False, metas=['./colcon.meta'], packages_above=None, packages_above_and_dependencies=None, packages_above_depth=None, packages_end=None, packages_ignore=None, packages_ignore_regex=None, packages_select=['turtlebot3_simulations'], packages_select_build_failed=False, packages_select_by_dep=None, packages_select_regex=None, packages_select_test_failures=False, packages_skip=None, packages_skip_build_finished=False, packages_skip_by_dep=None, packages_skip_regex=None, packages_skip_test_passed=False, packages_skip_up_to=None, packages_start=None, packages_up_to=None, packages_up_to_regex=None, parallel_workers=4, paths=None, symlink_install=False, test_result_base=None, verb_extension=<colcon_core.verb.build.BuildVerb object at 0x7f0a945ae4c0>, verb_name='build', verb_parser=<colcon_defaults.argument_parser.defaults.DefaultArgumentsDecorator object at 0x7f0a945ae670>)
[2.114s] Level 1:colcon.colcon_core.package_discovery:discover_packages(colcon_meta) check parameters
[2.114s] Level 1:colcon.colcon_core.package_discovery:discover_packages(recursive) check parameters
[2.114s] Level 1:colcon.colcon_core.package_discovery:discover_packages(ignore) check parameters
[2.114s] Level 1:colcon.colcon_core.package_discovery:discover_packages(path) check parameters
[2.114s] Level 1:colcon.colcon_core.package_discovery:discover_packages(colcon_meta) discover
[2.114s] Level 1:colcon.colcon_core.package_discovery:discover_packages(recursive) discover
[2.114s] INFO:colcon.colcon_core.package_discovery:Crawling recursively for packages in '/home/dmpasgal/Clothy'
[2.114s] Level 1:colcon.colcon_core.package_identification:_identify(.) by extensions ['ignore', 'ignore_ament_install']
[2.114s] Level 1:colcon.colcon_core.package_identification:_identify(.) by extension 'ignore'
[2.114s] Level 1:colcon.colcon_core.package_identification:_identify(.) by extension 'ignore_ament_install'
[2.114s] Level 1:colcon.colcon_core.package_identification:_identify(.) by extensions ['colcon_pkg']
[2.114s] Level 1:colcon.colcon_core.package_identification:_identify(.) by extension 'colcon_pkg'
[2.114s] Level 1:colcon.colcon_core.package_identification:_identify(.) by extensions ['colcon_meta']
[2.114s] Level 1:colcon.colcon_core.package_identification:_identify(.) by extension 'colcon_meta'
[2.114s] Level 1:colcon.colcon_core.package_identification:_identify(.) by extensions ['ros']
[2.114s] Level 1:colcon.colcon_core.package_identification:_identify(.) by extension 'ros'
[2.130s] Level 1:colcon.colcon_core.package_identification:_identify(.) by extensions ['cmake', 'python']
[2.130s] Level 1:colcon.colcon_core.package_identification:_identify(.) by extension 'cmake'
[2.130s] Level 1:colcon.colcon_core.package_identification:_identify(.) by extension 'python'
[2.130s] Level 1:colcon.colcon_core.package_identification:_identify(.) by extensions ['python_setup_py']
[2.130s] Level 1:colcon.colcon_core.package_identification:_identify(.) by extension 'python_setup_py'
[2.131s] Level 1:colcon.colcon_core.package_identification:_identify(ROS) by extensions ['ignore', 'ignore_ament_install']
[2.131s] Level 1:colcon.colcon_core.package_identification:_identify(ROS) by extension 'ignore'
[2.131s] Level 1:colcon.colcon_core.package_identification:_identify(ROS) by extension 'ignore_ament_install'
[2.131s] Level 1:colcon.colcon_core.package_identification:_identify(ROS) by extensions ['colcon_pkg']
[2.131s] Level 1:colcon.colcon_core.package_identification:_identify(ROS) by extension 'colcon_pkg'
[2.131s] Level 1:colcon.colcon_core.package_identification:_identify(ROS) by extensions ['colcon_meta']
[2.131s] Level 1:colcon.colcon_core.package_identification:_identify(ROS) by extension 'colcon_meta'
[2.131s] Level 1:colcon.colcon_core.package_identification:_identify(ROS) by extensions ['ros']
[2.131s] Level 1:colcon.colcon_core.package_identification:_identify(ROS) by extension 'ros'
[2.131s] Level 1:colcon.colcon_core.package_identification:_identify(ROS) by extensions ['cmake', 'python']
[2.131s] Level 1:colcon.colcon_core.package_identification:_identify(ROS) by extension 'cmake'
[2.131s] Level 1:colcon.colcon_core.package_identification:_identify(ROS) by extension 'python'
[2.131s] Level 1:colcon.colcon_core.package_identification:_identify(ROS) by extensions ['python_setup_py']
[2.131s] Level 1:colcon.colcon_core.package_identification:_identify(ROS) by extension 'python_setup_py'
[2.132s] Level 1:colcon.colcon_core.package_identification:_identify(ROS/turtlebot3_ws) by extensions ['ignore', 'ignore_ament_install']
[2.132s] Level 1:colcon.colcon_core.package_identification:_identify(ROS/turtlebot3_ws) by extension 'ignore'
[2.132s] Level 1:colcon.colcon_core.package_identification:_identify(ROS/turtlebot3_ws) by extension 'ignore_ament_install'
[2.132s] Level 1:colcon.colcon_core.package_identification:_identify(ROS/turtlebot3_ws) by extensions ['colcon_pkg']
[2.132s] Level 1:colcon.colcon_core.package_identification:_identify(ROS/turtlebot3_ws) by extension 'colcon_pkg'
[2.132s] Level 1:colcon.colcon_core.package_identification:_identify(ROS/turtlebot3_ws) by extensions ['colcon_meta']
[2.132s] Level 1:colcon.colcon_core.package_identification:_identify(ROS/turtlebot3_ws) by extension 'colcon_meta'
[2.132s] Level 1:colcon.colcon_core.package_identification:_identify(ROS/turtlebot3_ws) by extensions ['ros']
[2.132s] Level 1:colcon.colcon_core.package_identification:_identify(ROS/turtlebot3_ws) by extension 'ros'
[2.132s] Level 1:colcon.colcon_core.package_identification:_identify(ROS/turtlebot3_ws) by extensions ['cmake', 'python']
[2.132s] Level 1:colcon.colcon_core.package_identification:_identify(ROS/turtlebot3_ws) by extension 'cmake'
[2.132s] Level 1:colcon.colcon_core.package_identification:_identify(ROS/turtlebot3_ws) by extension 'python'
[2.132s] Level 1:colcon.colcon_core.package_identification:_identify(ROS/turtlebot3_ws) by extensions ['python_setup_py']
[2.132s] Level 1:colcon.colcon_core.package_identification:_identify(ROS/turtlebot3_ws) by extension 'python_setup_py'
[2.133s] Level 1:colcon.colcon_core.package_identification:_identify(ROS/turtlebot3_ws/build) by extensions ['ignore', 'ignore_ament_install']
[2.133s] Level 1:colcon.colcon_core.package_identification:_identify(ROS/turtlebot3_ws/build) by extension 'ignore'
[2.133s] Level 1:colcon.colcon_core.package_identification:_identify(ROS/turtlebot3_ws/build) ignored
[2.133s] Level 1:colcon.colcon_core.package_identification:_identify(ROS/turtlebot3_ws/install) by extensions ['ignore', 'ignore_ament_install']
[2.133s] Level 1:colcon.colcon_core.package_identification:_identify(ROS/turtlebot3_ws/install) by extension 'ignore'
[2.133s] Level 1:colcon.colcon_core.package_identification:_identify(ROS/turtlebot3_ws/install) ignored
[2.134s] Level 1:colcon.colcon_core.package_identification:_identify(ROS/turtlebot3_ws/log) by extensions ['ignore', 'ignore_ament_install']
[2.134s] Level 1:colcon.colcon_core.package_identification:_identify(ROS/turtlebot3_ws/log) by extension 'ignore'
[2.134s] Level 1:colcon.colcon_core.package_identification:_identify(ROS/turtlebot3_ws/log) ignored
[2.134s] Level 1:colcon.colcon_core.package_identification:_identify(ROS/turtlebot3_ws/src) by extensions ['ignore', 'ignore_ament_install']
[2.135s] Level 1:colcon.colcon_core.package_identification:_identify(ROS/turtlebot3_ws/src) by extension 'ignore'
[2.135s] Level 1:colcon.colcon_core.package_identification:_identify(ROS/turtlebot3_ws/src) by extension 'ignore_ament_install'
[2.135s] Level 1:colcon.colcon_core.package_identification:_identify(ROS/turtlebot3_ws/src) by extensions ['colcon_pkg']
[2.135s] Level 1:colcon.colcon_core.package_identification:_identify(ROS/turtlebot3_ws/src) by extension 'colcon_pkg'
[2.135s] Level 1:colcon.colcon_core.package_identification:_identify(ROS/turtlebot3_ws/src) by extensions ['colcon_meta']
[2.135s] Level 1:colcon.colcon_core.package_identification:_identify(ROS/turtlebot3_ws/src) by extension 'colcon_meta'
[2.135s] Level 1:colcon.colcon_core.package_identification:_identify(ROS/turtlebot3_ws/src) by extensions ['ros']
[2.135s] Level 1:colcon.colcon_core.package_identification:_identify(ROS/turtlebot3_ws/src) by extension 'ros'
[2.135s] Level 1:colcon.colcon_core.package_identification:_identify(ROS/turtlebot3_ws/src) by extensions ['cmake', 'python']
[2.135s] Level 1:colcon.colcon_core.package_identification:_identify(ROS/turtlebot3_ws/src) by extension 'cmake'
[2.135s] Level 1:colcon.colcon_core.package_identification:_identify(ROS/turtlebot3_ws/src) by extension 'python'
[2.135s] Level 1:colcon.colcon_core.package_identification:_identify(ROS/turtlebot3_ws/src) by extensions ['python_setup_py']
[2.135s] Level 1:colcon.colcon_core.package_identification:_identify(ROS/turtlebot3_ws/src) by extension 'python_setup_py'
[2.135s] Level 1:colcon.colcon_core.package_identification:_identify(ROS/turtlebot3_ws/src/build) by extensions ['ignore', 'ignore_ament_install']
[2.135s] Level 1:colcon.colcon_core.package_identification:_identify(ROS/turtlebot3_ws/src/build) by extension 'ignore'
[2.135s] Level 1:colcon.colcon_core.package_identification:_identify(ROS/turtlebot3_ws/src/build) ignored
[2.136s] Level 1:colcon.colcon_core.package_identification:_identify(ROS/turtlebot3_ws/src/custom_interface) by extensions ['ignore', 'ignore_ament_install']
[2.136s] Level 1:colcon.colcon_core.package_identification:_identify(ROS/turtlebot3_ws/src/custom_interface) by extension 'ignore'
[2.136s] Level 1:colcon.colcon_core.package_identification:_identify(ROS/turtlebot3_ws/src/custom_interface) by extension 'ignore_ament_install'
[2.136s] Level 1:colcon.colcon_core.package_identification:_identify(ROS/turtlebot3_ws/src/custom_interface) by extensions ['colcon_pkg']
[2.136s] Level 1:colcon.colcon_core.package_identification:_identify(ROS/turtlebot3_ws/src/custom_interface) by extension 'colcon_pkg'
[2.136s] Level 1:colcon.colcon_core.package_identification:_identify(ROS/turtlebot3_ws/src/custom_interface) by extensions ['colcon_meta']
[2.136s] Level 1:colcon.colcon_core.package_identification:_identify(ROS/turtlebot3_ws/src/custom_interface) by extension 'colcon_meta'
[2.136s] Level 1:colcon.colcon_core.package_identification:_identify(ROS/turtlebot3_ws/src/custom_interface) by extensions ['ros']
[2.136s] Level 1:colcon.colcon_core.package_identification:_identify(ROS/turtlebot3_ws/src/custom_interface) by extension 'ros'
[2.140s] DEBUG:colcon.colcon_core.package_identification:Package 'ROS/turtlebot3_ws/src/custom_interface' with type 'ros.ament_cmake' and name 'custom_interface'
[2.141s] Level 1:colcon.colcon_core.package_identification:_identify(ROS/turtlebot3_ws/src/install) by extensions ['ignore', 'ignore_ament_install']
[2.141s] Level 1:colcon.colcon_core.package_identification:_identify(ROS/turtlebot3_ws/src/install) by extension 'ignore'
[2.141s] Level 1:colcon.colcon_core.package_identification:_identify(ROS/turtlebot3_ws/src/install) ignored
[2.141s] Level 1:colcon.colcon_core.package_identification:_identify(ROS/turtlebot3_ws/src/log) by extensions ['ignore', 'ignore_ament_install']
[2.141s] Level 1:colcon.colcon_core.package_identification:_identify(ROS/turtlebot3_ws/src/log) by extension 'ignore'
[2.141s] Level 1:colcon.colcon_core.package_identification:_identify(ROS/turtlebot3_ws/src/log) ignored
[2.142s] Level 1:colcon.colcon_core.package_identification:_identify(ROS/turtlebot3_ws/src/my_slam) by extensions ['ignore', 'ignore_ament_install']
[2.142s] Level 1:colcon.colcon_core.package_identification:_identify(ROS/turtlebot3_ws/src/my_slam) by extension 'ignore'
[2.142s] Level 1:colcon.colcon_core.package_identification:_identify(ROS/turtlebot3_ws/src/my_slam) by extension 'ignore_ament_install'
[2.142s] Level 1:colcon.colcon_core.package_identification:_identify(ROS/turtlebot3_ws/src/my_slam) by extensions ['colcon_pkg']
[2.142s] Level 1:colcon.colcon_core.package_identification:_identify(ROS/turtlebot3_ws/src/my_slam) by extension 'colcon_pkg'
[2.142s] Level 1:colcon.colcon_core.package_identification:_identify(ROS/turtlebot3_ws/src/my_slam) by extensions ['colcon_meta']
[2.142s] Level 1:colcon.colcon_core.package_identification:_identify(ROS/turtlebot3_ws/src/my_slam) by extension 'colcon_meta'
[2.142s] Level 1:colcon.colcon_core.package_identification:_identify(ROS/turtlebot3_ws/src/my_slam) by extensions ['ros']
[2.142s] Level 1:colcon.colcon_core.package_identification:_identify(ROS/turtlebot3_ws/src/my_slam) by extension 'ros'
[2.143s] DEBUG:colcon.colcon_core.package_identification:Package 'ROS/turtlebot3_ws/src/my_slam' with type 'ros.ament_python' and name 'my_slam'
[2.143s] Level 1:colcon.colcon_core.package_identification:_identify(ROS/turtlebot3_ws/src/my_world) by extensions ['ignore', 'ignore_ament_install']
[2.143s] Level 1:colcon.colcon_core.package_identification:_identify(ROS/turtlebot3_ws/src/my_world) by extension 'ignore'
[2.143s] Level 1:colcon.colcon_core.package_identification:_identify(ROS/turtlebot3_ws/src/my_world) by extension 'ignore_ament_install'
[2.143s] Level 1:colcon.colcon_core.package_identification:_identify(ROS/turtlebot3_ws/src/my_world) by extensions ['colcon_pkg']
[2.143s] Level 1:colcon.colcon_core.package_identification:_identify(ROS/turtlebot3_ws/src/my_world) by extension 'colcon_pkg'
[2.143s] Level 1:colcon.colcon_core.package_identification:_identify(ROS/turtlebot3_ws/src/my_world) by extensions ['colcon_meta']
[2.143s] Level 1:colcon.colcon_core.package_identification:_identify(ROS/turtlebot3_ws/src/my_world) by extension 'colcon_meta'
[2.143s] Level 1:colcon.colcon_core.package_identification:_identify(ROS/turtlebot3_ws/src/my_world) by extensions ['ros']
[2.144s] Level 1:colcon.colcon_core.package_identification:_identify(ROS/turtlebot3_ws/src/my_world) by extension 'ros'
[2.144s] DEBUG:colcon.colcon_core.package_identification:Package 'ROS/turtlebot3_ws/src/my_world' with type 'ros.ament_cmake' and name 'my_world'
[2.145s] Level 1:colcon.colcon_core.package_identification:_identify(ROS/turtlebot3_ws/src/provide_map) by extensions ['ignore', 'ignore_ament_install']
[2.145s] Level 1:colcon.colcon_core.package_identification:_identify(ROS/turtlebot3_ws/src/provide_map) by extension 'ignore'
[2.145s] Level 1:colcon.colcon_core.package_identification:_identify(ROS/turtlebot3_ws/src/provide_map) by extension 'ignore_ament_install'
[2.145s] Level 1:colcon.colcon_core.package_identification:_identify(ROS/turtlebot3_ws/src/provide_map) by extensions ['colcon_pkg']
[2.145s] Level 1:colcon.colcon_core.package_identification:_identify(ROS/turtlebot3_ws/src/provide_map) by extension 'colcon_pkg'
[2.145s] Level 1:colcon.colcon_core.package_identification:_identify(ROS/turtlebot3_ws/src/provide_map) by extensions ['colcon_meta']
[2.145s] Level 1:colcon.colcon_core.package_identification:_identify(ROS/turtlebot3_ws/src/provide_map) by extension 'colcon_meta'
[2.145s] Level 1:colcon.colcon_core.package_identification:_identify(ROS/turtlebot3_ws/src/provide_map) by extensions ['ros']
[2.145s] Level 1:colcon.colcon_core.package_identification:_identify(ROS/turtlebot3_ws/src/provide_map) by extension 'ros'
[2.146s] DEBUG:colcon.colcon_core.package_identification:Package 'ROS/turtlebot3_ws/src/provide_map' with type 'ros.ament_python' and name 'provide_map'
[2.146s] Level 1:colcon.colcon_core.package_identification:_identify(ROS/turtlebot3_ws/src/show_msg) by extensions ['ignore', 'ignore_ament_install']
[2.146s] Level 1:colcon.colcon_core.package_identification:_identify(ROS/turtlebot3_ws/src/show_msg) by extension 'ignore'
[2.146s] Level 1:colcon.colcon_core.package_identification:_identify(ROS/turtlebot3_ws/src/show_msg) by extension 'ignore_ament_install'
[2.146s] Level 1:colcon.colcon_core.package_identification:_identify(ROS/turtlebot3_ws/src/show_msg) by extensions ['colcon_pkg']
[2.146s] Level 1:colcon.colcon_core.package_identification:_identify(ROS/turtlebot3_ws/src/show_msg) by extension 'colcon_pkg'
[2.147s] Level 1:colcon.colcon_core.package_identification:_identify(ROS/turtlebot3_ws/src/show_msg) by extensions ['colcon_meta']
[2.147s] Level 1:colcon.colcon_core.package_identification:_identify(ROS/turtlebot3_ws/src/show_msg) by extension 'colcon_meta'
[2.147s] Level 1:colcon.colcon_core.package_identification:_identify(ROS/turtlebot3_ws/src/show_msg) by extensions ['ros']
[2.147s] Level 1:colcon.colcon_core.package_identification:_identify(ROS/turtlebot3_ws/src/show_msg) by extension 'ros'
[2.147s] DEBUG:colcon.colcon_core.package_identification:Package 'ROS/turtlebot3_ws/src/show_msg' with type 'ros.ament_python' and name 'show_msg'
[2.148s] Level 1:colcon.colcon_core.package_identification:_identify(ROS/turtlebot3_ws/src/turtlebot3_simulations) by extensions ['ignore', 'ignore_ament_install']
[2.148s] Level 1:colcon.colcon_core.package_identification:_identify(ROS/turtlebot3_ws/src/turtlebot3_simulations) by extension 'ignore'
[2.148s] Level 1:colcon.colcon_core.package_identification:_identify(ROS/turtlebot3_ws/src/turtlebot3_simulations) by extension 'ignore_ament_install'
[2.148s] Level 1:colcon.colcon_core.package_identification:_identify(ROS/turtlebot3_ws/src/turtlebot3_simulations) by extensions ['colcon_pkg']
[2.148s] Level 1:colcon.colcon_core.package_identification:_identify(ROS/turtlebot3_ws/src/turtlebot3_simulations) by extension 'colcon_pkg'
[2.148s] Level 1:colcon.colcon_core.package_identification:_identify(ROS/turtlebot3_ws/src/turtlebot3_simulations) by extensions ['colcon_meta']
[2.148s] Level 1:colcon.colcon_core.package_identification:_identify(ROS/turtlebot3_ws/src/turtlebot3_simulations) by extension 'colcon_meta'
[2.148s] Level 1:colcon.colcon_core.package_identification:_identify(ROS/turtlebot3_ws/src/turtlebot3_simulations) by extensions ['ros']
[2.148s] Level 1:colcon.colcon_core.package_identification:_identify(ROS/turtlebot3_ws/src/turtlebot3_simulations) by extension 'ros'
[2.148s] Level 1:colcon.colcon_core.package_identification:_identify(ROS/turtlebot3_ws/src/turtlebot3_simulations) by extensions ['cmake', 'python']
[2.148s] Level 1:colcon.colcon_core.package_identification:_identify(ROS/turtlebot3_ws/src/turtlebot3_simulations) by extension 'cmake'
[2.148s] Level 1:colcon.colcon_core.package_identification:_identify(ROS/turtlebot3_ws/src/turtlebot3_simulations) by extension 'python'
[2.148s] Level 1:colcon.colcon_core.package_identification:_identify(ROS/turtlebot3_ws/src/turtlebot3_simulations) by extensions ['python_setup_py']
[2.148s] Level 1:colcon.colcon_core.package_identification:_identify(ROS/turtlebot3_ws/src/turtlebot3_simulations) by extension 'python_setup_py'
[2.149s] Level 1:colcon.colcon_core.package_identification:_identify(ROS/turtlebot3_ws/src/turtlebot3_simulations/turtlebot3_fake_node) by extensions ['ignore', 'ignore_ament_install']
[2.149s] Level 1:colcon.colcon_core.package_identification:_identify(ROS/turtlebot3_ws/src/turtlebot3_simulations/turtlebot3_fake_node) by extension 'ignore'
[2.149s] Level 1:colcon.colcon_core.package_identification:_identify(ROS/turtlebot3_ws/src/turtlebot3_simulations/turtlebot3_fake_node) by extension 'ignore_ament_install'
[2.149s] Level 1:colcon.colcon_core.package_identification:_identify(ROS/turtlebot3_ws/src/turtlebot3_simulations/turtlebot3_fake_node) by extensions ['colcon_pkg']
[2.149s] Level 1:colcon.colcon_core.package_identification:_identify(ROS/turtlebot3_ws/src/turtlebot3_simulations/turtlebot3_fake_node) by extension 'colcon_pkg'
[2.149s] Level 1:colcon.colcon_core.package_identification:_identify(ROS/turtlebot3_ws/src/turtlebot3_simulations/turtlebot3_fake_node) by extensions ['colcon_meta']
[2.149s] Level 1:colcon.colcon_core.package_identification:_identify(ROS/turtlebot3_ws/src/turtlebot3_simulations/turtlebot3_fake_node) by extension 'colcon_meta'
[2.149s] Level 1:colcon.colcon_core.package_identification:_identify(ROS/turtlebot3_ws/src/turtlebot3_simulations/turtlebot3_fake_node) by extensions ['ros']
[2.149s] Level 1:colcon.colcon_core.package_identification:_identify(ROS/turtlebot3_ws/src/turtlebot3_simulations/turtlebot3_fake_node) by extension 'ros'
[2.150s] DEBUG:colcon.colcon_core.package_identification:Package 'ROS/turtlebot3_ws/src/turtlebot3_simulations/turtlebot3_fake_node' with type 'ros.ament_cmake' and name 'turtlebot3_fake_node'
[2.151s] Level 1:colcon.colcon_core.package_identification:_identify(ROS/turtlebot3_ws/src/turtlebot3_simulations/turtlebot3_gazebo) by extensions ['ignore', 'ignore_ament_install']
[2.151s] Level 1:colcon.colcon_core.package_identification:_identify(ROS/turtlebot3_ws/src/turtlebot3_simulations/turtlebot3_gazebo) by extension 'ignore'
[2.151s] Level 1:colcon.colcon_core.package_identification:_identify(ROS/turtlebot3_ws/src/turtlebot3_simulations/turtlebot3_gazebo) by extension 'ignore_ament_install'
[2.151s] Level 1:colcon.colcon_core.package_identification:_identify(ROS/turtlebot3_ws/src/turtlebot3_simulations/turtlebot3_gazebo) by extensions ['colcon_pkg']
[2.151s] Level 1:colcon.colcon_core.package_identification:_identify(ROS/turtlebot3_ws/src/turtlebot3_simulations/turtlebot3_gazebo) by extension 'colcon_pkg'
[2.151s] Level 1:colcon.colcon_core.package_identification:_identify(ROS/turtlebot3_ws/src/turtlebot3_simulations/turtlebot3_gazebo) by extensions ['colcon_meta']
[2.151s] Level 1:colcon.colcon_core.package_identification:_identify(ROS/turtlebot3_ws/src/turtlebot3_simulations/turtlebot3_gazebo) by extension 'colcon_meta'
[2.151s] Level 1:colcon.colcon_core.package_identification:_identify(ROS/turtlebot3_ws/src/turtlebot3_simulations/turtlebot3_gazebo) by extensions ['ros']
[2.151s] Level 1:colcon.colcon_core.package_identification:_identify(ROS/turtlebot3_ws/src/turtlebot3_simulations/turtlebot3_gazebo) by extension 'ros'
[2.152s] DEBUG:colcon.colcon_core.package_identification:Package 'ROS/turtlebot3_ws/src/turtlebot3_simulations/turtlebot3_gazebo' with type 'ros.ament_cmake' and name 'turtlebot3_gazebo'
[2.152s] Level 1:colcon.colcon_core.package_identification:_identify(ROS/turtlebot3_ws/src/turtlebot3_simulations/turtlebot3_simulations) by extensions ['ignore', 'ignore_ament_install']
[2.152s] Level 1:colcon.colcon_core.package_identification:_identify(ROS/turtlebot3_ws/src/turtlebot3_simulations/turtlebot3_simulations) by extension 'ignore'
[2.152s] Level 1:colcon.colcon_core.package_identification:_identify(ROS/turtlebot3_ws/src/turtlebot3_simulations/turtlebot3_simulations) by extension 'ignore_ament_install'
[2.153s] Level 1:colcon.colcon_core.package_identification:_identify(ROS/turtlebot3_ws/src/turtlebot3_simulations/turtlebot3_simulations) by extensions ['colcon_pkg']
[2.153s] Level 1:colcon.colcon_core.package_identification:_identify(ROS/turtlebot3_ws/src/turtlebot3_simulations/turtlebot3_simulations) by extension 'colcon_pkg'
[2.153s] Level 1:colcon.colcon_core.package_identification:_identify(ROS/turtlebot3_ws/src/turtlebot3_simulations/turtlebot3_simulations) by extensions ['colcon_meta']
[2.153s] Level 1:colcon.colcon_core.package_identification:_identify(ROS/turtlebot3_ws/src/turtlebot3_simulations/turtlebot3_simulations) by extension 'colcon_meta'
[2.153s] Level 1:colcon.colcon_core.package_identification:_identify(ROS/turtlebot3_ws/src/turtlebot3_simulations/turtlebot3_simulations) by extensions ['ros']
[2.153s] Level 1:colcon.colcon_core.package_identification:_identify(ROS/turtlebot3_ws/src/turtlebot3_simulations/turtlebot3_simulations) by extension 'ros'
[2.153s] DEBUG:colcon.colcon_core.package_identification:Package 'ROS/turtlebot3_ws/src/turtlebot3_simulations/turtlebot3_simulations' with type 'ros.ament_cmake' and name 'turtlebot3_simulations'
[2.154s] Level 1:colcon.colcon_core.package_identification:_identify(WEB) by extensions ['ignore', 'ignore_ament_install']
[2.154s] Level 1:colcon.colcon_core.package_identification:_identify(WEB) by extension 'ignore'
[2.154s] Level 1:colcon.colcon_core.package_identification:_identify(WEB) by extension 'ignore_ament_install'
[2.154s] Level 1:colcon.colcon_core.package_identification:_identify(WEB) by extensions ['colcon_pkg']
[2.154s] Level 1:colcon.colcon_core.package_identification:_identify(WEB) by extension 'colcon_pkg'
[2.154s] Level 1:colcon.colcon_core.package_identification:_identify(WEB) by extensions ['colcon_meta']
[2.154s] Level 1:colcon.colcon_core.package_identification:_identify(WEB) by extension 'colcon_meta'
[2.154s] Level 1:colcon.colcon_core.package_identification:_identify(WEB) by extensions ['ros']
[2.154s] Level 1:colcon.colcon_core.package_identification:_identify(WEB) by extension 'ros'
[2.154s] Level 1:colcon.colcon_core.package_identification:_identify(WEB) by extensions ['cmake', 'python']
[2.154s] Level 1:colcon.colcon_core.package_identification:_identify(WEB) by extension 'cmake'
[2.154s] Level 1:colcon.colcon_core.package_identification:_identify(WEB) by extension 'python'
[2.154s] Level 1:colcon.colcon_core.package_identification:_identify(WEB) by extensions ['python_setup_py']
[2.154s] Level 1:colcon.colcon_core.package_identification:_identify(WEB) by extension 'python_setup_py'
[2.155s] Level 1:colcon.colcon_core.package_identification:_identify(WEB/src) by extensions ['ignore', 'ignore_ament_install']
[2.155s] Level 1:colcon.colcon_core.package_identification:_identify(WEB/src) by extension 'ignore'
[2.155s] Level 1:colcon.colcon_core.package_identification:_identify(WEB/src) by extension 'ignore_ament_install'
[2.155s] Level 1:colcon.colcon_core.package_identification:_identify(WEB/src) by extensions ['colcon_pkg']
[2.155s] Level 1:colcon.colcon_core.package_identification:_identify(WEB/src) by extension 'colcon_pkg'
[2.155s] Level 1:colcon.colcon_core.package_identification:_identify(WEB/src) by extensions ['colcon_meta']
[2.155s] Level 1:colcon.colcon_core.package_identification:_identify(WEB/src) by extension 'colcon_meta'
[2.155s] Level 1:colcon.colcon_core.package_identification:_identify(WEB/src) by extensions ['ros']
[2.155s] Level 1:colcon.colcon_core.package_identification:_identify(WEB/src) by extension 'ros'
[2.155s] Level 1:colcon.colcon_core.package_identification:_identify(WEB/src) by extensions ['cmake', 'python']
[2.155s] Level 1:colcon.colcon_core.package_identification:_identify(WEB/src) by extension 'cmake'
[2.155s] Level 1:colcon.colcon_core.package_identification:_identify(WEB/src) by extension 'python'
[2.155s] Level 1:colcon.colcon_core.package_identification:_identify(WEB/src) by extensions ['python_setup_py']
[2.155s] Level 1:colcon.colcon_core.package_identification:_identify(WEB/src) by extension 'python_setup_py'
[2.156s] Level 1:colcon.colcon_core.package_identification:_identify(WEB/src/assets) by extensions ['ignore', 'ignore_ament_install']
[2.156s] Level 1:colcon.colcon_core.package_identification:_identify(WEB/src/assets) by extension 'ignore'
[2.156s] Level 1:colcon.colcon_core.package_identification:_identify(WEB/src/assets) by extension 'ignore_ament_install'
[2.156s] Level 1:colcon.colcon_core.package_identification:_identify(WEB/src/assets) by extensions ['colcon_pkg']
[2.156s] Level 1:colcon.colcon_core.package_identification:_identify(WEB/src/assets) by extension 'colcon_pkg'
[2.156s] Level 1:colcon.colcon_core.package_identification:_identify(WEB/src/assets) by extensions ['colcon_meta']
[2.156s] Level 1:colcon.colcon_core.package_identification:_identify(WEB/src/assets) by extension 'colcon_meta'
[2.156s] Level 1:colcon.colcon_core.package_identification:_identify(WEB/src/assets) by extensions ['ros']
[2.156s] Level 1:colcon.colcon_core.package_identification:_identify(WEB/src/assets) by extension 'ros'
[2.156s] Level 1:colcon.colcon_core.package_identification:_identify(WEB/src/assets) by extensions ['cmake', 'python']
[2.156s] Level 1:colcon.colcon_core.package_identification:_identify(WEB/src/assets) by extension 'cmake'
[2.157s] Level 1:colcon.colcon_core.package_identification:_identify(WEB/src/assets) by extension 'python'
[2.157s] Level 1:colcon.colcon_core.package_identification:_identify(WEB/src/assets) by extensions ['python_setup_py']
[2.157s] Level 1:colcon.colcon_core.package_identification:_identify(WEB/src/assets) by extension 'python_setup_py'
[2.157s] Level 1:colcon.colcon_core.package_identification:_identify(WEB/src/assets/fondos) by extensions ['ignore', 'ignore_ament_install']
[2.157s] Level 1:colcon.colcon_core.package_identification:_identify(WEB/src/assets/fondos) by extension 'ignore'
[2.157s] Level 1:colcon.colcon_core.package_identification:_identify(WEB/src/assets/fondos) by extension 'ignore_ament_install'
[2.157s] Level 1:colcon.colcon_core.package_identification:_identify(WEB/src/assets/fondos) by extensions ['colcon_pkg']
[2.157s] Level 1:colcon.colcon_core.package_identification:_identify(WEB/src/assets/fondos) by extension 'colcon_pkg'
[2.157s] Level 1:colcon.colcon_core.package_identification:_identify(WEB/src/assets/fondos) by extensions ['colcon_meta']
[2.157s] Level 1:colcon.colcon_core.package_identification:_identify(WEB/src/assets/fondos) by extension 'colcon_meta'
[2.157s] Level 1:colcon.colcon_core.package_identification:_identify(WEB/src/assets/fondos) by extensions ['ros']
[2.157s] Level 1:colcon.colcon_core.package_identification:_identify(WEB/src/assets/fondos) by extension 'ros'
[2.157s] Level 1:colcon.colcon_core.package_identification:_identify(WEB/src/assets/fondos) by extensions ['cmake', 'python']
[2.157s] Level 1:colcon.colcon_core.package_identification:_identify(WEB/src/assets/fondos) by extension 'cmake'
[2.157s] Level 1:colcon.colcon_core.package_identification:_identify(WEB/src/assets/fondos) by extension 'python'
[2.157s] Level 1:colcon.colcon_core.package_identification:_identify(WEB/src/assets/fondos) by extensions ['python_setup_py']
[2.157s] Level 1:colcon.colcon_core.package_identification:_identify(WEB/src/assets/fondos) by extension 'python_setup_py'
[2.158s] Level 1:colcon.colcon_core.package_identification:_identify(WEB/src/assets/ropa) by extensions ['ignore', 'ignore_ament_install']
[2.158s] Level 1:colcon.colcon_core.package_identification:_identify(WEB/src/assets/ropa) by extension 'ignore'
[2.158s] Level 1:colcon.colcon_core.package_identification:_identify(WEB/src/assets/ropa) by extension 'ignore_ament_install'
[2.158s] Level 1:colcon.colcon_core.package_identification:_identify(WEB/src/assets/ropa) by extensions ['colcon_pkg']
[2.158s] Level 1:colcon.colcon_core.package_identification:_identify(WEB/src/assets/ropa) by extension 'colcon_pkg'
[2.158s] Level 1:colcon.colcon_core.package_identification:_identify(WEB/src/assets/ropa) by extensions ['colcon_meta']
[2.158s] Level 1:colcon.colcon_core.package_identification:_identify(WEB/src/assets/ropa) by extension 'colcon_meta'
[2.158s] Level 1:colcon.colcon_core.package_identification:_identify(WEB/src/assets/ropa) by extensions ['ros']
[2.158s] Level 1:colcon.colcon_core.package_identification:_identify(WEB/src/assets/ropa) by extension 'ros'
[2.158s] Level 1:colcon.colcon_core.package_identification:_identify(WEB/src/assets/ropa) by extensions ['cmake', 'python']
[2.158s] Level 1:colcon.colcon_core.package_identification:_identify(WEB/src/assets/ropa) by extension 'cmake'
[2.158s] Level 1:colcon.colcon_core.package_identification:_identify(WEB/src/assets/ropa) by extension 'python'
[2.158s] Level 1:colcon.colcon_core.package_identification:_identify(WEB/src/assets/ropa) by extensions ['python_setup_py']
[2.158s] Level 1:colcon.colcon_core.package_identification:_identify(WEB/src/assets/ropa) by extension 'python_setup_py'
[2.159s] Level 1:colcon.colcon_core.package_identification:_identify(WEB/src/assets/ropa/pantalones) by extensions ['ignore', 'ignore_ament_install']
[2.159s] Level 1:colcon.colcon_core.package_identification:_identify(WEB/src/assets/ropa/pantalones) by extension 'ignore'
[2.159s] Level 1:colcon.colcon_core.package_identification:_identify(WEB/src/assets/ropa/pantalones) by extension 'ignore_ament_install'
[2.159s] Level 1:colcon.colcon_core.package_identification:_identify(WEB/src/assets/ropa/pantalones) by extensions ['colcon_pkg']
[2.159s] Level 1:colcon.colcon_core.package_identification:_identify(WEB/src/assets/ropa/pantalones) by extension 'colcon_pkg'
[2.159s] Level 1:colcon.colcon_core.package_identification:_identify(WEB/src/assets/ropa/pantalones) by extensions ['colcon_meta']
[2.159s] Level 1:colcon.colcon_core.package_identification:_identify(WEB/src/assets/ropa/pantalones) by extension 'colcon_meta'
[2.159s] Level 1:colcon.colcon_core.package_identification:_identify(WEB/src/assets/ropa/pantalones) by extensions ['ros']
[2.159s] Level 1:colcon.colcon_core.package_identification:_identify(WEB/src/assets/ropa/pantalones) by extension 'ros'
[2.159s] Level 1:colcon.colcon_core.package_identification:_identify(WEB/src/assets/ropa/pantalones) by extensions ['cmake', 'python']
[2.159s] Level 1:colcon.colcon_core.package_identification:_identify(WEB/src/assets/ropa/pantalones) by extension 'cmake'
[2.159s] Level 1:colcon.colcon_core.package_identification:_identify(WEB/src/assets/ropa/pantalones) by extension 'python'
[2.159s] Level 1:colcon.colcon_core.package_identification:_identify(WEB/src/assets/ropa/pantalones) by extensions ['python_setup_py']
[2.159s] Level 1:colcon.colcon_core.package_identification:_identify(WEB/src/assets/ropa/pantalones) by extension 'python_setup_py'
[2.160s] Level 1:colcon.colcon_core.package_identification:_identify(WEB/src/assets/ropa/sudaderas) by extensions ['ignore', 'ignore_ament_install']
[2.160s] Level 1:colcon.colcon_core.package_identification:_identify(WEB/src/assets/ropa/sudaderas) by extension 'ignore'
[2.160s] Level 1:colcon.colcon_core.package_identification:_identify(WEB/src/assets/ropa/sudaderas) by extension 'ignore_ament_install'
[2.160s] Level 1:colcon.colcon_core.package_identification:_identify(WEB/src/assets/ropa/sudaderas) by extensions ['colcon_pkg']
[2.160s] Level 1:colcon.colcon_core.package_identification:_identify(WEB/src/assets/ropa/sudaderas) by extension 'colcon_pkg'
[2.160s] Level 1:colcon.colcon_core.package_identification:_identify(WEB/src/assets/ropa/sudaderas) by extensions ['colcon_meta']
[2.160s] Level 1:colcon.colcon_core.package_identification:_identify(WEB/src/assets/ropa/sudaderas) by extension 'colcon_meta'
[2.160s] Level 1:colcon.colcon_core.package_identification:_identify(WEB/src/assets/ropa/sudaderas) by extensions ['ros']
[2.160s] Level 1:colcon.colcon_core.package_identification:_identify(WEB/src/assets/ropa/sudaderas) by extension 'ros'
[2.160s] Level 1:colcon.colcon_core.package_identification:_identify(WEB/src/assets/ropa/sudaderas) by extensions ['cmake', 'python']
[2.160s] Level 1:colcon.colcon_core.package_identification:_identify(WEB/src/assets/ropa/sudaderas) by extension 'cmake'
[2.160s] Level 1:colcon.colcon_core.package_identification:_identify(WEB/src/assets/ropa/sudaderas) by extension 'python'
[2.160s] Level 1:colcon.colcon_core.package_identification:_identify(WEB/src/assets/ropa/sudaderas) by extensions ['python_setup_py']
[2.160s] Level 1:colcon.colcon_core.package_identification:_identify(WEB/src/assets/ropa/sudaderas) by extension 'python_setup_py'
[2.160s] Level 1:colcon.colcon_core.package_identification:_identify(WEB/src/css) by extensions ['ignore', 'ignore_ament_install']
[2.160s] Level 1:colcon.colcon_core.package_identification:_identify(WEB/src/css) by extension 'ignore'
[2.160s] Level 1:colcon.colcon_core.package_identification:_identify(WEB/src/css) by extension 'ignore_ament_install'
[2.160s] Level 1:colcon.colcon_core.package_identification:_identify(WEB/src/css) by extensions ['colcon_pkg']
[2.160s] Level 1:colcon.colcon_core.package_identification:_identify(WEB/src/css) by extension 'colcon_pkg'
[2.161s] Level 1:colcon.colcon_core.package_identification:_identify(WEB/src/css) by extensions ['colcon_meta']
[2.161s] Level 1:colcon.colcon_core.package_identification:_identify(WEB/src/css) by extension 'colcon_meta'
[2.161s] Level 1:colcon.colcon_core.package_identification:_identify(WEB/src/css) by extensions ['ros']
[2.161s] Level 1:colcon.colcon_core.package_identification:_identify(WEB/src/css) by extension 'ros'
[2.161s] Level 1:colcon.colcon_core.package_identification:_identify(WEB/src/css) by extensions ['cmake', 'python']
[2.161s] Level 1:colcon.colcon_core.package_identification:_identify(WEB/src/css) by extension 'cmake'
[2.161s] Level 1:colcon.colcon_core.package_identification:_identify(WEB/src/css) by extension 'python'
[2.161s] Level 1:colcon.colcon_core.package_identification:_identify(WEB/src/css) by extensions ['python_setup_py']
[2.161s] Level 1:colcon.colcon_core.package_identification:_identify(WEB/src/css) by extension 'python_setup_py'
[2.161s] Level 1:colcon.colcon_core.package_identification:_identify(WEB/src/html) by extensions ['ignore', 'ignore_ament_install']
[2.161s] Level 1:colcon.colcon_core.package_identification:_identify(WEB/src/html) by extension 'ignore'
[2.161s] Level 1:colcon.colcon_core.package_identification:_identify(WEB/src/html) by extension 'ignore_ament_install'
[2.161s] Level 1:colcon.colcon_core.package_identification:_identify(WEB/src/html) by extensions ['colcon_pkg']
[2.161s] Level 1:colcon.colcon_core.package_identification:_identify(WEB/src/html) by extension 'colcon_pkg'
[2.161s] Level 1:colcon.colcon_core.package_identification:_identify(WEB/src/html) by extensions ['colcon_meta']
[2.161s] Level 1:colcon.colcon_core.package_identification:_identify(WEB/src/html) by extension 'colcon_meta'
[2.161s] Level 1:colcon.colcon_core.package_identification:_identify(WEB/src/html) by extensions ['ros']
[2.161s] Level 1:colcon.colcon_core.package_identification:_identify(WEB/src/html) by extension 'ros'
[2.161s] Level 1:colcon.colcon_core.package_identification:_identify(WEB/src/html) by extensions ['cmake', 'python']
[2.161s] Level 1:colcon.colcon_core.package_identification:_identify(WEB/src/html) by extension 'cmake'
[2.161s] Level 1:colcon.colcon_core.package_identification:_identify(WEB/src/html) by extension 'python'
[2.161s] Level 1:colcon.colcon_core.package_identification:_identify(WEB/src/html) by extensions ['python_setup_py']
[2.161s] Level 1:colcon.colcon_core.package_identification:_identify(WEB/src/html) by extension 'python_setup_py'
[2.162s] Level 1:colcon.colcon_core.package_identification:_identify(WEB/src/js) by extensions ['ignore', 'ignore_ament_install']
[2.162s] Level 1:colcon.colcon_core.package_identification:_identify(WEB/src/js) by extension 'ignore'
[2.162s] Level 1:colcon.colcon_core.package_identification:_identify(WEB/src/js) by extension 'ignore_ament_install'
[2.162s] Level 1:colcon.colcon_core.package_identification:_identify(WEB/src/js) by extensions ['colcon_pkg']
[2.162s] Level 1:colcon.colcon_core.package_identification:_identify(WEB/src/js) by extension 'colcon_pkg'
[2.162s] Level 1:colcon.colcon_core.package_identification:_identify(WEB/src/js) by extensions ['colcon_meta']
[2.162s] Level 1:colcon.colcon_core.package_identification:_identify(WEB/src/js) by extension 'colcon_meta'
[2.162s] Level 1:colcon.colcon_core.package_identification:_identify(WEB/src/js) by extensions ['ros']
[2.163s] Level 1:colcon.colcon_core.package_identification:_identify(WEB/src/js) by extension 'ros'
[2.163s] Level 1:colcon.colcon_core.package_identification:_identify(WEB/src/js) by extensions ['cmake', 'python']
[2.163s] Level 1:colcon.colcon_core.package_identification:_identify(WEB/src/js) by extension 'cmake'
[2.163s] Level 1:colcon.colcon_core.package_identification:_identify(WEB/src/js) by extension 'python'
[2.163s] Level 1:colcon.colcon_core.package_identification:_identify(WEB/src/js) by extensions ['python_setup_py']
[2.163s] Level 1:colcon.colcon_core.package_identification:_identify(WEB/src/js) by extension 'python_setup_py'
[2.163s] Level 1:colcon.colcon_core.package_identification:_identify(WEB/src/mover) by extensions ['ignore', 'ignore_ament_install']
[2.163s] Level 1:colcon.colcon_core.package_identification:_identify(WEB/src/mover) by extension 'ignore'
[2.163s] Level 1:colcon.colcon_core.package_identification:_identify(WEB/src/mover) by extension 'ignore_ament_install'
[2.163s] Level 1:colcon.colcon_core.package_identification:_identify(WEB/src/mover) by extensions ['colcon_pkg']
[2.163s] Level 1:colcon.colcon_core.package_identification:_identify(WEB/src/mover) by extension 'colcon_pkg'
[2.163s] Level 1:colcon.colcon_core.package_identification:_identify(WEB/src/mover) by extensions ['colcon_meta']
[2.163s] Level 1:colcon.colcon_core.package_identification:_identify(WEB/src/mover) by extension 'colcon_meta'
[2.163s] Level 1:colcon.colcon_core.package_identification:_identify(WEB/src/mover) by extensions ['ros']
[2.163s] Level 1:colcon.colcon_core.package_identification:_identify(WEB/src/mover) by extension 'ros'
[2.163s] Level 1:colcon.colcon_core.package_identification:_identify(WEB/src/mover) by extensions ['cmake', 'python']
[2.164s] Level 1:colcon.colcon_core.package_identification:_identify(WEB/src/mover) by extension 'cmake'
[2.164s] Level 1:colcon.colcon_core.package_identification:_identify(WEB/src/mover) by extension 'python'
[2.164s] Level 1:colcon.colcon_core.package_identification:_identify(WEB/src/mover) by extensions ['python_setup_py']
[2.164s] Level 1:colcon.colcon_core.package_identification:_identify(WEB/src/mover) by extension 'python_setup_py'
[2.164s] Level 1:colcon.colcon_core.package_identification:_identify(build) by extensions ['ignore', 'ignore_ament_install']
[2.164s] Level 1:colcon.colcon_core.package_identification:_identify(build) by extension 'ignore'
[2.164s] Level 1:colcon.colcon_core.package_identification:_identify(build) ignored
[2.164s] Level 1:colcon.colcon_core.package_identification:_identify(docs) by extensions ['ignore', 'ignore_ament_install']
[2.164s] Level 1:colcon.colcon_core.package_identification:_identify(docs) by extension 'ignore'
[2.164s] Level 1:colcon.colcon_core.package_identification:_identify(docs) by extension 'ignore_ament_install'
[2.164s] Level 1:colcon.colcon_core.package_identification:_identify(docs) by extensions ['colcon_pkg']
[2.164s] Level 1:colcon.colcon_core.package_identification:_identify(docs) by extension 'colcon_pkg'
[2.164s] Level 1:colcon.colcon_core.package_identification:_identify(docs) by extensions ['colcon_meta']
[2.164s] Level 1:colcon.colcon_core.package_identification:_identify(docs) by extension 'colcon_meta'
[2.165s] Level 1:colcon.colcon_core.package_identification:_identify(docs) by extensions ['ros']
[2.165s] Level 1:colcon.colcon_core.package_identification:_identify(docs) by extension 'ros'
[2.165s] Level 1:colcon.colcon_core.package_identification:_identify(docs) by extensions ['cmake', 'python']
[2.165s] Level 1:colcon.colcon_core.package_identification:_identify(docs) by extension 'cmake'
[2.165s] Level 1:colcon.colcon_core.package_identification:_identify(docs) by extension 'python'
[2.165s] Level 1:colcon.colcon_core.package_identification:_identify(docs) by extensions ['python_setup_py']
[2.165s] Level 1:colcon.colcon_core.package_identification:_identify(docs) by extension 'python_setup_py'
[2.165s] Level 1:colcon.colcon_core.package_identification:_identify(docs/diseños) by extensions ['ignore', 'ignore_ament_install']
[2.165s] Level 1:colcon.colcon_core.package_identification:_identify(docs/diseños) by extension 'ignore'
[2.165s] Level 1:colcon.colcon_core.package_identification:_identify(docs/diseños) by extension 'ignore_ament_install'
[2.165s] Level 1:colcon.colcon_core.package_identification:_identify(docs/diseños) by extensions ['colcon_pkg']
[2.165s] Level 1:colcon.colcon_core.package_identification:_identify(docs/diseños) by extension 'colcon_pkg'
[2.165s] Level 1:colcon.colcon_core.package_identification:_identify(docs/diseños) by extensions ['colcon_meta']
[2.165s] Level 1:colcon.colcon_core.package_identification:_identify(docs/diseños) by extension 'colcon_meta'
[2.165s] Level 1:colcon.colcon_core.package_identification:_identify(docs/diseños) by extensions ['ros']
[2.165s] Level 1:colcon.colcon_core.package_identification:_identify(docs/diseños) by extension 'ros'
[2.166s] Level 1:colcon.colcon_core.package_identification:_identify(docs/diseños) by extensions ['cmake', 'python']
[2.166s] Level 1:colcon.colcon_core.package_identification:_identify(docs/diseños) by extension 'cmake'
[2.166s] Level 1:colcon.colcon_core.package_identification:_identify(docs/diseños) by extension 'python'
[2.166s] Level 1:colcon.colcon_core.package_identification:_identify(docs/diseños) by extensions ['python_setup_py']
[2.166s] Level 1:colcon.colcon_core.package_identification:_identify(docs/diseños) by extension 'python_setup_py'
[2.166s] Level 1:colcon.colcon_core.package_identification:_identify(install) by extensions ['ignore', 'ignore_ament_install']
[2.166s] Level 1:colcon.colcon_core.package_identification:_identify(install) by extension 'ignore'
[2.166s] Level 1:colcon.colcon_core.package_identification:_identify(install) ignored
[2.166s] Level 1:colcon.colcon_core.package_identification:_identify(log) by extensions ['ignore', 'ignore_ament_install']
[2.166s] Level 1:colcon.colcon_core.package_identification:_identify(log) by extension 'ignore'
[2.166s] Level 1:colcon.colcon_core.package_identification:_identify(log) ignored
[2.166s] Level 1:colcon.colcon_core.package_discovery:discover_packages(recursive) using defaults
[2.166s] Level 1:colcon.colcon_core.package_discovery:discover_packages(ignore) discover
[2.166s] Level 1:colcon.colcon_core.package_discovery:discover_packages(ignore) using defaults
[2.166s] Level 1:colcon.colcon_core.package_discovery:discover_packages(path) discover
[2.166s] Level 1:colcon.colcon_core.package_discovery:discover_packages(path) using defaults
[2.272s] INFO:colcon.colcon_core.package_selection:Skipping not selected package 'custom_interface' in 'ROS/turtlebot3_ws/src/custom_interface'
[2.272s] INFO:colcon.colcon_core.package_selection:Skipping not selected package 'my_slam' in 'ROS/turtlebot3_ws/src/my_slam'
[2.272s] INFO:colcon.colcon_core.package_selection:Skipping not selected package 'provide_map' in 'ROS/turtlebot3_ws/src/provide_map'
[2.272s] INFO:colcon.colcon_core.package_selection:Skipping not selected package 'turtlebot3_fake_node' in 'ROS/turtlebot3_ws/src/turtlebot3_simulations/turtlebot3_fake_node'
[2.272s] INFO:colcon.colcon_core.package_selection:Skipping not selected package 'turtlebot3_gazebo' in 'ROS/turtlebot3_ws/src/turtlebot3_simulations/turtlebot3_gazebo'
[2.272s] INFO:colcon.colcon_core.package_selection:Skipping not selected package 'my_world' in 'ROS/turtlebot3_ws/src/my_world'
[2.272s] INFO:colcon.colcon_core.package_selection:Skipping not selected package 'show_msg' in 'ROS/turtlebot3_ws/src/show_msg'
[2.322s] Level 1:colcon.colcon_core.package_discovery:discover_packages(prefix_path) check parameters
[2.322s] Level 1:colcon.colcon_core.package_discovery:discover_packages(prefix_path) discover
[2.377s] DEBUG:colcon.colcon_installed_package_information.package_discovery:Found 9 installed packages in /home/dmpasgal/turtlebot3_ws/install
[2.400s] DEBUG:colcon.colcon_installed_package_information.package_discovery:Found 1 installed packages in /home/dmpasgal/turtlebot3_ws/src/install
[2.424s] DEBUG:colcon.colcon_installed_package_information.package_discovery:Found 336 installed packages in /opt/ros/galactic
[2.425s] Level 1:colcon.colcon_core.package_discovery:discover_packages(prefix_path) using defaults
[2.601s] Level 5:colcon.colcon_core.verb:set package 'turtlebot3_simulations' build argument 'cmake_args' from command line to 'None'
[2.601s] Level 5:colcon.colcon_core.verb:set package 'turtlebot3_simulations' build argument 'cmake_target' from command line to 'None'
[2.601s] Level 5:colcon.colcon_core.verb:set package 'turtlebot3_simulations' build argument 'cmake_target_skip_unavailable' from command line to 'False'
[2.601s] Level 5:colcon.colcon_core.verb:set package 'turtlebot3_simulations' build argument 'cmake_clean_cache' from command line to 'False'
[2.601s] Level 5:colcon.colcon_core.verb:set package 'turtlebot3_simulations' build argument 'cmake_clean_first' from command line to 'False'
[2.601s] Level 5:colcon.colcon_core.verb:set package 'turtlebot3_simulations' build argument 'cmake_force_configure' from command line to 'False'
[2.601s] Level 5:colcon.colcon_core.verb:set package 'turtlebot3_simulations' build argument 'ament_cmake_args' from command line to 'None'
[2.601s] Level 5:colcon.colcon_core.verb:set package 'turtlebot3_simulations' build argument 'catkin_cmake_args' from command line to 'None'
[2.601s] Level 5:colcon.colcon_core.verb:set package 'turtlebot3_simulations' build argument 'catkin_skip_building_tests' from command line to 'False'
[2.601s] DEBUG:colcon.colcon_core.verb:Building package 'turtlebot3_simulations' with the following arguments: {'ament_cmake_args': None, 'build_base': '/home/dmpasgal/Clothy/build/turtlebot3_simulations', 'catkin_cmake_args': None, 'catkin_skip_building_tests': False, 'cmake_args': None, 'cmake_clean_cache': False, 'cmake_clean_first': False, 'cmake_force_configure': False, 'cmake_target': None, 'cmake_target_skip_unavailable': False, 'install_base': '/home/dmpasgal/Clothy/install/turtlebot3_simulations', 'merge_install': False, 'path': '/home/dmpasgal/Clothy/ROS/turtlebot3_ws/src/turtlebot3_simulations/turtlebot3_simulations', 'symlink_install': False, 'test_result_base': None}
[2.622s] INFO:colcon.colcon_core.executor:Executing jobs using 'parallel' executor
[2.649s] DEBUG:colcon.colcon_parallel_executor.executor.parallel:run_until_complete
[2.650s] INFO:colcon.colcon_ros.task.ament_cmake.build:Building ROS package in '/home/dmpasgal/Clothy/ROS/turtlebot3_ws/src/turtlebot3_simulations/turtlebot3_simulations' with build type 'ament_cmake'
[2.650s] INFO:colcon.colcon_cmake.task.cmake.build:Building CMake package in '/home/dmpasgal/Clothy/ROS/turtlebot3_ws/src/turtlebot3_simulations/turtlebot3_simulations'
[2.684s] INFO:colcon.colcon_core.plugin_system:Skipping extension 'colcon_core.shell.bat': Not used on non-Windows systems
[2.684s] INFO:colcon.colcon_core.shell:Skip shell extension 'powershell' for command environment: Not usable outside of PowerShell
[2.684s] DEBUG:colcon.colcon_core.shell:Skip shell extension 'dsv' for command environment
[2.785s] WARNING:colcon.colcon_core.shell:The following packages are in the workspace but haven't been built:
- turtlebot3_gazebo
They are being used from the following locations instead:
- /home/dmpasgal/turtlebot3_ws/install/turtlebot3_gazebo
To suppress this warning ignore these packages in the workspace:
--packages-ignore turtlebot3_gazebo
[2.801s] DEBUG:colcon.colcon_core.event_handler.log_command:Invoking command in '/home/dmpasgal/Clothy/build/turtlebot3_simulations': AMENT_PREFIX_PATH=/home/dmpasgal/Clothy/install/turtlebot3_fake_node:${AMENT_PREFIX_PATH} CMAKE_PREFIX_PATH=/home/dmpasgal/Clothy/install/turtlebot3_fake_node:/home/dmpasgal/turtlebot3_ws/install/turtlebot3_simulations:/home/dmpasgal/turtlebot3_ws/install/turtlebot3_gazebo:/home/dmpasgal/turtlebot3_ws/install/turtlebot3_fake_node:/home/dmpasgal/turtlebot3_ws/install/package_name:/home/dmpasgal/turtlebot3_ws/install/custom_interface:/home/dmpasgal/turtlebot3_ws/install/show_msg:/home/dmpasgal/turtlebot3_ws/install/my_first_subscriber:/home/dmpasgal/turtlebot3_ws/install/my_first_publisher:/home/dmpasgal/turtlebot3_ws/install/my_first_node:/home/dmpasgal/turtlebot3_ws/src/install/show_msg:/opt/ros/galactic /usr/bin/cmake /home/dmpasgal/Clothy/ROS/turtlebot3_ws/src/turtlebot3_simulations/turtlebot3_simulations -DCMAKE_INSTALL_PREFIX=/home/dmpasgal/Clothy/install/turtlebot3_simulations
[3.792s] DEBUG:colcon.colcon_core.event_handler.log_command:Invoked command in '/home/dmpasgal/Clothy/build/turtlebot3_simulations' returned '0': AMENT_PREFIX_PATH=/home/dmpasgal/Clothy/install/turtlebot3_fake_node:${AMENT_PREFIX_PATH} CMAKE_PREFIX_PATH=/home/dmpasgal/Clothy/install/turtlebot3_fake_node:/home/dmpasgal/turtlebot3_ws/install/turtlebot3_simulations:/home/dmpasgal/turtlebot3_ws/install/turtlebot3_gazebo:/home/dmpasgal/turtlebot3_ws/install/turtlebot3_fake_node:/home/dmpasgal/turtlebot3_ws/install/package_name:/home/dmpasgal/turtlebot3_ws/install/custom_interface:/home/dmpasgal/turtlebot3_ws/install/show_msg:/home/dmpasgal/turtlebot3_ws/install/my_first_subscriber:/home/dmpasgal/turtlebot3_ws/install/my_first_publisher:/home/dmpasgal/turtlebot3_ws/install/my_first_node:/home/dmpasgal/turtlebot3_ws/src/install/show_msg:/opt/ros/galactic /usr/bin/cmake /home/dmpasgal/Clothy/ROS/turtlebot3_ws/src/turtlebot3_simulations/turtlebot3_simulations -DCMAKE_INSTALL_PREFIX=/home/dmpasgal/Clothy/install/turtlebot3_simulations
[3.793s] DEBUG:colcon.colcon_core.event_handler.log_command:Invoking command in '/home/dmpasgal/Clothy/build/turtlebot3_simulations': AMENT_PREFIX_PATH=/home/dmpasgal/Clothy/install/turtlebot3_fake_node:${AMENT_PREFIX_PATH} CMAKE_PREFIX_PATH=/home/dmpasgal/Clothy/install/turtlebot3_fake_node:/home/dmpasgal/turtlebot3_ws/install/turtlebot3_simulations:/home/dmpasgal/turtlebot3_ws/install/turtlebot3_gazebo:/home/dmpasgal/turtlebot3_ws/install/turtlebot3_fake_node:/home/dmpasgal/turtlebot3_ws/install/package_name:/home/dmpasgal/turtlebot3_ws/install/custom_interface:/home/dmpasgal/turtlebot3_ws/install/show_msg:/home/dmpasgal/turtlebot3_ws/install/my_first_subscriber:/home/dmpasgal/turtlebot3_ws/install/my_first_publisher:/home/dmpasgal/turtlebot3_ws/install/my_first_node:/home/dmpasgal/turtlebot3_ws/src/install/show_msg:/opt/ros/galactic /usr/bin/cmake --build /home/dmpasgal/Clothy/build/turtlebot3_simulations -- -j4 -l4
[3.824s] DEBUG:colcon.colcon_core.event_handler.log_command:Invoked command in '/home/dmpasgal/Clothy/build/turtlebot3_simulations' returned '0': AMENT_PREFIX_PATH=/home/dmpasgal/Clothy/install/turtlebot3_fake_node:${AMENT_PREFIX_PATH} CMAKE_PREFIX_PATH=/home/dmpasgal/Clothy/install/turtlebot3_fake_node:/home/dmpasgal/turtlebot3_ws/install/turtlebot3_simulations:/home/dmpasgal/turtlebot3_ws/install/turtlebot3_gazebo:/home/dmpasgal/turtlebot3_ws/install/turtlebot3_fake_node:/home/dmpasgal/turtlebot3_ws/install/package_name:/home/dmpasgal/turtlebot3_ws/install/custom_interface:/home/dmpasgal/turtlebot3_ws/install/show_msg:/home/dmpasgal/turtlebot3_ws/install/my_first_subscriber:/home/dmpasgal/turtlebot3_ws/install/my_first_publisher:/home/dmpasgal/turtlebot3_ws/install/my_first_node:/home/dmpasgal/turtlebot3_ws/src/install/show_msg:/opt/ros/galactic /usr/bin/cmake --build /home/dmpasgal/Clothy/build/turtlebot3_simulations -- -j4 -l4
[3.857s] DEBUG:colcon.colcon_core.event_handler.log_command:Invoking command in '/home/dmpasgal/Clothy/build/turtlebot3_simulations': AMENT_PREFIX_PATH=/home/dmpasgal/Clothy/install/turtlebot3_fake_node:${AMENT_PREFIX_PATH} CMAKE_PREFIX_PATH=/home/dmpasgal/Clothy/install/turtlebot3_fake_node:/home/dmpasgal/turtlebot3_ws/install/turtlebot3_simulations:/home/dmpasgal/turtlebot3_ws/install/turtlebot3_gazebo:/home/dmpasgal/turtlebot3_ws/install/turtlebot3_fake_node:/home/dmpasgal/turtlebot3_ws/install/package_name:/home/dmpasgal/turtlebot3_ws/install/custom_interface:/home/dmpasgal/turtlebot3_ws/install/show_msg:/home/dmpasgal/turtlebot3_ws/install/my_first_subscriber:/home/dmpasgal/turtlebot3_ws/install/my_first_publisher:/home/dmpasgal/turtlebot3_ws/install/my_first_node:/home/dmpasgal/turtlebot3_ws/src/install/show_msg:/opt/ros/galactic /usr/bin/cmake --install /home/dmpasgal/Clothy/build/turtlebot3_simulations
[3.868s] Level 1:colcon.colcon_core.environment:create_environment_scripts_only(turtlebot3_simulations)
[3.869s] DEBUG:colcon.colcon_core.event_handler.log_command:Invoked command in '/home/dmpasgal/Clothy/build/turtlebot3_simulations' returned '0': AMENT_PREFIX_PATH=/home/dmpasgal/Clothy/install/turtlebot3_fake_node:${AMENT_PREFIX_PATH} CMAKE_PREFIX_PATH=/home/dmpasgal/Clothy/install/turtlebot3_fake_node:/home/dmpasgal/turtlebot3_ws/install/turtlebot3_simulations:/home/dmpasgal/turtlebot3_ws/install/turtlebot3_gazebo:/home/dmpasgal/turtlebot3_ws/install/turtlebot3_fake_node:/home/dmpasgal/turtlebot3_ws/install/package_name:/home/dmpasgal/turtlebot3_ws/install/custom_interface:/home/dmpasgal/turtlebot3_ws/install/show_msg:/home/dmpasgal/turtlebot3_ws/install/my_first_subscriber:/home/dmpasgal/turtlebot3_ws/install/my_first_publisher:/home/dmpasgal/turtlebot3_ws/install/my_first_node:/home/dmpasgal/turtlebot3_ws/src/install/show_msg:/opt/ros/galactic /usr/bin/cmake --install /home/dmpasgal/Clothy/build/turtlebot3_simulations
[3.908s] Level 1:colcon.colcon_core.environment:checking '/home/dmpasgal/Clothy/install/turtlebot3_simulations' for CMake module files
[3.908s] Level 1:colcon.colcon_core.environment:checking '/home/dmpasgal/Clothy/install/turtlebot3_simulations' for CMake config files
[3.908s] Level 1:colcon.colcon_core.shell:create_environment_hook('turtlebot3_simulations', 'cmake_prefix_path')
[3.933s] INFO:colcon.colcon_core.shell:Creating environment hook '/home/dmpasgal/Clothy/install/turtlebot3_simulations/share/turtlebot3_simulations/hook/cmake_prefix_path.ps1'
[3.935s] INFO:colcon.colcon_core.shell:Creating environment descriptor '/home/dmpasgal/Clothy/install/turtlebot3_simulations/share/turtlebot3_simulations/hook/cmake_prefix_path.dsv'
[3.936s] INFO:colcon.colcon_core.shell:Creating environment hook '/home/dmpasgal/Clothy/install/turtlebot3_simulations/share/turtlebot3_simulations/hook/cmake_prefix_path.sh'
[3.937s] Level 1:colcon.colcon_core.environment:checking '/home/dmpasgal/Clothy/install/turtlebot3_simulations/bin'
[3.937s] Level 1:colcon.colcon_core.environment:checking '/home/dmpasgal/Clothy/install/turtlebot3_simulations/lib/pkgconfig/turtlebot3_simulations.pc'
[3.937s] Level 1:colcon.colcon_core.environment:checking '/home/dmpasgal/Clothy/install/turtlebot3_simulations/lib/python3.8/site-packages'
[3.938s] Level 1:colcon.colcon_core.environment:checking '/home/dmpasgal/Clothy/install/turtlebot3_simulations/bin'
[3.963s] INFO:colcon.colcon_core.shell:Creating package script '/home/dmpasgal/Clothy/install/turtlebot3_simulations/share/turtlebot3_simulations/package.ps1'
[3.964s] INFO:colcon.colcon_core.shell:Creating package descriptor '/home/dmpasgal/Clothy/install/turtlebot3_simulations/share/turtlebot3_simulations/package.dsv'
[3.965s] INFO:colcon.colcon_core.shell:Creating package script '/home/dmpasgal/Clothy/install/turtlebot3_simulations/share/turtlebot3_simulations/package.sh'
[3.966s] INFO:colcon.colcon_core.shell:Creating package script '/home/dmpasgal/Clothy/install/turtlebot3_simulations/share/turtlebot3_simulations/package.bash'
[3.968s] INFO:colcon.colcon_core.shell:Creating package script '/home/dmpasgal/Clothy/install/turtlebot3_simulations/share/turtlebot3_simulations/package.zsh'
[3.969s] Level 1:colcon.colcon_core.environment:create_file_with_runtime_dependencies(/home/dmpasgal/Clothy/install/turtlebot3_simulations/share/colcon-core/packages/turtlebot3_simulations)
[4.019s] Level 1:colcon.colcon_core.environment:create_environment_scripts_only(turtlebot3_simulations)
[4.044s] Level 1:colcon.colcon_core.environment:checking '/home/dmpasgal/Clothy/install/turtlebot3_simulations' for CMake module files
[4.044s] Level 1:colcon.colcon_core.environment:checking '/home/dmpasgal/Clothy/install/turtlebot3_simulations' for CMake config files
[4.044s] Level 1:colcon.colcon_core.shell:create_environment_hook('turtlebot3_simulations', 'cmake_prefix_path')
[4.067s] INFO:colcon.colcon_core.shell:Creating environment hook '/home/dmpasgal/Clothy/install/turtlebot3_simulations/share/turtlebot3_simulations/hook/cmake_prefix_path.ps1'
[4.067s] INFO:colcon.colcon_core.shell:Creating environment descriptor '/home/dmpasgal/Clothy/install/turtlebot3_simulations/share/turtlebot3_simulations/hook/cmake_prefix_path.dsv'
[4.068s] INFO:colcon.colcon_core.shell:Creating environment hook '/home/dmpasgal/Clothy/install/turtlebot3_simulations/share/turtlebot3_simulations/hook/cmake_prefix_path.sh'
[4.068s] Level 1:colcon.colcon_core.environment:checking '/home/dmpasgal/Clothy/install/turtlebot3_simulations/bin'
[4.069s] Level 1:colcon.colcon_core.environment:checking '/home/dmpasgal/Clothy/install/turtlebot3_simulations/lib/pkgconfig/turtlebot3_simulations.pc'
[4.069s] Level 1:colcon.colcon_core.environment:checking '/home/dmpasgal/Clothy/install/turtlebot3_simulations/lib/python3.8/site-packages'
[4.069s] Level 1:colcon.colcon_core.environment:checking '/home/dmpasgal/Clothy/install/turtlebot3_simulations/bin'
[4.091s] INFO:colcon.colcon_core.shell:Creating package script '/home/dmpasgal/Clothy/install/turtlebot3_simulations/share/turtlebot3_simulations/package.ps1'
[4.092s] INFO:colcon.colcon_core.shell:Creating package descriptor '/home/dmpasgal/Clothy/install/turtlebot3_simulations/share/turtlebot3_simulations/package.dsv'
[4.092s] INFO:colcon.colcon_core.shell:Creating package script '/home/dmpasgal/Clothy/install/turtlebot3_simulations/share/turtlebot3_simulations/package.sh'
[4.093s] INFO:colcon.colcon_core.shell:Creating package script '/home/dmpasgal/Clothy/install/turtlebot3_simulations/share/turtlebot3_simulations/package.bash'
[4.094s] INFO:colcon.colcon_core.shell:Creating package script '/home/dmpasgal/Clothy/install/turtlebot3_simulations/share/turtlebot3_simulations/package.zsh'
[4.094s] Level 1:colcon.colcon_core.environment:create_file_with_runtime_dependencies(/home/dmpasgal/Clothy/install/turtlebot3_simulations/share/colcon-core/packages/turtlebot3_simulations)
[4.094s] DEBUG:colcon.colcon_parallel_executor.executor.parallel:closing loop
[4.095s] DEBUG:colcon.colcon_parallel_executor.executor.parallel:loop closed
[4.095s] DEBUG:colcon.colcon_parallel_executor.executor.parallel:run_until_complete finished with '0'
[4.095s] DEBUG:colcon.colcon_core.event_reactor:joining thread
[4.139s] INFO:colcon.colcon_core.plugin_system:Skipping extension 'colcon_notification.desktop_notification.terminal_notifier': Not used on non-Darwin systems
[4.139s] INFO:colcon.colcon_core.plugin_system:Skipping extension 'colcon_notification.desktop_notification.win32': Not used on non-Windows systems
[4.139s] INFO:colcon.colcon_notification.desktop_notification:Sending desktop notification using 'notify2'
[4.156s] DEBUG:colcon.colcon_core.event_reactor:joined thread
[4.187s] INFO:colcon.colcon_core.shell:Creating prefix script '/home/dmpasgal/Clothy/install/local_setup.ps1'
[4.189s] INFO:colcon.colcon_core.shell:Creating prefix util module '/home/dmpasgal/Clothy/install/_local_setup_util_ps1.py'
[4.190s] INFO:colcon.colcon_core.shell:Creating prefix chain script '/home/dmpasgal/Clothy/install/setup.ps1'
[4.215s] INFO:colcon.colcon_core.shell:Creating prefix script '/home/dmpasgal/Clothy/install/local_setup.sh'
[4.216s] INFO:colcon.colcon_core.shell:Creating prefix util module '/home/dmpasgal/Clothy/install/_local_setup_util_sh.py'
[4.217s] INFO:colcon.colcon_core.shell:Creating prefix chain script '/home/dmpasgal/Clothy/install/setup.sh'
[4.244s] INFO:colcon.colcon_core.shell:Creating prefix script '/home/dmpasgal/Clothy/install/local_setup.bash'
[4.244s] INFO:colcon.colcon_core.shell:Creating prefix chain script '/home/dmpasgal/Clothy/install/setup.bash'
[4.270s] INFO:colcon.colcon_core.shell:Creating prefix script '/home/dmpasgal/Clothy/install/local_setup.zsh'
[4.272s] INFO:colcon.colcon_core.shell:Creating prefix chain script '/home/dmpasgal/Clothy/install/setup.zsh'
