[  2%] Built target custom_interface__cpp
[ 12%] Built target custom_interface__rosidl_generator_c
[ 30%] Built target custom_interface__rosidl_typesupport_cpp
[ 33%] Built target custom_interface__rosidl_typesupport_introspection_cpp
[ 43%] Built target custom_interface__rosidl_typesupport_introspection_c
[ 53%] Built target custom_interface__rosidl_typesupport_fastrtps_cpp
[ 64%] Built target custom_interface__rosidl_typesupport_c
[ 74%] Built target custom_interface__rosidl_typesupport_fastrtps_c
[ 74%] Built target custom_interface
[ 76%] Built target custom_interface__py
[ 84%] Built target custom_interface__python
[ 89%] Built target custom_interface__rosidl_typesupport_introspection_c__pyext
[ 94%] Built target custom_interface__rosidl_typesupport_c__pyext
[100%] Built target custom_interface__rosidl_typesupport_fastrtps_c__pyext
-- Install configuration: ""
-- Up-to-date: /home/cmarrod3/turtlebot3_ws/install/custom_interface/share/ament_index/resource_index/rosidl_interfaces/custom_interface
-- Up-to-date: /home/cmarrod3/turtlebot3_ws/install/custom_interface/include/custom_interface
-- Up-to-date: /home/cmarrod3/turtlebot3_ws/install/custom_interface/include/custom_interface/msg
-- Up-to-date: /home/cmarrod3/turtlebot3_ws/install/custom_interface/include/custom_interface/msg/detail
-- Up-to-date: /home/cmarrod3/turtlebot3_ws/install/custom_interface/include/custom_interface/msg/detail/distvel__type_support.h
-- Up-to-date: /home/cmarrod3/turtlebot3_ws/install/custom_interface/include/custom_interface/msg/detail/distvel__functions.h
-- Up-to-date: /home/cmarrod3/turtlebot3_ws/install/custom_interface/include/custom_interface/msg/detail/distvel__struct.h
-- Up-to-date: /home/cmarrod3/turtlebot3_ws/install/custom_interface/include/custom_interface/msg/detail/distvel__functions.c
-- Up-to-date: /home/cmarrod3/turtlebot3_ws/install/custom_interface/include/custom_interface/msg/distvel.h
-- Up-to-date: /home/cmarrod3/turtlebot3_ws/install/custom_interface/include/custom_interface/msg/rosidl_generator_c__visibility_control.h
-- Up-to-date: /home/cmarrod3/turtlebot3_ws/install/custom_interface/include/custom_interface/srv
-- Up-to-date: /home/cmarrod3/turtlebot3_ws/install/custom_interface/include/custom_interface/srv/detail
-- Up-to-date: /home/cmarrod3/turtlebot3_ws/install/custom_interface/include/custom_interface/srv/detail/my_move_msg__struct.h
-- Up-to-date: /home/cmarrod3/turtlebot3_ws/install/custom_interface/include/custom_interface/srv/detail/my_move_msg__functions.c
-- Up-to-date: /home/cmarrod3/turtlebot3_ws/install/custom_interface/include/custom_interface/srv/detail/my_move_msg__type_support.h
-- Up-to-date: /home/cmarrod3/turtlebot3_ws/install/custom_interface/include/custom_interface/srv/detail/my_move_msg__functions.h
-- Up-to-date: /home/cmarrod3/turtlebot3_ws/install/custom_interface/include/custom_interface/srv/my_move_msg.h
-- Up-to-date: /home/cmarrod3/turtlebot3_ws/install/custom_interface/share/custom_interface/environment/library_path.sh
-- Up-to-date: /home/cmarrod3/turtlebot3_ws/install/custom_interface/share/custom_interface/environment/library_path.dsv
-- Up-to-date: /home/cmarrod3/turtlebot3_ws/install/custom_interface/lib/libcustom_interface__rosidl_generator_c.so
-- Up-to-date: /home/cmarrod3/turtlebot3_ws/install/custom_interface/include/custom_interface
-- Up-to-date: /home/cmarrod3/turtlebot3_ws/install/custom_interface/include/custom_interface/msg
-- Up-to-date: /home/cmarrod3/turtlebot3_ws/install/custom_interface/include/custom_interface/msg/detail
-- Up-to-date: /home/cmarrod3/turtlebot3_ws/install/custom_interface/include/custom_interface/msg/detail/distvel__rosidl_typesupport_fastrtps_c.h
-- Up-to-date: /home/cmarrod3/turtlebot3_ws/install/custom_interface/include/custom_interface/msg/rosidl_typesupport_fastrtps_c__visibility_control.h
-- Up-to-date: /home/cmarrod3/turtlebot3_ws/install/custom_interface/include/custom_interface/srv
-- Up-to-date: /home/cmarrod3/turtlebot3_ws/install/custom_interface/include/custom_interface/srv/detail
-- Up-to-date: /home/cmarrod3/turtlebot3_ws/install/custom_interface/include/custom_interface/srv/detail/my_move_msg__rosidl_typesupport_fastrtps_c.h
-- Up-to-date: /home/cmarrod3/turtlebot3_ws/install/custom_interface/lib/libcustom_interface__rosidl_typesupport_fastrtps_c.so
-- Up-to-date: /home/cmarrod3/turtlebot3_ws/install/custom_interface/include/custom_interface
-- Up-to-date: /home/cmarrod3/turtlebot3_ws/install/custom_interface/include/custom_interface/msg
-- Up-to-date: /home/cmarrod3/turtlebot3_ws/install/custom_interface/include/custom_interface/msg/detail
-- Up-to-date: /home/cmarrod3/turtlebot3_ws/install/custom_interface/include/custom_interface/msg/detail/distvel__rosidl_typesupport_fastrtps_cpp.hpp
-- Up-to-date: /home/cmarrod3/turtlebot3_ws/install/custom_interface/include/custom_interface/msg/detail/dds_fastrtps
-- Up-to-date: /home/cmarrod3/turtlebot3_ws/install/custom_interface/include/custom_interface/msg/rosidl_typesupport_fastrtps_cpp__visibility_control.h
-- Up-to-date: /home/cmarrod3/turtlebot3_ws/install/custom_interface/include/custom_interface/srv
-- Up-to-date: /home/cmarrod3/turtlebot3_ws/install/custom_interface/include/custom_interface/srv/detail
-- Up-to-date: /home/cmarrod3/turtlebot3_ws/install/custom_interface/include/custom_interface/srv/detail/dds_fastrtps
-- Up-to-date: /home/cmarrod3/turtlebot3_ws/install/custom_interface/include/custom_interface/srv/detail/my_move_msg__rosidl_typesupport_fastrtps_cpp.hpp
-- Up-to-date: /home/cmarrod3/turtlebot3_ws/install/custom_interface/lib/libcustom_interface__rosidl_typesupport_fastrtps_cpp.so
-- Up-to-date: /home/cmarrod3/turtlebot3_ws/install/custom_interface/include/custom_interface
-- Up-to-date: /home/cmarrod3/turtlebot3_ws/install/custom_interface/include/custom_interface/msg
-- Up-to-date: /home/cmarrod3/turtlebot3_ws/install/custom_interface/include/custom_interface/msg/detail
-- Up-to-date: /home/cmarrod3/turtlebot3_ws/install/custom_interface/include/custom_interface/msg/detail/distvel__type_support.c
-- Up-to-date: /home/cmarrod3/turtlebot3_ws/install/custom_interface/include/custom_interface/msg/detail/distvel__rosidl_typesupport_introspection_c.h
-- Up-to-date: /home/cmarrod3/turtlebot3_ws/install/custom_interface/include/custom_interface/msg/rosidl_typesupport_introspection_c__visibility_control.h
-- Up-to-date: /home/cmarrod3/turtlebot3_ws/install/custom_interface/include/custom_interface/srv
-- Up-to-date: /home/cmarrod3/turtlebot3_ws/install/custom_interface/include/custom_interface/srv/detail
-- Up-to-date: /home/cmarrod3/turtlebot3_ws/install/custom_interface/include/custom_interface/srv/detail/my_move_msg__rosidl_typesupport_introspection_c.h
-- Up-to-date: /home/cmarrod3/turtlebot3_ws/install/custom_interface/include/custom_interface/srv/detail/my_move_msg__type_support.c
-- Up-to-date: /home/cmarrod3/turtlebot3_ws/install/custom_interface/lib/libcustom_interface__rosidl_typesupport_introspection_c.so
-- Up-to-date: /home/cmarrod3/turtlebot3_ws/install/custom_interface/lib/libcustom_interface__rosidl_typesupport_c.so
-- Up-to-date: /home/cmarrod3/turtlebot3_ws/install/custom_interface/include/custom_interface
-- Up-to-date: /home/cmarrod3/turtlebot3_ws/install/custom_interface/include/custom_interface/msg
-- Up-to-date: /home/cmarrod3/turtlebot3_ws/install/custom_interface/include/custom_interface/msg/distvel.hpp
-- Up-to-date: /home/cmarrod3/turtlebot3_ws/install/custom_interface/include/custom_interface/msg/detail
-- Up-to-date: /home/cmarrod3/turtlebot3_ws/install/custom_interface/include/custom_interface/msg/detail/distvel__struct.hpp
-- Up-to-date: /home/cmarrod3/turtlebot3_ws/install/custom_interface/include/custom_interface/msg/detail/distvel__traits.hpp
-- Up-to-date: /home/cmarrod3/turtlebot3_ws/install/custom_interface/include/custom_interface/msg/detail/distvel__builder.hpp
-- Up-to-date: /home/cmarrod3/turtlebot3_ws/install/custom_interface/include/custom_interface/srv
-- Up-to-date: /home/cmarrod3/turtlebot3_ws/install/custom_interface/include/custom_interface/srv/detail
-- Up-to-date: /home/cmarrod3/turtlebot3_ws/install/custom_interface/include/custom_interface/srv/detail/my_move_msg__builder.hpp
-- Up-to-date: /home/cmarrod3/turtlebot3_ws/install/custom_interface/include/custom_interface/srv/detail/my_move_msg__struct.hpp
-- Up-to-date: /home/cmarrod3/turtlebot3_ws/install/custom_interface/include/custom_interface/srv/detail/my_move_msg__traits.hpp
-- Up-to-date: /home/cmarrod3/turtlebot3_ws/install/custom_interface/include/custom_interface/srv/my_move_msg.hpp
-- Up-to-date: /home/cmarrod3/turtlebot3_ws/install/custom_interface/include/custom_interface
-- Up-to-date: /home/cmarrod3/turtlebot3_ws/install/custom_interface/include/custom_interface/msg
-- Up-to-date: /home/cmarrod3/turtlebot3_ws/install/custom_interface/include/custom_interface/msg/detail
-- Up-to-date: /home/cmarrod3/turtlebot3_ws/install/custom_interface/include/custom_interface/msg/detail/distvel__rosidl_typesupport_introspection_cpp.hpp
-- Up-to-date: /home/cmarrod3/turtlebot3_ws/install/custom_interface/include/custom_interface/msg/detail/distvel__type_support.cpp
-- Up-to-date: /home/cmarrod3/turtlebot3_ws/install/custom_interface/include/custom_interface/srv
-- Up-to-date: /home/cmarrod3/turtlebot3_ws/install/custom_interface/include/custom_interface/srv/detail
-- Up-to-date: /home/cmarrod3/turtlebot3_ws/install/custom_interface/include/custom_interface/srv/detail/my_move_msg__rosidl_typesupport_introspection_cpp.hpp
-- Up-to-date: /home/cmarrod3/turtlebot3_ws/install/custom_interface/include/custom_interface/srv/detail/my_move_msg__type_support.cpp
-- Up-to-date: /home/cmarrod3/turtlebot3_ws/install/custom_interface/lib/libcustom_interface__rosidl_typesupport_introspection_cpp.so
-- Up-to-date: /home/cmarrod3/turtlebot3_ws/install/custom_interface/lib/libcustom_interface__rosidl_typesupport_cpp.so
-- Up-to-date: /home/cmarrod3/turtlebot3_ws/install/custom_interface/share/custom_interface/environment/pythonpath.sh
-- Up-to-date: /home/cmarrod3/turtlebot3_ws/install/custom_interface/share/custom_interface/environment/pythonpath.dsv
-- Up-to-date: /home/cmarrod3/turtlebot3_ws/install/custom_interface/lib/python3.8/site-packages/custom_interface/__init__.py
-- Up-to-date: /home/cmarrod3/turtlebot3_ws/install/custom_interface/lib/python3.8/site-packages/custom_interface/msg
-- Up-to-date: /home/cmarrod3/turtlebot3_ws/install/custom_interface/lib/python3.8/site-packages/custom_interface/msg/__init__.py
-- Up-to-date: /home/cmarrod3/turtlebot3_ws/install/custom_interface/lib/python3.8/site-packages/custom_interface/msg/_distvel_s.c
-- Up-to-date: /home/cmarrod3/turtlebot3_ws/install/custom_interface/lib/python3.8/site-packages/custom_interface/msg/_distvel.py
-- Up-to-date: /home/cmarrod3/turtlebot3_ws/install/custom_interface/lib/python3.8/site-packages/custom_interface/srv
-- Up-to-date: /home/cmarrod3/turtlebot3_ws/install/custom_interface/lib/python3.8/site-packages/custom_interface/srv/__init__.py
-- Up-to-date: /home/cmarrod3/turtlebot3_ws/install/custom_interface/lib/python3.8/site-packages/custom_interface/srv/_my_move_msg.py
-- Up-to-date: /home/cmarrod3/turtlebot3_ws/install/custom_interface/lib/python3.8/site-packages/custom_interface/srv/_my_move_msg_s.c
-- Up-to-date: /home/cmarrod3/turtlebot3_ws/install/custom_interface/lib/python3.8/site-packages/custom_interface/custom_interface_s__rosidl_typesupport_fastrtps_c.cpython-38-x86_64-linux-gnu.so
-- Up-to-date: /home/cmarrod3/turtlebot3_ws/install/custom_interface/lib/python3.8/site-packages/custom_interface/custom_interface_s__rosidl_typesupport_introspection_c.cpython-38-x86_64-linux-gnu.so
-- Up-to-date: /home/cmarrod3/turtlebot3_ws/install/custom_interface/lib/python3.8/site-packages/custom_interface/custom_interface_s__rosidl_typesupport_c.cpython-38-x86_64-linux-gnu.so
-- Up-to-date: /home/cmarrod3/turtlebot3_ws/install/custom_interface/lib/libcustom_interface__python.so
-- Up-to-date: /home/cmarrod3/turtlebot3_ws/install/custom_interface/share/custom_interface/msg/Distvel.idl
-- Up-to-date: /home/cmarrod3/turtlebot3_ws/install/custom_interface/share/custom_interface/srv/MyMoveMsg.idl
-- Up-to-date: /home/cmarrod3/turtlebot3_ws/install/custom_interface/share/custom_interface/msg/Distvel.msg
-- Up-to-date: /home/cmarrod3/turtlebot3_ws/install/custom_interface/share/custom_interface/srv/MyMoveMsg.srv
-- Up-to-date: /home/cmarrod3/turtlebot3_ws/install/custom_interface/share/custom_interface/srv/MyMoveMsg_Request.msg
-- Up-to-date: /home/cmarrod3/turtlebot3_ws/install/custom_interface/share/custom_interface/srv/MyMoveMsg_Response.msg
-- Up-to-date: /home/cmarrod3/turtlebot3_ws/install/custom_interface/share/ament_index/resource_index/package_run_dependencies/custom_interface
-- Up-to-date: /home/cmarrod3/turtlebot3_ws/install/custom_interface/share/ament_index/resource_index/parent_prefix_path/custom_interface
-- Up-to-date: /home/cmarrod3/turtlebot3_ws/install/custom_interface/share/custom_interface/environment/ament_prefix_path.sh
-- Up-to-date: /home/cmarrod3/turtlebot3_ws/install/custom_interface/share/custom_interface/environment/ament_prefix_path.dsv
-- Up-to-date: /home/cmarrod3/turtlebot3_ws/install/custom_interface/share/custom_interface/environment/path.sh
-- Up-to-date: /home/cmarrod3/turtlebot3_ws/install/custom_interface/share/custom_interface/environment/path.dsv
-- Up-to-date: /home/cmarrod3/turtlebot3_ws/install/custom_interface/share/custom_interface/local_setup.bash
-- Up-to-date: /home/cmarrod3/turtlebot3_ws/install/custom_interface/share/custom_interface/local_setup.sh
-- Up-to-date: /home/cmarrod3/turtlebot3_ws/install/custom_interface/share/custom_interface/local_setup.zsh
-- Up-to-date: /home/cmarrod3/turtlebot3_ws/install/custom_interface/share/custom_interface/local_setup.dsv
-- Installing: /home/cmarrod3/turtlebot3_ws/install/custom_interface/share/custom_interface/package.dsv
-- Up-to-date: /home/cmarrod3/turtlebot3_ws/install/custom_interface/share/ament_index/resource_index/packages/custom_interface
-- Up-to-date: /home/cmarrod3/turtlebot3_ws/install/custom_interface/share/custom_interface/cmake/custom_interface__rosidl_generator_cExport.cmake
-- Up-to-date: /home/cmarrod3/turtlebot3_ws/install/custom_interface/share/custom_interface/cmake/custom_interface__rosidl_generator_cExport-noconfig.cmake
-- Up-to-date: /home/cmarrod3/turtlebot3_ws/install/custom_interface/share/custom_interface/cmake/custom_interface__rosidl_typesupport_introspection_cExport.cmake
-- Up-to-date: /home/cmarrod3/turtlebot3_ws/install/custom_interface/share/custom_interface/cmake/custom_interface__rosidl_typesupport_introspection_cExport-noconfig.cmake
-- Up-to-date: /home/cmarrod3/turtlebot3_ws/install/custom_interface/share/custom_interface/cmake/custom_interface__rosidl_typesupport_cExport.cmake
-- Up-to-date: /home/cmarrod3/turtlebot3_ws/install/custom_interface/share/custom_interface/cmake/custom_interface__rosidl_typesupport_cExport-noconfig.cmake
-- Up-to-date: /home/cmarrod3/turtlebot3_ws/install/custom_interface/share/custom_interface/cmake/custom_interface__rosidl_generator_cppExport.cmake
-- Up-to-date: /home/cmarrod3/turtlebot3_ws/install/custom_interface/share/custom_interface/cmake/custom_interface__rosidl_typesupport_introspection_cppExport.cmake
-- Up-to-date: /home/cmarrod3/turtlebot3_ws/install/custom_interface/share/custom_interface/cmake/custom_interface__rosidl_typesupport_introspection_cppExport-noconfig.cmake
-- Up-to-date: /home/cmarrod3/turtlebot3_ws/install/custom_interface/share/custom_interface/cmake/custom_interface__rosidl_typesupport_cppExport.cmake
-- Up-to-date: /home/cmarrod3/turtlebot3_ws/install/custom_interface/share/custom_interface/cmake/custom_interface__rosidl_typesupport_cppExport-noconfig.cmake
-- Up-to-date: /home/cmarrod3/turtlebot3_ws/install/custom_interface/share/custom_interface/cmake/rosidl_cmake-extras.cmake
-- Up-to-date: /home/cmarrod3/turtlebot3_ws/install/custom_interface/share/custom_interface/cmake/ament_cmake_export_dependencies-extras.cmake
-- Up-to-date: /home/cmarrod3/turtlebot3_ws/install/custom_interface/share/custom_interface/cmake/ament_cmake_export_libraries-extras.cmake
-- Up-to-date: /home/cmarrod3/turtlebot3_ws/install/custom_interface/share/custom_interface/cmake/ament_cmake_export_targets-extras.cmake
-- Up-to-date: /home/cmarrod3/turtlebot3_ws/install/custom_interface/share/custom_interface/cmake/ament_cmake_export_include_directories-extras.cmake
-- Up-to-date: /home/cmarrod3/turtlebot3_ws/install/custom_interface/share/custom_interface/cmake/rosidl_cmake_export_typesupport_libraries-extras.cmake
-- Up-to-date: /home/cmarrod3/turtlebot3_ws/install/custom_interface/share/custom_interface/cmake/rosidl_cmake_export_typesupport_targets-extras.cmake
-- Up-to-date: /home/cmarrod3/turtlebot3_ws/install/custom_interface/share/custom_interface/cmake/custom_interfaceConfig.cmake
-- Up-to-date: /home/cmarrod3/turtlebot3_ws/install/custom_interface/share/custom_interface/cmake/custom_interfaceConfig-version.cmake
-- Up-to-date: /home/cmarrod3/turtlebot3_ws/install/custom_interface/share/custom_interface/package.xml
