[0.108s] Invoking command in '/home/cmarrod3/turtlebot3_ws/build/custom_interface': CMAKE_PREFIX_PATH=${CMAKE_PREFIX_PATH}:/home/cmarrod3/turtlebot3_ws/install/show_msg:/home/cmarrod3/turtlebot3_ws/install/my_first_subscriber:/home/cmarrod3/turtlebot3_ws/install/my_first_service:/home/cmarrod3/turtlebot3_ws/install/my_first_publisher:/home/cmarrod3/turtlebot3_ws/install/my_first_node:/opt/ros/galactic /usr/bin/cmake --build /home/cmarrod3/turtlebot3_ws/build/custom_interface -- -j2 -l2
[0.192s] [  2%] Built target custom_interface__cpp
[0.195s] [ 12%] Built target custom_interface__rosidl_generator_c
[0.216s] [ 30%] Built target custom_interface__rosidl_typesupport_cpp
[0.216s] [ 33%] Built target custom_interface__rosidl_typesupport_introspection_cpp
[0.235s] [ 43%] Built target custom_interface__rosidl_typesupport_introspection_c
[0.240s] [ 53%] Built target custom_interface__rosidl_typesupport_fastrtps_cpp
[0.255s] [ 64%] Built target custom_interface__rosidl_typesupport_c
[0.260s] [ 74%] Built target custom_interface__rosidl_typesupport_fastrtps_c
[0.274s] [ 74%] Built target custom_interface
[0.290s] [ 76%] Built target custom_interface__py
[0.309s] [ 84%] Built target custom_interface__python
[0.327s] [ 89%] Built target custom_interface__rosidl_typesupport_introspection_c__pyext
[0.328s] [ 94%] Built target custom_interface__rosidl_typesupport_c__pyext
[0.345s] [100%] Built target custom_interface__rosidl_typesupport_fastrtps_c__pyext
[0.351s] Invoked command in '/home/cmarrod3/turtlebot3_ws/build/custom_interface' returned '0': CMAKE_PREFIX_PATH=${CMAKE_PREFIX_PATH}:/home/cmarrod3/turtlebot3_ws/install/show_msg:/home/cmarrod3/turtlebot3_ws/install/my_first_subscriber:/home/cmarrod3/turtlebot3_ws/install/my_first_service:/home/cmarrod3/turtlebot3_ws/install/my_first_publisher:/home/cmarrod3/turtlebot3_ws/install/my_first_node:/opt/ros/galactic /usr/bin/cmake --build /home/cmarrod3/turtlebot3_ws/build/custom_interface -- -j2 -l2
[0.396s] Invoking command in '/home/cmarrod3/turtlebot3_ws/build/custom_interface': CMAKE_PREFIX_PATH=${CMAKE_PREFIX_PATH}:/home/cmarrod3/turtlebot3_ws/install/show_msg:/home/cmarrod3/turtlebot3_ws/install/my_first_subscriber:/home/cmarrod3/turtlebot3_ws/install/my_first_service:/home/cmarrod3/turtlebot3_ws/install/my_first_publisher:/home/cmarrod3/turtlebot3_ws/install/my_first_node:/opt/ros/galactic /usr/bin/cmake --install /home/cmarrod3/turtlebot3_ws/build/custom_interface
[0.403s] -- Install configuration: ""
[0.404s] -- Up-to-date: /home/cmarrod3/turtlebot3_ws/install/custom_interface/share/ament_index/resource_index/rosidl_interfaces/custom_interface
[0.404s] -- Up-to-date: /home/cmarrod3/turtlebot3_ws/install/custom_interface/include/custom_interface
[0.404s] -- Up-to-date: /home/cmarrod3/turtlebot3_ws/install/custom_interface/include/custom_interface/msg
[0.404s] -- Up-to-date: /home/cmarrod3/turtlebot3_ws/install/custom_interface/include/custom_interface/msg/detail
[0.404s] -- Up-to-date: /home/cmarrod3/turtlebot3_ws/install/custom_interface/include/custom_interface/msg/detail/distvel__type_support.h
[0.404s] -- Up-to-date: /home/cmarrod3/turtlebot3_ws/install/custom_interface/include/custom_interface/msg/detail/distvel__functions.h
[0.404s] -- Up-to-date: /home/cmarrod3/turtlebot3_ws/install/custom_interface/include/custom_interface/msg/detail/distvel__struct.h
[0.404s] -- Up-to-date: /home/cmarrod3/turtlebot3_ws/install/custom_interface/include/custom_interface/msg/detail/distvel__functions.c
[0.404s] -- Up-to-date: /home/cmarrod3/turtlebot3_ws/install/custom_interface/include/custom_interface/msg/distvel.h
[0.404s] -- Up-to-date: /home/cmarrod3/turtlebot3_ws/install/custom_interface/include/custom_interface/msg/rosidl_generator_c__visibility_control.h
[0.405s] -- Up-to-date: /home/cmarrod3/turtlebot3_ws/install/custom_interface/include/custom_interface/srv
[0.405s] -- Up-to-date: /home/cmarrod3/turtlebot3_ws/install/custom_interface/include/custom_interface/srv/detail
[0.405s] -- Up-to-date: /home/cmarrod3/turtlebot3_ws/install/custom_interface/include/custom_interface/srv/detail/my_move_msg__struct.h
[0.405s] -- Up-to-date: /home/cmarrod3/turtlebot3_ws/install/custom_interface/include/custom_interface/srv/detail/my_move_msg__functions.c
[0.405s] -- Up-to-date: /home/cmarrod3/turtlebot3_ws/install/custom_interface/include/custom_interface/srv/detail/my_move_msg__type_support.h
[0.405s] -- Up-to-date: /home/cmarrod3/turtlebot3_ws/install/custom_interface/include/custom_interface/srv/detail/my_move_msg__functions.h
[0.405s] -- Up-to-date: /home/cmarrod3/turtlebot3_ws/install/custom_interface/include/custom_interface/srv/my_move_msg.h
[0.405s] -- Up-to-date: /home/cmarrod3/turtlebot3_ws/install/custom_interface/share/custom_interface/environment/library_path.sh
[0.405s] -- Up-to-date: /home/cmarrod3/turtlebot3_ws/install/custom_interface/share/custom_interface/environment/library_path.dsv
[0.406s] -- Up-to-date: /home/cmarrod3/turtlebot3_ws/install/custom_interface/lib/libcustom_interface__rosidl_generator_c.so
[0.406s] -- Up-to-date: /home/cmarrod3/turtlebot3_ws/install/custom_interface/include/custom_interface
[0.407s] -- Up-to-date: /home/cmarrod3/turtlebot3_ws/install/custom_interface/include/custom_interface/msg
[0.407s] -- Up-to-date: /home/cmarrod3/turtlebot3_ws/install/custom_interface/include/custom_interface/msg/detail
[0.407s] -- Up-to-date: /home/cmarrod3/turtlebot3_ws/install/custom_interface/include/custom_interface/msg/detail/distvel__rosidl_typesupport_fastrtps_c.h
[0.407s] -- Up-to-date: /home/cmarrod3/turtlebot3_ws/install/custom_interface/include/custom_interface/msg/rosidl_typesupport_fastrtps_c__visibility_control.h
[0.407s] -- Up-to-date: /home/cmarrod3/turtlebot3_ws/install/custom_interface/include/custom_interface/srv
[0.407s] -- Up-to-date: /home/cmarrod3/turtlebot3_ws/install/custom_interface/include/custom_interface/srv/detail
[0.407s] -- Up-to-date: /home/cmarrod3/turtlebot3_ws/install/custom_interface/include/custom_interface/srv/detail/my_move_msg__rosidl_typesupport_fastrtps_c.h
[0.408s] -- Up-to-date: /home/cmarrod3/turtlebot3_ws/install/custom_interface/lib/libcustom_interface__rosidl_typesupport_fastrtps_c.so
[0.408s] -- Up-to-date: /home/cmarrod3/turtlebot3_ws/install/custom_interface/include/custom_interface
[0.408s] -- Up-to-date: /home/cmarrod3/turtlebot3_ws/install/custom_interface/include/custom_interface/msg
[0.408s] -- Up-to-date: /home/cmarrod3/turtlebot3_ws/install/custom_interface/include/custom_interface/msg/detail
[0.408s] -- Up-to-date: /home/cmarrod3/turtlebot3_ws/install/custom_interface/include/custom_interface/msg/detail/distvel__rosidl_typesupport_fastrtps_cpp.hpp
[0.408s] -- Up-to-date: /home/cmarrod3/turtlebot3_ws/install/custom_interface/include/custom_interface/msg/detail/dds_fastrtps
[0.409s] -- Up-to-date: /home/cmarrod3/turtlebot3_ws/install/custom_interface/include/custom_interface/msg/rosidl_typesupport_fastrtps_cpp__visibility_control.h
[0.409s] -- Up-to-date: /home/cmarrod3/turtlebot3_ws/install/custom_interface/include/custom_interface/srv
[0.409s] -- Up-to-date: /home/cmarrod3/turtlebot3_ws/install/custom_interface/include/custom_interface/srv/detail
[0.409s] -- Up-to-date: /home/cmarrod3/turtlebot3_ws/install/custom_interface/include/custom_interface/srv/detail/dds_fastrtps
[0.409s] -- Up-to-date: /home/cmarrod3/turtlebot3_ws/install/custom_interface/include/custom_interface/srv/detail/my_move_msg__rosidl_typesupport_fastrtps_cpp.hpp
[0.410s] -- Up-to-date: /home/cmarrod3/turtlebot3_ws/install/custom_interface/lib/libcustom_interface__rosidl_typesupport_fastrtps_cpp.so
[0.410s] -- Up-to-date: /home/cmarrod3/turtlebot3_ws/install/custom_interface/include/custom_interface
[0.410s] -- Up-to-date: /home/cmarrod3/turtlebot3_ws/install/custom_interface/include/custom_interface/msg
[0.410s] -- Up-to-date: /home/cmarrod3/turtlebot3_ws/install/custom_interface/include/custom_interface/msg/detail
[0.410s] -- Up-to-date: /home/cmarrod3/turtlebot3_ws/install/custom_interface/include/custom_interface/msg/detail/distvel__type_support.c
[0.410s] -- Up-to-date: /home/cmarrod3/turtlebot3_ws/install/custom_interface/include/custom_interface/msg/detail/distvel__rosidl_typesupport_introspection_c.h
[0.410s] -- Up-to-date: /home/cmarrod3/turtlebot3_ws/install/custom_interface/include/custom_interface/msg/rosidl_typesupport_introspection_c__visibility_control.h
[0.410s] -- Up-to-date: /home/cmarrod3/turtlebot3_ws/install/custom_interface/include/custom_interface/srv
[0.410s] -- Up-to-date: /home/cmarrod3/turtlebot3_ws/install/custom_interface/include/custom_interface/srv/detail
[0.410s] -- Up-to-date: /home/cmarrod3/turtlebot3_ws/install/custom_interface/include/custom_interface/srv/detail/my_move_msg__rosidl_typesupport_introspection_c.h
[0.411s] -- Up-to-date: /home/cmarrod3/turtlebot3_ws/install/custom_interface/include/custom_interface/srv/detail/my_move_msg__type_support.c
[0.411s] -- Up-to-date: /home/cmarrod3/turtlebot3_ws/install/custom_interface/lib/libcustom_interface__rosidl_typesupport_introspection_c.so
[0.412s] -- Up-to-date: /home/cmarrod3/turtlebot3_ws/install/custom_interface/lib/libcustom_interface__rosidl_typesupport_c.so
[0.412s] -- Up-to-date: /home/cmarrod3/turtlebot3_ws/install/custom_interface/include/custom_interface
[0.412s] -- Up-to-date: /home/cmarrod3/turtlebot3_ws/install/custom_interface/include/custom_interface/msg
[0.412s] -- Up-to-date: /home/cmarrod3/turtlebot3_ws/install/custom_interface/include/custom_interface/msg/distvel.hpp
[0.412s] -- Up-to-date: /home/cmarrod3/turtlebot3_ws/install/custom_interface/include/custom_interface/msg/detail
[0.412s] -- Up-to-date: /home/cmarrod3/turtlebot3_ws/install/custom_interface/include/custom_interface/msg/detail/distvel__struct.hpp
[0.413s] -- Up-to-date: /home/cmarrod3/turtlebot3_ws/install/custom_interface/include/custom_interface/msg/detail/distvel__traits.hpp
[0.413s] -- Up-to-date: /home/cmarrod3/turtlebot3_ws/install/custom_interface/include/custom_interface/msg/detail/distvel__builder.hpp
[0.413s] -- Up-to-date: /home/cmarrod3/turtlebot3_ws/install/custom_interface/include/custom_interface/srv
[0.413s] -- Up-to-date: /home/cmarrod3/turtlebot3_ws/install/custom_interface/include/custom_interface/srv/detail
[0.413s] -- Up-to-date: /home/cmarrod3/turtlebot3_ws/install/custom_interface/include/custom_interface/srv/detail/my_move_msg__builder.hpp
[0.413s] -- Up-to-date: /home/cmarrod3/turtlebot3_ws/install/custom_interface/include/custom_interface/srv/detail/my_move_msg__struct.hpp
[0.413s] -- Up-to-date: /home/cmarrod3/turtlebot3_ws/install/custom_interface/include/custom_interface/srv/detail/my_move_msg__traits.hpp
[0.413s] -- Up-to-date: /home/cmarrod3/turtlebot3_ws/install/custom_interface/include/custom_interface/srv/my_move_msg.hpp
[0.413s] -- Up-to-date: /home/cmarrod3/turtlebot3_ws/install/custom_interface/include/custom_interface
[0.413s] -- Up-to-date: /home/cmarrod3/turtlebot3_ws/install/custom_interface/include/custom_interface/msg
[0.413s] -- Up-to-date: /home/cmarrod3/turtlebot3_ws/install/custom_interface/include/custom_interface/msg/detail
[0.413s] -- Up-to-date: /home/cmarrod3/turtlebot3_ws/install/custom_interface/include/custom_interface/msg/detail/distvel__rosidl_typesupport_introspection_cpp.hpp
[0.413s] -- Up-to-date: /home/cmarrod3/turtlebot3_ws/install/custom_interface/include/custom_interface/msg/detail/distvel__type_support.cpp
[0.413s] -- Up-to-date: /home/cmarrod3/turtlebot3_ws/install/custom_interface/include/custom_interface/srv
[0.414s] -- Up-to-date: /home/cmarrod3/turtlebot3_ws/install/custom_interface/include/custom_interface/srv/detail
[0.414s] -- Up-to-date: /home/cmarrod3/turtlebot3_ws/install/custom_interface/include/custom_interface/srv/detail/my_move_msg__rosidl_typesupport_introspection_cpp.hpp
[0.414s] -- Up-to-date: /home/cmarrod3/turtlebot3_ws/install/custom_interface/include/custom_interface/srv/detail/my_move_msg__type_support.cpp
[0.414s] -- Up-to-date: /home/cmarrod3/turtlebot3_ws/install/custom_interface/lib/libcustom_interface__rosidl_typesupport_introspection_cpp.so
[0.415s] -- Up-to-date: /home/cmarrod3/turtlebot3_ws/install/custom_interface/lib/libcustom_interface__rosidl_typesupport_cpp.so
[0.415s] -- Up-to-date: /home/cmarrod3/turtlebot3_ws/install/custom_interface/share/custom_interface/environment/pythonpath.sh
[0.415s] -- Up-to-date: /home/cmarrod3/turtlebot3_ws/install/custom_interface/share/custom_interface/environment/pythonpath.dsv
[0.415s] -- Up-to-date: /home/cmarrod3/turtlebot3_ws/install/custom_interface/lib/python3.8/site-packages/custom_interface/__init__.py
[0.439s] -- Up-to-date: /home/cmarrod3/turtlebot3_ws/install/custom_interface/lib/python3.8/site-packages/custom_interface/msg
[0.439s] -- Up-to-date: /home/cmarrod3/turtlebot3_ws/install/custom_interface/lib/python3.8/site-packages/custom_interface/msg/__init__.py
[0.439s] -- Up-to-date: /home/cmarrod3/turtlebot3_ws/install/custom_interface/lib/python3.8/site-packages/custom_interface/msg/_distvel_s.c
[0.439s] -- Up-to-date: /home/cmarrod3/turtlebot3_ws/install/custom_interface/lib/python3.8/site-packages/custom_interface/msg/_distvel.py
[0.439s] -- Up-to-date: /home/cmarrod3/turtlebot3_ws/install/custom_interface/lib/python3.8/site-packages/custom_interface/srv
[0.439s] -- Up-to-date: /home/cmarrod3/turtlebot3_ws/install/custom_interface/lib/python3.8/site-packages/custom_interface/srv/__init__.py
[0.439s] -- Up-to-date: /home/cmarrod3/turtlebot3_ws/install/custom_interface/lib/python3.8/site-packages/custom_interface/srv/_my_move_msg.py
[0.439s] -- Up-to-date: /home/cmarrod3/turtlebot3_ws/install/custom_interface/lib/python3.8/site-packages/custom_interface/srv/_my_move_msg_s.c
[0.440s] -- Up-to-date: /home/cmarrod3/turtlebot3_ws/install/custom_interface/lib/python3.8/site-packages/custom_interface/custom_interface_s__rosidl_typesupport_fastrtps_c.cpython-38-x86_64-linux-gnu.so
[0.441s] -- Up-to-date: /home/cmarrod3/turtlebot3_ws/install/custom_interface/lib/python3.8/site-packages/custom_interface/custom_interface_s__rosidl_typesupport_introspection_c.cpython-38-x86_64-linux-gnu.so
[0.442s] -- Up-to-date: /home/cmarrod3/turtlebot3_ws/install/custom_interface/lib/python3.8/site-packages/custom_interface/custom_interface_s__rosidl_typesupport_c.cpython-38-x86_64-linux-gnu.so
[0.444s] -- Up-to-date: /home/cmarrod3/turtlebot3_ws/install/custom_interface/lib/libcustom_interface__python.so
[0.444s] -- Up-to-date: /home/cmarrod3/turtlebot3_ws/install/custom_interface/share/custom_interface/msg/Distvel.idl
[0.444s] -- Up-to-date: /home/cmarrod3/turtlebot3_ws/install/custom_interface/share/custom_interface/srv/MyMoveMsg.idl
[0.444s] -- Up-to-date: /home/cmarrod3/turtlebot3_ws/install/custom_interface/share/custom_interface/msg/Distvel.msg
[0.445s] -- Up-to-date: /home/cmarrod3/turtlebot3_ws/install/custom_interface/share/custom_interface/srv/MyMoveMsg.srv
[0.445s] -- Up-to-date: /home/cmarrod3/turtlebot3_ws/install/custom_interface/share/custom_interface/srv/MyMoveMsg_Request.msg
[0.445s] -- Up-to-date: /home/cmarrod3/turtlebot3_ws/install/custom_interface/share/custom_interface/srv/MyMoveMsg_Response.msg
[0.445s] -- Up-to-date: /home/cmarrod3/turtlebot3_ws/install/custom_interface/share/ament_index/resource_index/package_run_dependencies/custom_interface
[0.445s] -- Up-to-date: /home/cmarrod3/turtlebot3_ws/install/custom_interface/share/ament_index/resource_index/parent_prefix_path/custom_interface
[0.445s] -- Up-to-date: /home/cmarrod3/turtlebot3_ws/install/custom_interface/share/custom_interface/environment/ament_prefix_path.sh
[0.445s] -- Up-to-date: /home/cmarrod3/turtlebot3_ws/install/custom_interface/share/custom_interface/environment/ament_prefix_path.dsv
[0.445s] -- Up-to-date: /home/cmarrod3/turtlebot3_ws/install/custom_interface/share/custom_interface/environment/path.sh
[0.445s] -- Up-to-date: /home/cmarrod3/turtlebot3_ws/install/custom_interface/share/custom_interface/environment/path.dsv
[0.445s] -- Up-to-date: /home/cmarrod3/turtlebot3_ws/install/custom_interface/share/custom_interface/local_setup.bash
[0.446s] -- Up-to-date: /home/cmarrod3/turtlebot3_ws/install/custom_interface/share/custom_interface/local_setup.sh
[0.446s] -- Up-to-date: /home/cmarrod3/turtlebot3_ws/install/custom_interface/share/custom_interface/local_setup.zsh
[0.446s] -- Up-to-date: /home/cmarrod3/turtlebot3_ws/install/custom_interface/share/custom_interface/local_setup.dsv
[0.446s] -- Installing: /home/cmarrod3/turtlebot3_ws/install/custom_interface/share/custom_interface/package.dsv
[0.446s] -- Up-to-date: /home/cmarrod3/turtlebot3_ws/install/custom_interface/share/ament_index/resource_index/packages/custom_interface
[0.448s] -- Up-to-date: /home/cmarrod3/turtlebot3_ws/install/custom_interface/share/custom_interface/cmake/custom_interface__rosidl_generator_cExport.cmake
[0.448s] -- Up-to-date: /home/cmarrod3/turtlebot3_ws/install/custom_interface/share/custom_interface/cmake/custom_interface__rosidl_generator_cExport-noconfig.cmake
[0.448s] -- Up-to-date: /home/cmarrod3/turtlebot3_ws/install/custom_interface/share/custom_interface/cmake/custom_interface__rosidl_typesupport_introspection_cExport.cmake
[0.448s] -- Up-to-date: /home/cmarrod3/turtlebot3_ws/install/custom_interface/share/custom_interface/cmake/custom_interface__rosidl_typesupport_introspection_cExport-noconfig.cmake
[0.449s] -- Up-to-date: /home/cmarrod3/turtlebot3_ws/install/custom_interface/share/custom_interface/cmake/custom_interface__rosidl_typesupport_cExport.cmake
[0.449s] -- Up-to-date: /home/cmarrod3/turtlebot3_ws/install/custom_interface/share/custom_interface/cmake/custom_interface__rosidl_typesupport_cExport-noconfig.cmake
[0.450s] -- Up-to-date: /home/cmarrod3/turtlebot3_ws/install/custom_interface/share/custom_interface/cmake/custom_interface__rosidl_generator_cppExport.cmake
[0.450s] -- Up-to-date: /home/cmarrod3/turtlebot3_ws/install/custom_interface/share/custom_interface/cmake/custom_interface__rosidl_typesupport_introspection_cppExport.cmake
[0.450s] -- Up-to-date: /home/cmarrod3/turtlebot3_ws/install/custom_interface/share/custom_interface/cmake/custom_interface__rosidl_typesupport_introspection_cppExport-noconfig.cmake
[0.451s] -- Up-to-date: /home/cmarrod3/turtlebot3_ws/install/custom_interface/share/custom_interface/cmake/custom_interface__rosidl_typesupport_cppExport.cmake
[0.451s] -- Up-to-date: /home/cmarrod3/turtlebot3_ws/install/custom_interface/share/custom_interface/cmake/custom_interface__rosidl_typesupport_cppExport-noconfig.cmake
[0.451s] -- Up-to-date: /home/cmarrod3/turtlebot3_ws/install/custom_interface/share/custom_interface/cmake/rosidl_cmake-extras.cmake
[0.451s] -- Up-to-date: /home/cmarrod3/turtlebot3_ws/install/custom_interface/share/custom_interface/cmake/ament_cmake_export_dependencies-extras.cmake
[0.451s] -- Up-to-date: /home/cmarrod3/turtlebot3_ws/install/custom_interface/share/custom_interface/cmake/ament_cmake_export_libraries-extras.cmake
[0.451s] -- Up-to-date: /home/cmarrod3/turtlebot3_ws/install/custom_interface/share/custom_interface/cmake/ament_cmake_export_targets-extras.cmake
[0.452s] -- Up-to-date: /home/cmarrod3/turtlebot3_ws/install/custom_interface/share/custom_interface/cmake/ament_cmake_export_include_directories-extras.cmake
[0.452s] -- Up-to-date: /home/cmarrod3/turtlebot3_ws/install/custom_interface/share/custom_interface/cmake/rosidl_cmake_export_typesupport_libraries-extras.cmake
[0.452s] -- Up-to-date: /home/cmarrod3/turtlebot3_ws/install/custom_interface/share/custom_interface/cmake/rosidl_cmake_export_typesupport_targets-extras.cmake
[0.452s] -- Up-to-date: /home/cmarrod3/turtlebot3_ws/install/custom_interface/share/custom_interface/cmake/custom_interfaceConfig.cmake
[0.452s] -- Up-to-date: /home/cmarrod3/turtlebot3_ws/install/custom_interface/share/custom_interface/cmake/custom_interfaceConfig-version.cmake
[0.452s] -- Up-to-date: /home/cmarrod3/turtlebot3_ws/install/custom_interface/share/custom_interface/package.xml
[0.454s] Invoked command in '/home/cmarrod3/turtlebot3_ws/build/custom_interface' returned '0': CMAKE_PREFIX_PATH=${CMAKE_PREFIX_PATH}:/home/cmarrod3/turtlebot3_ws/install/show_msg:/home/cmarrod3/turtlebot3_ws/install/my_first_subscriber:/home/cmarrod3/turtlebot3_ws/install/my_first_service:/home/cmarrod3/turtlebot3_ws/install/my_first_publisher:/home/cmarrod3/turtlebot3_ws/install/my_first_node:/opt/ros/galactic /usr/bin/cmake --install /home/cmarrod3/turtlebot3_ws/build/custom_interface
