[1.597s] DEBUG:colcon:Command line arguments: ['/usr/bin/colcon', 'build', '--packages-select', 'my_world']
[1.597s] DEBUG:colcon:Parsed command line arguments: Namespace(allow_overriding=[], ament_cmake_args=None, base_paths=['.'], build_base='build', catkin_cmake_args=None, catkin_skip_building_tests=False, cmake_args=None, cmake_clean_cache=False, cmake_clean_first=False, cmake_force_configure=False, cmake_target=None, cmake_target_skip_unavailable=False, continue_on_error=False, event_handlers=None, executor='parallel', ignore_user_meta=False, install_base='install', log_base=None, log_level=None, main=<bound method BuildVerb.main of <colcon_core.verb.build.BuildVerb object at 0x7ff532811070>>, merge_install=False, metas=['./colcon.meta'], packages_above=None, packages_above_and_dependencies=None, packages_above_depth=None, packages_end=None, packages_ignore=None, packages_ignore_regex=None, packages_select=['my_world'], packages_select_build_failed=False, packages_select_by_dep=None, packages_select_regex=None, packages_select_test_failures=False, packages_skip=None, packages_skip_build_finished=False, packages_skip_by_dep=None, packages_skip_regex=None, packages_skip_test_passed=False, packages_skip_up_to=None, packages_start=None, packages_up_to=None, packages_up_to_regex=None, parallel_workers=4, paths=None, symlink_install=False, test_result_base=None, verb_extension=<colcon_core.verb.build.BuildVerb object at 0x7ff532811070>, verb_name='build', verb_parser=<colcon_defaults.argument_parser.defaults.DefaultArgumentsDecorator object at 0x7ff532811310>)
[1.662s] Level 1:colcon.colcon_core.package_discovery:discover_packages(colcon_meta) check parameters
[1.662s] Level 1:colcon.colcon_core.package_discovery:discover_packages(recursive) check parameters
[1.662s] Level 1:colcon.colcon_core.package_discovery:discover_packages(ignore) check parameters
[1.662s] Level 1:colcon.colcon_core.package_discovery:discover_packages(path) check parameters
[1.662s] Level 1:colcon.colcon_core.package_discovery:discover_packages(colcon_meta) discover
[1.662s] Level 1:colcon.colcon_core.package_discovery:discover_packages(recursive) discover
[1.662s] INFO:colcon.colcon_core.package_discovery:Crawling recursively for packages in '/home/dmpasgal/Clothy/ROS/turtlebot3_ws/src'
[1.662s] Level 1:colcon.colcon_core.package_identification:_identify(.) by extensions ['ignore', 'ignore_ament_install']
[1.663s] Level 1:colcon.colcon_core.package_identification:_identify(.) by extension 'ignore'
[1.663s] Level 1:colcon.colcon_core.package_identification:_identify(.) by extension 'ignore_ament_install'
[1.663s] Level 1:colcon.colcon_core.package_identification:_identify(.) by extensions ['colcon_pkg']
[1.663s] Level 1:colcon.colcon_core.package_identification:_identify(.) by extension 'colcon_pkg'
[1.663s] Level 1:colcon.colcon_core.package_identification:_identify(.) by extensions ['colcon_meta']
[1.663s] Level 1:colcon.colcon_core.package_identification:_identify(.) by extension 'colcon_meta'
[1.663s] Level 1:colcon.colcon_core.package_identification:_identify(.) by extensions ['ros']
[1.663s] Level 1:colcon.colcon_core.package_identification:_identify(.) by extension 'ros'
[1.674s] Level 1:colcon.colcon_core.package_identification:_identify(.) by extensions ['cmake', 'python']
[1.674s] Level 1:colcon.colcon_core.package_identification:_identify(.) by extension 'cmake'
[1.674s] Level 1:colcon.colcon_core.package_identification:_identify(.) by extension 'python'
[1.674s] Level 1:colcon.colcon_core.package_identification:_identify(.) by extensions ['python_setup_py']
[1.674s] Level 1:colcon.colcon_core.package_identification:_identify(.) by extension 'python_setup_py'
[1.675s] Level 1:colcon.colcon_core.package_identification:_identify(build) by extensions ['ignore', 'ignore_ament_install']
[1.675s] Level 1:colcon.colcon_core.package_identification:_identify(build) by extension 'ignore'
[1.675s] Level 1:colcon.colcon_core.package_identification:_identify(build) ignored
[1.675s] Level 1:colcon.colcon_core.package_identification:_identify(custom_interface) by extensions ['ignore', 'ignore_ament_install']
[1.677s] Level 1:colcon.colcon_core.package_identification:_identify(custom_interface) by extension 'ignore'
[1.677s] Level 1:colcon.colcon_core.package_identification:_identify(custom_interface) by extension 'ignore_ament_install'
[1.677s] Level 1:colcon.colcon_core.package_identification:_identify(custom_interface) by extensions ['colcon_pkg']
[1.677s] Level 1:colcon.colcon_core.package_identification:_identify(custom_interface) by extension 'colcon_pkg'
[1.677s] Level 1:colcon.colcon_core.package_identification:_identify(custom_interface) by extensions ['colcon_meta']
[1.677s] Level 1:colcon.colcon_core.package_identification:_identify(custom_interface) by extension 'colcon_meta'
[1.677s] Level 1:colcon.colcon_core.package_identification:_identify(custom_interface) by extensions ['ros']
[1.677s] Level 1:colcon.colcon_core.package_identification:_identify(custom_interface) by extension 'ros'
[1.678s] DEBUG:colcon.colcon_core.package_identification:Package 'custom_interface' with type 'ros.ament_cmake' and name 'custom_interface'
[1.679s] Level 1:colcon.colcon_core.package_identification:_identify(install) by extensions ['ignore', 'ignore_ament_install']
[1.679s] Level 1:colcon.colcon_core.package_identification:_identify(install) by extension 'ignore'
[1.679s] Level 1:colcon.colcon_core.package_identification:_identify(install) ignored
[1.679s] Level 1:colcon.colcon_core.package_identification:_identify(log) by extensions ['ignore', 'ignore_ament_install']
[1.679s] Level 1:colcon.colcon_core.package_identification:_identify(log) by extension 'ignore'
[1.679s] Level 1:colcon.colcon_core.package_identification:_identify(log) ignored
[1.679s] Level 1:colcon.colcon_core.package_identification:_identify(my_slam) by extensions ['ignore', 'ignore_ament_install']
[1.679s] Level 1:colcon.colcon_core.package_identification:_identify(my_slam) by extension 'ignore'
[1.679s] Level 1:colcon.colcon_core.package_identification:_identify(my_slam) by extension 'ignore_ament_install'
[1.679s] Level 1:colcon.colcon_core.package_identification:_identify(my_slam) by extensions ['colcon_pkg']
[1.679s] Level 1:colcon.colcon_core.package_identification:_identify(my_slam) by extension 'colcon_pkg'
[1.679s] Level 1:colcon.colcon_core.package_identification:_identify(my_slam) by extensions ['colcon_meta']
[1.679s] Level 1:colcon.colcon_core.package_identification:_identify(my_slam) by extension 'colcon_meta'
[1.679s] Level 1:colcon.colcon_core.package_identification:_identify(my_slam) by extensions ['ros']
[1.679s] Level 1:colcon.colcon_core.package_identification:_identify(my_slam) by extension 'ros'
[1.680s] DEBUG:colcon.colcon_core.package_identification:Package 'my_slam' with type 'ros.ament_python' and name 'my_slam'
[1.680s] Level 1:colcon.colcon_core.package_identification:_identify(my_world) by extensions ['ignore', 'ignore_ament_install']
[1.680s] Level 1:colcon.colcon_core.package_identification:_identify(my_world) by extension 'ignore'
[1.680s] Level 1:colcon.colcon_core.package_identification:_identify(my_world) by extension 'ignore_ament_install'
[1.680s] Level 1:colcon.colcon_core.package_identification:_identify(my_world) by extensions ['colcon_pkg']
[1.680s] Level 1:colcon.colcon_core.package_identification:_identify(my_world) by extension 'colcon_pkg'
[1.680s] Level 1:colcon.colcon_core.package_identification:_identify(my_world) by extensions ['colcon_meta']
[1.680s] Level 1:colcon.colcon_core.package_identification:_identify(my_world) by extension 'colcon_meta'
[1.680s] Level 1:colcon.colcon_core.package_identification:_identify(my_world) by extensions ['ros']
[1.680s] Level 1:colcon.colcon_core.package_identification:_identify(my_world) by extension 'ros'
[1.681s] DEBUG:colcon.colcon_core.package_identification:Package 'my_world' with type 'ros.ament_cmake' and name 'my_world'
[1.681s] Level 1:colcon.colcon_core.package_identification:_identify(provide_map) by extensions ['ignore', 'ignore_ament_install']
[1.681s] Level 1:colcon.colcon_core.package_identification:_identify(provide_map) by extension 'ignore'
[1.681s] Level 1:colcon.colcon_core.package_identification:_identify(provide_map) by extension 'ignore_ament_install'
[1.681s] Level 1:colcon.colcon_core.package_identification:_identify(provide_map) by extensions ['colcon_pkg']
[1.681s] Level 1:colcon.colcon_core.package_identification:_identify(provide_map) by extension 'colcon_pkg'
[1.681s] Level 1:colcon.colcon_core.package_identification:_identify(provide_map) by extensions ['colcon_meta']
[1.681s] Level 1:colcon.colcon_core.package_identification:_identify(provide_map) by extension 'colcon_meta'
[1.681s] Level 1:colcon.colcon_core.package_identification:_identify(provide_map) by extensions ['ros']
[1.681s] Level 1:colcon.colcon_core.package_identification:_identify(provide_map) by extension 'ros'
[1.681s] DEBUG:colcon.colcon_core.package_identification:Package 'provide_map' with type 'ros.ament_python' and name 'provide_map'
[1.681s] Level 1:colcon.colcon_core.package_identification:_identify(show_msg) by extensions ['ignore', 'ignore_ament_install']
[1.681s] Level 1:colcon.colcon_core.package_identification:_identify(show_msg) by extension 'ignore'
[1.681s] Level 1:colcon.colcon_core.package_identification:_identify(show_msg) by extension 'ignore_ament_install'
[1.681s] Level 1:colcon.colcon_core.package_identification:_identify(show_msg) by extensions ['colcon_pkg']
[1.682s] Level 1:colcon.colcon_core.package_identification:_identify(show_msg) by extension 'colcon_pkg'
[1.682s] Level 1:colcon.colcon_core.package_identification:_identify(show_msg) by extensions ['colcon_meta']
[1.682s] Level 1:colcon.colcon_core.package_identification:_identify(show_msg) by extension 'colcon_meta'
[1.682s] Level 1:colcon.colcon_core.package_identification:_identify(show_msg) by extensions ['ros']
[1.682s] Level 1:colcon.colcon_core.package_identification:_identify(show_msg) by extension 'ros'
[1.682s] DEBUG:colcon.colcon_core.package_identification:Package 'show_msg' with type 'ros.ament_python' and name 'show_msg'
[1.682s] Level 1:colcon.colcon_core.package_identification:_identify(turtlebot3_simulations) by extensions ['ignore', 'ignore_ament_install']
[1.682s] Level 1:colcon.colcon_core.package_identification:_identify(turtlebot3_simulations) by extension 'ignore'
[1.682s] Level 1:colcon.colcon_core.package_identification:_identify(turtlebot3_simulations) by extension 'ignore_ament_install'
[1.682s] Level 1:colcon.colcon_core.package_identification:_identify(turtlebot3_simulations) by extensions ['colcon_pkg']
[1.682s] Level 1:colcon.colcon_core.package_identification:_identify(turtlebot3_simulations) by extension 'colcon_pkg'
[1.682s] Level 1:colcon.colcon_core.package_identification:_identify(turtlebot3_simulations) by extensions ['colcon_meta']
[1.682s] Level 1:colcon.colcon_core.package_identification:_identify(turtlebot3_simulations) by extension 'colcon_meta'
[1.682s] Level 1:colcon.colcon_core.package_identification:_identify(turtlebot3_simulations) by extensions ['ros']
[1.682s] Level 1:colcon.colcon_core.package_identification:_identify(turtlebot3_simulations) by extension 'ros'
[1.682s] Level 1:colcon.colcon_core.package_identification:_identify(turtlebot3_simulations) by extensions ['cmake', 'python']
[1.682s] Level 1:colcon.colcon_core.package_identification:_identify(turtlebot3_simulations) by extension 'cmake'
[1.683s] Level 1:colcon.colcon_core.package_identification:_identify(turtlebot3_simulations) by extension 'python'
[1.683s] Level 1:colcon.colcon_core.package_identification:_identify(turtlebot3_simulations) by extensions ['python_setup_py']
[1.683s] Level 1:colcon.colcon_core.package_identification:_identify(turtlebot3_simulations) by extension 'python_setup_py'
[1.683s] Level 1:colcon.colcon_core.package_identification:_identify(turtlebot3_simulations/turtlebot3_fake_node) by extensions ['ignore', 'ignore_ament_install']
[1.683s] Level 1:colcon.colcon_core.package_identification:_identify(turtlebot3_simulations/turtlebot3_fake_node) by extension 'ignore'
[1.683s] Level 1:colcon.colcon_core.package_identification:_identify(turtlebot3_simulations/turtlebot3_fake_node) by extension 'ignore_ament_install'
[1.683s] Level 1:colcon.colcon_core.package_identification:_identify(turtlebot3_simulations/turtlebot3_fake_node) by extensions ['colcon_pkg']
[1.683s] Level 1:colcon.colcon_core.package_identification:_identify(turtlebot3_simulations/turtlebot3_fake_node) by extension 'colcon_pkg'
[1.683s] Level 1:colcon.colcon_core.package_identification:_identify(turtlebot3_simulations/turtlebot3_fake_node) by extensions ['colcon_meta']
[1.683s] Level 1:colcon.colcon_core.package_identification:_identify(turtlebot3_simulations/turtlebot3_fake_node) by extension 'colcon_meta'
[1.683s] Level 1:colcon.colcon_core.package_identification:_identify(turtlebot3_simulations/turtlebot3_fake_node) by extensions ['ros']
[1.683s] Level 1:colcon.colcon_core.package_identification:_identify(turtlebot3_simulations/turtlebot3_fake_node) by extension 'ros'
[1.683s] DEBUG:colcon.colcon_core.package_identification:Package 'turtlebot3_simulations/turtlebot3_fake_node' with type 'ros.ament_cmake' and name 'turtlebot3_fake_node'
[1.684s] Level 1:colcon.colcon_core.package_identification:_identify(turtlebot3_simulations/turtlebot3_gazebo) by extensions ['ignore', 'ignore_ament_install']
[1.684s] Level 1:colcon.colcon_core.package_identification:_identify(turtlebot3_simulations/turtlebot3_gazebo) by extension 'ignore'
[1.684s] Level 1:colcon.colcon_core.package_identification:_identify(turtlebot3_simulations/turtlebot3_gazebo) by extension 'ignore_ament_install'
[1.684s] Level 1:colcon.colcon_core.package_identification:_identify(turtlebot3_simulations/turtlebot3_gazebo) by extensions ['colcon_pkg']
[1.684s] Level 1:colcon.colcon_core.package_identification:_identify(turtlebot3_simulations/turtlebot3_gazebo) by extension 'colcon_pkg'
[1.684s] Level 1:colcon.colcon_core.package_identification:_identify(turtlebot3_simulations/turtlebot3_gazebo) by extensions ['colcon_meta']
[1.684s] Level 1:colcon.colcon_core.package_identification:_identify(turtlebot3_simulations/turtlebot3_gazebo) by extension 'colcon_meta'
[1.684s] Level 1:colcon.colcon_core.package_identification:_identify(turtlebot3_simulations/turtlebot3_gazebo) by extensions ['ros']
[1.684s] Level 1:colcon.colcon_core.package_identification:_identify(turtlebot3_simulations/turtlebot3_gazebo) by extension 'ros'
[1.685s] DEBUG:colcon.colcon_core.package_identification:Package 'turtlebot3_simulations/turtlebot3_gazebo' with type 'ros.ament_cmake' and name 'turtlebot3_gazebo'
[1.685s] Level 1:colcon.colcon_core.package_identification:_identify(turtlebot3_simulations/turtlebot3_simulations) by extensions ['ignore', 'ignore_ament_install']
[1.685s] Level 1:colcon.colcon_core.package_identification:_identify(turtlebot3_simulations/turtlebot3_simulations) by extension 'ignore'
[1.685s] Level 1:colcon.colcon_core.package_identification:_identify(turtlebot3_simulations/turtlebot3_simulations) by extension 'ignore_ament_install'
[1.685s] Level 1:colcon.colcon_core.package_identification:_identify(turtlebot3_simulations/turtlebot3_simulations) by extensions ['colcon_pkg']
[1.685s] Level 1:colcon.colcon_core.package_identification:_identify(turtlebot3_simulations/turtlebot3_simulations) by extension 'colcon_pkg'
[1.685s] Level 1:colcon.colcon_core.package_identification:_identify(turtlebot3_simulations/turtlebot3_simulations) by extensions ['colcon_meta']
[1.685s] Level 1:colcon.colcon_core.package_identification:_identify(turtlebot3_simulations/turtlebot3_simulations) by extension 'colcon_meta'
[1.685s] Level 1:colcon.colcon_core.package_identification:_identify(turtlebot3_simulations/turtlebot3_simulations) by extensions ['ros']
[1.685s] Level 1:colcon.colcon_core.package_identification:_identify(turtlebot3_simulations/turtlebot3_simulations) by extension 'ros'
[1.686s] DEBUG:colcon.colcon_core.package_identification:Package 'turtlebot3_simulations/turtlebot3_simulations' with type 'ros.ament_cmake' and name 'turtlebot3_simulations'
[1.686s] Level 1:colcon.colcon_core.package_discovery:discover_packages(recursive) using defaults
[1.686s] Level 1:colcon.colcon_core.package_discovery:discover_packages(ignore) discover
[1.686s] Level 1:colcon.colcon_core.package_discovery:discover_packages(ignore) using defaults
[1.686s] Level 1:colcon.colcon_core.package_discovery:discover_packages(path) discover
[1.686s] Level 1:colcon.colcon_core.package_discovery:discover_packages(path) using defaults
[1.766s] INFO:colcon.colcon_core.package_selection:Skipping not selected package 'custom_interface' in 'custom_interface'
[1.766s] INFO:colcon.colcon_core.package_selection:Skipping not selected package 'my_slam' in 'my_slam'
[1.766s] INFO:colcon.colcon_core.package_selection:Skipping not selected package 'provide_map' in 'provide_map'
[1.766s] INFO:colcon.colcon_core.package_selection:Skipping not selected package 'turtlebot3_fake_node' in 'turtlebot3_simulations/turtlebot3_fake_node'
[1.766s] INFO:colcon.colcon_core.package_selection:Skipping not selected package 'turtlebot3_gazebo' in 'turtlebot3_simulations/turtlebot3_gazebo'
[1.766s] INFO:colcon.colcon_core.package_selection:Skipping not selected package 'show_msg' in 'show_msg'
[1.766s] INFO:colcon.colcon_core.package_selection:Skipping not selected package 'turtlebot3_simulations' in 'turtlebot3_simulations/turtlebot3_simulations'
[1.811s] Level 1:colcon.colcon_core.package_discovery:discover_packages(prefix_path) check parameters
[1.811s] Level 1:colcon.colcon_core.package_discovery:discover_packages(prefix_path) discover
[1.875s] DEBUG:colcon.colcon_installed_package_information.package_discovery:Found 9 installed packages in /home/dmpasgal/turtlebot3_ws/install
[1.899s] DEBUG:colcon.colcon_installed_package_information.package_discovery:Found 1 installed packages in /home/dmpasgal/turtlebot3_ws/src/install
[1.928s] DEBUG:colcon.colcon_installed_package_information.package_discovery:Found 336 installed packages in /opt/ros/galactic
[1.929s] Level 1:colcon.colcon_core.package_discovery:discover_packages(prefix_path) using defaults
[2.150s] Level 5:colcon.colcon_core.verb:set package 'my_world' build argument 'cmake_args' from command line to 'None'
[2.150s] Level 5:colcon.colcon_core.verb:set package 'my_world' build argument 'cmake_target' from command line to 'None'
[2.150s] Level 5:colcon.colcon_core.verb:set package 'my_world' build argument 'cmake_target_skip_unavailable' from command line to 'False'
[2.150s] Level 5:colcon.colcon_core.verb:set package 'my_world' build argument 'cmake_clean_cache' from command line to 'False'
[2.150s] Level 5:colcon.colcon_core.verb:set package 'my_world' build argument 'cmake_clean_first' from command line to 'False'
[2.150s] Level 5:colcon.colcon_core.verb:set package 'my_world' build argument 'cmake_force_configure' from command line to 'False'
[2.150s] Level 5:colcon.colcon_core.verb:set package 'my_world' build argument 'ament_cmake_args' from command line to 'None'
[2.150s] Level 5:colcon.colcon_core.verb:set package 'my_world' build argument 'catkin_cmake_args' from command line to 'None'
[2.150s] Level 5:colcon.colcon_core.verb:set package 'my_world' build argument 'catkin_skip_building_tests' from command line to 'False'
[2.150s] DEBUG:colcon.colcon_core.verb:Building package 'my_world' with the following arguments: {'ament_cmake_args': None, 'build_base': '/home/dmpasgal/Clothy/ROS/turtlebot3_ws/src/build/my_world', 'catkin_cmake_args': None, 'catkin_skip_building_tests': False, 'cmake_args': None, 'cmake_clean_cache': False, 'cmake_clean_first': False, 'cmake_force_configure': False, 'cmake_target': None, 'cmake_target_skip_unavailable': False, 'install_base': '/home/dmpasgal/Clothy/ROS/turtlebot3_ws/src/install/my_world', 'merge_install': False, 'path': '/home/dmpasgal/Clothy/ROS/turtlebot3_ws/src/my_world', 'symlink_install': False, 'test_result_base': None}
[2.172s] INFO:colcon.colcon_core.executor:Executing jobs using 'parallel' executor
[2.195s] DEBUG:colcon.colcon_parallel_executor.executor.parallel:run_until_complete
[2.196s] INFO:colcon.colcon_ros.task.ament_cmake.build:Building ROS package in '/home/dmpasgal/Clothy/ROS/turtlebot3_ws/src/my_world' with build type 'ament_cmake'
[2.196s] INFO:colcon.colcon_cmake.task.cmake.build:Building CMake package in '/home/dmpasgal/Clothy/ROS/turtlebot3_ws/src/my_world'
[2.222s] INFO:colcon.colcon_core.plugin_system:Skipping extension 'colcon_core.shell.bat': Not used on non-Windows systems
[2.222s] INFO:colcon.colcon_core.shell:Skip shell extension 'powershell' for command environment: Not usable outside of PowerShell
[2.222s] DEBUG:colcon.colcon_core.shell:Skip shell extension 'dsv' for command environment
[2.322s] WARNING:colcon.colcon_core.shell:The following packages are in the workspace but haven't been built:
- turtlebot3_gazebo
They are being used from the following locations instead:
- /home/dmpasgal/turtlebot3_ws/install/turtlebot3_gazebo
To suppress this warning ignore these packages in the workspace:
--packages-ignore turtlebot3_gazebo
[2.338s] DEBUG:colcon.colcon_core.event_handler.log_command:Invoking command in '/home/dmpasgal/Clothy/ROS/turtlebot3_ws/src/build/my_world': CMAKE_PREFIX_PATH=${CMAKE_PREFIX_PATH}:/home/dmpasgal/turtlebot3_ws/install/show_msg:/home/dmpasgal/turtlebot3_ws/install/my_first_subscriber:/home/dmpasgal/turtlebot3_ws/install/my_first_publisher:/home/dmpasgal/turtlebot3_ws/install/my_first_node:/home/dmpasgal/turtlebot3_ws/src/install/show_msg:/opt/ros/galactic /usr/bin/cmake --build /home/dmpasgal/Clothy/ROS/turtlebot3_ws/src/build/my_world -- -j4 -l4
[2.406s] DEBUG:colcon.colcon_core.event_handler.log_command:Invoked command in '/home/dmpasgal/Clothy/ROS/turtlebot3_ws/src/build/my_world' returned '0': CMAKE_PREFIX_PATH=${CMAKE_PREFIX_PATH}:/home/dmpasgal/turtlebot3_ws/install/show_msg:/home/dmpasgal/turtlebot3_ws/install/my_first_subscriber:/home/dmpasgal/turtlebot3_ws/install/my_first_publisher:/home/dmpasgal/turtlebot3_ws/install/my_first_node:/home/dmpasgal/turtlebot3_ws/src/install/show_msg:/opt/ros/galactic /usr/bin/cmake --build /home/dmpasgal/Clothy/ROS/turtlebot3_ws/src/build/my_world -- -j4 -l4
[2.443s] DEBUG:colcon.colcon_core.event_handler.log_command:Invoking command in '/home/dmpasgal/Clothy/ROS/turtlebot3_ws/src/build/my_world': CMAKE_PREFIX_PATH=${CMAKE_PREFIX_PATH}:/home/dmpasgal/turtlebot3_ws/install/show_msg:/home/dmpasgal/turtlebot3_ws/install/my_first_subscriber:/home/dmpasgal/turtlebot3_ws/install/my_first_publisher:/home/dmpasgal/turtlebot3_ws/install/my_first_node:/home/dmpasgal/turtlebot3_ws/src/install/show_msg:/opt/ros/galactic /usr/bin/cmake --install /home/dmpasgal/Clothy/ROS/turtlebot3_ws/src/build/my_world
[2.467s] Level 1:colcon.colcon_core.environment:create_environment_scripts_only(my_world)
[2.469s] DEBUG:colcon.colcon_core.event_handler.log_command:Invoked command in '/home/dmpasgal/Clothy/ROS/turtlebot3_ws/src/build/my_world' returned '0': CMAKE_PREFIX_PATH=${CMAKE_PREFIX_PATH}:/home/dmpasgal/turtlebot3_ws/install/show_msg:/home/dmpasgal/turtlebot3_ws/install/my_first_subscriber:/home/dmpasgal/turtlebot3_ws/install/my_first_publisher:/home/dmpasgal/turtlebot3_ws/install/my_first_node:/home/dmpasgal/turtlebot3_ws/src/install/show_msg:/opt/ros/galactic /usr/bin/cmake --install /home/dmpasgal/Clothy/ROS/turtlebot3_ws/src/build/my_world
[2.493s] Level 1:colcon.colcon_core.environment:checking '/home/dmpasgal/Clothy/ROS/turtlebot3_ws/src/install/my_world' for CMake module files
[2.493s] Level 1:colcon.colcon_core.environment:checking '/home/dmpasgal/Clothy/ROS/turtlebot3_ws/src/install/my_world' for CMake config files
[2.493s] Level 1:colcon.colcon_core.shell:create_environment_hook('my_world', 'cmake_prefix_path')
[2.517s] INFO:colcon.colcon_core.shell:Creating environment hook '/home/dmpasgal/Clothy/ROS/turtlebot3_ws/src/install/my_world/share/my_world/hook/cmake_prefix_path.ps1'
[2.517s] INFO:colcon.colcon_core.shell:Creating environment descriptor '/home/dmpasgal/Clothy/ROS/turtlebot3_ws/src/install/my_world/share/my_world/hook/cmake_prefix_path.dsv'
[2.518s] INFO:colcon.colcon_core.shell:Creating environment hook '/home/dmpasgal/Clothy/ROS/turtlebot3_ws/src/install/my_world/share/my_world/hook/cmake_prefix_path.sh'
[2.518s] Level 1:colcon.colcon_core.environment:checking '/home/dmpasgal/Clothy/ROS/turtlebot3_ws/src/install/my_world/lib'
[2.519s] Level 1:colcon.colcon_core.environment:checking '/home/dmpasgal/Clothy/ROS/turtlebot3_ws/src/install/my_world/bin'
[2.519s] Level 1:colcon.colcon_core.environment:checking '/home/dmpasgal/Clothy/ROS/turtlebot3_ws/src/install/my_world/lib/pkgconfig/my_world.pc'
[2.519s] Level 1:colcon.colcon_core.environment:checking '/home/dmpasgal/Clothy/ROS/turtlebot3_ws/src/install/my_world/lib/python3.8/site-packages'
[2.519s] Level 1:colcon.colcon_core.environment:checking '/home/dmpasgal/Clothy/ROS/turtlebot3_ws/src/install/my_world/bin'
[2.542s] INFO:colcon.colcon_core.shell:Creating package script '/home/dmpasgal/Clothy/ROS/turtlebot3_ws/src/install/my_world/share/my_world/package.ps1'
[2.543s] INFO:colcon.colcon_core.shell:Creating package descriptor '/home/dmpasgal/Clothy/ROS/turtlebot3_ws/src/install/my_world/share/my_world/package.dsv'
[2.543s] INFO:colcon.colcon_core.shell:Creating package script '/home/dmpasgal/Clothy/ROS/turtlebot3_ws/src/install/my_world/share/my_world/package.sh'
[2.544s] INFO:colcon.colcon_core.shell:Creating package script '/home/dmpasgal/Clothy/ROS/turtlebot3_ws/src/install/my_world/share/my_world/package.bash'
[2.545s] INFO:colcon.colcon_core.shell:Creating package script '/home/dmpasgal/Clothy/ROS/turtlebot3_ws/src/install/my_world/share/my_world/package.zsh'
[2.546s] Level 1:colcon.colcon_core.environment:create_file_with_runtime_dependencies(/home/dmpasgal/Clothy/ROS/turtlebot3_ws/src/install/my_world/share/colcon-core/packages/my_world)
[2.599s] Level 1:colcon.colcon_core.environment:create_environment_scripts_only(my_world)
[2.624s] Level 1:colcon.colcon_core.environment:checking '/home/dmpasgal/Clothy/ROS/turtlebot3_ws/src/install/my_world' for CMake module files
[2.624s] Level 1:colcon.colcon_core.environment:checking '/home/dmpasgal/Clothy/ROS/turtlebot3_ws/src/install/my_world' for CMake config files
[2.625s] Level 1:colcon.colcon_core.shell:create_environment_hook('my_world', 'cmake_prefix_path')
[2.649s] INFO:colcon.colcon_core.shell:Creating environment hook '/home/dmpasgal/Clothy/ROS/turtlebot3_ws/src/install/my_world/share/my_world/hook/cmake_prefix_path.ps1'
[2.649s] INFO:colcon.colcon_core.shell:Creating environment descriptor '/home/dmpasgal/Clothy/ROS/turtlebot3_ws/src/install/my_world/share/my_world/hook/cmake_prefix_path.dsv'
[2.650s] INFO:colcon.colcon_core.shell:Creating environment hook '/home/dmpasgal/Clothy/ROS/turtlebot3_ws/src/install/my_world/share/my_world/hook/cmake_prefix_path.sh'
[2.651s] Level 1:colcon.colcon_core.environment:checking '/home/dmpasgal/Clothy/ROS/turtlebot3_ws/src/install/my_world/lib'
[2.651s] Level 1:colcon.colcon_core.environment:checking '/home/dmpasgal/Clothy/ROS/turtlebot3_ws/src/install/my_world/bin'
[2.651s] Level 1:colcon.colcon_core.environment:checking '/home/dmpasgal/Clothy/ROS/turtlebot3_ws/src/install/my_world/lib/pkgconfig/my_world.pc'
[2.651s] Level 1:colcon.colcon_core.environment:checking '/home/dmpasgal/Clothy/ROS/turtlebot3_ws/src/install/my_world/lib/python3.8/site-packages'
[2.651s] Level 1:colcon.colcon_core.environment:checking '/home/dmpasgal/Clothy/ROS/turtlebot3_ws/src/install/my_world/bin'
[2.676s] INFO:colcon.colcon_core.shell:Creating package script '/home/dmpasgal/Clothy/ROS/turtlebot3_ws/src/install/my_world/share/my_world/package.ps1'
[2.677s] INFO:colcon.colcon_core.shell:Creating package descriptor '/home/dmpasgal/Clothy/ROS/turtlebot3_ws/src/install/my_world/share/my_world/package.dsv'
[2.678s] INFO:colcon.colcon_core.shell:Creating package script '/home/dmpasgal/Clothy/ROS/turtlebot3_ws/src/install/my_world/share/my_world/package.sh'
[2.678s] INFO:colcon.colcon_core.shell:Creating package script '/home/dmpasgal/Clothy/ROS/turtlebot3_ws/src/install/my_world/share/my_world/package.bash'
[2.679s] INFO:colcon.colcon_core.shell:Creating package script '/home/dmpasgal/Clothy/ROS/turtlebot3_ws/src/install/my_world/share/my_world/package.zsh'
[2.679s] Level 1:colcon.colcon_core.environment:create_file_with_runtime_dependencies(/home/dmpasgal/Clothy/ROS/turtlebot3_ws/src/install/my_world/share/colcon-core/packages/my_world)
[2.680s] DEBUG:colcon.colcon_parallel_executor.executor.parallel:closing loop
[2.681s] DEBUG:colcon.colcon_parallel_executor.executor.parallel:loop closed
[2.682s] DEBUG:colcon.colcon_parallel_executor.executor.parallel:run_until_complete finished with '0'
[2.682s] DEBUG:colcon.colcon_core.event_reactor:joining thread
[2.714s] INFO:colcon.colcon_core.plugin_system:Skipping extension 'colcon_notification.desktop_notification.terminal_notifier': Not used on non-Darwin systems
[2.714s] INFO:colcon.colcon_core.plugin_system:Skipping extension 'colcon_notification.desktop_notification.win32': Not used on non-Windows systems
[2.714s] INFO:colcon.colcon_notification.desktop_notification:Sending desktop notification using 'notify2'
[2.733s] DEBUG:colcon.colcon_core.event_reactor:joined thread
[2.758s] INFO:colcon.colcon_core.shell:Creating prefix script '/home/dmpasgal/Clothy/ROS/turtlebot3_ws/src/install/local_setup.ps1'
[2.759s] INFO:colcon.colcon_core.shell:Creating prefix util module '/home/dmpasgal/Clothy/ROS/turtlebot3_ws/src/install/_local_setup_util_ps1.py'
[2.760s] INFO:colcon.colcon_core.shell:Creating prefix chain script '/home/dmpasgal/Clothy/ROS/turtlebot3_ws/src/install/setup.ps1'
[2.785s] INFO:colcon.colcon_core.shell:Creating prefix script '/home/dmpasgal/Clothy/ROS/turtlebot3_ws/src/install/local_setup.sh'
[2.786s] INFO:colcon.colcon_core.shell:Creating prefix util module '/home/dmpasgal/Clothy/ROS/turtlebot3_ws/src/install/_local_setup_util_sh.py'
[2.787s] INFO:colcon.colcon_core.shell:Creating prefix chain script '/home/dmpasgal/Clothy/ROS/turtlebot3_ws/src/install/setup.sh'
[2.810s] INFO:colcon.colcon_core.shell:Creating prefix script '/home/dmpasgal/Clothy/ROS/turtlebot3_ws/src/install/local_setup.bash'
[2.810s] INFO:colcon.colcon_core.shell:Creating prefix chain script '/home/dmpasgal/Clothy/ROS/turtlebot3_ws/src/install/setup.bash'
[2.839s] INFO:colcon.colcon_core.shell:Creating prefix script '/home/dmpasgal/Clothy/ROS/turtlebot3_ws/src/install/local_setup.zsh'
[2.840s] INFO:colcon.colcon_core.shell:Creating prefix chain script '/home/dmpasgal/Clothy/ROS/turtlebot3_ws/src/install/setup.zsh'
