[100%] Built target turtlebot3_drive
-- Install configuration: ""
-- Up-to-date: /home/cmarrod3/turtlebot3_ws/install/my_world/lib/my_world/turtlebot3_drive
-- Up-to-date: /home/cmarrod3/turtlebot3_ws/install/my_world/share/my_world//launch
-- Installing: /home/cmarrod3/turtlebot3_ws/install/my_world/share/my_world//launch/turtlebot3_my_world.launch.py
-- Up-to-date: /home/cmarrod3/turtlebot3_ws/install/my_world/share/my_world//models
-- Up-to-date: /home/cmarrod3/turtlebot3_ws/install/my_world/share/my_world//models/my_world
-- Up-to-date: /home/cmarrod3/turtlebot3_ws/install/my_world/share/my_world//models/my_world/model.config
-- Up-to-date: /home/cmarrod3/turtlebot3_ws/install/my_world/share/my_world//models/my_world/model.sdf
-- Installing: /home/cmarrod3/turtlebot3_ws/install/my_world/share/my_world//models/workcell_bin
-- Installing: /home/cmarrod3/turtlebot3_ws/install/my_world/share/my_world//models/workcell_bin/meshes
-- Installing: /home/cmarrod3/turtlebot3_ws/install/my_world/share/my_world//models/workcell_bin/meshes/bin.dae
-- Installing: /home/cmarrod3/turtlebot3_ws/install/my_world/share/my_world//models/workcell_bin/materials
-- Installing: /home/cmarrod3/turtlebot3_ws/install/my_world/share/my_world//models/workcell_bin/materials/textures
-- Installing: /home/cmarrod3/turtlebot3_ws/install/my_world/share/my_world//models/workcell_bin/materials/textures/bin.png
-- Installing: /home/cmarrod3/turtlebot3_ws/install/my_world/share/my_world//models/workcell_bin/model.config
-- Installing: /home/cmarrod3/turtlebot3_ws/install/my_world/share/my_world//models/workcell_bin/model.sdf
-- Up-to-date: /home/cmarrod3/turtlebot3_ws/install/my_world/share/my_world//models/turtlebot3_burger
-- Up-to-date: /home/cmarrod3/turtlebot3_ws/install/my_world/share/my_world//models/turtlebot3_burger/model-1_4.sdf
-- Up-to-date: /home/cmarrod3/turtlebot3_ws/install/my_world/share/my_world//models/turtlebot3_burger/meshes
-- Up-to-date: /home/cmarrod3/turtlebot3_ws/install/my_world/share/my_world//models/turtlebot3_burger/meshes/lds.dae
-- Up-to-date: /home/cmarrod3/turtlebot3_ws/install/my_world/share/my_world//models/turtlebot3_burger/meshes/tire.dae
-- Up-to-date: /home/cmarrod3/turtlebot3_ws/install/my_world/share/my_world//models/turtlebot3_burger/meshes/burger_base.dae
-- Up-to-date: /home/cmarrod3/turtlebot3_ws/install/my_world/share/my_world//models/turtlebot3_burger/model.config
-- Up-to-date: /home/cmarrod3/turtlebot3_ws/install/my_world/share/my_world//models/turtlebot3_burger/model.sdf
-- Installing: /home/cmarrod3/turtlebot3_ws/install/my_world/share/my_world//models/workcell
-- Installing: /home/cmarrod3/turtlebot3_ws/install/my_world/share/my_world//models/workcell/meshes
-- Installing: /home/cmarrod3/turtlebot3_ws/install/my_world/share/my_world//models/workcell/meshes/mesh.dae
-- Installing: /home/cmarrod3/turtlebot3_ws/install/my_world/share/my_world//models/workcell/meshes/mesh_backup.dae
-- Installing: /home/cmarrod3/turtlebot3_ws/install/my_world/share/my_world//models/workcell/materials
-- Installing: /home/cmarrod3/turtlebot3_ws/install/my_world/share/my_world//models/workcell/materials/textures
-- Installing: /home/cmarrod3/turtlebot3_ws/install/my_world/share/my_world//models/workcell/materials/textures/Pallet.png
-- Installing: /home/cmarrod3/turtlebot3_ws/install/my_world/share/my_world//models/workcell/materials/textures/RubberMat.png
-- Installing: /home/cmarrod3/turtlebot3_ws/install/my_world/share/my_world//models/workcell/materials/textures/Plywood.png
-- Installing: /home/cmarrod3/turtlebot3_ws/install/my_world/share/my_world//models/workcell/materials/textures/Conveyor.png
-- Installing: /home/cmarrod3/turtlebot3_ws/install/my_world/share/my_world//models/workcell/materials/textures/RollupDoor.png
-- Installing: /home/cmarrod3/turtlebot3_ws/install/my_world/share/my_world//models/workcell/materials/textures/Wall_Corrugated.png
-- Installing: /home/cmarrod3/turtlebot3_ws/install/my_world/share/my_world//models/workcell/materials/textures/Stairs.png
-- Installing: /home/cmarrod3/turtlebot3_ws/install/my_world/share/my_world//models/workcell/materials/textures/Yellow.png
-- Installing: /home/cmarrod3/turtlebot3_ws/install/my_world/share/my_world//models/workcell/materials/textures/Pillar.png
-- Installing: /home/cmarrod3/turtlebot3_ws/install/my_world/share/my_world//models/workcell/materials/textures/CardboardBoxes.png
-- Installing: /home/cmarrod3/turtlebot3_ws/install/my_world/share/my_world//models/workcell/materials/textures/WorkCell_Render.png
-- Installing: /home/cmarrod3/turtlebot3_ws/install/my_world/share/my_world//models/workcell/materials/textures/Shelves.png
-- Installing: /home/cmarrod3/turtlebot3_ws/install/my_world/share/my_world//models/workcell/materials/textures/Wall_Concrete.png
-- Installing: /home/cmarrod3/turtlebot3_ws/install/my_world/share/my_world//models/workcell/materials/textures/ControlPanel.png
-- Installing: /home/cmarrod3/turtlebot3_ws/install/my_world/share/my_world//models/workcell/materials/textures/Door_Window.png
-- Installing: /home/cmarrod3/turtlebot3_ws/install/my_world/share/my_world//models/workcell/materials/textures/PalletWrap.png
-- Installing: /home/cmarrod3/turtlebot3_ws/install/my_world/share/my_world//models/workcell/materials/textures/Floor.png
-- Installing: /home/cmarrod3/turtlebot3_ws/install/my_world/share/my_world//models/workcell/materials/textures/Mesh.png
-- Installing: /home/cmarrod3/turtlebot3_ws/install/my_world/share/my_world//models/workcell/materials/textures/Bin.png
-- Installing: /home/cmarrod3/turtlebot3_ws/install/my_world/share/my_world//models/workcell/model.config
-- Installing: /home/cmarrod3/turtlebot3_ws/install/my_world/share/my_world//models/workcell/model.sdf
-- Up-to-date: /home/cmarrod3/turtlebot3_ws/install/my_world/share/my_world//world
-- Installing: /home/cmarrod3/turtlebot3_ws/install/my_world/share/my_world//world/warehouse.world
-- Up-to-date: /home/cmarrod3/turtlebot3_ws/install/my_world/share/my_world//world/burger_pi.model
-- Up-to-date: /home/cmarrod3/turtlebot3_ws/install/my_world/share/my_world//world/burger.model
-- Up-to-date: /home/cmarrod3/turtlebot3_ws/install/my_world/share/my_world//urdf
-- Up-to-date: /home/cmarrod3/turtlebot3_ws/install/my_world/share/my_world//urdf/turtlebot3_burger_pi.urdf
-- Up-to-date: /home/cmarrod3/turtlebot3_ws/install/my_world/share/my_world//urdf/turtlebot3_burger.urdf
-- Up-to-date: /home/cmarrod3/turtlebot3_ws/install/my_world/include/
-- Up-to-date: /home/cmarrod3/turtlebot3_ws/install/my_world/share/ament_index/resource_index/package_run_dependencies/my_world
-- Up-to-date: /home/cmarrod3/turtlebot3_ws/install/my_world/share/ament_index/resource_index/parent_prefix_path/my_world
-- Up-to-date: /home/cmarrod3/turtlebot3_ws/install/my_world/share/my_world/environment/ament_prefix_path.sh
-- Up-to-date: /home/cmarrod3/turtlebot3_ws/install/my_world/share/my_world/environment/ament_prefix_path.dsv
-- Up-to-date: /home/cmarrod3/turtlebot3_ws/install/my_world/share/my_world/environment/path.sh
-- Up-to-date: /home/cmarrod3/turtlebot3_ws/install/my_world/share/my_world/environment/path.dsv
-- Up-to-date: /home/cmarrod3/turtlebot3_ws/install/my_world/share/my_world/local_setup.bash
-- Up-to-date: /home/cmarrod3/turtlebot3_ws/install/my_world/share/my_world/local_setup.sh
-- Up-to-date: /home/cmarrod3/turtlebot3_ws/install/my_world/share/my_world/local_setup.zsh
-- Up-to-date: /home/cmarrod3/turtlebot3_ws/install/my_world/share/my_world/local_setup.dsv
-- Installing: /home/cmarrod3/turtlebot3_ws/install/my_world/share/my_world/package.dsv
-- Up-to-date: /home/cmarrod3/turtlebot3_ws/install/my_world/share/ament_index/resource_index/packages/my_world
-- Up-to-date: /home/cmarrod3/turtlebot3_ws/install/my_world/share/my_world/cmake/ament_cmake_export_include_directories-extras.cmake
-- Up-to-date: /home/cmarrod3/turtlebot3_ws/install/my_world/share/my_world/cmake/ament_cmake_export_dependencies-extras.cmake
-- Up-to-date: /home/cmarrod3/turtlebot3_ws/install/my_world/share/my_world/cmake/my_worldConfig.cmake
-- Up-to-date: /home/cmarrod3/turtlebot3_ws/install/my_world/share/my_world/cmake/my_worldConfig-version.cmake
-- Up-to-date: /home/cmarrod3/turtlebot3_ws/install/my_world/share/my_world/package.xml
