[0.513s] Invoking command in '/home/dmpasgal/Clothy/ROS/turtlebot3_ws/src/build/custom_interface': CMAKE_PREFIX_PATH=${CMAKE_PREFIX_PATH}:/home/dmpasgal/Clothy/ROS/turtlebot3_ws/src/install/show_msg:/home/dmpasgal/Clothy/ROS/turtlebot3_ws/src/install/provide_map:/home/dmpasgal/Clothy/ROS/turtlebot3_ws/src/install/my_slam:/home/dmpasgal/turtlebot3_ws/install/show_msg:/home/dmpasgal/turtlebot3_ws/install/my_first_subscriber:/home/dmpasgal/turtlebot3_ws/install/my_first_publisher:/home/dmpasgal/turtlebot3_ws/install/my_first_node:/home/dmpasgal/turtlebot3_ws/src/install/show_msg:/opt/ros/galactic /usr/bin/cmake --build /home/dmpasgal/Clothy/ROS/turtlebot3_ws/src/build/custom_interface -- -j4 -l4
[0.696s] [ 10%] Built target custom_interface__rosidl_generator_c
[0.710s] [ 12%] Built target custom_interface__cpp
[0.819s] [ 23%] Built target custom_interface__rosidl_typesupport_introspection_cpp
[0.862s] [ 33%] Built target custom_interface__rosidl_typesupport_introspection_c
[0.873s] [ 43%] Built target custom_interface__rosidl_typesupport_cpp
[0.876s] [ 53%] Built target custom_interface__rosidl_typesupport_c
[0.877s] [ 64%] Built target custom_interface__rosidl_typesupport_fastrtps_cpp
[0.960s] [ 74%] Built target custom_interface__rosidl_typesupport_fastrtps_c
[0.992s] [ 74%] Built target custom_interface
[1.040s] [ 76%] Built target custom_interface__py
[1.143s] [ 84%] Built target custom_interface__python
[1.234s] [ 89%] Built target custom_interface__rosidl_typesupport_introspection_c__pyext
[1.246s] [ 94%] Built target custom_interface__rosidl_typesupport_c__pyext
[1.289s] [100%] Built target custom_interface__rosidl_typesupport_fastrtps_c__pyext
[1.410s] Invoked command in '/home/dmpasgal/Clothy/ROS/turtlebot3_ws/src/build/custom_interface' returned '0': CMAKE_PREFIX_PATH=${CMAKE_PREFIX_PATH}:/home/dmpasgal/Clothy/ROS/turtlebot3_ws/src/install/show_msg:/home/dmpasgal/Clothy/ROS/turtlebot3_ws/src/install/provide_map:/home/dmpasgal/Clothy/ROS/turtlebot3_ws/src/install/my_slam:/home/dmpasgal/turtlebot3_ws/install/show_msg:/home/dmpasgal/turtlebot3_ws/install/my_first_subscriber:/home/dmpasgal/turtlebot3_ws/install/my_first_publisher:/home/dmpasgal/turtlebot3_ws/install/my_first_node:/home/dmpasgal/turtlebot3_ws/src/install/show_msg:/opt/ros/galactic /usr/bin/cmake --build /home/dmpasgal/Clothy/ROS/turtlebot3_ws/src/build/custom_interface -- -j4 -l4
[1.726s] Invoking command in '/home/dmpasgal/Clothy/ROS/turtlebot3_ws/src/build/custom_interface': CMAKE_PREFIX_PATH=${CMAKE_PREFIX_PATH}:/home/dmpasgal/Clothy/ROS/turtlebot3_ws/src/install/show_msg:/home/dmpasgal/Clothy/ROS/turtlebot3_ws/src/install/provide_map:/home/dmpasgal/Clothy/ROS/turtlebot3_ws/src/install/my_slam:/home/dmpasgal/turtlebot3_ws/install/show_msg:/home/dmpasgal/turtlebot3_ws/install/my_first_subscriber:/home/dmpasgal/turtlebot3_ws/install/my_first_publisher:/home/dmpasgal/turtlebot3_ws/install/my_first_node:/home/dmpasgal/turtlebot3_ws/src/install/show_msg:/opt/ros/galactic /usr/bin/cmake --install /home/dmpasgal/Clothy/ROS/turtlebot3_ws/src/build/custom_interface
[1.809s] -- Install configuration: ""
[1.809s] -- Up-to-date: /home/dmpasgal/Clothy/ROS/turtlebot3_ws/src/install/custom_interface/share/ament_index/resource_index/rosidl_interfaces/custom_interface
[1.809s] -- Up-to-date: /home/dmpasgal/Clothy/ROS/turtlebot3_ws/src/install/custom_interface/include/custom_interface
[1.809s] -- Up-to-date: /home/dmpasgal/Clothy/ROS/turtlebot3_ws/src/install/custom_interface/include/custom_interface/msg
[1.809s] -- Up-to-date: /home/dmpasgal/Clothy/ROS/turtlebot3_ws/src/install/custom_interface/include/custom_interface/msg/distvel.h
[1.821s] -- Up-to-date: /home/dmpasgal/Clothy/ROS/turtlebot3_ws/src/install/custom_interface/include/custom_interface/msg/detail
[1.821s] -- Up-to-date: /home/dmpasgal/Clothy/ROS/turtlebot3_ws/src/install/custom_interface/include/custom_interface/msg/detail/distvel__functions.h
[1.821s] -- Up-to-date: /home/dmpasgal/Clothy/ROS/turtlebot3_ws/src/install/custom_interface/include/custom_interface/msg/detail/distvel__type_support.h
[1.841s] -- Up-to-date: /home/dmpasgal/Clothy/ROS/turtlebot3_ws/src/install/custom_interface/include/custom_interface/msg/detail/distvel__struct.h
[1.842s] -- Up-to-date: /home/dmpasgal/Clothy/ROS/turtlebot3_ws/src/install/custom_interface/include/custom_interface/msg/detail/distvel__functions.c
[1.842s] -- Up-to-date: /home/dmpasgal/Clothy/ROS/turtlebot3_ws/src/install/custom_interface/include/custom_interface/msg/rosidl_generator_c__visibility_control.h
[1.843s] -- Up-to-date: /home/dmpasgal/Clothy/ROS/turtlebot3_ws/src/install/custom_interface/include/custom_interface/srv
[1.843s] -- Up-to-date: /home/dmpasgal/Clothy/ROS/turtlebot3_ws/src/install/custom_interface/include/custom_interface/srv/my_move_msg.h
[1.843s] -- Up-to-date: /home/dmpasgal/Clothy/ROS/turtlebot3_ws/src/install/custom_interface/include/custom_interface/srv/detail
[1.845s] -- Up-to-date: /home/dmpasgal/Clothy/ROS/turtlebot3_ws/src/install/custom_interface/include/custom_interface/srv/detail/my_move_msg__struct.h
[1.845s] -- Up-to-date: /home/dmpasgal/Clothy/ROS/turtlebot3_ws/src/install/custom_interface/include/custom_interface/srv/detail/my_move_msg__functions.c
[1.846s] -- Up-to-date: /home/dmpasgal/Clothy/ROS/turtlebot3_ws/src/install/custom_interface/include/custom_interface/srv/detail/my_move_msg__type_support.h
[1.846s] -- Up-to-date: /home/dmpasgal/Clothy/ROS/turtlebot3_ws/src/install/custom_interface/include/custom_interface/srv/detail/my_move_msg__functions.h
[1.847s] -- Up-to-date: /home/dmpasgal/Clothy/ROS/turtlebot3_ws/src/install/custom_interface/share/custom_interface/environment/library_path.sh
[1.847s] -- Up-to-date: /home/dmpasgal/Clothy/ROS/turtlebot3_ws/src/install/custom_interface/share/custom_interface/environment/library_path.dsv
[1.867s] -- Up-to-date: /home/dmpasgal/Clothy/ROS/turtlebot3_ws/src/install/custom_interface/lib/libcustom_interface__rosidl_generator_c.so
[1.868s] -- Up-to-date: /home/dmpasgal/Clothy/ROS/turtlebot3_ws/src/install/custom_interface/include/custom_interface
[1.868s] -- Up-to-date: /home/dmpasgal/Clothy/ROS/turtlebot3_ws/src/install/custom_interface/include/custom_interface/msg
[1.880s] -- Up-to-date: /home/dmpasgal/Clothy/ROS/turtlebot3_ws/src/install/custom_interface/include/custom_interface/msg/detail
[1.906s] -- Up-to-date: /home/dmpasgal/Clothy/ROS/turtlebot3_ws/src/install/custom_interface/include/custom_interface/msg/detail/distvel__rosidl_typesupport_fastrtps_c.h
[1.907s] -- Up-to-date: /home/dmpasgal/Clothy/ROS/turtlebot3_ws/src/install/custom_interface/include/custom_interface/msg/rosidl_typesupport_fastrtps_c__visibility_control.h
[1.907s] -- Up-to-date: /home/dmpasgal/Clothy/ROS/turtlebot3_ws/src/install/custom_interface/include/custom_interface/srv
[1.913s] -- Up-to-date: /home/dmpasgal/Clothy/ROS/turtlebot3_ws/src/install/custom_interface/include/custom_interface/srv/detail
[1.914s] -- Up-to-date: /home/dmpasgal/Clothy/ROS/turtlebot3_ws/src/install/custom_interface/include/custom_interface/srv/detail/my_move_msg__rosidl_typesupport_fastrtps_c.h
[1.914s] -- Up-to-date: /home/dmpasgal/Clothy/ROS/turtlebot3_ws/src/install/custom_interface/lib/libcustom_interface__rosidl_typesupport_fastrtps_c.so
[1.914s] -- Up-to-date: /home/dmpasgal/Clothy/ROS/turtlebot3_ws/src/install/custom_interface/include/custom_interface
[1.914s] -- Up-to-date: /home/dmpasgal/Clothy/ROS/turtlebot3_ws/src/install/custom_interface/include/custom_interface/msg
[1.914s] -- Up-to-date: /home/dmpasgal/Clothy/ROS/turtlebot3_ws/src/install/custom_interface/include/custom_interface/msg/rosidl_typesupport_fastrtps_cpp__visibility_control.h
[1.914s] -- Up-to-date: /home/dmpasgal/Clothy/ROS/turtlebot3_ws/src/install/custom_interface/include/custom_interface/msg/detail
[1.914s] -- Up-to-date: /home/dmpasgal/Clothy/ROS/turtlebot3_ws/src/install/custom_interface/include/custom_interface/msg/detail/dds_fastrtps
[1.914s] -- Up-to-date: /home/dmpasgal/Clothy/ROS/turtlebot3_ws/src/install/custom_interface/include/custom_interface/msg/detail/distvel__rosidl_typesupport_fastrtps_cpp.hpp
[1.914s] -- Up-to-date: /home/dmpasgal/Clothy/ROS/turtlebot3_ws/src/install/custom_interface/include/custom_interface/srv
[1.914s] -- Up-to-date: /home/dmpasgal/Clothy/ROS/turtlebot3_ws/src/install/custom_interface/include/custom_interface/srv/detail
[1.915s] -- Up-to-date: /home/dmpasgal/Clothy/ROS/turtlebot3_ws/src/install/custom_interface/include/custom_interface/srv/detail/my_move_msg__rosidl_typesupport_fastrtps_cpp.hpp
[1.915s] -- Up-to-date: /home/dmpasgal/Clothy/ROS/turtlebot3_ws/src/install/custom_interface/include/custom_interface/srv/detail/dds_fastrtps
[1.915s] -- Up-to-date: /home/dmpasgal/Clothy/ROS/turtlebot3_ws/src/install/custom_interface/lib/libcustom_interface__rosidl_typesupport_fastrtps_cpp.so
[1.915s] -- Up-to-date: /home/dmpasgal/Clothy/ROS/turtlebot3_ws/src/install/custom_interface/include/custom_interface
[1.915s] -- Up-to-date: /home/dmpasgal/Clothy/ROS/turtlebot3_ws/src/install/custom_interface/include/custom_interface/msg
[1.915s] -- Up-to-date: /home/dmpasgal/Clothy/ROS/turtlebot3_ws/src/install/custom_interface/include/custom_interface/msg/rosidl_typesupport_introspection_c__visibility_control.h
[1.915s] -- Up-to-date: /home/dmpasgal/Clothy/ROS/turtlebot3_ws/src/install/custom_interface/include/custom_interface/msg/detail
[1.915s] -- Up-to-date: /home/dmpasgal/Clothy/ROS/turtlebot3_ws/src/install/custom_interface/include/custom_interface/msg/detail/distvel__type_support.c
[1.915s] -- Up-to-date: /home/dmpasgal/Clothy/ROS/turtlebot3_ws/src/install/custom_interface/include/custom_interface/msg/detail/distvel__rosidl_typesupport_introspection_c.h
[1.915s] -- Up-to-date: /home/dmpasgal/Clothy/ROS/turtlebot3_ws/src/install/custom_interface/include/custom_interface/srv
[1.915s] -- Up-to-date: /home/dmpasgal/Clothy/ROS/turtlebot3_ws/src/install/custom_interface/include/custom_interface/srv/detail
[1.915s] -- Up-to-date: /home/dmpasgal/Clothy/ROS/turtlebot3_ws/src/install/custom_interface/include/custom_interface/srv/detail/my_move_msg__type_support.c
[1.915s] -- Up-to-date: /home/dmpasgal/Clothy/ROS/turtlebot3_ws/src/install/custom_interface/include/custom_interface/srv/detail/my_move_msg__rosidl_typesupport_introspection_c.h
[1.915s] -- Up-to-date: /home/dmpasgal/Clothy/ROS/turtlebot3_ws/src/install/custom_interface/lib/libcustom_interface__rosidl_typesupport_introspection_c.so
[1.915s] -- Up-to-date: /home/dmpasgal/Clothy/ROS/turtlebot3_ws/src/install/custom_interface/lib/libcustom_interface__rosidl_typesupport_c.so
[1.915s] -- Up-to-date: /home/dmpasgal/Clothy/ROS/turtlebot3_ws/src/install/custom_interface/include/custom_interface
[1.915s] -- Up-to-date: /home/dmpasgal/Clothy/ROS/turtlebot3_ws/src/install/custom_interface/include/custom_interface/msg
[1.915s] -- Up-to-date: /home/dmpasgal/Clothy/ROS/turtlebot3_ws/src/install/custom_interface/include/custom_interface/msg/detail
[1.915s] -- Up-to-date: /home/dmpasgal/Clothy/ROS/turtlebot3_ws/src/install/custom_interface/include/custom_interface/msg/detail/distvel__traits.hpp
[1.915s] -- Up-to-date: /home/dmpasgal/Clothy/ROS/turtlebot3_ws/src/install/custom_interface/include/custom_interface/msg/detail/distvel__struct.hpp
[1.915s] -- Up-to-date: /home/dmpasgal/Clothy/ROS/turtlebot3_ws/src/install/custom_interface/include/custom_interface/msg/detail/distvel__builder.hpp
[1.915s] -- Up-to-date: /home/dmpasgal/Clothy/ROS/turtlebot3_ws/src/install/custom_interface/include/custom_interface/msg/distvel.hpp
[1.915s] -- Up-to-date: /home/dmpasgal/Clothy/ROS/turtlebot3_ws/src/install/custom_interface/include/custom_interface/srv
[1.915s] -- Up-to-date: /home/dmpasgal/Clothy/ROS/turtlebot3_ws/src/install/custom_interface/include/custom_interface/srv/my_move_msg.hpp
[1.915s] -- Up-to-date: /home/dmpasgal/Clothy/ROS/turtlebot3_ws/src/install/custom_interface/include/custom_interface/srv/detail
[1.915s] -- Up-to-date: /home/dmpasgal/Clothy/ROS/turtlebot3_ws/src/install/custom_interface/include/custom_interface/srv/detail/my_move_msg__struct.hpp
[1.915s] -- Up-to-date: /home/dmpasgal/Clothy/ROS/turtlebot3_ws/src/install/custom_interface/include/custom_interface/srv/detail/my_move_msg__builder.hpp
[1.915s] -- Up-to-date: /home/dmpasgal/Clothy/ROS/turtlebot3_ws/src/install/custom_interface/include/custom_interface/srv/detail/my_move_msg__traits.hpp
[1.915s] -- Up-to-date: /home/dmpasgal/Clothy/ROS/turtlebot3_ws/src/install/custom_interface/include/custom_interface
[1.915s] -- Up-to-date: /home/dmpasgal/Clothy/ROS/turtlebot3_ws/src/install/custom_interface/include/custom_interface/msg
[1.915s] -- Up-to-date: /home/dmpasgal/Clothy/ROS/turtlebot3_ws/src/install/custom_interface/include/custom_interface/msg/detail
[1.915s] -- Up-to-date: /home/dmpasgal/Clothy/ROS/turtlebot3_ws/src/install/custom_interface/include/custom_interface/msg/detail/distvel__type_support.cpp
[1.915s] -- Up-to-date: /home/dmpasgal/Clothy/ROS/turtlebot3_ws/src/install/custom_interface/include/custom_interface/msg/detail/distvel__rosidl_typesupport_introspection_cpp.hpp
[1.916s] -- Up-to-date: /home/dmpasgal/Clothy/ROS/turtlebot3_ws/src/install/custom_interface/include/custom_interface/srv
[1.916s] -- Up-to-date: /home/dmpasgal/Clothy/ROS/turtlebot3_ws/src/install/custom_interface/include/custom_interface/srv/detail
[1.916s] -- Up-to-date: /home/dmpasgal/Clothy/ROS/turtlebot3_ws/src/install/custom_interface/include/custom_interface/srv/detail/my_move_msg__rosidl_typesupport_introspection_cpp.hpp
[1.916s] -- Up-to-date: /home/dmpasgal/Clothy/ROS/turtlebot3_ws/src/install/custom_interface/include/custom_interface/srv/detail/my_move_msg__type_support.cpp
[1.916s] -- Up-to-date: /home/dmpasgal/Clothy/ROS/turtlebot3_ws/src/install/custom_interface/lib/libcustom_interface__rosidl_typesupport_introspection_cpp.so
[1.916s] -- Up-to-date: /home/dmpasgal/Clothy/ROS/turtlebot3_ws/src/install/custom_interface/lib/libcustom_interface__rosidl_typesupport_cpp.so
[1.916s] -- Up-to-date: /home/dmpasgal/Clothy/ROS/turtlebot3_ws/src/install/custom_interface/share/custom_interface/environment/pythonpath.sh
[1.916s] -- Up-to-date: /home/dmpasgal/Clothy/ROS/turtlebot3_ws/src/install/custom_interface/share/custom_interface/environment/pythonpath.dsv
[1.916s] -- Up-to-date: /home/dmpasgal/Clothy/ROS/turtlebot3_ws/src/install/custom_interface/lib/python3.8/site-packages/custom_interface/__init__.py
[1.917s] -- Up-to-date: /home/dmpasgal/Clothy/ROS/turtlebot3_ws/src/install/custom_interface/lib/python3.8/site-packages/custom_interface/msg
[1.917s] -- Up-to-date: /home/dmpasgal/Clothy/ROS/turtlebot3_ws/src/install/custom_interface/lib/python3.8/site-packages/custom_interface/msg/_distvel_s.c
[1.917s] -- Up-to-date: /home/dmpasgal/Clothy/ROS/turtlebot3_ws/src/install/custom_interface/lib/python3.8/site-packages/custom_interface/msg/_distvel.py
[1.917s] -- Up-to-date: /home/dmpasgal/Clothy/ROS/turtlebot3_ws/src/install/custom_interface/lib/python3.8/site-packages/custom_interface/msg/__init__.py
[1.917s] -- Up-to-date: /home/dmpasgal/Clothy/ROS/turtlebot3_ws/src/install/custom_interface/lib/python3.8/site-packages/custom_interface/srv
[1.917s] -- Up-to-date: /home/dmpasgal/Clothy/ROS/turtlebot3_ws/src/install/custom_interface/lib/python3.8/site-packages/custom_interface/srv/_my_move_msg_s.c
[1.918s] -- Up-to-date: /home/dmpasgal/Clothy/ROS/turtlebot3_ws/src/install/custom_interface/lib/python3.8/site-packages/custom_interface/srv/__init__.py
[1.918s] -- Up-to-date: /home/dmpasgal/Clothy/ROS/turtlebot3_ws/src/install/custom_interface/lib/python3.8/site-packages/custom_interface/srv/_my_move_msg.py
[1.918s] -- Up-to-date: /home/dmpasgal/Clothy/ROS/turtlebot3_ws/src/install/custom_interface/lib/python3.8/site-packages/custom_interface/custom_interface_s__rosidl_typesupport_fastrtps_c.cpython-38-x86_64-linux-gnu.so
[1.920s] -- Up-to-date: /home/dmpasgal/Clothy/ROS/turtlebot3_ws/src/install/custom_interface/lib/python3.8/site-packages/custom_interface/custom_interface_s__rosidl_typesupport_introspection_c.cpython-38-x86_64-linux-gnu.so
[1.924s] -- Up-to-date: /home/dmpasgal/Clothy/ROS/turtlebot3_ws/src/install/custom_interface/lib/python3.8/site-packages/custom_interface/custom_interface_s__rosidl_typesupport_c.cpython-38-x86_64-linux-gnu.so
[1.924s] -- Up-to-date: /home/dmpasgal/Clothy/ROS/turtlebot3_ws/src/install/custom_interface/lib/libcustom_interface__python.so
[1.924s] -- Up-to-date: /home/dmpasgal/Clothy/ROS/turtlebot3_ws/src/install/custom_interface/share/custom_interface/msg/Distvel.idl
[1.924s] -- Up-to-date: /home/dmpasgal/Clothy/ROS/turtlebot3_ws/src/install/custom_interface/share/custom_interface/srv/MyMoveMsg.idl
[1.924s] -- Up-to-date: /home/dmpasgal/Clothy/ROS/turtlebot3_ws/src/install/custom_interface/share/custom_interface/msg/Distvel.msg
[1.925s] -- Up-to-date: /home/dmpasgal/Clothy/ROS/turtlebot3_ws/src/install/custom_interface/share/custom_interface/srv/MyMoveMsg.srv
[1.925s] -- Up-to-date: /home/dmpasgal/Clothy/ROS/turtlebot3_ws/src/install/custom_interface/share/custom_interface/srv/MyMoveMsg_Request.msg
[1.925s] -- Up-to-date: /home/dmpasgal/Clothy/ROS/turtlebot3_ws/src/install/custom_interface/share/custom_interface/srv/MyMoveMsg_Response.msg
[1.925s] -- Up-to-date: /home/dmpasgal/Clothy/ROS/turtlebot3_ws/src/install/custom_interface/share/ament_index/resource_index/package_run_dependencies/custom_interface
[1.925s] -- Up-to-date: /home/dmpasgal/Clothy/ROS/turtlebot3_ws/src/install/custom_interface/share/ament_index/resource_index/parent_prefix_path/custom_interface
[1.925s] -- Up-to-date: /home/dmpasgal/Clothy/ROS/turtlebot3_ws/src/install/custom_interface/share/custom_interface/environment/ament_prefix_path.sh
[1.925s] -- Up-to-date: /home/dmpasgal/Clothy/ROS/turtlebot3_ws/src/install/custom_interface/share/custom_interface/environment/ament_prefix_path.dsv
[1.925s] -- Up-to-date: /home/dmpasgal/Clothy/ROS/turtlebot3_ws/src/install/custom_interface/share/custom_interface/environment/path.sh
[1.925s] -- Up-to-date: /home/dmpasgal/Clothy/ROS/turtlebot3_ws/src/install/custom_interface/share/custom_interface/environment/path.dsv
[1.925s] -- Up-to-date: /home/dmpasgal/Clothy/ROS/turtlebot3_ws/src/install/custom_interface/share/custom_interface/local_setup.bash
[1.925s] -- Up-to-date: /home/dmpasgal/Clothy/ROS/turtlebot3_ws/src/install/custom_interface/share/custom_interface/local_setup.sh
[1.926s] -- Up-to-date: /home/dmpasgal/Clothy/ROS/turtlebot3_ws/src/install/custom_interface/share/custom_interface/local_setup.zsh
[1.926s] -- Up-to-date: /home/dmpasgal/Clothy/ROS/turtlebot3_ws/src/install/custom_interface/share/custom_interface/local_setup.dsv
[1.926s] -- Installing: /home/dmpasgal/Clothy/ROS/turtlebot3_ws/src/install/custom_interface/share/custom_interface/package.dsv
[1.926s] -- Up-to-date: /home/dmpasgal/Clothy/ROS/turtlebot3_ws/src/install/custom_interface/share/ament_index/resource_index/packages/custom_interface
[1.926s] -- Up-to-date: /home/dmpasgal/Clothy/ROS/turtlebot3_ws/src/install/custom_interface/share/custom_interface/cmake/custom_interface__rosidl_generator_cExport.cmake
[1.926s] -- Up-to-date: /home/dmpasgal/Clothy/ROS/turtlebot3_ws/src/install/custom_interface/share/custom_interface/cmake/custom_interface__rosidl_generator_cExport-noconfig.cmake
[1.928s] -- Up-to-date: /home/dmpasgal/Clothy/ROS/turtlebot3_ws/src/install/custom_interface/share/custom_interface/cmake/custom_interface__rosidl_typesupport_introspection_cExport.cmake
[1.929s] -- Up-to-date: /home/dmpasgal/Clothy/ROS/turtlebot3_ws/src/install/custom_interface/share/custom_interface/cmake/custom_interface__rosidl_typesupport_introspection_cExport-noconfig.cmake
[1.929s] -- Up-to-date: /home/dmpasgal/Clothy/ROS/turtlebot3_ws/src/install/custom_interface/share/custom_interface/cmake/custom_interface__rosidl_typesupport_cExport.cmake
[1.929s] -- Up-to-date: /home/dmpasgal/Clothy/ROS/turtlebot3_ws/src/install/custom_interface/share/custom_interface/cmake/custom_interface__rosidl_typesupport_cExport-noconfig.cmake
[1.931s] -- Up-to-date: /home/dmpasgal/Clothy/ROS/turtlebot3_ws/src/install/custom_interface/share/custom_interface/cmake/custom_interface__rosidl_generator_cppExport.cmake
[1.932s] -- Up-to-date: /home/dmpasgal/Clothy/ROS/turtlebot3_ws/src/install/custom_interface/share/custom_interface/cmake/custom_interface__rosidl_typesupport_introspection_cppExport.cmake
[1.932s] -- Up-to-date: /home/dmpasgal/Clothy/ROS/turtlebot3_ws/src/install/custom_interface/share/custom_interface/cmake/custom_interface__rosidl_typesupport_introspection_cppExport-noconfig.cmake
[1.936s] -- Up-to-date: /home/dmpasgal/Clothy/ROS/turtlebot3_ws/src/install/custom_interface/share/custom_interface/cmake/custom_interface__rosidl_typesupport_cppExport.cmake
[1.936s] -- Up-to-date: /home/dmpasgal/Clothy/ROS/turtlebot3_ws/src/install/custom_interface/share/custom_interface/cmake/custom_interface__rosidl_typesupport_cppExport-noconfig.cmake
[1.936s] -- Up-to-date: /home/dmpasgal/Clothy/ROS/turtlebot3_ws/src/install/custom_interface/share/custom_interface/cmake/rosidl_cmake-extras.cmake
[1.936s] -- Up-to-date: /home/dmpasgal/Clothy/ROS/turtlebot3_ws/src/install/custom_interface/share/custom_interface/cmake/ament_cmake_export_dependencies-extras.cmake
[1.936s] -- Up-to-date: /home/dmpasgal/Clothy/ROS/turtlebot3_ws/src/install/custom_interface/share/custom_interface/cmake/ament_cmake_export_libraries-extras.cmake
[1.936s] -- Up-to-date: /home/dmpasgal/Clothy/ROS/turtlebot3_ws/src/install/custom_interface/share/custom_interface/cmake/ament_cmake_export_targets-extras.cmake
[1.936s] -- Up-to-date: /home/dmpasgal/Clothy/ROS/turtlebot3_ws/src/install/custom_interface/share/custom_interface/cmake/ament_cmake_export_include_directories-extras.cmake
[1.936s] -- Up-to-date: /home/dmpasgal/Clothy/ROS/turtlebot3_ws/src/install/custom_interface/share/custom_interface/cmake/rosidl_cmake_export_typesupport_libraries-extras.cmake
[1.936s] -- Up-to-date: /home/dmpasgal/Clothy/ROS/turtlebot3_ws/src/install/custom_interface/share/custom_interface/cmake/rosidl_cmake_export_typesupport_targets-extras.cmake
[1.937s] -- Up-to-date: /home/dmpasgal/Clothy/ROS/turtlebot3_ws/src/install/custom_interface/share/custom_interface/cmake/custom_interfaceConfig.cmake
[1.937s] -- Up-to-date: /home/dmpasgal/Clothy/ROS/turtlebot3_ws/src/install/custom_interface/share/custom_interface/cmake/custom_interfaceConfig-version.cmake
[1.937s] -- Up-to-date: /home/dmpasgal/Clothy/ROS/turtlebot3_ws/src/install/custom_interface/share/custom_interface/package.xml
[2.397s] Invoked command in '/home/dmpasgal/Clothy/ROS/turtlebot3_ws/src/build/custom_interface' returned '0': CMAKE_PREFIX_PATH=${CMAKE_PREFIX_PATH}:/home/dmpasgal/Clothy/ROS/turtlebot3_ws/src/install/show_msg:/home/dmpasgal/Clothy/ROS/turtlebot3_ws/src/install/provide_map:/home/dmpasgal/Clothy/ROS/turtlebot3_ws/src/install/my_slam:/home/dmpasgal/turtlebot3_ws/install/show_msg:/home/dmpasgal/turtlebot3_ws/install/my_first_subscriber:/home/dmpasgal/turtlebot3_ws/install/my_first_publisher:/home/dmpasgal/turtlebot3_ws/install/my_first_node:/home/dmpasgal/turtlebot3_ws/src/install/show_msg:/opt/ros/galactic /usr/bin/cmake --install /home/dmpasgal/Clothy/ROS/turtlebot3_ws/src/build/custom_interface
