[1.186s] DEBUG:colcon:Command line arguments: ['/usr/bin/colcon', 'build']
[1.186s] DEBUG:colcon:Parsed command line arguments: Namespace(allow_overriding=[], ament_cmake_args=None, base_paths=['.'], build_base='build', catkin_cmake_args=None, catkin_skip_building_tests=False, cmake_args=None, cmake_clean_cache=False, cmake_clean_first=False, cmake_force_configure=False, cmake_target=None, cmake_target_skip_unavailable=False, continue_on_error=False, event_handlers=None, executor='parallel', ignore_user_meta=False, install_base='install', log_base=None, log_level=None, main=<bound method BuildVerb.main of <colcon_core.verb.build.BuildVerb object at 0x7f863210cd00>>, merge_install=False, metas=['./colcon.meta'], packages_above=None, packages_above_and_dependencies=None, packages_above_depth=None, packages_end=None, packages_ignore=None, packages_ignore_regex=None, packages_select=None, packages_select_build_failed=False, packages_select_by_dep=None, packages_select_regex=None, packages_select_test_failures=False, packages_skip=None, packages_skip_build_finished=False, packages_skip_by_dep=None, packages_skip_regex=None, packages_skip_test_passed=False, packages_skip_up_to=None, packages_start=None, packages_up_to=None, packages_up_to_regex=None, parallel_workers=2, paths=None, symlink_install=False, test_result_base=None, verb_extension=<colcon_core.verb.build.BuildVerb object at 0x7f863210cd00>, verb_name='build', verb_parser=<colcon_defaults.argument_parser.defaults.DefaultArgumentsDecorator object at 0x7f86320eb1f0>)
[1.243s] Level 1:colcon.colcon_core.package_discovery:discover_packages(colcon_meta) check parameters
[1.243s] Level 1:colcon.colcon_core.package_discovery:discover_packages(recursive) check parameters
[1.243s] Level 1:colcon.colcon_core.package_discovery:discover_packages(ignore) check parameters
[1.243s] Level 1:colcon.colcon_core.package_discovery:discover_packages(path) check parameters
[1.243s] Level 1:colcon.colcon_core.package_discovery:discover_packages(colcon_meta) discover
[1.243s] Level 1:colcon.colcon_core.package_discovery:discover_packages(recursive) discover
[1.244s] INFO:colcon.colcon_core.package_discovery:Crawling recursively for packages in '/home/cmarrod3/turtlebot3_ws'
[1.244s] Level 1:colcon.colcon_core.package_identification:_identify(.) by extensions ['ignore', 'ignore_ament_install']
[1.244s] Level 1:colcon.colcon_core.package_identification:_identify(.) by extension 'ignore'
[1.244s] Level 1:colcon.colcon_core.package_identification:_identify(.) by extension 'ignore_ament_install'
[1.244s] Level 1:colcon.colcon_core.package_identification:_identify(.) by extensions ['colcon_pkg']
[1.244s] Level 1:colcon.colcon_core.package_identification:_identify(.) by extension 'colcon_pkg'
[1.244s] Level 1:colcon.colcon_core.package_identification:_identify(.) by extensions ['colcon_meta']
[1.244s] Level 1:colcon.colcon_core.package_identification:_identify(.) by extension 'colcon_meta'
[1.244s] Level 1:colcon.colcon_core.package_identification:_identify(.) by extensions ['ros']
[1.244s] Level 1:colcon.colcon_core.package_identification:_identify(.) by extension 'ros'
[1.254s] Level 1:colcon.colcon_core.package_identification:_identify(.) by extensions ['cmake', 'python']
[1.254s] Level 1:colcon.colcon_core.package_identification:_identify(.) by extension 'cmake'
[1.254s] Level 1:colcon.colcon_core.package_identification:_identify(.) by extension 'python'
[1.254s] Level 1:colcon.colcon_core.package_identification:_identify(.) by extensions ['python_setup_py']
[1.254s] Level 1:colcon.colcon_core.package_identification:_identify(.) by extension 'python_setup_py'
[1.254s] Level 1:colcon.colcon_core.package_identification:_identify(build) by extensions ['ignore', 'ignore_ament_install']
[1.254s] Level 1:colcon.colcon_core.package_identification:_identify(build) by extension 'ignore'
[1.254s] Level 1:colcon.colcon_core.package_identification:_identify(build) ignored
[1.254s] Level 1:colcon.colcon_core.package_identification:_identify(install) by extensions ['ignore', 'ignore_ament_install']
[1.254s] Level 1:colcon.colcon_core.package_identification:_identify(install) by extension 'ignore'
[1.254s] Level 1:colcon.colcon_core.package_identification:_identify(install) ignored
[1.254s] Level 1:colcon.colcon_core.package_identification:_identify(log) by extensions ['ignore', 'ignore_ament_install']
[1.254s] Level 1:colcon.colcon_core.package_identification:_identify(log) by extension 'ignore'
[1.254s] Level 1:colcon.colcon_core.package_identification:_identify(log) ignored
[1.254s] Level 1:colcon.colcon_core.package_identification:_identify(src) by extensions ['ignore', 'ignore_ament_install']
[1.255s] Level 1:colcon.colcon_core.package_identification:_identify(src) by extension 'ignore'
[1.255s] Level 1:colcon.colcon_core.package_identification:_identify(src) by extension 'ignore_ament_install'
[1.255s] Level 1:colcon.colcon_core.package_identification:_identify(src) by extensions ['colcon_pkg']
[1.255s] Level 1:colcon.colcon_core.package_identification:_identify(src) by extension 'colcon_pkg'
[1.255s] Level 1:colcon.colcon_core.package_identification:_identify(src) by extensions ['colcon_meta']
[1.255s] Level 1:colcon.colcon_core.package_identification:_identify(src) by extension 'colcon_meta'
[1.255s] Level 1:colcon.colcon_core.package_identification:_identify(src) by extensions ['ros']
[1.255s] Level 1:colcon.colcon_core.package_identification:_identify(src) by extension 'ros'
[1.255s] Level 1:colcon.colcon_core.package_identification:_identify(src) by extensions ['cmake', 'python']
[1.255s] Level 1:colcon.colcon_core.package_identification:_identify(src) by extension 'cmake'
[1.255s] Level 1:colcon.colcon_core.package_identification:_identify(src) by extension 'python'
[1.255s] Level 1:colcon.colcon_core.package_identification:_identify(src) by extensions ['python_setup_py']
[1.255s] Level 1:colcon.colcon_core.package_identification:_identify(src) by extension 'python_setup_py'
[1.255s] Level 1:colcon.colcon_core.package_identification:_identify(src/my_first_node) by extensions ['ignore', 'ignore_ament_install']
[1.255s] Level 1:colcon.colcon_core.package_identification:_identify(src/my_first_node) by extension 'ignore'
[1.255s] Level 1:colcon.colcon_core.package_identification:_identify(src/my_first_node) by extension 'ignore_ament_install'
[1.255s] Level 1:colcon.colcon_core.package_identification:_identify(src/my_first_node) by extensions ['colcon_pkg']
[1.255s] Level 1:colcon.colcon_core.package_identification:_identify(src/my_first_node) by extension 'colcon_pkg'
[1.255s] Level 1:colcon.colcon_core.package_identification:_identify(src/my_first_node) by extensions ['colcon_meta']
[1.255s] Level 1:colcon.colcon_core.package_identification:_identify(src/my_first_node) by extension 'colcon_meta'
[1.255s] Level 1:colcon.colcon_core.package_identification:_identify(src/my_first_node) by extensions ['ros']
[1.255s] Level 1:colcon.colcon_core.package_identification:_identify(src/my_first_node) by extension 'ros'
[1.258s] DEBUG:colcon.colcon_core.package_identification:Package 'src/my_first_node' with type 'ros.ament_python' and name 'my_first_node'
[1.258s] Level 1:colcon.colcon_core.package_identification:_identify(src/my_first_publisher) by extensions ['ignore', 'ignore_ament_install']
[1.258s] Level 1:colcon.colcon_core.package_identification:_identify(src/my_first_publisher) by extension 'ignore'
[1.258s] Level 1:colcon.colcon_core.package_identification:_identify(src/my_first_publisher) by extension 'ignore_ament_install'
[1.258s] Level 1:colcon.colcon_core.package_identification:_identify(src/my_first_publisher) by extensions ['colcon_pkg']
[1.258s] Level 1:colcon.colcon_core.package_identification:_identify(src/my_first_publisher) by extension 'colcon_pkg'
[1.258s] Level 1:colcon.colcon_core.package_identification:_identify(src/my_first_publisher) by extensions ['colcon_meta']
[1.258s] Level 1:colcon.colcon_core.package_identification:_identify(src/my_first_publisher) by extension 'colcon_meta'
[1.258s] Level 1:colcon.colcon_core.package_identification:_identify(src/my_first_publisher) by extensions ['ros']
[1.258s] Level 1:colcon.colcon_core.package_identification:_identify(src/my_first_publisher) by extension 'ros'
[1.258s] DEBUG:colcon.colcon_core.package_identification:Package 'src/my_first_publisher' with type 'ros.ament_python' and name 'my_first_publisher'
[1.258s] Level 1:colcon.colcon_core.package_identification:_identify(src/turtlebot3_simulations) by extensions ['ignore', 'ignore_ament_install']
[1.258s] Level 1:colcon.colcon_core.package_identification:_identify(src/turtlebot3_simulations) by extension 'ignore'
[1.258s] Level 1:colcon.colcon_core.package_identification:_identify(src/turtlebot3_simulations) by extension 'ignore_ament_install'
[1.259s] Level 1:colcon.colcon_core.package_identification:_identify(src/turtlebot3_simulations) by extensions ['colcon_pkg']
[1.259s] Level 1:colcon.colcon_core.package_identification:_identify(src/turtlebot3_simulations) by extension 'colcon_pkg'
[1.259s] Level 1:colcon.colcon_core.package_identification:_identify(src/turtlebot3_simulations) by extensions ['colcon_meta']
[1.259s] Level 1:colcon.colcon_core.package_identification:_identify(src/turtlebot3_simulations) by extension 'colcon_meta'
[1.259s] Level 1:colcon.colcon_core.package_identification:_identify(src/turtlebot3_simulations) by extensions ['ros']
[1.259s] Level 1:colcon.colcon_core.package_identification:_identify(src/turtlebot3_simulations) by extension 'ros'
[1.259s] Level 1:colcon.colcon_core.package_identification:_identify(src/turtlebot3_simulations) by extensions ['cmake', 'python']
[1.259s] Level 1:colcon.colcon_core.package_identification:_identify(src/turtlebot3_simulations) by extension 'cmake'
[1.259s] Level 1:colcon.colcon_core.package_identification:_identify(src/turtlebot3_simulations) by extension 'python'
[1.259s] Level 1:colcon.colcon_core.package_identification:_identify(src/turtlebot3_simulations) by extensions ['python_setup_py']
[1.259s] Level 1:colcon.colcon_core.package_identification:_identify(src/turtlebot3_simulations) by extension 'python_setup_py'
[1.259s] Level 1:colcon.colcon_core.package_identification:_identify(src/turtlebot3_simulations/turtlebot3_fake_node) by extensions ['ignore', 'ignore_ament_install']
[1.259s] Level 1:colcon.colcon_core.package_identification:_identify(src/turtlebot3_simulations/turtlebot3_fake_node) by extension 'ignore'
[1.259s] Level 1:colcon.colcon_core.package_identification:_identify(src/turtlebot3_simulations/turtlebot3_fake_node) by extension 'ignore_ament_install'
[1.259s] Level 1:colcon.colcon_core.package_identification:_identify(src/turtlebot3_simulations/turtlebot3_fake_node) by extensions ['colcon_pkg']
[1.259s] Level 1:colcon.colcon_core.package_identification:_identify(src/turtlebot3_simulations/turtlebot3_fake_node) by extension 'colcon_pkg'
[1.259s] Level 1:colcon.colcon_core.package_identification:_identify(src/turtlebot3_simulations/turtlebot3_fake_node) by extensions ['colcon_meta']
[1.259s] Level 1:colcon.colcon_core.package_identification:_identify(src/turtlebot3_simulations/turtlebot3_fake_node) by extension 'colcon_meta'
[1.259s] Level 1:colcon.colcon_core.package_identification:_identify(src/turtlebot3_simulations/turtlebot3_fake_node) by extensions ['ros']
[1.259s] Level 1:colcon.colcon_core.package_identification:_identify(src/turtlebot3_simulations/turtlebot3_fake_node) by extension 'ros'
[1.260s] DEBUG:colcon.colcon_core.package_identification:Package 'src/turtlebot3_simulations/turtlebot3_fake_node' with type 'ros.ament_cmake' and name 'turtlebot3_fake_node'
[1.260s] Level 1:colcon.colcon_core.package_identification:_identify(src/turtlebot3_simulations/turtlebot3_gazebo) by extensions ['ignore', 'ignore_ament_install']
[1.260s] Level 1:colcon.colcon_core.package_identification:_identify(src/turtlebot3_simulations/turtlebot3_gazebo) by extension 'ignore'
[1.260s] Level 1:colcon.colcon_core.package_identification:_identify(src/turtlebot3_simulations/turtlebot3_gazebo) by extension 'ignore_ament_install'
[1.260s] Level 1:colcon.colcon_core.package_identification:_identify(src/turtlebot3_simulations/turtlebot3_gazebo) by extensions ['colcon_pkg']
[1.260s] Level 1:colcon.colcon_core.package_identification:_identify(src/turtlebot3_simulations/turtlebot3_gazebo) by extension 'colcon_pkg'
[1.260s] Level 1:colcon.colcon_core.package_identification:_identify(src/turtlebot3_simulations/turtlebot3_gazebo) by extensions ['colcon_meta']
[1.260s] Level 1:colcon.colcon_core.package_identification:_identify(src/turtlebot3_simulations/turtlebot3_gazebo) by extension 'colcon_meta'
[1.260s] Level 1:colcon.colcon_core.package_identification:_identify(src/turtlebot3_simulations/turtlebot3_gazebo) by extensions ['ros']
[1.260s] Level 1:colcon.colcon_core.package_identification:_identify(src/turtlebot3_simulations/turtlebot3_gazebo) by extension 'ros'
[1.260s] DEBUG:colcon.colcon_core.package_identification:Package 'src/turtlebot3_simulations/turtlebot3_gazebo' with type 'ros.ament_cmake' and name 'turtlebot3_gazebo'
[1.260s] Level 1:colcon.colcon_core.package_identification:_identify(src/turtlebot3_simulations/turtlebot3_simulations) by extensions ['ignore', 'ignore_ament_install']
[1.260s] Level 1:colcon.colcon_core.package_identification:_identify(src/turtlebot3_simulations/turtlebot3_simulations) by extension 'ignore'
[1.260s] Level 1:colcon.colcon_core.package_identification:_identify(src/turtlebot3_simulations/turtlebot3_simulations) by extension 'ignore_ament_install'
[1.260s] Level 1:colcon.colcon_core.package_identification:_identify(src/turtlebot3_simulations/turtlebot3_simulations) by extensions ['colcon_pkg']
[1.260s] Level 1:colcon.colcon_core.package_identification:_identify(src/turtlebot3_simulations/turtlebot3_simulations) by extension 'colcon_pkg'
[1.260s] Level 1:colcon.colcon_core.package_identification:_identify(src/turtlebot3_simulations/turtlebot3_simulations) by extensions ['colcon_meta']
[1.260s] Level 1:colcon.colcon_core.package_identification:_identify(src/turtlebot3_simulations/turtlebot3_simulations) by extension 'colcon_meta'
[1.260s] Level 1:colcon.colcon_core.package_identification:_identify(src/turtlebot3_simulations/turtlebot3_simulations) by extensions ['ros']
[1.261s] Level 1:colcon.colcon_core.package_identification:_identify(src/turtlebot3_simulations/turtlebot3_simulations) by extension 'ros'
[1.261s] DEBUG:colcon.colcon_core.package_identification:Package 'src/turtlebot3_simulations/turtlebot3_simulations' with type 'ros.ament_cmake' and name 'turtlebot3_simulations'
[1.261s] Level 1:colcon.colcon_core.package_discovery:discover_packages(recursive) using defaults
[1.261s] Level 1:colcon.colcon_core.package_discovery:discover_packages(ignore) discover
[1.261s] Level 1:colcon.colcon_core.package_discovery:discover_packages(ignore) using defaults
[1.261s] Level 1:colcon.colcon_core.package_discovery:discover_packages(path) discover
[1.261s] Level 1:colcon.colcon_core.package_discovery:discover_packages(path) using defaults
[1.366s] Level 1:colcon.colcon_core.package_discovery:discover_packages(prefix_path) check parameters
[1.366s] Level 1:colcon.colcon_core.package_discovery:discover_packages(prefix_path) discover
[1.403s] DEBUG:colcon.colcon_installed_package_information.package_discovery:Found 4 installed packages in /home/cmarrod3/turtlebot3_ws/install
[1.423s] DEBUG:colcon.colcon_installed_package_information.package_discovery:Found 336 installed packages in /opt/ros/galactic
[1.424s] Level 1:colcon.colcon_core.package_discovery:discover_packages(prefix_path) using defaults
[1.512s] Level 5:colcon.colcon_core.verb:set package 'my_first_node' build argument 'cmake_args' from command line to 'None'
[1.512s] Level 5:colcon.colcon_core.verb:set package 'my_first_node' build argument 'cmake_target' from command line to 'None'
[1.512s] Level 5:colcon.colcon_core.verb:set package 'my_first_node' build argument 'cmake_target_skip_unavailable' from command line to 'False'
[1.513s] Level 5:colcon.colcon_core.verb:set package 'my_first_node' build argument 'cmake_clean_cache' from command line to 'False'
[1.513s] Level 5:colcon.colcon_core.verb:set package 'my_first_node' build argument 'cmake_clean_first' from command line to 'False'
[1.513s] Level 5:colcon.colcon_core.verb:set package 'my_first_node' build argument 'cmake_force_configure' from command line to 'False'
[1.513s] Level 5:colcon.colcon_core.verb:set package 'my_first_node' build argument 'ament_cmake_args' from command line to 'None'
[1.513s] Level 5:colcon.colcon_core.verb:set package 'my_first_node' build argument 'catkin_cmake_args' from command line to 'None'
[1.513s] Level 5:colcon.colcon_core.verb:set package 'my_first_node' build argument 'catkin_skip_building_tests' from command line to 'False'
[1.513s] DEBUG:colcon.colcon_core.verb:Building package 'my_first_node' with the following arguments: {'ament_cmake_args': None, 'build_base': '/home/cmarrod3/turtlebot3_ws/build/my_first_node', 'catkin_cmake_args': None, 'catkin_skip_building_tests': False, 'cmake_args': None, 'cmake_clean_cache': False, 'cmake_clean_first': False, 'cmake_force_configure': False, 'cmake_target': None, 'cmake_target_skip_unavailable': False, 'install_base': '/home/cmarrod3/turtlebot3_ws/install/my_first_node', 'merge_install': False, 'path': '/home/cmarrod3/turtlebot3_ws/src/my_first_node', 'symlink_install': False, 'test_result_base': None}
[1.532s] Level 5:colcon.colcon_core.verb:set package 'my_first_publisher' build argument 'cmake_args' from command line to 'None'
[1.532s] Level 5:colcon.colcon_core.verb:set package 'my_first_publisher' build argument 'cmake_target' from command line to 'None'
[1.533s] Level 5:colcon.colcon_core.verb:set package 'my_first_publisher' build argument 'cmake_target_skip_unavailable' from command line to 'False'
[1.533s] Level 5:colcon.colcon_core.verb:set package 'my_first_publisher' build argument 'cmake_clean_cache' from command line to 'False'
[1.533s] Level 5:colcon.colcon_core.verb:set package 'my_first_publisher' build argument 'cmake_clean_first' from command line to 'False'
[1.533s] Level 5:colcon.colcon_core.verb:set package 'my_first_publisher' build argument 'cmake_force_configure' from command line to 'False'
[1.533s] Level 5:colcon.colcon_core.verb:set package 'my_first_publisher' build argument 'ament_cmake_args' from command line to 'None'
[1.533s] Level 5:colcon.colcon_core.verb:set package 'my_first_publisher' build argument 'catkin_cmake_args' from command line to 'None'
[1.533s] Level 5:colcon.colcon_core.verb:set package 'my_first_publisher' build argument 'catkin_skip_building_tests' from command line to 'False'
[1.533s] DEBUG:colcon.colcon_core.verb:Building package 'my_first_publisher' with the following arguments: {'ament_cmake_args': None, 'build_base': '/home/cmarrod3/turtlebot3_ws/build/my_first_publisher', 'catkin_cmake_args': None, 'catkin_skip_building_tests': False, 'cmake_args': None, 'cmake_clean_cache': False, 'cmake_clean_first': False, 'cmake_force_configure': False, 'cmake_target': None, 'cmake_target_skip_unavailable': False, 'install_base': '/home/cmarrod3/turtlebot3_ws/install/my_first_publisher', 'merge_install': False, 'path': '/home/cmarrod3/turtlebot3_ws/src/my_first_publisher', 'symlink_install': False, 'test_result_base': None}
[1.551s] Level 5:colcon.colcon_core.verb:set package 'turtlebot3_fake_node' build argument 'cmake_args' from command line to 'None'
[1.551s] Level 5:colcon.colcon_core.verb:set package 'turtlebot3_fake_node' build argument 'cmake_target' from command line to 'None'
[1.551s] Level 5:colcon.colcon_core.verb:set package 'turtlebot3_fake_node' build argument 'cmake_target_skip_unavailable' from command line to 'False'
[1.551s] Level 5:colcon.colcon_core.verb:set package 'turtlebot3_fake_node' build argument 'cmake_clean_cache' from command line to 'False'
[1.551s] Level 5:colcon.colcon_core.verb:set package 'turtlebot3_fake_node' build argument 'cmake_clean_first' from command line to 'False'
[1.551s] Level 5:colcon.colcon_core.verb:set package 'turtlebot3_fake_node' build argument 'cmake_force_configure' from command line to 'False'
[1.551s] Level 5:colcon.colcon_core.verb:set package 'turtlebot3_fake_node' build argument 'ament_cmake_args' from command line to 'None'
[1.551s] Level 5:colcon.colcon_core.verb:set package 'turtlebot3_fake_node' build argument 'catkin_cmake_args' from command line to 'None'
[1.551s] Level 5:colcon.colcon_core.verb:set package 'turtlebot3_fake_node' build argument 'catkin_skip_building_tests' from command line to 'False'
[1.551s] DEBUG:colcon.colcon_core.verb:Building package 'turtlebot3_fake_node' with the following arguments: {'ament_cmake_args': None, 'build_base': '/home/cmarrod3/turtlebot3_ws/build/turtlebot3_fake_node', 'catkin_cmake_args': None, 'catkin_skip_building_tests': False, 'cmake_args': None, 'cmake_clean_cache': False, 'cmake_clean_first': False, 'cmake_force_configure': False, 'cmake_target': None, 'cmake_target_skip_unavailable': False, 'install_base': '/home/cmarrod3/turtlebot3_ws/install/turtlebot3_fake_node', 'merge_install': False, 'path': '/home/cmarrod3/turtlebot3_ws/src/turtlebot3_simulations/turtlebot3_fake_node', 'symlink_install': False, 'test_result_base': None}
[1.570s] Level 5:colcon.colcon_core.verb:set package 'turtlebot3_gazebo' build argument 'cmake_args' from command line to 'None'
[1.570s] Level 5:colcon.colcon_core.verb:set package 'turtlebot3_gazebo' build argument 'cmake_target' from command line to 'None'
[1.570s] Level 5:colcon.colcon_core.verb:set package 'turtlebot3_gazebo' build argument 'cmake_target_skip_unavailable' from command line to 'False'
[1.570s] Level 5:colcon.colcon_core.verb:set package 'turtlebot3_gazebo' build argument 'cmake_clean_cache' from command line to 'False'
[1.570s] Level 5:colcon.colcon_core.verb:set package 'turtlebot3_gazebo' build argument 'cmake_clean_first' from command line to 'False'
[1.570s] Level 5:colcon.colcon_core.verb:set package 'turtlebot3_gazebo' build argument 'cmake_force_configure' from command line to 'False'
[1.570s] Level 5:colcon.colcon_core.verb:set package 'turtlebot3_gazebo' build argument 'ament_cmake_args' from command line to 'None'
[1.570s] Level 5:colcon.colcon_core.verb:set package 'turtlebot3_gazebo' build argument 'catkin_cmake_args' from command line to 'None'
[1.570s] Level 5:colcon.colcon_core.verb:set package 'turtlebot3_gazebo' build argument 'catkin_skip_building_tests' from command line to 'False'
[1.570s] DEBUG:colcon.colcon_core.verb:Building package 'turtlebot3_gazebo' with the following arguments: {'ament_cmake_args': None, 'build_base': '/home/cmarrod3/turtlebot3_ws/build/turtlebot3_gazebo', 'catkin_cmake_args': None, 'catkin_skip_building_tests': False, 'cmake_args': None, 'cmake_clean_cache': False, 'cmake_clean_first': False, 'cmake_force_configure': False, 'cmake_target': None, 'cmake_target_skip_unavailable': False, 'install_base': '/home/cmarrod3/turtlebot3_ws/install/turtlebot3_gazebo', 'merge_install': False, 'path': '/home/cmarrod3/turtlebot3_ws/src/turtlebot3_simulations/turtlebot3_gazebo', 'symlink_install': False, 'test_result_base': None}
[1.589s] Level 5:colcon.colcon_core.verb:set package 'turtlebot3_simulations' build argument 'cmake_args' from command line to 'None'
[1.589s] Level 5:colcon.colcon_core.verb:set package 'turtlebot3_simulations' build argument 'cmake_target' from command line to 'None'
[1.589s] Level 5:colcon.colcon_core.verb:set package 'turtlebot3_simulations' build argument 'cmake_target_skip_unavailable' from command line to 'False'
[1.589s] Level 5:colcon.colcon_core.verb:set package 'turtlebot3_simulations' build argument 'cmake_clean_cache' from command line to 'False'
[1.589s] Level 5:colcon.colcon_core.verb:set package 'turtlebot3_simulations' build argument 'cmake_clean_first' from command line to 'False'
[1.589s] Level 5:colcon.colcon_core.verb:set package 'turtlebot3_simulations' build argument 'cmake_force_configure' from command line to 'False'
[1.589s] Level 5:colcon.colcon_core.verb:set package 'turtlebot3_simulations' build argument 'ament_cmake_args' from command line to 'None'
[1.589s] Level 5:colcon.colcon_core.verb:set package 'turtlebot3_simulations' build argument 'catkin_cmake_args' from command line to 'None'
[1.589s] Level 5:colcon.colcon_core.verb:set package 'turtlebot3_simulations' build argument 'catkin_skip_building_tests' from command line to 'False'
[1.589s] DEBUG:colcon.colcon_core.verb:Building package 'turtlebot3_simulations' with the following arguments: {'ament_cmake_args': None, 'build_base': '/home/cmarrod3/turtlebot3_ws/build/turtlebot3_simulations', 'catkin_cmake_args': None, 'catkin_skip_building_tests': False, 'cmake_args': None, 'cmake_clean_cache': False, 'cmake_clean_first': False, 'cmake_force_configure': False, 'cmake_target': None, 'cmake_target_skip_unavailable': False, 'install_base': '/home/cmarrod3/turtlebot3_ws/install/turtlebot3_simulations', 'merge_install': False, 'path': '/home/cmarrod3/turtlebot3_ws/src/turtlebot3_simulations/turtlebot3_simulations', 'symlink_install': False, 'test_result_base': None}
[1.608s] INFO:colcon.colcon_core.executor:Executing jobs using 'parallel' executor
[1.629s] DEBUG:colcon.colcon_parallel_executor.executor.parallel:run_until_complete
[1.629s] INFO:colcon.colcon_ros.task.ament_cmake.build:Building ROS package in '/home/cmarrod3/turtlebot3_ws/src/turtlebot3_simulations/turtlebot3_fake_node' with build type 'ament_cmake'
[1.629s] INFO:colcon.colcon_cmake.task.cmake.build:Building CMake package in '/home/cmarrod3/turtlebot3_ws/src/turtlebot3_simulations/turtlebot3_fake_node'
[1.649s] INFO:colcon.colcon_core.plugin_system:Skipping extension 'colcon_core.shell.bat': Not used on non-Windows systems
[1.649s] INFO:colcon.colcon_core.shell:Skip shell extension 'powershell' for command environment: Not usable outside of PowerShell
[1.649s] DEBUG:colcon.colcon_core.shell:Skip shell extension 'dsv' for command environment
[1.713s] INFO:colcon.colcon_ros.task.ament_cmake.build:Building ROS package in '/home/cmarrod3/turtlebot3_ws/src/turtlebot3_simulations/turtlebot3_gazebo' with build type 'ament_cmake'
[1.713s] INFO:colcon.colcon_cmake.task.cmake.build:Building CMake package in '/home/cmarrod3/turtlebot3_ws/src/turtlebot3_simulations/turtlebot3_gazebo'
[1.736s] INFO:colcon.colcon_core.shell:Skip shell extension 'powershell' for command environment: Not usable outside of PowerShell
[1.736s] DEBUG:colcon.colcon_core.shell:Skip shell extension 'dsv' for command environment
[1.806s] DEBUG:colcon.colcon_core.event_handler.log_command:Invoking command in '/home/cmarrod3/turtlebot3_ws/build/turtlebot3_fake_node': CMAKE_PREFIX_PATH=${CMAKE_PREFIX_PATH}:/home/cmarrod3/turtlebot3_ws/install/my_first_node:/opt/ros/galactic PS1=(rosenv) \[\e]0;\u@\h: \w\a\]${debian_chroot:+($debian_chroot)}\[\033[01;32m\]\u@\h\[\033[00m\]:\[\033[01;34m\]\w\[\033[00m\]\$ /usr/bin/cmake --build /home/cmarrod3/turtlebot3_ws/build/turtlebot3_fake_node -- -j2 -l2
[1.812s] DEBUG:colcon.colcon_core.event_handler.log_command:Invoking command in '/home/cmarrod3/turtlebot3_ws/build/turtlebot3_gazebo': CMAKE_PREFIX_PATH=${CMAKE_PREFIX_PATH}:/home/cmarrod3/turtlebot3_ws/install/my_first_node:/opt/ros/galactic PS1=(rosenv) \[\e]0;\u@\h: \w\a\]${debian_chroot:+($debian_chroot)}\[\033[01;32m\]\u@\h\[\033[00m\]:\[\033[01;34m\]\w\[\033[00m\]\$ /usr/bin/cmake --build /home/cmarrod3/turtlebot3_ws/build/turtlebot3_gazebo -- -j2 -l2
[1.875s] DEBUG:colcon.colcon_core.event_handler.log_command:Invoked command in '/home/cmarrod3/turtlebot3_ws/build/turtlebot3_fake_node' returned '0': CMAKE_PREFIX_PATH=${CMAKE_PREFIX_PATH}:/home/cmarrod3/turtlebot3_ws/install/my_first_node:/opt/ros/galactic PS1=(rosenv) \[\e]0;\u@\h: \w\a\]${debian_chroot:+($debian_chroot)}\[\033[01;32m\]\u@\h\[\033[00m\]:\[\033[01;34m\]\w\[\033[00m\]\$ /usr/bin/cmake --build /home/cmarrod3/turtlebot3_ws/build/turtlebot3_fake_node -- -j2 -l2
[1.906s] DEBUG:colcon.colcon_core.event_handler.log_command:Invoking command in '/home/cmarrod3/turtlebot3_ws/build/turtlebot3_fake_node': CMAKE_PREFIX_PATH=${CMAKE_PREFIX_PATH}:/home/cmarrod3/turtlebot3_ws/install/my_first_node:/opt/ros/galactic PS1=(rosenv) \[\e]0;\u@\h: \w\a\]${debian_chroot:+($debian_chroot)}\[\033[01;32m\]\u@\h\[\033[00m\]:\[\033[01;34m\]\w\[\033[00m\]\$ /usr/bin/cmake --install /home/cmarrod3/turtlebot3_ws/build/turtlebot3_fake_node
[1.915s] DEBUG:colcon.colcon_core.event_handler.log_command:Invoked command in '/home/cmarrod3/turtlebot3_ws/build/turtlebot3_gazebo' returned '0': CMAKE_PREFIX_PATH=${CMAKE_PREFIX_PATH}:/home/cmarrod3/turtlebot3_ws/install/my_first_node:/opt/ros/galactic PS1=(rosenv) \[\e]0;\u@\h: \w\a\]${debian_chroot:+($debian_chroot)}\[\033[01;32m\]\u@\h\[\033[00m\]:\[\033[01;34m\]\w\[\033[00m\]\$ /usr/bin/cmake --build /home/cmarrod3/turtlebot3_ws/build/turtlebot3_gazebo -- -j2 -l2
[1.928s] Level 1:colcon.colcon_core.environment:create_environment_scripts_only(turtlebot3_fake_node)
[1.928s] DEBUG:colcon.colcon_core.event_handler.log_command:Invoked command in '/home/cmarrod3/turtlebot3_ws/build/turtlebot3_fake_node' returned '0': CMAKE_PREFIX_PATH=${CMAKE_PREFIX_PATH}:/home/cmarrod3/turtlebot3_ws/install/my_first_node:/opt/ros/galactic PS1=(rosenv) \[\e]0;\u@\h: \w\a\]${debian_chroot:+($debian_chroot)}\[\033[01;32m\]\u@\h\[\033[00m\]:\[\033[01;34m\]\w\[\033[00m\]\$ /usr/bin/cmake --install /home/cmarrod3/turtlebot3_ws/build/turtlebot3_fake_node
[1.954s] Level 1:colcon.colcon_core.environment:checking '/home/cmarrod3/turtlebot3_ws/install/turtlebot3_fake_node' for CMake module files
[1.954s] Level 1:colcon.colcon_core.environment:checking '/home/cmarrod3/turtlebot3_ws/install/turtlebot3_fake_node' for CMake config files
[1.954s] Level 1:colcon.colcon_core.shell:create_environment_hook('turtlebot3_fake_node', 'cmake_prefix_path')
[1.974s] INFO:colcon.colcon_core.shell:Creating environment hook '/home/cmarrod3/turtlebot3_ws/install/turtlebot3_fake_node/share/turtlebot3_fake_node/hook/cmake_prefix_path.ps1'
[1.975s] INFO:colcon.colcon_core.shell:Creating environment descriptor '/home/cmarrod3/turtlebot3_ws/install/turtlebot3_fake_node/share/turtlebot3_fake_node/hook/cmake_prefix_path.dsv'
[1.975s] INFO:colcon.colcon_core.shell:Creating environment hook '/home/cmarrod3/turtlebot3_ws/install/turtlebot3_fake_node/share/turtlebot3_fake_node/hook/cmake_prefix_path.sh'
[1.976s] Level 1:colcon.colcon_core.environment:checking '/home/cmarrod3/turtlebot3_ws/install/turtlebot3_fake_node/lib'
[1.976s] Level 1:colcon.colcon_core.environment:checking '/home/cmarrod3/turtlebot3_ws/install/turtlebot3_fake_node/bin'
[1.976s] Level 1:colcon.colcon_core.environment:checking '/home/cmarrod3/turtlebot3_ws/install/turtlebot3_fake_node/lib/pkgconfig/turtlebot3_fake_node.pc'
[1.976s] Level 1:colcon.colcon_core.environment:checking '/home/cmarrod3/turtlebot3_ws/install/turtlebot3_fake_node/lib/python3.8/site-packages'
[1.976s] Level 1:colcon.colcon_core.environment:checking '/home/cmarrod3/turtlebot3_ws/install/turtlebot3_fake_node/bin'
[1.997s] INFO:colcon.colcon_core.shell:Creating package script '/home/cmarrod3/turtlebot3_ws/install/turtlebot3_fake_node/share/turtlebot3_fake_node/package.ps1'
[1.997s] INFO:colcon.colcon_core.shell:Creating package descriptor '/home/cmarrod3/turtlebot3_ws/install/turtlebot3_fake_node/share/turtlebot3_fake_node/package.dsv'
[1.998s] INFO:colcon.colcon_core.shell:Creating package script '/home/cmarrod3/turtlebot3_ws/install/turtlebot3_fake_node/share/turtlebot3_fake_node/package.sh'
[1.998s] INFO:colcon.colcon_core.shell:Creating package script '/home/cmarrod3/turtlebot3_ws/install/turtlebot3_fake_node/share/turtlebot3_fake_node/package.bash'
[1.998s] INFO:colcon.colcon_core.shell:Creating package script '/home/cmarrod3/turtlebot3_ws/install/turtlebot3_fake_node/share/turtlebot3_fake_node/package.zsh'
[1.999s] Level 1:colcon.colcon_core.environment:create_file_with_runtime_dependencies(/home/cmarrod3/turtlebot3_ws/install/turtlebot3_fake_node/share/colcon-core/packages/turtlebot3_fake_node)
[2.003s] DEBUG:colcon.colcon_core.event_handler.log_command:Invoking command in '/home/cmarrod3/turtlebot3_ws/build/turtlebot3_gazebo': CMAKE_PREFIX_PATH=${CMAKE_PREFIX_PATH}:/home/cmarrod3/turtlebot3_ws/install/my_first_node:/opt/ros/galactic PS1=(rosenv) \[\e]0;\u@\h: \w\a\]${debian_chroot:+($debian_chroot)}\[\033[01;32m\]\u@\h\[\033[00m\]:\[\033[01;34m\]\w\[\033[00m\]\$ /usr/bin/cmake --install /home/cmarrod3/turtlebot3_ws/build/turtlebot3_gazebo
[2.044s] Level 1:colcon.colcon_core.environment:create_environment_scripts_only(turtlebot3_fake_node)
[2.073s] Level 1:colcon.colcon_core.environment:checking '/home/cmarrod3/turtlebot3_ws/install/turtlebot3_fake_node' for CMake module files
[2.073s] Level 1:colcon.colcon_core.environment:checking '/home/cmarrod3/turtlebot3_ws/install/turtlebot3_fake_node' for CMake config files
[2.074s] Level 1:colcon.colcon_core.shell:create_environment_hook('turtlebot3_fake_node', 'cmake_prefix_path')
[2.093s] INFO:colcon.colcon_core.shell:Creating environment hook '/home/cmarrod3/turtlebot3_ws/install/turtlebot3_fake_node/share/turtlebot3_fake_node/hook/cmake_prefix_path.ps1'
[2.093s] INFO:colcon.colcon_core.shell:Creating environment descriptor '/home/cmarrod3/turtlebot3_ws/install/turtlebot3_fake_node/share/turtlebot3_fake_node/hook/cmake_prefix_path.dsv'
[2.093s] INFO:colcon.colcon_core.shell:Creating environment hook '/home/cmarrod3/turtlebot3_ws/install/turtlebot3_fake_node/share/turtlebot3_fake_node/hook/cmake_prefix_path.sh'
[2.094s] Level 1:colcon.colcon_core.environment:checking '/home/cmarrod3/turtlebot3_ws/install/turtlebot3_fake_node/lib'
[2.094s] Level 1:colcon.colcon_core.environment:checking '/home/cmarrod3/turtlebot3_ws/install/turtlebot3_fake_node/bin'
[2.094s] Level 1:colcon.colcon_core.environment:checking '/home/cmarrod3/turtlebot3_ws/install/turtlebot3_fake_node/lib/pkgconfig/turtlebot3_fake_node.pc'
[2.094s] Level 1:colcon.colcon_core.environment:checking '/home/cmarrod3/turtlebot3_ws/install/turtlebot3_fake_node/lib/python3.8/site-packages'
[2.094s] Level 1:colcon.colcon_core.environment:checking '/home/cmarrod3/turtlebot3_ws/install/turtlebot3_fake_node/bin'
[2.113s] INFO:colcon.colcon_core.shell:Creating package script '/home/cmarrod3/turtlebot3_ws/install/turtlebot3_fake_node/share/turtlebot3_fake_node/package.ps1'
[2.114s] INFO:colcon.colcon_core.shell:Creating package descriptor '/home/cmarrod3/turtlebot3_ws/install/turtlebot3_fake_node/share/turtlebot3_fake_node/package.dsv'
[2.114s] INFO:colcon.colcon_core.shell:Creating package script '/home/cmarrod3/turtlebot3_ws/install/turtlebot3_fake_node/share/turtlebot3_fake_node/package.sh'
[2.114s] INFO:colcon.colcon_core.shell:Creating package script '/home/cmarrod3/turtlebot3_ws/install/turtlebot3_fake_node/share/turtlebot3_fake_node/package.bash'
[2.114s] INFO:colcon.colcon_core.shell:Creating package script '/home/cmarrod3/turtlebot3_ws/install/turtlebot3_fake_node/share/turtlebot3_fake_node/package.zsh'
[2.115s] Level 1:colcon.colcon_core.environment:create_file_with_runtime_dependencies(/home/cmarrod3/turtlebot3_ws/install/turtlebot3_fake_node/share/colcon-core/packages/turtlebot3_fake_node)
[2.115s] INFO:colcon.colcon_ros.task.ament_python.build:Building ROS package in '/home/cmarrod3/turtlebot3_ws/src/my_first_node' with build type 'ament_python'
[2.115s] Level 1:colcon.colcon_core.shell:create_environment_hook('my_first_node', 'ament_prefix_path')
[2.136s] INFO:colcon.colcon_core.shell:Creating environment hook '/home/cmarrod3/turtlebot3_ws/install/my_first_node/share/my_first_node/hook/ament_prefix_path.ps1'
[2.136s] INFO:colcon.colcon_core.shell:Creating environment descriptor '/home/cmarrod3/turtlebot3_ws/install/my_first_node/share/my_first_node/hook/ament_prefix_path.dsv'
[2.137s] INFO:colcon.colcon_core.shell:Creating environment hook '/home/cmarrod3/turtlebot3_ws/install/my_first_node/share/my_first_node/hook/ament_prefix_path.sh'
[2.158s] INFO:colcon.colcon_core.shell:Skip shell extension 'powershell' for command environment: Not usable outside of PowerShell
[2.158s] DEBUG:colcon.colcon_core.shell:Skip shell extension 'dsv' for command environment
[2.221s] Level 1:colcon.colcon_core.environment:create_environment_scripts_only(turtlebot3_gazebo)
[2.222s] DEBUG:colcon.colcon_core.event_handler.log_command:Invoked command in '/home/cmarrod3/turtlebot3_ws/build/turtlebot3_gazebo' returned '0': CMAKE_PREFIX_PATH=${CMAKE_PREFIX_PATH}:/home/cmarrod3/turtlebot3_ws/install/my_first_node:/opt/ros/galactic PS1=(rosenv) \[\e]0;\u@\h: \w\a\]${debian_chroot:+($debian_chroot)}\[\033[01;32m\]\u@\h\[\033[00m\]:\[\033[01;34m\]\w\[\033[00m\]\$ /usr/bin/cmake --install /home/cmarrod3/turtlebot3_ws/build/turtlebot3_gazebo
[2.242s] Level 1:colcon.colcon_core.environment:checking '/home/cmarrod3/turtlebot3_ws/install/turtlebot3_gazebo' for CMake module files
[2.242s] Level 1:colcon.colcon_core.environment:checking '/home/cmarrod3/turtlebot3_ws/install/turtlebot3_gazebo' for CMake config files
[2.242s] Level 1:colcon.colcon_core.shell:create_environment_hook('turtlebot3_gazebo', 'cmake_prefix_path')
[2.262s] INFO:colcon.colcon_core.shell:Creating environment hook '/home/cmarrod3/turtlebot3_ws/install/turtlebot3_gazebo/share/turtlebot3_gazebo/hook/cmake_prefix_path.ps1'
[2.262s] INFO:colcon.colcon_core.shell:Creating environment descriptor '/home/cmarrod3/turtlebot3_ws/install/turtlebot3_gazebo/share/turtlebot3_gazebo/hook/cmake_prefix_path.dsv'
[2.262s] INFO:colcon.colcon_core.shell:Creating environment hook '/home/cmarrod3/turtlebot3_ws/install/turtlebot3_gazebo/share/turtlebot3_gazebo/hook/cmake_prefix_path.sh'
[2.263s] Level 1:colcon.colcon_core.environment:checking '/home/cmarrod3/turtlebot3_ws/install/turtlebot3_gazebo/lib'
[2.263s] Level 1:colcon.colcon_core.environment:checking '/home/cmarrod3/turtlebot3_ws/install/turtlebot3_gazebo/bin'
[2.263s] Level 1:colcon.colcon_core.environment:checking '/home/cmarrod3/turtlebot3_ws/install/turtlebot3_gazebo/lib/pkgconfig/turtlebot3_gazebo.pc'
[2.263s] Level 1:colcon.colcon_core.environment:checking '/home/cmarrod3/turtlebot3_ws/install/turtlebot3_gazebo/lib/python3.8/site-packages'
[2.263s] Level 1:colcon.colcon_core.environment:checking '/home/cmarrod3/turtlebot3_ws/install/turtlebot3_gazebo/bin'
[2.283s] INFO:colcon.colcon_core.shell:Creating package script '/home/cmarrod3/turtlebot3_ws/install/turtlebot3_gazebo/share/turtlebot3_gazebo/package.ps1'
[2.284s] INFO:colcon.colcon_core.shell:Creating package descriptor '/home/cmarrod3/turtlebot3_ws/install/turtlebot3_gazebo/share/turtlebot3_gazebo/package.dsv'
[2.284s] INFO:colcon.colcon_core.shell:Creating package script '/home/cmarrod3/turtlebot3_ws/install/turtlebot3_gazebo/share/turtlebot3_gazebo/package.sh'
[2.285s] INFO:colcon.colcon_core.shell:Creating package script '/home/cmarrod3/turtlebot3_ws/install/turtlebot3_gazebo/share/turtlebot3_gazebo/package.bash'
[2.285s] INFO:colcon.colcon_core.shell:Creating package script '/home/cmarrod3/turtlebot3_ws/install/turtlebot3_gazebo/share/turtlebot3_gazebo/package.zsh'
[2.285s] Level 1:colcon.colcon_core.environment:create_file_with_runtime_dependencies(/home/cmarrod3/turtlebot3_ws/install/turtlebot3_gazebo/share/colcon-core/packages/turtlebot3_gazebo)
[2.412s] INFO:colcon.colcon_core.task.python.build:Building Python package in '/home/cmarrod3/turtlebot3_ws/src/my_first_node'
[2.433s] INFO:colcon.colcon_core.shell:Skip shell extension 'powershell' for command environment: Not usable outside of PowerShell
[2.433s] DEBUG:colcon.colcon_core.shell:Skip shell extension 'dsv' for command environment
[2.518s] Level 1:colcon.colcon_core.environment:create_environment_scripts_only(turtlebot3_gazebo)
[2.539s] Level 1:colcon.colcon_core.environment:checking '/home/cmarrod3/turtlebot3_ws/install/turtlebot3_gazebo' for CMake module files
[2.540s] Level 1:colcon.colcon_core.environment:checking '/home/cmarrod3/turtlebot3_ws/install/turtlebot3_gazebo' for CMake config files
[2.540s] Level 1:colcon.colcon_core.shell:create_environment_hook('turtlebot3_gazebo', 'cmake_prefix_path')
[2.560s] INFO:colcon.colcon_core.shell:Creating environment hook '/home/cmarrod3/turtlebot3_ws/install/turtlebot3_gazebo/share/turtlebot3_gazebo/hook/cmake_prefix_path.ps1'
[2.560s] INFO:colcon.colcon_core.shell:Creating environment descriptor '/home/cmarrod3/turtlebot3_ws/install/turtlebot3_gazebo/share/turtlebot3_gazebo/hook/cmake_prefix_path.dsv'
[2.561s] INFO:colcon.colcon_core.shell:Creating environment hook '/home/cmarrod3/turtlebot3_ws/install/turtlebot3_gazebo/share/turtlebot3_gazebo/hook/cmake_prefix_path.sh'
[2.561s] Level 1:colcon.colcon_core.environment:checking '/home/cmarrod3/turtlebot3_ws/install/turtlebot3_gazebo/lib'
[2.561s] Level 1:colcon.colcon_core.environment:checking '/home/cmarrod3/turtlebot3_ws/install/turtlebot3_gazebo/bin'
[2.561s] Level 1:colcon.colcon_core.environment:checking '/home/cmarrod3/turtlebot3_ws/install/turtlebot3_gazebo/lib/pkgconfig/turtlebot3_gazebo.pc'
[2.561s] Level 1:colcon.colcon_core.environment:checking '/home/cmarrod3/turtlebot3_ws/install/turtlebot3_gazebo/lib/python3.8/site-packages'
[2.562s] Level 1:colcon.colcon_core.environment:checking '/home/cmarrod3/turtlebot3_ws/install/turtlebot3_gazebo/bin'
[2.581s] INFO:colcon.colcon_core.shell:Creating package script '/home/cmarrod3/turtlebot3_ws/install/turtlebot3_gazebo/share/turtlebot3_gazebo/package.ps1'
[2.581s] INFO:colcon.colcon_core.shell:Creating package descriptor '/home/cmarrod3/turtlebot3_ws/install/turtlebot3_gazebo/share/turtlebot3_gazebo/package.dsv'
[2.582s] INFO:colcon.colcon_core.shell:Creating package script '/home/cmarrod3/turtlebot3_ws/install/turtlebot3_gazebo/share/turtlebot3_gazebo/package.sh'
[2.582s] INFO:colcon.colcon_core.shell:Creating package script '/home/cmarrod3/turtlebot3_ws/install/turtlebot3_gazebo/share/turtlebot3_gazebo/package.bash'
[2.582s] INFO:colcon.colcon_core.shell:Creating package script '/home/cmarrod3/turtlebot3_ws/install/turtlebot3_gazebo/share/turtlebot3_gazebo/package.zsh'
[2.583s] Level 1:colcon.colcon_core.environment:create_file_with_runtime_dependencies(/home/cmarrod3/turtlebot3_ws/install/turtlebot3_gazebo/share/colcon-core/packages/turtlebot3_gazebo)
[2.583s] INFO:colcon.colcon_ros.task.ament_python.build:Building ROS package in '/home/cmarrod3/turtlebot3_ws/src/my_first_publisher' with build type 'ament_python'
[2.583s] Level 1:colcon.colcon_core.shell:create_environment_hook('my_first_publisher', 'ament_prefix_path')
[2.603s] INFO:colcon.colcon_core.shell:Creating environment hook '/home/cmarrod3/turtlebot3_ws/install/my_first_publisher/share/my_first_publisher/hook/ament_prefix_path.ps1'
[2.604s] INFO:colcon.colcon_core.shell:Creating environment descriptor '/home/cmarrod3/turtlebot3_ws/install/my_first_publisher/share/my_first_publisher/hook/ament_prefix_path.dsv'
[2.604s] INFO:colcon.colcon_core.shell:Creating environment hook '/home/cmarrod3/turtlebot3_ws/install/my_first_publisher/share/my_first_publisher/hook/ament_prefix_path.sh'
[2.624s] INFO:colcon.colcon_core.shell:Skip shell extension 'powershell' for command environment: Not usable outside of PowerShell
[2.624s] DEBUG:colcon.colcon_core.shell:Skip shell extension 'dsv' for command environment
[2.823s] INFO:colcon.colcon_core.task.python.build:Building Python package in '/home/cmarrod3/turtlebot3_ws/src/my_first_publisher'
[2.845s] INFO:colcon.colcon_core.shell:Skip shell extension 'powershell' for command environment: Not usable outside of PowerShell
[2.845s] DEBUG:colcon.colcon_core.shell:Skip shell extension 'dsv' for command environment
[2.918s] DEBUG:colcon.colcon_core.event_handler.log_command:Invoking command in '/home/cmarrod3/turtlebot3_ws/src/my_first_node': PS1=(rosenv) \[\e]0;\u@\h: \w\a\]${debian_chroot:+($debian_chroot)}\[\033[01;32m\]\u@\h\[\033[00m\]:\[\033[01;34m\]\w\[\033[00m\]\$ PYTHONPATH=/home/cmarrod3/turtlebot3_ws/build/my_first_node/prefix_override:/home/cmarrod3/turtlebot3_ws/install/my_first_node/lib/python3.8/site-packages:${PYTHONPATH} /usr/bin/python3 setup.py egg_info --egg-base ../../build/my_first_node build --build-base /home/cmarrod3/turtlebot3_ws/build/my_first_node/build install --record /home/cmarrod3/turtlebot3_ws/build/my_first_node/install.log --single-version-externally-managed
[3.126s] DEBUG:colcon.colcon_core.event_handler.log_command:Invoked command in '/home/cmarrod3/turtlebot3_ws/src/my_first_node' returned '0': PS1=(rosenv) \[\e]0;\u@\h: \w\a\]${debian_chroot:+($debian_chroot)}\[\033[01;32m\]\u@\h\[\033[00m\]:\[\033[01;34m\]\w\[\033[00m\]\$ PYTHONPATH=/home/cmarrod3/turtlebot3_ws/build/my_first_node/prefix_override:/home/cmarrod3/turtlebot3_ws/install/my_first_node/lib/python3.8/site-packages:${PYTHONPATH} /usr/bin/python3 setup.py egg_info --egg-base ../../build/my_first_node build --build-base /home/cmarrod3/turtlebot3_ws/build/my_first_node/build install --record /home/cmarrod3/turtlebot3_ws/build/my_first_node/install.log --single-version-externally-managed
[3.159s] Level 1:colcon.colcon_core.environment:checking '/home/cmarrod3/turtlebot3_ws/install/my_first_node' for CMake module files
[3.159s] Level 1:colcon.colcon_core.environment:checking '/home/cmarrod3/turtlebot3_ws/install/my_first_node' for CMake config files
[3.159s] Level 1:colcon.colcon_core.environment:checking '/home/cmarrod3/turtlebot3_ws/install/my_first_node/lib'
[3.159s] Level 1:colcon.colcon_core.environment:checking '/home/cmarrod3/turtlebot3_ws/install/my_first_node/bin'
[3.160s] Level 1:colcon.colcon_core.environment:checking '/home/cmarrod3/turtlebot3_ws/install/my_first_node/lib/pkgconfig/my_first_node.pc'
[3.160s] Level 1:colcon.colcon_core.environment:checking '/home/cmarrod3/turtlebot3_ws/install/my_first_node/lib/python3.8/site-packages'
[3.160s] Level 1:colcon.colcon_core.shell:create_environment_hook('my_first_node', 'pythonpath')
[3.183s] INFO:colcon.colcon_core.shell:Creating environment hook '/home/cmarrod3/turtlebot3_ws/install/my_first_node/share/my_first_node/hook/pythonpath.ps1'
[3.183s] INFO:colcon.colcon_core.shell:Creating environment descriptor '/home/cmarrod3/turtlebot3_ws/install/my_first_node/share/my_first_node/hook/pythonpath.dsv'
[3.184s] INFO:colcon.colcon_core.shell:Creating environment hook '/home/cmarrod3/turtlebot3_ws/install/my_first_node/share/my_first_node/hook/pythonpath.sh'
[3.184s] Level 1:colcon.colcon_core.environment:checking '/home/cmarrod3/turtlebot3_ws/install/my_first_node/bin'
[3.184s] Level 1:colcon.colcon_core.environment:create_environment_scripts_only(my_first_node)
[3.207s] INFO:colcon.colcon_core.shell:Creating package script '/home/cmarrod3/turtlebot3_ws/install/my_first_node/share/my_first_node/package.ps1'
[3.208s] INFO:colcon.colcon_core.shell:Creating package descriptor '/home/cmarrod3/turtlebot3_ws/install/my_first_node/share/my_first_node/package.dsv'
[3.209s] INFO:colcon.colcon_core.shell:Creating package script '/home/cmarrod3/turtlebot3_ws/install/my_first_node/share/my_first_node/package.sh'
[3.209s] INFO:colcon.colcon_core.shell:Creating package script '/home/cmarrod3/turtlebot3_ws/install/my_first_node/share/my_first_node/package.bash'
[3.210s] INFO:colcon.colcon_core.shell:Creating package script '/home/cmarrod3/turtlebot3_ws/install/my_first_node/share/my_first_node/package.zsh'
[3.210s] Level 1:colcon.colcon_core.environment:create_file_with_runtime_dependencies(/home/cmarrod3/turtlebot3_ws/install/my_first_node/share/colcon-core/packages/my_first_node)
[3.210s] INFO:colcon.colcon_ros.task.ament_cmake.build:Building ROS package in '/home/cmarrod3/turtlebot3_ws/src/turtlebot3_simulations/turtlebot3_simulations' with build type 'ament_cmake'
[3.210s] INFO:colcon.colcon_cmake.task.cmake.build:Building CMake package in '/home/cmarrod3/turtlebot3_ws/src/turtlebot3_simulations/turtlebot3_simulations'
[3.233s] INFO:colcon.colcon_core.shell:Skip shell extension 'powershell' for command environment: Not usable outside of PowerShell
[3.233s] DEBUG:colcon.colcon_core.shell:Skip shell extension 'dsv' for command environment
[3.309s] DEBUG:colcon.colcon_core.event_handler.log_command:Invoking command in '/home/cmarrod3/turtlebot3_ws/src/my_first_publisher': PS1=(rosenv) \[\e]0;\u@\h: \w\a\]${debian_chroot:+($debian_chroot)}\[\033[01;32m\]\u@\h\[\033[00m\]:\[\033[01;34m\]\w\[\033[00m\]\$ PYTHONPATH=/home/cmarrod3/turtlebot3_ws/build/my_first_publisher/prefix_override:/home/cmarrod3/turtlebot3_ws/install/my_first_publisher/lib/python3.8/site-packages:${PYTHONPATH} /usr/bin/python3 setup.py egg_info --egg-base ../../build/my_first_publisher build --build-base /home/cmarrod3/turtlebot3_ws/build/my_first_publisher/build install --record /home/cmarrod3/turtlebot3_ws/build/my_first_publisher/install.log --single-version-externally-managed
[3.314s] DEBUG:colcon.colcon_core.event_handler.log_command:Invoking command in '/home/cmarrod3/turtlebot3_ws/build/turtlebot3_simulations': CMAKE_PREFIX_PATH=/home/cmarrod3/turtlebot3_ws/install/turtlebot3_gazebo:/home/cmarrod3/turtlebot3_ws/install/turtlebot3_fake_node:/home/cmarrod3/turtlebot3_ws/install/turtlebot3_simulations:/home/cmarrod3/turtlebot3_ws/install/my_first_node:/opt/ros/galactic PS1=(rosenv) \[\e]0;\u@\h: \w\a\]${debian_chroot:+($debian_chroot)}\[\033[01;32m\]\u@\h\[\033[00m\]:\[\033[01;34m\]\w\[\033[00m\]\$ /usr/bin/cmake --build /home/cmarrod3/turtlebot3_ws/build/turtlebot3_simulations -- -j2 -l2
[3.344s] DEBUG:colcon.colcon_core.event_handler.log_command:Invoked command in '/home/cmarrod3/turtlebot3_ws/build/turtlebot3_simulations' returned '0': CMAKE_PREFIX_PATH=/home/cmarrod3/turtlebot3_ws/install/turtlebot3_gazebo:/home/cmarrod3/turtlebot3_ws/install/turtlebot3_fake_node:/home/cmarrod3/turtlebot3_ws/install/turtlebot3_simulations:/home/cmarrod3/turtlebot3_ws/install/my_first_node:/opt/ros/galactic PS1=(rosenv) \[\e]0;\u@\h: \w\a\]${debian_chroot:+($debian_chroot)}\[\033[01;32m\]\u@\h\[\033[00m\]:\[\033[01;34m\]\w\[\033[00m\]\$ /usr/bin/cmake --build /home/cmarrod3/turtlebot3_ws/build/turtlebot3_simulations -- -j2 -l2
[3.383s] DEBUG:colcon.colcon_core.event_handler.log_command:Invoking command in '/home/cmarrod3/turtlebot3_ws/build/turtlebot3_simulations': CMAKE_PREFIX_PATH=/home/cmarrod3/turtlebot3_ws/install/turtlebot3_gazebo:/home/cmarrod3/turtlebot3_ws/install/turtlebot3_fake_node:/home/cmarrod3/turtlebot3_ws/install/turtlebot3_simulations:/home/cmarrod3/turtlebot3_ws/install/my_first_node:/opt/ros/galactic PS1=(rosenv) \[\e]0;\u@\h: \w\a\]${debian_chroot:+($debian_chroot)}\[\033[01;32m\]\u@\h\[\033[00m\]:\[\033[01;34m\]\w\[\033[00m\]\$ /usr/bin/cmake --install /home/cmarrod3/turtlebot3_ws/build/turtlebot3_simulations
[3.415s] Level 1:colcon.colcon_core.environment:create_environment_scripts_only(turtlebot3_simulations)
[3.424s] DEBUG:colcon.colcon_core.event_handler.log_command:Invoked command in '/home/cmarrod3/turtlebot3_ws/build/turtlebot3_simulations' returned '0': CMAKE_PREFIX_PATH=/home/cmarrod3/turtlebot3_ws/install/turtlebot3_gazebo:/home/cmarrod3/turtlebot3_ws/install/turtlebot3_fake_node:/home/cmarrod3/turtlebot3_ws/install/turtlebot3_simulations:/home/cmarrod3/turtlebot3_ws/install/my_first_node:/opt/ros/galactic PS1=(rosenv) \[\e]0;\u@\h: \w\a\]${debian_chroot:+($debian_chroot)}\[\033[01;32m\]\u@\h\[\033[00m\]:\[\033[01;34m\]\w\[\033[00m\]\$ /usr/bin/cmake --install /home/cmarrod3/turtlebot3_ws/build/turtlebot3_simulations
[3.441s] Level 1:colcon.colcon_core.environment:checking '/home/cmarrod3/turtlebot3_ws/install/turtlebot3_simulations' for CMake module files
[3.441s] Level 1:colcon.colcon_core.environment:checking '/home/cmarrod3/turtlebot3_ws/install/turtlebot3_simulations' for CMake config files
[3.441s] Level 1:colcon.colcon_core.shell:create_environment_hook('turtlebot3_simulations', 'cmake_prefix_path')
[3.469s] INFO:colcon.colcon_core.shell:Creating environment hook '/home/cmarrod3/turtlebot3_ws/install/turtlebot3_simulations/share/turtlebot3_simulations/hook/cmake_prefix_path.ps1'
[3.470s] INFO:colcon.colcon_core.shell:Creating environment descriptor '/home/cmarrod3/turtlebot3_ws/install/turtlebot3_simulations/share/turtlebot3_simulations/hook/cmake_prefix_path.dsv'
[3.470s] INFO:colcon.colcon_core.shell:Creating environment hook '/home/cmarrod3/turtlebot3_ws/install/turtlebot3_simulations/share/turtlebot3_simulations/hook/cmake_prefix_path.sh'
[3.471s] Level 1:colcon.colcon_core.environment:checking '/home/cmarrod3/turtlebot3_ws/install/turtlebot3_simulations/bin'
[3.471s] Level 1:colcon.colcon_core.environment:checking '/home/cmarrod3/turtlebot3_ws/install/turtlebot3_simulations/lib/pkgconfig/turtlebot3_simulations.pc'
[3.471s] Level 1:colcon.colcon_core.environment:checking '/home/cmarrod3/turtlebot3_ws/install/turtlebot3_simulations/lib/python3.8/site-packages'
[3.471s] Level 1:colcon.colcon_core.environment:checking '/home/cmarrod3/turtlebot3_ws/install/turtlebot3_simulations/bin'
[3.498s] INFO:colcon.colcon_core.shell:Creating package script '/home/cmarrod3/turtlebot3_ws/install/turtlebot3_simulations/share/turtlebot3_simulations/package.ps1'
[3.499s] INFO:colcon.colcon_core.shell:Creating package descriptor '/home/cmarrod3/turtlebot3_ws/install/turtlebot3_simulations/share/turtlebot3_simulations/package.dsv'
[3.499s] INFO:colcon.colcon_core.shell:Creating package script '/home/cmarrod3/turtlebot3_ws/install/turtlebot3_simulations/share/turtlebot3_simulations/package.sh'
[3.499s] INFO:colcon.colcon_core.shell:Creating package script '/home/cmarrod3/turtlebot3_ws/install/turtlebot3_simulations/share/turtlebot3_simulations/package.bash'
[3.500s] INFO:colcon.colcon_core.shell:Creating package script '/home/cmarrod3/turtlebot3_ws/install/turtlebot3_simulations/share/turtlebot3_simulations/package.zsh'
[3.500s] Level 1:colcon.colcon_core.environment:create_file_with_runtime_dependencies(/home/cmarrod3/turtlebot3_ws/install/turtlebot3_simulations/share/colcon-core/packages/turtlebot3_simulations)
[3.512s] DEBUG:colcon.colcon_core.event_handler.log_command:Invoked command in '/home/cmarrod3/turtlebot3_ws/src/my_first_publisher' returned '0': PS1=(rosenv) \[\e]0;\u@\h: \w\a\]${debian_chroot:+($debian_chroot)}\[\033[01;32m\]\u@\h\[\033[00m\]:\[\033[01;34m\]\w\[\033[00m\]\$ PYTHONPATH=/home/cmarrod3/turtlebot3_ws/build/my_first_publisher/prefix_override:/home/cmarrod3/turtlebot3_ws/install/my_first_publisher/lib/python3.8/site-packages:${PYTHONPATH} /usr/bin/python3 setup.py egg_info --egg-base ../../build/my_first_publisher build --build-base /home/cmarrod3/turtlebot3_ws/build/my_first_publisher/build install --record /home/cmarrod3/turtlebot3_ws/build/my_first_publisher/install.log --single-version-externally-managed
[3.535s] Level 1:colcon.colcon_core.environment:checking '/home/cmarrod3/turtlebot3_ws/install/my_first_publisher' for CMake module files
[3.536s] Level 1:colcon.colcon_core.environment:checking '/home/cmarrod3/turtlebot3_ws/install/my_first_publisher' for CMake config files
[3.536s] Level 1:colcon.colcon_core.environment:checking '/home/cmarrod3/turtlebot3_ws/install/my_first_publisher/lib'
[3.536s] Level 1:colcon.colcon_core.environment:checking '/home/cmarrod3/turtlebot3_ws/install/my_first_publisher/bin'
[3.536s] Level 1:colcon.colcon_core.environment:checking '/home/cmarrod3/turtlebot3_ws/install/my_first_publisher/lib/pkgconfig/my_first_publisher.pc'
[3.536s] Level 1:colcon.colcon_core.environment:checking '/home/cmarrod3/turtlebot3_ws/install/my_first_publisher/lib/python3.8/site-packages'
[3.536s] Level 1:colcon.colcon_core.shell:create_environment_hook('my_first_publisher', 'pythonpath')
[3.558s] INFO:colcon.colcon_core.shell:Creating environment hook '/home/cmarrod3/turtlebot3_ws/install/my_first_publisher/share/my_first_publisher/hook/pythonpath.ps1'
[3.558s] INFO:colcon.colcon_core.shell:Creating environment descriptor '/home/cmarrod3/turtlebot3_ws/install/my_first_publisher/share/my_first_publisher/hook/pythonpath.dsv'
[3.558s] INFO:colcon.colcon_core.shell:Creating environment hook '/home/cmarrod3/turtlebot3_ws/install/my_first_publisher/share/my_first_publisher/hook/pythonpath.sh'
[3.558s] Level 1:colcon.colcon_core.environment:checking '/home/cmarrod3/turtlebot3_ws/install/my_first_publisher/bin'
[3.558s] Level 1:colcon.colcon_core.environment:create_environment_scripts_only(my_first_publisher)
[3.579s] INFO:colcon.colcon_core.shell:Creating package script '/home/cmarrod3/turtlebot3_ws/install/my_first_publisher/share/my_first_publisher/package.ps1'
[3.579s] INFO:colcon.colcon_core.shell:Creating package descriptor '/home/cmarrod3/turtlebot3_ws/install/my_first_publisher/share/my_first_publisher/package.dsv'
[3.579s] INFO:colcon.colcon_core.shell:Creating package script '/home/cmarrod3/turtlebot3_ws/install/my_first_publisher/share/my_first_publisher/package.sh'
[3.579s] INFO:colcon.colcon_core.shell:Creating package script '/home/cmarrod3/turtlebot3_ws/install/my_first_publisher/share/my_first_publisher/package.bash'
[3.580s] INFO:colcon.colcon_core.shell:Creating package script '/home/cmarrod3/turtlebot3_ws/install/my_first_publisher/share/my_first_publisher/package.zsh'
[3.580s] Level 1:colcon.colcon_core.environment:create_file_with_runtime_dependencies(/home/cmarrod3/turtlebot3_ws/install/my_first_publisher/share/colcon-core/packages/my_first_publisher)
[3.601s] Level 1:colcon.colcon_core.environment:create_environment_scripts_only(turtlebot3_simulations)
[3.621s] Level 1:colcon.colcon_core.environment:checking '/home/cmarrod3/turtlebot3_ws/install/turtlebot3_simulations' for CMake module files
[3.621s] Level 1:colcon.colcon_core.environment:checking '/home/cmarrod3/turtlebot3_ws/install/turtlebot3_simulations' for CMake config files
[3.621s] Level 1:colcon.colcon_core.shell:create_environment_hook('turtlebot3_simulations', 'cmake_prefix_path')
[3.643s] INFO:colcon.colcon_core.shell:Creating environment hook '/home/cmarrod3/turtlebot3_ws/install/turtlebot3_simulations/share/turtlebot3_simulations/hook/cmake_prefix_path.ps1'
[3.643s] INFO:colcon.colcon_core.shell:Creating environment descriptor '/home/cmarrod3/turtlebot3_ws/install/turtlebot3_simulations/share/turtlebot3_simulations/hook/cmake_prefix_path.dsv'
[3.643s] INFO:colcon.colcon_core.shell:Creating environment hook '/home/cmarrod3/turtlebot3_ws/install/turtlebot3_simulations/share/turtlebot3_simulations/hook/cmake_prefix_path.sh'
[3.644s] Level 1:colcon.colcon_core.environment:checking '/home/cmarrod3/turtlebot3_ws/install/turtlebot3_simulations/bin'
[3.644s] Level 1:colcon.colcon_core.environment:checking '/home/cmarrod3/turtlebot3_ws/install/turtlebot3_simulations/lib/pkgconfig/turtlebot3_simulations.pc'
[3.644s] Level 1:colcon.colcon_core.environment:checking '/home/cmarrod3/turtlebot3_ws/install/turtlebot3_simulations/lib/python3.8/site-packages'
[3.644s] Level 1:colcon.colcon_core.environment:checking '/home/cmarrod3/turtlebot3_ws/install/turtlebot3_simulations/bin'
[3.664s] INFO:colcon.colcon_core.shell:Creating package script '/home/cmarrod3/turtlebot3_ws/install/turtlebot3_simulations/share/turtlebot3_simulations/package.ps1'
[3.664s] INFO:colcon.colcon_core.shell:Creating package descriptor '/home/cmarrod3/turtlebot3_ws/install/turtlebot3_simulations/share/turtlebot3_simulations/package.dsv'
[3.664s] INFO:colcon.colcon_core.shell:Creating package script '/home/cmarrod3/turtlebot3_ws/install/turtlebot3_simulations/share/turtlebot3_simulations/package.sh'
[3.665s] INFO:colcon.colcon_core.shell:Creating package script '/home/cmarrod3/turtlebot3_ws/install/turtlebot3_simulations/share/turtlebot3_simulations/package.bash'
[3.665s] INFO:colcon.colcon_core.shell:Creating package script '/home/cmarrod3/turtlebot3_ws/install/turtlebot3_simulations/share/turtlebot3_simulations/package.zsh'
[3.665s] Level 1:colcon.colcon_core.environment:create_file_with_runtime_dependencies(/home/cmarrod3/turtlebot3_ws/install/turtlebot3_simulations/share/colcon-core/packages/turtlebot3_simulations)
[3.665s] DEBUG:colcon.colcon_parallel_executor.executor.parallel:closing loop
[3.666s] DEBUG:colcon.colcon_parallel_executor.executor.parallel:loop closed
[3.666s] DEBUG:colcon.colcon_parallel_executor.executor.parallel:run_until_complete finished with '0'
[3.666s] DEBUG:colcon.colcon_core.event_reactor:joining thread
[3.691s] INFO:colcon.colcon_core.plugin_system:Skipping extension 'colcon_notification.desktop_notification.terminal_notifier': Not used on non-Darwin systems
[3.691s] INFO:colcon.colcon_core.plugin_system:Skipping extension 'colcon_notification.desktop_notification.win32': Not used on non-Windows systems
[3.691s] INFO:colcon.colcon_notification.desktop_notification:Sending desktop notification using 'notify2'
[3.703s] DEBUG:colcon.colcon_core.event_reactor:joined thread
[3.725s] INFO:colcon.colcon_core.shell:Creating prefix script '/home/cmarrod3/turtlebot3_ws/install/local_setup.ps1'
[3.726s] INFO:colcon.colcon_core.shell:Creating prefix util module '/home/cmarrod3/turtlebot3_ws/install/_local_setup_util_ps1.py'
[3.726s] INFO:colcon.colcon_core.shell:Creating prefix chain script '/home/cmarrod3/turtlebot3_ws/install/setup.ps1'
[3.748s] INFO:colcon.colcon_core.shell:Creating prefix script '/home/cmarrod3/turtlebot3_ws/install/local_setup.sh'
[3.749s] INFO:colcon.colcon_core.shell:Creating prefix util module '/home/cmarrod3/turtlebot3_ws/install/_local_setup_util_sh.py'
[3.749s] INFO:colcon.colcon_core.shell:Creating prefix chain script '/home/cmarrod3/turtlebot3_ws/install/setup.sh'
[3.770s] INFO:colcon.colcon_core.shell:Creating prefix script '/home/cmarrod3/turtlebot3_ws/install/local_setup.bash'
[3.770s] INFO:colcon.colcon_core.shell:Creating prefix chain script '/home/cmarrod3/turtlebot3_ws/install/setup.bash'
[3.793s] INFO:colcon.colcon_core.shell:Creating prefix script '/home/cmarrod3/turtlebot3_ws/install/local_setup.zsh'
[3.794s] INFO:colcon.colcon_core.shell:Creating prefix chain script '/home/cmarrod3/turtlebot3_ws/install/setup.zsh'
