[1.721s] Invoking command in '/home/dmpasgal/Clothy/ROS/turtlebot3_ws/src/provide_map': PYTHONPATH=/home/dmpasgal/Clothy/build/provide_map/prefix_override:/home/dmpasgal/Clothy/install/provide_map/lib/python3.8/site-packages:${PYTHONPATH} /usr/bin/python3 setup.py egg_info --egg-base ../../../../build/provide_map build --build-base /home/dmpasgal/Clothy/build/provide_map/build install --record /home/dmpasgal/Clothy/build/provide_map/install.log --single-version-externally-managed
[1.916s] running egg_info
[1.916s] writing ../../../../build/provide_map/provide_map.egg-info/PKG-INFO
[1.917s] writing dependency_links to ../../../../build/provide_map/provide_map.egg-info/dependency_links.txt
[1.917s] writing entry points to ../../../../build/provide_map/provide_map.egg-info/entry_points.txt
[1.933s] writing requirements to ../../../../build/provide_map/provide_map.egg-info/requires.txt
[1.934s] writing top-level names to ../../../../build/provide_map/provide_map.egg-info/top_level.txt
[1.970s] reading manifest file '../../../../build/provide_map/provide_map.egg-info/SOURCES.txt'
[1.972s] writing manifest file '../../../../build/provide_map/provide_map.egg-info/SOURCES.txt'
[1.972s] running build
[1.972s] running build_py
[1.972s] running install
[1.974s] running install_lib
[1.979s] running install_data
[1.979s] running install_egg_info
[1.995s] removing '/home/dmpasgal/Clothy/install/provide_map/lib/python3.8/site-packages/provide_map-0.0.0-py3.8.egg-info' (and everything under it)
[1.996s] Copying ../../../../build/provide_map/provide_map.egg-info to /home/dmpasgal/Clothy/install/provide_map/lib/python3.8/site-packages/provide_map-0.0.0-py3.8.egg-info
[1.996s] running install_scripts
[2.023s] writing list of installed files to '/home/dmpasgal/Clothy/build/provide_map/install.log'
[2.182s] Invoked command in '/home/dmpasgal/Clothy/ROS/turtlebot3_ws/src/provide_map' returned '0': PYTHONPATH=/home/dmpasgal/Clothy/build/provide_map/prefix_override:/home/dmpasgal/Clothy/install/provide_map/lib/python3.8/site-packages:${PYTHONPATH} /usr/bin/python3 setup.py egg_info --egg-base ../../../../build/provide_map build --build-base /home/dmpasgal/Clothy/build/provide_map/build install --record /home/dmpasgal/Clothy/build/provide_map/install.log --single-version-externally-managed
