[1.392s] DEBUG:colcon:Command line arguments: ['/usr/bin/colcon', 'build']
[1.392s] DEBUG:colcon:Parsed command line arguments: Namespace(allow_overriding=[], ament_cmake_args=None, base_paths=['.'], build_base='build', catkin_cmake_args=None, catkin_skip_building_tests=False, cmake_args=None, cmake_clean_cache=False, cmake_clean_first=False, cmake_force_configure=False, cmake_target=None, cmake_target_skip_unavailable=False, continue_on_error=False, event_handlers=None, executor='parallel', ignore_user_meta=False, install_base='install', log_base=None, log_level=None, main=<bound method BuildVerb.main of <colcon_core.verb.build.BuildVerb object at 0x7fb7603eedc0>>, merge_install=False, metas=['./colcon.meta'], packages_above=None, packages_above_and_dependencies=None, packages_above_depth=None, packages_end=None, packages_ignore=None, packages_ignore_regex=None, packages_select=None, packages_select_build_failed=False, packages_select_by_dep=None, packages_select_regex=None, packages_select_test_failures=False, packages_skip=None, packages_skip_build_finished=False, packages_skip_by_dep=None, packages_skip_regex=None, packages_skip_test_passed=False, packages_skip_up_to=None, packages_start=None, packages_up_to=None, packages_up_to_regex=None, parallel_workers=4, paths=None, symlink_install=False, test_result_base=None, verb_extension=<colcon_core.verb.build.BuildVerb object at 0x7fb7603eedc0>, verb_name='build', verb_parser=<colcon_defaults.argument_parser.defaults.DefaultArgumentsDecorator object at 0x7fb7603ee310>)
[1.462s] Level 1:colcon.colcon_core.package_discovery:discover_packages(colcon_meta) check parameters
[1.463s] Level 1:colcon.colcon_core.package_discovery:discover_packages(recursive) check parameters
[1.463s] Level 1:colcon.colcon_core.package_discovery:discover_packages(ignore) check parameters
[1.463s] Level 1:colcon.colcon_core.package_discovery:discover_packages(path) check parameters
[1.463s] Level 1:colcon.colcon_core.package_discovery:discover_packages(colcon_meta) discover
[1.463s] Level 1:colcon.colcon_core.package_discovery:discover_packages(recursive) discover
[1.463s] INFO:colcon.colcon_core.package_discovery:Crawling recursively for packages in '/home/dmpasgal/Clothy'
[1.463s] Level 1:colcon.colcon_core.package_identification:_identify(.) by extensions ['ignore', 'ignore_ament_install']
[1.463s] Level 1:colcon.colcon_core.package_identification:_identify(.) by extension 'ignore'
[1.463s] Level 1:colcon.colcon_core.package_identification:_identify(.) by extension 'ignore_ament_install'
[1.463s] Level 1:colcon.colcon_core.package_identification:_identify(.) by extensions ['colcon_pkg']
[1.463s] Level 1:colcon.colcon_core.package_identification:_identify(.) by extension 'colcon_pkg'
[1.463s] Level 1:colcon.colcon_core.package_identification:_identify(.) by extensions ['colcon_meta']
[1.463s] Level 1:colcon.colcon_core.package_identification:_identify(.) by extension 'colcon_meta'
[1.463s] Level 1:colcon.colcon_core.package_identification:_identify(.) by extensions ['ros']
[1.463s] Level 1:colcon.colcon_core.package_identification:_identify(.) by extension 'ros'
[1.470s] Level 1:colcon.colcon_core.package_identification:_identify(.) by extensions ['cmake', 'python']
[1.470s] Level 1:colcon.colcon_core.package_identification:_identify(.) by extension 'cmake'
[1.471s] Level 1:colcon.colcon_core.package_identification:_identify(.) by extension 'python'
[1.471s] Level 1:colcon.colcon_core.package_identification:_identify(.) by extensions ['python_setup_py']
[1.471s] Level 1:colcon.colcon_core.package_identification:_identify(.) by extension 'python_setup_py'
[1.471s] Level 1:colcon.colcon_core.package_identification:_identify(ROS) by extensions ['ignore', 'ignore_ament_install']
[1.471s] Level 1:colcon.colcon_core.package_identification:_identify(ROS) by extension 'ignore'
[1.471s] Level 1:colcon.colcon_core.package_identification:_identify(ROS) by extension 'ignore_ament_install'
[1.471s] Level 1:colcon.colcon_core.package_identification:_identify(ROS) by extensions ['colcon_pkg']
[1.471s] Level 1:colcon.colcon_core.package_identification:_identify(ROS) by extension 'colcon_pkg'
[1.471s] Level 1:colcon.colcon_core.package_identification:_identify(ROS) by extensions ['colcon_meta']
[1.471s] Level 1:colcon.colcon_core.package_identification:_identify(ROS) by extension 'colcon_meta'
[1.471s] Level 1:colcon.colcon_core.package_identification:_identify(ROS) by extensions ['ros']
[1.471s] Level 1:colcon.colcon_core.package_identification:_identify(ROS) by extension 'ros'
[1.471s] Level 1:colcon.colcon_core.package_identification:_identify(ROS) by extensions ['cmake', 'python']
[1.471s] Level 1:colcon.colcon_core.package_identification:_identify(ROS) by extension 'cmake'
[1.471s] Level 1:colcon.colcon_core.package_identification:_identify(ROS) by extension 'python'
[1.471s] Level 1:colcon.colcon_core.package_identification:_identify(ROS) by extensions ['python_setup_py']
[1.471s] Level 1:colcon.colcon_core.package_identification:_identify(ROS) by extension 'python_setup_py'
[1.471s] Level 1:colcon.colcon_core.package_identification:_identify(ROS/turtlebot3_ws) by extensions ['ignore', 'ignore_ament_install']
[1.471s] Level 1:colcon.colcon_core.package_identification:_identify(ROS/turtlebot3_ws) by extension 'ignore'
[1.471s] Level 1:colcon.colcon_core.package_identification:_identify(ROS/turtlebot3_ws) by extension 'ignore_ament_install'
[1.471s] Level 1:colcon.colcon_core.package_identification:_identify(ROS/turtlebot3_ws) by extensions ['colcon_pkg']
[1.471s] Level 1:colcon.colcon_core.package_identification:_identify(ROS/turtlebot3_ws) by extension 'colcon_pkg'
[1.471s] Level 1:colcon.colcon_core.package_identification:_identify(ROS/turtlebot3_ws) by extensions ['colcon_meta']
[1.471s] Level 1:colcon.colcon_core.package_identification:_identify(ROS/turtlebot3_ws) by extension 'colcon_meta'
[1.471s] Level 1:colcon.colcon_core.package_identification:_identify(ROS/turtlebot3_ws) by extensions ['ros']
[1.471s] Level 1:colcon.colcon_core.package_identification:_identify(ROS/turtlebot3_ws) by extension 'ros'
[1.472s] Level 1:colcon.colcon_core.package_identification:_identify(ROS/turtlebot3_ws) by extensions ['cmake', 'python']
[1.472s] Level 1:colcon.colcon_core.package_identification:_identify(ROS/turtlebot3_ws) by extension 'cmake'
[1.472s] Level 1:colcon.colcon_core.package_identification:_identify(ROS/turtlebot3_ws) by extension 'python'
[1.472s] Level 1:colcon.colcon_core.package_identification:_identify(ROS/turtlebot3_ws) by extensions ['python_setup_py']
[1.472s] Level 1:colcon.colcon_core.package_identification:_identify(ROS/turtlebot3_ws) by extension 'python_setup_py'
[1.472s] Level 1:colcon.colcon_core.package_identification:_identify(ROS/turtlebot3_ws/build) by extensions ['ignore', 'ignore_ament_install']
[1.472s] Level 1:colcon.colcon_core.package_identification:_identify(ROS/turtlebot3_ws/build) by extension 'ignore'
[1.472s] Level 1:colcon.colcon_core.package_identification:_identify(ROS/turtlebot3_ws/build) ignored
[1.472s] Level 1:colcon.colcon_core.package_identification:_identify(ROS/turtlebot3_ws/install) by extensions ['ignore', 'ignore_ament_install']
[1.472s] Level 1:colcon.colcon_core.package_identification:_identify(ROS/turtlebot3_ws/install) by extension 'ignore'
[1.472s] Level 1:colcon.colcon_core.package_identification:_identify(ROS/turtlebot3_ws/install) ignored
[1.472s] Level 1:colcon.colcon_core.package_identification:_identify(ROS/turtlebot3_ws/log) by extensions ['ignore', 'ignore_ament_install']
[1.472s] Level 1:colcon.colcon_core.package_identification:_identify(ROS/turtlebot3_ws/log) by extension 'ignore'
[1.472s] Level 1:colcon.colcon_core.package_identification:_identify(ROS/turtlebot3_ws/log) ignored
[1.472s] Level 1:colcon.colcon_core.package_identification:_identify(ROS/turtlebot3_ws/src) by extensions ['ignore', 'ignore_ament_install']
[1.472s] Level 1:colcon.colcon_core.package_identification:_identify(ROS/turtlebot3_ws/src) by extension 'ignore'
[1.472s] Level 1:colcon.colcon_core.package_identification:_identify(ROS/turtlebot3_ws/src) by extension 'ignore_ament_install'
[1.472s] Level 1:colcon.colcon_core.package_identification:_identify(ROS/turtlebot3_ws/src) by extensions ['colcon_pkg']
[1.472s] Level 1:colcon.colcon_core.package_identification:_identify(ROS/turtlebot3_ws/src) by extension 'colcon_pkg'
[1.472s] Level 1:colcon.colcon_core.package_identification:_identify(ROS/turtlebot3_ws/src) by extensions ['colcon_meta']
[1.472s] Level 1:colcon.colcon_core.package_identification:_identify(ROS/turtlebot3_ws/src) by extension 'colcon_meta'
[1.472s] Level 1:colcon.colcon_core.package_identification:_identify(ROS/turtlebot3_ws/src) by extensions ['ros']
[1.472s] Level 1:colcon.colcon_core.package_identification:_identify(ROS/turtlebot3_ws/src) by extension 'ros'
[1.472s] Level 1:colcon.colcon_core.package_identification:_identify(ROS/turtlebot3_ws/src) by extensions ['cmake', 'python']
[1.472s] Level 1:colcon.colcon_core.package_identification:_identify(ROS/turtlebot3_ws/src) by extension 'cmake'
[1.472s] Level 1:colcon.colcon_core.package_identification:_identify(ROS/turtlebot3_ws/src) by extension 'python'
[1.472s] Level 1:colcon.colcon_core.package_identification:_identify(ROS/turtlebot3_ws/src) by extensions ['python_setup_py']
[1.472s] Level 1:colcon.colcon_core.package_identification:_identify(ROS/turtlebot3_ws/src) by extension 'python_setup_py'
[1.472s] Level 1:colcon.colcon_core.package_identification:_identify(ROS/turtlebot3_ws/src/build) by extensions ['ignore', 'ignore_ament_install']
[1.472s] Level 1:colcon.colcon_core.package_identification:_identify(ROS/turtlebot3_ws/src/build) by extension 'ignore'
[1.472s] Level 1:colcon.colcon_core.package_identification:_identify(ROS/turtlebot3_ws/src/build) ignored
[1.472s] Level 1:colcon.colcon_core.package_identification:_identify(ROS/turtlebot3_ws/src/custom_interface) by extensions ['ignore', 'ignore_ament_install']
[1.472s] Level 1:colcon.colcon_core.package_identification:_identify(ROS/turtlebot3_ws/src/custom_interface) by extension 'ignore'
[1.472s] Level 1:colcon.colcon_core.package_identification:_identify(ROS/turtlebot3_ws/src/custom_interface) by extension 'ignore_ament_install'
[1.472s] Level 1:colcon.colcon_core.package_identification:_identify(ROS/turtlebot3_ws/src/custom_interface) by extensions ['colcon_pkg']
[1.473s] Level 1:colcon.colcon_core.package_identification:_identify(ROS/turtlebot3_ws/src/custom_interface) by extension 'colcon_pkg'
[1.473s] Level 1:colcon.colcon_core.package_identification:_identify(ROS/turtlebot3_ws/src/custom_interface) by extensions ['colcon_meta']
[1.473s] Level 1:colcon.colcon_core.package_identification:_identify(ROS/turtlebot3_ws/src/custom_interface) by extension 'colcon_meta'
[1.473s] Level 1:colcon.colcon_core.package_identification:_identify(ROS/turtlebot3_ws/src/custom_interface) by extensions ['ros']
[1.473s] Level 1:colcon.colcon_core.package_identification:_identify(ROS/turtlebot3_ws/src/custom_interface) by extension 'ros'
[1.474s] DEBUG:colcon.colcon_core.package_identification:Package 'ROS/turtlebot3_ws/src/custom_interface' with type 'ros.ament_cmake' and name 'custom_interface'
[1.474s] Level 1:colcon.colcon_core.package_identification:_identify(ROS/turtlebot3_ws/src/install) by extensions ['ignore', 'ignore_ament_install']
[1.474s] Level 1:colcon.colcon_core.package_identification:_identify(ROS/turtlebot3_ws/src/install) by extension 'ignore'
[1.474s] Level 1:colcon.colcon_core.package_identification:_identify(ROS/turtlebot3_ws/src/install) ignored
[1.475s] Level 1:colcon.colcon_core.package_identification:_identify(ROS/turtlebot3_ws/src/log) by extensions ['ignore', 'ignore_ament_install']
[1.475s] Level 1:colcon.colcon_core.package_identification:_identify(ROS/turtlebot3_ws/src/log) by extension 'ignore'
[1.475s] Level 1:colcon.colcon_core.package_identification:_identify(ROS/turtlebot3_ws/src/log) ignored
[1.475s] Level 1:colcon.colcon_core.package_identification:_identify(ROS/turtlebot3_ws/src/my_slam) by extensions ['ignore', 'ignore_ament_install']
[1.475s] Level 1:colcon.colcon_core.package_identification:_identify(ROS/turtlebot3_ws/src/my_slam) by extension 'ignore'
[1.475s] Level 1:colcon.colcon_core.package_identification:_identify(ROS/turtlebot3_ws/src/my_slam) by extension 'ignore_ament_install'
[1.475s] Level 1:colcon.colcon_core.package_identification:_identify(ROS/turtlebot3_ws/src/my_slam) by extensions ['colcon_pkg']
[1.475s] Level 1:colcon.colcon_core.package_identification:_identify(ROS/turtlebot3_ws/src/my_slam) by extension 'colcon_pkg'
[1.475s] Level 1:colcon.colcon_core.package_identification:_identify(ROS/turtlebot3_ws/src/my_slam) by extensions ['colcon_meta']
[1.475s] Level 1:colcon.colcon_core.package_identification:_identify(ROS/turtlebot3_ws/src/my_slam) by extension 'colcon_meta'
[1.475s] Level 1:colcon.colcon_core.package_identification:_identify(ROS/turtlebot3_ws/src/my_slam) by extensions ['ros']
[1.475s] Level 1:colcon.colcon_core.package_identification:_identify(ROS/turtlebot3_ws/src/my_slam) by extension 'ros'
[1.475s] DEBUG:colcon.colcon_core.package_identification:Package 'ROS/turtlebot3_ws/src/my_slam' with type 'ros.ament_python' and name 'my_slam'
[1.475s] Level 1:colcon.colcon_core.package_identification:_identify(ROS/turtlebot3_ws/src/my_world) by extensions ['ignore', 'ignore_ament_install']
[1.475s] Level 1:colcon.colcon_core.package_identification:_identify(ROS/turtlebot3_ws/src/my_world) by extension 'ignore'
[1.475s] Level 1:colcon.colcon_core.package_identification:_identify(ROS/turtlebot3_ws/src/my_world) by extension 'ignore_ament_install'
[1.475s] Level 1:colcon.colcon_core.package_identification:_identify(ROS/turtlebot3_ws/src/my_world) by extensions ['colcon_pkg']
[1.475s] Level 1:colcon.colcon_core.package_identification:_identify(ROS/turtlebot3_ws/src/my_world) by extension 'colcon_pkg'
[1.475s] Level 1:colcon.colcon_core.package_identification:_identify(ROS/turtlebot3_ws/src/my_world) by extensions ['colcon_meta']
[1.475s] Level 1:colcon.colcon_core.package_identification:_identify(ROS/turtlebot3_ws/src/my_world) by extension 'colcon_meta'
[1.475s] Level 1:colcon.colcon_core.package_identification:_identify(ROS/turtlebot3_ws/src/my_world) by extensions ['ros']
[1.475s] Level 1:colcon.colcon_core.package_identification:_identify(ROS/turtlebot3_ws/src/my_world) by extension 'ros'
[1.476s] DEBUG:colcon.colcon_core.package_identification:Package 'ROS/turtlebot3_ws/src/my_world' with type 'ros.ament_cmake' and name 'my_world'
[1.476s] Level 1:colcon.colcon_core.package_identification:_identify(ROS/turtlebot3_ws/src/provide_map) by extensions ['ignore', 'ignore_ament_install']
[1.476s] Level 1:colcon.colcon_core.package_identification:_identify(ROS/turtlebot3_ws/src/provide_map) by extension 'ignore'
[1.476s] Level 1:colcon.colcon_core.package_identification:_identify(ROS/turtlebot3_ws/src/provide_map) by extension 'ignore_ament_install'
[1.476s] Level 1:colcon.colcon_core.package_identification:_identify(ROS/turtlebot3_ws/src/provide_map) by extensions ['colcon_pkg']
[1.476s] Level 1:colcon.colcon_core.package_identification:_identify(ROS/turtlebot3_ws/src/provide_map) by extension 'colcon_pkg'
[1.476s] Level 1:colcon.colcon_core.package_identification:_identify(ROS/turtlebot3_ws/src/provide_map) by extensions ['colcon_meta']
[1.476s] Level 1:colcon.colcon_core.package_identification:_identify(ROS/turtlebot3_ws/src/provide_map) by extension 'colcon_meta'
[1.476s] Level 1:colcon.colcon_core.package_identification:_identify(ROS/turtlebot3_ws/src/provide_map) by extensions ['ros']
[1.476s] Level 1:colcon.colcon_core.package_identification:_identify(ROS/turtlebot3_ws/src/provide_map) by extension 'ros'
[1.477s] DEBUG:colcon.colcon_core.package_identification:Package 'ROS/turtlebot3_ws/src/provide_map' with type 'ros.ament_python' and name 'provide_map'
[1.477s] Level 1:colcon.colcon_core.package_identification:_identify(ROS/turtlebot3_ws/src/show_msg) by extensions ['ignore', 'ignore_ament_install']
[1.477s] Level 1:colcon.colcon_core.package_identification:_identify(ROS/turtlebot3_ws/src/show_msg) by extension 'ignore'
[1.477s] Level 1:colcon.colcon_core.package_identification:_identify(ROS/turtlebot3_ws/src/show_msg) by extension 'ignore_ament_install'
[1.477s] Level 1:colcon.colcon_core.package_identification:_identify(ROS/turtlebot3_ws/src/show_msg) by extensions ['colcon_pkg']
[1.477s] Level 1:colcon.colcon_core.package_identification:_identify(ROS/turtlebot3_ws/src/show_msg) by extension 'colcon_pkg'
[1.477s] Level 1:colcon.colcon_core.package_identification:_identify(ROS/turtlebot3_ws/src/show_msg) by extensions ['colcon_meta']
[1.477s] Level 1:colcon.colcon_core.package_identification:_identify(ROS/turtlebot3_ws/src/show_msg) by extension 'colcon_meta'
[1.477s] Level 1:colcon.colcon_core.package_identification:_identify(ROS/turtlebot3_ws/src/show_msg) by extensions ['ros']
[1.477s] Level 1:colcon.colcon_core.package_identification:_identify(ROS/turtlebot3_ws/src/show_msg) by extension 'ros'
[1.477s] DEBUG:colcon.colcon_core.package_identification:Package 'ROS/turtlebot3_ws/src/show_msg' with type 'ros.ament_python' and name 'show_msg'
[1.477s] Level 1:colcon.colcon_core.package_identification:_identify(ROS/turtlebot3_ws/src/turtlebot3_simulations) by extensions ['ignore', 'ignore_ament_install']
[1.477s] Level 1:colcon.colcon_core.package_identification:_identify(ROS/turtlebot3_ws/src/turtlebot3_simulations) by extension 'ignore'
[1.477s] Level 1:colcon.colcon_core.package_identification:_identify(ROS/turtlebot3_ws/src/turtlebot3_simulations) by extension 'ignore_ament_install'
[1.477s] Level 1:colcon.colcon_core.package_identification:_identify(ROS/turtlebot3_ws/src/turtlebot3_simulations) by extensions ['colcon_pkg']
[1.477s] Level 1:colcon.colcon_core.package_identification:_identify(ROS/turtlebot3_ws/src/turtlebot3_simulations) by extension 'colcon_pkg'
[1.477s] Level 1:colcon.colcon_core.package_identification:_identify(ROS/turtlebot3_ws/src/turtlebot3_simulations) by extensions ['colcon_meta']
[1.477s] Level 1:colcon.colcon_core.package_identification:_identify(ROS/turtlebot3_ws/src/turtlebot3_simulations) by extension 'colcon_meta'
[1.477s] Level 1:colcon.colcon_core.package_identification:_identify(ROS/turtlebot3_ws/src/turtlebot3_simulations) by extensions ['ros']
[1.477s] Level 1:colcon.colcon_core.package_identification:_identify(ROS/turtlebot3_ws/src/turtlebot3_simulations) by extension 'ros'
[1.477s] Level 1:colcon.colcon_core.package_identification:_identify(ROS/turtlebot3_ws/src/turtlebot3_simulations) by extensions ['cmake', 'python']
[1.477s] Level 1:colcon.colcon_core.package_identification:_identify(ROS/turtlebot3_ws/src/turtlebot3_simulations) by extension 'cmake'
[1.477s] Level 1:colcon.colcon_core.package_identification:_identify(ROS/turtlebot3_ws/src/turtlebot3_simulations) by extension 'python'
[1.477s] Level 1:colcon.colcon_core.package_identification:_identify(ROS/turtlebot3_ws/src/turtlebot3_simulations) by extensions ['python_setup_py']
[1.477s] Level 1:colcon.colcon_core.package_identification:_identify(ROS/turtlebot3_ws/src/turtlebot3_simulations) by extension 'python_setup_py'
[1.478s] Level 1:colcon.colcon_core.package_identification:_identify(ROS/turtlebot3_ws/src/turtlebot3_simulations/turtlebot3_fake_node) by extensions ['ignore', 'ignore_ament_install']
[1.478s] Level 1:colcon.colcon_core.package_identification:_identify(ROS/turtlebot3_ws/src/turtlebot3_simulations/turtlebot3_fake_node) by extension 'ignore'
[1.478s] Level 1:colcon.colcon_core.package_identification:_identify(ROS/turtlebot3_ws/src/turtlebot3_simulations/turtlebot3_fake_node) by extension 'ignore_ament_install'
[1.478s] Level 1:colcon.colcon_core.package_identification:_identify(ROS/turtlebot3_ws/src/turtlebot3_simulations/turtlebot3_fake_node) by extensions ['colcon_pkg']
[1.478s] Level 1:colcon.colcon_core.package_identification:_identify(ROS/turtlebot3_ws/src/turtlebot3_simulations/turtlebot3_fake_node) by extension 'colcon_pkg'
[1.478s] Level 1:colcon.colcon_core.package_identification:_identify(ROS/turtlebot3_ws/src/turtlebot3_simulations/turtlebot3_fake_node) by extensions ['colcon_meta']
[1.478s] Level 1:colcon.colcon_core.package_identification:_identify(ROS/turtlebot3_ws/src/turtlebot3_simulations/turtlebot3_fake_node) by extension 'colcon_meta'
[1.478s] Level 1:colcon.colcon_core.package_identification:_identify(ROS/turtlebot3_ws/src/turtlebot3_simulations/turtlebot3_fake_node) by extensions ['ros']
[1.478s] Level 1:colcon.colcon_core.package_identification:_identify(ROS/turtlebot3_ws/src/turtlebot3_simulations/turtlebot3_fake_node) by extension 'ros'
[1.479s] DEBUG:colcon.colcon_core.package_identification:Package 'ROS/turtlebot3_ws/src/turtlebot3_simulations/turtlebot3_fake_node' with type 'ros.ament_cmake' and name 'turtlebot3_fake_node'
[1.479s] Level 1:colcon.colcon_core.package_identification:_identify(ROS/turtlebot3_ws/src/turtlebot3_simulations/turtlebot3_gazebo) by extensions ['ignore', 'ignore_ament_install']
[1.479s] Level 1:colcon.colcon_core.package_identification:_identify(ROS/turtlebot3_ws/src/turtlebot3_simulations/turtlebot3_gazebo) by extension 'ignore'
[1.479s] Level 1:colcon.colcon_core.package_identification:_identify(ROS/turtlebot3_ws/src/turtlebot3_simulations/turtlebot3_gazebo) by extension 'ignore_ament_install'
[1.479s] Level 1:colcon.colcon_core.package_identification:_identify(ROS/turtlebot3_ws/src/turtlebot3_simulations/turtlebot3_gazebo) by extensions ['colcon_pkg']
[1.479s] Level 1:colcon.colcon_core.package_identification:_identify(ROS/turtlebot3_ws/src/turtlebot3_simulations/turtlebot3_gazebo) by extension 'colcon_pkg'
[1.479s] Level 1:colcon.colcon_core.package_identification:_identify(ROS/turtlebot3_ws/src/turtlebot3_simulations/turtlebot3_gazebo) by extensions ['colcon_meta']
[1.479s] Level 1:colcon.colcon_core.package_identification:_identify(ROS/turtlebot3_ws/src/turtlebot3_simulations/turtlebot3_gazebo) by extension 'colcon_meta'
[1.479s] Level 1:colcon.colcon_core.package_identification:_identify(ROS/turtlebot3_ws/src/turtlebot3_simulations/turtlebot3_gazebo) by extensions ['ros']
[1.479s] Level 1:colcon.colcon_core.package_identification:_identify(ROS/turtlebot3_ws/src/turtlebot3_simulations/turtlebot3_gazebo) by extension 'ros'
[1.479s] DEBUG:colcon.colcon_core.package_identification:Package 'ROS/turtlebot3_ws/src/turtlebot3_simulations/turtlebot3_gazebo' with type 'ros.ament_cmake' and name 'turtlebot3_gazebo'
[1.479s] Level 1:colcon.colcon_core.package_identification:_identify(ROS/turtlebot3_ws/src/turtlebot3_simulations/turtlebot3_simulations) by extensions ['ignore', 'ignore_ament_install']
[1.479s] Level 1:colcon.colcon_core.package_identification:_identify(ROS/turtlebot3_ws/src/turtlebot3_simulations/turtlebot3_simulations) by extension 'ignore'
[1.480s] Level 1:colcon.colcon_core.package_identification:_identify(ROS/turtlebot3_ws/src/turtlebot3_simulations/turtlebot3_simulations) by extension 'ignore_ament_install'
[1.480s] Level 1:colcon.colcon_core.package_identification:_identify(ROS/turtlebot3_ws/src/turtlebot3_simulations/turtlebot3_simulations) by extensions ['colcon_pkg']
[1.480s] Level 1:colcon.colcon_core.package_identification:_identify(ROS/turtlebot3_ws/src/turtlebot3_simulations/turtlebot3_simulations) by extension 'colcon_pkg'
[1.480s] Level 1:colcon.colcon_core.package_identification:_identify(ROS/turtlebot3_ws/src/turtlebot3_simulations/turtlebot3_simulations) by extensions ['colcon_meta']
[1.480s] Level 1:colcon.colcon_core.package_identification:_identify(ROS/turtlebot3_ws/src/turtlebot3_simulations/turtlebot3_simulations) by extension 'colcon_meta'
[1.480s] Level 1:colcon.colcon_core.package_identification:_identify(ROS/turtlebot3_ws/src/turtlebot3_simulations/turtlebot3_simulations) by extensions ['ros']
[1.480s] Level 1:colcon.colcon_core.package_identification:_identify(ROS/turtlebot3_ws/src/turtlebot3_simulations/turtlebot3_simulations) by extension 'ros'
[1.480s] DEBUG:colcon.colcon_core.package_identification:Package 'ROS/turtlebot3_ws/src/turtlebot3_simulations/turtlebot3_simulations' with type 'ros.ament_cmake' and name 'turtlebot3_simulations'
[1.480s] Level 1:colcon.colcon_core.package_identification:_identify(WEB) by extensions ['ignore', 'ignore_ament_install']
[1.480s] Level 1:colcon.colcon_core.package_identification:_identify(WEB) by extension 'ignore'
[1.480s] Level 1:colcon.colcon_core.package_identification:_identify(WEB) by extension 'ignore_ament_install'
[1.480s] Level 1:colcon.colcon_core.package_identification:_identify(WEB) by extensions ['colcon_pkg']
[1.480s] Level 1:colcon.colcon_core.package_identification:_identify(WEB) by extension 'colcon_pkg'
[1.480s] Level 1:colcon.colcon_core.package_identification:_identify(WEB) by extensions ['colcon_meta']
[1.480s] Level 1:colcon.colcon_core.package_identification:_identify(WEB) by extension 'colcon_meta'
[1.480s] Level 1:colcon.colcon_core.package_identification:_identify(WEB) by extensions ['ros']
[1.480s] Level 1:colcon.colcon_core.package_identification:_identify(WEB) by extension 'ros'
[1.480s] Level 1:colcon.colcon_core.package_identification:_identify(WEB) by extensions ['cmake', 'python']
[1.480s] Level 1:colcon.colcon_core.package_identification:_identify(WEB) by extension 'cmake'
[1.480s] Level 1:colcon.colcon_core.package_identification:_identify(WEB) by extension 'python'
[1.480s] Level 1:colcon.colcon_core.package_identification:_identify(WEB) by extensions ['python_setup_py']
[1.480s] Level 1:colcon.colcon_core.package_identification:_identify(WEB) by extension 'python_setup_py'
[1.483s] Level 1:colcon.colcon_core.package_identification:_identify(WEB/src) by extensions ['ignore', 'ignore_ament_install']
[1.483s] Level 1:colcon.colcon_core.package_identification:_identify(WEB/src) by extension 'ignore'
[1.483s] Level 1:colcon.colcon_core.package_identification:_identify(WEB/src) by extension 'ignore_ament_install'
[1.483s] Level 1:colcon.colcon_core.package_identification:_identify(WEB/src) by extensions ['colcon_pkg']
[1.483s] Level 1:colcon.colcon_core.package_identification:_identify(WEB/src) by extension 'colcon_pkg'
[1.483s] Level 1:colcon.colcon_core.package_identification:_identify(WEB/src) by extensions ['colcon_meta']
[1.483s] Level 1:colcon.colcon_core.package_identification:_identify(WEB/src) by extension 'colcon_meta'
[1.483s] Level 1:colcon.colcon_core.package_identification:_identify(WEB/src) by extensions ['ros']
[1.483s] Level 1:colcon.colcon_core.package_identification:_identify(WEB/src) by extension 'ros'
[1.483s] Level 1:colcon.colcon_core.package_identification:_identify(WEB/src) by extensions ['cmake', 'python']
[1.483s] Level 1:colcon.colcon_core.package_identification:_identify(WEB/src) by extension 'cmake'
[1.483s] Level 1:colcon.colcon_core.package_identification:_identify(WEB/src) by extension 'python'
[1.483s] Level 1:colcon.colcon_core.package_identification:_identify(WEB/src) by extensions ['python_setup_py']
[1.483s] Level 1:colcon.colcon_core.package_identification:_identify(WEB/src) by extension 'python_setup_py'
[1.484s] Level 1:colcon.colcon_core.package_identification:_identify(WEB/src/assets) by extensions ['ignore', 'ignore_ament_install']
[1.485s] Level 1:colcon.colcon_core.package_identification:_identify(WEB/src/assets) by extension 'ignore'
[1.485s] Level 1:colcon.colcon_core.package_identification:_identify(WEB/src/assets) by extension 'ignore_ament_install'
[1.485s] Level 1:colcon.colcon_core.package_identification:_identify(WEB/src/assets) by extensions ['colcon_pkg']
[1.485s] Level 1:colcon.colcon_core.package_identification:_identify(WEB/src/assets) by extension 'colcon_pkg'
[1.485s] Level 1:colcon.colcon_core.package_identification:_identify(WEB/src/assets) by extensions ['colcon_meta']
[1.485s] Level 1:colcon.colcon_core.package_identification:_identify(WEB/src/assets) by extension 'colcon_meta'
[1.485s] Level 1:colcon.colcon_core.package_identification:_identify(WEB/src/assets) by extensions ['ros']
[1.485s] Level 1:colcon.colcon_core.package_identification:_identify(WEB/src/assets) by extension 'ros'
[1.485s] Level 1:colcon.colcon_core.package_identification:_identify(WEB/src/assets) by extensions ['cmake', 'python']
[1.485s] Level 1:colcon.colcon_core.package_identification:_identify(WEB/src/assets) by extension 'cmake'
[1.485s] Level 1:colcon.colcon_core.package_identification:_identify(WEB/src/assets) by extension 'python'
[1.485s] Level 1:colcon.colcon_core.package_identification:_identify(WEB/src/assets) by extensions ['python_setup_py']
[1.485s] Level 1:colcon.colcon_core.package_identification:_identify(WEB/src/assets) by extension 'python_setup_py'
[1.485s] Level 1:colcon.colcon_core.package_identification:_identify(WEB/src/assets/fondos) by extensions ['ignore', 'ignore_ament_install']
[1.486s] Level 1:colcon.colcon_core.package_identification:_identify(WEB/src/assets/fondos) by extension 'ignore'
[1.486s] Level 1:colcon.colcon_core.package_identification:_identify(WEB/src/assets/fondos) by extension 'ignore_ament_install'
[1.486s] Level 1:colcon.colcon_core.package_identification:_identify(WEB/src/assets/fondos) by extensions ['colcon_pkg']
[1.486s] Level 1:colcon.colcon_core.package_identification:_identify(WEB/src/assets/fondos) by extension 'colcon_pkg'
[1.486s] Level 1:colcon.colcon_core.package_identification:_identify(WEB/src/assets/fondos) by extensions ['colcon_meta']
[1.486s] Level 1:colcon.colcon_core.package_identification:_identify(WEB/src/assets/fondos) by extension 'colcon_meta'
[1.486s] Level 1:colcon.colcon_core.package_identification:_identify(WEB/src/assets/fondos) by extensions ['ros']
[1.486s] Level 1:colcon.colcon_core.package_identification:_identify(WEB/src/assets/fondos) by extension 'ros'
[1.486s] Level 1:colcon.colcon_core.package_identification:_identify(WEB/src/assets/fondos) by extensions ['cmake', 'python']
[1.486s] Level 1:colcon.colcon_core.package_identification:_identify(WEB/src/assets/fondos) by extension 'cmake'
[1.486s] Level 1:colcon.colcon_core.package_identification:_identify(WEB/src/assets/fondos) by extension 'python'
[1.486s] Level 1:colcon.colcon_core.package_identification:_identify(WEB/src/assets/fondos) by extensions ['python_setup_py']
[1.486s] Level 1:colcon.colcon_core.package_identification:_identify(WEB/src/assets/fondos) by extension 'python_setup_py'
[1.486s] Level 1:colcon.colcon_core.package_identification:_identify(WEB/src/assets/ropa) by extensions ['ignore', 'ignore_ament_install']
[1.487s] Level 1:colcon.colcon_core.package_identification:_identify(WEB/src/assets/ropa) by extension 'ignore'
[1.487s] Level 1:colcon.colcon_core.package_identification:_identify(WEB/src/assets/ropa) by extension 'ignore_ament_install'
[1.487s] Level 1:colcon.colcon_core.package_identification:_identify(WEB/src/assets/ropa) by extensions ['colcon_pkg']
[1.487s] Level 1:colcon.colcon_core.package_identification:_identify(WEB/src/assets/ropa) by extension 'colcon_pkg'
[1.487s] Level 1:colcon.colcon_core.package_identification:_identify(WEB/src/assets/ropa) by extensions ['colcon_meta']
[1.487s] Level 1:colcon.colcon_core.package_identification:_identify(WEB/src/assets/ropa) by extension 'colcon_meta'
[1.487s] Level 1:colcon.colcon_core.package_identification:_identify(WEB/src/assets/ropa) by extensions ['ros']
[1.487s] Level 1:colcon.colcon_core.package_identification:_identify(WEB/src/assets/ropa) by extension 'ros'
[1.487s] Level 1:colcon.colcon_core.package_identification:_identify(WEB/src/assets/ropa) by extensions ['cmake', 'python']
[1.487s] Level 1:colcon.colcon_core.package_identification:_identify(WEB/src/assets/ropa) by extension 'cmake'
[1.487s] Level 1:colcon.colcon_core.package_identification:_identify(WEB/src/assets/ropa) by extension 'python'
[1.487s] Level 1:colcon.colcon_core.package_identification:_identify(WEB/src/assets/ropa) by extensions ['python_setup_py']
[1.487s] Level 1:colcon.colcon_core.package_identification:_identify(WEB/src/assets/ropa) by extension 'python_setup_py'
[1.487s] Level 1:colcon.colcon_core.package_identification:_identify(WEB/src/assets/ropa/pantalones) by extensions ['ignore', 'ignore_ament_install']
[1.488s] Level 1:colcon.colcon_core.package_identification:_identify(WEB/src/assets/ropa/pantalones) by extension 'ignore'
[1.488s] Level 1:colcon.colcon_core.package_identification:_identify(WEB/src/assets/ropa/pantalones) by extension 'ignore_ament_install'
[1.488s] Level 1:colcon.colcon_core.package_identification:_identify(WEB/src/assets/ropa/pantalones) by extensions ['colcon_pkg']
[1.488s] Level 1:colcon.colcon_core.package_identification:_identify(WEB/src/assets/ropa/pantalones) by extension 'colcon_pkg'
[1.488s] Level 1:colcon.colcon_core.package_identification:_identify(WEB/src/assets/ropa/pantalones) by extensions ['colcon_meta']
[1.488s] Level 1:colcon.colcon_core.package_identification:_identify(WEB/src/assets/ropa/pantalones) by extension 'colcon_meta'
[1.488s] Level 1:colcon.colcon_core.package_identification:_identify(WEB/src/assets/ropa/pantalones) by extensions ['ros']
[1.488s] Level 1:colcon.colcon_core.package_identification:_identify(WEB/src/assets/ropa/pantalones) by extension 'ros'
[1.488s] Level 1:colcon.colcon_core.package_identification:_identify(WEB/src/assets/ropa/pantalones) by extensions ['cmake', 'python']
[1.488s] Level 1:colcon.colcon_core.package_identification:_identify(WEB/src/assets/ropa/pantalones) by extension 'cmake'
[1.488s] Level 1:colcon.colcon_core.package_identification:_identify(WEB/src/assets/ropa/pantalones) by extension 'python'
[1.488s] Level 1:colcon.colcon_core.package_identification:_identify(WEB/src/assets/ropa/pantalones) by extensions ['python_setup_py']
[1.488s] Level 1:colcon.colcon_core.package_identification:_identify(WEB/src/assets/ropa/pantalones) by extension 'python_setup_py'
[1.488s] Level 1:colcon.colcon_core.package_identification:_identify(WEB/src/assets/ropa/sudaderas) by extensions ['ignore', 'ignore_ament_install']
[1.489s] Level 1:colcon.colcon_core.package_identification:_identify(WEB/src/assets/ropa/sudaderas) by extension 'ignore'
[1.489s] Level 1:colcon.colcon_core.package_identification:_identify(WEB/src/assets/ropa/sudaderas) by extension 'ignore_ament_install'
[1.489s] Level 1:colcon.colcon_core.package_identification:_identify(WEB/src/assets/ropa/sudaderas) by extensions ['colcon_pkg']
[1.489s] Level 1:colcon.colcon_core.package_identification:_identify(WEB/src/assets/ropa/sudaderas) by extension 'colcon_pkg'
[1.489s] Level 1:colcon.colcon_core.package_identification:_identify(WEB/src/assets/ropa/sudaderas) by extensions ['colcon_meta']
[1.489s] Level 1:colcon.colcon_core.package_identification:_identify(WEB/src/assets/ropa/sudaderas) by extension 'colcon_meta'
[1.489s] Level 1:colcon.colcon_core.package_identification:_identify(WEB/src/assets/ropa/sudaderas) by extensions ['ros']
[1.489s] Level 1:colcon.colcon_core.package_identification:_identify(WEB/src/assets/ropa/sudaderas) by extension 'ros'
[1.489s] Level 1:colcon.colcon_core.package_identification:_identify(WEB/src/assets/ropa/sudaderas) by extensions ['cmake', 'python']
[1.489s] Level 1:colcon.colcon_core.package_identification:_identify(WEB/src/assets/ropa/sudaderas) by extension 'cmake'
[1.489s] Level 1:colcon.colcon_core.package_identification:_identify(WEB/src/assets/ropa/sudaderas) by extension 'python'
[1.489s] Level 1:colcon.colcon_core.package_identification:_identify(WEB/src/assets/ropa/sudaderas) by extensions ['python_setup_py']
[1.489s] Level 1:colcon.colcon_core.package_identification:_identify(WEB/src/assets/ropa/sudaderas) by extension 'python_setup_py'
[1.489s] Level 1:colcon.colcon_core.package_identification:_identify(WEB/src/css) by extensions ['ignore', 'ignore_ament_install']
[1.489s] Level 1:colcon.colcon_core.package_identification:_identify(WEB/src/css) by extension 'ignore'
[1.490s] Level 1:colcon.colcon_core.package_identification:_identify(WEB/src/css) by extension 'ignore_ament_install'
[1.490s] Level 1:colcon.colcon_core.package_identification:_identify(WEB/src/css) by extensions ['colcon_pkg']
[1.490s] Level 1:colcon.colcon_core.package_identification:_identify(WEB/src/css) by extension 'colcon_pkg'
[1.490s] Level 1:colcon.colcon_core.package_identification:_identify(WEB/src/css) by extensions ['colcon_meta']
[1.490s] Level 1:colcon.colcon_core.package_identification:_identify(WEB/src/css) by extension 'colcon_meta'
[1.490s] Level 1:colcon.colcon_core.package_identification:_identify(WEB/src/css) by extensions ['ros']
[1.490s] Level 1:colcon.colcon_core.package_identification:_identify(WEB/src/css) by extension 'ros'
[1.490s] Level 1:colcon.colcon_core.package_identification:_identify(WEB/src/css) by extensions ['cmake', 'python']
[1.490s] Level 1:colcon.colcon_core.package_identification:_identify(WEB/src/css) by extension 'cmake'
[1.490s] Level 1:colcon.colcon_core.package_identification:_identify(WEB/src/css) by extension 'python'
[1.490s] Level 1:colcon.colcon_core.package_identification:_identify(WEB/src/css) by extensions ['python_setup_py']
[1.490s] Level 1:colcon.colcon_core.package_identification:_identify(WEB/src/css) by extension 'python_setup_py'
[1.490s] Level 1:colcon.colcon_core.package_identification:_identify(WEB/src/html) by extensions ['ignore', 'ignore_ament_install']
[1.490s] Level 1:colcon.colcon_core.package_identification:_identify(WEB/src/html) by extension 'ignore'
[1.490s] Level 1:colcon.colcon_core.package_identification:_identify(WEB/src/html) by extension 'ignore_ament_install'
[1.490s] Level 1:colcon.colcon_core.package_identification:_identify(WEB/src/html) by extensions ['colcon_pkg']
[1.490s] Level 1:colcon.colcon_core.package_identification:_identify(WEB/src/html) by extension 'colcon_pkg'
[1.490s] Level 1:colcon.colcon_core.package_identification:_identify(WEB/src/html) by extensions ['colcon_meta']
[1.490s] Level 1:colcon.colcon_core.package_identification:_identify(WEB/src/html) by extension 'colcon_meta'
[1.490s] Level 1:colcon.colcon_core.package_identification:_identify(WEB/src/html) by extensions ['ros']
[1.490s] Level 1:colcon.colcon_core.package_identification:_identify(WEB/src/html) by extension 'ros'
[1.491s] Level 1:colcon.colcon_core.package_identification:_identify(WEB/src/html) by extensions ['cmake', 'python']
[1.491s] Level 1:colcon.colcon_core.package_identification:_identify(WEB/src/html) by extension 'cmake'
[1.491s] Level 1:colcon.colcon_core.package_identification:_identify(WEB/src/html) by extension 'python'
[1.491s] Level 1:colcon.colcon_core.package_identification:_identify(WEB/src/html) by extensions ['python_setup_py']
[1.491s] Level 1:colcon.colcon_core.package_identification:_identify(WEB/src/html) by extension 'python_setup_py'
[1.491s] Level 1:colcon.colcon_core.package_identification:_identify(WEB/src/js) by extensions ['ignore', 'ignore_ament_install']
[1.491s] Level 1:colcon.colcon_core.package_identification:_identify(WEB/src/js) by extension 'ignore'
[1.491s] Level 1:colcon.colcon_core.package_identification:_identify(WEB/src/js) by extension 'ignore_ament_install'
[1.491s] Level 1:colcon.colcon_core.package_identification:_identify(WEB/src/js) by extensions ['colcon_pkg']
[1.491s] Level 1:colcon.colcon_core.package_identification:_identify(WEB/src/js) by extension 'colcon_pkg'
[1.491s] Level 1:colcon.colcon_core.package_identification:_identify(WEB/src/js) by extensions ['colcon_meta']
[1.491s] Level 1:colcon.colcon_core.package_identification:_identify(WEB/src/js) by extension 'colcon_meta'
[1.491s] Level 1:colcon.colcon_core.package_identification:_identify(WEB/src/js) by extensions ['ros']
[1.491s] Level 1:colcon.colcon_core.package_identification:_identify(WEB/src/js) by extension 'ros'
[1.491s] Level 1:colcon.colcon_core.package_identification:_identify(WEB/src/js) by extensions ['cmake', 'python']
[1.491s] Level 1:colcon.colcon_core.package_identification:_identify(WEB/src/js) by extension 'cmake'
[1.491s] Level 1:colcon.colcon_core.package_identification:_identify(WEB/src/js) by extension 'python'
[1.491s] Level 1:colcon.colcon_core.package_identification:_identify(WEB/src/js) by extensions ['python_setup_py']
[1.491s] Level 1:colcon.colcon_core.package_identification:_identify(WEB/src/js) by extension 'python_setup_py'
[1.492s] Level 1:colcon.colcon_core.package_identification:_identify(WEB/src/mover) by extensions ['ignore', 'ignore_ament_install']
[1.492s] Level 1:colcon.colcon_core.package_identification:_identify(WEB/src/mover) by extension 'ignore'
[1.492s] Level 1:colcon.colcon_core.package_identification:_identify(WEB/src/mover) by extension 'ignore_ament_install'
[1.492s] Level 1:colcon.colcon_core.package_identification:_identify(WEB/src/mover) by extensions ['colcon_pkg']
[1.492s] Level 1:colcon.colcon_core.package_identification:_identify(WEB/src/mover) by extension 'colcon_pkg'
[1.492s] Level 1:colcon.colcon_core.package_identification:_identify(WEB/src/mover) by extensions ['colcon_meta']
[1.492s] Level 1:colcon.colcon_core.package_identification:_identify(WEB/src/mover) by extension 'colcon_meta'
[1.492s] Level 1:colcon.colcon_core.package_identification:_identify(WEB/src/mover) by extensions ['ros']
[1.492s] Level 1:colcon.colcon_core.package_identification:_identify(WEB/src/mover) by extension 'ros'
[1.492s] Level 1:colcon.colcon_core.package_identification:_identify(WEB/src/mover) by extensions ['cmake', 'python']
[1.493s] Level 1:colcon.colcon_core.package_identification:_identify(WEB/src/mover) by extension 'cmake'
[1.493s] Level 1:colcon.colcon_core.package_identification:_identify(WEB/src/mover) by extension 'python'
[1.493s] Level 1:colcon.colcon_core.package_identification:_identify(WEB/src/mover) by extensions ['python_setup_py']
[1.493s] Level 1:colcon.colcon_core.package_identification:_identify(WEB/src/mover) by extension 'python_setup_py'
[1.493s] Level 1:colcon.colcon_core.package_identification:_identify(build) by extensions ['ignore', 'ignore_ament_install']
[1.493s] Level 1:colcon.colcon_core.package_identification:_identify(build) by extension 'ignore'
[1.493s] Level 1:colcon.colcon_core.package_identification:_identify(build) ignored
[1.493s] Level 1:colcon.colcon_core.package_identification:_identify(docs) by extensions ['ignore', 'ignore_ament_install']
[1.493s] Level 1:colcon.colcon_core.package_identification:_identify(docs) by extension 'ignore'
[1.493s] Level 1:colcon.colcon_core.package_identification:_identify(docs) by extension 'ignore_ament_install'
[1.493s] Level 1:colcon.colcon_core.package_identification:_identify(docs) by extensions ['colcon_pkg']
[1.493s] Level 1:colcon.colcon_core.package_identification:_identify(docs) by extension 'colcon_pkg'
[1.493s] Level 1:colcon.colcon_core.package_identification:_identify(docs) by extensions ['colcon_meta']
[1.493s] Level 1:colcon.colcon_core.package_identification:_identify(docs) by extension 'colcon_meta'
[1.493s] Level 1:colcon.colcon_core.package_identification:_identify(docs) by extensions ['ros']
[1.493s] Level 1:colcon.colcon_core.package_identification:_identify(docs) by extension 'ros'
[1.493s] Level 1:colcon.colcon_core.package_identification:_identify(docs) by extensions ['cmake', 'python']
[1.493s] Level 1:colcon.colcon_core.package_identification:_identify(docs) by extension 'cmake'
[1.493s] Level 1:colcon.colcon_core.package_identification:_identify(docs) by extension 'python'
[1.493s] Level 1:colcon.colcon_core.package_identification:_identify(docs) by extensions ['python_setup_py']
[1.493s] Level 1:colcon.colcon_core.package_identification:_identify(docs) by extension 'python_setup_py'
[1.494s] Level 1:colcon.colcon_core.package_identification:_identify(docs/diseños) by extensions ['ignore', 'ignore_ament_install']
[1.494s] Level 1:colcon.colcon_core.package_identification:_identify(docs/diseños) by extension 'ignore'
[1.494s] Level 1:colcon.colcon_core.package_identification:_identify(docs/diseños) by extension 'ignore_ament_install'
[1.494s] Level 1:colcon.colcon_core.package_identification:_identify(docs/diseños) by extensions ['colcon_pkg']
[1.494s] Level 1:colcon.colcon_core.package_identification:_identify(docs/diseños) by extension 'colcon_pkg'
[1.494s] Level 1:colcon.colcon_core.package_identification:_identify(docs/diseños) by extensions ['colcon_meta']
[1.494s] Level 1:colcon.colcon_core.package_identification:_identify(docs/diseños) by extension 'colcon_meta'
[1.494s] Level 1:colcon.colcon_core.package_identification:_identify(docs/diseños) by extensions ['ros']
[1.494s] Level 1:colcon.colcon_core.package_identification:_identify(docs/diseños) by extension 'ros'
[1.494s] Level 1:colcon.colcon_core.package_identification:_identify(docs/diseños) by extensions ['cmake', 'python']
[1.494s] Level 1:colcon.colcon_core.package_identification:_identify(docs/diseños) by extension 'cmake'
[1.494s] Level 1:colcon.colcon_core.package_identification:_identify(docs/diseños) by extension 'python'
[1.494s] Level 1:colcon.colcon_core.package_identification:_identify(docs/diseños) by extensions ['python_setup_py']
[1.494s] Level 1:colcon.colcon_core.package_identification:_identify(docs/diseños) by extension 'python_setup_py'
[1.494s] Level 1:colcon.colcon_core.package_identification:_identify(install) by extensions ['ignore', 'ignore_ament_install']
[1.494s] Level 1:colcon.colcon_core.package_identification:_identify(install) by extension 'ignore'
[1.494s] Level 1:colcon.colcon_core.package_identification:_identify(install) ignored
[1.494s] Level 1:colcon.colcon_core.package_identification:_identify(log) by extensions ['ignore', 'ignore_ament_install']
[1.494s] Level 1:colcon.colcon_core.package_identification:_identify(log) by extension 'ignore'
[1.494s] Level 1:colcon.colcon_core.package_identification:_identify(log) ignored
[1.494s] Level 1:colcon.colcon_core.package_discovery:discover_packages(recursive) using defaults
[1.494s] Level 1:colcon.colcon_core.package_discovery:discover_packages(ignore) discover
[1.494s] Level 1:colcon.colcon_core.package_discovery:discover_packages(ignore) using defaults
[1.494s] Level 1:colcon.colcon_core.package_discovery:discover_packages(path) discover
[1.494s] Level 1:colcon.colcon_core.package_discovery:discover_packages(path) using defaults
[1.621s] Level 1:colcon.colcon_core.package_discovery:discover_packages(prefix_path) check parameters
[1.621s] Level 1:colcon.colcon_core.package_discovery:discover_packages(prefix_path) discover
[1.670s] DEBUG:colcon.colcon_installed_package_information.package_discovery:Found 9 installed packages in /home/dmpasgal/turtlebot3_ws/install
[1.692s] DEBUG:colcon.colcon_installed_package_information.package_discovery:Found 1 installed packages in /home/dmpasgal/turtlebot3_ws/src/install
[1.715s] DEBUG:colcon.colcon_installed_package_information.package_discovery:Found 336 installed packages in /opt/ros/galactic
[1.716s] Level 1:colcon.colcon_core.package_discovery:discover_packages(prefix_path) using defaults
[1.813s] Level 5:colcon.colcon_core.verb:set package 'custom_interface' build argument 'cmake_args' from command line to 'None'
[1.814s] Level 5:colcon.colcon_core.verb:set package 'custom_interface' build argument 'cmake_target' from command line to 'None'
[1.814s] Level 5:colcon.colcon_core.verb:set package 'custom_interface' build argument 'cmake_target_skip_unavailable' from command line to 'False'
[1.814s] Level 5:colcon.colcon_core.verb:set package 'custom_interface' build argument 'cmake_clean_cache' from command line to 'False'
[1.814s] Level 5:colcon.colcon_core.verb:set package 'custom_interface' build argument 'cmake_clean_first' from command line to 'False'
[1.814s] Level 5:colcon.colcon_core.verb:set package 'custom_interface' build argument 'cmake_force_configure' from command line to 'False'
[1.814s] Level 5:colcon.colcon_core.verb:set package 'custom_interface' build argument 'ament_cmake_args' from command line to 'None'
[1.814s] Level 5:colcon.colcon_core.verb:set package 'custom_interface' build argument 'catkin_cmake_args' from command line to 'None'
[1.814s] Level 5:colcon.colcon_core.verb:set package 'custom_interface' build argument 'catkin_skip_building_tests' from command line to 'False'
[1.814s] DEBUG:colcon.colcon_core.verb:Building package 'custom_interface' with the following arguments: {'ament_cmake_args': None, 'build_base': '/home/dmpasgal/Clothy/build/custom_interface', 'catkin_cmake_args': None, 'catkin_skip_building_tests': False, 'cmake_args': None, 'cmake_clean_cache': False, 'cmake_clean_first': False, 'cmake_force_configure': False, 'cmake_target': None, 'cmake_target_skip_unavailable': False, 'install_base': '/home/dmpasgal/Clothy/install/custom_interface', 'merge_install': False, 'path': '/home/dmpasgal/Clothy/ROS/turtlebot3_ws/src/custom_interface', 'symlink_install': False, 'test_result_base': None}
[1.839s] Level 5:colcon.colcon_core.verb:set package 'my_slam' build argument 'cmake_args' from command line to 'None'
[1.839s] Level 5:colcon.colcon_core.verb:set package 'my_slam' build argument 'cmake_target' from command line to 'None'
[1.839s] Level 5:colcon.colcon_core.verb:set package 'my_slam' build argument 'cmake_target_skip_unavailable' from command line to 'False'
[1.839s] Level 5:colcon.colcon_core.verb:set package 'my_slam' build argument 'cmake_clean_cache' from command line to 'False'
[1.839s] Level 5:colcon.colcon_core.verb:set package 'my_slam' build argument 'cmake_clean_first' from command line to 'False'
[1.839s] Level 5:colcon.colcon_core.verb:set package 'my_slam' build argument 'cmake_force_configure' from command line to 'False'
[1.839s] Level 5:colcon.colcon_core.verb:set package 'my_slam' build argument 'ament_cmake_args' from command line to 'None'
[1.839s] Level 5:colcon.colcon_core.verb:set package 'my_slam' build argument 'catkin_cmake_args' from command line to 'None'
[1.839s] Level 5:colcon.colcon_core.verb:set package 'my_slam' build argument 'catkin_skip_building_tests' from command line to 'False'
[1.839s] DEBUG:colcon.colcon_core.verb:Building package 'my_slam' with the following arguments: {'ament_cmake_args': None, 'build_base': '/home/dmpasgal/Clothy/build/my_slam', 'catkin_cmake_args': None, 'catkin_skip_building_tests': False, 'cmake_args': None, 'cmake_clean_cache': False, 'cmake_clean_first': False, 'cmake_force_configure': False, 'cmake_target': None, 'cmake_target_skip_unavailable': False, 'install_base': '/home/dmpasgal/Clothy/install/my_slam', 'merge_install': False, 'path': '/home/dmpasgal/Clothy/ROS/turtlebot3_ws/src/my_slam', 'symlink_install': False, 'test_result_base': None}
[1.863s] Level 5:colcon.colcon_core.verb:set package 'provide_map' build argument 'cmake_args' from command line to 'None'
[1.863s] Level 5:colcon.colcon_core.verb:set package 'provide_map' build argument 'cmake_target' from command line to 'None'
[1.863s] Level 5:colcon.colcon_core.verb:set package 'provide_map' build argument 'cmake_target_skip_unavailable' from command line to 'False'
[1.863s] Level 5:colcon.colcon_core.verb:set package 'provide_map' build argument 'cmake_clean_cache' from command line to 'False'
[1.863s] Level 5:colcon.colcon_core.verb:set package 'provide_map' build argument 'cmake_clean_first' from command line to 'False'
[1.863s] Level 5:colcon.colcon_core.verb:set package 'provide_map' build argument 'cmake_force_configure' from command line to 'False'
[1.863s] Level 5:colcon.colcon_core.verb:set package 'provide_map' build argument 'ament_cmake_args' from command line to 'None'
[1.863s] Level 5:colcon.colcon_core.verb:set package 'provide_map' build argument 'catkin_cmake_args' from command line to 'None'
[1.863s] Level 5:colcon.colcon_core.verb:set package 'provide_map' build argument 'catkin_skip_building_tests' from command line to 'False'
[1.863s] DEBUG:colcon.colcon_core.verb:Building package 'provide_map' with the following arguments: {'ament_cmake_args': None, 'build_base': '/home/dmpasgal/Clothy/build/provide_map', 'catkin_cmake_args': None, 'catkin_skip_building_tests': False, 'cmake_args': None, 'cmake_clean_cache': False, 'cmake_clean_first': False, 'cmake_force_configure': False, 'cmake_target': None, 'cmake_target_skip_unavailable': False, 'install_base': '/home/dmpasgal/Clothy/install/provide_map', 'merge_install': False, 'path': '/home/dmpasgal/Clothy/ROS/turtlebot3_ws/src/provide_map', 'symlink_install': False, 'test_result_base': None}
[1.885s] Level 5:colcon.colcon_core.verb:set package 'turtlebot3_fake_node' build argument 'cmake_args' from command line to 'None'
[1.885s] Level 5:colcon.colcon_core.verb:set package 'turtlebot3_fake_node' build argument 'cmake_target' from command line to 'None'
[1.885s] Level 5:colcon.colcon_core.verb:set package 'turtlebot3_fake_node' build argument 'cmake_target_skip_unavailable' from command line to 'False'
[1.885s] Level 5:colcon.colcon_core.verb:set package 'turtlebot3_fake_node' build argument 'cmake_clean_cache' from command line to 'False'
[1.885s] Level 5:colcon.colcon_core.verb:set package 'turtlebot3_fake_node' build argument 'cmake_clean_first' from command line to 'False'
[1.885s] Level 5:colcon.colcon_core.verb:set package 'turtlebot3_fake_node' build argument 'cmake_force_configure' from command line to 'False'
[1.885s] Level 5:colcon.colcon_core.verb:set package 'turtlebot3_fake_node' build argument 'ament_cmake_args' from command line to 'None'
[1.885s] Level 5:colcon.colcon_core.verb:set package 'turtlebot3_fake_node' build argument 'catkin_cmake_args' from command line to 'None'
[1.885s] Level 5:colcon.colcon_core.verb:set package 'turtlebot3_fake_node' build argument 'catkin_skip_building_tests' from command line to 'False'
[1.885s] DEBUG:colcon.colcon_core.verb:Building package 'turtlebot3_fake_node' with the following arguments: {'ament_cmake_args': None, 'build_base': '/home/dmpasgal/Clothy/build/turtlebot3_fake_node', 'catkin_cmake_args': None, 'catkin_skip_building_tests': False, 'cmake_args': None, 'cmake_clean_cache': False, 'cmake_clean_first': False, 'cmake_force_configure': False, 'cmake_target': None, 'cmake_target_skip_unavailable': False, 'install_base': '/home/dmpasgal/Clothy/install/turtlebot3_fake_node', 'merge_install': False, 'path': '/home/dmpasgal/Clothy/ROS/turtlebot3_ws/src/turtlebot3_simulations/turtlebot3_fake_node', 'symlink_install': False, 'test_result_base': None}
[1.907s] Level 5:colcon.colcon_core.verb:set package 'turtlebot3_gazebo' build argument 'cmake_args' from command line to 'None'
[1.907s] Level 5:colcon.colcon_core.verb:set package 'turtlebot3_gazebo' build argument 'cmake_target' from command line to 'None'
[1.907s] Level 5:colcon.colcon_core.verb:set package 'turtlebot3_gazebo' build argument 'cmake_target_skip_unavailable' from command line to 'False'
[1.907s] Level 5:colcon.colcon_core.verb:set package 'turtlebot3_gazebo' build argument 'cmake_clean_cache' from command line to 'False'
[1.907s] Level 5:colcon.colcon_core.verb:set package 'turtlebot3_gazebo' build argument 'cmake_clean_first' from command line to 'False'
[1.907s] Level 5:colcon.colcon_core.verb:set package 'turtlebot3_gazebo' build argument 'cmake_force_configure' from command line to 'False'
[1.907s] Level 5:colcon.colcon_core.verb:set package 'turtlebot3_gazebo' build argument 'ament_cmake_args' from command line to 'None'
[1.907s] Level 5:colcon.colcon_core.verb:set package 'turtlebot3_gazebo' build argument 'catkin_cmake_args' from command line to 'None'
[1.907s] Level 5:colcon.colcon_core.verb:set package 'turtlebot3_gazebo' build argument 'catkin_skip_building_tests' from command line to 'False'
[1.907s] DEBUG:colcon.colcon_core.verb:Building package 'turtlebot3_gazebo' with the following arguments: {'ament_cmake_args': None, 'build_base': '/home/dmpasgal/Clothy/build/turtlebot3_gazebo', 'catkin_cmake_args': None, 'catkin_skip_building_tests': False, 'cmake_args': None, 'cmake_clean_cache': False, 'cmake_clean_first': False, 'cmake_force_configure': False, 'cmake_target': None, 'cmake_target_skip_unavailable': False, 'install_base': '/home/dmpasgal/Clothy/install/turtlebot3_gazebo', 'merge_install': False, 'path': '/home/dmpasgal/Clothy/ROS/turtlebot3_ws/src/turtlebot3_simulations/turtlebot3_gazebo', 'symlink_install': False, 'test_result_base': None}
[1.930s] Level 5:colcon.colcon_core.verb:set package 'my_world' build argument 'cmake_args' from command line to 'None'
[1.930s] Level 5:colcon.colcon_core.verb:set package 'my_world' build argument 'cmake_target' from command line to 'None'
[1.930s] Level 5:colcon.colcon_core.verb:set package 'my_world' build argument 'cmake_target_skip_unavailable' from command line to 'False'
[1.930s] Level 5:colcon.colcon_core.verb:set package 'my_world' build argument 'cmake_clean_cache' from command line to 'False'
[1.930s] Level 5:colcon.colcon_core.verb:set package 'my_world' build argument 'cmake_clean_first' from command line to 'False'
[1.930s] Level 5:colcon.colcon_core.verb:set package 'my_world' build argument 'cmake_force_configure' from command line to 'False'
[1.930s] Level 5:colcon.colcon_core.verb:set package 'my_world' build argument 'ament_cmake_args' from command line to 'None'
[1.931s] Level 5:colcon.colcon_core.verb:set package 'my_world' build argument 'catkin_cmake_args' from command line to 'None'
[1.931s] Level 5:colcon.colcon_core.verb:set package 'my_world' build argument 'catkin_skip_building_tests' from command line to 'False'
[1.931s] DEBUG:colcon.colcon_core.verb:Building package 'my_world' with the following arguments: {'ament_cmake_args': None, 'build_base': '/home/dmpasgal/Clothy/build/my_world', 'catkin_cmake_args': None, 'catkin_skip_building_tests': False, 'cmake_args': None, 'cmake_clean_cache': False, 'cmake_clean_first': False, 'cmake_force_configure': False, 'cmake_target': None, 'cmake_target_skip_unavailable': False, 'install_base': '/home/dmpasgal/Clothy/install/my_world', 'merge_install': False, 'path': '/home/dmpasgal/Clothy/ROS/turtlebot3_ws/src/my_world', 'symlink_install': False, 'test_result_base': None}
[1.955s] Level 5:colcon.colcon_core.verb:set package 'show_msg' build argument 'cmake_args' from command line to 'None'
[1.955s] Level 5:colcon.colcon_core.verb:set package 'show_msg' build argument 'cmake_target' from command line to 'None'
[1.955s] Level 5:colcon.colcon_core.verb:set package 'show_msg' build argument 'cmake_target_skip_unavailable' from command line to 'False'
[1.955s] Level 5:colcon.colcon_core.verb:set package 'show_msg' build argument 'cmake_clean_cache' from command line to 'False'
[1.955s] Level 5:colcon.colcon_core.verb:set package 'show_msg' build argument 'cmake_clean_first' from command line to 'False'
[1.955s] Level 5:colcon.colcon_core.verb:set package 'show_msg' build argument 'cmake_force_configure' from command line to 'False'
[1.955s] Level 5:colcon.colcon_core.verb:set package 'show_msg' build argument 'ament_cmake_args' from command line to 'None'
[1.955s] Level 5:colcon.colcon_core.verb:set package 'show_msg' build argument 'catkin_cmake_args' from command line to 'None'
[1.955s] Level 5:colcon.colcon_core.verb:set package 'show_msg' build argument 'catkin_skip_building_tests' from command line to 'False'
[1.955s] DEBUG:colcon.colcon_core.verb:Building package 'show_msg' with the following arguments: {'ament_cmake_args': None, 'build_base': '/home/dmpasgal/Clothy/build/show_msg', 'catkin_cmake_args': None, 'catkin_skip_building_tests': False, 'cmake_args': None, 'cmake_clean_cache': False, 'cmake_clean_first': False, 'cmake_force_configure': False, 'cmake_target': None, 'cmake_target_skip_unavailable': False, 'install_base': '/home/dmpasgal/Clothy/install/show_msg', 'merge_install': False, 'path': '/home/dmpasgal/Clothy/ROS/turtlebot3_ws/src/show_msg', 'symlink_install': False, 'test_result_base': None}
[1.979s] Level 5:colcon.colcon_core.verb:set package 'turtlebot3_simulations' build argument 'cmake_args' from command line to 'None'
[1.979s] Level 5:colcon.colcon_core.verb:set package 'turtlebot3_simulations' build argument 'cmake_target' from command line to 'None'
[1.979s] Level 5:colcon.colcon_core.verb:set package 'turtlebot3_simulations' build argument 'cmake_target_skip_unavailable' from command line to 'False'
[1.979s] Level 5:colcon.colcon_core.verb:set package 'turtlebot3_simulations' build argument 'cmake_clean_cache' from command line to 'False'
[1.979s] Level 5:colcon.colcon_core.verb:set package 'turtlebot3_simulations' build argument 'cmake_clean_first' from command line to 'False'
[1.979s] Level 5:colcon.colcon_core.verb:set package 'turtlebot3_simulations' build argument 'cmake_force_configure' from command line to 'False'
[1.979s] Level 5:colcon.colcon_core.verb:set package 'turtlebot3_simulations' build argument 'ament_cmake_args' from command line to 'None'
[1.979s] Level 5:colcon.colcon_core.verb:set package 'turtlebot3_simulations' build argument 'catkin_cmake_args' from command line to 'None'
[1.979s] Level 5:colcon.colcon_core.verb:set package 'turtlebot3_simulations' build argument 'catkin_skip_building_tests' from command line to 'False'
[1.979s] DEBUG:colcon.colcon_core.verb:Building package 'turtlebot3_simulations' with the following arguments: {'ament_cmake_args': None, 'build_base': '/home/dmpasgal/Clothy/build/turtlebot3_simulations', 'catkin_cmake_args': None, 'catkin_skip_building_tests': False, 'cmake_args': None, 'cmake_clean_cache': False, 'cmake_clean_first': False, 'cmake_force_configure': False, 'cmake_target': None, 'cmake_target_skip_unavailable': False, 'install_base': '/home/dmpasgal/Clothy/install/turtlebot3_simulations', 'merge_install': False, 'path': '/home/dmpasgal/Clothy/ROS/turtlebot3_ws/src/turtlebot3_simulations/turtlebot3_simulations', 'symlink_install': False, 'test_result_base': None}
[2.000s] INFO:colcon.colcon_core.executor:Executing jobs using 'parallel' executor
[2.023s] DEBUG:colcon.colcon_parallel_executor.executor.parallel:run_until_complete
[2.024s] INFO:colcon.colcon_ros.task.ament_cmake.build:Building ROS package in '/home/dmpasgal/Clothy/ROS/turtlebot3_ws/src/turtlebot3_simulations/turtlebot3_gazebo' with build type 'ament_cmake'
[2.024s] INFO:colcon.colcon_cmake.task.cmake.build:Building CMake package in '/home/dmpasgal/Clothy/ROS/turtlebot3_ws/src/turtlebot3_simulations/turtlebot3_gazebo'
[2.048s] INFO:colcon.colcon_core.plugin_system:Skipping extension 'colcon_core.shell.bat': Not used on non-Windows systems
[2.048s] INFO:colcon.colcon_core.shell:Skip shell extension 'powershell' for command environment: Not usable outside of PowerShell
[2.048s] DEBUG:colcon.colcon_core.shell:Skip shell extension 'dsv' for command environment
[2.149s] INFO:colcon.colcon_ros.task.ament_cmake.build:Building ROS package in '/home/dmpasgal/Clothy/ROS/turtlebot3_ws/src/custom_interface' with build type 'ament_cmake'
[2.149s] INFO:colcon.colcon_cmake.task.cmake.build:Building CMake package in '/home/dmpasgal/Clothy/ROS/turtlebot3_ws/src/custom_interface'
[2.177s] INFO:colcon.colcon_core.shell:Skip shell extension 'powershell' for command environment: Not usable outside of PowerShell
[2.177s] DEBUG:colcon.colcon_core.shell:Skip shell extension 'dsv' for command environment
[2.280s] INFO:colcon.colcon_ros.task.ament_cmake.build:Building ROS package in '/home/dmpasgal/Clothy/ROS/turtlebot3_ws/src/turtlebot3_simulations/turtlebot3_fake_node' with build type 'ament_cmake'
[2.281s] INFO:colcon.colcon_cmake.task.cmake.build:Building CMake package in '/home/dmpasgal/Clothy/ROS/turtlebot3_ws/src/turtlebot3_simulations/turtlebot3_fake_node'
[2.306s] INFO:colcon.colcon_core.shell:Skip shell extension 'powershell' for command environment: Not usable outside of PowerShell
[2.306s] DEBUG:colcon.colcon_core.shell:Skip shell extension 'dsv' for command environment
[2.407s] INFO:colcon.colcon_ros.task.ament_python.build:Building ROS package in '/home/dmpasgal/Clothy/ROS/turtlebot3_ws/src/my_slam' with build type 'ament_python'
[2.408s] Level 1:colcon.colcon_core.shell:create_environment_hook('my_slam', 'ament_prefix_path')
[2.444s] INFO:colcon.colcon_core.shell:Creating environment hook '/home/dmpasgal/Clothy/install/my_slam/share/my_slam/hook/ament_prefix_path.ps1'
[2.447s] INFO:colcon.colcon_core.shell:Creating environment descriptor '/home/dmpasgal/Clothy/install/my_slam/share/my_slam/hook/ament_prefix_path.dsv'
[2.447s] INFO:colcon.colcon_core.shell:Creating environment hook '/home/dmpasgal/Clothy/install/my_slam/share/my_slam/hook/ament_prefix_path.sh'
[2.474s] INFO:colcon.colcon_core.shell:Skip shell extension 'powershell' for command environment: Not usable outside of PowerShell
[2.475s] DEBUG:colcon.colcon_core.shell:Skip shell extension 'dsv' for command environment
[2.587s] DEBUG:colcon.colcon_core.event_handler.log_command:Invoking command in '/home/dmpasgal/Clothy/build/turtlebot3_gazebo': CMAKE_PREFIX_PATH=${CMAKE_PREFIX_PATH}:/home/dmpasgal/turtlebot3_ws/install/show_msg:/home/dmpasgal/turtlebot3_ws/install/my_first_subscriber:/home/dmpasgal/turtlebot3_ws/install/my_first_publisher:/home/dmpasgal/turtlebot3_ws/install/my_first_node:/home/dmpasgal/turtlebot3_ws/src/install/show_msg:/opt/ros/galactic /usr/bin/cmake --build /home/dmpasgal/Clothy/build/turtlebot3_gazebo -- -j4 -l4
[2.594s] DEBUG:colcon.colcon_core.event_handler.log_command:Invoking command in '/home/dmpasgal/Clothy/build/custom_interface': CMAKE_PREFIX_PATH=${CMAKE_PREFIX_PATH}:/home/dmpasgal/turtlebot3_ws/install/show_msg:/home/dmpasgal/turtlebot3_ws/install/my_first_subscriber:/home/dmpasgal/turtlebot3_ws/install/my_first_publisher:/home/dmpasgal/turtlebot3_ws/install/my_first_node:/home/dmpasgal/turtlebot3_ws/src/install/show_msg:/opt/ros/galactic /usr/bin/cmake --build /home/dmpasgal/Clothy/build/custom_interface -- -j4 -l4
[2.601s] DEBUG:colcon.colcon_core.event_handler.log_command:Invoking command in '/home/dmpasgal/Clothy/build/turtlebot3_fake_node': CMAKE_PREFIX_PATH=${CMAKE_PREFIX_PATH}:/home/dmpasgal/turtlebot3_ws/install/show_msg:/home/dmpasgal/turtlebot3_ws/install/my_first_subscriber:/home/dmpasgal/turtlebot3_ws/install/my_first_publisher:/home/dmpasgal/turtlebot3_ws/install/my_first_node:/home/dmpasgal/turtlebot3_ws/src/install/show_msg:/opt/ros/galactic /usr/bin/cmake --build /home/dmpasgal/Clothy/build/turtlebot3_fake_node -- -j4 -l4
[2.777s] INFO:colcon.colcon_core.task.python.build:Building Python package in '/home/dmpasgal/Clothy/ROS/turtlebot3_ws/src/my_slam'
[2.827s] INFO:colcon.colcon_core.shell:Skip shell extension 'powershell' for command environment: Not usable outside of PowerShell
[2.827s] DEBUG:colcon.colcon_core.shell:Skip shell extension 'dsv' for command environment
[2.960s] DEBUG:colcon.colcon_core.event_handler.log_command:Invoked command in '/home/dmpasgal/Clothy/build/turtlebot3_fake_node' returned '0': CMAKE_PREFIX_PATH=${CMAKE_PREFIX_PATH}:/home/dmpasgal/turtlebot3_ws/install/show_msg:/home/dmpasgal/turtlebot3_ws/install/my_first_subscriber:/home/dmpasgal/turtlebot3_ws/install/my_first_publisher:/home/dmpasgal/turtlebot3_ws/install/my_first_node:/home/dmpasgal/turtlebot3_ws/src/install/show_msg:/opt/ros/galactic /usr/bin/cmake --build /home/dmpasgal/Clothy/build/turtlebot3_fake_node -- -j4 -l4
[3.011s] DEBUG:colcon.colcon_core.event_handler.log_command:Invoking command in '/home/dmpasgal/Clothy/build/turtlebot3_fake_node': CMAKE_PREFIX_PATH=${CMAKE_PREFIX_PATH}:/home/dmpasgal/turtlebot3_ws/install/show_msg:/home/dmpasgal/turtlebot3_ws/install/my_first_subscriber:/home/dmpasgal/turtlebot3_ws/install/my_first_publisher:/home/dmpasgal/turtlebot3_ws/install/my_first_node:/home/dmpasgal/turtlebot3_ws/src/install/show_msg:/opt/ros/galactic /usr/bin/cmake --install /home/dmpasgal/Clothy/build/turtlebot3_fake_node
[3.048s] Level 1:colcon.colcon_core.environment:create_environment_scripts_only(turtlebot3_fake_node)
[3.056s] DEBUG:colcon.colcon_core.event_handler.log_command:Invoked command in '/home/dmpasgal/Clothy/build/turtlebot3_fake_node' returned '0': CMAKE_PREFIX_PATH=${CMAKE_PREFIX_PATH}:/home/dmpasgal/turtlebot3_ws/install/show_msg:/home/dmpasgal/turtlebot3_ws/install/my_first_subscriber:/home/dmpasgal/turtlebot3_ws/install/my_first_publisher:/home/dmpasgal/turtlebot3_ws/install/my_first_node:/home/dmpasgal/turtlebot3_ws/src/install/show_msg:/opt/ros/galactic /usr/bin/cmake --install /home/dmpasgal/Clothy/build/turtlebot3_fake_node
[3.123s] Level 1:colcon.colcon_core.environment:checking '/home/dmpasgal/Clothy/install/turtlebot3_fake_node' for CMake module files
[3.124s] Level 1:colcon.colcon_core.environment:checking '/home/dmpasgal/Clothy/install/turtlebot3_fake_node' for CMake config files
[3.124s] Level 1:colcon.colcon_core.shell:create_environment_hook('turtlebot3_fake_node', 'cmake_prefix_path')
[3.184s] INFO:colcon.colcon_core.shell:Creating environment hook '/home/dmpasgal/Clothy/install/turtlebot3_fake_node/share/turtlebot3_fake_node/hook/cmake_prefix_path.ps1'
[3.185s] INFO:colcon.colcon_core.shell:Creating environment descriptor '/home/dmpasgal/Clothy/install/turtlebot3_fake_node/share/turtlebot3_fake_node/hook/cmake_prefix_path.dsv'
[3.186s] INFO:colcon.colcon_core.shell:Creating environment hook '/home/dmpasgal/Clothy/install/turtlebot3_fake_node/share/turtlebot3_fake_node/hook/cmake_prefix_path.sh'
[3.187s] Level 1:colcon.colcon_core.environment:checking '/home/dmpasgal/Clothy/install/turtlebot3_fake_node/lib'
[3.187s] Level 1:colcon.colcon_core.environment:checking '/home/dmpasgal/Clothy/install/turtlebot3_fake_node/bin'
[3.187s] Level 1:colcon.colcon_core.environment:checking '/home/dmpasgal/Clothy/install/turtlebot3_fake_node/lib/pkgconfig/turtlebot3_fake_node.pc'
[3.187s] Level 1:colcon.colcon_core.environment:checking '/home/dmpasgal/Clothy/install/turtlebot3_fake_node/lib/python3.8/site-packages'
[3.187s] Level 1:colcon.colcon_core.environment:checking '/home/dmpasgal/Clothy/install/turtlebot3_fake_node/bin'
[3.211s] INFO:colcon.colcon_core.shell:Creating package script '/home/dmpasgal/Clothy/install/turtlebot3_fake_node/share/turtlebot3_fake_node/package.ps1'
[3.212s] INFO:colcon.colcon_core.shell:Creating package descriptor '/home/dmpasgal/Clothy/install/turtlebot3_fake_node/share/turtlebot3_fake_node/package.dsv'
[3.213s] INFO:colcon.colcon_core.shell:Creating package script '/home/dmpasgal/Clothy/install/turtlebot3_fake_node/share/turtlebot3_fake_node/package.sh'
[3.214s] INFO:colcon.colcon_core.shell:Creating package script '/home/dmpasgal/Clothy/install/turtlebot3_fake_node/share/turtlebot3_fake_node/package.bash'
[3.220s] INFO:colcon.colcon_core.shell:Creating package script '/home/dmpasgal/Clothy/install/turtlebot3_fake_node/share/turtlebot3_fake_node/package.zsh'
[3.223s] Level 1:colcon.colcon_core.environment:create_file_with_runtime_dependencies(/home/dmpasgal/Clothy/install/turtlebot3_fake_node/share/colcon-core/packages/turtlebot3_fake_node)
[3.249s] DEBUG:colcon.colcon_core.event_handler.log_command:Invoked command in '/home/dmpasgal/Clothy/build/custom_interface' returned '0': CMAKE_PREFIX_PATH=${CMAKE_PREFIX_PATH}:/home/dmpasgal/turtlebot3_ws/install/show_msg:/home/dmpasgal/turtlebot3_ws/install/my_first_subscriber:/home/dmpasgal/turtlebot3_ws/install/my_first_publisher:/home/dmpasgal/turtlebot3_ws/install/my_first_node:/home/dmpasgal/turtlebot3_ws/src/install/show_msg:/opt/ros/galactic /usr/bin/cmake --build /home/dmpasgal/Clothy/build/custom_interface -- -j4 -l4
[3.361s] Level 1:colcon.colcon_core.environment:create_environment_scripts_only(turtlebot3_fake_node)
[3.411s] Level 1:colcon.colcon_core.environment:checking '/home/dmpasgal/Clothy/install/turtlebot3_fake_node' for CMake module files
[3.411s] Level 1:colcon.colcon_core.environment:checking '/home/dmpasgal/Clothy/install/turtlebot3_fake_node' for CMake config files
[3.411s] Level 1:colcon.colcon_core.shell:create_environment_hook('turtlebot3_fake_node', 'cmake_prefix_path')
[3.463s] INFO:colcon.colcon_core.shell:Creating environment hook '/home/dmpasgal/Clothy/install/turtlebot3_fake_node/share/turtlebot3_fake_node/hook/cmake_prefix_path.ps1'
[3.465s] INFO:colcon.colcon_core.shell:Creating environment descriptor '/home/dmpasgal/Clothy/install/turtlebot3_fake_node/share/turtlebot3_fake_node/hook/cmake_prefix_path.dsv'
[3.465s] INFO:colcon.colcon_core.shell:Creating environment hook '/home/dmpasgal/Clothy/install/turtlebot3_fake_node/share/turtlebot3_fake_node/hook/cmake_prefix_path.sh'
[3.466s] Level 1:colcon.colcon_core.environment:checking '/home/dmpasgal/Clothy/install/turtlebot3_fake_node/lib'
[3.466s] Level 1:colcon.colcon_core.environment:checking '/home/dmpasgal/Clothy/install/turtlebot3_fake_node/bin'
[3.467s] Level 1:colcon.colcon_core.environment:checking '/home/dmpasgal/Clothy/install/turtlebot3_fake_node/lib/pkgconfig/turtlebot3_fake_node.pc'
[3.467s] Level 1:colcon.colcon_core.environment:checking '/home/dmpasgal/Clothy/install/turtlebot3_fake_node/lib/python3.8/site-packages'
[3.467s] Level 1:colcon.colcon_core.environment:checking '/home/dmpasgal/Clothy/install/turtlebot3_fake_node/bin'
[3.512s] INFO:colcon.colcon_core.shell:Creating package script '/home/dmpasgal/Clothy/install/turtlebot3_fake_node/share/turtlebot3_fake_node/package.ps1'
[3.513s] INFO:colcon.colcon_core.shell:Creating package descriptor '/home/dmpasgal/Clothy/install/turtlebot3_fake_node/share/turtlebot3_fake_node/package.dsv'
[3.514s] INFO:colcon.colcon_core.shell:Creating package script '/home/dmpasgal/Clothy/install/turtlebot3_fake_node/share/turtlebot3_fake_node/package.sh'
[3.515s] INFO:colcon.colcon_core.shell:Creating package script '/home/dmpasgal/Clothy/install/turtlebot3_fake_node/share/turtlebot3_fake_node/package.bash'
[3.516s] INFO:colcon.colcon_core.shell:Creating package script '/home/dmpasgal/Clothy/install/turtlebot3_fake_node/share/turtlebot3_fake_node/package.zsh'
[3.516s] Level 1:colcon.colcon_core.environment:create_file_with_runtime_dependencies(/home/dmpasgal/Clothy/install/turtlebot3_fake_node/share/colcon-core/packages/turtlebot3_fake_node)
[3.519s] INFO:colcon.colcon_ros.task.ament_python.build:Building ROS package in '/home/dmpasgal/Clothy/ROS/turtlebot3_ws/src/provide_map' with build type 'ament_python'
[3.519s] Level 1:colcon.colcon_core.shell:create_environment_hook('provide_map', 'ament_prefix_path')
[3.560s] INFO:colcon.colcon_core.shell:Creating environment hook '/home/dmpasgal/Clothy/install/provide_map/share/provide_map/hook/ament_prefix_path.ps1'
[3.563s] INFO:colcon.colcon_core.shell:Creating environment descriptor '/home/dmpasgal/Clothy/install/provide_map/share/provide_map/hook/ament_prefix_path.dsv'
[3.564s] INFO:colcon.colcon_core.shell:Creating environment hook '/home/dmpasgal/Clothy/install/provide_map/share/provide_map/hook/ament_prefix_path.sh'
[3.607s] INFO:colcon.colcon_core.shell:Skip shell extension 'powershell' for command environment: Not usable outside of PowerShell
[3.607s] DEBUG:colcon.colcon_core.shell:Skip shell extension 'dsv' for command environment
[3.819s] DEBUG:colcon.colcon_core.event_handler.log_command:Invoking command in '/home/dmpasgal/Clothy/ROS/turtlebot3_ws/src/my_slam': PYTHONPATH=/home/dmpasgal/Clothy/build/my_slam/prefix_override:/home/dmpasgal/Clothy/install/my_slam/lib/python3.8/site-packages:${PYTHONPATH} /usr/bin/python3 setup.py egg_info --egg-base ../../../../build/my_slam build --build-base /home/dmpasgal/Clothy/build/my_slam/build install --record /home/dmpasgal/Clothy/build/my_slam/install.log --single-version-externally-managed
[3.820s] DEBUG:colcon.colcon_core.event_handler.log_command:Invoking command in '/home/dmpasgal/Clothy/build/custom_interface': CMAKE_PREFIX_PATH=${CMAKE_PREFIX_PATH}:/home/dmpasgal/turtlebot3_ws/install/show_msg:/home/dmpasgal/turtlebot3_ws/install/my_first_subscriber:/home/dmpasgal/turtlebot3_ws/install/my_first_publisher:/home/dmpasgal/turtlebot3_ws/install/my_first_node:/home/dmpasgal/turtlebot3_ws/src/install/show_msg:/opt/ros/galactic /usr/bin/cmake --install /home/dmpasgal/Clothy/build/custom_interface
[4.230s] INFO:colcon.colcon_core.task.python.build:Building Python package in '/home/dmpasgal/Clothy/ROS/turtlebot3_ws/src/provide_map'
[4.263s] INFO:colcon.colcon_core.shell:Skip shell extension 'powershell' for command environment: Not usable outside of PowerShell
[4.263s] DEBUG:colcon.colcon_core.shell:Skip shell extension 'dsv' for command environment
[4.402s] Level 1:colcon.colcon_core.environment:create_environment_scripts_only(custom_interface)
[4.403s] DEBUG:colcon.colcon_core.event_handler.log_command:Invoked command in '/home/dmpasgal/Clothy/build/custom_interface' returned '0': CMAKE_PREFIX_PATH=${CMAKE_PREFIX_PATH}:/home/dmpasgal/turtlebot3_ws/install/show_msg:/home/dmpasgal/turtlebot3_ws/install/my_first_subscriber:/home/dmpasgal/turtlebot3_ws/install/my_first_publisher:/home/dmpasgal/turtlebot3_ws/install/my_first_node:/home/dmpasgal/turtlebot3_ws/src/install/show_msg:/opt/ros/galactic /usr/bin/cmake --install /home/dmpasgal/Clothy/build/custom_interface
[4.428s] Level 1:colcon.colcon_core.environment:checking '/home/dmpasgal/Clothy/install/custom_interface' for CMake module files
[4.429s] Level 1:colcon.colcon_core.environment:checking '/home/dmpasgal/Clothy/install/custom_interface' for CMake config files
[4.431s] Level 1:colcon.colcon_core.shell:create_environment_hook('custom_interface', 'cmake_prefix_path')
[4.456s] INFO:colcon.colcon_core.shell:Creating environment hook '/home/dmpasgal/Clothy/install/custom_interface/share/custom_interface/hook/cmake_prefix_path.ps1'
[4.457s] INFO:colcon.colcon_core.shell:Creating environment descriptor '/home/dmpasgal/Clothy/install/custom_interface/share/custom_interface/hook/cmake_prefix_path.dsv'
[4.458s] INFO:colcon.colcon_core.shell:Creating environment hook '/home/dmpasgal/Clothy/install/custom_interface/share/custom_interface/hook/cmake_prefix_path.sh'
[4.459s] Level 1:colcon.colcon_core.environment:checking '/home/dmpasgal/Clothy/install/custom_interface/lib'
[4.460s] Level 1:colcon.colcon_core.shell:create_environment_hook('custom_interface', 'ld_library_path_lib')
[4.486s] INFO:colcon.colcon_core.shell:Creating environment hook '/home/dmpasgal/Clothy/install/custom_interface/share/custom_interface/hook/ld_library_path_lib.ps1'
[4.487s] INFO:colcon.colcon_core.shell:Creating environment descriptor '/home/dmpasgal/Clothy/install/custom_interface/share/custom_interface/hook/ld_library_path_lib.dsv'
[4.487s] INFO:colcon.colcon_core.shell:Creating environment hook '/home/dmpasgal/Clothy/install/custom_interface/share/custom_interface/hook/ld_library_path_lib.sh'
[4.490s] Level 1:colcon.colcon_core.environment:checking '/home/dmpasgal/Clothy/install/custom_interface/bin'
[4.490s] Level 1:colcon.colcon_core.environment:checking '/home/dmpasgal/Clothy/install/custom_interface/lib/pkgconfig/custom_interface.pc'
[4.490s] Level 1:colcon.colcon_core.environment:checking '/home/dmpasgal/Clothy/install/custom_interface/lib/python3.8/site-packages'
[4.490s] Level 1:colcon.colcon_core.shell:create_environment_hook('custom_interface', 'pythonpath')
[4.517s] INFO:colcon.colcon_core.shell:Creating environment hook '/home/dmpasgal/Clothy/install/custom_interface/share/custom_interface/hook/pythonpath.ps1'
[4.517s] INFO:colcon.colcon_core.shell:Creating environment descriptor '/home/dmpasgal/Clothy/install/custom_interface/share/custom_interface/hook/pythonpath.dsv'
[4.518s] INFO:colcon.colcon_core.shell:Creating environment hook '/home/dmpasgal/Clothy/install/custom_interface/share/custom_interface/hook/pythonpath.sh'
[4.519s] Level 1:colcon.colcon_core.environment:checking '/home/dmpasgal/Clothy/install/custom_interface/bin'
[4.542s] INFO:colcon.colcon_core.shell:Creating package script '/home/dmpasgal/Clothy/install/custom_interface/share/custom_interface/package.ps1'
[4.542s] INFO:colcon.colcon_core.shell:Creating package descriptor '/home/dmpasgal/Clothy/install/custom_interface/share/custom_interface/package.dsv'
[4.543s] INFO:colcon.colcon_core.shell:Creating package script '/home/dmpasgal/Clothy/install/custom_interface/share/custom_interface/package.sh'
[4.544s] INFO:colcon.colcon_core.shell:Creating package script '/home/dmpasgal/Clothy/install/custom_interface/share/custom_interface/package.bash'
[4.545s] INFO:colcon.colcon_core.shell:Creating package script '/home/dmpasgal/Clothy/install/custom_interface/share/custom_interface/package.zsh'
[4.545s] Level 1:colcon.colcon_core.environment:create_file_with_runtime_dependencies(/home/dmpasgal/Clothy/install/custom_interface/share/colcon-core/packages/custom_interface)
[4.554s] DEBUG:colcon.colcon_core.event_handler.log_command:Invoked command in '/home/dmpasgal/Clothy/ROS/turtlebot3_ws/src/my_slam' returned '0': PYTHONPATH=/home/dmpasgal/Clothy/build/my_slam/prefix_override:/home/dmpasgal/Clothy/install/my_slam/lib/python3.8/site-packages:${PYTHONPATH} /usr/bin/python3 setup.py egg_info --egg-base ../../../../build/my_slam build --build-base /home/dmpasgal/Clothy/build/my_slam/build install --record /home/dmpasgal/Clothy/build/my_slam/install.log --single-version-externally-managed
[4.606s] Level 1:colcon.colcon_core.environment:checking '/home/dmpasgal/Clothy/install/my_slam' for CMake module files
[4.607s] Level 1:colcon.colcon_core.environment:checking '/home/dmpasgal/Clothy/install/my_slam' for CMake config files
[4.609s] Level 1:colcon.colcon_core.environment:checking '/home/dmpasgal/Clothy/install/my_slam/lib'
[4.609s] Level 1:colcon.colcon_core.environment:checking '/home/dmpasgal/Clothy/install/my_slam/bin'
[4.609s] Level 1:colcon.colcon_core.environment:checking '/home/dmpasgal/Clothy/install/my_slam/lib/pkgconfig/my_slam.pc'
[4.609s] Level 1:colcon.colcon_core.environment:checking '/home/dmpasgal/Clothy/install/my_slam/lib/python3.8/site-packages'
[4.609s] Level 1:colcon.colcon_core.shell:create_environment_hook('my_slam', 'pythonpath')
[4.633s] INFO:colcon.colcon_core.shell:Creating environment hook '/home/dmpasgal/Clothy/install/my_slam/share/my_slam/hook/pythonpath.ps1'
[4.634s] INFO:colcon.colcon_core.shell:Creating environment descriptor '/home/dmpasgal/Clothy/install/my_slam/share/my_slam/hook/pythonpath.dsv'
[4.635s] INFO:colcon.colcon_core.shell:Creating environment hook '/home/dmpasgal/Clothy/install/my_slam/share/my_slam/hook/pythonpath.sh'
[4.636s] Level 1:colcon.colcon_core.environment:checking '/home/dmpasgal/Clothy/install/my_slam/bin'
[4.636s] Level 1:colcon.colcon_core.environment:create_environment_scripts_only(my_slam)
[4.661s] INFO:colcon.colcon_core.shell:Creating package script '/home/dmpasgal/Clothy/install/my_slam/share/my_slam/package.ps1'
[4.661s] INFO:colcon.colcon_core.shell:Creating package descriptor '/home/dmpasgal/Clothy/install/my_slam/share/my_slam/package.dsv'
[4.662s] INFO:colcon.colcon_core.shell:Creating package script '/home/dmpasgal/Clothy/install/my_slam/share/my_slam/package.sh'
[4.663s] INFO:colcon.colcon_core.shell:Creating package script '/home/dmpasgal/Clothy/install/my_slam/share/my_slam/package.bash'
[4.663s] INFO:colcon.colcon_core.shell:Creating package script '/home/dmpasgal/Clothy/install/my_slam/share/my_slam/package.zsh'
[4.664s] Level 1:colcon.colcon_core.environment:create_file_with_runtime_dependencies(/home/dmpasgal/Clothy/install/my_slam/share/colcon-core/packages/my_slam)
[4.886s] Level 1:colcon.colcon_core.environment:create_environment_scripts_only(custom_interface)
[4.914s] Level 1:colcon.colcon_core.environment:checking '/home/dmpasgal/Clothy/install/custom_interface' for CMake module files
[4.914s] Level 1:colcon.colcon_core.environment:checking '/home/dmpasgal/Clothy/install/custom_interface' for CMake config files
[4.915s] Level 1:colcon.colcon_core.shell:create_environment_hook('custom_interface', 'cmake_prefix_path')
[4.939s] INFO:colcon.colcon_core.shell:Creating environment hook '/home/dmpasgal/Clothy/install/custom_interface/share/custom_interface/hook/cmake_prefix_path.ps1'
[4.939s] INFO:colcon.colcon_core.shell:Creating environment descriptor '/home/dmpasgal/Clothy/install/custom_interface/share/custom_interface/hook/cmake_prefix_path.dsv'
[4.940s] INFO:colcon.colcon_core.shell:Creating environment hook '/home/dmpasgal/Clothy/install/custom_interface/share/custom_interface/hook/cmake_prefix_path.sh'
[4.940s] Level 1:colcon.colcon_core.environment:checking '/home/dmpasgal/Clothy/install/custom_interface/lib'
[4.940s] Level 1:colcon.colcon_core.shell:create_environment_hook('custom_interface', 'ld_library_path_lib')
[4.972s] INFO:colcon.colcon_core.shell:Creating environment hook '/home/dmpasgal/Clothy/install/custom_interface/share/custom_interface/hook/ld_library_path_lib.ps1'
[4.972s] INFO:colcon.colcon_core.shell:Creating environment descriptor '/home/dmpasgal/Clothy/install/custom_interface/share/custom_interface/hook/ld_library_path_lib.dsv'
[4.973s] INFO:colcon.colcon_core.shell:Creating environment hook '/home/dmpasgal/Clothy/install/custom_interface/share/custom_interface/hook/ld_library_path_lib.sh'
[4.973s] Level 1:colcon.colcon_core.environment:checking '/home/dmpasgal/Clothy/install/custom_interface/bin'
[4.973s] Level 1:colcon.colcon_core.environment:checking '/home/dmpasgal/Clothy/install/custom_interface/lib/pkgconfig/custom_interface.pc'
[4.974s] Level 1:colcon.colcon_core.environment:checking '/home/dmpasgal/Clothy/install/custom_interface/lib/python3.8/site-packages'
[4.974s] Level 1:colcon.colcon_core.shell:create_environment_hook('custom_interface', 'pythonpath')
[5.001s] INFO:colcon.colcon_core.shell:Creating environment hook '/home/dmpasgal/Clothy/install/custom_interface/share/custom_interface/hook/pythonpath.ps1'
[5.001s] INFO:colcon.colcon_core.shell:Creating environment descriptor '/home/dmpasgal/Clothy/install/custom_interface/share/custom_interface/hook/pythonpath.dsv'
[5.001s] INFO:colcon.colcon_core.shell:Creating environment hook '/home/dmpasgal/Clothy/install/custom_interface/share/custom_interface/hook/pythonpath.sh'
[5.002s] Level 1:colcon.colcon_core.environment:checking '/home/dmpasgal/Clothy/install/custom_interface/bin'
[5.041s] INFO:colcon.colcon_core.shell:Creating package script '/home/dmpasgal/Clothy/install/custom_interface/share/custom_interface/package.ps1'
[5.041s] INFO:colcon.colcon_core.shell:Creating package descriptor '/home/dmpasgal/Clothy/install/custom_interface/share/custom_interface/package.dsv'
[5.042s] INFO:colcon.colcon_core.shell:Creating package script '/home/dmpasgal/Clothy/install/custom_interface/share/custom_interface/package.sh'
[5.042s] INFO:colcon.colcon_core.shell:Creating package script '/home/dmpasgal/Clothy/install/custom_interface/share/custom_interface/package.bash'
[5.043s] INFO:colcon.colcon_core.shell:Creating package script '/home/dmpasgal/Clothy/install/custom_interface/share/custom_interface/package.zsh'
[5.043s] Level 1:colcon.colcon_core.environment:create_file_with_runtime_dependencies(/home/dmpasgal/Clothy/install/custom_interface/share/colcon-core/packages/custom_interface)
[5.044s] INFO:colcon.colcon_ros.task.ament_python.build:Building ROS package in '/home/dmpasgal/Clothy/ROS/turtlebot3_ws/src/show_msg' with build type 'ament_python'
[5.044s] Level 1:colcon.colcon_core.shell:create_environment_hook('show_msg', 'ament_prefix_path')
[5.099s] INFO:colcon.colcon_core.shell:Creating environment hook '/home/dmpasgal/Clothy/install/show_msg/share/show_msg/hook/ament_prefix_path.ps1'
[5.101s] INFO:colcon.colcon_core.shell:Creating environment descriptor '/home/dmpasgal/Clothy/install/show_msg/share/show_msg/hook/ament_prefix_path.dsv'
[5.101s] INFO:colcon.colcon_core.shell:Creating environment hook '/home/dmpasgal/Clothy/install/show_msg/share/show_msg/hook/ament_prefix_path.sh'
[5.129s] INFO:colcon.colcon_core.shell:Skip shell extension 'powershell' for command environment: Not usable outside of PowerShell
[5.129s] DEBUG:colcon.colcon_core.shell:Skip shell extension 'dsv' for command environment
[5.250s] DEBUG:colcon.colcon_core.event_handler.log_command:Invoking command in '/home/dmpasgal/Clothy/ROS/turtlebot3_ws/src/provide_map': PYTHONPATH=/home/dmpasgal/Clothy/build/provide_map/prefix_override:/home/dmpasgal/Clothy/install/provide_map/lib/python3.8/site-packages:${PYTHONPATH} /usr/bin/python3 setup.py egg_info --egg-base ../../../../build/provide_map build --build-base /home/dmpasgal/Clothy/build/provide_map/build install --record /home/dmpasgal/Clothy/build/provide_map/install.log --single-version-externally-managed
[5.523s] INFO:colcon.colcon_core.task.python.build:Building Python package in '/home/dmpasgal/Clothy/ROS/turtlebot3_ws/src/show_msg'
[5.552s] INFO:colcon.colcon_core.shell:Skip shell extension 'powershell' for command environment: Not usable outside of PowerShell
[5.552s] DEBUG:colcon.colcon_core.shell:Skip shell extension 'dsv' for command environment
[5.775s] DEBUG:colcon.colcon_core.event_handler.log_command:Invoked command in '/home/dmpasgal/Clothy/ROS/turtlebot3_ws/src/provide_map' returned '0': PYTHONPATH=/home/dmpasgal/Clothy/build/provide_map/prefix_override:/home/dmpasgal/Clothy/install/provide_map/lib/python3.8/site-packages:${PYTHONPATH} /usr/bin/python3 setup.py egg_info --egg-base ../../../../build/provide_map build --build-base /home/dmpasgal/Clothy/build/provide_map/build install --record /home/dmpasgal/Clothy/build/provide_map/install.log --single-version-externally-managed
[5.814s] Level 1:colcon.colcon_core.environment:checking '/home/dmpasgal/Clothy/install/provide_map' for CMake module files
[5.814s] Level 1:colcon.colcon_core.environment:checking '/home/dmpasgal/Clothy/install/provide_map' for CMake config files
[5.816s] Level 1:colcon.colcon_core.environment:checking '/home/dmpasgal/Clothy/install/provide_map/lib'
[5.816s] Level 1:colcon.colcon_core.environment:checking '/home/dmpasgal/Clothy/install/provide_map/bin'
[5.816s] Level 1:colcon.colcon_core.environment:checking '/home/dmpasgal/Clothy/install/provide_map/lib/pkgconfig/provide_map.pc'
[5.816s] Level 1:colcon.colcon_core.environment:checking '/home/dmpasgal/Clothy/install/provide_map/lib/python3.8/site-packages'
[5.816s] Level 1:colcon.colcon_core.shell:create_environment_hook('provide_map', 'pythonpath')
[5.856s] INFO:colcon.colcon_core.shell:Creating environment hook '/home/dmpasgal/Clothy/install/provide_map/share/provide_map/hook/pythonpath.ps1'
[5.860s] INFO:colcon.colcon_core.shell:Creating environment descriptor '/home/dmpasgal/Clothy/install/provide_map/share/provide_map/hook/pythonpath.dsv'
[5.861s] INFO:colcon.colcon_core.shell:Creating environment hook '/home/dmpasgal/Clothy/install/provide_map/share/provide_map/hook/pythonpath.sh'
[5.863s] Level 1:colcon.colcon_core.environment:checking '/home/dmpasgal/Clothy/install/provide_map/bin'
[5.863s] Level 1:colcon.colcon_core.environment:create_environment_scripts_only(provide_map)
[5.891s] INFO:colcon.colcon_core.shell:Creating package script '/home/dmpasgal/Clothy/install/provide_map/share/provide_map/package.ps1'
[5.893s] INFO:colcon.colcon_core.shell:Creating package descriptor '/home/dmpasgal/Clothy/install/provide_map/share/provide_map/package.dsv'
[5.894s] INFO:colcon.colcon_core.shell:Creating package script '/home/dmpasgal/Clothy/install/provide_map/share/provide_map/package.sh'
[5.895s] INFO:colcon.colcon_core.shell:Creating package script '/home/dmpasgal/Clothy/install/provide_map/share/provide_map/package.bash'
[5.898s] INFO:colcon.colcon_core.shell:Creating package script '/home/dmpasgal/Clothy/install/provide_map/share/provide_map/package.zsh'
[5.901s] Level 1:colcon.colcon_core.environment:create_file_with_runtime_dependencies(/home/dmpasgal/Clothy/install/provide_map/share/colcon-core/packages/provide_map)
[6.529s] DEBUG:colcon.colcon_core.event_handler.log_command:Invoking command in '/home/dmpasgal/Clothy/ROS/turtlebot3_ws/src/show_msg': AMENT_PREFIX_PATH=/home/dmpasgal/Clothy/install/custom_interface:${AMENT_PREFIX_PATH} CMAKE_PREFIX_PATH=/home/dmpasgal/Clothy/install/custom_interface:${CMAKE_PREFIX_PATH} LD_LIBRARY_PATH=/home/dmpasgal/Clothy/install/custom_interface/lib:${LD_LIBRARY_PATH} PYTHONPATH=/home/dmpasgal/Clothy/build/show_msg/prefix_override:/home/dmpasgal/Clothy/install/show_msg/lib/python3.8/site-packages:/home/dmpasgal/Clothy/install/custom_interface/lib/python3.8/site-packages:${PYTHONPATH} /usr/bin/python3 setup.py egg_info --egg-base ../../../../build/show_msg build --build-base /home/dmpasgal/Clothy/build/show_msg/build install --record /home/dmpasgal/Clothy/build/show_msg/install.log --single-version-externally-managed
[6.882s] DEBUG:colcon.colcon_core.event_handler.log_command:Invoked command in '/home/dmpasgal/Clothy/ROS/turtlebot3_ws/src/show_msg' returned '0': AMENT_PREFIX_PATH=/home/dmpasgal/Clothy/install/custom_interface:${AMENT_PREFIX_PATH} CMAKE_PREFIX_PATH=/home/dmpasgal/Clothy/install/custom_interface:${CMAKE_PREFIX_PATH} LD_LIBRARY_PATH=/home/dmpasgal/Clothy/install/custom_interface/lib:${LD_LIBRARY_PATH} PYTHONPATH=/home/dmpasgal/Clothy/build/show_msg/prefix_override:/home/dmpasgal/Clothy/install/show_msg/lib/python3.8/site-packages:/home/dmpasgal/Clothy/install/custom_interface/lib/python3.8/site-packages:${PYTHONPATH} /usr/bin/python3 setup.py egg_info --egg-base ../../../../build/show_msg build --build-base /home/dmpasgal/Clothy/build/show_msg/build install --record /home/dmpasgal/Clothy/build/show_msg/install.log --single-version-externally-managed
[6.909s] Level 1:colcon.colcon_core.environment:checking '/home/dmpasgal/Clothy/install/show_msg' for CMake module files
[6.909s] Level 1:colcon.colcon_core.environment:checking '/home/dmpasgal/Clothy/install/show_msg' for CMake config files
[6.920s] Level 1:colcon.colcon_core.environment:checking '/home/dmpasgal/Clothy/install/show_msg/lib'
[6.920s] Level 1:colcon.colcon_core.environment:checking '/home/dmpasgal/Clothy/install/show_msg/bin'
[6.920s] Level 1:colcon.colcon_core.environment:checking '/home/dmpasgal/Clothy/install/show_msg/lib/pkgconfig/show_msg.pc'
[6.920s] Level 1:colcon.colcon_core.environment:checking '/home/dmpasgal/Clothy/install/show_msg/lib/python3.8/site-packages'
[6.921s] Level 1:colcon.colcon_core.shell:create_environment_hook('show_msg', 'pythonpath')
[6.962s] INFO:colcon.colcon_core.shell:Creating environment hook '/home/dmpasgal/Clothy/install/show_msg/share/show_msg/hook/pythonpath.ps1'
[6.981s] INFO:colcon.colcon_core.shell:Creating environment descriptor '/home/dmpasgal/Clothy/install/show_msg/share/show_msg/hook/pythonpath.dsv'
[6.985s] INFO:colcon.colcon_core.shell:Creating environment hook '/home/dmpasgal/Clothy/install/show_msg/share/show_msg/hook/pythonpath.sh'
[6.987s] Level 1:colcon.colcon_core.environment:checking '/home/dmpasgal/Clothy/install/show_msg/bin'
[6.987s] Level 1:colcon.colcon_core.environment:create_environment_scripts_only(show_msg)
[7.029s] INFO:colcon.colcon_core.shell:Creating package script '/home/dmpasgal/Clothy/install/show_msg/share/show_msg/package.ps1'
[7.030s] INFO:colcon.colcon_core.shell:Creating package descriptor '/home/dmpasgal/Clothy/install/show_msg/share/show_msg/package.dsv'
[7.032s] INFO:colcon.colcon_core.shell:Creating package script '/home/dmpasgal/Clothy/install/show_msg/share/show_msg/package.sh'
[7.033s] INFO:colcon.colcon_core.shell:Creating package script '/home/dmpasgal/Clothy/install/show_msg/share/show_msg/package.bash'
[7.034s] INFO:colcon.colcon_core.shell:Creating package script '/home/dmpasgal/Clothy/install/show_msg/share/show_msg/package.zsh'
[7.036s] Level 1:colcon.colcon_core.environment:create_file_with_runtime_dependencies(/home/dmpasgal/Clothy/install/show_msg/share/colcon-core/packages/show_msg)
