[0.696s] Invoking command in '/home/cmarrod3/turtlebot3_ws/src/show_msg': CMAKE_PREFIX_PATH=/home/cmarrod3/turtlebot3_ws/install/custom_interface:/home/cmarrod3/turtlebot3_ws/install/turtlebot3_simulations:/home/cmarrod3/turtlebot3_ws/install/turtlebot3_gazebo:/home/cmarrod3/turtlebot3_ws/install/turtlebot3_fake_node PYTHONPATH=/home/cmarrod3/turtlebot3_ws/build/show_msg/prefix_override:/home/cmarrod3/turtlebot3_ws/install/show_msg/lib/python3.8/site-packages:/home/cmarrod3/turtlebot3_ws/install/custom_interface/lib/python3.8/site-packages:/home/cmarrod3/turtlebot3_ws/install/show_msg/lib/python3.8/site-packages:/home/cmarrod3/turtlebot3_ws/install/my_first_subscriber/lib/python3.8/site-packages:/home/cmarrod3/turtlebot3_ws/install/my_first_publisher/lib/python3.8/site-packages:/home/cmarrod3/turtlebot3_ws/install/my_first_node/lib/python3.8/site-packages:/opt/ros/galactic/lib/python3.8/site-packages /usr/bin/python3 setup.py egg_info --egg-base ../../build/show_msg build --build-base /home/cmarrod3/turtlebot3_ws/build/show_msg/build install --record /home/cmarrod3/turtlebot3_ws/build/show_msg/install.log --single-version-externally-managed
[0.860s] running egg_info
[0.860s] writing ../../build/show_msg/show_msg.egg-info/PKG-INFO
[0.860s] writing dependency_links to ../../build/show_msg/show_msg.egg-info/dependency_links.txt
[0.860s] writing entry points to ../../build/show_msg/show_msg.egg-info/entry_points.txt
[0.861s] writing requirements to ../../build/show_msg/show_msg.egg-info/requires.txt
[0.861s] writing top-level names to ../../build/show_msg/show_msg.egg-info/top_level.txt
[0.885s] reading manifest file '../../build/show_msg/show_msg.egg-info/SOURCES.txt'
[0.886s] writing manifest file '../../build/show_msg/show_msg.egg-info/SOURCES.txt'
[0.886s] running build
[0.886s] running build_py
[0.886s] copying show_msg/show_msg_param.py -> /home/cmarrod3/turtlebot3_ws/build/show_msg/build/lib/show_msg
[0.886s] running install
[0.887s] running install_lib
[0.888s] copying /home/cmarrod3/turtlebot3_ws/build/show_msg/build/lib/show_msg/show_msg_param.py -> /home/cmarrod3/turtlebot3_ws/install/show_msg/lib/python3.8/site-packages/show_msg
[0.889s] byte-compiling /home/cmarrod3/turtlebot3_ws/install/show_msg/lib/python3.8/site-packages/show_msg/show_msg_param.py to show_msg_param.cpython-38.pyc
[0.890s] running install_data
[0.890s] copying launch/show_msg_param.launch.py -> /home/cmarrod3/turtlebot3_ws/install/show_msg/share/show_msg
[0.890s] running install_egg_info
[0.892s] removing '/home/cmarrod3/turtlebot3_ws/install/show_msg/lib/python3.8/site-packages/show_msg-0.0.0-py3.8.egg-info' (and everything under it)
[0.909s] Copying ../../build/show_msg/show_msg.egg-info to /home/cmarrod3/turtlebot3_ws/install/show_msg/lib/python3.8/site-packages/show_msg-0.0.0-py3.8.egg-info
[0.912s] running install_scripts
[0.922s] Installing show_msg script to /home/cmarrod3/turtlebot3_ws/install/show_msg/lib/show_msg
[0.922s] Installing show_msg_param script to /home/cmarrod3/turtlebot3_ws/install/show_msg/lib/show_msg
[0.924s] writing list of installed files to '/home/cmarrod3/turtlebot3_ws/build/show_msg/install.log'
[0.946s] Invoked command in '/home/cmarrod3/turtlebot3_ws/src/show_msg' returned '0': CMAKE_PREFIX_PATH=/home/cmarrod3/turtlebot3_ws/install/custom_interface:/home/cmarrod3/turtlebot3_ws/install/turtlebot3_simulations:/home/cmarrod3/turtlebot3_ws/install/turtlebot3_gazebo:/home/cmarrod3/turtlebot3_ws/install/turtlebot3_fake_node PYTHONPATH=/home/cmarrod3/turtlebot3_ws/build/show_msg/prefix_override:/home/cmarrod3/turtlebot3_ws/install/show_msg/lib/python3.8/site-packages:/home/cmarrod3/turtlebot3_ws/install/custom_interface/lib/python3.8/site-packages:/home/cmarrod3/turtlebot3_ws/install/show_msg/lib/python3.8/site-packages:/home/cmarrod3/turtlebot3_ws/install/my_first_subscriber/lib/python3.8/site-packages:/home/cmarrod3/turtlebot3_ws/install/my_first_publisher/lib/python3.8/site-packages:/home/cmarrod3/turtlebot3_ws/install/my_first_node/lib/python3.8/site-packages:/opt/ros/galactic/lib/python3.8/site-packages /usr/bin/python3 setup.py egg_info --egg-base ../../build/show_msg build --build-base /home/cmarrod3/turtlebot3_ws/build/show_msg/build install --record /home/cmarrod3/turtlebot3_ws/build/show_msg/install.log --single-version-externally-managed
