[0.101s] Invoking command in '/home/cmarrod3/turtlebot3_ws/build/my_world': CMAKE_PREFIX_PATH=/home/cmarrod3/turtlebot3_ws/install/turtlebot3_gazebo:/home/cmarrod3/turtlebot3_ws/install/turtlebot3_simulations:/home/cmarrod3/turtlebot3_ws/install/turtlebot3_fake_node:/home/cmarrod3/turtlebot3_ws/install/my_first_subscriber:/home/cmarrod3/turtlebot3_ws/install/my_first_publisher:/home/cmarrod3/turtlebot3_ws/install/my_first_node:/opt/ros/galactic /usr/bin/cmake /home/cmarrod3/turtlebot3_ws/src/my_world -DCMAKE_INSTALL_PREFIX=/home/cmarrod3/turtlebot3_ws/install/my_world
[0.145s] -- The C compiler identification is GNU 9.4.0
[0.190s] -- The CXX compiler identification is GNU 9.4.0
[0.193s] -- Check for working C compiler: /usr/bin/cc
[0.264s] -- Check for working C compiler: /usr/bin/cc -- works
[0.265s] -- Detecting C compiler ABI info
[0.311s] -- Detecting C compiler ABI info - done
[0.320s] -- Detecting C compile features
[0.320s] -- Detecting C compile features - done
[0.321s] -- Check for working CXX compiler: /usr/bin/c++
[0.385s] -- Check for working CXX compiler: /usr/bin/c++ -- works
[0.386s] -- Detecting CXX compiler ABI info
[0.444s] -- Detecting CXX compiler ABI info - done
[0.455s] -- Detecting CXX compile features
[0.455s] -- Detecting CXX compile features - done
[0.457s] -- Found ament_cmake: 1.1.6 (/opt/ros/galactic/share/ament_cmake/cmake)
[0.477s] -- Found PythonInterp: /usr/bin/python3 (found suitable version "3.8.10", minimum required is "3") 
[0.477s] -- Using PYTHON_EXECUTABLE: /usr/bin/python3
[0.539s] -- Found PkgConfig: /usr/bin/pkg-config (found version "0.29.1") 
[0.545s] -- Checking for module 'bullet>=2.82'
[0.558s] --   Found bullet, version 2.88
[0.648s] -- Found ccd: /usr/include (found suitable version "2.0", minimum required is "2.0") 
[0.695s] -- Found fcl: /usr/include (found suitable version "0.5.0", minimum required is "0.3.2") 
[0.732s] -- Found assimp: /usr/include (found version "5.0.0") 
[0.751s] -- Found DART: /usr/include (Required is at least version "6.6") found components: dart 
[0.974s] -- Found Boost: /usr/lib/x86_64-linux-gnu/cmake/Boost-1.71.0/BoostConfig.cmake (found suitable version "1.71.0", minimum required is "1.40.0") found components: thread system filesystem program_options regex iostreams date_time 
[0.997s] -- Found Protobuf: /usr/lib/x86_64-linux-gnu/libprotobuf.so;-lpthread (found version "3.6.1") 
[1.000s] -- Looking for ignition-math6 -- found version 6.15.1
[1.005s] -- Searching for dependencies of ignition-math6
[1.006s] -- Looking for OGRE...
[1.007s] -- OGRE_PREFIX_WATCH changed.
[1.010s] -- Checking for module 'OGRE'
[1.021s] --   Found OGRE, version 1.9.0
[1.049s] -- Found Ogre Ghadamon (1.9.0)
[1.055s] -- Found OGRE: optimized;/usr/lib/x86_64-linux-gnu/libOgreMain.so;debug;/usr/lib/x86_64-linux-gnu/libOgreMain.so
[1.063s] -- Looking for OGRE_Paging...
[1.068s] -- Found OGRE_Paging: optimized;/usr/lib/x86_64-linux-gnu/libOgrePaging.so;debug;/usr/lib/x86_64-linux-gnu/libOgrePaging.so
[1.068s] -- Looking for OGRE_Terrain...
[1.073s] -- Found OGRE_Terrain: optimized;/usr/lib/x86_64-linux-gnu/libOgreTerrain.so;debug;/usr/lib/x86_64-linux-gnu/libOgreTerrain.so
[1.073s] -- Looking for OGRE_Property...
[1.077s] -- Found OGRE_Property: optimized;/usr/lib/x86_64-linux-gnu/libOgreProperty.so;debug;/usr/lib/x86_64-linux-gnu/libOgreProperty.so
[1.077s] -- Looking for OGRE_RTShaderSystem...
[1.080s] -- Found OGRE_RTShaderSystem: optimized;/usr/lib/x86_64-linux-gnu/libOgreRTShaderSystem.so;debug;/usr/lib/x86_64-linux-gnu/libOgreRTShaderSystem.so
[1.080s] -- Looking for OGRE_Volume...
[1.084s] -- Found OGRE_Volume: optimized;/usr/lib/x86_64-linux-gnu/libOgreVolume.so;debug;/usr/lib/x86_64-linux-gnu/libOgreVolume.so
[1.084s] -- Looking for OGRE_Overlay...
[1.088s] -- Found OGRE_Overlay: optimized;/usr/lib/x86_64-linux-gnu/libOgreOverlay.so;debug;/usr/lib/x86_64-linux-gnu/libOgreOverlay.so
[1.173s] -- Looking for ignition-math6 -- found version 6.15.1
[1.175s] -- Looking for ignition-transport8 -- found version 8.3.0
[1.176s] -- Searching for dependencies of ignition-transport8
[1.192s] -- Found Protobuf: /usr/lib/x86_64-linux-gnu/libprotobuf.so;-lpthread (found suitable version "3.6.1", minimum required is "3") 
[1.201s] -- Config-file not installed for ZeroMQ -- checking for pkg-config
[1.205s] -- Checking for module 'libzmq >= 4'
[1.215s] --   Found libzmq , version 4.3.2
[1.246s] -- Found ZeroMQ: TRUE (Required is at least version "4") 
[1.252s] -- Checking for module 'uuid'
[1.267s] --   Found uuid, version 2.34.0
[1.299s] -- Found UUID: TRUE  
[1.301s] -- Looking for ignition-msgs5 -- found version 5.10.0
[1.302s] -- Searching for dependencies of ignition-msgs5
[1.315s] -- Looking for ignition-math6 -- found version 6.15.1
[1.318s] -- Checking for module 'tinyxml2'
[1.328s] --   Found tinyxml2, version 6.2.0
[1.365s] -- Looking for ignition-msgs5 -- found version 5.10.0
[1.366s] -- Looking for ignition-common3 -- found version 3.14.2
[1.366s] -- Searching for dependencies of ignition-common3
[1.367s] -- Looking for dlfcn.h - found
[1.367s] -- Looking for libdl - found
[1.369s] -- Found DL: TRUE  
[1.377s] -- Searching for <ignition-common3> component [graphics]
[1.378s] -- Looking for ignition-common3-graphics -- found version 3.14.2
[1.380s] -- Searching for dependencies of ignition-common3-graphics
[1.380s] -- Looking for ignition-math6 -- found version 6.15.1
[1.381s] -- Looking for ignition-fuel_tools4 -- found version 4.6.0
[1.381s] -- Searching for dependencies of ignition-fuel_tools4
[1.434s] -- Found CURL: /usr/lib/x86_64-linux-gnu/libcurl.so (found version "7.68.0")  
[1.441s] -- Checking for module 'jsoncpp'
[1.457s] --   Found jsoncpp, version 1.7.4
[1.483s] -- Found JSONCPP: TRUE  
[1.488s] -- Checking for module 'libzip'
[1.497s] --   Found libzip, version 1.5.1
[1.528s] -- Found ZIP: TRUE  
[1.529s] -- Looking for ignition-common3 -- found version 3.14.2
[1.530s] -- Looking for ignition-math6 -- found version 6.15.1
[1.530s] -- Looking for ignition-msgs5 -- found version 5.10.0
[1.532s] -- Found gazebo_ros_pkgs: 3.5.2 (/opt/ros/galactic/share/gazebo_ros_pkgs/cmake)
[1.533s] -- Found geometry_msgs: 2.2.4 (/opt/ros/galactic/share/geometry_msgs/cmake)
[1.551s] -- Using all available rosidl_typesupport_c: rosidl_typesupport_fastrtps_c;rosidl_typesupport_introspection_c
[1.556s] -- Found rosidl_adapter: 2.2.3 (/opt/ros/galactic/share/rosidl_adapter/cmake)
[1.628s] -- Found OpenSSL: /usr/lib/x86_64-linux-gnu/libcrypto.so (found version "1.1.1f")  
[1.650s] -- Found FastRTPS: /opt/ros/galactic/include  
[1.708s] -- Using all available rosidl_typesupport_cpp: rosidl_typesupport_fastrtps_cpp;rosidl_typesupport_introspection_cpp
[1.772s] -- Found nav_msgs: 2.2.4 (/opt/ros/galactic/share/nav_msgs/cmake)
[1.823s] -- Found rclcpp: 9.2.2 (/opt/ros/galactic/share/rclcpp/cmake)
[1.863s] -- Found rmw_implementation_cmake: 3.3.1 (/opt/ros/galactic/share/rmw_implementation_cmake/cmake)
[1.865s] -- Found rmw_cyclonedds_cpp: 0.22.6 (/opt/ros/galactic/share/rmw_cyclonedds_cpp/cmake)
[1.880s] -- Using RMW implementation 'rmw_cyclonedds_cpp' as default
[1.882s] -- Found Threads: TRUE  
[1.972s] -- Found sensor_msgs: 2.2.4 (/opt/ros/galactic/share/sensor_msgs/cmake)
[2.027s] -- Found tf2: 0.17.5 (/opt/ros/galactic/share/tf2/cmake)
[2.034s] -- Found turtlebot3_gazebo: 2.2.4 (/home/cmarrod3/turtlebot3_ws/install/turtlebot3_gazebo/share/turtlebot3_gazebo/cmake)
[2.101s] -- Configuring done
[2.107s] -- Generating done
[2.108s] -- Build files have been written to: /home/cmarrod3/turtlebot3_ws/build/my_world
[2.116s] Invoked command in '/home/cmarrod3/turtlebot3_ws/build/my_world' returned '0': CMAKE_PREFIX_PATH=/home/cmarrod3/turtlebot3_ws/install/turtlebot3_gazebo:/home/cmarrod3/turtlebot3_ws/install/turtlebot3_simulations:/home/cmarrod3/turtlebot3_ws/install/turtlebot3_fake_node:/home/cmarrod3/turtlebot3_ws/install/my_first_subscriber:/home/cmarrod3/turtlebot3_ws/install/my_first_publisher:/home/cmarrod3/turtlebot3_ws/install/my_first_node:/opt/ros/galactic /usr/bin/cmake /home/cmarrod3/turtlebot3_ws/src/my_world -DCMAKE_INSTALL_PREFIX=/home/cmarrod3/turtlebot3_ws/install/my_world
[2.119s] Invoking command in '/home/cmarrod3/turtlebot3_ws/build/my_world': CMAKE_PREFIX_PATH=/home/cmarrod3/turtlebot3_ws/install/turtlebot3_gazebo:/home/cmarrod3/turtlebot3_ws/install/turtlebot3_simulations:/home/cmarrod3/turtlebot3_ws/install/turtlebot3_fake_node:/home/cmarrod3/turtlebot3_ws/install/my_first_subscriber:/home/cmarrod3/turtlebot3_ws/install/my_first_publisher:/home/cmarrod3/turtlebot3_ws/install/my_first_node:/opt/ros/galactic /usr/bin/cmake --build /home/cmarrod3/turtlebot3_ws/build/my_world -- -j2 -l2
[2.174s] [35m[1mScanning dependencies of target turtlebot3_drive[0m
[2.213s] [ 50%] [32mBuilding CXX object CMakeFiles/turtlebot3_drive.dir/src/turtlebot3_drive.cpp.o[0m
[8.747s] [100%] [32m[1mLinking CXX executable turtlebot3_drive[0m
[9.035s] [100%] Built target turtlebot3_drive
[9.044s] Invoked command in '/home/cmarrod3/turtlebot3_ws/build/my_world' returned '0': CMAKE_PREFIX_PATH=/home/cmarrod3/turtlebot3_ws/install/turtlebot3_gazebo:/home/cmarrod3/turtlebot3_ws/install/turtlebot3_simulations:/home/cmarrod3/turtlebot3_ws/install/turtlebot3_fake_node:/home/cmarrod3/turtlebot3_ws/install/my_first_subscriber:/home/cmarrod3/turtlebot3_ws/install/my_first_publisher:/home/cmarrod3/turtlebot3_ws/install/my_first_node:/opt/ros/galactic /usr/bin/cmake --build /home/cmarrod3/turtlebot3_ws/build/my_world -- -j2 -l2
[9.073s] Invoking command in '/home/cmarrod3/turtlebot3_ws/build/my_world': CMAKE_PREFIX_PATH=/home/cmarrod3/turtlebot3_ws/install/turtlebot3_gazebo:/home/cmarrod3/turtlebot3_ws/install/turtlebot3_simulations:/home/cmarrod3/turtlebot3_ws/install/turtlebot3_fake_node:/home/cmarrod3/turtlebot3_ws/install/my_first_subscriber:/home/cmarrod3/turtlebot3_ws/install/my_first_publisher:/home/cmarrod3/turtlebot3_ws/install/my_first_node:/opt/ros/galactic /usr/bin/cmake --install /home/cmarrod3/turtlebot3_ws/build/my_world
[9.080s] -- Install configuration: ""
[9.080s] -- Installing: /home/cmarrod3/turtlebot3_ws/install/my_world/lib/my_world/turtlebot3_drive
[9.083s] -- Set runtime path of "/home/cmarrod3/turtlebot3_ws/install/my_world/lib/my_world/turtlebot3_drive" to ""
[9.083s] -- Installing: /home/cmarrod3/turtlebot3_ws/install/my_world/share/my_world//launch
[9.083s] -- Installing: /home/cmarrod3/turtlebot3_ws/install/my_world/share/my_world//launch/turtlebot3_my_world.launch.py
[9.084s] -- Installing: /home/cmarrod3/turtlebot3_ws/install/my_world/share/my_world//models
[9.084s] -- Installing: /home/cmarrod3/turtlebot3_ws/install/my_world/share/my_world//models/drc_practice_ball_valve
[9.084s] -- Installing: /home/cmarrod3/turtlebot3_ws/install/my_world/share/my_world//models/drc_practice_ball_valve/model-1_4.sdf
[9.084s] -- Installing: /home/cmarrod3/turtlebot3_ws/install/my_world/share/my_world//models/drc_practice_ball_valve/meshes
[9.084s] -- Installing: /home/cmarrod3/turtlebot3_ws/install/my_world/share/my_world//models/drc_practice_ball_valve/meshes/ball_valve.dae
[9.085s] -- Installing: /home/cmarrod3/turtlebot3_ws/install/my_world/share/my_world//models/drc_practice_ball_valve/meshes/attachment.dae
[9.085s] -- Installing: /home/cmarrod3/turtlebot3_ws/install/my_world/share/my_world//models/drc_practice_ball_valve/materials
[9.085s] -- Installing: /home/cmarrod3/turtlebot3_ws/install/my_world/share/my_world//models/drc_practice_ball_valve/materials/textures
[9.086s] -- Installing: /home/cmarrod3/turtlebot3_ws/install/my_world/share/my_world//models/drc_practice_ball_valve/materials/textures/Metal_Rough.png
[9.086s] -- Installing: /home/cmarrod3/turtlebot3_ws/install/my_world/share/my_world//models/drc_practice_ball_valve/model.config
[9.086s] -- Installing: /home/cmarrod3/turtlebot3_ws/install/my_world/share/my_world//models/drc_practice_ball_valve/model.sdf
[9.086s] -- Installing: /home/cmarrod3/turtlebot3_ws/install/my_world/share/my_world//models/gertrudiseye
[9.086s] -- Installing: /home/cmarrod3/turtlebot3_ws/install/my_world/share/my_world//models/gertrudiseye/meshes
[9.086s] -- Installing: /home/cmarrod3/turtlebot3_ws/install/my_world/share/my_world//models/gertrudiseye/meshes/gertrudiseye.png
[9.086s] -- Installing: /home/cmarrod3/turtlebot3_ws/install/my_world/share/my_world//models/gertrudiseye/meshes/gertrudiseye.dae
[9.088s] -- Installing: /home/cmarrod3/turtlebot3_ws/install/my_world/share/my_world//models/gertrudiseye/meshes/old_lightskinned_female_diffuse.png
[9.091s] -- Installing: /home/cmarrod3/turtlebot3_ws/install/my_world/share/my_world//models/gertrudiseye/meshes/female_elegantsuit01_diffuse.png
[9.092s] -- Installing: /home/cmarrod3/turtlebot3_ws/install/my_world/share/my_world//models/gertrudiseye/meshes/female_elegantsuit01_normal.png
[9.093s] -- Installing: /home/cmarrod3/turtlebot3_ws/install/my_world/share/my_world//models/gertrudiseye/meshes/tongue01_diffuse.png
[9.094s] -- Installing: /home/cmarrod3/turtlebot3_ws/install/my_world/share/my_world//models/gertrudiseye/meshes/gertrudiseyev2.dae
[9.097s] -- Installing: /home/cmarrod3/turtlebot3_ws/install/my_world/share/my_world//models/gertrudiseye/meshes/green_eye.png
[9.098s] -- Installing: /home/cmarrod3/turtlebot3_ws/install/my_world/share/my_world//models/gertrudiseye/meshes/braid01_diffuse.png
[9.101s] -- Installing: /home/cmarrod3/turtlebot3_ws/install/my_world/share/my_world//models/gertrudiseye/meshes/teeth.png
[9.103s] -- Installing: /home/cmarrod3/turtlebot3_ws/install/my_world/share/my_world//models/gertrudiseye/model.config
[9.103s] -- Installing: /home/cmarrod3/turtlebot3_ws/install/my_world/share/my_world//models/gertrudiseye/model.sdf
[9.103s] -- Installing: /home/cmarrod3/turtlebot3_ws/install/my_world/share/my_world//models/doguinho.zip
[9.122s] -- Installing: /home/cmarrod3/turtlebot3_ws/install/my_world/share/my_world//models/my_world
[9.122s] -- Installing: /home/cmarrod3/turtlebot3_ws/install/my_world/share/my_world//models/my_world/model.config
[9.123s] -- Installing: /home/cmarrod3/turtlebot3_ws/install/my_world/share/my_world//models/my_world/model.sdf
[9.123s] -- Installing: /home/cmarrod3/turtlebot3_ws/install/my_world/share/my_world//models/apartment
[9.123s] -- Installing: /home/cmarrod3/turtlebot3_ws/install/my_world/share/my_world//models/apartment/meshes
[9.123s] -- Installing: /home/cmarrod3/turtlebot3_ws/install/my_world/share/my_world//models/apartment/meshes/apartment.dae
[9.127s] -- Installing: /home/cmarrod3/turtlebot3_ws/install/my_world/share/my_world//models/apartment/materials
[9.128s] -- Installing: /home/cmarrod3/turtlebot3_ws/install/my_world/share/my_world//models/apartment/materials/textures
[9.129s] -- Installing: /home/cmarrod3/turtlebot3_ws/install/my_world/share/my_world//models/apartment/materials/textures/apartment_spec.jpg
[9.129s] -- Installing: /home/cmarrod3/turtlebot3_ws/install/my_world/share/my_world//models/apartment/materials/textures/apartment_diffuse.jpg
[9.130s] -- Installing: /home/cmarrod3/turtlebot3_ws/install/my_world/share/my_world//models/apartment/model.config
[9.130s] -- Installing: /home/cmarrod3/turtlebot3_ws/install/my_world/share/my_world//models/apartment/model.sdf
[9.130s] -- Installing: /home/cmarrod3/turtlebot3_ws/install/my_world/share/my_world//models/turtlebot3_burger_pi
[9.130s] -- Installing: /home/cmarrod3/turtlebot3_ws/install/my_world/share/my_world//models/turtlebot3_burger_pi/model-1_4.sdf
[9.130s] -- Installing: /home/cmarrod3/turtlebot3_ws/install/my_world/share/my_world//models/turtlebot3_burger_pi/meshes
[9.131s] -- Installing: /home/cmarrod3/turtlebot3_ws/install/my_world/share/my_world//models/turtlebot3_burger_pi/meshes/lds.dae
[9.131s] -- Installing: /home/cmarrod3/turtlebot3_ws/install/my_world/share/my_world//models/turtlebot3_burger_pi/meshes/tire.dae
[9.131s] -- Installing: /home/cmarrod3/turtlebot3_ws/install/my_world/share/my_world//models/turtlebot3_burger_pi/meshes/burger_base.dae
[9.131s] -- Installing: /home/cmarrod3/turtlebot3_ws/install/my_world/share/my_world//models/turtlebot3_burger_pi/model.config
[9.131s] -- Installing: /home/cmarrod3/turtlebot3_ws/install/my_world/share/my_world//models/turtlebot3_burger_pi/model.sdf
[9.132s] -- Installing: /home/cmarrod3/turtlebot3_ws/install/my_world/share/my_world//models/turtlebot3_burger
[9.132s] -- Installing: /home/cmarrod3/turtlebot3_ws/install/my_world/share/my_world//models/turtlebot3_burger/model-1_4.sdf
[9.132s] -- Installing: /home/cmarrod3/turtlebot3_ws/install/my_world/share/my_world//models/turtlebot3_burger/meshes
[9.132s] -- Installing: /home/cmarrod3/turtlebot3_ws/install/my_world/share/my_world//models/turtlebot3_burger/meshes/lds.dae
[9.132s] -- Installing: /home/cmarrod3/turtlebot3_ws/install/my_world/share/my_world//models/turtlebot3_burger/meshes/tire.dae
[9.133s] -- Installing: /home/cmarrod3/turtlebot3_ws/install/my_world/share/my_world//models/turtlebot3_burger/meshes/burger_base.dae
[9.133s] -- Installing: /home/cmarrod3/turtlebot3_ws/install/my_world/share/my_world//models/turtlebot3_burger/model.config
[9.133s] -- Installing: /home/cmarrod3/turtlebot3_ws/install/my_world/share/my_world//models/turtlebot3_burger/model.sdf
[9.133s] -- Installing: /home/cmarrod3/turtlebot3_ws/install/my_world/share/my_world//models/kumaeye
[9.133s] -- Installing: /home/cmarrod3/turtlebot3_ws/install/my_world/share/my_world//models/kumaeye/meshes
[9.134s] -- Installing: /home/cmarrod3/turtlebot3_ws/install/my_world/share/my_world//models/kumaeye/meshes/young_lightskinned_female_diffuse3.png
[9.138s] -- Installing: /home/cmarrod3/turtlebot3_ws/install/my_world/share/my_world//models/kumaeye/meshes/kumaeye.dae
[9.140s] -- Installing: /home/cmarrod3/turtlebot3_ws/install/my_world/share/my_world//models/kumaeye/meshes/kumaeyev2.dae
[9.149s] -- Installing: /home/cmarrod3/turtlebot3_ws/install/my_world/share/my_world//models/kumaeye/meshes/male_worksuit01_normal.png
[9.156s] -- Installing: /home/cmarrod3/turtlebot3_ws/install/my_world/share/my_world//models/kumaeye/meshes/tongue01_diffuse.png
[9.157s] -- Installing: /home/cmarrod3/turtlebot3_ws/install/my_world/share/my_world//models/kumaeye/meshes/male_worksuit01_diffuse.png
[9.162s] -- Installing: /home/cmarrod3/turtlebot3_ws/install/my_world/share/my_world//models/kumaeye/meshes/short01_diffuse.png
[9.164s] -- Installing: /home/cmarrod3/turtlebot3_ws/install/my_world/share/my_world//models/kumaeye/meshes/brown_eye.png
[9.166s] -- Installing: /home/cmarrod3/turtlebot3_ws/install/my_world/share/my_world//models/kumaeye/meshes/kumaeye.png
[9.166s] -- Installing: /home/cmarrod3/turtlebot3_ws/install/my_world/share/my_world//models/kumaeye/meshes/teeth.png
[9.168s] -- Installing: /home/cmarrod3/turtlebot3_ws/install/my_world/share/my_world//models/kumaeye/meshes/eyebrow010.png
[9.168s] -- Installing: /home/cmarrod3/turtlebot3_ws/install/my_world/share/my_world//models/kumaeye/model.config
[9.168s] -- Installing: /home/cmarrod3/turtlebot3_ws/install/my_world/share/my_world//models/kumaeye/model.sdf
[9.168s] -- Installing: /home/cmarrod3/turtlebot3_ws/install/my_world/share/my_world//models/ej0vwvf0j8jk-lowpolycat
[9.168s] -- Installing: /home/cmarrod3/turtlebot3_ws/install/my_world/share/my_world//models/sweedish_apartment
[9.168s] -- Installing: /home/cmarrod3/turtlebot3_ws/install/my_world/share/my_world//models/sweedish_apartment/meshes
[9.168s] -- Installing: /home/cmarrod3/turtlebot3_ws/install/my_world/share/my_world//models/sweedish_apartment/meshes/model.dae
[9.169s] -- Installing: /home/cmarrod3/turtlebot3_ws/install/my_world/share/my_world//models/sweedish_apartment/model.config
[9.169s] -- Installing: /home/cmarrod3/turtlebot3_ws/install/my_world/share/my_world//models/sweedish_apartment/model.sdf
[9.169s] -- Installing: /home/cmarrod3/turtlebot3_ws/install/my_world/share/my_world//models/willowgarage
[9.169s] -- Installing: /home/cmarrod3/turtlebot3_ws/install/my_world/share/my_world//models/willowgarage/model-1_2.sdf
[9.169s] -- Installing: /home/cmarrod3/turtlebot3_ws/install/my_world/share/my_world//models/willowgarage/model-1_3.sdf
[9.169s] -- Installing: /home/cmarrod3/turtlebot3_ws/install/my_world/share/my_world//models/willowgarage/model-1_4.sdf
[9.169s] -- Installing: /home/cmarrod3/turtlebot3_ws/install/my_world/share/my_world//models/willowgarage/meshes
[9.169s] -- Installing: /home/cmarrod3/turtlebot3_ws/install/my_world/share/my_world//models/willowgarage/meshes/willowgarage_visual.dae
[9.171s] -- Installing: /home/cmarrod3/turtlebot3_ws/install/my_world/share/my_world//models/willowgarage/meshes/willowgarage_collision.dae
[9.172s] -- Installing: /home/cmarrod3/turtlebot3_ws/install/my_world/share/my_world//models/willowgarage/materials
[9.173s] -- Installing: /home/cmarrod3/turtlebot3_ws/install/my_world/share/my_world//models/willowgarage/materials/textures
[9.173s] -- Installing: /home/cmarrod3/turtlebot3_ws/install/my_world/share/my_world//models/willowgarage/materials/textures/Wood_Bamboo_Medium_.png
[9.173s] -- Installing: /home/cmarrod3/turtlebot3_ws/install/my_world/share/my_world//models/willowgarage/materials/textures/Carpet_Berber_Pattern_Gray_.png
[9.173s] -- Installing: /home/cmarrod3/turtlebot3_ws/install/my_world/share/my_world//models/willowgarage/materials/textures/Stone_Brushed_Khaki_.png
[9.173s] -- Installing: /home/cmarrod3/turtlebot3_ws/install/my_world/share/my_world//models/willowgarage/materials/textures/__Wood_Bamboo_Medium_1.png
[9.174s] -- Installing: /home/cmarrod3/turtlebot3_ws/install/my_world/share/my_world//models/willowgarage/materials/textures/Wood_Cherry_Original_.png
[9.174s] -- Installing: /home/cmarrod3/turtlebot3_ws/install/my_world/share/my_world//models/willowgarage/materials/textures/__auto_12.png
[9.174s] -- Installing: /home/cmarrod3/turtlebot3_ws/install/my_world/share/my_world//models/willowgarage/materials/textures/__auto_2.png
[9.174s] -- Installing: /home/cmarrod3/turtlebot3_ws/install/my_world/share/my_world//models/willowgarage/model.config
[9.174s] -- Installing: /home/cmarrod3/turtlebot3_ws/install/my_world/share/my_world//models/willowgarage/model.sdf
[9.174s] -- Installing: /home/cmarrod3/turtlebot3_ws/install/my_world/share/my_world//models/naokoeye
[9.176s] -- Installing: /home/cmarrod3/turtlebot3_ws/install/my_world/share/my_world//models/naokoeye/meshes
[9.176s] -- Installing: /home/cmarrod3/turtlebot3_ws/install/my_world/share/my_world//models/naokoeye/meshes/bob02_diffuse.png
[9.179s] -- Installing: /home/cmarrod3/turtlebot3_ws/install/my_world/share/my_world//models/naokoeye/meshes/female_casualsuit02_normal.png
[9.182s] -- Installing: /home/cmarrod3/turtlebot3_ws/install/my_world/share/my_world//models/naokoeye/meshes/eyebrow001.png
[9.182s] -- Installing: /home/cmarrod3/turtlebot3_ws/install/my_world/share/my_world//models/naokoeye/meshes/naokoeye.png
[9.183s] -- Installing: /home/cmarrod3/turtlebot3_ws/install/my_world/share/my_world//models/naokoeye/meshes/brown_eye.png
[9.183s] -- Installing: /home/cmarrod3/turtlebot3_ws/install/my_world/share/my_world//models/naokoeye/meshes/female_casualsuit02_diffuse.png
[9.188s] -- Installing: /home/cmarrod3/turtlebot3_ws/install/my_world/share/my_world//models/naokoeye/meshes/naokoeye.dae
[9.198s] -- Installing: /home/cmarrod3/turtlebot3_ws/install/my_world/share/my_world//models/naokoeye/meshes/naokoeyev2.dae
[9.205s] -- Installing: /home/cmarrod3/turtlebot3_ws/install/my_world/share/my_world//models/naokoeye/model.config
[9.206s] -- Installing: /home/cmarrod3/turtlebot3_ws/install/my_world/share/my_world//models/naokoeye/model.sdf
[9.206s] -- Installing: /home/cmarrod3/turtlebot3_ws/install/my_world/share/my_world//models/cricket_ball
[9.206s] -- Installing: /home/cmarrod3/turtlebot3_ws/install/my_world/share/my_world//models/cricket_ball/model.rsdf
[9.206s] -- Installing: /home/cmarrod3/turtlebot3_ws/install/my_world/share/my_world//models/cricket_ball/model.config
[9.206s] -- Installing: /home/cmarrod3/turtlebot3_ws/install/my_world/share/my_world//models/cricket_ball/model.sdf
[9.206s] -- Installing: /home/cmarrod3/turtlebot3_ws/install/my_world/share/my_world//models/doguinho
[9.207s] -- Installing: /home/cmarrod3/turtlebot3_ws/install/my_world/share/my_world//models/doguinho/meshes
[9.207s] -- Installing: /home/cmarrod3/turtlebot3_ws/install/my_world/share/my_world//models/doguinho/meshes/Doguinho_low_poly_doguinho_uv_BaseColor.png
[9.214s] -- Installing: /home/cmarrod3/turtlebot3_ws/install/my_world/share/my_world//models/doguinho/meshes/Doguinho_low_poly_doguinho_uv_Normal.png
[9.218s] -- Installing: /home/cmarrod3/turtlebot3_ws/install/my_world/share/my_world//models/doguinho/meshes/Doguinho_low_poly_doguinho_uv_Roughness.png
[9.219s] -- Installing: /home/cmarrod3/turtlebot3_ws/install/my_world/share/my_world//models/doguinho/meshes/Doguinho_low_poly_doguinho_uv_Metallic.png
[9.219s] -- Installing: /home/cmarrod3/turtlebot3_ws/install/my_world/share/my_world//models/doguinho/meshes/Doguinho_low_poly_doguinho_uv_Height.png
[9.220s] -- Installing: /home/cmarrod3/turtlebot3_ws/install/my_world/share/my_world//models/doguinho/meshes/doguinho.dae
[9.227s] -- Installing: /home/cmarrod3/turtlebot3_ws/install/my_world/share/my_world//models/doguinho/model.config
[9.227s] -- Installing: /home/cmarrod3/turtlebot3_ws/install/my_world/share/my_world//models/doguinho/model.sdf
[9.227s] -- Installing: /home/cmarrod3/turtlebot3_ws/install/my_world/share/my_world//models/kitchen_dining
[9.227s] -- Installing: /home/cmarrod3/turtlebot3_ws/install/my_world/share/my_world//models/kitchen_dining/model-1_3.sdf
[9.228s] -- Installing: /home/cmarrod3/turtlebot3_ws/install/my_world/share/my_world//models/kitchen_dining/model-1_4.sdf
[9.228s] -- Installing: /home/cmarrod3/turtlebot3_ws/install/my_world/share/my_world//models/kitchen_dining/meshes
[9.228s] -- Installing: /home/cmarrod3/turtlebot3_ws/install/my_world/share/my_world//models/kitchen_dining/meshes/kitchen_dining.dae
[9.236s] -- Installing: /home/cmarrod3/turtlebot3_ws/install/my_world/share/my_world//models/kitchen_dining/materials
[9.237s] -- Installing: /home/cmarrod3/turtlebot3_ws/install/my_world/share/my_world//models/kitchen_dining/materials/textures
[9.237s] -- Installing: /home/cmarrod3/turtlebot3_ws/install/my_world/share/my_world//models/kitchen_dining/materials/textures/__auto_47.png
[9.237s] -- Installing: /home/cmarrod3/turtlebot3_ws/install/my_world/share/my_world//models/kitchen_dining/materials/textures/__auto_44.png
[9.238s] -- Installing: /home/cmarrod3/turtlebot3_ws/install/my_world/share/my_world//models/kitchen_dining/materials/textures/__auto_39.png
[9.238s] -- Installing: /home/cmarrod3/turtlebot3_ws/install/my_world/share/my_world//models/kitchen_dining/materials/textures/__auto_17.png
[9.238s] -- Installing: /home/cmarrod3/turtlebot3_ws/install/my_world/share/my_world//models/kitchen_dining/materials/textures/__auto_64.png
[9.238s] -- Installing: /home/cmarrod3/turtlebot3_ws/install/my_world/share/my_world//models/kitchen_dining/materials/textures/__auto_43.png
[9.238s] -- Installing: /home/cmarrod3/turtlebot3_ws/install/my_world/share/my_world//models/kitchen_dining/materials/textures/__auto_18.png
[9.239s] -- Installing: /home/cmarrod3/turtlebot3_ws/install/my_world/share/my_world//models/kitchen_dining/materials/textures/__auto_49.png
[9.239s] -- Installing: /home/cmarrod3/turtlebot3_ws/install/my_world/share/my_world//models/kitchen_dining/materials/textures/__auto_59.png
[9.239s] -- Installing: /home/cmarrod3/turtlebot3_ws/install/my_world/share/my_world//models/kitchen_dining/materials/textures/__auto_21.png
[9.239s] -- Installing: /home/cmarrod3/turtlebot3_ws/install/my_world/share/my_world//models/kitchen_dining/materials/textures/__auto_28.png
[9.239s] -- Installing: /home/cmarrod3/turtlebot3_ws/install/my_world/share/my_world//models/kitchen_dining/materials/textures/__auto_38.png
[9.239s] -- Installing: /home/cmarrod3/turtlebot3_ws/install/my_world/share/my_world//models/kitchen_dining/materials/textures/__auto_61.png
[9.240s] -- Installing: /home/cmarrod3/turtlebot3_ws/install/my_world/share/my_world//models/kitchen_dining/materials/textures/__auto_9.png
[9.240s] -- Installing: /home/cmarrod3/turtlebot3_ws/install/my_world/share/my_world//models/kitchen_dining/materials/textures/__auto_52.png
[9.240s] -- Installing: /home/cmarrod3/turtlebot3_ws/install/my_world/share/my_world//models/kitchen_dining/materials/textures/__auto_69.png
[9.240s] -- Installing: /home/cmarrod3/turtlebot3_ws/install/my_world/share/my_world//models/kitchen_dining/materials/textures/__auto_40.png
[9.240s] -- Installing: /home/cmarrod3/turtlebot3_ws/install/my_world/share/my_world//models/kitchen_dining/materials/textures/__auto_1.png
[9.240s] -- Installing: /home/cmarrod3/turtlebot3_ws/install/my_world/share/my_world//models/kitchen_dining/materials/textures/__auto_51.png
[9.241s] -- Installing: /home/cmarrod3/turtlebot3_ws/install/my_world/share/my_world//models/kitchen_dining/materials/textures/__auto_7.png
[9.241s] -- Installing: /home/cmarrod3/turtlebot3_ws/install/my_world/share/my_world//models/kitchen_dining/materials/textures/__auto_57.png
[9.241s] -- Installing: /home/cmarrod3/turtlebot3_ws/install/my_world/share/my_world//models/kitchen_dining/materials/textures/__auto_14.png
[9.241s] -- Installing: /home/cmarrod3/turtlebot3_ws/install/my_world/share/my_world//models/kitchen_dining/materials/textures/__auto_13.png
[9.246s] -- Installing: /home/cmarrod3/turtlebot3_ws/install/my_world/share/my_world//models/kitchen_dining/materials/textures/__auto_66.png
[9.246s] -- Installing: /home/cmarrod3/turtlebot3_ws/install/my_world/share/my_world//models/kitchen_dining/materials/textures/__auto_60.png
[9.247s] -- Installing: /home/cmarrod3/turtlebot3_ws/install/my_world/share/my_world//models/kitchen_dining/materials/textures/__auto_50.png
[9.248s] -- Installing: /home/cmarrod3/turtlebot3_ws/install/my_world/share/my_world//models/kitchen_dining/materials/textures/__auto_41.png
[9.248s] -- Installing: /home/cmarrod3/turtlebot3_ws/install/my_world/share/my_world//models/kitchen_dining/materials/textures/__auto_29.png
[9.249s] -- Installing: /home/cmarrod3/turtlebot3_ws/install/my_world/share/my_world//models/kitchen_dining/materials/textures/__auto_53.png
[9.249s] -- Installing: /home/cmarrod3/turtlebot3_ws/install/my_world/share/my_world//models/kitchen_dining/materials/textures/__auto_24.png
[9.249s] -- Installing: /home/cmarrod3/turtlebot3_ws/install/my_world/share/my_world//models/kitchen_dining/materials/textures/__auto_20.png
[9.249s] -- Installing: /home/cmarrod3/turtlebot3_ws/install/my_world/share/my_world//models/kitchen_dining/materials/textures/__auto_56.png
[9.250s] -- Installing: /home/cmarrod3/turtlebot3_ws/install/my_world/share/my_world//models/kitchen_dining/materials/textures/__auto_19.png
[9.250s] -- Installing: /home/cmarrod3/turtlebot3_ws/install/my_world/share/my_world//models/kitchen_dining/materials/textures/__auto_16.png
[9.250s] -- Installing: /home/cmarrod3/turtlebot3_ws/install/my_world/share/my_world//models/kitchen_dining/materials/textures/__auto_8.png
[9.250s] -- Installing: /home/cmarrod3/turtlebot3_ws/install/my_world/share/my_world//models/kitchen_dining/materials/textures/__auto_45.png
[9.251s] -- Installing: /home/cmarrod3/turtlebot3_ws/install/my_world/share/my_world//models/kitchen_dining/materials/textures/__auto_46.png
[9.251s] -- Installing: /home/cmarrod3/turtlebot3_ws/install/my_world/share/my_world//models/kitchen_dining/materials/textures/__auto_2.png
[9.251s] -- Installing: /home/cmarrod3/turtlebot3_ws/install/my_world/share/my_world//models/kitchen_dining/materials/textures/__auto_22.png
[9.251s] -- Installing: /home/cmarrod3/turtlebot3_ws/install/my_world/share/my_world//models/kitchen_dining/materials/textures/__auto_30.png
[9.252s] -- Installing: /home/cmarrod3/turtlebot3_ws/install/my_world/share/my_world//models/kitchen_dining/materials/textures/__auto_25.png
[9.252s] -- Installing: /home/cmarrod3/turtlebot3_ws/install/my_world/share/my_world//models/kitchen_dining/materials/textures/__auto_42.png
[9.252s] -- Installing: /home/cmarrod3/turtlebot3_ws/install/my_world/share/my_world//models/kitchen_dining/model.config
[9.252s] -- Installing: /home/cmarrod3/turtlebot3_ws/install/my_world/share/my_world//models/kitchen_dining/model.sdf
[9.252s] -- Installing: /home/cmarrod3/turtlebot3_ws/install/my_world/share/my_world//models/bobeye
[9.253s] -- Installing: /home/cmarrod3/turtlebot3_ws/install/my_world/share/my_world//models/bobeye/meshes
[9.253s] -- Installing: /home/cmarrod3/turtlebot3_ws/install/my_world/share/my_world//models/bobeye/meshes/bobeye.dae
[9.255s] -- Installing: /home/cmarrod3/turtlebot3_ws/install/my_world/share/my_world//models/bobeye/meshes/young_darkskinned_male_diffuse.png
[9.260s] -- Installing: /home/cmarrod3/turtlebot3_ws/install/my_world/share/my_world//models/bobeye/meshes/bobeye.png
[9.261s] -- Installing: /home/cmarrod3/turtlebot3_ws/install/my_world/share/my_world//models/bobeye/meshes/eyebrow001.png
[9.261s] -- Installing: /home/cmarrod3/turtlebot3_ws/install/my_world/share/my_world//models/bobeye/meshes/bobeyev2.dae
[9.265s] -- Installing: /home/cmarrod3/turtlebot3_ws/install/my_world/share/my_world//models/bobeye/meshes/tongue01_diffuse.png
[9.265s] -- Installing: /home/cmarrod3/turtlebot3_ws/install/my_world/share/my_world//models/bobeye/meshes/male_casualsuit03_diffuse.png
[9.273s] -- Installing: /home/cmarrod3/turtlebot3_ws/install/my_world/share/my_world//models/bobeye/meshes/male_casualsuit03_normal.png
[9.282s] -- Installing: /home/cmarrod3/turtlebot3_ws/install/my_world/share/my_world//models/bobeye/meshes/shoes03_diffuse.png
[9.283s] -- Installing: /home/cmarrod3/turtlebot3_ws/install/my_world/share/my_world//models/bobeye/meshes/brown_eye.png
[9.283s] -- Installing: /home/cmarrod3/turtlebot3_ws/install/my_world/share/my_world//models/bobeye/meshes/teeth.png
[9.288s] -- Installing: /home/cmarrod3/turtlebot3_ws/install/my_world/share/my_world//models/bobeye/model.config
[9.288s] -- Installing: /home/cmarrod3/turtlebot3_ws/install/my_world/share/my_world//models/bobeye/model.sdf
[9.289s] -- Installing: /home/cmarrod3/turtlebot3_ws/install/my_world/share/my_world//models/ball_bearing
[9.289s] -- Installing: /home/cmarrod3/turtlebot3_ws/install/my_world/share/my_world//models/ball_bearing/model.rsdf
[9.289s] -- Installing: /home/cmarrod3/turtlebot3_ws/install/my_world/share/my_world//models/ball_bearing/model.config
[9.289s] -- Installing: /home/cmarrod3/turtlebot3_ws/install/my_world/share/my_world//models/ball_bearing/model.sdf
[9.289s] -- Installing: /home/cmarrod3/turtlebot3_ws/install/my_world/share/my_world//models/cafe
[9.289s] -- Installing: /home/cmarrod3/turtlebot3_ws/install/my_world/share/my_world//models/cafe/meshes
[9.289s] -- Installing: /home/cmarrod3/turtlebot3_ws/install/my_world/share/my_world//models/cafe/meshes/cafe.dae
[9.292s] -- Installing: /home/cmarrod3/turtlebot3_ws/install/my_world/share/my_world//models/cafe/materials
[9.293s] -- Installing: /home/cmarrod3/turtlebot3_ws/install/my_world/share/my_world//models/cafe/materials/textures
[9.293s] -- Installing: /home/cmarrod3/turtlebot3_ws/install/my_world/share/my_world//models/cafe/materials/textures/__auto_29.jpg
[9.293s] -- Installing: /home/cmarrod3/turtlebot3_ws/install/my_world/share/my_world//models/cafe/materials/textures/__auto_21.jpg
[9.293s] -- Installing: /home/cmarrod3/turtlebot3_ws/install/my_world/share/my_world//models/cafe/materials/textures/__auto_10.jpg
[9.294s] -- Installing: /home/cmarrod3/turtlebot3_ws/install/my_world/share/my_world//models/cafe/materials/textures/__auto_26.jpg
[9.294s] -- Installing: /home/cmarrod3/turtlebot3_ws/install/my_world/share/my_world//models/cafe/materials/textures/__auto_28.jpg
[9.294s] -- Installing: /home/cmarrod3/turtlebot3_ws/install/my_world/share/my_world//models/cafe/materials/textures/__auto_37.jpg
[9.294s] -- Installing: /home/cmarrod3/turtlebot3_ws/install/my_world/share/my_world//models/cafe/materials/textures/__auto_2.jpg
[9.294s] -- Installing: /home/cmarrod3/turtlebot3_ws/install/my_world/share/my_world//models/cafe/materials/textures/__auto_35.jpg
[9.294s] -- Installing: /home/cmarrod3/turtlebot3_ws/install/my_world/share/my_world//models/cafe/materials/textures/__auto_22.jpg
[9.294s] -- Installing: /home/cmarrod3/turtlebot3_ws/install/my_world/share/my_world//models/cafe/materials/textures/__auto_23.jpg
[9.294s] -- Installing: /home/cmarrod3/turtlebot3_ws/install/my_world/share/my_world//models/cafe/materials/textures/__auto_34.jpg
[9.295s] -- Installing: /home/cmarrod3/turtlebot3_ws/install/my_world/share/my_world//models/cafe/materials/textures/__auto_24.jpg
[9.295s] -- Installing: /home/cmarrod3/turtlebot3_ws/install/my_world/share/my_world//models/cafe/materials/textures/__auto_25.jpg
[9.295s] -- Installing: /home/cmarrod3/turtlebot3_ws/install/my_world/share/my_world//models/cafe/materials/textures/__auto_30.jpg
[9.295s] -- Installing: /home/cmarrod3/turtlebot3_ws/install/my_world/share/my_world//models/cafe/materials/textures/__auto_31.jpg
[9.295s] -- Installing: /home/cmarrod3/turtlebot3_ws/install/my_world/share/my_world//models/cafe/model.config
[9.296s] -- Installing: /home/cmarrod3/turtlebot3_ws/install/my_world/share/my_world//models/cafe/model.sdf
[9.296s] -- Installing: /home/cmarrod3/turtlebot3_ws/install/my_world/share/my_world//models/warehouse_1
[9.296s] -- Installing: /home/cmarrod3/turtlebot3_ws/install/my_world/share/my_world//models/warehouse_1/meshes
[9.296s] -- Installing: /home/cmarrod3/turtlebot3_ws/install/my_world/share/my_world//models/warehouse_1/meshes/fetchit_env_version3.dae
[9.298s] -- Installing: /home/cmarrod3/turtlebot3_ws/install/my_world/share/my_world//models/warehouse_1/meshes/EandM.jpg
[9.299s] -- Installing: /home/cmarrod3/turtlebot3_ws/install/my_world/share/my_world//models/warehouse_1/meshes/SICK_V2_WHITE.jpg
[9.299s] -- Installing: /home/cmarrod3/turtlebot3_ws/install/my_world/share/my_world//models/warehouse_1/meshes/fetchit_env_version2.dae
[9.299s] -- Installing: /home/cmarrod3/turtlebot3_ws/install/my_world/share/my_world//models/warehouse_1/meshes/fetchit_manipulation_challenge_logo.png
[9.299s] -- Installing: /home/cmarrod3/turtlebot3_ws/install/my_world/share/my_world//models/warehouse_1/meshes/dummy.png
[9.299s] -- Installing: /home/cmarrod3/turtlebot3_ws/install/my_world/share/my_world//models/warehouse_1/meshes/icra2019-poster-image.png
[9.300s] -- Installing: /home/cmarrod3/turtlebot3_ws/install/my_world/share/my_world//models/warehouse_1/meshes/SCHUNK_logo.jpg
[9.300s] -- Installing: /home/cmarrod3/turtlebot3_ws/install/my_world/share/my_world//models/warehouse_1/meshes/Logo-SICK.jpg
[9.300s] -- Installing: /home/cmarrod3/turtlebot3_ws/install/my_world/share/my_world//models/warehouse_1/meshes/fetchit_env_version4.dae
[9.302s] -- Installing: /home/cmarrod3/turtlebot3_ws/install/my_world/share/my_world//models/warehouse_1/meshes/fetchit_env_version1.dae
[9.302s] -- Installing: /home/cmarrod3/turtlebot3_ws/install/my_world/share/my_world//models/warehouse_1/meshes/SICK_V2.png
[9.302s] -- Installing: /home/cmarrod3/turtlebot3_ws/install/my_world/share/my_world//models/warehouse_1/meshes/rock1.JPG
[9.303s] -- Installing: /home/cmarrod3/turtlebot3_ws/install/my_world/share/my_world//models/warehouse_1/meshes/FetchLogo-1024x388.png
[9.303s] -- Installing: /home/cmarrod3/turtlebot3_ws/install/my_world/share/my_world//models/warehouse_1/meshes/Logo-TheConstruct-primario-NEW-tagline-2.jpg
[9.303s] -- Installing: /home/cmarrod3/turtlebot3_ws/install/my_world/share/my_world//models/warehouse_1/meshes/warehouse_collision.stl
[9.303s] -- Installing: /home/cmarrod3/turtlebot3_ws/install/my_world/share/my_world//models/warehouse_1/meshes/box_labels.png
[9.304s] -- Installing: /home/cmarrod3/turtlebot3_ws/install/my_world/share/my_world//models/warehouse_1/model.config
[9.304s] -- Installing: /home/cmarrod3/turtlebot3_ws/install/my_world/share/my_world//models/warehouse_1/model.sdf
[9.304s] -- Installing: /home/cmarrod3/turtlebot3_ws/install/my_world/share/my_world//world
[9.304s] -- Installing: /home/cmarrod3/turtlebot3_ws/install/my_world/share/my_world//world/burger_pi.model
[9.304s] -- Installing: /home/cmarrod3/turtlebot3_ws/install/my_world/share/my_world//world/burger.model
[9.304s] -- Installing: /home/cmarrod3/turtlebot3_ws/install/my_world/share/my_world//urdf
[9.304s] -- Installing: /home/cmarrod3/turtlebot3_ws/install/my_world/share/my_world//urdf/turtlebot3_burger_pi.urdf
[9.304s] -- Installing: /home/cmarrod3/turtlebot3_ws/install/my_world/share/my_world//urdf/turtlebot3_burger.urdf
[9.305s] -- Installing: /home/cmarrod3/turtlebot3_ws/install/my_world/include/
[9.305s] -- Installing: /home/cmarrod3/turtlebot3_ws/install/my_world/share/ament_index/resource_index/package_run_dependencies/my_world
[9.305s] -- Installing: /home/cmarrod3/turtlebot3_ws/install/my_world/share/ament_index/resource_index/parent_prefix_path/my_world
[9.306s] -- Installing: /home/cmarrod3/turtlebot3_ws/install/my_world/share/my_world/environment/ament_prefix_path.sh
[9.306s] -- Installing: /home/cmarrod3/turtlebot3_ws/install/my_world/share/my_world/environment/ament_prefix_path.dsv
[9.306s] -- Installing: /home/cmarrod3/turtlebot3_ws/install/my_world/share/my_world/environment/path.sh
[9.306s] -- Installing: /home/cmarrod3/turtlebot3_ws/install/my_world/share/my_world/environment/path.dsv
[9.307s] -- Installing: /home/cmarrod3/turtlebot3_ws/install/my_world/share/my_world/local_setup.bash
[9.307s] -- Installing: /home/cmarrod3/turtlebot3_ws/install/my_world/share/my_world/local_setup.sh
[9.307s] -- Installing: /home/cmarrod3/turtlebot3_ws/install/my_world/share/my_world/local_setup.zsh
[9.308s] -- Installing: /home/cmarrod3/turtlebot3_ws/install/my_world/share/my_world/local_setup.dsv
[9.308s] -- Installing: /home/cmarrod3/turtlebot3_ws/install/my_world/share/my_world/package.dsv
[9.309s] -- Installing: /home/cmarrod3/turtlebot3_ws/install/my_world/share/ament_index/resource_index/packages/my_world
[9.309s] -- Installing: /home/cmarrod3/turtlebot3_ws/install/my_world/share/my_world/cmake/ament_cmake_export_include_directories-extras.cmake
[9.309s] -- Installing: /home/cmarrod3/turtlebot3_ws/install/my_world/share/my_world/cmake/ament_cmake_export_dependencies-extras.cmake
[9.309s] -- Installing: /home/cmarrod3/turtlebot3_ws/install/my_world/share/my_world/cmake/my_worldConfig.cmake
[9.309s] -- Installing: /home/cmarrod3/turtlebot3_ws/install/my_world/share/my_world/cmake/my_worldConfig-version.cmake
[9.309s] -- Installing: /home/cmarrod3/turtlebot3_ws/install/my_world/share/my_world/package.xml
[9.312s] Invoked command in '/home/cmarrod3/turtlebot3_ws/build/my_world' returned '0': CMAKE_PREFIX_PATH=/home/cmarrod3/turtlebot3_ws/install/turtlebot3_gazebo:/home/cmarrod3/turtlebot3_ws/install/turtlebot3_simulations:/home/cmarrod3/turtlebot3_ws/install/turtlebot3_fake_node:/home/cmarrod3/turtlebot3_ws/install/my_first_subscriber:/home/cmarrod3/turtlebot3_ws/install/my_first_publisher:/home/cmarrod3/turtlebot3_ws/install/my_first_node:/opt/ros/galactic /usr/bin/cmake --install /home/cmarrod3/turtlebot3_ws/build/my_world
