[0.320s] Invoking command in '/home/dmpasgal/Clothy/build/turtlebot3_fake_node': CMAKE_PREFIX_PATH=${CMAKE_PREFIX_PATH}:/home/dmpasgal/turtlebot3_ws/install/show_msg:/home/dmpasgal/turtlebot3_ws/install/my_first_subscriber:/home/dmpasgal/turtlebot3_ws/install/my_first_publisher:/home/dmpasgal/turtlebot3_ws/install/my_first_node:/home/dmpasgal/turtlebot3_ws/src/install/show_msg:/opt/ros/galactic /usr/bin/cmake --build /home/dmpasgal/Clothy/build/turtlebot3_fake_node -- -j4 -l4
[0.536s] [100%] Built target turtlebot3_fake_node
[0.679s] Invoked command in '/home/dmpasgal/Clothy/build/turtlebot3_fake_node' returned '0': CMAKE_PREFIX_PATH=${CMAKE_PREFIX_PATH}:/home/dmpasgal/turtlebot3_ws/install/show_msg:/home/dmpasgal/turtlebot3_ws/install/my_first_subscriber:/home/dmpasgal/turtlebot3_ws/install/my_first_publisher:/home/dmpasgal/turtlebot3_ws/install/my_first_node:/home/dmpasgal/turtlebot3_ws/src/install/show_msg:/opt/ros/galactic /usr/bin/cmake --build /home/dmpasgal/Clothy/build/turtlebot3_fake_node -- -j4 -l4
[0.730s] Invoking command in '/home/dmpasgal/Clothy/build/turtlebot3_fake_node': CMAKE_PREFIX_PATH=${CMAKE_PREFIX_PATH}:/home/dmpasgal/turtlebot3_ws/install/show_msg:/home/dmpasgal/turtlebot3_ws/install/my_first_subscriber:/home/dmpasgal/turtlebot3_ws/install/my_first_publisher:/home/dmpasgal/turtlebot3_ws/install/my_first_node:/home/dmpasgal/turtlebot3_ws/src/install/show_msg:/opt/ros/galactic /usr/bin/cmake --install /home/dmpasgal/Clothy/build/turtlebot3_fake_node
[0.741s] -- Install configuration: ""
[0.748s] -- Up-to-date: /home/dmpasgal/Clothy/install/turtlebot3_fake_node/lib/turtlebot3_fake_node/turtlebot3_fake_node
[0.749s] -- Up-to-date: /home/dmpasgal/Clothy/install/turtlebot3_fake_node/share/turtlebot3_fake_node/launch
[0.751s] -- Up-to-date: /home/dmpasgal/Clothy/install/turtlebot3_fake_node/share/turtlebot3_fake_node/launch/rviz2.launch.py
[0.751s] -- Up-to-date: /home/dmpasgal/Clothy/install/turtlebot3_fake_node/share/turtlebot3_fake_node/launch/turtlebot3_fake_node.launch.py
[0.751s] -- Up-to-date: /home/dmpasgal/Clothy/install/turtlebot3_fake_node/share/turtlebot3_fake_node/param
[0.752s] -- Up-to-date: /home/dmpasgal/Clothy/install/turtlebot3_fake_node/share/turtlebot3_fake_node/param/waffle.yaml
[0.752s] -- Up-to-date: /home/dmpasgal/Clothy/install/turtlebot3_fake_node/share/turtlebot3_fake_node/param/burger.yaml
[0.752s] -- Up-to-date: /home/dmpasgal/Clothy/install/turtlebot3_fake_node/share/turtlebot3_fake_node/param/waffle_pi.yaml
[0.752s] -- Up-to-date: /home/dmpasgal/Clothy/install/turtlebot3_fake_node/include/
[0.753s] -- Up-to-date: /home/dmpasgal/Clothy/install/turtlebot3_fake_node/include//turtlebot3_fake_node
[0.753s] -- Up-to-date: /home/dmpasgal/Clothy/install/turtlebot3_fake_node/include//turtlebot3_fake_node/turtlebot3_fake_node.hpp
[0.755s] -- Up-to-date: /home/dmpasgal/Clothy/install/turtlebot3_fake_node/share/ament_index/resource_index/package_run_dependencies/turtlebot3_fake_node
[0.755s] -- Up-to-date: /home/dmpasgal/Clothy/install/turtlebot3_fake_node/share/ament_index/resource_index/parent_prefix_path/turtlebot3_fake_node
[0.756s] -- Up-to-date: /home/dmpasgal/Clothy/install/turtlebot3_fake_node/share/turtlebot3_fake_node/environment/ament_prefix_path.sh
[0.756s] -- Up-to-date: /home/dmpasgal/Clothy/install/turtlebot3_fake_node/share/turtlebot3_fake_node/environment/ament_prefix_path.dsv
[0.757s] -- Up-to-date: /home/dmpasgal/Clothy/install/turtlebot3_fake_node/share/turtlebot3_fake_node/environment/path.sh
[0.758s] -- Up-to-date: /home/dmpasgal/Clothy/install/turtlebot3_fake_node/share/turtlebot3_fake_node/environment/path.dsv
[0.758s] -- Up-to-date: /home/dmpasgal/Clothy/install/turtlebot3_fake_node/share/turtlebot3_fake_node/local_setup.bash
[0.758s] -- Up-to-date: /home/dmpasgal/Clothy/install/turtlebot3_fake_node/share/turtlebot3_fake_node/local_setup.sh
[0.758s] -- Up-to-date: /home/dmpasgal/Clothy/install/turtlebot3_fake_node/share/turtlebot3_fake_node/local_setup.zsh
[0.759s] -- Up-to-date: /home/dmpasgal/Clothy/install/turtlebot3_fake_node/share/turtlebot3_fake_node/local_setup.dsv
[0.759s] -- Installing: /home/dmpasgal/Clothy/install/turtlebot3_fake_node/share/turtlebot3_fake_node/package.dsv
[0.765s] -- Up-to-date: /home/dmpasgal/Clothy/install/turtlebot3_fake_node/share/ament_index/resource_index/packages/turtlebot3_fake_node
[0.766s] -- Up-to-date: /home/dmpasgal/Clothy/install/turtlebot3_fake_node/share/turtlebot3_fake_node/cmake/ament_cmake_export_include_directories-extras.cmake
[0.766s] -- Up-to-date: /home/dmpasgal/Clothy/install/turtlebot3_fake_node/share/turtlebot3_fake_node/cmake/ament_cmake_export_dependencies-extras.cmake
[0.766s] -- Up-to-date: /home/dmpasgal/Clothy/install/turtlebot3_fake_node/share/turtlebot3_fake_node/cmake/turtlebot3_fake_nodeConfig.cmake
[0.766s] -- Up-to-date: /home/dmpasgal/Clothy/install/turtlebot3_fake_node/share/turtlebot3_fake_node/cmake/turtlebot3_fake_nodeConfig-version.cmake
[0.766s] -- Up-to-date: /home/dmpasgal/Clothy/install/turtlebot3_fake_node/share/turtlebot3_fake_node/package.xml
[0.775s] Invoked command in '/home/dmpasgal/Clothy/build/turtlebot3_fake_node' returned '0': CMAKE_PREFIX_PATH=${CMAKE_PREFIX_PATH}:/home/dmpasgal/turtlebot3_ws/install/show_msg:/home/dmpasgal/turtlebot3_ws/install/my_first_subscriber:/home/dmpasgal/turtlebot3_ws/install/my_first_publisher:/home/dmpasgal/turtlebot3_ws/install/my_first_node:/home/dmpasgal/turtlebot3_ws/src/install/show_msg:/opt/ros/galactic /usr/bin/cmake --install /home/dmpasgal/Clothy/build/turtlebot3_fake_node
