[0.868s] Invoking command in '/home/cmarrod3/turtlebot3_ws/src/my_first_publisher': PYTHONPATH=/home/cmarrod3/turtlebot3_ws/build/my_first_publisher/prefix_override:/home/cmarrod3/turtlebot3_ws/install/my_first_publisher/lib/python3.8/site-packages:${PYTHONPATH} /usr/bin/python3 setup.py egg_info --egg-base ../../build/my_first_publisher build --build-base /home/cmarrod3/turtlebot3_ws/build/my_first_publisher/build install --record /home/cmarrod3/turtlebot3_ws/build/my_first_publisher/install.log --single-version-externally-managed
[1.000s] running egg_info
[1.001s] writing ../../build/my_first_publisher/my_first_publisher.egg-info/PKG-INFO
[1.002s] writing dependency_links to ../../build/my_first_publisher/my_first_publisher.egg-info/dependency_links.txt
[1.002s] writing entry points to ../../build/my_first_publisher/my_first_publisher.egg-info/entry_points.txt
[1.003s] writing requirements to ../../build/my_first_publisher/my_first_publisher.egg-info/requires.txt
[1.003s] writing top-level names to ../../build/my_first_publisher/my_first_publisher.egg-info/top_level.txt
[1.024s] reading manifest file '../../build/my_first_publisher/my_first_publisher.egg-info/SOURCES.txt'
[1.025s] writing manifest file '../../build/my_first_publisher/my_first_publisher.egg-info/SOURCES.txt'
[1.025s] running build
[1.026s] running build_py
[1.027s] running install
[1.027s] running install_lib
[1.028s] running install_data
[1.029s] running install_egg_info
[1.030s] removing '/home/cmarrod3/turtlebot3_ws/install/my_first_publisher/lib/python3.8/site-packages/my_first_publisher-0.0.0-py3.8.egg-info' (and everything under it)
[1.030s] Copying ../../build/my_first_publisher/my_first_publisher.egg-info to /home/cmarrod3/turtlebot3_ws/install/my_first_publisher/lib/python3.8/site-packages/my_first_publisher-0.0.0-py3.8.egg-info
[1.031s] running install_scripts
[1.043s] Installing simple_publisher script to /home/cmarrod3/turtlebot3_ws/install/my_first_publisher/lib/my_first_publisher
[1.043s] writing list of installed files to '/home/cmarrod3/turtlebot3_ws/build/my_first_publisher/install.log'
[1.220s] Invoked command in '/home/cmarrod3/turtlebot3_ws/src/my_first_publisher' returned '0': PYTHONPATH=/home/cmarrod3/turtlebot3_ws/build/my_first_publisher/prefix_override:/home/cmarrod3/turtlebot3_ws/install/my_first_publisher/lib/python3.8/site-packages:${PYTHONPATH} /usr/bin/python3 setup.py egg_info --egg-base ../../build/my_first_publisher build --build-base /home/cmarrod3/turtlebot3_ws/build/my_first_publisher/build install --record /home/cmarrod3/turtlebot3_ws/build/my_first_publisher/install.log --single-version-externally-managed
