[0.847s] Invoking command in '/home/dmpasgal/Clothy/ROS/turtlebot3_ws/src/provide_map': PYTHONPATH=/home/dmpasgal/Clothy/ROS/turtlebot3_ws/src/build/provide_map/prefix_override:/home/dmpasgal/Clothy/ROS/turtlebot3_ws/src/install/provide_map/lib/python3.8/site-packages:${PYTHONPATH} /usr/bin/python3 setup.py egg_info --egg-base ../build/provide_map build --build-base /home/dmpasgal/Clothy/ROS/turtlebot3_ws/src/build/provide_map/build install --record /home/dmpasgal/Clothy/ROS/turtlebot3_ws/src/build/provide_map/install.log --single-version-externally-managed
[0.986s] running egg_info
[0.987s] writing ../build/provide_map/provide_map.egg-info/PKG-INFO
[0.990s] writing dependency_links to ../build/provide_map/provide_map.egg-info/dependency_links.txt
[0.991s] writing entry points to ../build/provide_map/provide_map.egg-info/entry_points.txt
[0.992s] writing requirements to ../build/provide_map/provide_map.egg-info/requires.txt
[0.992s] writing top-level names to ../build/provide_map/provide_map.egg-info/top_level.txt
[1.016s] reading manifest file '../build/provide_map/provide_map.egg-info/SOURCES.txt'
[1.017s] writing manifest file '../build/provide_map/provide_map.egg-info/SOURCES.txt'
[1.018s] running build
[1.018s] running build_py
[1.018s] running install
[1.018s] running install_lib
[1.019s] running install_data
[1.020s] running install_egg_info
[1.021s] removing '/home/dmpasgal/Clothy/ROS/turtlebot3_ws/src/install/provide_map/lib/python3.8/site-packages/provide_map-0.0.0-py3.8.egg-info' (and everything under it)
[1.021s] Copying ../build/provide_map/provide_map.egg-info to /home/dmpasgal/Clothy/ROS/turtlebot3_ws/src/install/provide_map/lib/python3.8/site-packages/provide_map-0.0.0-py3.8.egg-info
[1.022s] running install_scripts
[1.034s] writing list of installed files to '/home/dmpasgal/Clothy/ROS/turtlebot3_ws/src/build/provide_map/install.log'
[1.058s] Invoked command in '/home/dmpasgal/Clothy/ROS/turtlebot3_ws/src/provide_map' returned '0': PYTHONPATH=/home/dmpasgal/Clothy/ROS/turtlebot3_ws/src/build/provide_map/prefix_override:/home/dmpasgal/Clothy/ROS/turtlebot3_ws/src/install/provide_map/lib/python3.8/site-packages:${PYTHONPATH} /usr/bin/python3 setup.py egg_info --egg-base ../build/provide_map build --build-base /home/dmpasgal/Clothy/ROS/turtlebot3_ws/src/build/provide_map/build install --record /home/dmpasgal/Clothy/ROS/turtlebot3_ws/src/build/provide_map/install.log --single-version-externally-managed
