[1.250s] Invoking command in '/home/dmpasgal/Clothy/ROS/turtlebot3_ws/src/my_slam': PYTHONPATH=/home/dmpasgal/Clothy/ROS/turtlebot3_ws/src/build/my_slam/prefix_override:/home/dmpasgal/Clothy/ROS/turtlebot3_ws/src/install/my_slam/lib/python3.8/site-packages:${PYTHONPATH} /usr/bin/python3 setup.py egg_info --egg-base ../build/my_slam build --build-base /home/dmpasgal/Clothy/ROS/turtlebot3_ws/src/build/my_slam/build install --record /home/dmpasgal/Clothy/ROS/turtlebot3_ws/src/build/my_slam/install.log --single-version-externally-managed
[1.744s] running egg_info
[1.748s] writing ../build/my_slam/my_slam.egg-info/PKG-INFO
[1.748s] writing dependency_links to ../build/my_slam/my_slam.egg-info/dependency_links.txt
[1.748s] writing entry points to ../build/my_slam/my_slam.egg-info/entry_points.txt
[1.748s] writing requirements to ../build/my_slam/my_slam.egg-info/requires.txt
[1.748s] writing top-level names to ../build/my_slam/my_slam.egg-info/top_level.txt
[1.791s] reading manifest file '../build/my_slam/my_slam.egg-info/SOURCES.txt'
[1.792s] writing manifest file '../build/my_slam/my_slam.egg-info/SOURCES.txt'
[1.792s] running build
[1.792s] running build_py
[1.793s] running install
[1.793s] running install_lib
[1.794s] running install_data
[1.795s] running install_egg_info
[1.796s] removing '/home/dmpasgal/Clothy/ROS/turtlebot3_ws/src/install/my_slam/lib/python3.8/site-packages/my_slam-0.0.0-py3.8.egg-info' (and everything under it)
[1.796s] Copying ../build/my_slam/my_slam.egg-info to /home/dmpasgal/Clothy/ROS/turtlebot3_ws/src/install/my_slam/lib/python3.8/site-packages/my_slam-0.0.0-py3.8.egg-info
[1.849s] running install_scripts
[1.852s] writing list of installed files to '/home/dmpasgal/Clothy/ROS/turtlebot3_ws/src/build/my_slam/install.log'
[2.465s] Invoked command in '/home/dmpasgal/Clothy/ROS/turtlebot3_ws/src/my_slam' returned '0': PYTHONPATH=/home/dmpasgal/Clothy/ROS/turtlebot3_ws/src/build/my_slam/prefix_override:/home/dmpasgal/Clothy/ROS/turtlebot3_ws/src/install/my_slam/lib/python3.8/site-packages:${PYTHONPATH} /usr/bin/python3 setup.py egg_info --egg-base ../build/my_slam build --build-base /home/dmpasgal/Clothy/ROS/turtlebot3_ws/src/build/my_slam/build install --record /home/dmpasgal/Clothy/ROS/turtlebot3_ws/src/build/my_slam/install.log --single-version-externally-managed
