[0.151s] Invoking command in '/home/dmpasgal/Clothy/build/turtlebot3_simulations': AMENT_PREFIX_PATH=/home/dmpasgal/Clothy/install/turtlebot3_fake_node:${AMENT_PREFIX_PATH} CMAKE_PREFIX_PATH=/home/dmpasgal/Clothy/install/turtlebot3_fake_node:/home/dmpasgal/turtlebot3_ws/install/turtlebot3_simulations:/home/dmpasgal/turtlebot3_ws/install/turtlebot3_gazebo:/home/dmpasgal/turtlebot3_ws/install/turtlebot3_fake_node:/home/dmpasgal/turtlebot3_ws/install/package_name:/home/dmpasgal/turtlebot3_ws/install/custom_interface:/home/dmpasgal/turtlebot3_ws/install/show_msg:/home/dmpasgal/turtlebot3_ws/install/my_first_subscriber:/home/dmpasgal/turtlebot3_ws/install/my_first_publisher:/home/dmpasgal/turtlebot3_ws/install/my_first_node:/home/dmpasgal/turtlebot3_ws/src/install/show_msg:/opt/ros/galactic /usr/bin/cmake /home/dmpasgal/Clothy/ROS/turtlebot3_ws/src/turtlebot3_simulations/turtlebot3_simulations -DCMAKE_INSTALL_PREFIX=/home/dmpasgal/Clothy/install/turtlebot3_simulations
[0.460s] -- The C compiler identification is GNU 9.4.0
[0.642s] -- The CXX compiler identification is GNU 9.4.0
[0.655s] -- Check for working C compiler: /usr/bin/cc
[0.714s] -- Check for working C compiler: /usr/bin/cc -- works
[0.718s] -- Detecting C compiler ABI info
[0.784s] -- Detecting C compiler ABI info - done
[0.791s] -- Detecting C compile features
[0.792s] -- Detecting C compile features - done
[0.796s] -- Check for working CXX compiler: /usr/bin/c++
[0.860s] -- Check for working CXX compiler: /usr/bin/c++ -- works
[0.860s] -- Detecting CXX compiler ABI info
[0.925s] -- Detecting CXX compiler ABI info - done
[0.933s] -- Detecting CXX compile features
[0.933s] -- Detecting CXX compile features - done
[0.946s] -- Found ament_cmake: 1.1.6 (/opt/ros/galactic/share/ament_cmake/cmake)
[0.976s] -- Found PythonInterp: /usr/bin/python3 (found suitable version "3.8.10", minimum required is "3") 
[0.976s] -- Using PYTHON_EXECUTABLE: /usr/bin/python3
[1.136s] -- Configuring done
[1.137s] -- Generating done
[1.137s] -- Build files have been written to: /home/dmpasgal/Clothy/build/turtlebot3_simulations
[1.142s] Invoked command in '/home/dmpasgal/Clothy/build/turtlebot3_simulations' returned '0': AMENT_PREFIX_PATH=/home/dmpasgal/Clothy/install/turtlebot3_fake_node:${AMENT_PREFIX_PATH} CMAKE_PREFIX_PATH=/home/dmpasgal/Clothy/install/turtlebot3_fake_node:/home/dmpasgal/turtlebot3_ws/install/turtlebot3_simulations:/home/dmpasgal/turtlebot3_ws/install/turtlebot3_gazebo:/home/dmpasgal/turtlebot3_ws/install/turtlebot3_fake_node:/home/dmpasgal/turtlebot3_ws/install/package_name:/home/dmpasgal/turtlebot3_ws/install/custom_interface:/home/dmpasgal/turtlebot3_ws/install/show_msg:/home/dmpasgal/turtlebot3_ws/install/my_first_subscriber:/home/dmpasgal/turtlebot3_ws/install/my_first_publisher:/home/dmpasgal/turtlebot3_ws/install/my_first_node:/home/dmpasgal/turtlebot3_ws/src/install/show_msg:/opt/ros/galactic /usr/bin/cmake /home/dmpasgal/Clothy/ROS/turtlebot3_ws/src/turtlebot3_simulations/turtlebot3_simulations -DCMAKE_INSTALL_PREFIX=/home/dmpasgal/Clothy/install/turtlebot3_simulations
[1.143s] Invoking command in '/home/dmpasgal/Clothy/build/turtlebot3_simulations': AMENT_PREFIX_PATH=/home/dmpasgal/Clothy/install/turtlebot3_fake_node:${AMENT_PREFIX_PATH} CMAKE_PREFIX_PATH=/home/dmpasgal/Clothy/install/turtlebot3_fake_node:/home/dmpasgal/turtlebot3_ws/install/turtlebot3_simulations:/home/dmpasgal/turtlebot3_ws/install/turtlebot3_gazebo:/home/dmpasgal/turtlebot3_ws/install/turtlebot3_fake_node:/home/dmpasgal/turtlebot3_ws/install/package_name:/home/dmpasgal/turtlebot3_ws/install/custom_interface:/home/dmpasgal/turtlebot3_ws/install/show_msg:/home/dmpasgal/turtlebot3_ws/install/my_first_subscriber:/home/dmpasgal/turtlebot3_ws/install/my_first_publisher:/home/dmpasgal/turtlebot3_ws/install/my_first_node:/home/dmpasgal/turtlebot3_ws/src/install/show_msg:/opt/ros/galactic /usr/bin/cmake --build /home/dmpasgal/Clothy/build/turtlebot3_simulations -- -j4 -l4
[1.174s] Invoked command in '/home/dmpasgal/Clothy/build/turtlebot3_simulations' returned '0': AMENT_PREFIX_PATH=/home/dmpasgal/Clothy/install/turtlebot3_fake_node:${AMENT_PREFIX_PATH} CMAKE_PREFIX_PATH=/home/dmpasgal/Clothy/install/turtlebot3_fake_node:/home/dmpasgal/turtlebot3_ws/install/turtlebot3_simulations:/home/dmpasgal/turtlebot3_ws/install/turtlebot3_gazebo:/home/dmpasgal/turtlebot3_ws/install/turtlebot3_fake_node:/home/dmpasgal/turtlebot3_ws/install/package_name:/home/dmpasgal/turtlebot3_ws/install/custom_interface:/home/dmpasgal/turtlebot3_ws/install/show_msg:/home/dmpasgal/turtlebot3_ws/install/my_first_subscriber:/home/dmpasgal/turtlebot3_ws/install/my_first_publisher:/home/dmpasgal/turtlebot3_ws/install/my_first_node:/home/dmpasgal/turtlebot3_ws/src/install/show_msg:/opt/ros/galactic /usr/bin/cmake --build /home/dmpasgal/Clothy/build/turtlebot3_simulations -- -j4 -l4
[1.207s] Invoking command in '/home/dmpasgal/Clothy/build/turtlebot3_simulations': AMENT_PREFIX_PATH=/home/dmpasgal/Clothy/install/turtlebot3_fake_node:${AMENT_PREFIX_PATH} CMAKE_PREFIX_PATH=/home/dmpasgal/Clothy/install/turtlebot3_fake_node:/home/dmpasgal/turtlebot3_ws/install/turtlebot3_simulations:/home/dmpasgal/turtlebot3_ws/install/turtlebot3_gazebo:/home/dmpasgal/turtlebot3_ws/install/turtlebot3_fake_node:/home/dmpasgal/turtlebot3_ws/install/package_name:/home/dmpasgal/turtlebot3_ws/install/custom_interface:/home/dmpasgal/turtlebot3_ws/install/show_msg:/home/dmpasgal/turtlebot3_ws/install/my_first_subscriber:/home/dmpasgal/turtlebot3_ws/install/my_first_publisher:/home/dmpasgal/turtlebot3_ws/install/my_first_node:/home/dmpasgal/turtlebot3_ws/src/install/show_msg:/opt/ros/galactic /usr/bin/cmake --install /home/dmpasgal/Clothy/build/turtlebot3_simulations
[1.213s] -- Install configuration: ""
[1.213s] -- Installing: /home/dmpasgal/Clothy/install/turtlebot3_simulations/share/ament_index/resource_index/package_run_dependencies/turtlebot3_simulations
[1.214s] -- Installing: /home/dmpasgal/Clothy/install/turtlebot3_simulations/share/ament_index/resource_index/parent_prefix_path/turtlebot3_simulations
[1.214s] -- Installing: /home/dmpasgal/Clothy/install/turtlebot3_simulations/share/turtlebot3_simulations/environment/ament_prefix_path.sh
[1.214s] -- Installing: /home/dmpasgal/Clothy/install/turtlebot3_simulations/share/turtlebot3_simulations/environment/ament_prefix_path.dsv
[1.215s] -- Installing: /home/dmpasgal/Clothy/install/turtlebot3_simulations/share/turtlebot3_simulations/environment/path.sh
[1.215s] -- Installing: /home/dmpasgal/Clothy/install/turtlebot3_simulations/share/turtlebot3_simulations/environment/path.dsv
[1.215s] -- Installing: /home/dmpasgal/Clothy/install/turtlebot3_simulations/share/turtlebot3_simulations/local_setup.bash
[1.216s] -- Installing: /home/dmpasgal/Clothy/install/turtlebot3_simulations/share/turtlebot3_simulations/local_setup.sh
[1.216s] -- Installing: /home/dmpasgal/Clothy/install/turtlebot3_simulations/share/turtlebot3_simulations/local_setup.zsh
[1.216s] -- Installing: /home/dmpasgal/Clothy/install/turtlebot3_simulations/share/turtlebot3_simulations/local_setup.dsv
[1.216s] -- Installing: /home/dmpasgal/Clothy/install/turtlebot3_simulations/share/turtlebot3_simulations/package.dsv
[1.217s] -- Installing: /home/dmpasgal/Clothy/install/turtlebot3_simulations/share/ament_index/resource_index/packages/turtlebot3_simulations
[1.217s] -- Installing: /home/dmpasgal/Clothy/install/turtlebot3_simulations/share/turtlebot3_simulations/cmake/turtlebot3_simulationsConfig.cmake
[1.217s] -- Installing: /home/dmpasgal/Clothy/install/turtlebot3_simulations/share/turtlebot3_simulations/cmake/turtlebot3_simulationsConfig-version.cmake
[1.217s] -- Installing: /home/dmpasgal/Clothy/install/turtlebot3_simulations/share/turtlebot3_simulations/package.xml
[1.219s] Invoked command in '/home/dmpasgal/Clothy/build/turtlebot3_simulations' returned '0': AMENT_PREFIX_PATH=/home/dmpasgal/Clothy/install/turtlebot3_fake_node:${AMENT_PREFIX_PATH} CMAKE_PREFIX_PATH=/home/dmpasgal/Clothy/install/turtlebot3_fake_node:/home/dmpasgal/turtlebot3_ws/install/turtlebot3_simulations:/home/dmpasgal/turtlebot3_ws/install/turtlebot3_gazebo:/home/dmpasgal/turtlebot3_ws/install/turtlebot3_fake_node:/home/dmpasgal/turtlebot3_ws/install/package_name:/home/dmpasgal/turtlebot3_ws/install/custom_interface:/home/dmpasgal/turtlebot3_ws/install/show_msg:/home/dmpasgal/turtlebot3_ws/install/my_first_subscriber:/home/dmpasgal/turtlebot3_ws/install/my_first_publisher:/home/dmpasgal/turtlebot3_ws/install/my_first_node:/home/dmpasgal/turtlebot3_ws/src/install/show_msg:/opt/ros/galactic /usr/bin/cmake --install /home/dmpasgal/Clothy/build/turtlebot3_simulations
