[0.673s] Invoking command in '/home/cmarrod3/turtlebot3_ws/src/my_slam': PYTHONPATH=/home/cmarrod3/turtlebot3_ws/build/my_slam/prefix_override:/home/cmarrod3/turtlebot3_ws/install/my_slam/lib/python3.8/site-packages:${PYTHONPATH} /usr/bin/python3 setup.py egg_info --egg-base ../../build/my_slam build --build-base /home/cmarrod3/turtlebot3_ws/build/my_slam/build install --record /home/cmarrod3/turtlebot3_ws/build/my_slam/install.log --single-version-externally-managed
[0.827s] running egg_info
[0.828s] writing ../../build/my_slam/my_slam.egg-info/PKG-INFO
[0.828s] writing dependency_links to ../../build/my_slam/my_slam.egg-info/dependency_links.txt
[0.829s] writing entry points to ../../build/my_slam/my_slam.egg-info/entry_points.txt
[0.829s] writing requirements to ../../build/my_slam/my_slam.egg-info/requires.txt
[0.829s] writing top-level names to ../../build/my_slam/my_slam.egg-info/top_level.txt
[0.853s] reading manifest file '../../build/my_slam/my_slam.egg-info/SOURCES.txt'
[0.854s] writing manifest file '../../build/my_slam/my_slam.egg-info/SOURCES.txt'
[0.854s] running build
[0.855s] running build_py
[0.855s] running install
[0.856s] running install_lib
[0.857s] running install_data
[0.858s] copying map/my_map.pgm -> /home/cmarrod3/turtlebot3_ws/install/my_slam/share/my_slam/map
[0.858s] copying map/my_map.yaml -> /home/cmarrod3/turtlebot3_ws/install/my_slam/share/my_slam/map
[0.858s] running install_egg_info
[0.860s] removing '/home/cmarrod3/turtlebot3_ws/install/my_slam/lib/python3.8/site-packages/my_slam-0.0.0-py3.8.egg-info' (and everything under it)
[0.869s] Copying ../../build/my_slam/my_slam.egg-info to /home/cmarrod3/turtlebot3_ws/install/my_slam/lib/python3.8/site-packages/my_slam-0.0.0-py3.8.egg-info
[0.873s] running install_scripts
[0.886s] writing list of installed files to '/home/cmarrod3/turtlebot3_ws/build/my_slam/install.log'
[0.900s] Invoked command in '/home/cmarrod3/turtlebot3_ws/src/my_slam' returned '0': PYTHONPATH=/home/cmarrod3/turtlebot3_ws/build/my_slam/prefix_override:/home/cmarrod3/turtlebot3_ws/install/my_slam/lib/python3.8/site-packages:${PYTHONPATH} /usr/bin/python3 setup.py egg_info --egg-base ../../build/my_slam build --build-base /home/cmarrod3/turtlebot3_ws/build/my_slam/build install --record /home/cmarrod3/turtlebot3_ws/build/my_slam/install.log --single-version-externally-managed
