[0.624s] Invoking command in '/home/cmarrod3/turtlebot3_ws/src/show_msg': CMAKE_PREFIX_PATH=/home/cmarrod3/turtlebot3_ws/install/custom_interface:/home/cmarrod3/turtlebot3_ws/install/turtlebot3_simulations:/home/cmarrod3/turtlebot3_ws/install/turtlebot3_gazebo:/home/cmarrod3/turtlebot3_ws/install/turtlebot3_fake_node PYTHONPATH=/home/cmarrod3/turtlebot3_ws/build/show_msg/prefix_override:/home/cmarrod3/turtlebot3_ws/install/show_msg/lib/python3.8/site-packages:/home/cmarrod3/turtlebot3_ws/install/custom_interface/lib/python3.8/site-packages:/home/cmarrod3/turtlebot3_ws/install/show_msg/lib/python3.8/site-packages:/home/cmarrod3/turtlebot3_ws/install/my_first_subscriber/lib/python3.8/site-packages:/home/cmarrod3/turtlebot3_ws/install/my_first_publisher/lib/python3.8/site-packages:/home/cmarrod3/turtlebot3_ws/install/my_first_node/lib/python3.8/site-packages:/opt/ros/galactic/lib/python3.8/site-packages /usr/bin/python3 setup.py egg_info --egg-base ../../build/show_msg build --build-base /home/cmarrod3/turtlebot3_ws/build/show_msg/build install --record /home/cmarrod3/turtlebot3_ws/build/show_msg/install.log --single-version-externally-managed
[0.783s] running egg_info
[0.783s] writing ../../build/show_msg/show_msg.egg-info/PKG-INFO
[0.784s] writing dependency_links to ../../build/show_msg/show_msg.egg-info/dependency_links.txt
[0.784s] writing entry points to ../../build/show_msg/show_msg.egg-info/entry_points.txt
[0.784s] writing requirements to ../../build/show_msg/show_msg.egg-info/requires.txt
[0.785s] writing top-level names to ../../build/show_msg/show_msg.egg-info/top_level.txt
[0.808s] reading manifest file '../../build/show_msg/show_msg.egg-info/SOURCES.txt'
[0.809s] writing manifest file '../../build/show_msg/show_msg.egg-info/SOURCES.txt'
[0.809s] running build
[0.809s] running build_py
[0.809s] running install
[0.810s] running install_lib
[0.811s] running install_data
[0.811s] copying launch/show_msg_param.launch.py -> /home/cmarrod3/turtlebot3_ws/install/show_msg/share/show_msg
[0.811s] running install_egg_info
[0.818s] removing '/home/cmarrod3/turtlebot3_ws/install/show_msg/lib/python3.8/site-packages/show_msg-0.0.0-py3.8.egg-info' (and everything under it)
[0.818s] Copying ../../build/show_msg/show_msg.egg-info to /home/cmarrod3/turtlebot3_ws/install/show_msg/lib/python3.8/site-packages/show_msg-0.0.0-py3.8.egg-info
[0.820s] running install_scripts
[0.833s] Installing show_msg script to /home/cmarrod3/turtlebot3_ws/install/show_msg/lib/show_msg
[0.833s] Installing show_msg_param script to /home/cmarrod3/turtlebot3_ws/install/show_msg/lib/show_msg
[0.833s] writing list of installed files to '/home/cmarrod3/turtlebot3_ws/build/show_msg/install.log'
[0.846s] Invoked command in '/home/cmarrod3/turtlebot3_ws/src/show_msg' returned '0': CMAKE_PREFIX_PATH=/home/cmarrod3/turtlebot3_ws/install/custom_interface:/home/cmarrod3/turtlebot3_ws/install/turtlebot3_simulations:/home/cmarrod3/turtlebot3_ws/install/turtlebot3_gazebo:/home/cmarrod3/turtlebot3_ws/install/turtlebot3_fake_node PYTHONPATH=/home/cmarrod3/turtlebot3_ws/build/show_msg/prefix_override:/home/cmarrod3/turtlebot3_ws/install/show_msg/lib/python3.8/site-packages:/home/cmarrod3/turtlebot3_ws/install/custom_interface/lib/python3.8/site-packages:/home/cmarrod3/turtlebot3_ws/install/show_msg/lib/python3.8/site-packages:/home/cmarrod3/turtlebot3_ws/install/my_first_subscriber/lib/python3.8/site-packages:/home/cmarrod3/turtlebot3_ws/install/my_first_publisher/lib/python3.8/site-packages:/home/cmarrod3/turtlebot3_ws/install/my_first_node/lib/python3.8/site-packages:/opt/ros/galactic/lib/python3.8/site-packages /usr/bin/python3 setup.py egg_info --egg-base ../../build/show_msg build --build-base /home/cmarrod3/turtlebot3_ws/build/show_msg/build install --record /home/cmarrod3/turtlebot3_ws/build/show_msg/install.log --single-version-externally-managed
