[0.597s] Invoking command in '/home/dmpasgal/Clothy/ROS/turtlebot3_ws/src/build/custom_interface': CMAKE_PREFIX_PATH=${CMAKE_PREFIX_PATH}:/home/dmpasgal/turtlebot3_ws/install/show_msg:/home/dmpasgal/turtlebot3_ws/install/my_first_subscriber:/home/dmpasgal/turtlebot3_ws/install/my_first_publisher:/home/dmpasgal/turtlebot3_ws/install/my_first_node:/home/dmpasgal/turtlebot3_ws/src/install/show_msg:/opt/ros/galactic /usr/bin/cmake --build /home/dmpasgal/Clothy/ROS/turtlebot3_ws/src/build/custom_interface -- -j4 -l4
[0.872s] [  2%] Built target custom_interface__cpp
[0.885s] [ 12%] Built target custom_interface__rosidl_generator_c
[0.948s] [ 23%] Built target custom_interface__rosidl_typesupport_introspection_cpp
[0.972s] [ 33%] Built target custom_interface__rosidl_typesupport_cpp
[0.984s] [ 43%] Built target custom_interface__rosidl_typesupport_introspection_c
[1.002s] [ 53%] Built target custom_interface__rosidl_typesupport_c
[1.003s] [ 64%] Built target custom_interface__rosidl_typesupport_fastrtps_cpp
[1.035s] [ 74%] Built target custom_interface__rosidl_typesupport_fastrtps_c
[1.075s] [ 74%] Built target custom_interface
[1.111s] [ 76%] Built target custom_interface__py
[1.197s] [ 84%] Built target custom_interface__python
[1.357s] [ 89%] Built target custom_interface__rosidl_typesupport_c__pyext
[1.394s] [ 94%] Built target custom_interface__rosidl_typesupport_fastrtps_c__pyext
[1.437s] [100%] Built target custom_interface__rosidl_typesupport_introspection_c__pyext
[1.460s] Invoked command in '/home/dmpasgal/Clothy/ROS/turtlebot3_ws/src/build/custom_interface' returned '0': CMAKE_PREFIX_PATH=${CMAKE_PREFIX_PATH}:/home/dmpasgal/turtlebot3_ws/install/show_msg:/home/dmpasgal/turtlebot3_ws/install/my_first_subscriber:/home/dmpasgal/turtlebot3_ws/install/my_first_publisher:/home/dmpasgal/turtlebot3_ws/install/my_first_node:/home/dmpasgal/turtlebot3_ws/src/install/show_msg:/opt/ros/galactic /usr/bin/cmake --build /home/dmpasgal/Clothy/ROS/turtlebot3_ws/src/build/custom_interface -- -j4 -l4
[1.929s] Invoking command in '/home/dmpasgal/Clothy/ROS/turtlebot3_ws/src/build/custom_interface': CMAKE_PREFIX_PATH=${CMAKE_PREFIX_PATH}:/home/dmpasgal/turtlebot3_ws/install/show_msg:/home/dmpasgal/turtlebot3_ws/install/my_first_subscriber:/home/dmpasgal/turtlebot3_ws/install/my_first_publisher:/home/dmpasgal/turtlebot3_ws/install/my_first_node:/home/dmpasgal/turtlebot3_ws/src/install/show_msg:/opt/ros/galactic /usr/bin/cmake --install /home/dmpasgal/Clothy/ROS/turtlebot3_ws/src/build/custom_interface
[1.971s] -- Install configuration: ""
[1.973s] -- Up-to-date: /home/dmpasgal/Clothy/ROS/turtlebot3_ws/src/install/custom_interface/share/ament_index/resource_index/rosidl_interfaces/custom_interface
[1.973s] -- Up-to-date: /home/dmpasgal/Clothy/ROS/turtlebot3_ws/src/install/custom_interface/include/custom_interface
[1.973s] -- Up-to-date: /home/dmpasgal/Clothy/ROS/turtlebot3_ws/src/install/custom_interface/include/custom_interface/msg
[1.975s] -- Up-to-date: /home/dmpasgal/Clothy/ROS/turtlebot3_ws/src/install/custom_interface/include/custom_interface/msg/distvel.h
[1.976s] -- Up-to-date: /home/dmpasgal/Clothy/ROS/turtlebot3_ws/src/install/custom_interface/include/custom_interface/msg/detail
[1.977s] -- Up-to-date: /home/dmpasgal/Clothy/ROS/turtlebot3_ws/src/install/custom_interface/include/custom_interface/msg/detail/distvel__functions.h
[1.977s] -- Up-to-date: /home/dmpasgal/Clothy/ROS/turtlebot3_ws/src/install/custom_interface/include/custom_interface/msg/detail/distvel__type_support.h
[1.979s] -- Up-to-date: /home/dmpasgal/Clothy/ROS/turtlebot3_ws/src/install/custom_interface/include/custom_interface/msg/detail/distvel__struct.h
[1.979s] -- Up-to-date: /home/dmpasgal/Clothy/ROS/turtlebot3_ws/src/install/custom_interface/include/custom_interface/msg/detail/distvel__functions.c
[1.980s] -- Up-to-date: /home/dmpasgal/Clothy/ROS/turtlebot3_ws/src/install/custom_interface/include/custom_interface/msg/rosidl_generator_c__visibility_control.h
[1.980s] -- Up-to-date: /home/dmpasgal/Clothy/ROS/turtlebot3_ws/src/install/custom_interface/include/custom_interface/srv
[1.981s] -- Up-to-date: /home/dmpasgal/Clothy/ROS/turtlebot3_ws/src/install/custom_interface/include/custom_interface/srv/my_move_msg.h
[1.982s] -- Up-to-date: /home/dmpasgal/Clothy/ROS/turtlebot3_ws/src/install/custom_interface/include/custom_interface/srv/detail
[1.982s] -- Up-to-date: /home/dmpasgal/Clothy/ROS/turtlebot3_ws/src/install/custom_interface/include/custom_interface/srv/detail/my_move_msg__struct.h
[1.982s] -- Up-to-date: /home/dmpasgal/Clothy/ROS/turtlebot3_ws/src/install/custom_interface/include/custom_interface/srv/detail/my_move_msg__functions.c
[1.982s] -- Up-to-date: /home/dmpasgal/Clothy/ROS/turtlebot3_ws/src/install/custom_interface/include/custom_interface/srv/detail/my_move_msg__type_support.h
[1.983s] -- Up-to-date: /home/dmpasgal/Clothy/ROS/turtlebot3_ws/src/install/custom_interface/include/custom_interface/srv/detail/my_move_msg__functions.h
[1.983s] -- Up-to-date: /home/dmpasgal/Clothy/ROS/turtlebot3_ws/src/install/custom_interface/share/custom_interface/environment/library_path.sh
[1.983s] -- Up-to-date: /home/dmpasgal/Clothy/ROS/turtlebot3_ws/src/install/custom_interface/share/custom_interface/environment/library_path.dsv
[1.984s] -- Up-to-date: /home/dmpasgal/Clothy/ROS/turtlebot3_ws/src/install/custom_interface/lib/libcustom_interface__rosidl_generator_c.so
[1.984s] -- Up-to-date: /home/dmpasgal/Clothy/ROS/turtlebot3_ws/src/install/custom_interface/include/custom_interface
[1.985s] -- Up-to-date: /home/dmpasgal/Clothy/ROS/turtlebot3_ws/src/install/custom_interface/include/custom_interface/msg
[1.985s] -- Up-to-date: /home/dmpasgal/Clothy/ROS/turtlebot3_ws/src/install/custom_interface/include/custom_interface/msg/detail
[1.986s] -- Up-to-date: /home/dmpasgal/Clothy/ROS/turtlebot3_ws/src/install/custom_interface/include/custom_interface/msg/detail/distvel__rosidl_typesupport_fastrtps_c.h
[1.989s] -- Up-to-date: /home/dmpasgal/Clothy/ROS/turtlebot3_ws/src/install/custom_interface/include/custom_interface/msg/rosidl_typesupport_fastrtps_c__visibility_control.h
[1.990s] -- Up-to-date: /home/dmpasgal/Clothy/ROS/turtlebot3_ws/src/install/custom_interface/include/custom_interface/srv
[1.990s] -- Up-to-date: /home/dmpasgal/Clothy/ROS/turtlebot3_ws/src/install/custom_interface/include/custom_interface/srv/detail
[1.990s] -- Up-to-date: /home/dmpasgal/Clothy/ROS/turtlebot3_ws/src/install/custom_interface/include/custom_interface/srv/detail/my_move_msg__rosidl_typesupport_fastrtps_c.h
[1.991s] -- Up-to-date: /home/dmpasgal/Clothy/ROS/turtlebot3_ws/src/install/custom_interface/lib/libcustom_interface__rosidl_typesupport_fastrtps_c.so
[1.991s] -- Up-to-date: /home/dmpasgal/Clothy/ROS/turtlebot3_ws/src/install/custom_interface/include/custom_interface
[1.991s] -- Up-to-date: /home/dmpasgal/Clothy/ROS/turtlebot3_ws/src/install/custom_interface/include/custom_interface/msg
[1.991s] -- Up-to-date: /home/dmpasgal/Clothy/ROS/turtlebot3_ws/src/install/custom_interface/include/custom_interface/msg/rosidl_typesupport_fastrtps_cpp__visibility_control.h
[1.992s] -- Up-to-date: /home/dmpasgal/Clothy/ROS/turtlebot3_ws/src/install/custom_interface/include/custom_interface/msg/detail
[1.992s] -- Up-to-date: /home/dmpasgal/Clothy/ROS/turtlebot3_ws/src/install/custom_interface/include/custom_interface/msg/detail/dds_fastrtps
[1.993s] -- Up-to-date: /home/dmpasgal/Clothy/ROS/turtlebot3_ws/src/install/custom_interface/include/custom_interface/msg/detail/distvel__rosidl_typesupport_fastrtps_cpp.hpp
[1.993s] -- Up-to-date: /home/dmpasgal/Clothy/ROS/turtlebot3_ws/src/install/custom_interface/include/custom_interface/srv
[1.993s] -- Up-to-date: /home/dmpasgal/Clothy/ROS/turtlebot3_ws/src/install/custom_interface/include/custom_interface/srv/detail
[1.994s] -- Up-to-date: /home/dmpasgal/Clothy/ROS/turtlebot3_ws/src/install/custom_interface/include/custom_interface/srv/detail/my_move_msg__rosidl_typesupport_fastrtps_cpp.hpp
[1.994s] -- Up-to-date: /home/dmpasgal/Clothy/ROS/turtlebot3_ws/src/install/custom_interface/include/custom_interface/srv/detail/dds_fastrtps
[1.994s] -- Up-to-date: /home/dmpasgal/Clothy/ROS/turtlebot3_ws/src/install/custom_interface/lib/libcustom_interface__rosidl_typesupport_fastrtps_cpp.so
[1.994s] -- Up-to-date: /home/dmpasgal/Clothy/ROS/turtlebot3_ws/src/install/custom_interface/include/custom_interface
[1.995s] -- Up-to-date: /home/dmpasgal/Clothy/ROS/turtlebot3_ws/src/install/custom_interface/include/custom_interface/msg
[1.995s] -- Up-to-date: /home/dmpasgal/Clothy/ROS/turtlebot3_ws/src/install/custom_interface/include/custom_interface/msg/rosidl_typesupport_introspection_c__visibility_control.h
[1.996s] -- Up-to-date: /home/dmpasgal/Clothy/ROS/turtlebot3_ws/src/install/custom_interface/include/custom_interface/msg/detail
[1.996s] -- Up-to-date: /home/dmpasgal/Clothy/ROS/turtlebot3_ws/src/install/custom_interface/include/custom_interface/msg/detail/distvel__type_support.c
[1.996s] -- Up-to-date: /home/dmpasgal/Clothy/ROS/turtlebot3_ws/src/install/custom_interface/include/custom_interface/msg/detail/distvel__rosidl_typesupport_introspection_c.h
[1.997s] -- Up-to-date: /home/dmpasgal/Clothy/ROS/turtlebot3_ws/src/install/custom_interface/include/custom_interface/srv
[1.997s] -- Up-to-date: /home/dmpasgal/Clothy/ROS/turtlebot3_ws/src/install/custom_interface/include/custom_interface/srv/detail
[1.997s] -- Up-to-date: /home/dmpasgal/Clothy/ROS/turtlebot3_ws/src/install/custom_interface/include/custom_interface/srv/detail/my_move_msg__type_support.c
[1.997s] -- Up-to-date: /home/dmpasgal/Clothy/ROS/turtlebot3_ws/src/install/custom_interface/include/custom_interface/srv/detail/my_move_msg__rosidl_typesupport_introspection_c.h
[1.998s] -- Up-to-date: /home/dmpasgal/Clothy/ROS/turtlebot3_ws/src/install/custom_interface/lib/libcustom_interface__rosidl_typesupport_introspection_c.so
[1.998s] -- Up-to-date: /home/dmpasgal/Clothy/ROS/turtlebot3_ws/src/install/custom_interface/lib/libcustom_interface__rosidl_typesupport_c.so
[1.998s] -- Up-to-date: /home/dmpasgal/Clothy/ROS/turtlebot3_ws/src/install/custom_interface/include/custom_interface
[1.999s] -- Up-to-date: /home/dmpasgal/Clothy/ROS/turtlebot3_ws/src/install/custom_interface/include/custom_interface/msg
[1.999s] -- Up-to-date: /home/dmpasgal/Clothy/ROS/turtlebot3_ws/src/install/custom_interface/include/custom_interface/msg/detail
[1.999s] -- Up-to-date: /home/dmpasgal/Clothy/ROS/turtlebot3_ws/src/install/custom_interface/include/custom_interface/msg/detail/distvel__traits.hpp
[1.999s] -- Up-to-date: /home/dmpasgal/Clothy/ROS/turtlebot3_ws/src/install/custom_interface/include/custom_interface/msg/detail/distvel__struct.hpp
[2.000s] -- Up-to-date: /home/dmpasgal/Clothy/ROS/turtlebot3_ws/src/install/custom_interface/include/custom_interface/msg/detail/distvel__builder.hpp
[2.001s] -- Up-to-date: /home/dmpasgal/Clothy/ROS/turtlebot3_ws/src/install/custom_interface/include/custom_interface/msg/distvel.hpp
[2.001s] -- Up-to-date: /home/dmpasgal/Clothy/ROS/turtlebot3_ws/src/install/custom_interface/include/custom_interface/srv
[2.001s] -- Up-to-date: /home/dmpasgal/Clothy/ROS/turtlebot3_ws/src/install/custom_interface/include/custom_interface/srv/my_move_msg.hpp
[2.001s] -- Up-to-date: /home/dmpasgal/Clothy/ROS/turtlebot3_ws/src/install/custom_interface/include/custom_interface/srv/detail
[2.002s] -- Up-to-date: /home/dmpasgal/Clothy/ROS/turtlebot3_ws/src/install/custom_interface/include/custom_interface/srv/detail/my_move_msg__struct.hpp
[2.002s] -- Up-to-date: /home/dmpasgal/Clothy/ROS/turtlebot3_ws/src/install/custom_interface/include/custom_interface/srv/detail/my_move_msg__builder.hpp
[2.002s] -- Up-to-date: /home/dmpasgal/Clothy/ROS/turtlebot3_ws/src/install/custom_interface/include/custom_interface/srv/detail/my_move_msg__traits.hpp
[2.002s] -- Up-to-date: /home/dmpasgal/Clothy/ROS/turtlebot3_ws/src/install/custom_interface/include/custom_interface
[2.003s] -- Up-to-date: /home/dmpasgal/Clothy/ROS/turtlebot3_ws/src/install/custom_interface/include/custom_interface/msg
[2.003s] -- Up-to-date: /home/dmpasgal/Clothy/ROS/turtlebot3_ws/src/install/custom_interface/include/custom_interface/msg/detail
[2.003s] -- Up-to-date: /home/dmpasgal/Clothy/ROS/turtlebot3_ws/src/install/custom_interface/include/custom_interface/msg/detail/distvel__type_support.cpp
[2.004s] -- Up-to-date: /home/dmpasgal/Clothy/ROS/turtlebot3_ws/src/install/custom_interface/include/custom_interface/msg/detail/distvel__rosidl_typesupport_introspection_cpp.hpp
[2.004s] -- Up-to-date: /home/dmpasgal/Clothy/ROS/turtlebot3_ws/src/install/custom_interface/include/custom_interface/srv
[2.004s] -- Up-to-date: /home/dmpasgal/Clothy/ROS/turtlebot3_ws/src/install/custom_interface/include/custom_interface/srv/detail
[2.005s] -- Up-to-date: /home/dmpasgal/Clothy/ROS/turtlebot3_ws/src/install/custom_interface/include/custom_interface/srv/detail/my_move_msg__rosidl_typesupport_introspection_cpp.hpp
[2.005s] -- Up-to-date: /home/dmpasgal/Clothy/ROS/turtlebot3_ws/src/install/custom_interface/include/custom_interface/srv/detail/my_move_msg__type_support.cpp
[2.005s] -- Up-to-date: /home/dmpasgal/Clothy/ROS/turtlebot3_ws/src/install/custom_interface/lib/libcustom_interface__rosidl_typesupport_introspection_cpp.so
[2.005s] -- Up-to-date: /home/dmpasgal/Clothy/ROS/turtlebot3_ws/src/install/custom_interface/lib/libcustom_interface__rosidl_typesupport_cpp.so
[2.006s] -- Up-to-date: /home/dmpasgal/Clothy/ROS/turtlebot3_ws/src/install/custom_interface/share/custom_interface/environment/pythonpath.sh
[2.006s] -- Up-to-date: /home/dmpasgal/Clothy/ROS/turtlebot3_ws/src/install/custom_interface/share/custom_interface/environment/pythonpath.dsv
[2.006s] -- Up-to-date: /home/dmpasgal/Clothy/ROS/turtlebot3_ws/src/install/custom_interface/lib/python3.8/site-packages/custom_interface/__init__.py
[2.049s] -- Up-to-date: /home/dmpasgal/Clothy/ROS/turtlebot3_ws/src/install/custom_interface/lib/python3.8/site-packages/custom_interface/msg
[2.049s] -- Up-to-date: /home/dmpasgal/Clothy/ROS/turtlebot3_ws/src/install/custom_interface/lib/python3.8/site-packages/custom_interface/msg/_distvel_s.c
[2.050s] -- Up-to-date: /home/dmpasgal/Clothy/ROS/turtlebot3_ws/src/install/custom_interface/lib/python3.8/site-packages/custom_interface/msg/_distvel.py
[2.050s] -- Up-to-date: /home/dmpasgal/Clothy/ROS/turtlebot3_ws/src/install/custom_interface/lib/python3.8/site-packages/custom_interface/msg/__init__.py
[2.050s] -- Up-to-date: /home/dmpasgal/Clothy/ROS/turtlebot3_ws/src/install/custom_interface/lib/python3.8/site-packages/custom_interface/srv
[2.051s] -- Up-to-date: /home/dmpasgal/Clothy/ROS/turtlebot3_ws/src/install/custom_interface/lib/python3.8/site-packages/custom_interface/srv/_my_move_msg_s.c
[2.051s] -- Up-to-date: /home/dmpasgal/Clothy/ROS/turtlebot3_ws/src/install/custom_interface/lib/python3.8/site-packages/custom_interface/srv/__init__.py
[2.052s] -- Up-to-date: /home/dmpasgal/Clothy/ROS/turtlebot3_ws/src/install/custom_interface/lib/python3.8/site-packages/custom_interface/srv/_my_move_msg.py
[2.053s] -- Up-to-date: /home/dmpasgal/Clothy/ROS/turtlebot3_ws/src/install/custom_interface/lib/python3.8/site-packages/custom_interface/custom_interface_s__rosidl_typesupport_fastrtps_c.cpython-38-x86_64-linux-gnu.so
[2.055s] -- Up-to-date: /home/dmpasgal/Clothy/ROS/turtlebot3_ws/src/install/custom_interface/lib/python3.8/site-packages/custom_interface/custom_interface_s__rosidl_typesupport_introspection_c.cpython-38-x86_64-linux-gnu.so
[2.057s] -- Up-to-date: /home/dmpasgal/Clothy/ROS/turtlebot3_ws/src/install/custom_interface/lib/python3.8/site-packages/custom_interface/custom_interface_s__rosidl_typesupport_c.cpython-38-x86_64-linux-gnu.so
[2.060s] -- Up-to-date: /home/dmpasgal/Clothy/ROS/turtlebot3_ws/src/install/custom_interface/lib/libcustom_interface__python.so
[2.060s] -- Up-to-date: /home/dmpasgal/Clothy/ROS/turtlebot3_ws/src/install/custom_interface/share/custom_interface/msg/Distvel.idl
[2.061s] -- Up-to-date: /home/dmpasgal/Clothy/ROS/turtlebot3_ws/src/install/custom_interface/share/custom_interface/srv/MyMoveMsg.idl
[2.061s] -- Up-to-date: /home/dmpasgal/Clothy/ROS/turtlebot3_ws/src/install/custom_interface/share/custom_interface/msg/Distvel.msg
[2.061s] -- Up-to-date: /home/dmpasgal/Clothy/ROS/turtlebot3_ws/src/install/custom_interface/share/custom_interface/srv/MyMoveMsg.srv
[2.061s] -- Up-to-date: /home/dmpasgal/Clothy/ROS/turtlebot3_ws/src/install/custom_interface/share/custom_interface/srv/MyMoveMsg_Request.msg
[2.062s] -- Up-to-date: /home/dmpasgal/Clothy/ROS/turtlebot3_ws/src/install/custom_interface/share/custom_interface/srv/MyMoveMsg_Response.msg
[2.062s] -- Up-to-date: /home/dmpasgal/Clothy/ROS/turtlebot3_ws/src/install/custom_interface/share/ament_index/resource_index/package_run_dependencies/custom_interface
[2.062s] -- Up-to-date: /home/dmpasgal/Clothy/ROS/turtlebot3_ws/src/install/custom_interface/share/ament_index/resource_index/parent_prefix_path/custom_interface
[2.063s] -- Up-to-date: /home/dmpasgal/Clothy/ROS/turtlebot3_ws/src/install/custom_interface/share/custom_interface/environment/ament_prefix_path.sh
[2.063s] -- Up-to-date: /home/dmpasgal/Clothy/ROS/turtlebot3_ws/src/install/custom_interface/share/custom_interface/environment/ament_prefix_path.dsv
[2.063s] -- Up-to-date: /home/dmpasgal/Clothy/ROS/turtlebot3_ws/src/install/custom_interface/share/custom_interface/environment/path.sh
[2.066s] -- Up-to-date: /home/dmpasgal/Clothy/ROS/turtlebot3_ws/src/install/custom_interface/share/custom_interface/environment/path.dsv
[2.067s] -- Up-to-date: /home/dmpasgal/Clothy/ROS/turtlebot3_ws/src/install/custom_interface/share/custom_interface/local_setup.bash
[2.067s] -- Up-to-date: /home/dmpasgal/Clothy/ROS/turtlebot3_ws/src/install/custom_interface/share/custom_interface/local_setup.sh
[2.067s] -- Up-to-date: /home/dmpasgal/Clothy/ROS/turtlebot3_ws/src/install/custom_interface/share/custom_interface/local_setup.zsh
[2.068s] -- Up-to-date: /home/dmpasgal/Clothy/ROS/turtlebot3_ws/src/install/custom_interface/share/custom_interface/local_setup.dsv
[2.068s] -- Up-to-date: /home/dmpasgal/Clothy/ROS/turtlebot3_ws/src/install/custom_interface/share/custom_interface/package.dsv
[2.068s] -- Up-to-date: /home/dmpasgal/Clothy/ROS/turtlebot3_ws/src/install/custom_interface/share/ament_index/resource_index/packages/custom_interface
[2.074s] -- Up-to-date: /home/dmpasgal/Clothy/ROS/turtlebot3_ws/src/install/custom_interface/share/custom_interface/cmake/custom_interface__rosidl_generator_cExport.cmake
[2.075s] -- Up-to-date: /home/dmpasgal/Clothy/ROS/turtlebot3_ws/src/install/custom_interface/share/custom_interface/cmake/custom_interface__rosidl_generator_cExport-noconfig.cmake
[2.077s] -- Up-to-date: /home/dmpasgal/Clothy/ROS/turtlebot3_ws/src/install/custom_interface/share/custom_interface/cmake/custom_interface__rosidl_typesupport_introspection_cExport.cmake
[2.079s] -- Up-to-date: /home/dmpasgal/Clothy/ROS/turtlebot3_ws/src/install/custom_interface/share/custom_interface/cmake/custom_interface__rosidl_typesupport_introspection_cExport-noconfig.cmake
[2.080s] -- Up-to-date: /home/dmpasgal/Clothy/ROS/turtlebot3_ws/src/install/custom_interface/share/custom_interface/cmake/custom_interface__rosidl_typesupport_cExport.cmake
[2.081s] -- Up-to-date: /home/dmpasgal/Clothy/ROS/turtlebot3_ws/src/install/custom_interface/share/custom_interface/cmake/custom_interface__rosidl_typesupport_cExport-noconfig.cmake
[2.089s] -- Up-to-date: /home/dmpasgal/Clothy/ROS/turtlebot3_ws/src/install/custom_interface/share/custom_interface/cmake/custom_interface__rosidl_generator_cppExport.cmake
[2.090s] -- Up-to-date: /home/dmpasgal/Clothy/ROS/turtlebot3_ws/src/install/custom_interface/share/custom_interface/cmake/custom_interface__rosidl_typesupport_introspection_cppExport.cmake
[2.091s] -- Up-to-date: /home/dmpasgal/Clothy/ROS/turtlebot3_ws/src/install/custom_interface/share/custom_interface/cmake/custom_interface__rosidl_typesupport_introspection_cppExport-noconfig.cmake
[2.092s] -- Up-to-date: /home/dmpasgal/Clothy/ROS/turtlebot3_ws/src/install/custom_interface/share/custom_interface/cmake/custom_interface__rosidl_typesupport_cppExport.cmake
[2.093s] -- Up-to-date: /home/dmpasgal/Clothy/ROS/turtlebot3_ws/src/install/custom_interface/share/custom_interface/cmake/custom_interface__rosidl_typesupport_cppExport-noconfig.cmake
[2.094s] -- Up-to-date: /home/dmpasgal/Clothy/ROS/turtlebot3_ws/src/install/custom_interface/share/custom_interface/cmake/rosidl_cmake-extras.cmake
[2.094s] -- Up-to-date: /home/dmpasgal/Clothy/ROS/turtlebot3_ws/src/install/custom_interface/share/custom_interface/cmake/ament_cmake_export_dependencies-extras.cmake
[2.094s] -- Up-to-date: /home/dmpasgal/Clothy/ROS/turtlebot3_ws/src/install/custom_interface/share/custom_interface/cmake/ament_cmake_export_libraries-extras.cmake
[2.095s] -- Up-to-date: /home/dmpasgal/Clothy/ROS/turtlebot3_ws/src/install/custom_interface/share/custom_interface/cmake/ament_cmake_export_targets-extras.cmake
[2.095s] -- Up-to-date: /home/dmpasgal/Clothy/ROS/turtlebot3_ws/src/install/custom_interface/share/custom_interface/cmake/ament_cmake_export_include_directories-extras.cmake
[2.095s] -- Up-to-date: /home/dmpasgal/Clothy/ROS/turtlebot3_ws/src/install/custom_interface/share/custom_interface/cmake/rosidl_cmake_export_typesupport_libraries-extras.cmake
[2.095s] -- Up-to-date: /home/dmpasgal/Clothy/ROS/turtlebot3_ws/src/install/custom_interface/share/custom_interface/cmake/rosidl_cmake_export_typesupport_targets-extras.cmake
[2.096s] -- Up-to-date: /home/dmpasgal/Clothy/ROS/turtlebot3_ws/src/install/custom_interface/share/custom_interface/cmake/custom_interfaceConfig.cmake
[2.096s] -- Up-to-date: /home/dmpasgal/Clothy/ROS/turtlebot3_ws/src/install/custom_interface/share/custom_interface/cmake/custom_interfaceConfig-version.cmake
[2.096s] -- Up-to-date: /home/dmpasgal/Clothy/ROS/turtlebot3_ws/src/install/custom_interface/share/custom_interface/package.xml
[2.125s] Invoked command in '/home/dmpasgal/Clothy/ROS/turtlebot3_ws/src/build/custom_interface' returned '0': CMAKE_PREFIX_PATH=${CMAKE_PREFIX_PATH}:/home/dmpasgal/turtlebot3_ws/install/show_msg:/home/dmpasgal/turtlebot3_ws/install/my_first_subscriber:/home/dmpasgal/turtlebot3_ws/install/my_first_publisher:/home/dmpasgal/turtlebot3_ws/install/my_first_node:/home/dmpasgal/turtlebot3_ws/src/install/show_msg:/opt/ros/galactic /usr/bin/cmake --install /home/dmpasgal/Clothy/ROS/turtlebot3_ws/src/build/custom_interface
