[11.190s] Invoking command in '/home/dmpasgal/Clothy/ROS/turtlebot3_ws/src/show_msg': AMENT_PREFIX_PATH=/home/dmpasgal/Clothy/install/custom_interface:${AMENT_PREFIX_PATH} CMAKE_PREFIX_PATH=/home/dmpasgal/Clothy/install/custom_interface:${CMAKE_PREFIX_PATH} LD_LIBRARY_PATH=/home/dmpasgal/Clothy/install/custom_interface/lib:${LD_LIBRARY_PATH} PYTHONPATH=/home/dmpasgal/Clothy/build/show_msg/prefix_override:/home/dmpasgal/Clothy/install/show_msg/lib/python3.8/site-packages:/home/dmpasgal/Clothy/install/custom_interface/lib/python3.8/site-packages:${PYTHONPATH} /usr/bin/python3 setup.py egg_info --egg-base ../../../../build/show_msg build --build-base /home/dmpasgal/Clothy/build/show_msg/build install --record /home/dmpasgal/Clothy/build/show_msg/install.log --single-version-externally-managed
[11.590s] running egg_info
[11.590s] creating ../../../../build/show_msg/show_msg.egg-info
[11.590s] writing ../../../../build/show_msg/show_msg.egg-info/PKG-INFO
[11.590s] writing dependency_links to ../../../../build/show_msg/show_msg.egg-info/dependency_links.txt
[11.590s] writing entry points to ../../../../build/show_msg/show_msg.egg-info/entry_points.txt
[11.590s] writing requirements to ../../../../build/show_msg/show_msg.egg-info/requires.txt
[11.590s] writing top-level names to ../../../../build/show_msg/show_msg.egg-info/top_level.txt
[11.647s] writing manifest file '../../../../build/show_msg/show_msg.egg-info/SOURCES.txt'
[12.084s] reading manifest file '../../../../build/show_msg/show_msg.egg-info/SOURCES.txt'
[12.087s] writing manifest file '../../../../build/show_msg/show_msg.egg-info/SOURCES.txt'
[12.094s] running build
[12.094s] running build_py
[12.097s] creating /home/dmpasgal/Clothy/build/show_msg/build
[12.098s] creating /home/dmpasgal/Clothy/build/show_msg/build/lib
[12.098s] creating /home/dmpasgal/Clothy/build/show_msg/build/lib/show_msg
[12.100s] copying show_msg/show_msg.py -> /home/dmpasgal/Clothy/build/show_msg/build/lib/show_msg
[12.109s] copying show_msg/__init__.py -> /home/dmpasgal/Clothy/build/show_msg/build/lib/show_msg
[12.109s] copying show_msg/show_msg_param.py -> /home/dmpasgal/Clothy/build/show_msg/build/lib/show_msg
[12.115s] running install
[12.117s] running install_lib
[12.121s] creating /home/dmpasgal/Clothy/install/show_msg/lib/python3.8/site-packages/show_msg
[12.121s] copying /home/dmpasgal/Clothy/build/show_msg/build/lib/show_msg/show_msg.py -> /home/dmpasgal/Clothy/install/show_msg/lib/python3.8/site-packages/show_msg
[12.122s] copying /home/dmpasgal/Clothy/build/show_msg/build/lib/show_msg/__init__.py -> /home/dmpasgal/Clothy/install/show_msg/lib/python3.8/site-packages/show_msg
[12.123s] copying /home/dmpasgal/Clothy/build/show_msg/build/lib/show_msg/show_msg_param.py -> /home/dmpasgal/Clothy/install/show_msg/lib/python3.8/site-packages/show_msg
[12.130s] byte-compiling /home/dmpasgal/Clothy/install/show_msg/lib/python3.8/site-packages/show_msg/show_msg.py to show_msg.cpython-38.pyc
[12.136s] byte-compiling /home/dmpasgal/Clothy/install/show_msg/lib/python3.8/site-packages/show_msg/__init__.py to __init__.cpython-38.pyc
[12.137s] byte-compiling /home/dmpasgal/Clothy/install/show_msg/lib/python3.8/site-packages/show_msg/show_msg_param.py to show_msg_param.cpython-38.pyc
[12.144s] running install_data
[12.146s] creating /home/dmpasgal/Clothy/install/show_msg/share/ament_index
[12.147s] creating /home/dmpasgal/Clothy/install/show_msg/share/ament_index/resource_index
[12.147s] creating /home/dmpasgal/Clothy/install/show_msg/share/ament_index/resource_index/packages
[12.147s] copying resource/show_msg -> /home/dmpasgal/Clothy/install/show_msg/share/ament_index/resource_index/packages
[12.148s] copying package.xml -> /home/dmpasgal/Clothy/install/show_msg/share/show_msg
[12.151s] copying launch/show_msg_param.launch.py -> /home/dmpasgal/Clothy/install/show_msg/share/show_msg
[12.151s] copying launch/show_msg.launch.py -> /home/dmpasgal/Clothy/install/show_msg/share/show_msg
[12.156s] running install_egg_info
[12.171s] Copying ../../../../build/show_msg/show_msg.egg-info to /home/dmpasgal/Clothy/install/show_msg/lib/python3.8/site-packages/show_msg-0.0.0-py3.8.egg-info
[12.179s] running install_scripts
[12.538s] Installing show_msg script to /home/dmpasgal/Clothy/install/show_msg/lib/show_msg
[12.538s] Installing show_msg_param script to /home/dmpasgal/Clothy/install/show_msg/lib/show_msg
[12.538s] writing list of installed files to '/home/dmpasgal/Clothy/build/show_msg/install.log'
[12.691s] Invoked command in '/home/dmpasgal/Clothy/ROS/turtlebot3_ws/src/show_msg' returned '0': AMENT_PREFIX_PATH=/home/dmpasgal/Clothy/install/custom_interface:${AMENT_PREFIX_PATH} CMAKE_PREFIX_PATH=/home/dmpasgal/Clothy/install/custom_interface:${CMAKE_PREFIX_PATH} LD_LIBRARY_PATH=/home/dmpasgal/Clothy/install/custom_interface/lib:${LD_LIBRARY_PATH} PYTHONPATH=/home/dmpasgal/Clothy/build/show_msg/prefix_override:/home/dmpasgal/Clothy/install/show_msg/lib/python3.8/site-packages:/home/dmpasgal/Clothy/install/custom_interface/lib/python3.8/site-packages:${PYTHONPATH} /usr/bin/python3 setup.py egg_info --egg-base ../../../../build/show_msg build --build-base /home/dmpasgal/Clothy/build/show_msg/build install --record /home/dmpasgal/Clothy/build/show_msg/install.log --single-version-externally-managed
