running egg_info
creating ../../build/my_nav2_system/my_nav2_system.egg-info
writing ../../build/my_nav2_system/my_nav2_system.egg-info/PKG-INFO
writing dependency_links to ../../build/my_nav2_system/my_nav2_system.egg-info/dependency_links.txt
writing entry points to ../../build/my_nav2_system/my_nav2_system.egg-info/entry_points.txt
writing requirements to ../../build/my_nav2_system/my_nav2_system.egg-info/requires.txt
writing top-level names to ../../build/my_nav2_system/my_nav2_system.egg-info/top_level.txt
writing manifest file '../../build/my_nav2_system/my_nav2_system.egg-info/SOURCES.txt'
reading manifest file '../../build/my_nav2_system/my_nav2_system.egg-info/SOURCES.txt'
writing manifest file '../../build/my_nav2_system/my_nav2_system.egg-info/SOURCES.txt'
running build
running build_py
creating /home/cmarrod3/turtlebot3_ws/build/my_nav2_system/build
creating /home/cmarrod3/turtlebot3_ws/build/my_nav2_system/build/lib
creating /home/cmarrod3/turtlebot3_ws/build/my_nav2_system/build/lib/my_nav2_system
copying my_nav2_system/__init__.py -> /home/cmarrod3/turtlebot3_ws/build/my_nav2_system/build/lib/my_nav2_system
running install
running install_lib
creating /home/cmarrod3/turtlebot3_ws/install/my_nav2_system/lib/python3.8/site-packages/my_nav2_system
copying /home/cmarrod3/turtlebot3_ws/build/my_nav2_system/build/lib/my_nav2_system/__init__.py -> /home/cmarrod3/turtlebot3_ws/install/my_nav2_system/lib/python3.8/site-packages/my_nav2_system
byte-compiling /home/cmarrod3/turtlebot3_ws/install/my_nav2_system/lib/python3.8/site-packages/my_nav2_system/__init__.py to __init__.cpython-38.pyc
running install_data
creating /home/cmarrod3/turtlebot3_ws/install/my_nav2_system/share/ament_index
creating /home/cmarrod3/turtlebot3_ws/install/my_nav2_system/share/ament_index/resource_index
creating /home/cmarrod3/turtlebot3_ws/install/my_nav2_system/share/ament_index/resource_index/packages
copying resource/my_nav2_system -> /home/cmarrod3/turtlebot3_ws/install/my_nav2_system/share/ament_index/resource_index/packages
copying package.xml -> /home/cmarrod3/turtlebot3_ws/install/my_nav2_system/share/my_nav2_system
creating /home/cmarrod3/turtlebot3_ws/install/my_nav2_system/share/my_nav2_system/launch
copying launch/my_nav2_system.launch.py -> /home/cmarrod3/turtlebot3_ws/install/my_nav2_system/share/my_nav2_system/launch
creating /home/cmarrod3/turtlebot3_ws/install/my_nav2_system/share/my_nav2_system/config
running install_egg_info
Copying ../../build/my_nav2_system/my_nav2_system.egg-info to /home/cmarrod3/turtlebot3_ws/install/my_nav2_system/lib/python3.8/site-packages/my_nav2_system-0.0.0-py3.8.egg-info
running install_scripts
writing list of installed files to '/home/cmarrod3/turtlebot3_ws/build/my_nav2_system/install.log'
