running egg_info
creating ../../build/my_slam/my_slam.egg-info
writing ../../build/my_slam/my_slam.egg-info/PKG-INFO
writing dependency_links to ../../build/my_slam/my_slam.egg-info/dependency_links.txt
writing entry points to ../../build/my_slam/my_slam.egg-info/entry_points.txt
writing requirements to ../../build/my_slam/my_slam.egg-info/requires.txt
writing top-level names to ../../build/my_slam/my_slam.egg-info/top_level.txt
writing manifest file '../../build/my_slam/my_slam.egg-info/SOURCES.txt'
reading manifest file '../../build/my_slam/my_slam.egg-info/SOURCES.txt'
writing manifest file '../../build/my_slam/my_slam.egg-info/SOURCES.txt'
running build
running build_py
creating /home/cmarrod3/turtlebot3_ws/build/my_slam/build
creating /home/cmarrod3/turtlebot3_ws/build/my_slam/build/lib
creating /home/cmarrod3/turtlebot3_ws/build/my_slam/build/lib/my_slam
copying my_slam/__init__.py -> /home/cmarrod3/turtlebot3_ws/build/my_slam/build/lib/my_slam
running install
running install_lib
creating /home/cmarrod3/turtlebot3_ws/install/my_slam/lib/python3.8/site-packages/my_slam
copying /home/cmarrod3/turtlebot3_ws/build/my_slam/build/lib/my_slam/__init__.py -> /home/cmarrod3/turtlebot3_ws/install/my_slam/lib/python3.8/site-packages/my_slam
byte-compiling /home/cmarrod3/turtlebot3_ws/install/my_slam/lib/python3.8/site-packages/my_slam/__init__.py to __init__.cpython-38.pyc
running install_data
creating /home/cmarrod3/turtlebot3_ws/install/my_slam/share/ament_index
creating /home/cmarrod3/turtlebot3_ws/install/my_slam/share/ament_index/resource_index
creating /home/cmarrod3/turtlebot3_ws/install/my_slam/share/ament_index/resource_index/packages
copying resource/my_slam -> /home/cmarrod3/turtlebot3_ws/install/my_slam/share/ament_index/resource_index/packages
copying package.xml -> /home/cmarrod3/turtlebot3_ws/install/my_slam/share/my_slam
creating /home/cmarrod3/turtlebot3_ws/install/my_slam/share/my_slam/map
creating /home/cmarrod3/turtlebot3_ws/install/my_slam/share/my_slam/rviz
creating /home/cmarrod3/turtlebot3_ws/install/my_slam/share/my_slam/launch
copying launch/my_slam.launch.py -> /home/cmarrod3/turtlebot3_ws/install/my_slam/share/my_slam/launch
creating /home/cmarrod3/turtlebot3_ws/install/my_slam/share/my_slam/config
copying config/my_slam.lua -> /home/cmarrod3/turtlebot3_ws/install/my_slam/share/my_slam/config
running install_egg_info
Copying ../../build/my_slam/my_slam.egg-info to /home/cmarrod3/turtlebot3_ws/install/my_slam/lib/python3.8/site-packages/my_slam-0.0.0-py3.8.egg-info
running install_scripts
writing list of installed files to '/home/cmarrod3/turtlebot3_ws/build/my_slam/install.log'
