[2.215s] DEBUG:colcon:Command line arguments: ['/usr/bin/colcon', 'build']
[2.216s] DEBUG:colcon:Parsed command line arguments: Namespace(allow_overriding=[], ament_cmake_args=None, base_paths=['.'], build_base='build', catkin_cmake_args=None, catkin_skip_building_tests=False, cmake_args=None, cmake_clean_cache=False, cmake_clean_first=False, cmake_force_configure=False, cmake_target=None, cmake_target_skip_unavailable=False, continue_on_error=False, event_handlers=None, executor='parallel', ignore_user_meta=False, install_base='install', log_base=None, log_level=None, main=<bound method BuildVerb.main of <colcon_core.verb.build.BuildVerb object at 0x7f16c5c77d90>>, merge_install=False, metas=['./colcon.meta'], packages_above=None, packages_above_and_dependencies=None, packages_above_depth=None, packages_end=None, packages_ignore=None, packages_ignore_regex=None, packages_select=None, packages_select_build_failed=False, packages_select_by_dep=None, packages_select_regex=None, packages_select_test_failures=False, packages_skip=None, packages_skip_build_finished=False, packages_skip_by_dep=None, packages_skip_regex=None, packages_skip_test_passed=False, packages_skip_up_to=None, packages_start=None, packages_up_to=None, packages_up_to_regex=None, parallel_workers=4, paths=None, symlink_install=False, test_result_base=None, verb_extension=<colcon_core.verb.build.BuildVerb object at 0x7f16c5c77d90>, verb_name='build', verb_parser=<colcon_defaults.argument_parser.defaults.DefaultArgumentsDecorator object at 0x7f16c5c77fa0>)
[2.339s] Level 1:colcon.colcon_core.package_discovery:discover_packages(colcon_meta) check parameters
[2.339s] Level 1:colcon.colcon_core.package_discovery:discover_packages(recursive) check parameters
[2.339s] Level 1:colcon.colcon_core.package_discovery:discover_packages(ignore) check parameters
[2.339s] Level 1:colcon.colcon_core.package_discovery:discover_packages(path) check parameters
[2.339s] Level 1:colcon.colcon_core.package_discovery:discover_packages(colcon_meta) discover
[2.340s] Level 1:colcon.colcon_core.package_discovery:discover_packages(recursive) discover
[2.340s] INFO:colcon.colcon_core.package_discovery:Crawling recursively for packages in '/home/dmpasgal/Clothy/ROS/turtlebot3_ws/src'
[2.340s] Level 1:colcon.colcon_core.package_identification:_identify(.) by extensions ['ignore', 'ignore_ament_install']
[2.340s] Level 1:colcon.colcon_core.package_identification:_identify(.) by extension 'ignore'
[2.340s] Level 1:colcon.colcon_core.package_identification:_identify(.) by extension 'ignore_ament_install'
[2.340s] Level 1:colcon.colcon_core.package_identification:_identify(.) by extensions ['colcon_pkg']
[2.340s] Level 1:colcon.colcon_core.package_identification:_identify(.) by extension 'colcon_pkg'
[2.340s] Level 1:colcon.colcon_core.package_identification:_identify(.) by extensions ['colcon_meta']
[2.340s] Level 1:colcon.colcon_core.package_identification:_identify(.) by extension 'colcon_meta'
[2.340s] Level 1:colcon.colcon_core.package_identification:_identify(.) by extensions ['ros']
[2.340s] Level 1:colcon.colcon_core.package_identification:_identify(.) by extension 'ros'
[2.358s] Level 1:colcon.colcon_core.package_identification:_identify(.) by extensions ['cmake', 'python']
[2.358s] Level 1:colcon.colcon_core.package_identification:_identify(.) by extension 'cmake'
[2.358s] Level 1:colcon.colcon_core.package_identification:_identify(.) by extension 'python'
[2.358s] Level 1:colcon.colcon_core.package_identification:_identify(.) by extensions ['python_setup_py']
[2.358s] Level 1:colcon.colcon_core.package_identification:_identify(.) by extension 'python_setup_py'
[2.358s] Level 1:colcon.colcon_core.package_identification:_identify(build) by extensions ['ignore', 'ignore_ament_install']
[2.358s] Level 1:colcon.colcon_core.package_identification:_identify(build) by extension 'ignore'
[2.358s] Level 1:colcon.colcon_core.package_identification:_identify(build) ignored
[2.359s] Level 1:colcon.colcon_core.package_identification:_identify(clothy_world) by extensions ['ignore', 'ignore_ament_install']
[2.359s] Level 1:colcon.colcon_core.package_identification:_identify(clothy_world) by extension 'ignore'
[2.359s] Level 1:colcon.colcon_core.package_identification:_identify(clothy_world) by extension 'ignore_ament_install'
[2.359s] Level 1:colcon.colcon_core.package_identification:_identify(clothy_world) by extensions ['colcon_pkg']
[2.359s] Level 1:colcon.colcon_core.package_identification:_identify(clothy_world) by extension 'colcon_pkg'
[2.359s] Level 1:colcon.colcon_core.package_identification:_identify(clothy_world) by extensions ['colcon_meta']
[2.359s] Level 1:colcon.colcon_core.package_identification:_identify(clothy_world) by extension 'colcon_meta'
[2.359s] Level 1:colcon.colcon_core.package_identification:_identify(clothy_world) by extensions ['ros']
[2.359s] Level 1:colcon.colcon_core.package_identification:_identify(clothy_world) by extension 'ros'
[2.363s] DEBUG:colcon.colcon_core.package_identification:Package 'clothy_world' with type 'ros.ament_cmake' and name 'my_world'
[2.364s] Level 1:colcon.colcon_core.package_identification:_identify(custom_interface) by extensions ['ignore', 'ignore_ament_install']
[2.364s] Level 1:colcon.colcon_core.package_identification:_identify(custom_interface) by extension 'ignore'
[2.364s] Level 1:colcon.colcon_core.package_identification:_identify(custom_interface) by extension 'ignore_ament_install'
[2.364s] Level 1:colcon.colcon_core.package_identification:_identify(custom_interface) by extensions ['colcon_pkg']
[2.364s] Level 1:colcon.colcon_core.package_identification:_identify(custom_interface) by extension 'colcon_pkg'
[2.364s] Level 1:colcon.colcon_core.package_identification:_identify(custom_interface) by extensions ['colcon_meta']
[2.364s] Level 1:colcon.colcon_core.package_identification:_identify(custom_interface) by extension 'colcon_meta'
[2.364s] Level 1:colcon.colcon_core.package_identification:_identify(custom_interface) by extensions ['ros']
[2.364s] Level 1:colcon.colcon_core.package_identification:_identify(custom_interface) by extension 'ros'
[2.365s] DEBUG:colcon.colcon_core.package_identification:Package 'custom_interface' with type 'ros.ament_cmake' and name 'custom_interface'
[2.365s] Level 1:colcon.colcon_core.package_identification:_identify(install) by extensions ['ignore', 'ignore_ament_install']
[2.365s] Level 1:colcon.colcon_core.package_identification:_identify(install) by extension 'ignore'
[2.365s] Level 1:colcon.colcon_core.package_identification:_identify(install) ignored
[2.365s] Level 1:colcon.colcon_core.package_identification:_identify(log) by extensions ['ignore', 'ignore_ament_install']
[2.365s] Level 1:colcon.colcon_core.package_identification:_identify(log) by extension 'ignore'
[2.365s] Level 1:colcon.colcon_core.package_identification:_identify(log) ignored
[2.365s] Level 1:colcon.colcon_core.package_identification:_identify(my_slam) by extensions ['ignore', 'ignore_ament_install']
[2.365s] Level 1:colcon.colcon_core.package_identification:_identify(my_slam) by extension 'ignore'
[2.365s] Level 1:colcon.colcon_core.package_identification:_identify(my_slam) by extension 'ignore_ament_install'
[2.365s] Level 1:colcon.colcon_core.package_identification:_identify(my_slam) by extensions ['colcon_pkg']
[2.365s] Level 1:colcon.colcon_core.package_identification:_identify(my_slam) by extension 'colcon_pkg'
[2.366s] Level 1:colcon.colcon_core.package_identification:_identify(my_slam) by extensions ['colcon_meta']
[2.366s] Level 1:colcon.colcon_core.package_identification:_identify(my_slam) by extension 'colcon_meta'
[2.366s] Level 1:colcon.colcon_core.package_identification:_identify(my_slam) by extensions ['ros']
[2.366s] Level 1:colcon.colcon_core.package_identification:_identify(my_slam) by extension 'ros'
[2.367s] DEBUG:colcon.colcon_core.package_identification:Package 'my_slam' with type 'ros.ament_python' and name 'my_slam'
[2.367s] Level 1:colcon.colcon_core.package_identification:_identify(provide_map) by extensions ['ignore', 'ignore_ament_install']
[2.367s] Level 1:colcon.colcon_core.package_identification:_identify(provide_map) by extension 'ignore'
[2.367s] Level 1:colcon.colcon_core.package_identification:_identify(provide_map) by extension 'ignore_ament_install'
[2.367s] Level 1:colcon.colcon_core.package_identification:_identify(provide_map) by extensions ['colcon_pkg']
[2.367s] Level 1:colcon.colcon_core.package_identification:_identify(provide_map) by extension 'colcon_pkg'
[2.367s] Level 1:colcon.colcon_core.package_identification:_identify(provide_map) by extensions ['colcon_meta']
[2.367s] Level 1:colcon.colcon_core.package_identification:_identify(provide_map) by extension 'colcon_meta'
[2.367s] Level 1:colcon.colcon_core.package_identification:_identify(provide_map) by extensions ['ros']
[2.367s] Level 1:colcon.colcon_core.package_identification:_identify(provide_map) by extension 'ros'
[2.368s] DEBUG:colcon.colcon_core.package_identification:Package 'provide_map' with type 'ros.ament_python' and name 'provide_map'
[2.368s] Level 1:colcon.colcon_core.package_identification:_identify(show_msg) by extensions ['ignore', 'ignore_ament_install']
[2.368s] Level 1:colcon.colcon_core.package_identification:_identify(show_msg) by extension 'ignore'
[2.368s] Level 1:colcon.colcon_core.package_identification:_identify(show_msg) by extension 'ignore_ament_install'
[2.368s] Level 1:colcon.colcon_core.package_identification:_identify(show_msg) by extensions ['colcon_pkg']
[2.368s] Level 1:colcon.colcon_core.package_identification:_identify(show_msg) by extension 'colcon_pkg'
[2.368s] Level 1:colcon.colcon_core.package_identification:_identify(show_msg) by extensions ['colcon_meta']
[2.368s] Level 1:colcon.colcon_core.package_identification:_identify(show_msg) by extension 'colcon_meta'
[2.368s] Level 1:colcon.colcon_core.package_identification:_identify(show_msg) by extensions ['ros']
[2.368s] Level 1:colcon.colcon_core.package_identification:_identify(show_msg) by extension 'ros'
[2.369s] DEBUG:colcon.colcon_core.package_identification:Package 'show_msg' with type 'ros.ament_python' and name 'show_msg'
[2.369s] Level 1:colcon.colcon_core.package_identification:_identify(turtlebot3_simulations) by extensions ['ignore', 'ignore_ament_install']
[2.369s] Level 1:colcon.colcon_core.package_identification:_identify(turtlebot3_simulations) by extension 'ignore'
[2.369s] Level 1:colcon.colcon_core.package_identification:_identify(turtlebot3_simulations) by extension 'ignore_ament_install'
[2.369s] Level 1:colcon.colcon_core.package_identification:_identify(turtlebot3_simulations) by extensions ['colcon_pkg']
[2.369s] Level 1:colcon.colcon_core.package_identification:_identify(turtlebot3_simulations) by extension 'colcon_pkg'
[2.369s] Level 1:colcon.colcon_core.package_identification:_identify(turtlebot3_simulations) by extensions ['colcon_meta']
[2.369s] Level 1:colcon.colcon_core.package_identification:_identify(turtlebot3_simulations) by extension 'colcon_meta'
[2.369s] Level 1:colcon.colcon_core.package_identification:_identify(turtlebot3_simulations) by extensions ['ros']
[2.369s] Level 1:colcon.colcon_core.package_identification:_identify(turtlebot3_simulations) by extension 'ros'
[2.370s] Level 1:colcon.colcon_core.package_identification:_identify(turtlebot3_simulations) by extensions ['cmake', 'python']
[2.370s] Level 1:colcon.colcon_core.package_identification:_identify(turtlebot3_simulations) by extension 'cmake'
[2.370s] Level 1:colcon.colcon_core.package_identification:_identify(turtlebot3_simulations) by extension 'python'
[2.370s] Level 1:colcon.colcon_core.package_identification:_identify(turtlebot3_simulations) by extensions ['python_setup_py']
[2.370s] Level 1:colcon.colcon_core.package_identification:_identify(turtlebot3_simulations) by extension 'python_setup_py'
[2.370s] Level 1:colcon.colcon_core.package_identification:_identify(turtlebot3_simulations/turtlebot3_fake_node) by extensions ['ignore', 'ignore_ament_install']
[2.370s] Level 1:colcon.colcon_core.package_identification:_identify(turtlebot3_simulations/turtlebot3_fake_node) by extension 'ignore'
[2.370s] Level 1:colcon.colcon_core.package_identification:_identify(turtlebot3_simulations/turtlebot3_fake_node) by extension 'ignore_ament_install'
[2.370s] Level 1:colcon.colcon_core.package_identification:_identify(turtlebot3_simulations/turtlebot3_fake_node) by extensions ['colcon_pkg']
[2.370s] Level 1:colcon.colcon_core.package_identification:_identify(turtlebot3_simulations/turtlebot3_fake_node) by extension 'colcon_pkg'
[2.370s] Level 1:colcon.colcon_core.package_identification:_identify(turtlebot3_simulations/turtlebot3_fake_node) by extensions ['colcon_meta']
[2.370s] Level 1:colcon.colcon_core.package_identification:_identify(turtlebot3_simulations/turtlebot3_fake_node) by extension 'colcon_meta'
[2.370s] Level 1:colcon.colcon_core.package_identification:_identify(turtlebot3_simulations/turtlebot3_fake_node) by extensions ['ros']
[2.370s] Level 1:colcon.colcon_core.package_identification:_identify(turtlebot3_simulations/turtlebot3_fake_node) by extension 'ros'
[2.371s] DEBUG:colcon.colcon_core.package_identification:Package 'turtlebot3_simulations/turtlebot3_fake_node' with type 'ros.ament_cmake' and name 'turtlebot3_fake_node'
[2.371s] Level 1:colcon.colcon_core.package_identification:_identify(turtlebot3_simulations/turtlebot3_gazebo) by extensions ['ignore', 'ignore_ament_install']
[2.371s] Level 1:colcon.colcon_core.package_identification:_identify(turtlebot3_simulations/turtlebot3_gazebo) by extension 'ignore'
[2.371s] Level 1:colcon.colcon_core.package_identification:_identify(turtlebot3_simulations/turtlebot3_gazebo) by extension 'ignore_ament_install'
[2.371s] Level 1:colcon.colcon_core.package_identification:_identify(turtlebot3_simulations/turtlebot3_gazebo) by extensions ['colcon_pkg']
[2.371s] Level 1:colcon.colcon_core.package_identification:_identify(turtlebot3_simulations/turtlebot3_gazebo) by extension 'colcon_pkg'
[2.371s] Level 1:colcon.colcon_core.package_identification:_identify(turtlebot3_simulations/turtlebot3_gazebo) by extensions ['colcon_meta']
[2.371s] Level 1:colcon.colcon_core.package_identification:_identify(turtlebot3_simulations/turtlebot3_gazebo) by extension 'colcon_meta'
[2.371s] Level 1:colcon.colcon_core.package_identification:_identify(turtlebot3_simulations/turtlebot3_gazebo) by extensions ['ros']
[2.371s] Level 1:colcon.colcon_core.package_identification:_identify(turtlebot3_simulations/turtlebot3_gazebo) by extension 'ros'
[2.373s] DEBUG:colcon.colcon_core.package_identification:Package 'turtlebot3_simulations/turtlebot3_gazebo' with type 'ros.ament_cmake' and name 'turtlebot3_gazebo'
[2.373s] Level 1:colcon.colcon_core.package_identification:_identify(turtlebot3_simulations/turtlebot3_simulations) by extensions ['ignore', 'ignore_ament_install']
[2.373s] Level 1:colcon.colcon_core.package_identification:_identify(turtlebot3_simulations/turtlebot3_simulations) by extension 'ignore'
[2.373s] Level 1:colcon.colcon_core.package_identification:_identify(turtlebot3_simulations/turtlebot3_simulations) by extension 'ignore_ament_install'
[2.373s] Level 1:colcon.colcon_core.package_identification:_identify(turtlebot3_simulations/turtlebot3_simulations) by extensions ['colcon_pkg']
[2.373s] Level 1:colcon.colcon_core.package_identification:_identify(turtlebot3_simulations/turtlebot3_simulations) by extension 'colcon_pkg'
[2.373s] Level 1:colcon.colcon_core.package_identification:_identify(turtlebot3_simulations/turtlebot3_simulations) by extensions ['colcon_meta']
[2.373s] Level 1:colcon.colcon_core.package_identification:_identify(turtlebot3_simulations/turtlebot3_simulations) by extension 'colcon_meta'
[2.373s] Level 1:colcon.colcon_core.package_identification:_identify(turtlebot3_simulations/turtlebot3_simulations) by extensions ['ros']
[2.373s] Level 1:colcon.colcon_core.package_identification:_identify(turtlebot3_simulations/turtlebot3_simulations) by extension 'ros'
[2.374s] DEBUG:colcon.colcon_core.package_identification:Package 'turtlebot3_simulations/turtlebot3_simulations' with type 'ros.ament_cmake' and name 'turtlebot3_simulations'
[2.374s] Level 1:colcon.colcon_core.package_discovery:discover_packages(recursive) using defaults
[2.374s] Level 1:colcon.colcon_core.package_discovery:discover_packages(ignore) discover
[2.374s] Level 1:colcon.colcon_core.package_discovery:discover_packages(ignore) using defaults
[2.374s] Level 1:colcon.colcon_core.package_discovery:discover_packages(path) discover
[2.374s] Level 1:colcon.colcon_core.package_discovery:discover_packages(path) using defaults
[2.531s] Level 1:colcon.colcon_core.package_discovery:discover_packages(prefix_path) check parameters
[2.532s] Level 1:colcon.colcon_core.package_discovery:discover_packages(prefix_path) discover
[2.609s] DEBUG:colcon.colcon_installed_package_information.package_discovery:Found 9 installed packages in /home/dmpasgal/turtlebot3_ws/install
[2.644s] DEBUG:colcon.colcon_installed_package_information.package_discovery:Found 1 installed packages in /home/dmpasgal/turtlebot3_ws/src/install
[2.681s] DEBUG:colcon.colcon_installed_package_information.package_discovery:Found 336 installed packages in /opt/ros/galactic
[2.682s] Level 1:colcon.colcon_core.package_discovery:discover_packages(prefix_path) using defaults
[3.026s] Level 5:colcon.colcon_core.verb:set package 'custom_interface' build argument 'cmake_args' from command line to 'None'
[3.026s] Level 5:colcon.colcon_core.verb:set package 'custom_interface' build argument 'cmake_target' from command line to 'None'
[3.026s] Level 5:colcon.colcon_core.verb:set package 'custom_interface' build argument 'cmake_target_skip_unavailable' from command line to 'False'
[3.026s] Level 5:colcon.colcon_core.verb:set package 'custom_interface' build argument 'cmake_clean_cache' from command line to 'False'
[3.026s] Level 5:colcon.colcon_core.verb:set package 'custom_interface' build argument 'cmake_clean_first' from command line to 'False'
[3.027s] Level 5:colcon.colcon_core.verb:set package 'custom_interface' build argument 'cmake_force_configure' from command line to 'False'
[3.027s] Level 5:colcon.colcon_core.verb:set package 'custom_interface' build argument 'ament_cmake_args' from command line to 'None'
[3.027s] Level 5:colcon.colcon_core.verb:set package 'custom_interface' build argument 'catkin_cmake_args' from command line to 'None'
[3.027s] Level 5:colcon.colcon_core.verb:set package 'custom_interface' build argument 'catkin_skip_building_tests' from command line to 'False'
[3.027s] DEBUG:colcon.colcon_core.verb:Building package 'custom_interface' with the following arguments: {'ament_cmake_args': None, 'build_base': '/home/dmpasgal/Clothy/ROS/turtlebot3_ws/src/build/custom_interface', 'catkin_cmake_args': None, 'catkin_skip_building_tests': False, 'cmake_args': None, 'cmake_clean_cache': False, 'cmake_clean_first': False, 'cmake_force_configure': False, 'cmake_target': None, 'cmake_target_skip_unavailable': False, 'install_base': '/home/dmpasgal/Clothy/ROS/turtlebot3_ws/src/install/custom_interface', 'merge_install': False, 'path': '/home/dmpasgal/Clothy/ROS/turtlebot3_ws/src/custom_interface', 'symlink_install': False, 'test_result_base': None}
[3.053s] Level 5:colcon.colcon_core.verb:set package 'my_slam' build argument 'cmake_args' from command line to 'None'
[3.053s] Level 5:colcon.colcon_core.verb:set package 'my_slam' build argument 'cmake_target' from command line to 'None'
[3.053s] Level 5:colcon.colcon_core.verb:set package 'my_slam' build argument 'cmake_target_skip_unavailable' from command line to 'False'
[3.053s] Level 5:colcon.colcon_core.verb:set package 'my_slam' build argument 'cmake_clean_cache' from command line to 'False'
[3.053s] Level 5:colcon.colcon_core.verb:set package 'my_slam' build argument 'cmake_clean_first' from command line to 'False'
[3.053s] Level 5:colcon.colcon_core.verb:set package 'my_slam' build argument 'cmake_force_configure' from command line to 'False'
[3.053s] Level 5:colcon.colcon_core.verb:set package 'my_slam' build argument 'ament_cmake_args' from command line to 'None'
[3.054s] Level 5:colcon.colcon_core.verb:set package 'my_slam' build argument 'catkin_cmake_args' from command line to 'None'
[3.054s] Level 5:colcon.colcon_core.verb:set package 'my_slam' build argument 'catkin_skip_building_tests' from command line to 'False'
[3.054s] DEBUG:colcon.colcon_core.verb:Building package 'my_slam' with the following arguments: {'ament_cmake_args': None, 'build_base': '/home/dmpasgal/Clothy/ROS/turtlebot3_ws/src/build/my_slam', 'catkin_cmake_args': None, 'catkin_skip_building_tests': False, 'cmake_args': None, 'cmake_clean_cache': False, 'cmake_clean_first': False, 'cmake_force_configure': False, 'cmake_target': None, 'cmake_target_skip_unavailable': False, 'install_base': '/home/dmpasgal/Clothy/ROS/turtlebot3_ws/src/install/my_slam', 'merge_install': False, 'path': '/home/dmpasgal/Clothy/ROS/turtlebot3_ws/src/my_slam', 'symlink_install': False, 'test_result_base': None}
[3.077s] Level 5:colcon.colcon_core.verb:set package 'provide_map' build argument 'cmake_args' from command line to 'None'
[3.077s] Level 5:colcon.colcon_core.verb:set package 'provide_map' build argument 'cmake_target' from command line to 'None'
[3.078s] Level 5:colcon.colcon_core.verb:set package 'provide_map' build argument 'cmake_target_skip_unavailable' from command line to 'False'
[3.078s] Level 5:colcon.colcon_core.verb:set package 'provide_map' build argument 'cmake_clean_cache' from command line to 'False'
[3.078s] Level 5:colcon.colcon_core.verb:set package 'provide_map' build argument 'cmake_clean_first' from command line to 'False'
[3.078s] Level 5:colcon.colcon_core.verb:set package 'provide_map' build argument 'cmake_force_configure' from command line to 'False'
[3.078s] Level 5:colcon.colcon_core.verb:set package 'provide_map' build argument 'ament_cmake_args' from command line to 'None'
[3.078s] Level 5:colcon.colcon_core.verb:set package 'provide_map' build argument 'catkin_cmake_args' from command line to 'None'
[3.078s] Level 5:colcon.colcon_core.verb:set package 'provide_map' build argument 'catkin_skip_building_tests' from command line to 'False'
[3.078s] DEBUG:colcon.colcon_core.verb:Building package 'provide_map' with the following arguments: {'ament_cmake_args': None, 'build_base': '/home/dmpasgal/Clothy/ROS/turtlebot3_ws/src/build/provide_map', 'catkin_cmake_args': None, 'catkin_skip_building_tests': False, 'cmake_args': None, 'cmake_clean_cache': False, 'cmake_clean_first': False, 'cmake_force_configure': False, 'cmake_target': None, 'cmake_target_skip_unavailable': False, 'install_base': '/home/dmpasgal/Clothy/ROS/turtlebot3_ws/src/install/provide_map', 'merge_install': False, 'path': '/home/dmpasgal/Clothy/ROS/turtlebot3_ws/src/provide_map', 'symlink_install': False, 'test_result_base': None}
[3.104s] Level 5:colcon.colcon_core.verb:set package 'turtlebot3_fake_node' build argument 'cmake_args' from command line to 'None'
[3.104s] Level 5:colcon.colcon_core.verb:set package 'turtlebot3_fake_node' build argument 'cmake_target' from command line to 'None'
[3.104s] Level 5:colcon.colcon_core.verb:set package 'turtlebot3_fake_node' build argument 'cmake_target_skip_unavailable' from command line to 'False'
[3.104s] Level 5:colcon.colcon_core.verb:set package 'turtlebot3_fake_node' build argument 'cmake_clean_cache' from command line to 'False'
[3.104s] Level 5:colcon.colcon_core.verb:set package 'turtlebot3_fake_node' build argument 'cmake_clean_first' from command line to 'False'
[3.104s] Level 5:colcon.colcon_core.verb:set package 'turtlebot3_fake_node' build argument 'cmake_force_configure' from command line to 'False'
[3.104s] Level 5:colcon.colcon_core.verb:set package 'turtlebot3_fake_node' build argument 'ament_cmake_args' from command line to 'None'
[3.104s] Level 5:colcon.colcon_core.verb:set package 'turtlebot3_fake_node' build argument 'catkin_cmake_args' from command line to 'None'
[3.105s] Level 5:colcon.colcon_core.verb:set package 'turtlebot3_fake_node' build argument 'catkin_skip_building_tests' from command line to 'False'
[3.105s] DEBUG:colcon.colcon_core.verb:Building package 'turtlebot3_fake_node' with the following arguments: {'ament_cmake_args': None, 'build_base': '/home/dmpasgal/Clothy/ROS/turtlebot3_ws/src/build/turtlebot3_fake_node', 'catkin_cmake_args': None, 'catkin_skip_building_tests': False, 'cmake_args': None, 'cmake_clean_cache': False, 'cmake_clean_first': False, 'cmake_force_configure': False, 'cmake_target': None, 'cmake_target_skip_unavailable': False, 'install_base': '/home/dmpasgal/Clothy/ROS/turtlebot3_ws/src/install/turtlebot3_fake_node', 'merge_install': False, 'path': '/home/dmpasgal/Clothy/ROS/turtlebot3_ws/src/turtlebot3_simulations/turtlebot3_fake_node', 'symlink_install': False, 'test_result_base': None}
[3.128s] Level 5:colcon.colcon_core.verb:set package 'turtlebot3_gazebo' build argument 'cmake_args' from command line to 'None'
[3.129s] Level 5:colcon.colcon_core.verb:set package 'turtlebot3_gazebo' build argument 'cmake_target' from command line to 'None'
[3.129s] Level 5:colcon.colcon_core.verb:set package 'turtlebot3_gazebo' build argument 'cmake_target_skip_unavailable' from command line to 'False'
[3.129s] Level 5:colcon.colcon_core.verb:set package 'turtlebot3_gazebo' build argument 'cmake_clean_cache' from command line to 'False'
[3.129s] Level 5:colcon.colcon_core.verb:set package 'turtlebot3_gazebo' build argument 'cmake_clean_first' from command line to 'False'
[3.129s] Level 5:colcon.colcon_core.verb:set package 'turtlebot3_gazebo' build argument 'cmake_force_configure' from command line to 'False'
[3.129s] Level 5:colcon.colcon_core.verb:set package 'turtlebot3_gazebo' build argument 'ament_cmake_args' from command line to 'None'
[3.129s] Level 5:colcon.colcon_core.verb:set package 'turtlebot3_gazebo' build argument 'catkin_cmake_args' from command line to 'None'
[3.129s] Level 5:colcon.colcon_core.verb:set package 'turtlebot3_gazebo' build argument 'catkin_skip_building_tests' from command line to 'False'
[3.129s] DEBUG:colcon.colcon_core.verb:Building package 'turtlebot3_gazebo' with the following arguments: {'ament_cmake_args': None, 'build_base': '/home/dmpasgal/Clothy/ROS/turtlebot3_ws/src/build/turtlebot3_gazebo', 'catkin_cmake_args': None, 'catkin_skip_building_tests': False, 'cmake_args': None, 'cmake_clean_cache': False, 'cmake_clean_first': False, 'cmake_force_configure': False, 'cmake_target': None, 'cmake_target_skip_unavailable': False, 'install_base': '/home/dmpasgal/Clothy/ROS/turtlebot3_ws/src/install/turtlebot3_gazebo', 'merge_install': False, 'path': '/home/dmpasgal/Clothy/ROS/turtlebot3_ws/src/turtlebot3_simulations/turtlebot3_gazebo', 'symlink_install': False, 'test_result_base': None}
[3.153s] Level 5:colcon.colcon_core.verb:set package 'my_world' build argument 'cmake_args' from command line to 'None'
[3.154s] Level 5:colcon.colcon_core.verb:set package 'my_world' build argument 'cmake_target' from command line to 'None'
[3.154s] Level 5:colcon.colcon_core.verb:set package 'my_world' build argument 'cmake_target_skip_unavailable' from command line to 'False'
[3.154s] Level 5:colcon.colcon_core.verb:set package 'my_world' build argument 'cmake_clean_cache' from command line to 'False'
[3.154s] Level 5:colcon.colcon_core.verb:set package 'my_world' build argument 'cmake_clean_first' from command line to 'False'
[3.154s] Level 5:colcon.colcon_core.verb:set package 'my_world' build argument 'cmake_force_configure' from command line to 'False'
[3.154s] Level 5:colcon.colcon_core.verb:set package 'my_world' build argument 'ament_cmake_args' from command line to 'None'
[3.154s] Level 5:colcon.colcon_core.verb:set package 'my_world' build argument 'catkin_cmake_args' from command line to 'None'
[3.154s] Level 5:colcon.colcon_core.verb:set package 'my_world' build argument 'catkin_skip_building_tests' from command line to 'False'
[3.154s] DEBUG:colcon.colcon_core.verb:Building package 'my_world' with the following arguments: {'ament_cmake_args': None, 'build_base': '/home/dmpasgal/Clothy/ROS/turtlebot3_ws/src/build/my_world', 'catkin_cmake_args': None, 'catkin_skip_building_tests': False, 'cmake_args': None, 'cmake_clean_cache': False, 'cmake_clean_first': False, 'cmake_force_configure': False, 'cmake_target': None, 'cmake_target_skip_unavailable': False, 'install_base': '/home/dmpasgal/Clothy/ROS/turtlebot3_ws/src/install/my_world', 'merge_install': False, 'path': '/home/dmpasgal/Clothy/ROS/turtlebot3_ws/src/clothy_world', 'symlink_install': False, 'test_result_base': None}
[3.182s] Level 5:colcon.colcon_core.verb:set package 'show_msg' build argument 'cmake_args' from command line to 'None'
[3.182s] Level 5:colcon.colcon_core.verb:set package 'show_msg' build argument 'cmake_target' from command line to 'None'
[3.182s] Level 5:colcon.colcon_core.verb:set package 'show_msg' build argument 'cmake_target_skip_unavailable' from command line to 'False'
[3.182s] Level 5:colcon.colcon_core.verb:set package 'show_msg' build argument 'cmake_clean_cache' from command line to 'False'
[3.182s] Level 5:colcon.colcon_core.verb:set package 'show_msg' build argument 'cmake_clean_first' from command line to 'False'
[3.182s] Level 5:colcon.colcon_core.verb:set package 'show_msg' build argument 'cmake_force_configure' from command line to 'False'
[3.182s] Level 5:colcon.colcon_core.verb:set package 'show_msg' build argument 'ament_cmake_args' from command line to 'None'
[3.183s] Level 5:colcon.colcon_core.verb:set package 'show_msg' build argument 'catkin_cmake_args' from command line to 'None'
[3.183s] Level 5:colcon.colcon_core.verb:set package 'show_msg' build argument 'catkin_skip_building_tests' from command line to 'False'
[3.183s] DEBUG:colcon.colcon_core.verb:Building package 'show_msg' with the following arguments: {'ament_cmake_args': None, 'build_base': '/home/dmpasgal/Clothy/ROS/turtlebot3_ws/src/build/show_msg', 'catkin_cmake_args': None, 'catkin_skip_building_tests': False, 'cmake_args': None, 'cmake_clean_cache': False, 'cmake_clean_first': False, 'cmake_force_configure': False, 'cmake_target': None, 'cmake_target_skip_unavailable': False, 'install_base': '/home/dmpasgal/Clothy/ROS/turtlebot3_ws/src/install/show_msg', 'merge_install': False, 'path': '/home/dmpasgal/Clothy/ROS/turtlebot3_ws/src/show_msg', 'symlink_install': False, 'test_result_base': None}
[3.209s] Level 5:colcon.colcon_core.verb:set package 'turtlebot3_simulations' build argument 'cmake_args' from command line to 'None'
[3.209s] Level 5:colcon.colcon_core.verb:set package 'turtlebot3_simulations' build argument 'cmake_target' from command line to 'None'
[3.209s] Level 5:colcon.colcon_core.verb:set package 'turtlebot3_simulations' build argument 'cmake_target_skip_unavailable' from command line to 'False'
[3.210s] Level 5:colcon.colcon_core.verb:set package 'turtlebot3_simulations' build argument 'cmake_clean_cache' from command line to 'False'
[3.210s] Level 5:colcon.colcon_core.verb:set package 'turtlebot3_simulations' build argument 'cmake_clean_first' from command line to 'False'
[3.210s] Level 5:colcon.colcon_core.verb:set package 'turtlebot3_simulations' build argument 'cmake_force_configure' from command line to 'False'
[3.210s] Level 5:colcon.colcon_core.verb:set package 'turtlebot3_simulations' build argument 'ament_cmake_args' from command line to 'None'
[3.210s] Level 5:colcon.colcon_core.verb:set package 'turtlebot3_simulations' build argument 'catkin_cmake_args' from command line to 'None'
[3.211s] Level 5:colcon.colcon_core.verb:set package 'turtlebot3_simulations' build argument 'catkin_skip_building_tests' from command line to 'False'
[3.211s] DEBUG:colcon.colcon_core.verb:Building package 'turtlebot3_simulations' with the following arguments: {'ament_cmake_args': None, 'build_base': '/home/dmpasgal/Clothy/ROS/turtlebot3_ws/src/build/turtlebot3_simulations', 'catkin_cmake_args': None, 'catkin_skip_building_tests': False, 'cmake_args': None, 'cmake_clean_cache': False, 'cmake_clean_first': False, 'cmake_force_configure': False, 'cmake_target': None, 'cmake_target_skip_unavailable': False, 'install_base': '/home/dmpasgal/Clothy/ROS/turtlebot3_ws/src/install/turtlebot3_simulations', 'merge_install': False, 'path': '/home/dmpasgal/Clothy/ROS/turtlebot3_ws/src/turtlebot3_simulations/turtlebot3_simulations', 'symlink_install': False, 'test_result_base': None}
[3.237s] INFO:colcon.colcon_core.executor:Executing jobs using 'parallel' executor
[3.263s] DEBUG:colcon.colcon_parallel_executor.executor.parallel:run_until_complete
[3.264s] INFO:colcon.colcon_ros.task.ament_cmake.build:Building ROS package in '/home/dmpasgal/Clothy/ROS/turtlebot3_ws/src/turtlebot3_simulations/turtlebot3_gazebo' with build type 'ament_cmake'
[3.265s] INFO:colcon.colcon_cmake.task.cmake.build:Building CMake package in '/home/dmpasgal/Clothy/ROS/turtlebot3_ws/src/turtlebot3_simulations/turtlebot3_gazebo'
[3.303s] INFO:colcon.colcon_core.plugin_system:Skipping extension 'colcon_core.shell.bat': Not used on non-Windows systems
[3.303s] INFO:colcon.colcon_core.shell:Skip shell extension 'powershell' for command environment: Not usable outside of PowerShell
[3.303s] DEBUG:colcon.colcon_core.shell:Skip shell extension 'dsv' for command environment
[3.416s] INFO:colcon.colcon_ros.task.ament_cmake.build:Building ROS package in '/home/dmpasgal/Clothy/ROS/turtlebot3_ws/src/custom_interface' with build type 'ament_cmake'
[3.418s] INFO:colcon.colcon_cmake.task.cmake.build:Building CMake package in '/home/dmpasgal/Clothy/ROS/turtlebot3_ws/src/custom_interface'
[3.450s] INFO:colcon.colcon_core.shell:Skip shell extension 'powershell' for command environment: Not usable outside of PowerShell
[3.450s] DEBUG:colcon.colcon_core.shell:Skip shell extension 'dsv' for command environment
[3.562s] INFO:colcon.colcon_ros.task.ament_cmake.build:Building ROS package in '/home/dmpasgal/Clothy/ROS/turtlebot3_ws/src/turtlebot3_simulations/turtlebot3_fake_node' with build type 'ament_cmake'
[3.562s] INFO:colcon.colcon_cmake.task.cmake.build:Building CMake package in '/home/dmpasgal/Clothy/ROS/turtlebot3_ws/src/turtlebot3_simulations/turtlebot3_fake_node'
[3.604s] INFO:colcon.colcon_core.shell:Skip shell extension 'powershell' for command environment: Not usable outside of PowerShell
[3.606s] DEBUG:colcon.colcon_core.shell:Skip shell extension 'dsv' for command environment
[3.788s] INFO:colcon.colcon_ros.task.ament_python.build:Building ROS package in '/home/dmpasgal/Clothy/ROS/turtlebot3_ws/src/my_slam' with build type 'ament_python'
[3.789s] Level 1:colcon.colcon_core.shell:create_environment_hook('my_slam', 'ament_prefix_path')
[3.822s] INFO:colcon.colcon_core.shell:Creating environment hook '/home/dmpasgal/Clothy/ROS/turtlebot3_ws/src/install/my_slam/share/my_slam/hook/ament_prefix_path.ps1'
[3.827s] INFO:colcon.colcon_core.shell:Creating environment descriptor '/home/dmpasgal/Clothy/ROS/turtlebot3_ws/src/install/my_slam/share/my_slam/hook/ament_prefix_path.dsv'
[3.829s] INFO:colcon.colcon_core.shell:Creating environment hook '/home/dmpasgal/Clothy/ROS/turtlebot3_ws/src/install/my_slam/share/my_slam/hook/ament_prefix_path.sh'
[3.858s] INFO:colcon.colcon_core.shell:Skip shell extension 'powershell' for command environment: Not usable outside of PowerShell
[3.858s] DEBUG:colcon.colcon_core.shell:Skip shell extension 'dsv' for command environment
[3.992s] DEBUG:colcon.colcon_core.event_handler.log_command:Invoking command in '/home/dmpasgal/Clothy/ROS/turtlebot3_ws/src/build/turtlebot3_gazebo': CMAKE_PREFIX_PATH=${CMAKE_PREFIX_PATH}:/home/dmpasgal/turtlebot3_ws/install/show_msg:/home/dmpasgal/turtlebot3_ws/install/my_first_subscriber:/home/dmpasgal/turtlebot3_ws/install/my_first_publisher:/home/dmpasgal/turtlebot3_ws/install/my_first_node:/home/dmpasgal/turtlebot3_ws/src/install/show_msg:/opt/ros/galactic /usr/bin/cmake --build /home/dmpasgal/Clothy/ROS/turtlebot3_ws/src/build/turtlebot3_gazebo -- -j4 -l4
[4.014s] DEBUG:colcon.colcon_core.event_handler.log_command:Invoking command in '/home/dmpasgal/Clothy/ROS/turtlebot3_ws/src/build/custom_interface': CMAKE_PREFIX_PATH=${CMAKE_PREFIX_PATH}:/home/dmpasgal/turtlebot3_ws/install/show_msg:/home/dmpasgal/turtlebot3_ws/install/my_first_subscriber:/home/dmpasgal/turtlebot3_ws/install/my_first_publisher:/home/dmpasgal/turtlebot3_ws/install/my_first_node:/home/dmpasgal/turtlebot3_ws/src/install/show_msg:/opt/ros/galactic /usr/bin/cmake --build /home/dmpasgal/Clothy/ROS/turtlebot3_ws/src/build/custom_interface -- -j4 -l4
[4.022s] DEBUG:colcon.colcon_core.event_handler.log_command:Invoking command in '/home/dmpasgal/Clothy/ROS/turtlebot3_ws/src/build/turtlebot3_fake_node': CMAKE_PREFIX_PATH=${CMAKE_PREFIX_PATH}:/home/dmpasgal/turtlebot3_ws/install/show_msg:/home/dmpasgal/turtlebot3_ws/install/my_first_subscriber:/home/dmpasgal/turtlebot3_ws/install/my_first_publisher:/home/dmpasgal/turtlebot3_ws/install/my_first_node:/home/dmpasgal/turtlebot3_ws/src/install/show_msg:/opt/ros/galactic /usr/bin/cmake --build /home/dmpasgal/Clothy/ROS/turtlebot3_ws/src/build/turtlebot3_fake_node -- -j4 -l4
[4.227s] INFO:colcon.colcon_core.task.python.build:Building Python package in '/home/dmpasgal/Clothy/ROS/turtlebot3_ws/src/my_slam'
[4.361s] INFO:colcon.colcon_core.shell:Skip shell extension 'powershell' for command environment: Not usable outside of PowerShell
[4.361s] DEBUG:colcon.colcon_core.shell:Skip shell extension 'dsv' for command environment
[4.877s] DEBUG:colcon.colcon_core.event_handler.log_command:Invoked command in '/home/dmpasgal/Clothy/ROS/turtlebot3_ws/src/build/custom_interface' returned '0': CMAKE_PREFIX_PATH=${CMAKE_PREFIX_PATH}:/home/dmpasgal/turtlebot3_ws/install/show_msg:/home/dmpasgal/turtlebot3_ws/install/my_first_subscriber:/home/dmpasgal/turtlebot3_ws/install/my_first_publisher:/home/dmpasgal/turtlebot3_ws/install/my_first_node:/home/dmpasgal/turtlebot3_ws/src/install/show_msg:/opt/ros/galactic /usr/bin/cmake --build /home/dmpasgal/Clothy/ROS/turtlebot3_ws/src/build/custom_interface -- -j4 -l4
[5.346s] DEBUG:colcon.colcon_core.event_handler.log_command:Invoking command in '/home/dmpasgal/Clothy/ROS/turtlebot3_ws/src/build/custom_interface': CMAKE_PREFIX_PATH=${CMAKE_PREFIX_PATH}:/home/dmpasgal/turtlebot3_ws/install/show_msg:/home/dmpasgal/turtlebot3_ws/install/my_first_subscriber:/home/dmpasgal/turtlebot3_ws/install/my_first_publisher:/home/dmpasgal/turtlebot3_ws/install/my_first_node:/home/dmpasgal/turtlebot3_ws/src/install/show_msg:/opt/ros/galactic /usr/bin/cmake --install /home/dmpasgal/Clothy/ROS/turtlebot3_ws/src/build/custom_interface
[5.514s] Level 1:colcon.colcon_core.environment:create_environment_scripts_only(custom_interface)
[5.542s] DEBUG:colcon.colcon_core.event_handler.log_command:Invoked command in '/home/dmpasgal/Clothy/ROS/turtlebot3_ws/src/build/custom_interface' returned '0': CMAKE_PREFIX_PATH=${CMAKE_PREFIX_PATH}:/home/dmpasgal/turtlebot3_ws/install/show_msg:/home/dmpasgal/turtlebot3_ws/install/my_first_subscriber:/home/dmpasgal/turtlebot3_ws/install/my_first_publisher:/home/dmpasgal/turtlebot3_ws/install/my_first_node:/home/dmpasgal/turtlebot3_ws/src/install/show_msg:/opt/ros/galactic /usr/bin/cmake --install /home/dmpasgal/Clothy/ROS/turtlebot3_ws/src/build/custom_interface
[5.588s] Level 1:colcon.colcon_core.environment:checking '/home/dmpasgal/Clothy/ROS/turtlebot3_ws/src/install/custom_interface' for CMake module files
[5.589s] Level 1:colcon.colcon_core.environment:checking '/home/dmpasgal/Clothy/ROS/turtlebot3_ws/src/install/custom_interface' for CMake config files
[5.589s] Level 1:colcon.colcon_core.shell:create_environment_hook('custom_interface', 'cmake_prefix_path')
[5.616s] INFO:colcon.colcon_core.shell:Creating environment hook '/home/dmpasgal/Clothy/ROS/turtlebot3_ws/src/install/custom_interface/share/custom_interface/hook/cmake_prefix_path.ps1'
[5.625s] INFO:colcon.colcon_core.shell:Creating environment descriptor '/home/dmpasgal/Clothy/ROS/turtlebot3_ws/src/install/custom_interface/share/custom_interface/hook/cmake_prefix_path.dsv'
[5.628s] INFO:colcon.colcon_core.shell:Creating environment hook '/home/dmpasgal/Clothy/ROS/turtlebot3_ws/src/install/custom_interface/share/custom_interface/hook/cmake_prefix_path.sh'
[5.631s] Level 1:colcon.colcon_core.environment:checking '/home/dmpasgal/Clothy/ROS/turtlebot3_ws/src/install/custom_interface/lib'
[5.632s] Level 1:colcon.colcon_core.shell:create_environment_hook('custom_interface', 'ld_library_path_lib')
[5.721s] INFO:colcon.colcon_core.shell:Creating environment hook '/home/dmpasgal/Clothy/ROS/turtlebot3_ws/src/install/custom_interface/share/custom_interface/hook/ld_library_path_lib.ps1'
[5.721s] INFO:colcon.colcon_core.shell:Creating environment descriptor '/home/dmpasgal/Clothy/ROS/turtlebot3_ws/src/install/custom_interface/share/custom_interface/hook/ld_library_path_lib.dsv'
[5.722s] INFO:colcon.colcon_core.shell:Creating environment hook '/home/dmpasgal/Clothy/ROS/turtlebot3_ws/src/install/custom_interface/share/custom_interface/hook/ld_library_path_lib.sh'
[5.724s] Level 1:colcon.colcon_core.environment:checking '/home/dmpasgal/Clothy/ROS/turtlebot3_ws/src/install/custom_interface/bin'
[5.724s] Level 1:colcon.colcon_core.environment:checking '/home/dmpasgal/Clothy/ROS/turtlebot3_ws/src/install/custom_interface/lib/pkgconfig/custom_interface.pc'
[5.725s] Level 1:colcon.colcon_core.environment:checking '/home/dmpasgal/Clothy/ROS/turtlebot3_ws/src/install/custom_interface/lib/python3.8/site-packages'
[5.725s] Level 1:colcon.colcon_core.shell:create_environment_hook('custom_interface', 'pythonpath')
[5.751s] INFO:colcon.colcon_core.shell:Creating environment hook '/home/dmpasgal/Clothy/ROS/turtlebot3_ws/src/install/custom_interface/share/custom_interface/hook/pythonpath.ps1'
[5.777s] INFO:colcon.colcon_core.shell:Creating environment descriptor '/home/dmpasgal/Clothy/ROS/turtlebot3_ws/src/install/custom_interface/share/custom_interface/hook/pythonpath.dsv'
[5.778s] INFO:colcon.colcon_core.shell:Creating environment hook '/home/dmpasgal/Clothy/ROS/turtlebot3_ws/src/install/custom_interface/share/custom_interface/hook/pythonpath.sh'
[5.778s] Level 1:colcon.colcon_core.environment:checking '/home/dmpasgal/Clothy/ROS/turtlebot3_ws/src/install/custom_interface/bin'
[5.838s] INFO:colcon.colcon_core.shell:Creating package script '/home/dmpasgal/Clothy/ROS/turtlebot3_ws/src/install/custom_interface/share/custom_interface/package.ps1'
[5.842s] INFO:colcon.colcon_core.shell:Creating package descriptor '/home/dmpasgal/Clothy/ROS/turtlebot3_ws/src/install/custom_interface/share/custom_interface/package.dsv'
[5.845s] INFO:colcon.colcon_core.shell:Creating package script '/home/dmpasgal/Clothy/ROS/turtlebot3_ws/src/install/custom_interface/share/custom_interface/package.sh'
[5.848s] INFO:colcon.colcon_core.shell:Creating package script '/home/dmpasgal/Clothy/ROS/turtlebot3_ws/src/install/custom_interface/share/custom_interface/package.bash'
[5.851s] INFO:colcon.colcon_core.shell:Creating package script '/home/dmpasgal/Clothy/ROS/turtlebot3_ws/src/install/custom_interface/share/custom_interface/package.zsh'
[5.853s] Level 1:colcon.colcon_core.environment:create_file_with_runtime_dependencies(/home/dmpasgal/Clothy/ROS/turtlebot3_ws/src/install/custom_interface/share/colcon-core/packages/custom_interface)
[5.863s] DEBUG:colcon.colcon_core.event_handler.log_command:Invoking command in '/home/dmpasgal/Clothy/ROS/turtlebot3_ws/src/my_slam': PYTHONPATH=/home/dmpasgal/Clothy/ROS/turtlebot3_ws/src/build/my_slam/prefix_override:/home/dmpasgal/Clothy/ROS/turtlebot3_ws/src/install/my_slam/lib/python3.8/site-packages:${PYTHONPATH} /usr/bin/python3 setup.py egg_info --egg-base ../build/my_slam build --build-base /home/dmpasgal/Clothy/ROS/turtlebot3_ws/src/build/my_slam/build install --record /home/dmpasgal/Clothy/ROS/turtlebot3_ws/src/build/my_slam/install.log --single-version-externally-managed
[6.227s] Level 1:colcon.colcon_core.environment:create_environment_scripts_only(custom_interface)
[6.290s] Level 1:colcon.colcon_core.environment:checking '/home/dmpasgal/Clothy/ROS/turtlebot3_ws/src/install/custom_interface' for CMake module files
[6.291s] Level 1:colcon.colcon_core.environment:checking '/home/dmpasgal/Clothy/ROS/turtlebot3_ws/src/install/custom_interface' for CMake config files
[6.291s] Level 1:colcon.colcon_core.shell:create_environment_hook('custom_interface', 'cmake_prefix_path')
[6.362s] INFO:colcon.colcon_core.shell:Creating environment hook '/home/dmpasgal/Clothy/ROS/turtlebot3_ws/src/install/custom_interface/share/custom_interface/hook/cmake_prefix_path.ps1'
[6.362s] INFO:colcon.colcon_core.shell:Creating environment descriptor '/home/dmpasgal/Clothy/ROS/turtlebot3_ws/src/install/custom_interface/share/custom_interface/hook/cmake_prefix_path.dsv'
[6.363s] INFO:colcon.colcon_core.shell:Creating environment hook '/home/dmpasgal/Clothy/ROS/turtlebot3_ws/src/install/custom_interface/share/custom_interface/hook/cmake_prefix_path.sh'
[6.364s] Level 1:colcon.colcon_core.environment:checking '/home/dmpasgal/Clothy/ROS/turtlebot3_ws/src/install/custom_interface/lib'
[6.364s] Level 1:colcon.colcon_core.shell:create_environment_hook('custom_interface', 'ld_library_path_lib')
[6.434s] INFO:colcon.colcon_core.shell:Creating environment hook '/home/dmpasgal/Clothy/ROS/turtlebot3_ws/src/install/custom_interface/share/custom_interface/hook/ld_library_path_lib.ps1'
[6.442s] INFO:colcon.colcon_core.shell:Creating environment descriptor '/home/dmpasgal/Clothy/ROS/turtlebot3_ws/src/install/custom_interface/share/custom_interface/hook/ld_library_path_lib.dsv'
[6.442s] INFO:colcon.colcon_core.shell:Creating environment hook '/home/dmpasgal/Clothy/ROS/turtlebot3_ws/src/install/custom_interface/share/custom_interface/hook/ld_library_path_lib.sh'
[6.443s] Level 1:colcon.colcon_core.environment:checking '/home/dmpasgal/Clothy/ROS/turtlebot3_ws/src/install/custom_interface/bin'
[6.443s] Level 1:colcon.colcon_core.environment:checking '/home/dmpasgal/Clothy/ROS/turtlebot3_ws/src/install/custom_interface/lib/pkgconfig/custom_interface.pc'
[6.443s] Level 1:colcon.colcon_core.environment:checking '/home/dmpasgal/Clothy/ROS/turtlebot3_ws/src/install/custom_interface/lib/python3.8/site-packages'
[6.443s] Level 1:colcon.colcon_core.shell:create_environment_hook('custom_interface', 'pythonpath')
[6.508s] INFO:colcon.colcon_core.shell:Creating environment hook '/home/dmpasgal/Clothy/ROS/turtlebot3_ws/src/install/custom_interface/share/custom_interface/hook/pythonpath.ps1'
[6.513s] INFO:colcon.colcon_core.shell:Creating environment descriptor '/home/dmpasgal/Clothy/ROS/turtlebot3_ws/src/install/custom_interface/share/custom_interface/hook/pythonpath.dsv'
[6.513s] INFO:colcon.colcon_core.shell:Creating environment hook '/home/dmpasgal/Clothy/ROS/turtlebot3_ws/src/install/custom_interface/share/custom_interface/hook/pythonpath.sh'
[6.516s] Level 1:colcon.colcon_core.environment:checking '/home/dmpasgal/Clothy/ROS/turtlebot3_ws/src/install/custom_interface/bin'
[6.598s] INFO:colcon.colcon_core.shell:Creating package script '/home/dmpasgal/Clothy/ROS/turtlebot3_ws/src/install/custom_interface/share/custom_interface/package.ps1'
[6.607s] INFO:colcon.colcon_core.shell:Creating package descriptor '/home/dmpasgal/Clothy/ROS/turtlebot3_ws/src/install/custom_interface/share/custom_interface/package.dsv'
[6.608s] INFO:colcon.colcon_core.shell:Creating package script '/home/dmpasgal/Clothy/ROS/turtlebot3_ws/src/install/custom_interface/share/custom_interface/package.sh'
[6.609s] INFO:colcon.colcon_core.shell:Creating package script '/home/dmpasgal/Clothy/ROS/turtlebot3_ws/src/install/custom_interface/share/custom_interface/package.bash'
[6.611s] INFO:colcon.colcon_core.shell:Creating package script '/home/dmpasgal/Clothy/ROS/turtlebot3_ws/src/install/custom_interface/share/custom_interface/package.zsh'
[6.613s] Level 1:colcon.colcon_core.environment:create_file_with_runtime_dependencies(/home/dmpasgal/Clothy/ROS/turtlebot3_ws/src/install/custom_interface/share/colcon-core/packages/custom_interface)
[6.614s] INFO:colcon.colcon_ros.task.ament_python.build:Building ROS package in '/home/dmpasgal/Clothy/ROS/turtlebot3_ws/src/provide_map' with build type 'ament_python'
[6.614s] Level 1:colcon.colcon_core.shell:create_environment_hook('provide_map', 'ament_prefix_path')
[6.693s] INFO:colcon.colcon_core.shell:Creating environment hook '/home/dmpasgal/Clothy/ROS/turtlebot3_ws/src/install/provide_map/share/provide_map/hook/ament_prefix_path.ps1'
[6.696s] INFO:colcon.colcon_core.shell:Creating environment descriptor '/home/dmpasgal/Clothy/ROS/turtlebot3_ws/src/install/provide_map/share/provide_map/hook/ament_prefix_path.dsv'
[6.697s] INFO:colcon.colcon_core.shell:Creating environment hook '/home/dmpasgal/Clothy/ROS/turtlebot3_ws/src/install/provide_map/share/provide_map/hook/ament_prefix_path.sh'
[6.724s] INFO:colcon.colcon_core.shell:Skip shell extension 'powershell' for command environment: Not usable outside of PowerShell
[6.724s] DEBUG:colcon.colcon_core.shell:Skip shell extension 'dsv' for command environment
[6.999s] DEBUG:colcon.colcon_core.event_handler.log_command:Invoked command in '/home/dmpasgal/Clothy/ROS/turtlebot3_ws/src/my_slam' returned '0': PYTHONPATH=/home/dmpasgal/Clothy/ROS/turtlebot3_ws/src/build/my_slam/prefix_override:/home/dmpasgal/Clothy/ROS/turtlebot3_ws/src/install/my_slam/lib/python3.8/site-packages:${PYTHONPATH} /usr/bin/python3 setup.py egg_info --egg-base ../build/my_slam build --build-base /home/dmpasgal/Clothy/ROS/turtlebot3_ws/src/build/my_slam/build install --record /home/dmpasgal/Clothy/ROS/turtlebot3_ws/src/build/my_slam/install.log --single-version-externally-managed
[7.039s] Level 1:colcon.colcon_core.environment:checking '/home/dmpasgal/Clothy/ROS/turtlebot3_ws/src/install/my_slam' for CMake module files
[7.050s] Level 1:colcon.colcon_core.environment:checking '/home/dmpasgal/Clothy/ROS/turtlebot3_ws/src/install/my_slam' for CMake config files
[7.052s] Level 1:colcon.colcon_core.environment:checking '/home/dmpasgal/Clothy/ROS/turtlebot3_ws/src/install/my_slam/lib'
[7.052s] Level 1:colcon.colcon_core.environment:checking '/home/dmpasgal/Clothy/ROS/turtlebot3_ws/src/install/my_slam/bin'
[7.052s] Level 1:colcon.colcon_core.environment:checking '/home/dmpasgal/Clothy/ROS/turtlebot3_ws/src/install/my_slam/lib/pkgconfig/my_slam.pc'
[7.053s] Level 1:colcon.colcon_core.environment:checking '/home/dmpasgal/Clothy/ROS/turtlebot3_ws/src/install/my_slam/lib/python3.8/site-packages'
[7.053s] Level 1:colcon.colcon_core.shell:create_environment_hook('my_slam', 'pythonpath')
[7.094s] INFO:colcon.colcon_core.shell:Creating environment hook '/home/dmpasgal/Clothy/ROS/turtlebot3_ws/src/install/my_slam/share/my_slam/hook/pythonpath.ps1'
[7.095s] INFO:colcon.colcon_core.shell:Creating environment descriptor '/home/dmpasgal/Clothy/ROS/turtlebot3_ws/src/install/my_slam/share/my_slam/hook/pythonpath.dsv'
[7.095s] INFO:colcon.colcon_core.shell:Creating environment hook '/home/dmpasgal/Clothy/ROS/turtlebot3_ws/src/install/my_slam/share/my_slam/hook/pythonpath.sh'
[7.096s] Level 1:colcon.colcon_core.environment:checking '/home/dmpasgal/Clothy/ROS/turtlebot3_ws/src/install/my_slam/bin'
[7.097s] Level 1:colcon.colcon_core.environment:create_environment_scripts_only(my_slam)
[7.243s] INFO:colcon.colcon_core.shell:Creating package script '/home/dmpasgal/Clothy/ROS/turtlebot3_ws/src/install/my_slam/share/my_slam/package.ps1'
[7.250s] INFO:colcon.colcon_core.shell:Creating package descriptor '/home/dmpasgal/Clothy/ROS/turtlebot3_ws/src/install/my_slam/share/my_slam/package.dsv'
[7.252s] INFO:colcon.colcon_core.shell:Creating package script '/home/dmpasgal/Clothy/ROS/turtlebot3_ws/src/install/my_slam/share/my_slam/package.sh'
[7.253s] INFO:colcon.colcon_core.shell:Creating package script '/home/dmpasgal/Clothy/ROS/turtlebot3_ws/src/install/my_slam/share/my_slam/package.bash'
[7.258s] INFO:colcon.colcon_core.shell:Creating package script '/home/dmpasgal/Clothy/ROS/turtlebot3_ws/src/install/my_slam/share/my_slam/package.zsh'
[7.264s] Level 1:colcon.colcon_core.environment:create_file_with_runtime_dependencies(/home/dmpasgal/Clothy/ROS/turtlebot3_ws/src/install/my_slam/share/colcon-core/packages/my_slam)
[7.265s] INFO:colcon.colcon_ros.task.ament_python.build:Building ROS package in '/home/dmpasgal/Clothy/ROS/turtlebot3_ws/src/show_msg' with build type 'ament_python'
[7.266s] Level 1:colcon.colcon_core.shell:create_environment_hook('show_msg', 'ament_prefix_path')
[7.593s] INFO:colcon.colcon_core.shell:Creating environment hook '/home/dmpasgal/Clothy/ROS/turtlebot3_ws/src/install/show_msg/share/show_msg/hook/ament_prefix_path.ps1'
[7.600s] INFO:colcon.colcon_core.shell:Creating environment descriptor '/home/dmpasgal/Clothy/ROS/turtlebot3_ws/src/install/show_msg/share/show_msg/hook/ament_prefix_path.dsv'
[7.604s] INFO:colcon.colcon_core.shell:Creating environment hook '/home/dmpasgal/Clothy/ROS/turtlebot3_ws/src/install/show_msg/share/show_msg/hook/ament_prefix_path.sh'
[7.678s] INFO:colcon.colcon_core.shell:Skip shell extension 'powershell' for command environment: Not usable outside of PowerShell
[7.679s] DEBUG:colcon.colcon_core.shell:Skip shell extension 'dsv' for command environment
[13.719s] INFO:colcon.colcon_core.task.python.build:Building Python package in '/home/dmpasgal/Clothy/ROS/turtlebot3_ws/src/provide_map'
[14.667s] INFO:colcon.colcon_core.shell:Skip shell extension 'powershell' for command environment: Not usable outside of PowerShell
[14.672s] DEBUG:colcon.colcon_core.shell:Skip shell extension 'dsv' for command environment
