[1.958s] Invoking command in '/home/dmpasgal/Clothy/ROS/turtlebot3_ws/src/show_msg': CMAKE_PREFIX_PATH=/home/dmpasgal/Clothy/install/custom_interface:/home/dmpasgal/Clothy/install/turtlebot3_simulations:/home/dmpasgal/Clothy/install/turtlebot3_fake_node:/home/dmpasgal/turtlebot3_ws/install/turtlebot3_simulations:/home/dmpasgal/turtlebot3_ws/install/turtlebot3_gazebo:/home/dmpasgal/turtlebot3_ws/install/turtlebot3_fake_node:/home/dmpasgal/turtlebot3_ws/install/package_name:/home/dmpasgal/turtlebot3_ws/install/custom_interface PYTHONPATH=/home/dmpasgal/Clothy/build/show_msg/prefix_override:/home/dmpasgal/Clothy/install/show_msg/lib/python3.8/site-packages:/home/dmpasgal/Clothy/install/custom_interface/lib/python3.8/site-packages:/home/dmpasgal/Clothy/install/show_msg/lib/python3.8/site-packages:/home/dmpasgal/Clothy/install/provide_map/lib/python3.8/site-packages:/home/dmpasgal/Clothy/install/my_slam/lib/python3.8/site-packages:/home/dmpasgal/turtlebot3_ws/install/show_msg/lib/python3.8/site-packages:/home/dmpasgal/turtlebot3_ws/install/my_first_subscriber/lib/python3.8/site-packages:/home/dmpasgal/turtlebot3_ws/install/my_first_publisher/lib/python3.8/site-packages:/home/dmpasgal/turtlebot3_ws/install/my_first_node/lib/python3.8/site-packages:/home/dmpasgal/turtlebot3_ws/install/custom_interface/lib/python3.8/site-packages:/home/dmpasgal/turtlebot3_ws/src/install/show_msg/lib/python3.8/site-packages:/opt/ros/galactic/lib/python3.8/site-packages /usr/bin/python3 setup.py egg_info --egg-base ../../../../build/show_msg build --build-base /home/dmpasgal/Clothy/build/show_msg/build install --record /home/dmpasgal/Clothy/build/show_msg/install.log --single-version-externally-managed
[2.329s] running egg_info
[2.330s] writing ../../../../build/show_msg/show_msg.egg-info/PKG-INFO
[2.332s] writing dependency_links to ../../../../build/show_msg/show_msg.egg-info/dependency_links.txt
[2.333s] writing entry points to ../../../../build/show_msg/show_msg.egg-info/entry_points.txt
[2.333s] writing requirements to ../../../../build/show_msg/show_msg.egg-info/requires.txt
[2.334s] writing top-level names to ../../../../build/show_msg/show_msg.egg-info/top_level.txt
[2.385s] reading manifest file '../../../../build/show_msg/show_msg.egg-info/SOURCES.txt'
[2.386s] writing manifest file '../../../../build/show_msg/show_msg.egg-info/SOURCES.txt'
[2.387s] running build
[2.387s] running build_py
[2.388s] running install
[2.389s] running install_lib
[2.391s] running install_data
[2.393s] running install_egg_info
[2.395s] removing '/home/dmpasgal/Clothy/install/show_msg/lib/python3.8/site-packages/show_msg-0.0.0-py3.8.egg-info' (and everything under it)
[2.395s] Copying ../../../../build/show_msg/show_msg.egg-info to /home/dmpasgal/Clothy/install/show_msg/lib/python3.8/site-packages/show_msg-0.0.0-py3.8.egg-info
[2.396s] running install_scripts
[2.411s] Installing show_msg script to /home/dmpasgal/Clothy/install/show_msg/lib/show_msg
[2.413s] Installing show_msg_param script to /home/dmpasgal/Clothy/install/show_msg/lib/show_msg
[2.415s] writing list of installed files to '/home/dmpasgal/Clothy/build/show_msg/install.log'
[2.431s] Invoked command in '/home/dmpasgal/Clothy/ROS/turtlebot3_ws/src/show_msg' returned '0': CMAKE_PREFIX_PATH=/home/dmpasgal/Clothy/install/custom_interface:/home/dmpasgal/Clothy/install/turtlebot3_simulations:/home/dmpasgal/Clothy/install/turtlebot3_fake_node:/home/dmpasgal/turtlebot3_ws/install/turtlebot3_simulations:/home/dmpasgal/turtlebot3_ws/install/turtlebot3_gazebo:/home/dmpasgal/turtlebot3_ws/install/turtlebot3_fake_node:/home/dmpasgal/turtlebot3_ws/install/package_name:/home/dmpasgal/turtlebot3_ws/install/custom_interface PYTHONPATH=/home/dmpasgal/Clothy/build/show_msg/prefix_override:/home/dmpasgal/Clothy/install/show_msg/lib/python3.8/site-packages:/home/dmpasgal/Clothy/install/custom_interface/lib/python3.8/site-packages:/home/dmpasgal/Clothy/install/show_msg/lib/python3.8/site-packages:/home/dmpasgal/Clothy/install/provide_map/lib/python3.8/site-packages:/home/dmpasgal/Clothy/install/my_slam/lib/python3.8/site-packages:/home/dmpasgal/turtlebot3_ws/install/show_msg/lib/python3.8/site-packages:/home/dmpasgal/turtlebot3_ws/install/my_first_subscriber/lib/python3.8/site-packages:/home/dmpasgal/turtlebot3_ws/install/my_first_publisher/lib/python3.8/site-packages:/home/dmpasgal/turtlebot3_ws/install/my_first_node/lib/python3.8/site-packages:/home/dmpasgal/turtlebot3_ws/install/custom_interface/lib/python3.8/site-packages:/home/dmpasgal/turtlebot3_ws/src/install/show_msg/lib/python3.8/site-packages:/opt/ros/galactic/lib/python3.8/site-packages /usr/bin/python3 setup.py egg_info --egg-base ../../../../build/show_msg build --build-base /home/dmpasgal/Clothy/build/show_msg/build install --record /home/dmpasgal/Clothy/build/show_msg/install.log --single-version-externally-managed
