[0.679s] Invoking command in '/home/cmarrod3/turtlebot3_ws/src/my_first_node': PYTHONPATH=/home/cmarrod3/turtlebot3_ws/build/my_first_node/prefix_override:/home/cmarrod3/turtlebot3_ws/install/my_first_node/lib/python3.8/site-packages:${PYTHONPATH} /usr/bin/python3 setup.py egg_info --egg-base ../../build/my_first_node build --build-base /home/cmarrod3/turtlebot3_ws/build/my_first_node/build install --record /home/cmarrod3/turtlebot3_ws/build/my_first_node/install.log --single-version-externally-managed
[0.806s] running egg_info
[0.807s] creating ../../build/my_first_node/my_first_node.egg-info
[0.808s] writing ../../build/my_first_node/my_first_node.egg-info/PKG-INFO
[0.808s] writing dependency_links to ../../build/my_first_node/my_first_node.egg-info/dependency_links.txt
[0.809s] writing entry points to ../../build/my_first_node/my_first_node.egg-info/entry_points.txt
[0.809s] writing requirements to ../../build/my_first_node/my_first_node.egg-info/requires.txt
[0.809s] writing top-level names to ../../build/my_first_node/my_first_node.egg-info/top_level.txt
[0.815s] writing manifest file '../../build/my_first_node/my_first_node.egg-info/SOURCES.txt'
[0.835s] reading manifest file '../../build/my_first_node/my_first_node.egg-info/SOURCES.txt'
[0.836s] writing manifest file '../../build/my_first_node/my_first_node.egg-info/SOURCES.txt'
[0.836s] running build
[0.836s] running build_py
[0.836s] creating /home/cmarrod3/turtlebot3_ws/build/my_first_node/build
[0.836s] creating /home/cmarrod3/turtlebot3_ws/build/my_first_node/build/lib
[0.836s] creating /home/cmarrod3/turtlebot3_ws/build/my_first_node/build/lib/my_first_node
[0.838s] copying my_first_node/__init__.py -> /home/cmarrod3/turtlebot3_ws/build/my_first_node/build/lib/my_first_node
[0.838s] copying my_first_node/simple_node.py -> /home/cmarrod3/turtlebot3_ws/build/my_first_node/build/lib/my_first_node
[0.838s] running install
[0.838s] running install_lib
[0.839s] creating /home/cmarrod3/turtlebot3_ws/install/my_first_node/lib/python3.8/site-packages/my_first_node
[0.839s] copying /home/cmarrod3/turtlebot3_ws/build/my_first_node/build/lib/my_first_node/__init__.py -> /home/cmarrod3/turtlebot3_ws/install/my_first_node/lib/python3.8/site-packages/my_first_node
[0.839s] copying /home/cmarrod3/turtlebot3_ws/build/my_first_node/build/lib/my_first_node/simple_node.py -> /home/cmarrod3/turtlebot3_ws/install/my_first_node/lib/python3.8/site-packages/my_first_node
[0.840s] byte-compiling /home/cmarrod3/turtlebot3_ws/install/my_first_node/lib/python3.8/site-packages/my_first_node/__init__.py to __init__.cpython-38.pyc
[0.840s] byte-compiling /home/cmarrod3/turtlebot3_ws/install/my_first_node/lib/python3.8/site-packages/my_first_node/simple_node.py to simple_node.cpython-38.pyc
[0.840s] running install_data
[0.841s] creating /home/cmarrod3/turtlebot3_ws/install/my_first_node/share/ament_index
[0.841s] creating /home/cmarrod3/turtlebot3_ws/install/my_first_node/share/ament_index/resource_index
[0.841s] creating /home/cmarrod3/turtlebot3_ws/install/my_first_node/share/ament_index/resource_index/packages
[0.841s] copying resource/my_first_node -> /home/cmarrod3/turtlebot3_ws/install/my_first_node/share/ament_index/resource_index/packages
[0.841s] copying package.xml -> /home/cmarrod3/turtlebot3_ws/install/my_first_node/share/my_first_node
[0.841s] copying launch/my_first_node_launch.launch.py -> /home/cmarrod3/turtlebot3_ws/install/my_first_node/share/my_first_node
[0.841s] running install_egg_info
[0.842s] Copying ../../build/my_first_node/my_first_node.egg-info to /home/cmarrod3/turtlebot3_ws/install/my_first_node/lib/python3.8/site-packages/my_first_node-0.0.0-py3.8.egg-info
[0.843s] running install_scripts
[0.853s] Installing simple_node script to /home/cmarrod3/turtlebot3_ws/install/my_first_node/lib/my_first_node
[0.853s] writing list of installed files to '/home/cmarrod3/turtlebot3_ws/build/my_first_node/install.log'
[0.906s] Invoked command in '/home/cmarrod3/turtlebot3_ws/src/my_first_node' returned '0': PYTHONPATH=/home/cmarrod3/turtlebot3_ws/build/my_first_node/prefix_override:/home/cmarrod3/turtlebot3_ws/install/my_first_node/lib/python3.8/site-packages:${PYTHONPATH} /usr/bin/python3 setup.py egg_info --egg-base ../../build/my_first_node build --build-base /home/cmarrod3/turtlebot3_ws/build/my_first_node/build install --record /home/cmarrod3/turtlebot3_ws/build/my_first_node/install.log --single-version-externally-managed
