[0.597s] Invoking command in '/home/dmpasgal/Clothy/build/my_world': AMENT_PREFIX_PATH=/home/dmpasgal/Clothy/install/turtlebot3_gazebo:${AMENT_PREFIX_PATH} CMAKE_PREFIX_PATH=/home/dmpasgal/Clothy/install/turtlebot3_gazebo:/home/dmpasgal/turtlebot3_ws/install/turtlebot3_simulations:/home/dmpasgal/turtlebot3_ws/install/turtlebot3_gazebo:/home/dmpasgal/turtlebot3_ws/install/turtlebot3_fake_node:/home/dmpasgal/turtlebot3_ws/install/package_name:/home/dmpasgal/turtlebot3_ws/install/custom_interface:/home/dmpasgal/turtlebot3_ws/install/show_msg:/home/dmpasgal/turtlebot3_ws/install/my_first_subscriber:/home/dmpasgal/turtlebot3_ws/install/my_first_publisher:/home/dmpasgal/turtlebot3_ws/install/my_first_node:/home/dmpasgal/turtlebot3_ws/src/install/show_msg:/opt/ros/galactic /usr/bin/cmake --build /home/dmpasgal/Clothy/build/my_world -- -j4 -l4
[0.693s] [100%] Built target turtlebot3_drive
[0.833s] Invoked command in '/home/dmpasgal/Clothy/build/my_world' returned '0': AMENT_PREFIX_PATH=/home/dmpasgal/Clothy/install/turtlebot3_gazebo:${AMENT_PREFIX_PATH} CMAKE_PREFIX_PATH=/home/dmpasgal/Clothy/install/turtlebot3_gazebo:/home/dmpasgal/turtlebot3_ws/install/turtlebot3_simulations:/home/dmpasgal/turtlebot3_ws/install/turtlebot3_gazebo:/home/dmpasgal/turtlebot3_ws/install/turtlebot3_fake_node:/home/dmpasgal/turtlebot3_ws/install/package_name:/home/dmpasgal/turtlebot3_ws/install/custom_interface:/home/dmpasgal/turtlebot3_ws/install/show_msg:/home/dmpasgal/turtlebot3_ws/install/my_first_subscriber:/home/dmpasgal/turtlebot3_ws/install/my_first_publisher:/home/dmpasgal/turtlebot3_ws/install/my_first_node:/home/dmpasgal/turtlebot3_ws/src/install/show_msg:/opt/ros/galactic /usr/bin/cmake --build /home/dmpasgal/Clothy/build/my_world -- -j4 -l4
[1.186s] Invoking command in '/home/dmpasgal/Clothy/build/my_world': AMENT_PREFIX_PATH=/home/dmpasgal/Clothy/install/turtlebot3_gazebo:${AMENT_PREFIX_PATH} CMAKE_PREFIX_PATH=/home/dmpasgal/Clothy/install/turtlebot3_gazebo:/home/dmpasgal/turtlebot3_ws/install/turtlebot3_simulations:/home/dmpasgal/turtlebot3_ws/install/turtlebot3_gazebo:/home/dmpasgal/turtlebot3_ws/install/turtlebot3_fake_node:/home/dmpasgal/turtlebot3_ws/install/package_name:/home/dmpasgal/turtlebot3_ws/install/custom_interface:/home/dmpasgal/turtlebot3_ws/install/show_msg:/home/dmpasgal/turtlebot3_ws/install/my_first_subscriber:/home/dmpasgal/turtlebot3_ws/install/my_first_publisher:/home/dmpasgal/turtlebot3_ws/install/my_first_node:/home/dmpasgal/turtlebot3_ws/src/install/show_msg:/opt/ros/galactic /usr/bin/cmake --install /home/dmpasgal/Clothy/build/my_world
[1.196s] -- Install configuration: ""
[1.201s] -- Up-to-date: /home/dmpasgal/Clothy/install/my_world/lib/my_world/turtlebot3_drive
[1.202s] -- Up-to-date: /home/dmpasgal/Clothy/install/my_world/share/my_world//launch
[1.202s] -- Up-to-date: /home/dmpasgal/Clothy/install/my_world/share/my_world//launch/turtlebot3_my_world.launch.py
[1.203s] -- Up-to-date: /home/dmpasgal/Clothy/install/my_world/share/my_world//models
[1.203s] -- Up-to-date: /home/dmpasgal/Clothy/install/my_world/share/my_world//models/workcell_bin
[1.203s] -- Up-to-date: /home/dmpasgal/Clothy/install/my_world/share/my_world//models/workcell_bin/meshes
[1.204s] -- Up-to-date: /home/dmpasgal/Clothy/install/my_world/share/my_world//models/workcell_bin/meshes/bin.dae
[1.204s] -- Up-to-date: /home/dmpasgal/Clothy/install/my_world/share/my_world//models/workcell_bin/materials
[1.204s] -- Up-to-date: /home/dmpasgal/Clothy/install/my_world/share/my_world//models/workcell_bin/materials/textures
[1.205s] -- Up-to-date: /home/dmpasgal/Clothy/install/my_world/share/my_world//models/workcell_bin/materials/textures/bin.png
[1.205s] -- Up-to-date: /home/dmpasgal/Clothy/install/my_world/share/my_world//models/workcell_bin/model.sdf
[1.206s] -- Up-to-date: /home/dmpasgal/Clothy/install/my_world/share/my_world//models/workcell_bin/model.config
[1.207s] -- Up-to-date: /home/dmpasgal/Clothy/install/my_world/share/my_world//models/workcell
[1.207s] -- Up-to-date: /home/dmpasgal/Clothy/install/my_world/share/my_world//models/workcell/meshes
[1.207s] -- Up-to-date: /home/dmpasgal/Clothy/install/my_world/share/my_world//models/workcell/meshes/mesh_backup.dae
[1.208s] -- Up-to-date: /home/dmpasgal/Clothy/install/my_world/share/my_world//models/workcell/meshes/mesh.dae
[1.208s] -- Up-to-date: /home/dmpasgal/Clothy/install/my_world/share/my_world//models/workcell/materials
[1.209s] -- Up-to-date: /home/dmpasgal/Clothy/install/my_world/share/my_world//models/workcell/materials/textures
[1.209s] -- Up-to-date: /home/dmpasgal/Clothy/install/my_world/share/my_world//models/workcell/materials/textures/Pillar.png
[1.209s] -- Up-to-date: /home/dmpasgal/Clothy/install/my_world/share/my_world//models/workcell/materials/textures/ControlPanel.png
[1.210s] -- Up-to-date: /home/dmpasgal/Clothy/install/my_world/share/my_world//models/workcell/materials/textures/CardboardBoxes.png
[1.210s] -- Up-to-date: /home/dmpasgal/Clothy/install/my_world/share/my_world//models/workcell/materials/textures/Wall_Concrete.png
[1.212s] -- Up-to-date: /home/dmpasgal/Clothy/install/my_world/share/my_world//models/workcell/materials/textures/Plywood.png
[1.212s] -- Up-to-date: /home/dmpasgal/Clothy/install/my_world/share/my_world//models/workcell/materials/textures/Mesh.png
[1.213s] -- Up-to-date: /home/dmpasgal/Clothy/install/my_world/share/my_world//models/workcell/materials/textures/Floor.png
[1.213s] -- Up-to-date: /home/dmpasgal/Clothy/install/my_world/share/my_world//models/workcell/materials/textures/Conveyor.png
[1.213s] -- Up-to-date: /home/dmpasgal/Clothy/install/my_world/share/my_world//models/workcell/materials/textures/Shelves.png
[1.214s] -- Up-to-date: /home/dmpasgal/Clothy/install/my_world/share/my_world//models/workcell/materials/textures/WorkCell_Render.png
[1.214s] -- Up-to-date: /home/dmpasgal/Clothy/install/my_world/share/my_world//models/workcell/materials/textures/Bin.png
[1.215s] -- Up-to-date: /home/dmpasgal/Clothy/install/my_world/share/my_world//models/workcell/materials/textures/Stairs.png
[1.215s] -- Up-to-date: /home/dmpasgal/Clothy/install/my_world/share/my_world//models/workcell/materials/textures/Door_Window.png
[1.216s] -- Up-to-date: /home/dmpasgal/Clothy/install/my_world/share/my_world//models/workcell/materials/textures/Wall_Corrugated.png
[1.216s] -- Up-to-date: /home/dmpasgal/Clothy/install/my_world/share/my_world//models/workcell/materials/textures/Pallet.png
[1.216s] -- Up-to-date: /home/dmpasgal/Clothy/install/my_world/share/my_world//models/workcell/materials/textures/RollupDoor.png
[1.217s] -- Up-to-date: /home/dmpasgal/Clothy/install/my_world/share/my_world//models/workcell/materials/textures/RubberMat.png
[1.217s] -- Up-to-date: /home/dmpasgal/Clothy/install/my_world/share/my_world//models/workcell/materials/textures/PalletWrap.png
[1.218s] -- Up-to-date: /home/dmpasgal/Clothy/install/my_world/share/my_world//models/workcell/materials/textures/Yellow.png
[1.218s] -- Up-to-date: /home/dmpasgal/Clothy/install/my_world/share/my_world//models/workcell/model.sdf
[1.218s] -- Up-to-date: /home/dmpasgal/Clothy/install/my_world/share/my_world//models/workcell/model.config
[1.219s] -- Up-to-date: /home/dmpasgal/Clothy/install/my_world/share/my_world//models/my_world
[1.219s] -- Up-to-date: /home/dmpasgal/Clothy/install/my_world/share/my_world//models/my_world/model.sdf
[1.219s] -- Up-to-date: /home/dmpasgal/Clothy/install/my_world/share/my_world//models/my_world/model.config
[1.220s] -- Up-to-date: /home/dmpasgal/Clothy/install/my_world/share/my_world//models/turtlebot3_burger
[1.220s] -- Up-to-date: /home/dmpasgal/Clothy/install/my_world/share/my_world//models/turtlebot3_burger/meshes
[1.221s] -- Up-to-date: /home/dmpasgal/Clothy/install/my_world/share/my_world//models/turtlebot3_burger/meshes/lds.dae
[1.221s] -- Up-to-date: /home/dmpasgal/Clothy/install/my_world/share/my_world//models/turtlebot3_burger/meshes/tire.dae
[1.222s] -- Up-to-date: /home/dmpasgal/Clothy/install/my_world/share/my_world//models/turtlebot3_burger/meshes/burger_base.dae
[1.222s] -- Up-to-date: /home/dmpasgal/Clothy/install/my_world/share/my_world//models/turtlebot3_burger/model.sdf
[1.223s] -- Up-to-date: /home/dmpasgal/Clothy/install/my_world/share/my_world//models/turtlebot3_burger/model.config
[1.223s] -- Up-to-date: /home/dmpasgal/Clothy/install/my_world/share/my_world//models/turtlebot3_burger/model-1_4.sdf
[1.224s] -- Up-to-date: /home/dmpasgal/Clothy/install/my_world/share/my_world//world
[1.224s] -- Up-to-date: /home/dmpasgal/Clothy/install/my_world/share/my_world//world/burger_pi.model
[1.225s] -- Up-to-date: /home/dmpasgal/Clothy/install/my_world/share/my_world//world/burger.model
[1.225s] -- Up-to-date: /home/dmpasgal/Clothy/install/my_world/share/my_world//world/warehouse.world
[1.225s] -- Up-to-date: /home/dmpasgal/Clothy/install/my_world/share/my_world//urdf
[1.226s] -- Up-to-date: /home/dmpasgal/Clothy/install/my_world/share/my_world//urdf/turtlebot3_burger.urdf
[1.226s] -- Up-to-date: /home/dmpasgal/Clothy/install/my_world/share/my_world//urdf/turtlebot3_burger_pi.urdf
[1.227s] -- Up-to-date: /home/dmpasgal/Clothy/install/my_world/include/
[1.227s] -- Up-to-date: /home/dmpasgal/Clothy/install/my_world/share/ament_index/resource_index/package_run_dependencies/my_world
[1.228s] -- Up-to-date: /home/dmpasgal/Clothy/install/my_world/share/ament_index/resource_index/parent_prefix_path/my_world
[1.228s] -- Up-to-date: /home/dmpasgal/Clothy/install/my_world/share/my_world/environment/ament_prefix_path.sh
[1.228s] -- Up-to-date: /home/dmpasgal/Clothy/install/my_world/share/my_world/environment/ament_prefix_path.dsv
[1.229s] -- Up-to-date: /home/dmpasgal/Clothy/install/my_world/share/my_world/environment/path.sh
[1.229s] -- Up-to-date: /home/dmpasgal/Clothy/install/my_world/share/my_world/environment/path.dsv
[1.229s] -- Up-to-date: /home/dmpasgal/Clothy/install/my_world/share/my_world/local_setup.bash
[1.230s] -- Up-to-date: /home/dmpasgal/Clothy/install/my_world/share/my_world/local_setup.sh
[1.230s] -- Up-to-date: /home/dmpasgal/Clothy/install/my_world/share/my_world/local_setup.zsh
[1.230s] -- Up-to-date: /home/dmpasgal/Clothy/install/my_world/share/my_world/local_setup.dsv
[1.231s] -- Installing: /home/dmpasgal/Clothy/install/my_world/share/my_world/package.dsv
[1.231s] -- Up-to-date: /home/dmpasgal/Clothy/install/my_world/share/ament_index/resource_index/packages/my_world
[1.232s] -- Up-to-date: /home/dmpasgal/Clothy/install/my_world/share/my_world/cmake/ament_cmake_export_include_directories-extras.cmake
[1.232s] -- Up-to-date: /home/dmpasgal/Clothy/install/my_world/share/my_world/cmake/ament_cmake_export_dependencies-extras.cmake
[1.233s] -- Up-to-date: /home/dmpasgal/Clothy/install/my_world/share/my_world/cmake/my_worldConfig.cmake
[1.233s] -- Up-to-date: /home/dmpasgal/Clothy/install/my_world/share/my_world/cmake/my_worldConfig-version.cmake
[1.236s] -- Up-to-date: /home/dmpasgal/Clothy/install/my_world/share/my_world/package.xml
[1.512s] Invoked command in '/home/dmpasgal/Clothy/build/my_world' returned '0': AMENT_PREFIX_PATH=/home/dmpasgal/Clothy/install/turtlebot3_gazebo:${AMENT_PREFIX_PATH} CMAKE_PREFIX_PATH=/home/dmpasgal/Clothy/install/turtlebot3_gazebo:/home/dmpasgal/turtlebot3_ws/install/turtlebot3_simulations:/home/dmpasgal/turtlebot3_ws/install/turtlebot3_gazebo:/home/dmpasgal/turtlebot3_ws/install/turtlebot3_fake_node:/home/dmpasgal/turtlebot3_ws/install/package_name:/home/dmpasgal/turtlebot3_ws/install/custom_interface:/home/dmpasgal/turtlebot3_ws/install/show_msg:/home/dmpasgal/turtlebot3_ws/install/my_first_subscriber:/home/dmpasgal/turtlebot3_ws/install/my_first_publisher:/home/dmpasgal/turtlebot3_ws/install/my_first_node:/home/dmpasgal/turtlebot3_ws/src/install/show_msg:/opt/ros/galactic /usr/bin/cmake --install /home/dmpasgal/Clothy/build/my_world
