[1.075s] Invoking command in '/home/cmarrod3/turtlebot3_ws/src/my_first_node': PYTHONPATH=/home/cmarrod3/turtlebot3_ws/build/my_first_node/prefix_override:/home/cmarrod3/turtlebot3_ws/install/my_first_node/lib/python3.8/site-packages:${PYTHONPATH} /usr/bin/python3 setup.py egg_info --egg-base ../../build/my_first_node build --build-base /home/cmarrod3/turtlebot3_ws/build/my_first_node/build install --record /home/cmarrod3/turtlebot3_ws/build/my_first_node/install.log --single-version-externally-managed
[1.208s] running egg_info
[1.208s] writing ../../build/my_first_node/my_first_node.egg-info/PKG-INFO
[1.210s] writing dependency_links to ../../build/my_first_node/my_first_node.egg-info/dependency_links.txt
[1.210s] writing entry points to ../../build/my_first_node/my_first_node.egg-info/entry_points.txt
[1.210s] writing requirements to ../../build/my_first_node/my_first_node.egg-info/requires.txt
[1.211s] writing top-level names to ../../build/my_first_node/my_first_node.egg-info/top_level.txt
[1.235s] reading manifest file '../../build/my_first_node/my_first_node.egg-info/SOURCES.txt'
[1.236s] writing manifest file '../../build/my_first_node/my_first_node.egg-info/SOURCES.txt'
[1.236s] running build
[1.236s] running build_py
[1.238s] running install
[1.238s] running install_lib
[1.240s] running install_data
[1.240s] running install_egg_info
[1.241s] removing '/home/cmarrod3/turtlebot3_ws/install/my_first_node/lib/python3.8/site-packages/my_first_node-0.0.0-py3.8.egg-info' (and everything under it)
[1.242s] Copying ../../build/my_first_node/my_first_node.egg-info to /home/cmarrod3/turtlebot3_ws/install/my_first_node/lib/python3.8/site-packages/my_first_node-0.0.0-py3.8.egg-info
[1.242s] running install_scripts
[1.254s] Installing simple_node script to /home/cmarrod3/turtlebot3_ws/install/my_first_node/lib/my_first_node
[1.255s] writing list of installed files to '/home/cmarrod3/turtlebot3_ws/build/my_first_node/install.log'
[1.268s] Invoked command in '/home/cmarrod3/turtlebot3_ws/src/my_first_node' returned '0': PYTHONPATH=/home/cmarrod3/turtlebot3_ws/build/my_first_node/prefix_override:/home/cmarrod3/turtlebot3_ws/install/my_first_node/lib/python3.8/site-packages:${PYTHONPATH} /usr/bin/python3 setup.py egg_info --egg-base ../../build/my_first_node build --build-base /home/cmarrod3/turtlebot3_ws/build/my_first_node/build install --record /home/cmarrod3/turtlebot3_ws/build/my_first_node/install.log --single-version-externally-managed
