[0.548s] Invoking command in '/home/cmarrod3/turtlebot3_ws/src/my_nav2_system': PYTHONPATH=/home/cmarrod3/turtlebot3_ws/build/my_nav2_system/prefix_override:/home/cmarrod3/turtlebot3_ws/install/my_nav2_system/lib/python3.8/site-packages:${PYTHONPATH} /usr/bin/python3 setup.py egg_info --egg-base ../../build/my_nav2_system build --build-base /home/cmarrod3/turtlebot3_ws/build/my_nav2_system/build install --record /home/cmarrod3/turtlebot3_ws/build/my_nav2_system/install.log --single-version-externally-managed
[0.668s] running egg_info
[0.668s] writing ../../build/my_nav2_system/my_nav2_system.egg-info/PKG-INFO
[0.668s] writing dependency_links to ../../build/my_nav2_system/my_nav2_system.egg-info/dependency_links.txt
[0.668s] writing entry points to ../../build/my_nav2_system/my_nav2_system.egg-info/entry_points.txt
[0.668s] writing requirements to ../../build/my_nav2_system/my_nav2_system.egg-info/requires.txt
[0.668s] writing top-level names to ../../build/my_nav2_system/my_nav2_system.egg-info/top_level.txt
[0.687s] reading manifest file '../../build/my_nav2_system/my_nav2_system.egg-info/SOURCES.txt'
[0.688s] writing manifest file '../../build/my_nav2_system/my_nav2_system.egg-info/SOURCES.txt'
[0.688s] running build
[0.688s] running build_py
[0.688s] running install
[0.689s] running install_lib
[0.689s] running install_data
[0.690s] running install_egg_info
[0.691s] removing '/home/cmarrod3/turtlebot3_ws/install/my_nav2_system/lib/python3.8/site-packages/my_nav2_system-0.0.0-py3.8.egg-info' (and everything under it)
[0.691s] Copying ../../build/my_nav2_system/my_nav2_system.egg-info to /home/cmarrod3/turtlebot3_ws/install/my_nav2_system/lib/python3.8/site-packages/my_nav2_system-0.0.0-py3.8.egg-info
[0.691s] running install_scripts
[0.702s] writing list of installed files to '/home/cmarrod3/turtlebot3_ws/build/my_nav2_system/install.log'
[0.714s] Invoked command in '/home/cmarrod3/turtlebot3_ws/src/my_nav2_system' returned '0': PYTHONPATH=/home/cmarrod3/turtlebot3_ws/build/my_nav2_system/prefix_override:/home/cmarrod3/turtlebot3_ws/install/my_nav2_system/lib/python3.8/site-packages:${PYTHONPATH} /usr/bin/python3 setup.py egg_info --egg-base ../../build/my_nav2_system build --build-base /home/cmarrod3/turtlebot3_ws/build/my_nav2_system/build install --record /home/cmarrod3/turtlebot3_ws/build/my_nav2_system/install.log --single-version-externally-managed
