[0.793s] Invoking command in '/home/dmpasgal/Clothy/ROS/turtlebot3_ws/src/show_msg': CMAKE_PREFIX_PATH=/home/dmpasgal/Clothy/ROS/turtlebot3_ws/src/install/custom_interface:/home/dmpasgal/Clothy/ROS/turtlebot3_ws/src/install/my_world:/home/dmpasgal/turtlebot3_ws/install/turtlebot3_simulations:/home/dmpasgal/turtlebot3_ws/install/turtlebot3_gazebo:/home/dmpasgal/turtlebot3_ws/install/turtlebot3_fake_node:/home/dmpasgal/turtlebot3_ws/install/package_name:/home/dmpasgal/turtlebot3_ws/install/custom_interface PYTHONPATH=/home/dmpasgal/Clothy/ROS/turtlebot3_ws/src/build/show_msg/prefix_override:/home/dmpasgal/Clothy/ROS/turtlebot3_ws/src/install/show_msg/lib/python3.8/site-packages:/home/dmpasgal/Clothy/ROS/turtlebot3_ws/src/install/custom_interface/lib/python3.8/site-packages:/home/dmpasgal/Clothy/ROS/turtlebot3_ws/src/install/provide_map/lib/python3.8/site-packages:/home/dmpasgal/Clothy/ROS/turtlebot3_ws/src/install/my_slam/lib/python3.8/site-packages:/home/dmpasgal/turtlebot3_ws/install/show_msg/lib/python3.8/site-packages:/home/dmpasgal/turtlebot3_ws/install/my_first_subscriber/lib/python3.8/site-packages:/home/dmpasgal/turtlebot3_ws/install/my_first_publisher/lib/python3.8/site-packages:/home/dmpasgal/turtlebot3_ws/install/my_first_node/lib/python3.8/site-packages:/home/dmpasgal/turtlebot3_ws/install/custom_interface/lib/python3.8/site-packages:/home/dmpasgal/turtlebot3_ws/src/install/show_msg/lib/python3.8/site-packages:/opt/ros/galactic/lib/python3.8/site-packages /usr/bin/python3 setup.py egg_info --egg-base ../build/show_msg build --build-base /home/dmpasgal/Clothy/ROS/turtlebot3_ws/src/build/show_msg/build install --record /home/dmpasgal/Clothy/ROS/turtlebot3_ws/src/build/show_msg/install.log --single-version-externally-managed
[0.938s] running egg_info
[0.939s] creating ../build/show_msg/show_msg.egg-info
[0.939s] writing ../build/show_msg/show_msg.egg-info/PKG-INFO
[0.940s] writing dependency_links to ../build/show_msg/show_msg.egg-info/dependency_links.txt
[0.940s] writing entry points to ../build/show_msg/show_msg.egg-info/entry_points.txt
[0.941s] writing requirements to ../build/show_msg/show_msg.egg-info/requires.txt
[0.941s] writing top-level names to ../build/show_msg/show_msg.egg-info/top_level.txt
[0.942s] writing manifest file '../build/show_msg/show_msg.egg-info/SOURCES.txt'
[0.963s] reading manifest file '../build/show_msg/show_msg.egg-info/SOURCES.txt'
[0.964s] writing manifest file '../build/show_msg/show_msg.egg-info/SOURCES.txt'
[0.965s] running build
[0.965s] running build_py
[0.966s] creating /home/dmpasgal/Clothy/ROS/turtlebot3_ws/src/build/show_msg/build
[0.966s] creating /home/dmpasgal/Clothy/ROS/turtlebot3_ws/src/build/show_msg/build/lib
[0.966s] creating /home/dmpasgal/Clothy/ROS/turtlebot3_ws/src/build/show_msg/build/lib/show_msg
[0.966s] copying show_msg/show_msg.py -> /home/dmpasgal/Clothy/ROS/turtlebot3_ws/src/build/show_msg/build/lib/show_msg
[0.967s] copying show_msg/__init__.py -> /home/dmpasgal/Clothy/ROS/turtlebot3_ws/src/build/show_msg/build/lib/show_msg
[0.967s] copying show_msg/show_msg_param.py -> /home/dmpasgal/Clothy/ROS/turtlebot3_ws/src/build/show_msg/build/lib/show_msg
[0.968s] running install
[0.969s] running install_lib
[0.970s] creating /home/dmpasgal/Clothy/ROS/turtlebot3_ws/src/install/show_msg/lib/python3.8/site-packages/show_msg
[0.970s] copying /home/dmpasgal/Clothy/ROS/turtlebot3_ws/src/build/show_msg/build/lib/show_msg/show_msg.py -> /home/dmpasgal/Clothy/ROS/turtlebot3_ws/src/install/show_msg/lib/python3.8/site-packages/show_msg
[0.970s] copying /home/dmpasgal/Clothy/ROS/turtlebot3_ws/src/build/show_msg/build/lib/show_msg/__init__.py -> /home/dmpasgal/Clothy/ROS/turtlebot3_ws/src/install/show_msg/lib/python3.8/site-packages/show_msg
[0.970s] copying /home/dmpasgal/Clothy/ROS/turtlebot3_ws/src/build/show_msg/build/lib/show_msg/show_msg_param.py -> /home/dmpasgal/Clothy/ROS/turtlebot3_ws/src/install/show_msg/lib/python3.8/site-packages/show_msg
[0.971s] byte-compiling /home/dmpasgal/Clothy/ROS/turtlebot3_ws/src/install/show_msg/lib/python3.8/site-packages/show_msg/show_msg.py to show_msg.cpython-38.pyc
[0.972s] byte-compiling /home/dmpasgal/Clothy/ROS/turtlebot3_ws/src/install/show_msg/lib/python3.8/site-packages/show_msg/__init__.py to __init__.cpython-38.pyc
[0.972s] byte-compiling /home/dmpasgal/Clothy/ROS/turtlebot3_ws/src/install/show_msg/lib/python3.8/site-packages/show_msg/show_msg_param.py to show_msg_param.cpython-38.pyc
[0.973s] running install_data
[0.973s] creating /home/dmpasgal/Clothy/ROS/turtlebot3_ws/src/install/show_msg/share/ament_index
[0.973s] creating /home/dmpasgal/Clothy/ROS/turtlebot3_ws/src/install/show_msg/share/ament_index/resource_index
[0.974s] creating /home/dmpasgal/Clothy/ROS/turtlebot3_ws/src/install/show_msg/share/ament_index/resource_index/packages
[0.974s] copying resource/show_msg -> /home/dmpasgal/Clothy/ROS/turtlebot3_ws/src/install/show_msg/share/ament_index/resource_index/packages
[0.974s] copying package.xml -> /home/dmpasgal/Clothy/ROS/turtlebot3_ws/src/install/show_msg/share/show_msg
[0.974s] copying launch/show_msg_param.launch.py -> /home/dmpasgal/Clothy/ROS/turtlebot3_ws/src/install/show_msg/share/show_msg
[0.975s] copying launch/show_msg.launch.py -> /home/dmpasgal/Clothy/ROS/turtlebot3_ws/src/install/show_msg/share/show_msg
[0.975s] running install_egg_info
[0.976s] Copying ../build/show_msg/show_msg.egg-info to /home/dmpasgal/Clothy/ROS/turtlebot3_ws/src/install/show_msg/lib/python3.8/site-packages/show_msg-0.0.0-py3.8.egg-info
[0.977s] running install_scripts
[0.993s] Installing show_msg script to /home/dmpasgal/Clothy/ROS/turtlebot3_ws/src/install/show_msg/lib/show_msg
[0.993s] Installing show_msg_param script to /home/dmpasgal/Clothy/ROS/turtlebot3_ws/src/install/show_msg/lib/show_msg
[0.994s] writing list of installed files to '/home/dmpasgal/Clothy/ROS/turtlebot3_ws/src/build/show_msg/install.log'
[1.011s] Invoked command in '/home/dmpasgal/Clothy/ROS/turtlebot3_ws/src/show_msg' returned '0': CMAKE_PREFIX_PATH=/home/dmpasgal/Clothy/ROS/turtlebot3_ws/src/install/custom_interface:/home/dmpasgal/Clothy/ROS/turtlebot3_ws/src/install/my_world:/home/dmpasgal/turtlebot3_ws/install/turtlebot3_simulations:/home/dmpasgal/turtlebot3_ws/install/turtlebot3_gazebo:/home/dmpasgal/turtlebot3_ws/install/turtlebot3_fake_node:/home/dmpasgal/turtlebot3_ws/install/package_name:/home/dmpasgal/turtlebot3_ws/install/custom_interface PYTHONPATH=/home/dmpasgal/Clothy/ROS/turtlebot3_ws/src/build/show_msg/prefix_override:/home/dmpasgal/Clothy/ROS/turtlebot3_ws/src/install/show_msg/lib/python3.8/site-packages:/home/dmpasgal/Clothy/ROS/turtlebot3_ws/src/install/custom_interface/lib/python3.8/site-packages:/home/dmpasgal/Clothy/ROS/turtlebot3_ws/src/install/provide_map/lib/python3.8/site-packages:/home/dmpasgal/Clothy/ROS/turtlebot3_ws/src/install/my_slam/lib/python3.8/site-packages:/home/dmpasgal/turtlebot3_ws/install/show_msg/lib/python3.8/site-packages:/home/dmpasgal/turtlebot3_ws/install/my_first_subscriber/lib/python3.8/site-packages:/home/dmpasgal/turtlebot3_ws/install/my_first_publisher/lib/python3.8/site-packages:/home/dmpasgal/turtlebot3_ws/install/my_first_node/lib/python3.8/site-packages:/home/dmpasgal/turtlebot3_ws/install/custom_interface/lib/python3.8/site-packages:/home/dmpasgal/turtlebot3_ws/src/install/show_msg/lib/python3.8/site-packages:/opt/ros/galactic/lib/python3.8/site-packages /usr/bin/python3 setup.py egg_info --egg-base ../build/show_msg build --build-base /home/dmpasgal/Clothy/ROS/turtlebot3_ws/src/build/show_msg/build install --record /home/dmpasgal/Clothy/ROS/turtlebot3_ws/src/build/show_msg/install.log --single-version-externally-managed
