[100%] Built target turtlebot3_drive
-- Install configuration: ""
-- Installing: /home/cmarrod3/turtlebot3_ws/install/my_world/lib/my_world/turtlebot3_drive
-- Set runtime path of "/home/cmarrod3/turtlebot3_ws/install/my_world/lib/my_world/turtlebot3_drive" to ""
-- Installing: /home/cmarrod3/turtlebot3_ws/install/my_world/share/my_world//launch
-- Installing: /home/cmarrod3/turtlebot3_ws/install/my_world/share/my_world//launch/turtlebot3_my_world.launch.py
-- Installing: /home/cmarrod3/turtlebot3_ws/install/my_world/share/my_world//models
-- Installing: /home/cmarrod3/turtlebot3_ws/install/my_world/share/my_world//models/drc_practice_ball_valve
-- Installing: /home/cmarrod3/turtlebot3_ws/install/my_world/share/my_world//models/drc_practice_ball_valve/model-1_4.sdf
-- Installing: /home/cmarrod3/turtlebot3_ws/install/my_world/share/my_world//models/drc_practice_ball_valve/meshes
-- Installing: /home/cmarrod3/turtlebot3_ws/install/my_world/share/my_world//models/drc_practice_ball_valve/meshes/ball_valve.dae
-- Installing: /home/cmarrod3/turtlebot3_ws/install/my_world/share/my_world//models/drc_practice_ball_valve/meshes/attachment.dae
-- Installing: /home/cmarrod3/turtlebot3_ws/install/my_world/share/my_world//models/drc_practice_ball_valve/materials
-- Installing: /home/cmarrod3/turtlebot3_ws/install/my_world/share/my_world//models/drc_practice_ball_valve/materials/textures
-- Installing: /home/cmarrod3/turtlebot3_ws/install/my_world/share/my_world//models/drc_practice_ball_valve/materials/textures/Metal_Rough.png
-- Installing: /home/cmarrod3/turtlebot3_ws/install/my_world/share/my_world//models/drc_practice_ball_valve/model.config
-- Installing: /home/cmarrod3/turtlebot3_ws/install/my_world/share/my_world//models/drc_practice_ball_valve/model.sdf
-- Installing: /home/cmarrod3/turtlebot3_ws/install/my_world/share/my_world//models/gertrudiseye
-- Installing: /home/cmarrod3/turtlebot3_ws/install/my_world/share/my_world//models/gertrudiseye/meshes
-- Installing: /home/cmarrod3/turtlebot3_ws/install/my_world/share/my_world//models/gertrudiseye/meshes/gertrudiseye.png
-- Installing: /home/cmarrod3/turtlebot3_ws/install/my_world/share/my_world//models/gertrudiseye/meshes/gertrudiseye.dae
-- Installing: /home/cmarrod3/turtlebot3_ws/install/my_world/share/my_world//models/gertrudiseye/meshes/old_lightskinned_female_diffuse.png
-- Installing: /home/cmarrod3/turtlebot3_ws/install/my_world/share/my_world//models/gertrudiseye/meshes/female_elegantsuit01_diffuse.png
-- Installing: /home/cmarrod3/turtlebot3_ws/install/my_world/share/my_world//models/gertrudiseye/meshes/female_elegantsuit01_normal.png
-- Installing: /home/cmarrod3/turtlebot3_ws/install/my_world/share/my_world//models/gertrudiseye/meshes/tongue01_diffuse.png
-- Installing: /home/cmarrod3/turtlebot3_ws/install/my_world/share/my_world//models/gertrudiseye/meshes/gertrudiseyev2.dae
-- Installing: /home/cmarrod3/turtlebot3_ws/install/my_world/share/my_world//models/gertrudiseye/meshes/green_eye.png
-- Installing: /home/cmarrod3/turtlebot3_ws/install/my_world/share/my_world//models/gertrudiseye/meshes/braid01_diffuse.png
-- Installing: /home/cmarrod3/turtlebot3_ws/install/my_world/share/my_world//models/gertrudiseye/meshes/teeth.png
-- Installing: /home/cmarrod3/turtlebot3_ws/install/my_world/share/my_world//models/gertrudiseye/model.config
-- Installing: /home/cmarrod3/turtlebot3_ws/install/my_world/share/my_world//models/gertrudiseye/model.sdf
-- Installing: /home/cmarrod3/turtlebot3_ws/install/my_world/share/my_world//models/doguinho.zip
-- Installing: /home/cmarrod3/turtlebot3_ws/install/my_world/share/my_world//models/my_world
-- Installing: /home/cmarrod3/turtlebot3_ws/install/my_world/share/my_world//models/my_world/model.config
-- Installing: /home/cmarrod3/turtlebot3_ws/install/my_world/share/my_world//models/my_world/model.sdf
-- Installing: /home/cmarrod3/turtlebot3_ws/install/my_world/share/my_world//models/apartment
-- Installing: /home/cmarrod3/turtlebot3_ws/install/my_world/share/my_world//models/apartment/meshes
-- Installing: /home/cmarrod3/turtlebot3_ws/install/my_world/share/my_world//models/apartment/meshes/apartment.dae
-- Installing: /home/cmarrod3/turtlebot3_ws/install/my_world/share/my_world//models/apartment/materials
-- Installing: /home/cmarrod3/turtlebot3_ws/install/my_world/share/my_world//models/apartment/materials/textures
-- Installing: /home/cmarrod3/turtlebot3_ws/install/my_world/share/my_world//models/apartment/materials/textures/apartment_spec.jpg
-- Installing: /home/cmarrod3/turtlebot3_ws/install/my_world/share/my_world//models/apartment/materials/textures/apartment_diffuse.jpg
-- Installing: /home/cmarrod3/turtlebot3_ws/install/my_world/share/my_world//models/apartment/model.config
-- Installing: /home/cmarrod3/turtlebot3_ws/install/my_world/share/my_world//models/apartment/model.sdf
-- Installing: /home/cmarrod3/turtlebot3_ws/install/my_world/share/my_world//models/turtlebot3_burger_pi
-- Installing: /home/cmarrod3/turtlebot3_ws/install/my_world/share/my_world//models/turtlebot3_burger_pi/model-1_4.sdf
-- Installing: /home/cmarrod3/turtlebot3_ws/install/my_world/share/my_world//models/turtlebot3_burger_pi/meshes
-- Installing: /home/cmarrod3/turtlebot3_ws/install/my_world/share/my_world//models/turtlebot3_burger_pi/meshes/lds.dae
-- Installing: /home/cmarrod3/turtlebot3_ws/install/my_world/share/my_world//models/turtlebot3_burger_pi/meshes/tire.dae
-- Installing: /home/cmarrod3/turtlebot3_ws/install/my_world/share/my_world//models/turtlebot3_burger_pi/meshes/burger_base.dae
-- Installing: /home/cmarrod3/turtlebot3_ws/install/my_world/share/my_world//models/turtlebot3_burger_pi/model.config
-- Installing: /home/cmarrod3/turtlebot3_ws/install/my_world/share/my_world//models/turtlebot3_burger_pi/model.sdf
-- Installing: /home/cmarrod3/turtlebot3_ws/install/my_world/share/my_world//models/turtlebot3_burger
-- Installing: /home/cmarrod3/turtlebot3_ws/install/my_world/share/my_world//models/turtlebot3_burger/model-1_4.sdf
-- Installing: /home/cmarrod3/turtlebot3_ws/install/my_world/share/my_world//models/turtlebot3_burger/meshes
-- Installing: /home/cmarrod3/turtlebot3_ws/install/my_world/share/my_world//models/turtlebot3_burger/meshes/lds.dae
-- Installing: /home/cmarrod3/turtlebot3_ws/install/my_world/share/my_world//models/turtlebot3_burger/meshes/tire.dae
-- Installing: /home/cmarrod3/turtlebot3_ws/install/my_world/share/my_world//models/turtlebot3_burger/meshes/burger_base.dae
-- Installing: /home/cmarrod3/turtlebot3_ws/install/my_world/share/my_world//models/turtlebot3_burger/model.config
-- Installing: /home/cmarrod3/turtlebot3_ws/install/my_world/share/my_world//models/turtlebot3_burger/model.sdf
-- Installing: /home/cmarrod3/turtlebot3_ws/install/my_world/share/my_world//models/kumaeye
-- Installing: /home/cmarrod3/turtlebot3_ws/install/my_world/share/my_world//models/kumaeye/meshes
-- Installing: /home/cmarrod3/turtlebot3_ws/install/my_world/share/my_world//models/kumaeye/meshes/young_lightskinned_female_diffuse3.png
-- Installing: /home/cmarrod3/turtlebot3_ws/install/my_world/share/my_world//models/kumaeye/meshes/kumaeye.dae
-- Installing: /home/cmarrod3/turtlebot3_ws/install/my_world/share/my_world//models/kumaeye/meshes/kumaeyev2.dae
-- Installing: /home/cmarrod3/turtlebot3_ws/install/my_world/share/my_world//models/kumaeye/meshes/male_worksuit01_normal.png
-- Installing: /home/cmarrod3/turtlebot3_ws/install/my_world/share/my_world//models/kumaeye/meshes/tongue01_diffuse.png
-- Installing: /home/cmarrod3/turtlebot3_ws/install/my_world/share/my_world//models/kumaeye/meshes/male_worksuit01_diffuse.png
-- Installing: /home/cmarrod3/turtlebot3_ws/install/my_world/share/my_world//models/kumaeye/meshes/short01_diffuse.png
-- Installing: /home/cmarrod3/turtlebot3_ws/install/my_world/share/my_world//models/kumaeye/meshes/brown_eye.png
-- Installing: /home/cmarrod3/turtlebot3_ws/install/my_world/share/my_world//models/kumaeye/meshes/kumaeye.png
-- Installing: /home/cmarrod3/turtlebot3_ws/install/my_world/share/my_world//models/kumaeye/meshes/teeth.png
-- Installing: /home/cmarrod3/turtlebot3_ws/install/my_world/share/my_world//models/kumaeye/meshes/eyebrow010.png
-- Installing: /home/cmarrod3/turtlebot3_ws/install/my_world/share/my_world//models/kumaeye/model.config
-- Installing: /home/cmarrod3/turtlebot3_ws/install/my_world/share/my_world//models/kumaeye/model.sdf
-- Installing: /home/cmarrod3/turtlebot3_ws/install/my_world/share/my_world//models/ej0vwvf0j8jk-lowpolycat
-- Installing: /home/cmarrod3/turtlebot3_ws/install/my_world/share/my_world//models/sweedish_apartment
-- Installing: /home/cmarrod3/turtlebot3_ws/install/my_world/share/my_world//models/sweedish_apartment/meshes
-- Installing: /home/cmarrod3/turtlebot3_ws/install/my_world/share/my_world//models/sweedish_apartment/meshes/model.dae
-- Installing: /home/cmarrod3/turtlebot3_ws/install/my_world/share/my_world//models/sweedish_apartment/model.config
-- Installing: /home/cmarrod3/turtlebot3_ws/install/my_world/share/my_world//models/sweedish_apartment/model.sdf
-- Installing: /home/cmarrod3/turtlebot3_ws/install/my_world/share/my_world//models/willowgarage
-- Installing: /home/cmarrod3/turtlebot3_ws/install/my_world/share/my_world//models/willowgarage/model-1_2.sdf
-- Installing: /home/cmarrod3/turtlebot3_ws/install/my_world/share/my_world//models/willowgarage/model-1_3.sdf
-- Installing: /home/cmarrod3/turtlebot3_ws/install/my_world/share/my_world//models/willowgarage/model-1_4.sdf
-- Installing: /home/cmarrod3/turtlebot3_ws/install/my_world/share/my_world//models/willowgarage/meshes
-- Installing: /home/cmarrod3/turtlebot3_ws/install/my_world/share/my_world//models/willowgarage/meshes/willowgarage_visual.dae
-- Installing: /home/cmarrod3/turtlebot3_ws/install/my_world/share/my_world//models/willowgarage/meshes/willowgarage_collision.dae
-- Installing: /home/cmarrod3/turtlebot3_ws/install/my_world/share/my_world//models/willowgarage/materials
-- Installing: /home/cmarrod3/turtlebot3_ws/install/my_world/share/my_world//models/willowgarage/materials/textures
-- Installing: /home/cmarrod3/turtlebot3_ws/install/my_world/share/my_world//models/willowgarage/materials/textures/Wood_Bamboo_Medium_.png
-- Installing: /home/cmarrod3/turtlebot3_ws/install/my_world/share/my_world//models/willowgarage/materials/textures/Carpet_Berber_Pattern_Gray_.png
-- Installing: /home/cmarrod3/turtlebot3_ws/install/my_world/share/my_world//models/willowgarage/materials/textures/Stone_Brushed_Khaki_.png
-- Installing: /home/cmarrod3/turtlebot3_ws/install/my_world/share/my_world//models/willowgarage/materials/textures/__Wood_Bamboo_Medium_1.png
-- Installing: /home/cmarrod3/turtlebot3_ws/install/my_world/share/my_world//models/willowgarage/materials/textures/Wood_Cherry_Original_.png
-- Installing: /home/cmarrod3/turtlebot3_ws/install/my_world/share/my_world//models/willowgarage/materials/textures/__auto_12.png
-- Installing: /home/cmarrod3/turtlebot3_ws/install/my_world/share/my_world//models/willowgarage/materials/textures/__auto_2.png
-- Installing: /home/cmarrod3/turtlebot3_ws/install/my_world/share/my_world//models/willowgarage/model.config
-- Installing: /home/cmarrod3/turtlebot3_ws/install/my_world/share/my_world//models/willowgarage/model.sdf
-- Installing: /home/cmarrod3/turtlebot3_ws/install/my_world/share/my_world//models/naokoeye
-- Installing: /home/cmarrod3/turtlebot3_ws/install/my_world/share/my_world//models/naokoeye/meshes
-- Installing: /home/cmarrod3/turtlebot3_ws/install/my_world/share/my_world//models/naokoeye/meshes/bob02_diffuse.png
-- Installing: /home/cmarrod3/turtlebot3_ws/install/my_world/share/my_world//models/naokoeye/meshes/female_casualsuit02_normal.png
-- Installing: /home/cmarrod3/turtlebot3_ws/install/my_world/share/my_world//models/naokoeye/meshes/eyebrow001.png
-- Installing: /home/cmarrod3/turtlebot3_ws/install/my_world/share/my_world//models/naokoeye/meshes/naokoeye.png
-- Installing: /home/cmarrod3/turtlebot3_ws/install/my_world/share/my_world//models/naokoeye/meshes/brown_eye.png
-- Installing: /home/cmarrod3/turtlebot3_ws/install/my_world/share/my_world//models/naokoeye/meshes/female_casualsuit02_diffuse.png
-- Installing: /home/cmarrod3/turtlebot3_ws/install/my_world/share/my_world//models/naokoeye/meshes/naokoeye.dae
-- Installing: /home/cmarrod3/turtlebot3_ws/install/my_world/share/my_world//models/naokoeye/meshes/naokoeyev2.dae
-- Installing: /home/cmarrod3/turtlebot3_ws/install/my_world/share/my_world//models/naokoeye/model.config
-- Installing: /home/cmarrod3/turtlebot3_ws/install/my_world/share/my_world//models/naokoeye/model.sdf
-- Installing: /home/cmarrod3/turtlebot3_ws/install/my_world/share/my_world//models/cricket_ball
-- Installing: /home/cmarrod3/turtlebot3_ws/install/my_world/share/my_world//models/cricket_ball/model.rsdf
-- Installing: /home/cmarrod3/turtlebot3_ws/install/my_world/share/my_world//models/cricket_ball/model.config
-- Installing: /home/cmarrod3/turtlebot3_ws/install/my_world/share/my_world//models/cricket_ball/model.sdf
-- Installing: /home/cmarrod3/turtlebot3_ws/install/my_world/share/my_world//models/doguinho
-- Installing: /home/cmarrod3/turtlebot3_ws/install/my_world/share/my_world//models/doguinho/meshes
-- Installing: /home/cmarrod3/turtlebot3_ws/install/my_world/share/my_world//models/doguinho/meshes/Doguinho_low_poly_doguinho_uv_BaseColor.png
-- Installing: /home/cmarrod3/turtlebot3_ws/install/my_world/share/my_world//models/doguinho/meshes/Doguinho_low_poly_doguinho_uv_Normal.png
-- Installing: /home/cmarrod3/turtlebot3_ws/install/my_world/share/my_world//models/doguinho/meshes/Doguinho_low_poly_doguinho_uv_Roughness.png
-- Installing: /home/cmarrod3/turtlebot3_ws/install/my_world/share/my_world//models/doguinho/meshes/Doguinho_low_poly_doguinho_uv_Metallic.png
-- Installing: /home/cmarrod3/turtlebot3_ws/install/my_world/share/my_world//models/doguinho/meshes/Doguinho_low_poly_doguinho_uv_Height.png
-- Installing: /home/cmarrod3/turtlebot3_ws/install/my_world/share/my_world//models/doguinho/meshes/doguinho.dae
-- Installing: /home/cmarrod3/turtlebot3_ws/install/my_world/share/my_world//models/doguinho/model.config
-- Installing: /home/cmarrod3/turtlebot3_ws/install/my_world/share/my_world//models/doguinho/model.sdf
-- Installing: /home/cmarrod3/turtlebot3_ws/install/my_world/share/my_world//models/kitchen_dining
-- Installing: /home/cmarrod3/turtlebot3_ws/install/my_world/share/my_world//models/kitchen_dining/model-1_3.sdf
-- Installing: /home/cmarrod3/turtlebot3_ws/install/my_world/share/my_world//models/kitchen_dining/model-1_4.sdf
-- Installing: /home/cmarrod3/turtlebot3_ws/install/my_world/share/my_world//models/kitchen_dining/meshes
-- Installing: /home/cmarrod3/turtlebot3_ws/install/my_world/share/my_world//models/kitchen_dining/meshes/kitchen_dining.dae
-- Installing: /home/cmarrod3/turtlebot3_ws/install/my_world/share/my_world//models/kitchen_dining/materials
-- Installing: /home/cmarrod3/turtlebot3_ws/install/my_world/share/my_world//models/kitchen_dining/materials/textures
-- Installing: /home/cmarrod3/turtlebot3_ws/install/my_world/share/my_world//models/kitchen_dining/materials/textures/__auto_47.png
-- Installing: /home/cmarrod3/turtlebot3_ws/install/my_world/share/my_world//models/kitchen_dining/materials/textures/__auto_44.png
-- Installing: /home/cmarrod3/turtlebot3_ws/install/my_world/share/my_world//models/kitchen_dining/materials/textures/__auto_39.png
-- Installing: /home/cmarrod3/turtlebot3_ws/install/my_world/share/my_world//models/kitchen_dining/materials/textures/__auto_17.png
-- Installing: /home/cmarrod3/turtlebot3_ws/install/my_world/share/my_world//models/kitchen_dining/materials/textures/__auto_64.png
-- Installing: /home/cmarrod3/turtlebot3_ws/install/my_world/share/my_world//models/kitchen_dining/materials/textures/__auto_43.png
-- Installing: /home/cmarrod3/turtlebot3_ws/install/my_world/share/my_world//models/kitchen_dining/materials/textures/__auto_18.png
-- Installing: /home/cmarrod3/turtlebot3_ws/install/my_world/share/my_world//models/kitchen_dining/materials/textures/__auto_49.png
-- Installing: /home/cmarrod3/turtlebot3_ws/install/my_world/share/my_world//models/kitchen_dining/materials/textures/__auto_59.png
-- Installing: /home/cmarrod3/turtlebot3_ws/install/my_world/share/my_world//models/kitchen_dining/materials/textures/__auto_21.png
-- Installing: /home/cmarrod3/turtlebot3_ws/install/my_world/share/my_world//models/kitchen_dining/materials/textures/__auto_28.png
-- Installing: /home/cmarrod3/turtlebot3_ws/install/my_world/share/my_world//models/kitchen_dining/materials/textures/__auto_38.png
-- Installing: /home/cmarrod3/turtlebot3_ws/install/my_world/share/my_world//models/kitchen_dining/materials/textures/__auto_61.png
-- Installing: /home/cmarrod3/turtlebot3_ws/install/my_world/share/my_world//models/kitchen_dining/materials/textures/__auto_9.png
-- Installing: /home/cmarrod3/turtlebot3_ws/install/my_world/share/my_world//models/kitchen_dining/materials/textures/__auto_52.png
-- Installing: /home/cmarrod3/turtlebot3_ws/install/my_world/share/my_world//models/kitchen_dining/materials/textures/__auto_69.png
-- Installing: /home/cmarrod3/turtlebot3_ws/install/my_world/share/my_world//models/kitchen_dining/materials/textures/__auto_40.png
-- Installing: /home/cmarrod3/turtlebot3_ws/install/my_world/share/my_world//models/kitchen_dining/materials/textures/__auto_1.png
-- Installing: /home/cmarrod3/turtlebot3_ws/install/my_world/share/my_world//models/kitchen_dining/materials/textures/__auto_51.png
-- Installing: /home/cmarrod3/turtlebot3_ws/install/my_world/share/my_world//models/kitchen_dining/materials/textures/__auto_7.png
-- Installing: /home/cmarrod3/turtlebot3_ws/install/my_world/share/my_world//models/kitchen_dining/materials/textures/__auto_57.png
-- Installing: /home/cmarrod3/turtlebot3_ws/install/my_world/share/my_world//models/kitchen_dining/materials/textures/__auto_14.png
-- Installing: /home/cmarrod3/turtlebot3_ws/install/my_world/share/my_world//models/kitchen_dining/materials/textures/__auto_13.png
-- Installing: /home/cmarrod3/turtlebot3_ws/install/my_world/share/my_world//models/kitchen_dining/materials/textures/__auto_66.png
-- Installing: /home/cmarrod3/turtlebot3_ws/install/my_world/share/my_world//models/kitchen_dining/materials/textures/__auto_60.png
-- Installing: /home/cmarrod3/turtlebot3_ws/install/my_world/share/my_world//models/kitchen_dining/materials/textures/__auto_50.png
-- Installing: /home/cmarrod3/turtlebot3_ws/install/my_world/share/my_world//models/kitchen_dining/materials/textures/__auto_41.png
-- Installing: /home/cmarrod3/turtlebot3_ws/install/my_world/share/my_world//models/kitchen_dining/materials/textures/__auto_29.png
-- Installing: /home/cmarrod3/turtlebot3_ws/install/my_world/share/my_world//models/kitchen_dining/materials/textures/__auto_53.png
-- Installing: /home/cmarrod3/turtlebot3_ws/install/my_world/share/my_world//models/kitchen_dining/materials/textures/__auto_24.png
-- Installing: /home/cmarrod3/turtlebot3_ws/install/my_world/share/my_world//models/kitchen_dining/materials/textures/__auto_20.png
-- Installing: /home/cmarrod3/turtlebot3_ws/install/my_world/share/my_world//models/kitchen_dining/materials/textures/__auto_56.png
-- Installing: /home/cmarrod3/turtlebot3_ws/install/my_world/share/my_world//models/kitchen_dining/materials/textures/__auto_19.png
-- Installing: /home/cmarrod3/turtlebot3_ws/install/my_world/share/my_world//models/kitchen_dining/materials/textures/__auto_16.png
-- Installing: /home/cmarrod3/turtlebot3_ws/install/my_world/share/my_world//models/kitchen_dining/materials/textures/__auto_8.png
-- Installing: /home/cmarrod3/turtlebot3_ws/install/my_world/share/my_world//models/kitchen_dining/materials/textures/__auto_45.png
-- Installing: /home/cmarrod3/turtlebot3_ws/install/my_world/share/my_world//models/kitchen_dining/materials/textures/__auto_46.png
-- Installing: /home/cmarrod3/turtlebot3_ws/install/my_world/share/my_world//models/kitchen_dining/materials/textures/__auto_2.png
-- Installing: /home/cmarrod3/turtlebot3_ws/install/my_world/share/my_world//models/kitchen_dining/materials/textures/__auto_22.png
-- Installing: /home/cmarrod3/turtlebot3_ws/install/my_world/share/my_world//models/kitchen_dining/materials/textures/__auto_30.png
-- Installing: /home/cmarrod3/turtlebot3_ws/install/my_world/share/my_world//models/kitchen_dining/materials/textures/__auto_25.png
-- Installing: /home/cmarrod3/turtlebot3_ws/install/my_world/share/my_world//models/kitchen_dining/materials/textures/__auto_42.png
-- Installing: /home/cmarrod3/turtlebot3_ws/install/my_world/share/my_world//models/kitchen_dining/model.config
-- Installing: /home/cmarrod3/turtlebot3_ws/install/my_world/share/my_world//models/kitchen_dining/model.sdf
-- Installing: /home/cmarrod3/turtlebot3_ws/install/my_world/share/my_world//models/bobeye
-- Installing: /home/cmarrod3/turtlebot3_ws/install/my_world/share/my_world//models/bobeye/meshes
-- Installing: /home/cmarrod3/turtlebot3_ws/install/my_world/share/my_world//models/bobeye/meshes/bobeye.dae
-- Installing: /home/cmarrod3/turtlebot3_ws/install/my_world/share/my_world//models/bobeye/meshes/young_darkskinned_male_diffuse.png
-- Installing: /home/cmarrod3/turtlebot3_ws/install/my_world/share/my_world//models/bobeye/meshes/bobeye.png
-- Installing: /home/cmarrod3/turtlebot3_ws/install/my_world/share/my_world//models/bobeye/meshes/eyebrow001.png
-- Installing: /home/cmarrod3/turtlebot3_ws/install/my_world/share/my_world//models/bobeye/meshes/bobeyev2.dae
-- Installing: /home/cmarrod3/turtlebot3_ws/install/my_world/share/my_world//models/bobeye/meshes/tongue01_diffuse.png
-- Installing: /home/cmarrod3/turtlebot3_ws/install/my_world/share/my_world//models/bobeye/meshes/male_casualsuit03_diffuse.png
-- Installing: /home/cmarrod3/turtlebot3_ws/install/my_world/share/my_world//models/bobeye/meshes/male_casualsuit03_normal.png
-- Installing: /home/cmarrod3/turtlebot3_ws/install/my_world/share/my_world//models/bobeye/meshes/shoes03_diffuse.png
-- Installing: /home/cmarrod3/turtlebot3_ws/install/my_world/share/my_world//models/bobeye/meshes/brown_eye.png
-- Installing: /home/cmarrod3/turtlebot3_ws/install/my_world/share/my_world//models/bobeye/meshes/teeth.png
-- Installing: /home/cmarrod3/turtlebot3_ws/install/my_world/share/my_world//models/bobeye/model.config
-- Installing: /home/cmarrod3/turtlebot3_ws/install/my_world/share/my_world//models/bobeye/model.sdf
-- Installing: /home/cmarrod3/turtlebot3_ws/install/my_world/share/my_world//models/ball_bearing
-- Installing: /home/cmarrod3/turtlebot3_ws/install/my_world/share/my_world//models/ball_bearing/model.rsdf
-- Installing: /home/cmarrod3/turtlebot3_ws/install/my_world/share/my_world//models/ball_bearing/model.config
-- Installing: /home/cmarrod3/turtlebot3_ws/install/my_world/share/my_world//models/ball_bearing/model.sdf
-- Installing: /home/cmarrod3/turtlebot3_ws/install/my_world/share/my_world//models/cafe
-- Installing: /home/cmarrod3/turtlebot3_ws/install/my_world/share/my_world//models/cafe/meshes
-- Installing: /home/cmarrod3/turtlebot3_ws/install/my_world/share/my_world//models/cafe/meshes/cafe.dae
-- Installing: /home/cmarrod3/turtlebot3_ws/install/my_world/share/my_world//models/cafe/materials
-- Installing: /home/cmarrod3/turtlebot3_ws/install/my_world/share/my_world//models/cafe/materials/textures
-- Installing: /home/cmarrod3/turtlebot3_ws/install/my_world/share/my_world//models/cafe/materials/textures/__auto_29.jpg
-- Installing: /home/cmarrod3/turtlebot3_ws/install/my_world/share/my_world//models/cafe/materials/textures/__auto_21.jpg
-- Installing: /home/cmarrod3/turtlebot3_ws/install/my_world/share/my_world//models/cafe/materials/textures/__auto_10.jpg
-- Installing: /home/cmarrod3/turtlebot3_ws/install/my_world/share/my_world//models/cafe/materials/textures/__auto_26.jpg
-- Installing: /home/cmarrod3/turtlebot3_ws/install/my_world/share/my_world//models/cafe/materials/textures/__auto_28.jpg
-- Installing: /home/cmarrod3/turtlebot3_ws/install/my_world/share/my_world//models/cafe/materials/textures/__auto_37.jpg
-- Installing: /home/cmarrod3/turtlebot3_ws/install/my_world/share/my_world//models/cafe/materials/textures/__auto_2.jpg
-- Installing: /home/cmarrod3/turtlebot3_ws/install/my_world/share/my_world//models/cafe/materials/textures/__auto_35.jpg
-- Installing: /home/cmarrod3/turtlebot3_ws/install/my_world/share/my_world//models/cafe/materials/textures/__auto_22.jpg
-- Installing: /home/cmarrod3/turtlebot3_ws/install/my_world/share/my_world//models/cafe/materials/textures/__auto_23.jpg
-- Installing: /home/cmarrod3/turtlebot3_ws/install/my_world/share/my_world//models/cafe/materials/textures/__auto_34.jpg
-- Installing: /home/cmarrod3/turtlebot3_ws/install/my_world/share/my_world//models/cafe/materials/textures/__auto_24.jpg
-- Installing: /home/cmarrod3/turtlebot3_ws/install/my_world/share/my_world//models/cafe/materials/textures/__auto_25.jpg
-- Installing: /home/cmarrod3/turtlebot3_ws/install/my_world/share/my_world//models/cafe/materials/textures/__auto_30.jpg
-- Installing: /home/cmarrod3/turtlebot3_ws/install/my_world/share/my_world//models/cafe/materials/textures/__auto_31.jpg
-- Installing: /home/cmarrod3/turtlebot3_ws/install/my_world/share/my_world//models/cafe/model.config
-- Installing: /home/cmarrod3/turtlebot3_ws/install/my_world/share/my_world//models/cafe/model.sdf
-- Installing: /home/cmarrod3/turtlebot3_ws/install/my_world/share/my_world//models/warehouse_1
-- Installing: /home/cmarrod3/turtlebot3_ws/install/my_world/share/my_world//models/warehouse_1/meshes
-- Installing: /home/cmarrod3/turtlebot3_ws/install/my_world/share/my_world//models/warehouse_1/meshes/fetchit_env_version3.dae
-- Installing: /home/cmarrod3/turtlebot3_ws/install/my_world/share/my_world//models/warehouse_1/meshes/EandM.jpg
-- Installing: /home/cmarrod3/turtlebot3_ws/install/my_world/share/my_world//models/warehouse_1/meshes/SICK_V2_WHITE.jpg
-- Installing: /home/cmarrod3/turtlebot3_ws/install/my_world/share/my_world//models/warehouse_1/meshes/fetchit_env_version2.dae
-- Installing: /home/cmarrod3/turtlebot3_ws/install/my_world/share/my_world//models/warehouse_1/meshes/fetchit_manipulation_challenge_logo.png
-- Installing: /home/cmarrod3/turtlebot3_ws/install/my_world/share/my_world//models/warehouse_1/meshes/dummy.png
-- Installing: /home/cmarrod3/turtlebot3_ws/install/my_world/share/my_world//models/warehouse_1/meshes/icra2019-poster-image.png
-- Installing: /home/cmarrod3/turtlebot3_ws/install/my_world/share/my_world//models/warehouse_1/meshes/SCHUNK_logo.jpg
-- Installing: /home/cmarrod3/turtlebot3_ws/install/my_world/share/my_world//models/warehouse_1/meshes/Logo-SICK.jpg
-- Installing: /home/cmarrod3/turtlebot3_ws/install/my_world/share/my_world//models/warehouse_1/meshes/fetchit_env_version4.dae
-- Installing: /home/cmarrod3/turtlebot3_ws/install/my_world/share/my_world//models/warehouse_1/meshes/fetchit_env_version1.dae
-- Installing: /home/cmarrod3/turtlebot3_ws/install/my_world/share/my_world//models/warehouse_1/meshes/SICK_V2.png
-- Installing: /home/cmarrod3/turtlebot3_ws/install/my_world/share/my_world//models/warehouse_1/meshes/rock1.JPG
-- Installing: /home/cmarrod3/turtlebot3_ws/install/my_world/share/my_world//models/warehouse_1/meshes/FetchLogo-1024x388.png
-- Installing: /home/cmarrod3/turtlebot3_ws/install/my_world/share/my_world//models/warehouse_1/meshes/Logo-TheConstruct-primario-NEW-tagline-2.jpg
-- Installing: /home/cmarrod3/turtlebot3_ws/install/my_world/share/my_world//models/warehouse_1/meshes/warehouse_collision.stl
-- Installing: /home/cmarrod3/turtlebot3_ws/install/my_world/share/my_world//models/warehouse_1/meshes/box_labels.png
-- Installing: /home/cmarrod3/turtlebot3_ws/install/my_world/share/my_world//models/warehouse_1/model.config
-- Installing: /home/cmarrod3/turtlebot3_ws/install/my_world/share/my_world//models/warehouse_1/model.sdf
-- Installing: /home/cmarrod3/turtlebot3_ws/install/my_world/share/my_world//world
-- Installing: /home/cmarrod3/turtlebot3_ws/install/my_world/share/my_world//world/burger_pi.model
-- Installing: /home/cmarrod3/turtlebot3_ws/install/my_world/share/my_world//world/burger.model
-- Installing: /home/cmarrod3/turtlebot3_ws/install/my_world/share/my_world//urdf
-- Installing: /home/cmarrod3/turtlebot3_ws/install/my_world/share/my_world//urdf/turtlebot3_burger_pi.urdf
-- Installing: /home/cmarrod3/turtlebot3_ws/install/my_world/share/my_world//urdf/turtlebot3_burger.urdf
-- Installing: /home/cmarrod3/turtlebot3_ws/install/my_world/include/
-- Installing: /home/cmarrod3/turtlebot3_ws/install/my_world/share/ament_index/resource_index/package_run_dependencies/my_world
-- Installing: /home/cmarrod3/turtlebot3_ws/install/my_world/share/ament_index/resource_index/parent_prefix_path/my_world
-- Installing: /home/cmarrod3/turtlebot3_ws/install/my_world/share/my_world/environment/ament_prefix_path.sh
-- Installing: /home/cmarrod3/turtlebot3_ws/install/my_world/share/my_world/environment/ament_prefix_path.dsv
-- Installing: /home/cmarrod3/turtlebot3_ws/install/my_world/share/my_world/environment/path.sh
-- Installing: /home/cmarrod3/turtlebot3_ws/install/my_world/share/my_world/environment/path.dsv
-- Installing: /home/cmarrod3/turtlebot3_ws/install/my_world/share/my_world/local_setup.bash
-- Installing: /home/cmarrod3/turtlebot3_ws/install/my_world/share/my_world/local_setup.sh
-- Installing: /home/cmarrod3/turtlebot3_ws/install/my_world/share/my_world/local_setup.zsh
-- Installing: /home/cmarrod3/turtlebot3_ws/install/my_world/share/my_world/local_setup.dsv
-- Installing: /home/cmarrod3/turtlebot3_ws/install/my_world/share/my_world/package.dsv
-- Installing: /home/cmarrod3/turtlebot3_ws/install/my_world/share/ament_index/resource_index/packages/my_world
-- Installing: /home/cmarrod3/turtlebot3_ws/install/my_world/share/my_world/cmake/ament_cmake_export_include_directories-extras.cmake
-- Installing: /home/cmarrod3/turtlebot3_ws/install/my_world/share/my_world/cmake/ament_cmake_export_dependencies-extras.cmake
-- Installing: /home/cmarrod3/turtlebot3_ws/install/my_world/share/my_world/cmake/my_worldConfig.cmake
-- Installing: /home/cmarrod3/turtlebot3_ws/install/my_world/share/my_world/cmake/my_worldConfig-version.cmake
-- Installing: /home/cmarrod3/turtlebot3_ws/install/my_world/share/my_world/package.xml
