[2.895s] Invoking command in '/home/dmpasgal/Clothy/ROS/turtlebot3_ws/src/provide_map': PYTHONPATH=/home/dmpasgal/Clothy/build/provide_map/prefix_override:/home/dmpasgal/Clothy/install/provide_map/lib/python3.8/site-packages:${PYTHONPATH} /usr/bin/python3 setup.py egg_info --egg-base ../../../../build/provide_map build --build-base /home/dmpasgal/Clothy/build/provide_map/build install --record /home/dmpasgal/Clothy/build/provide_map/install.log --single-version-externally-managed
[3.259s] running egg_info
[3.262s] writing ../../../../build/provide_map/provide_map.egg-info/PKG-INFO
[3.265s] writing dependency_links to ../../../../build/provide_map/provide_map.egg-info/dependency_links.txt
[3.265s] writing entry points to ../../../../build/provide_map/provide_map.egg-info/entry_points.txt
[3.265s] writing requirements to ../../../../build/provide_map/provide_map.egg-info/requires.txt
[3.265s] writing top-level names to ../../../../build/provide_map/provide_map.egg-info/top_level.txt
[3.314s] reading manifest file '../../../../build/provide_map/provide_map.egg-info/SOURCES.txt'
[3.315s] writing manifest file '../../../../build/provide_map/provide_map.egg-info/SOURCES.txt'
[3.315s] running build
[3.315s] running build_py
[3.315s] running install
[3.315s] running install_lib
[3.315s] running install_data
[3.321s] running install_egg_info
[3.321s] removing '/home/dmpasgal/Clothy/install/provide_map/lib/python3.8/site-packages/provide_map-0.0.0-py3.8.egg-info' (and everything under it)
[3.321s] Copying ../../../../build/provide_map/provide_map.egg-info to /home/dmpasgal/Clothy/install/provide_map/lib/python3.8/site-packages/provide_map-0.0.0-py3.8.egg-info
[3.322s] running install_scripts
[3.336s] writing list of installed files to '/home/dmpasgal/Clothy/build/provide_map/install.log'
[3.353s] Invoked command in '/home/dmpasgal/Clothy/ROS/turtlebot3_ws/src/provide_map' returned '0': PYTHONPATH=/home/dmpasgal/Clothy/build/provide_map/prefix_override:/home/dmpasgal/Clothy/install/provide_map/lib/python3.8/site-packages:${PYTHONPATH} /usr/bin/python3 setup.py egg_info --egg-base ../../../../build/provide_map build --build-base /home/dmpasgal/Clothy/build/provide_map/build install --record /home/dmpasgal/Clothy/build/provide_map/install.log --single-version-externally-managed
