[0.387s] Invoking command in '/home/dmpasgal/Clothy/build/turtlebot3_fake_node': CMAKE_PREFIX_PATH=${CMAKE_PREFIX_PATH}:/home/dmpasgal/Clothy/install/show_msg:/home/dmpasgal/Clothy/install/provide_map:/home/dmpasgal/Clothy/install/my_slam:/home/dmpasgal/turtlebot3_ws/install/show_msg:/home/dmpasgal/turtlebot3_ws/install/my_first_subscriber:/home/dmpasgal/turtlebot3_ws/install/my_first_publisher:/home/dmpasgal/turtlebot3_ws/install/my_first_node:/home/dmpasgal/turtlebot3_ws/src/install/show_msg:/opt/ros/galactic /usr/bin/cmake --build /home/dmpasgal/Clothy/build/turtlebot3_fake_node -- -j4 -l4
[0.553s] [100%] Built target turtlebot3_fake_node
[0.954s] Invoked command in '/home/dmpasgal/Clothy/build/turtlebot3_fake_node' returned '0': CMAKE_PREFIX_PATH=${CMAKE_PREFIX_PATH}:/home/dmpasgal/Clothy/install/show_msg:/home/dmpasgal/Clothy/install/provide_map:/home/dmpasgal/Clothy/install/my_slam:/home/dmpasgal/turtlebot3_ws/install/show_msg:/home/dmpasgal/turtlebot3_ws/install/my_first_subscriber:/home/dmpasgal/turtlebot3_ws/install/my_first_publisher:/home/dmpasgal/turtlebot3_ws/install/my_first_node:/home/dmpasgal/turtlebot3_ws/src/install/show_msg:/opt/ros/galactic /usr/bin/cmake --build /home/dmpasgal/Clothy/build/turtlebot3_fake_node -- -j4 -l4
[1.019s] Invoking command in '/home/dmpasgal/Clothy/build/turtlebot3_fake_node': CMAKE_PREFIX_PATH=${CMAKE_PREFIX_PATH}:/home/dmpasgal/Clothy/install/show_msg:/home/dmpasgal/Clothy/install/provide_map:/home/dmpasgal/Clothy/install/my_slam:/home/dmpasgal/turtlebot3_ws/install/show_msg:/home/dmpasgal/turtlebot3_ws/install/my_first_subscriber:/home/dmpasgal/turtlebot3_ws/install/my_first_publisher:/home/dmpasgal/turtlebot3_ws/install/my_first_node:/home/dmpasgal/turtlebot3_ws/src/install/show_msg:/opt/ros/galactic /usr/bin/cmake --install /home/dmpasgal/Clothy/build/turtlebot3_fake_node
[1.029s] -- Install configuration: ""
[1.032s] -- Up-to-date: /home/dmpasgal/Clothy/install/turtlebot3_fake_node/lib/turtlebot3_fake_node/turtlebot3_fake_node
[1.033s] -- Up-to-date: /home/dmpasgal/Clothy/install/turtlebot3_fake_node/share/turtlebot3_fake_node/launch
[1.034s] -- Up-to-date: /home/dmpasgal/Clothy/install/turtlebot3_fake_node/share/turtlebot3_fake_node/launch/rviz2.launch.py
[1.034s] -- Up-to-date: /home/dmpasgal/Clothy/install/turtlebot3_fake_node/share/turtlebot3_fake_node/launch/turtlebot3_fake_node.launch.py
[1.035s] -- Up-to-date: /home/dmpasgal/Clothy/install/turtlebot3_fake_node/share/turtlebot3_fake_node/param
[1.035s] -- Up-to-date: /home/dmpasgal/Clothy/install/turtlebot3_fake_node/share/turtlebot3_fake_node/param/waffle.yaml
[1.036s] -- Up-to-date: /home/dmpasgal/Clothy/install/turtlebot3_fake_node/share/turtlebot3_fake_node/param/burger.yaml
[1.036s] -- Up-to-date: /home/dmpasgal/Clothy/install/turtlebot3_fake_node/share/turtlebot3_fake_node/param/waffle_pi.yaml
[1.036s] -- Up-to-date: /home/dmpasgal/Clothy/install/turtlebot3_fake_node/include/
[1.036s] -- Up-to-date: /home/dmpasgal/Clothy/install/turtlebot3_fake_node/include//turtlebot3_fake_node
[1.037s] -- Up-to-date: /home/dmpasgal/Clothy/install/turtlebot3_fake_node/include//turtlebot3_fake_node/turtlebot3_fake_node.hpp
[1.037s] -- Up-to-date: /home/dmpasgal/Clothy/install/turtlebot3_fake_node/share/ament_index/resource_index/package_run_dependencies/turtlebot3_fake_node
[1.038s] -- Up-to-date: /home/dmpasgal/Clothy/install/turtlebot3_fake_node/share/ament_index/resource_index/parent_prefix_path/turtlebot3_fake_node
[1.039s] -- Up-to-date: /home/dmpasgal/Clothy/install/turtlebot3_fake_node/share/turtlebot3_fake_node/environment/ament_prefix_path.sh
[1.039s] -- Up-to-date: /home/dmpasgal/Clothy/install/turtlebot3_fake_node/share/turtlebot3_fake_node/environment/ament_prefix_path.dsv
[1.039s] -- Up-to-date: /home/dmpasgal/Clothy/install/turtlebot3_fake_node/share/turtlebot3_fake_node/environment/path.sh
[1.039s] -- Up-to-date: /home/dmpasgal/Clothy/install/turtlebot3_fake_node/share/turtlebot3_fake_node/environment/path.dsv
[1.039s] -- Up-to-date: /home/dmpasgal/Clothy/install/turtlebot3_fake_node/share/turtlebot3_fake_node/local_setup.bash
[1.039s] -- Up-to-date: /home/dmpasgal/Clothy/install/turtlebot3_fake_node/share/turtlebot3_fake_node/local_setup.sh
[1.039s] -- Up-to-date: /home/dmpasgal/Clothy/install/turtlebot3_fake_node/share/turtlebot3_fake_node/local_setup.zsh
[1.040s] -- Up-to-date: /home/dmpasgal/Clothy/install/turtlebot3_fake_node/share/turtlebot3_fake_node/local_setup.dsv
[1.040s] -- Installing: /home/dmpasgal/Clothy/install/turtlebot3_fake_node/share/turtlebot3_fake_node/package.dsv
[1.041s] -- Up-to-date: /home/dmpasgal/Clothy/install/turtlebot3_fake_node/share/ament_index/resource_index/packages/turtlebot3_fake_node
[1.042s] -- Up-to-date: /home/dmpasgal/Clothy/install/turtlebot3_fake_node/share/turtlebot3_fake_node/cmake/ament_cmake_export_include_directories-extras.cmake
[1.043s] -- Up-to-date: /home/dmpasgal/Clothy/install/turtlebot3_fake_node/share/turtlebot3_fake_node/cmake/ament_cmake_export_dependencies-extras.cmake
[1.043s] -- Up-to-date: /home/dmpasgal/Clothy/install/turtlebot3_fake_node/share/turtlebot3_fake_node/cmake/turtlebot3_fake_nodeConfig.cmake
[1.043s] -- Up-to-date: /home/dmpasgal/Clothy/install/turtlebot3_fake_node/share/turtlebot3_fake_node/cmake/turtlebot3_fake_nodeConfig-version.cmake
[1.043s] -- Up-to-date: /home/dmpasgal/Clothy/install/turtlebot3_fake_node/share/turtlebot3_fake_node/package.xml
[1.053s] Invoked command in '/home/dmpasgal/Clothy/build/turtlebot3_fake_node' returned '0': CMAKE_PREFIX_PATH=${CMAKE_PREFIX_PATH}:/home/dmpasgal/Clothy/install/show_msg:/home/dmpasgal/Clothy/install/provide_map:/home/dmpasgal/Clothy/install/my_slam:/home/dmpasgal/turtlebot3_ws/install/show_msg:/home/dmpasgal/turtlebot3_ws/install/my_first_subscriber:/home/dmpasgal/turtlebot3_ws/install/my_first_publisher:/home/dmpasgal/turtlebot3_ws/install/my_first_node:/home/dmpasgal/turtlebot3_ws/src/install/show_msg:/opt/ros/galactic /usr/bin/cmake --install /home/dmpasgal/Clothy/build/turtlebot3_fake_node
