[1.343s] DEBUG:colcon:Command line arguments: ['/usr/bin/colcon', 'build', '--packages-select', 'my_world']
[1.343s] DEBUG:colcon:Parsed command line arguments: Namespace(allow_overriding=[], ament_cmake_args=None, base_paths=['.'], build_base='build', catkin_cmake_args=None, catkin_skip_building_tests=False, cmake_args=None, cmake_clean_cache=False, cmake_clean_first=False, cmake_force_configure=False, cmake_target=None, cmake_target_skip_unavailable=False, continue_on_error=False, event_handlers=None, executor='parallel', ignore_user_meta=False, install_base='install', log_base=None, log_level=None, main=<bound method BuildVerb.main of <colcon_core.verb.build.BuildVerb object at 0x7f32cdbcbd60>>, merge_install=False, metas=['./colcon.meta'], packages_above=None, packages_above_and_dependencies=None, packages_above_depth=None, packages_end=None, packages_ignore=None, packages_ignore_regex=None, packages_select=['my_world'], packages_select_build_failed=False, packages_select_by_dep=None, packages_select_regex=None, packages_select_test_failures=False, packages_skip=None, packages_skip_build_finished=False, packages_skip_by_dep=None, packages_skip_regex=None, packages_skip_test_passed=False, packages_skip_up_to=None, packages_start=None, packages_up_to=None, packages_up_to_regex=None, parallel_workers=2, paths=None, symlink_install=False, test_result_base=None, verb_extension=<colcon_core.verb.build.BuildVerb object at 0x7f32cdbcbd60>, verb_name='build', verb_parser=<colcon_defaults.argument_parser.defaults.DefaultArgumentsDecorator object at 0x7f32cd829640>)
[1.401s] Level 1:colcon.colcon_core.package_discovery:discover_packages(colcon_meta) check parameters
[1.401s] Level 1:colcon.colcon_core.package_discovery:discover_packages(recursive) check parameters
[1.401s] Level 1:colcon.colcon_core.package_discovery:discover_packages(ignore) check parameters
[1.401s] Level 1:colcon.colcon_core.package_discovery:discover_packages(path) check parameters
[1.401s] Level 1:colcon.colcon_core.package_discovery:discover_packages(colcon_meta) discover
[1.401s] Level 1:colcon.colcon_core.package_discovery:discover_packages(recursive) discover
[1.401s] INFO:colcon.colcon_core.package_discovery:Crawling recursively for packages in '/home/cmarrod3/turtlebot3_ws'
[1.401s] Level 1:colcon.colcon_core.package_identification:_identify(.) by extensions ['ignore', 'ignore_ament_install']
[1.401s] Level 1:colcon.colcon_core.package_identification:_identify(.) by extension 'ignore'
[1.401s] Level 1:colcon.colcon_core.package_identification:_identify(.) by extension 'ignore_ament_install'
[1.401s] Level 1:colcon.colcon_core.package_identification:_identify(.) by extensions ['colcon_pkg']
[1.401s] Level 1:colcon.colcon_core.package_identification:_identify(.) by extension 'colcon_pkg'
[1.401s] Level 1:colcon.colcon_core.package_identification:_identify(.) by extensions ['colcon_meta']
[1.401s] Level 1:colcon.colcon_core.package_identification:_identify(.) by extension 'colcon_meta'
[1.401s] Level 1:colcon.colcon_core.package_identification:_identify(.) by extensions ['ros']
[1.401s] Level 1:colcon.colcon_core.package_identification:_identify(.) by extension 'ros'
[1.408s] Level 1:colcon.colcon_core.package_identification:_identify(.) by extensions ['cmake', 'python']
[1.408s] Level 1:colcon.colcon_core.package_identification:_identify(.) by extension 'cmake'
[1.408s] Level 1:colcon.colcon_core.package_identification:_identify(.) by extension 'python'
[1.408s] Level 1:colcon.colcon_core.package_identification:_identify(.) by extensions ['python_setup_py']
[1.408s] Level 1:colcon.colcon_core.package_identification:_identify(.) by extension 'python_setup_py'
[1.408s] Level 1:colcon.colcon_core.package_identification:_identify(build) by extensions ['ignore', 'ignore_ament_install']
[1.408s] Level 1:colcon.colcon_core.package_identification:_identify(build) by extension 'ignore'
[1.408s] Level 1:colcon.colcon_core.package_identification:_identify(build) ignored
[1.408s] Level 1:colcon.colcon_core.package_identification:_identify(install) by extensions ['ignore', 'ignore_ament_install']
[1.408s] Level 1:colcon.colcon_core.package_identification:_identify(install) by extension 'ignore'
[1.408s] Level 1:colcon.colcon_core.package_identification:_identify(install) ignored
[1.408s] Level 1:colcon.colcon_core.package_identification:_identify(log) by extensions ['ignore', 'ignore_ament_install']
[1.408s] Level 1:colcon.colcon_core.package_identification:_identify(log) by extension 'ignore'
[1.408s] Level 1:colcon.colcon_core.package_identification:_identify(log) ignored
[1.408s] Level 1:colcon.colcon_core.package_identification:_identify(src) by extensions ['ignore', 'ignore_ament_install']
[1.408s] Level 1:colcon.colcon_core.package_identification:_identify(src) by extension 'ignore'
[1.408s] Level 1:colcon.colcon_core.package_identification:_identify(src) by extension 'ignore_ament_install'
[1.408s] Level 1:colcon.colcon_core.package_identification:_identify(src) by extensions ['colcon_pkg']
[1.409s] Level 1:colcon.colcon_core.package_identification:_identify(src) by extension 'colcon_pkg'
[1.409s] Level 1:colcon.colcon_core.package_identification:_identify(src) by extensions ['colcon_meta']
[1.409s] Level 1:colcon.colcon_core.package_identification:_identify(src) by extension 'colcon_meta'
[1.409s] Level 1:colcon.colcon_core.package_identification:_identify(src) by extensions ['ros']
[1.409s] Level 1:colcon.colcon_core.package_identification:_identify(src) by extension 'ros'
[1.409s] Level 1:colcon.colcon_core.package_identification:_identify(src) by extensions ['cmake', 'python']
[1.409s] Level 1:colcon.colcon_core.package_identification:_identify(src) by extension 'cmake'
[1.409s] Level 1:colcon.colcon_core.package_identification:_identify(src) by extension 'python'
[1.409s] Level 1:colcon.colcon_core.package_identification:_identify(src) by extensions ['python_setup_py']
[1.409s] Level 1:colcon.colcon_core.package_identification:_identify(src) by extension 'python_setup_py'
[1.409s] Level 1:colcon.colcon_core.package_identification:_identify(src/build) by extensions ['ignore', 'ignore_ament_install']
[1.409s] Level 1:colcon.colcon_core.package_identification:_identify(src/build) by extension 'ignore'
[1.409s] Level 1:colcon.colcon_core.package_identification:_identify(src/build) ignored
[1.409s] Level 1:colcon.colcon_core.package_identification:_identify(src/install) by extensions ['ignore', 'ignore_ament_install']
[1.409s] Level 1:colcon.colcon_core.package_identification:_identify(src/install) by extension 'ignore'
[1.409s] Level 1:colcon.colcon_core.package_identification:_identify(src/install) ignored
[1.409s] Level 1:colcon.colcon_core.package_identification:_identify(src/log) by extensions ['ignore', 'ignore_ament_install']
[1.409s] Level 1:colcon.colcon_core.package_identification:_identify(src/log) by extension 'ignore'
[1.409s] Level 1:colcon.colcon_core.package_identification:_identify(src/log) ignored
[1.409s] Level 1:colcon.colcon_core.package_identification:_identify(src/my_first_node) by extensions ['ignore', 'ignore_ament_install']
[1.409s] Level 1:colcon.colcon_core.package_identification:_identify(src/my_first_node) by extension 'ignore'
[1.409s] Level 1:colcon.colcon_core.package_identification:_identify(src/my_first_node) by extension 'ignore_ament_install'
[1.409s] Level 1:colcon.colcon_core.package_identification:_identify(src/my_first_node) by extensions ['colcon_pkg']
[1.409s] Level 1:colcon.colcon_core.package_identification:_identify(src/my_first_node) by extension 'colcon_pkg'
[1.409s] Level 1:colcon.colcon_core.package_identification:_identify(src/my_first_node) by extensions ['colcon_meta']
[1.409s] Level 1:colcon.colcon_core.package_identification:_identify(src/my_first_node) by extension 'colcon_meta'
[1.409s] Level 1:colcon.colcon_core.package_identification:_identify(src/my_first_node) by extensions ['ros']
[1.409s] Level 1:colcon.colcon_core.package_identification:_identify(src/my_first_node) by extension 'ros'
[1.411s] DEBUG:colcon.colcon_core.package_identification:Package 'src/my_first_node' with type 'ros.ament_python' and name 'my_first_node'
[1.411s] Level 1:colcon.colcon_core.package_identification:_identify(src/my_first_publisher) by extensions ['ignore', 'ignore_ament_install']
[1.411s] Level 1:colcon.colcon_core.package_identification:_identify(src/my_first_publisher) by extension 'ignore'
[1.411s] Level 1:colcon.colcon_core.package_identification:_identify(src/my_first_publisher) by extension 'ignore_ament_install'
[1.411s] Level 1:colcon.colcon_core.package_identification:_identify(src/my_first_publisher) by extensions ['colcon_pkg']
[1.411s] Level 1:colcon.colcon_core.package_identification:_identify(src/my_first_publisher) by extension 'colcon_pkg'
[1.411s] Level 1:colcon.colcon_core.package_identification:_identify(src/my_first_publisher) by extensions ['colcon_meta']
[1.411s] Level 1:colcon.colcon_core.package_identification:_identify(src/my_first_publisher) by extension 'colcon_meta'
[1.411s] Level 1:colcon.colcon_core.package_identification:_identify(src/my_first_publisher) by extensions ['ros']
[1.411s] Level 1:colcon.colcon_core.package_identification:_identify(src/my_first_publisher) by extension 'ros'
[1.411s] DEBUG:colcon.colcon_core.package_identification:Package 'src/my_first_publisher' with type 'ros.ament_python' and name 'my_first_publisher'
[1.411s] Level 1:colcon.colcon_core.package_identification:_identify(src/my_first_subscriber) by extensions ['ignore', 'ignore_ament_install']
[1.411s] Level 1:colcon.colcon_core.package_identification:_identify(src/my_first_subscriber) by extension 'ignore'
[1.411s] Level 1:colcon.colcon_core.package_identification:_identify(src/my_first_subscriber) by extension 'ignore_ament_install'
[1.412s] Level 1:colcon.colcon_core.package_identification:_identify(src/my_first_subscriber) by extensions ['colcon_pkg']
[1.412s] Level 1:colcon.colcon_core.package_identification:_identify(src/my_first_subscriber) by extension 'colcon_pkg'
[1.412s] Level 1:colcon.colcon_core.package_identification:_identify(src/my_first_subscriber) by extensions ['colcon_meta']
[1.412s] Level 1:colcon.colcon_core.package_identification:_identify(src/my_first_subscriber) by extension 'colcon_meta'
[1.412s] Level 1:colcon.colcon_core.package_identification:_identify(src/my_first_subscriber) by extensions ['ros']
[1.412s] Level 1:colcon.colcon_core.package_identification:_identify(src/my_first_subscriber) by extension 'ros'
[1.412s] DEBUG:colcon.colcon_core.package_identification:Package 'src/my_first_subscriber' with type 'ros.ament_python' and name 'my_first_subscriber'
[1.412s] Level 1:colcon.colcon_core.package_identification:_identify(src/my_world) by extensions ['ignore', 'ignore_ament_install']
[1.412s] Level 1:colcon.colcon_core.package_identification:_identify(src/my_world) by extension 'ignore'
[1.412s] Level 1:colcon.colcon_core.package_identification:_identify(src/my_world) by extension 'ignore_ament_install'
[1.412s] Level 1:colcon.colcon_core.package_identification:_identify(src/my_world) by extensions ['colcon_pkg']
[1.412s] Level 1:colcon.colcon_core.package_identification:_identify(src/my_world) by extension 'colcon_pkg'
[1.412s] Level 1:colcon.colcon_core.package_identification:_identify(src/my_world) by extensions ['colcon_meta']
[1.412s] Level 1:colcon.colcon_core.package_identification:_identify(src/my_world) by extension 'colcon_meta'
[1.412s] Level 1:colcon.colcon_core.package_identification:_identify(src/my_world) by extensions ['ros']
[1.412s] Level 1:colcon.colcon_core.package_identification:_identify(src/my_world) by extension 'ros'
[1.413s] DEBUG:colcon.colcon_core.package_identification:Package 'src/my_world' with type 'ros.ament_cmake' and name 'my_world'
[1.413s] Level 1:colcon.colcon_core.package_identification:_identify(src/turtlebot3_simulations) by extensions ['ignore', 'ignore_ament_install']
[1.413s] Level 1:colcon.colcon_core.package_identification:_identify(src/turtlebot3_simulations) by extension 'ignore'
[1.413s] Level 1:colcon.colcon_core.package_identification:_identify(src/turtlebot3_simulations) by extension 'ignore_ament_install'
[1.413s] Level 1:colcon.colcon_core.package_identification:_identify(src/turtlebot3_simulations) by extensions ['colcon_pkg']
[1.413s] Level 1:colcon.colcon_core.package_identification:_identify(src/turtlebot3_simulations) by extension 'colcon_pkg'
[1.413s] Level 1:colcon.colcon_core.package_identification:_identify(src/turtlebot3_simulations) by extensions ['colcon_meta']
[1.413s] Level 1:colcon.colcon_core.package_identification:_identify(src/turtlebot3_simulations) by extension 'colcon_meta'
[1.413s] Level 1:colcon.colcon_core.package_identification:_identify(src/turtlebot3_simulations) by extensions ['ros']
[1.413s] Level 1:colcon.colcon_core.package_identification:_identify(src/turtlebot3_simulations) by extension 'ros'
[1.413s] Level 1:colcon.colcon_core.package_identification:_identify(src/turtlebot3_simulations) by extensions ['cmake', 'python']
[1.413s] Level 1:colcon.colcon_core.package_identification:_identify(src/turtlebot3_simulations) by extension 'cmake'
[1.413s] Level 1:colcon.colcon_core.package_identification:_identify(src/turtlebot3_simulations) by extension 'python'
[1.413s] Level 1:colcon.colcon_core.package_identification:_identify(src/turtlebot3_simulations) by extensions ['python_setup_py']
[1.413s] Level 1:colcon.colcon_core.package_identification:_identify(src/turtlebot3_simulations) by extension 'python_setup_py'
[1.413s] Level 1:colcon.colcon_core.package_identification:_identify(src/turtlebot3_simulations/turtlebot3_fake_node) by extensions ['ignore', 'ignore_ament_install']
[1.413s] Level 1:colcon.colcon_core.package_identification:_identify(src/turtlebot3_simulations/turtlebot3_fake_node) by extension 'ignore'
[1.413s] Level 1:colcon.colcon_core.package_identification:_identify(src/turtlebot3_simulations/turtlebot3_fake_node) by extension 'ignore_ament_install'
[1.413s] Level 1:colcon.colcon_core.package_identification:_identify(src/turtlebot3_simulations/turtlebot3_fake_node) by extensions ['colcon_pkg']
[1.413s] Level 1:colcon.colcon_core.package_identification:_identify(src/turtlebot3_simulations/turtlebot3_fake_node) by extension 'colcon_pkg'
[1.413s] Level 1:colcon.colcon_core.package_identification:_identify(src/turtlebot3_simulations/turtlebot3_fake_node) by extensions ['colcon_meta']
[1.413s] Level 1:colcon.colcon_core.package_identification:_identify(src/turtlebot3_simulations/turtlebot3_fake_node) by extension 'colcon_meta'
[1.413s] Level 1:colcon.colcon_core.package_identification:_identify(src/turtlebot3_simulations/turtlebot3_fake_node) by extensions ['ros']
[1.413s] Level 1:colcon.colcon_core.package_identification:_identify(src/turtlebot3_simulations/turtlebot3_fake_node) by extension 'ros'
[1.414s] DEBUG:colcon.colcon_core.package_identification:Package 'src/turtlebot3_simulations/turtlebot3_fake_node' with type 'ros.ament_cmake' and name 'turtlebot3_fake_node'
[1.414s] Level 1:colcon.colcon_core.package_identification:_identify(src/turtlebot3_simulations/turtlebot3_gazebo) by extensions ['ignore', 'ignore_ament_install']
[1.414s] Level 1:colcon.colcon_core.package_identification:_identify(src/turtlebot3_simulations/turtlebot3_gazebo) by extension 'ignore'
[1.414s] Level 1:colcon.colcon_core.package_identification:_identify(src/turtlebot3_simulations/turtlebot3_gazebo) by extension 'ignore_ament_install'
[1.414s] Level 1:colcon.colcon_core.package_identification:_identify(src/turtlebot3_simulations/turtlebot3_gazebo) by extensions ['colcon_pkg']
[1.414s] Level 1:colcon.colcon_core.package_identification:_identify(src/turtlebot3_simulations/turtlebot3_gazebo) by extension 'colcon_pkg'
[1.414s] Level 1:colcon.colcon_core.package_identification:_identify(src/turtlebot3_simulations/turtlebot3_gazebo) by extensions ['colcon_meta']
[1.414s] Level 1:colcon.colcon_core.package_identification:_identify(src/turtlebot3_simulations/turtlebot3_gazebo) by extension 'colcon_meta'
[1.414s] Level 1:colcon.colcon_core.package_identification:_identify(src/turtlebot3_simulations/turtlebot3_gazebo) by extensions ['ros']
[1.414s] Level 1:colcon.colcon_core.package_identification:_identify(src/turtlebot3_simulations/turtlebot3_gazebo) by extension 'ros'
[1.415s] DEBUG:colcon.colcon_core.package_identification:Package 'src/turtlebot3_simulations/turtlebot3_gazebo' with type 'ros.ament_cmake' and name 'turtlebot3_gazebo'
[1.415s] Level 1:colcon.colcon_core.package_identification:_identify(src/turtlebot3_simulations/turtlebot3_simulations) by extensions ['ignore', 'ignore_ament_install']
[1.415s] Level 1:colcon.colcon_core.package_identification:_identify(src/turtlebot3_simulations/turtlebot3_simulations) by extension 'ignore'
[1.415s] Level 1:colcon.colcon_core.package_identification:_identify(src/turtlebot3_simulations/turtlebot3_simulations) by extension 'ignore_ament_install'
[1.415s] Level 1:colcon.colcon_core.package_identification:_identify(src/turtlebot3_simulations/turtlebot3_simulations) by extensions ['colcon_pkg']
[1.415s] Level 1:colcon.colcon_core.package_identification:_identify(src/turtlebot3_simulations/turtlebot3_simulations) by extension 'colcon_pkg'
[1.415s] Level 1:colcon.colcon_core.package_identification:_identify(src/turtlebot3_simulations/turtlebot3_simulations) by extensions ['colcon_meta']
[1.415s] Level 1:colcon.colcon_core.package_identification:_identify(src/turtlebot3_simulations/turtlebot3_simulations) by extension 'colcon_meta'
[1.415s] Level 1:colcon.colcon_core.package_identification:_identify(src/turtlebot3_simulations/turtlebot3_simulations) by extensions ['ros']
[1.415s] Level 1:colcon.colcon_core.package_identification:_identify(src/turtlebot3_simulations/turtlebot3_simulations) by extension 'ros'
[1.415s] DEBUG:colcon.colcon_core.package_identification:Package 'src/turtlebot3_simulations/turtlebot3_simulations' with type 'ros.ament_cmake' and name 'turtlebot3_simulations'
[1.415s] Level 1:colcon.colcon_core.package_discovery:discover_packages(recursive) using defaults
[1.415s] Level 1:colcon.colcon_core.package_discovery:discover_packages(ignore) discover
[1.415s] Level 1:colcon.colcon_core.package_discovery:discover_packages(ignore) using defaults
[1.415s] Level 1:colcon.colcon_core.package_discovery:discover_packages(path) discover
[1.415s] Level 1:colcon.colcon_core.package_discovery:discover_packages(path) using defaults
[1.503s] INFO:colcon.colcon_core.package_selection:Skipping not selected package 'my_first_node' in 'src/my_first_node'
[1.503s] INFO:colcon.colcon_core.package_selection:Skipping not selected package 'my_first_publisher' in 'src/my_first_publisher'
[1.503s] INFO:colcon.colcon_core.package_selection:Skipping not selected package 'my_first_subscriber' in 'src/my_first_subscriber'
[1.503s] INFO:colcon.colcon_core.package_selection:Skipping not selected package 'turtlebot3_fake_node' in 'src/turtlebot3_simulations/turtlebot3_fake_node'
[1.503s] INFO:colcon.colcon_core.package_selection:Skipping not selected package 'turtlebot3_gazebo' in 'src/turtlebot3_simulations/turtlebot3_gazebo'
[1.503s] INFO:colcon.colcon_core.package_selection:Skipping not selected package 'turtlebot3_simulations' in 'src/turtlebot3_simulations/turtlebot3_simulations'
[1.547s] Level 1:colcon.colcon_core.package_discovery:discover_packages(prefix_path) check parameters
[1.547s] Level 1:colcon.colcon_core.package_discovery:discover_packages(prefix_path) discover
[1.591s] DEBUG:colcon.colcon_installed_package_information.package_discovery:Found 6 installed packages in /home/cmarrod3/turtlebot3_ws/install
[1.612s] DEBUG:colcon.colcon_installed_package_information.package_discovery:Found 336 installed packages in /opt/ros/galactic
[1.613s] Level 1:colcon.colcon_core.package_discovery:discover_packages(prefix_path) using defaults
[1.724s] Level 5:colcon.colcon_core.verb:set package 'my_world' build argument 'cmake_args' from command line to 'None'
[1.724s] Level 5:colcon.colcon_core.verb:set package 'my_world' build argument 'cmake_target' from command line to 'None'
[1.724s] Level 5:colcon.colcon_core.verb:set package 'my_world' build argument 'cmake_target_skip_unavailable' from command line to 'False'
[1.724s] Level 5:colcon.colcon_core.verb:set package 'my_world' build argument 'cmake_clean_cache' from command line to 'False'
[1.724s] Level 5:colcon.colcon_core.verb:set package 'my_world' build argument 'cmake_clean_first' from command line to 'False'
[1.724s] Level 5:colcon.colcon_core.verb:set package 'my_world' build argument 'cmake_force_configure' from command line to 'False'
[1.724s] Level 5:colcon.colcon_core.verb:set package 'my_world' build argument 'ament_cmake_args' from command line to 'None'
[1.724s] Level 5:colcon.colcon_core.verb:set package 'my_world' build argument 'catkin_cmake_args' from command line to 'None'
[1.724s] Level 5:colcon.colcon_core.verb:set package 'my_world' build argument 'catkin_skip_building_tests' from command line to 'False'
[1.724s] DEBUG:colcon.colcon_core.verb:Building package 'my_world' with the following arguments: {'ament_cmake_args': None, 'build_base': '/home/cmarrod3/turtlebot3_ws/build/my_world', 'catkin_cmake_args': None, 'catkin_skip_building_tests': False, 'cmake_args': None, 'cmake_clean_cache': False, 'cmake_clean_first': False, 'cmake_force_configure': False, 'cmake_target': None, 'cmake_target_skip_unavailable': False, 'install_base': '/home/cmarrod3/turtlebot3_ws/install/my_world', 'merge_install': False, 'path': '/home/cmarrod3/turtlebot3_ws/src/my_world', 'symlink_install': False, 'test_result_base': None}
[1.747s] INFO:colcon.colcon_core.executor:Executing jobs using 'parallel' executor
[1.768s] DEBUG:colcon.colcon_parallel_executor.executor.parallel:run_until_complete
[1.768s] INFO:colcon.colcon_ros.task.ament_cmake.build:Building ROS package in '/home/cmarrod3/turtlebot3_ws/src/my_world' with build type 'ament_cmake'
[1.769s] INFO:colcon.colcon_cmake.task.cmake.build:Building CMake package in '/home/cmarrod3/turtlebot3_ws/src/my_world'
[1.793s] INFO:colcon.colcon_core.plugin_system:Skipping extension 'colcon_core.shell.bat': Not used on non-Windows systems
[1.793s] INFO:colcon.colcon_core.shell:Skip shell extension 'powershell' for command environment: Not usable outside of PowerShell
[1.793s] DEBUG:colcon.colcon_core.shell:Skip shell extension 'dsv' for command environment
[1.891s] DEBUG:colcon.colcon_core.event_handler.log_command:Invoking command in '/home/cmarrod3/turtlebot3_ws/build/my_world': CMAKE_PREFIX_PATH=/home/cmarrod3/turtlebot3_ws/install/turtlebot3_gazebo:/home/cmarrod3/turtlebot3_ws/install/turtlebot3_simulations:/home/cmarrod3/turtlebot3_ws/install/turtlebot3_fake_node:/home/cmarrod3/turtlebot3_ws/install/my_first_subscriber:/home/cmarrod3/turtlebot3_ws/install/my_first_publisher:/home/cmarrod3/turtlebot3_ws/install/my_first_node:/opt/ros/galactic /usr/bin/cmake --build /home/cmarrod3/turtlebot3_ws/build/my_world -- -j2 -l2
[1.955s] DEBUG:colcon.colcon_core.event_handler.log_command:Invoked command in '/home/cmarrod3/turtlebot3_ws/build/my_world' returned '0': CMAKE_PREFIX_PATH=/home/cmarrod3/turtlebot3_ws/install/turtlebot3_gazebo:/home/cmarrod3/turtlebot3_ws/install/turtlebot3_simulations:/home/cmarrod3/turtlebot3_ws/install/turtlebot3_fake_node:/home/cmarrod3/turtlebot3_ws/install/my_first_subscriber:/home/cmarrod3/turtlebot3_ws/install/my_first_publisher:/home/cmarrod3/turtlebot3_ws/install/my_first_node:/opt/ros/galactic /usr/bin/cmake --build /home/cmarrod3/turtlebot3_ws/build/my_world -- -j2 -l2
[1.984s] DEBUG:colcon.colcon_core.event_handler.log_command:Invoking command in '/home/cmarrod3/turtlebot3_ws/build/my_world': CMAKE_PREFIX_PATH=/home/cmarrod3/turtlebot3_ws/install/turtlebot3_gazebo:/home/cmarrod3/turtlebot3_ws/install/turtlebot3_simulations:/home/cmarrod3/turtlebot3_ws/install/turtlebot3_fake_node:/home/cmarrod3/turtlebot3_ws/install/my_first_subscriber:/home/cmarrod3/turtlebot3_ws/install/my_first_publisher:/home/cmarrod3/turtlebot3_ws/install/my_first_node:/opt/ros/galactic /usr/bin/cmake --install /home/cmarrod3/turtlebot3_ws/build/my_world
[2.143s] Level 1:colcon.colcon_core.environment:create_environment_scripts_only(my_world)
[2.144s] DEBUG:colcon.colcon_core.event_handler.log_command:Invoked command in '/home/cmarrod3/turtlebot3_ws/build/my_world' returned '0': CMAKE_PREFIX_PATH=/home/cmarrod3/turtlebot3_ws/install/turtlebot3_gazebo:/home/cmarrod3/turtlebot3_ws/install/turtlebot3_simulations:/home/cmarrod3/turtlebot3_ws/install/turtlebot3_fake_node:/home/cmarrod3/turtlebot3_ws/install/my_first_subscriber:/home/cmarrod3/turtlebot3_ws/install/my_first_publisher:/home/cmarrod3/turtlebot3_ws/install/my_first_node:/opt/ros/galactic /usr/bin/cmake --install /home/cmarrod3/turtlebot3_ws/build/my_world
[2.181s] Level 1:colcon.colcon_core.environment:checking '/home/cmarrod3/turtlebot3_ws/install/my_world' for CMake module files
[2.181s] Level 1:colcon.colcon_core.environment:checking '/home/cmarrod3/turtlebot3_ws/install/my_world' for CMake config files
[2.182s] Level 1:colcon.colcon_core.shell:create_environment_hook('my_world', 'cmake_prefix_path')
[2.214s] INFO:colcon.colcon_core.shell:Creating environment hook '/home/cmarrod3/turtlebot3_ws/install/my_world/share/my_world/hook/cmake_prefix_path.ps1'
[2.214s] INFO:colcon.colcon_core.shell:Creating environment descriptor '/home/cmarrod3/turtlebot3_ws/install/my_world/share/my_world/hook/cmake_prefix_path.dsv'
[2.215s] INFO:colcon.colcon_core.shell:Creating environment hook '/home/cmarrod3/turtlebot3_ws/install/my_world/share/my_world/hook/cmake_prefix_path.sh'
[2.215s] Level 1:colcon.colcon_core.environment:checking '/home/cmarrod3/turtlebot3_ws/install/my_world/lib'
[2.216s] Level 1:colcon.colcon_core.environment:checking '/home/cmarrod3/turtlebot3_ws/install/my_world/bin'
[2.216s] Level 1:colcon.colcon_core.environment:checking '/home/cmarrod3/turtlebot3_ws/install/my_world/lib/pkgconfig/my_world.pc'
[2.216s] Level 1:colcon.colcon_core.environment:checking '/home/cmarrod3/turtlebot3_ws/install/my_world/lib/python3.8/site-packages'
[2.216s] Level 1:colcon.colcon_core.environment:checking '/home/cmarrod3/turtlebot3_ws/install/my_world/bin'
[2.244s] INFO:colcon.colcon_core.shell:Creating package script '/home/cmarrod3/turtlebot3_ws/install/my_world/share/my_world/package.ps1'
[2.245s] INFO:colcon.colcon_core.shell:Creating package descriptor '/home/cmarrod3/turtlebot3_ws/install/my_world/share/my_world/package.dsv'
[2.245s] INFO:colcon.colcon_core.shell:Creating package script '/home/cmarrod3/turtlebot3_ws/install/my_world/share/my_world/package.sh'
[2.246s] INFO:colcon.colcon_core.shell:Creating package script '/home/cmarrod3/turtlebot3_ws/install/my_world/share/my_world/package.bash'
[2.246s] INFO:colcon.colcon_core.shell:Creating package script '/home/cmarrod3/turtlebot3_ws/install/my_world/share/my_world/package.zsh'
[2.246s] Level 1:colcon.colcon_core.environment:create_file_with_runtime_dependencies(/home/cmarrod3/turtlebot3_ws/install/my_world/share/colcon-core/packages/my_world)
[2.306s] Level 1:colcon.colcon_core.environment:create_environment_scripts_only(my_world)
[2.334s] Level 1:colcon.colcon_core.environment:checking '/home/cmarrod3/turtlebot3_ws/install/my_world' for CMake module files
[2.335s] Level 1:colcon.colcon_core.environment:checking '/home/cmarrod3/turtlebot3_ws/install/my_world' for CMake config files
[2.335s] Level 1:colcon.colcon_core.shell:create_environment_hook('my_world', 'cmake_prefix_path')
[2.356s] INFO:colcon.colcon_core.shell:Creating environment hook '/home/cmarrod3/turtlebot3_ws/install/my_world/share/my_world/hook/cmake_prefix_path.ps1'
[2.357s] INFO:colcon.colcon_core.shell:Creating environment descriptor '/home/cmarrod3/turtlebot3_ws/install/my_world/share/my_world/hook/cmake_prefix_path.dsv'
[2.357s] INFO:colcon.colcon_core.shell:Creating environment hook '/home/cmarrod3/turtlebot3_ws/install/my_world/share/my_world/hook/cmake_prefix_path.sh'
[2.357s] Level 1:colcon.colcon_core.environment:checking '/home/cmarrod3/turtlebot3_ws/install/my_world/lib'
[2.358s] Level 1:colcon.colcon_core.environment:checking '/home/cmarrod3/turtlebot3_ws/install/my_world/bin'
[2.358s] Level 1:colcon.colcon_core.environment:checking '/home/cmarrod3/turtlebot3_ws/install/my_world/lib/pkgconfig/my_world.pc'
[2.358s] Level 1:colcon.colcon_core.environment:checking '/home/cmarrod3/turtlebot3_ws/install/my_world/lib/python3.8/site-packages'
[2.358s] Level 1:colcon.colcon_core.environment:checking '/home/cmarrod3/turtlebot3_ws/install/my_world/bin'
[2.384s] INFO:colcon.colcon_core.shell:Creating package script '/home/cmarrod3/turtlebot3_ws/install/my_world/share/my_world/package.ps1'
[2.385s] INFO:colcon.colcon_core.shell:Creating package descriptor '/home/cmarrod3/turtlebot3_ws/install/my_world/share/my_world/package.dsv'
[2.386s] INFO:colcon.colcon_core.shell:Creating package script '/home/cmarrod3/turtlebot3_ws/install/my_world/share/my_world/package.sh'
[2.386s] INFO:colcon.colcon_core.shell:Creating package script '/home/cmarrod3/turtlebot3_ws/install/my_world/share/my_world/package.bash'
[2.386s] INFO:colcon.colcon_core.shell:Creating package script '/home/cmarrod3/turtlebot3_ws/install/my_world/share/my_world/package.zsh'
[2.387s] Level 1:colcon.colcon_core.environment:create_file_with_runtime_dependencies(/home/cmarrod3/turtlebot3_ws/install/my_world/share/colcon-core/packages/my_world)
[2.387s] DEBUG:colcon.colcon_parallel_executor.executor.parallel:closing loop
[2.387s] DEBUG:colcon.colcon_parallel_executor.executor.parallel:loop closed
[2.387s] DEBUG:colcon.colcon_parallel_executor.executor.parallel:run_until_complete finished with '0'
[2.387s] DEBUG:colcon.colcon_core.event_reactor:joining thread
[2.424s] INFO:colcon.colcon_core.plugin_system:Skipping extension 'colcon_notification.desktop_notification.terminal_notifier': Not used on non-Darwin systems
[2.425s] INFO:colcon.colcon_core.plugin_system:Skipping extension 'colcon_notification.desktop_notification.win32': Not used on non-Windows systems
[2.425s] INFO:colcon.colcon_notification.desktop_notification:Sending desktop notification using 'notify2'
[2.435s] DEBUG:colcon.colcon_core.event_reactor:joined thread
[2.469s] INFO:colcon.colcon_core.shell:Creating prefix script '/home/cmarrod3/turtlebot3_ws/install/local_setup.ps1'
[2.471s] INFO:colcon.colcon_core.shell:Creating prefix util module '/home/cmarrod3/turtlebot3_ws/install/_local_setup_util_ps1.py'
[2.472s] INFO:colcon.colcon_core.shell:Creating prefix chain script '/home/cmarrod3/turtlebot3_ws/install/setup.ps1'
[2.495s] INFO:colcon.colcon_core.shell:Creating prefix script '/home/cmarrod3/turtlebot3_ws/install/local_setup.sh'
[2.495s] INFO:colcon.colcon_core.shell:Creating prefix util module '/home/cmarrod3/turtlebot3_ws/install/_local_setup_util_sh.py'
[2.496s] INFO:colcon.colcon_core.shell:Creating prefix chain script '/home/cmarrod3/turtlebot3_ws/install/setup.sh'
[2.526s] INFO:colcon.colcon_core.shell:Creating prefix script '/home/cmarrod3/turtlebot3_ws/install/local_setup.bash'
[2.526s] INFO:colcon.colcon_core.shell:Creating prefix chain script '/home/cmarrod3/turtlebot3_ws/install/setup.bash'
[2.554s] INFO:colcon.colcon_core.shell:Creating prefix script '/home/cmarrod3/turtlebot3_ws/install/local_setup.zsh'
[2.554s] INFO:colcon.colcon_core.shell:Creating prefix chain script '/home/cmarrod3/turtlebot3_ws/install/setup.zsh'
