[0.938s] Invoking command in '/home/dmpasgal/Clothy/ROS/turtlebot3_ws/src/provide_map': PYTHONPATH=/home/dmpasgal/Clothy/build/provide_map/prefix_override:/home/dmpasgal/Clothy/install/provide_map/lib/python3.8/site-packages:${PYTHONPATH} /usr/bin/python3 setup.py egg_info --egg-base ../../../../build/provide_map build --build-base /home/dmpasgal/Clothy/build/provide_map/build install --record /home/dmpasgal/Clothy/build/provide_map/install.log --single-version-externally-managed
[1.074s] running egg_info
[1.075s] creating ../../../../build/provide_map/provide_map.egg-info
[1.075s] writing ../../../../build/provide_map/provide_map.egg-info/PKG-INFO
[1.075s] writing dependency_links to ../../../../build/provide_map/provide_map.egg-info/dependency_links.txt
[1.075s] writing entry points to ../../../../build/provide_map/provide_map.egg-info/entry_points.txt
[1.075s] writing requirements to ../../../../build/provide_map/provide_map.egg-info/requires.txt
[1.075s] writing top-level names to ../../../../build/provide_map/provide_map.egg-info/top_level.txt
[1.076s] writing manifest file '../../../../build/provide_map/provide_map.egg-info/SOURCES.txt'
[1.098s] reading manifest file '../../../../build/provide_map/provide_map.egg-info/SOURCES.txt'
[1.099s] writing manifest file '../../../../build/provide_map/provide_map.egg-info/SOURCES.txt'
[1.099s] running build
[1.099s] running build_py
[1.099s] creating /home/dmpasgal/Clothy/build/provide_map/build
[1.099s] creating /home/dmpasgal/Clothy/build/provide_map/build/lib
[1.099s] creating /home/dmpasgal/Clothy/build/provide_map/build/lib/provide_map
[1.099s] copying provide_map/__init__.py -> /home/dmpasgal/Clothy/build/provide_map/build/lib/provide_map
[1.099s] running install
[1.099s] running install_lib
[1.100s] creating /home/dmpasgal/Clothy/install/provide_map/lib/python3.8/site-packages/provide_map
[1.100s] copying /home/dmpasgal/Clothy/build/provide_map/build/lib/provide_map/__init__.py -> /home/dmpasgal/Clothy/install/provide_map/lib/python3.8/site-packages/provide_map
[1.100s] byte-compiling /home/dmpasgal/Clothy/install/provide_map/lib/python3.8/site-packages/provide_map/__init__.py to __init__.cpython-38.pyc
[1.102s] running install_data
[1.102s] creating /home/dmpasgal/Clothy/install/provide_map/share/ament_index
[1.103s] creating /home/dmpasgal/Clothy/install/provide_map/share/ament_index/resource_index
[1.103s] creating /home/dmpasgal/Clothy/install/provide_map/share/ament_index/resource_index/packages
[1.103s] copying resource/provide_map -> /home/dmpasgal/Clothy/install/provide_map/share/ament_index/resource_index/packages
[1.103s] copying package.xml -> /home/dmpasgal/Clothy/install/provide_map/share/provide_map
[1.103s] creating /home/dmpasgal/Clothy/install/provide_map/share/provide_map/map
[1.103s] copying map/my_map.pgm -> /home/dmpasgal/Clothy/install/provide_map/share/provide_map/map
[1.103s] copying map/my_map.yaml -> /home/dmpasgal/Clothy/install/provide_map/share/provide_map/map
[1.104s] creating /home/dmpasgal/Clothy/install/provide_map/share/provide_map/rviz
[1.104s] copying rviz/my_slam_rviz.rviz -> /home/dmpasgal/Clothy/install/provide_map/share/provide_map/rviz
[1.104s] creating /home/dmpasgal/Clothy/install/provide_map/share/provide_map/launch
[1.104s] copying launch/provide_map.launch.py -> /home/dmpasgal/Clothy/install/provide_map/share/provide_map/launch
[1.105s] running install_egg_info
[1.106s] Copying ../../../../build/provide_map/provide_map.egg-info to /home/dmpasgal/Clothy/install/provide_map/lib/python3.8/site-packages/provide_map-0.0.0-py3.8.egg-info
[1.107s] running install_scripts
[1.119s] writing list of installed files to '/home/dmpasgal/Clothy/build/provide_map/install.log'
[1.138s] Invoked command in '/home/dmpasgal/Clothy/ROS/turtlebot3_ws/src/provide_map' returned '0': PYTHONPATH=/home/dmpasgal/Clothy/build/provide_map/prefix_override:/home/dmpasgal/Clothy/install/provide_map/lib/python3.8/site-packages:${PYTHONPATH} /usr/bin/python3 setup.py egg_info --egg-base ../../../../build/provide_map build --build-base /home/dmpasgal/Clothy/build/provide_map/build install --record /home/dmpasgal/Clothy/build/provide_map/install.log --single-version-externally-managed
