[2.074s] Invoking command in '/home/dmpasgal/Clothy/ROS/turtlebot3_ws/src/my_slam': PYTHONPATH=/home/dmpasgal/Clothy/ROS/turtlebot3_ws/src/build/my_slam/prefix_override:/home/dmpasgal/Clothy/ROS/turtlebot3_ws/src/install/my_slam/lib/python3.8/site-packages:${PYTHONPATH} /usr/bin/python3 setup.py egg_info --egg-base ../build/my_slam build --build-base /home/dmpasgal/Clothy/ROS/turtlebot3_ws/src/build/my_slam/build install --record /home/dmpasgal/Clothy/ROS/turtlebot3_ws/src/build/my_slam/install.log --single-version-externally-managed
[2.646s] running egg_info
[2.646s] writing ../build/my_slam/my_slam.egg-info/PKG-INFO
[2.646s] writing dependency_links to ../build/my_slam/my_slam.egg-info/dependency_links.txt
[2.646s] writing entry points to ../build/my_slam/my_slam.egg-info/entry_points.txt
[2.646s] writing requirements to ../build/my_slam/my_slam.egg-info/requires.txt
[2.646s] writing top-level names to ../build/my_slam/my_slam.egg-info/top_level.txt
[2.721s] reading manifest file '../build/my_slam/my_slam.egg-info/SOURCES.txt'
[2.736s] writing manifest file '../build/my_slam/my_slam.egg-info/SOURCES.txt'
[2.736s] running build
[2.746s] running build_py
[2.747s] running install
[2.747s] running install_lib
[2.756s] running install_data
[2.757s] running install_egg_info
[2.816s] removing '/home/dmpasgal/Clothy/ROS/turtlebot3_ws/src/install/my_slam/lib/python3.8/site-packages/my_slam-0.0.0-py3.8.egg-info' (and everything under it)
[2.818s] Copying ../build/my_slam/my_slam.egg-info to /home/dmpasgal/Clothy/ROS/turtlebot3_ws/src/install/my_slam/lib/python3.8/site-packages/my_slam-0.0.0-py3.8.egg-info
[2.821s] running install_scripts
[2.884s] writing list of installed files to '/home/dmpasgal/Clothy/ROS/turtlebot3_ws/src/build/my_slam/install.log'
[3.208s] Invoked command in '/home/dmpasgal/Clothy/ROS/turtlebot3_ws/src/my_slam' returned '0': PYTHONPATH=/home/dmpasgal/Clothy/ROS/turtlebot3_ws/src/build/my_slam/prefix_override:/home/dmpasgal/Clothy/ROS/turtlebot3_ws/src/install/my_slam/lib/python3.8/site-packages:${PYTHONPATH} /usr/bin/python3 setup.py egg_info --egg-base ../build/my_slam build --build-base /home/dmpasgal/Clothy/ROS/turtlebot3_ws/src/build/my_slam/build install --record /home/dmpasgal/Clothy/ROS/turtlebot3_ws/src/build/my_slam/install.log --single-version-externally-managed
