[0.711s] Invoking command in '/home/dmpasgal/Clothy/ROS/turtlebot3_ws/src/build/turtlebot3_gazebo': CMAKE_PREFIX_PATH=${CMAKE_PREFIX_PATH}:/home/dmpasgal/turtlebot3_ws/install/show_msg:/home/dmpasgal/turtlebot3_ws/install/my_first_subscriber:/home/dmpasgal/turtlebot3_ws/install/my_first_publisher:/home/dmpasgal/turtlebot3_ws/install/my_first_node:/home/dmpasgal/turtlebot3_ws/src/install/show_msg:/opt/ros/galactic /usr/bin/cmake /home/dmpasgal/Clothy/ROS/turtlebot3_ws/src/turtlebot3_simulations/turtlebot3_gazebo -DCMAKE_INSTALL_PREFIX=/home/dmpasgal/Clothy/ROS/turtlebot3_ws/src/install/turtlebot3_gazebo
[1.121s] -- The C compiler identification is GNU 9.4.0
[1.347s] -- The CXX compiler identification is GNU 9.4.0
[1.361s] -- Check for working C compiler: /usr/bin/cc
[1.466s] -- Check for working C compiler: /usr/bin/cc -- works
[1.466s] -- Detecting C compiler ABI info
[1.527s] -- Detecting C compiler ABI info - done
[1.535s] -- Detecting C compile features
[1.535s] -- Detecting C compile features - done
[1.537s] -- Check for working CXX compiler: /usr/bin/c++
[1.617s] -- Check for working CXX compiler: /usr/bin/c++ -- works
[1.618s] -- Detecting CXX compiler ABI info
[1.709s] -- Detecting CXX compiler ABI info - done
[1.719s] -- Detecting CXX compile features
[1.720s] -- Detecting CXX compile features - done
[1.759s] -- Found ament_cmake: 1.1.6 (/opt/ros/galactic/share/ament_cmake/cmake)
[1.795s] -- Found PythonInterp: /usr/bin/python3 (found suitable version "3.8.10", minimum required is "3") 
[1.795s] -- Using PYTHON_EXECUTABLE: /usr/bin/python3
[1.935s] -- Found PkgConfig: /usr/bin/pkg-config (found version "0.29.1") 
[1.943s] -- Checking for module 'bullet>=2.82'
[2.023s] --   Found bullet, version 2.88
[2.228s] -- Found ccd: /usr/include (found suitable version "2.0", minimum required is "2.0") 
[2.308s] -- Found fcl: /usr/include (found suitable version "0.5.0", minimum required is "0.3.2") 
[2.375s] -- Found assimp: /usr/include (found version "5.0.0") 
[2.443s] -- Found DART: /usr/include (Required is at least version "6.6") found components: dart 
[2.783s] -- Found Boost: /usr/lib/x86_64-linux-gnu/cmake/Boost-1.71.0/BoostConfig.cmake (found suitable version "1.71.0", minimum required is "1.40.0") found components: thread system filesystem program_options regex iostreams date_time 
[2.844s] -- Found Protobuf: /usr/lib/x86_64-linux-gnu/libprotobuf.so;-lpthread (found version "3.6.1") 
[2.850s] -- Looking for ignition-math6 -- found version 6.15.1
[2.866s] -- Searching for dependencies of ignition-math6
[2.871s] -- Looking for OGRE...
[2.871s] -- OGRE_PREFIX_WATCH changed.
[2.878s] -- Checking for module 'OGRE'
[2.927s] --   Found OGRE, version 1.9.0
[2.975s] -- Found Ogre Ghadamon (1.9.0)
[2.986s] -- Found OGRE: optimized;/usr/lib/x86_64-linux-gnu/libOgreMain.so;debug;/usr/lib/x86_64-linux-gnu/libOgreMain.so
[2.994s] -- Looking for OGRE_Paging...
[3.001s] -- Found OGRE_Paging: optimized;/usr/lib/x86_64-linux-gnu/libOgrePaging.so;debug;/usr/lib/x86_64-linux-gnu/libOgrePaging.so
[3.001s] -- Looking for OGRE_Terrain...
[3.006s] -- Found OGRE_Terrain: optimized;/usr/lib/x86_64-linux-gnu/libOgreTerrain.so;debug;/usr/lib/x86_64-linux-gnu/libOgreTerrain.so
[3.006s] -- Looking for OGRE_Property...
[3.012s] -- Found OGRE_Property: optimized;/usr/lib/x86_64-linux-gnu/libOgreProperty.so;debug;/usr/lib/x86_64-linux-gnu/libOgreProperty.so
[3.012s] -- Looking for OGRE_RTShaderSystem...
[3.017s] -- Found OGRE_RTShaderSystem: optimized;/usr/lib/x86_64-linux-gnu/libOgreRTShaderSystem.so;debug;/usr/lib/x86_64-linux-gnu/libOgreRTShaderSystem.so
[3.017s] -- Looking for OGRE_Volume...
[3.022s] -- Found OGRE_Volume: optimized;/usr/lib/x86_64-linux-gnu/libOgreVolume.so;debug;/usr/lib/x86_64-linux-gnu/libOgreVolume.so
[3.023s] -- Looking for OGRE_Overlay...
[3.027s] -- Found OGRE_Overlay: optimized;/usr/lib/x86_64-linux-gnu/libOgreOverlay.so;debug;/usr/lib/x86_64-linux-gnu/libOgreOverlay.so
[3.134s] -- Looking for ignition-math6 -- found version 6.15.1
[3.139s] -- Looking for ignition-transport8 -- found version 8.3.0
[3.140s] -- Searching for dependencies of ignition-transport8
[3.162s] -- Found Protobuf: /usr/lib/x86_64-linux-gnu/libprotobuf.so;-lpthread (found suitable version "3.6.1", minimum required is "3") 
[3.171s] -- Config-file not installed for ZeroMQ -- checking for pkg-config
[3.177s] -- Checking for module 'libzmq >= 4'
[3.218s] --   Found libzmq , version 4.3.2
[3.268s] -- Found ZeroMQ: TRUE (Required is at least version "4") 
[3.278s] -- Checking for module 'uuid'
[3.291s] --   Found uuid, version 2.34.0
[3.340s] -- Found UUID: TRUE  
[3.367s] -- Looking for ignition-msgs5 -- found version 5.10.0
[3.367s] -- Searching for dependencies of ignition-msgs5
[3.376s] -- Looking for ignition-math6 -- found version 6.15.1
[3.387s] -- Checking for module 'tinyxml2'
[3.394s] --   Found tinyxml2, version 6.2.0
[3.456s] -- Looking for ignition-msgs5 -- found version 5.10.0
[3.459s] -- Looking for ignition-common3 -- found version 3.14.2
[3.459s] -- Searching for dependencies of ignition-common3
[3.460s] -- Looking for dlfcn.h - found
[3.462s] -- Looking for libdl - found
[3.464s] -- Found DL: TRUE  
[3.472s] -- Searching for <ignition-common3> component [graphics]
[3.476s] -- Looking for ignition-common3-graphics -- found version 3.14.2
[3.477s] -- Searching for dependencies of ignition-common3-graphics
[3.477s] -- Looking for ignition-math6 -- found version 6.15.1
[3.482s] -- Looking for ignition-fuel_tools4 -- found version 4.6.0
[3.482s] -- Searching for dependencies of ignition-fuel_tools4
[3.581s] -- Found CURL: /usr/lib/x86_64-linux-gnu/libcurl.so (found version "7.68.0")  
[3.594s] -- Checking for module 'jsoncpp'
[3.616s] --   Found jsoncpp, version 1.7.4
[3.673s] -- Found JSONCPP: TRUE  
[3.680s] -- Checking for module 'libzip'
[3.699s] --   Found libzip, version 1.5.1
[3.754s] -- Found ZIP: TRUE  
[3.754s] -- Looking for ignition-common3 -- found version 3.14.2
[3.754s] -- Looking for ignition-math6 -- found version 6.15.1
[3.754s] -- Looking for ignition-msgs5 -- found version 5.10.0
[3.756s] -- Found gazebo_ros_pkgs: 3.5.2 (/opt/ros/galactic/share/gazebo_ros_pkgs/cmake)
[3.758s] -- Found geometry_msgs: 2.2.4 (/opt/ros/galactic/share/geometry_msgs/cmake)
[3.781s] -- Using all available rosidl_typesupport_c: rosidl_typesupport_fastrtps_c;rosidl_typesupport_introspection_c
[3.787s] -- Found rosidl_adapter: 2.2.3 (/opt/ros/galactic/share/rosidl_adapter/cmake)
[3.887s] -- Found OpenSSL: /usr/lib/x86_64-linux-gnu/libcrypto.so (found version "1.1.1f")  
[3.914s] -- Found FastRTPS: /opt/ros/galactic/include  
[3.988s] -- Using all available rosidl_typesupport_cpp: rosidl_typesupport_fastrtps_cpp;rosidl_typesupport_introspection_cpp
[4.062s] -- Found nav_msgs: 2.2.4 (/opt/ros/galactic/share/nav_msgs/cmake)
[4.206s] -- Found rclcpp: 9.2.2 (/opt/ros/galactic/share/rclcpp/cmake)
[4.275s] -- Found rmw_implementation_cmake: 3.3.1 (/opt/ros/galactic/share/rmw_implementation_cmake/cmake)
[4.291s] -- Found rmw_cyclonedds_cpp: 0.22.6 (/opt/ros/galactic/share/rmw_cyclonedds_cpp/cmake)
[4.337s] -- Using RMW implementation 'rmw_cyclonedds_cpp' as default
[4.340s] -- Found Threads: TRUE  
[4.509s] -- Found sensor_msgs: 2.2.4 (/opt/ros/galactic/share/sensor_msgs/cmake)
[4.576s] -- Found tf2: 0.17.5 (/opt/ros/galactic/share/tf2/cmake)
[4.657s] -- Configuring done
[4.745s] -- Generating done
[4.786s] -- Build files have been written to: /home/dmpasgal/Clothy/ROS/turtlebot3_ws/src/build/turtlebot3_gazebo
[4.800s] Invoked command in '/home/dmpasgal/Clothy/ROS/turtlebot3_ws/src/build/turtlebot3_gazebo' returned '0': CMAKE_PREFIX_PATH=${CMAKE_PREFIX_PATH}:/home/dmpasgal/turtlebot3_ws/install/show_msg:/home/dmpasgal/turtlebot3_ws/install/my_first_subscriber:/home/dmpasgal/turtlebot3_ws/install/my_first_publisher:/home/dmpasgal/turtlebot3_ws/install/my_first_node:/home/dmpasgal/turtlebot3_ws/src/install/show_msg:/opt/ros/galactic /usr/bin/cmake /home/dmpasgal/Clothy/ROS/turtlebot3_ws/src/turtlebot3_simulations/turtlebot3_gazebo -DCMAKE_INSTALL_PREFIX=/home/dmpasgal/Clothy/ROS/turtlebot3_ws/src/install/turtlebot3_gazebo
[4.803s] Invoking command in '/home/dmpasgal/Clothy/ROS/turtlebot3_ws/src/build/turtlebot3_gazebo': CMAKE_PREFIX_PATH=${CMAKE_PREFIX_PATH}:/home/dmpasgal/turtlebot3_ws/install/show_msg:/home/dmpasgal/turtlebot3_ws/install/my_first_subscriber:/home/dmpasgal/turtlebot3_ws/install/my_first_publisher:/home/dmpasgal/turtlebot3_ws/install/my_first_node:/home/dmpasgal/turtlebot3_ws/src/install/show_msg:/opt/ros/galactic /usr/bin/cmake --build /home/dmpasgal/Clothy/ROS/turtlebot3_ws/src/build/turtlebot3_gazebo -- -j4 -l4
[4.906s] [35m[1mScanning dependencies of target obstacles[0m
[4.958s] [35m[1mScanning dependencies of target turtlebot3_drive[0m
[5.012s] [35m[1mScanning dependencies of target obstacle2[0m
[5.027s] [35m[1mScanning dependencies of target obstacle1[0m
[5.136s] [ 12%] [32mBuilding CXX object CMakeFiles/turtlebot3_drive.dir/src/turtlebot3_drive.cpp.o[0m
[5.423s] [ 25%] [32mBuilding CXX object CMakeFiles/obstacles.dir/models/turtlebot3_dqn_world/obstacle_plugin/obstacles.cc.o[0m
[5.434s] [ 37%] [32mBuilding CXX object CMakeFiles/obstacle2.dir/models/turtlebot3_dqn_world/obstacle_plugin/obstacle2.cc.o[0m
[5.450s] [ 50%] [32mBuilding CXX object CMakeFiles/obstacle1.dir/models/turtlebot3_dqn_world/obstacle_plugin/obstacle1.cc.o[0m
